======================================================================
Space Battle 10×10×10 — simulation run at 2026-04-20T13:44:08+00:00
Game mode: advanced
Seed: 149
✓ 🚀 Продвинутый режим: создаю разные типы кораблей
   Команда A: спавн вдоль оси X от (6, 1, 4) до (4, 1, 4)
   Команда B: спавн вдоль оси X от (1, 0, 4) до (4, 0, 4)
   Команда C: спавн вдоль оси X от (7, 6, 5) до (5, 6, 5)
✓ ✅ Создано 24 кораблей


--- СТАРТОВАЯ РАССТАНОВКА ---
  Team A: живых 8/8
    ✓ Артиллерия A1      @ (6,1,4) hp=1/1
    ✓ Радиовышка A2      @ (2,1,4) hp=3/3
    ✓ Прыгун A3          @ (8,1,4) hp=2/2
    ✓ Факел A4           @ (0,1,4) hp=6/6
    ✓ Тишина A5          @ (9,1,4) hp=2/2
    ✓ Бурав A6           @ (1,1,4) hp=4/4
    ✓ Провокатор A7      @ (5,1,4) hp=2/2
    ✓ Паук A8            @ (4,1,4) hp=1/1
  Team B: живых 8/8
    ✓ Артиллерия B1      @ (1,0,4) hp=1/1
    ✓ Радиовышка B2      @ (3,0,4) hp=3/3
    ✓ Прыгун B3          @ (7,0,4) hp=2/2
    ✓ Факел B4           @ (9,0,4) hp=6/6
    ✓ Тишина B5          @ (0,0,4) hp=2/2
    ✓ Бурав B6           @ (8,0,4) hp=4/4
    ✓ Провокатор B7      @ (5,0,4) hp=2/2
    ✓ Паук B8            @ (4,0,4) hp=1/1
  Team C: живых 8/8
    ✓ Артиллерия C1      @ (7,6,5) hp=1/1
    ✓ Радиовышка C2      @ (9,6,5) hp=3/3
    ✓ Прыгун C3          @ (4,6,5) hp=2/2
    ✓ Факел C4           @ (3,6,5) hp=6/6
    ✓ Тишина C5          @ (2,6,5) hp=2/2
    ✓ Бурав C6           @ (6,6,5) hp=4/4
    ✓ Провокатор C7      @ (1,6,5) hp=2/2
    ✓ Паук C8            @ (5,6,5) hp=1/1

======================================================================
ХОД 1
======================================================================
✓ 🎮 GM: начинаем ход
GM: start_turn

--- Радиовышки: сканирование слоя Z ---
  Радиовышка A2 (z=4): видит 8 врагов  → Тишина B5(0,0,4), Артиллерия B1(1,0,4), Радиовышка B2(3,0,4), Паук B8(4,0,4), Провокатор B7(5,0,4), Прыгун B3(7,0,4), Бурав B6(8,0,4), Факел B4(9,0,4)
  Радиовышка B2 (z=4): видит 8 врагов  → Факел A4(0,1,4), Бурав A6(1,1,4), Радиовышка A2(2,1,4), Паук A8(4,1,4), Провокатор A7(5,1,4), Артиллерия A1(6,1,4), Прыгун A3(8,1,4), Тишина A5(9,1,4)
  Радиовышка C2 (z=5): слой чист

--- Решения ботов ---
  [Team A] Артиллерия A1 (6,1,4) → SHOOT at (1,0,4)
  [Team A] Радиовышка A2 (2,1,4) → MOVE (1,0,4)
  [Team A] Прыгун A3 (8,1,4) → MOVE (9,0,4)
  [Team A] Факел A4 (0,1,4) → SHOOT at (0,0,4)
  [Team A] Тишина A5 (9,1,4) → PHASE toggle
  [Team A] Бурав A6 (1,1,4) → MOVE (0,0,4)
  [Team A] Провокатор A7 (5,1,4) → HOLOGRAM (5,0,4)
  [Team A] Паук A8 (4,1,4) → MINE (3,0,4)
  [Team B] Артиллерия B1 (1,0,4) → SHOOT at (6,1,4)
  [Team B] Радиовышка B2 (3,0,4) → MOVE (2,1,4)
  [Team B] Прыгун B3 (7,0,4) → MOVE (6,1,4)
  [Team B] Факел B4 (9,0,4) → SHOOT at (9,1,4)
  [Team B] Тишина B5 (0,0,4) → PHASE toggle
  [Team B] Бурав B6 (8,0,4) → MOVE (8,1,4)
  [Team B] Провокатор B7 (5,0,4) → HOLOGRAM (5,1,4)
  [Team B] Паук B8 (4,0,4) → MINE (5,1,4)
  [Team C] Артиллерия C1 (7,6,5) → SHOOT at (9,9,8)
  [Team C] Радиовышка C2 (9,6,5) → MOVE (8,5,5)
  [Team C] Прыгун C3 (4,6,5) → MOVE (5,5,5)
  [Team C] Тишина C5 (2,6,5) → MOVE (3,5,5)
  [Team C] Бурав C6 (6,6,5) → MOVE (6,5,5)
  [Team C] Провокатор C7 (1,6,5) → MOVE (2,5,5)
  [Team C] Паук C8 → SKIP
  [Team C] Факел C4 → SKIP
! 🎮 GM: принудительно завершает фазу планирования
GM: end_planning
# 
============================================================
# 🔄 ОБРАБОТКА ХОДА 1
# ============================================================
   🌀 Тишина A5: уходит в фазу на 1 ход
   🌀 Тишина B5: уходит в фазу на 1 ход
!    ⚠️ Провокатор A7: клетка (5,0,4) занята кораблём
!    ⚠️ Провокатор B7: клетка (5,1,4) занята кораблём
!    ⚠️ Паук A8: клетка (3,0,4) занята кораблём
!    ⚠️ Паук B8: клетка (5,1,4) занята кораблём

📦 ПЕРЕМЕЩЕНИЯ:
!    ⚠️ Радиовышка A2: клетка (1,0,4) занята
✓    💥 Прыгун A3 тараном уничтожил Факел B4 в (9,0,4)
   Прыгун A3: (8, 1, 4) → (9,0,4)
✓    💥 Бурав A6 пробивает фазу Тишина B5 тараном
✓    💥 Бурав A6 тараном уничтожил Тишина B5 в (0,0,4)
   Бурав A6: (1, 1, 4) → (0,0,4)
!    ⚠️ Радиовышка B2: клетка (2,1,4) занята
✓    💥 Прыгун B3 тараном уничтожил Артиллерия A1 в (6,1,4)
   Прыгун B3: (7, 0, 4) → (6,1,4)
   Бурав B6: (8, 0, 4) → (8,1,4)
   Радиовышка C2: (9, 6, 5) → (8,5,5)
   Прыгун C3: (4, 6, 5) → (5,5,5)
   Тишина C5: (2, 6, 5) → (3,5,5)
   Бурав C6: (6, 6, 5) → (6,5,5)
   Провокатор C7: (1, 6, 5) → (2,5,5)

🎯 ВЫСТРЕЛЫ:
!    🛡️ Выстрел Факел A4 заблокирован союзником Бурав A6 в (0, 0, 4)
   Выпущено ракет: 3
# 
📊 РЕЗУЛЬТАТЫ ХОДА 1:
🎯 Попаданий нет

--- Результаты хода ---
  Team A / Прыгун A3          → Team B / Факел B4           @ (9,0,4)  (УБИТ)
  Team A / Бурав A6           → Team B / Тишина B5          @ (0,0,4)  (УБИТ)
  Team B / Прыгун B3          → Team A / Артиллерия A1      @ (6,1,4)  (УБИТ)

--- Состояние команд после хода ---
  Team A: живых 7/8
    ✓ Радиовышка A2      @ (2,1,4) hp=3/3
    ✓ Прыгун A3          @ (9,0,4) hp=2/2
    ✓ Факел A4           @ (0,1,4) hp=6/6
    ✓ Тишина A5          @ (9,1,4) hp=2/2
    ✓ Бурав A6           @ (0,0,4) hp=4/4
    ✓ Провокатор A7      @ (5,1,4) hp=2/2
    ✓ Паук A8            @ (4,1,4) hp=1/1
    ✗ Артиллерия A1      @ (6,1,4) [уничтожен]
  Team B: живых 6/8
    ✓ Артиллерия B1      @ (1,0,4) hp=1/1
    ✓ Радиовышка B2      @ (3,0,4) hp=3/3
    ✓ Прыгун B3          @ (6,1,4) hp=2/2
    ✓ Бурав B6           @ (8,1,4) hp=4/4
    ✓ Провокатор B7      @ (5,0,4) hp=2/2
    ✓ Паук B8            @ (4,0,4) hp=1/1
    ✗ Факел B4           @ (9,0,4) [уничтожен]
    ✗ Тишина B5          @ (0,0,4) [уничтожен]
  Team C: живых 8/8
    ✓ Артиллерия C1      @ (7,6,5) hp=1/1
    ✓ Радиовышка C2      @ (8,5,5) hp=3/3
    ✓ Прыгун C3          @ (5,5,5) hp=2/2
    ✓ Факел C4           @ (3,6,5) hp=6/6
    ✓ Тишина C5          @ (3,5,5) hp=2/2
    ✓ Бурав C6           @ (6,5,5) hp=4/4
    ✓ Провокатор C7      @ (2,5,5) hp=2/2
    ✓ Паук C8            @ (5,6,5) hp=1/1

======================================================================
ХОД 2
======================================================================
✓ 🎮 GM: начинаем ход
GM: start_turn

--- Радиовышки: сканирование слоя Z ---
  Радиовышка A2 (z=4): видит 6 врагов  → Артиллерия B1(1,0,4), Радиовышка B2(3,0,4), Паук B8(4,0,4), Провокатор B7(5,0,4), Прыгун B3(6,1,4), Бурав B6(8,1,4)
  Радиовышка B2 (z=4): видит 6 врагов  → Бурав A6(0,0,4), Факел A4(0,1,4), Радиовышка A2(2,1,4), Паук A8(4,1,4), Провокатор A7(5,1,4), Прыгун A3(9,0,4)
  Радиовышка C2 (z=5): слой чист

--- Решения ботов ---
  [Team A] Радиовышка A2 (2,1,4) → MOVE (1,0,4)
  [Team A] Прыгун A3 (9,0,4) → MOVE (8,1,4)
  [Team A] Факел A4 (0,1,4) → MOVE (1,1,4)
  [Team A] Бурав A6 (0,0,4) → MOVE (3,0,4)
  [Team A] Провокатор A7 (5,1,4) → HOLOGRAM (6,1,4)
  [Team A] Паук A8 (4,1,4) → MINE (4,0,4)
  [Team A] Тишина A5 → SKIP
  [Team B] Артиллерия B1 (1,0,4) → SHOOT at (5,1,4)
  [Team B] Радиовышка B2 (3,0,4) → MOVE (2,1,4)
  [Team B] Прыгун B3 (6,1,4) → MOVE (5,1,4)
  [Team B] Бурав B6 (8,1,4) → MOVE (9,0,4)
  [Team B] Провокатор B7 (5,0,4) → SHOOT at (5,1,4)
  [Team B] Паук B8 (4,0,4) → MINE (4,1,4)
  [Team C] Артиллерия C1 (7,6,5) → SHOOT at (5,1,4)
  [Team C] Радиовышка C2 (8,5,5) → MOVE (7,4,4)
  [Team C] Прыгун C3 (5,5,5) → MOVE (4,4,4)
  [Team C] Тишина C5 (3,5,5) → PHASE toggle
  [Team C] Бурав C6 (6,5,5) → MOVE (5,4,4)
  [Team C] Провокатор C7 (2,5,5) → HOLOGRAM (2,4,4)
  [Team C] Паук C8 (5,6,5) → MOVE (4,5,4)
  [Team C] Факел C4 → SKIP
! 🎮 GM: принудительно завершает фазу планирования
GM: end_planning
# 
============================================================
# 🔄 ОБРАБОТКА ХОДА 2
# ============================================================
   🌀 Тишина A5: фаза спала (действовала 1 ход)
   🌀 Тишина C5: уходит в фазу на 1 ход
!    ⚠️ Провокатор A7: клетка (6,1,4) занята кораблём
   🪞 Провокатор C7 создал голограмму H1 в (2,4,4)
!    ⚠️ Паук A8: клетка (4,0,4) занята кораблём
!    ⚠️ Паук B8: клетка (4,1,4) занята кораблём

📦 ПЕРЕМЕЩЕНИЯ:
!    ⚠️ Радиовышка A2: клетка (1,0,4) занята
✓    💥 Прыгун A3 тараном уничтожил Бурав B6 в (8,1,4)
   Прыгун A3: (9, 0, 4) → (8,1,4)
   Факел A4: (0, 1, 4) → (1,1,4)
✓    💥 Бурав A6 тараном уничтожил Радиовышка B2 в (3,0,4)
   Бурав A6: (0, 0, 4) → (3,0,4)
✓    💥 Прыгун B3 тараном уничтожил Провокатор A7 в (5,1,4)
   Прыгун B3: (6, 1, 4) → (5,1,4)
   Радиовышка C2: (8, 5, 5) → (7,4,4)
   Прыгун C3: (5, 5, 5) → (4,4,4)
!    ⚠️ Бурав C6: Бурав двигается только по 1 оси или по 2 осям строго диагонально
   Паук C8: (5, 6, 5) → (4,5,4)

🎯 ВЫСТРЕЛЫ:
!    🛡️ Выстрел Провокатор B7 заблокирован союзником Прыгун B3 в (5, 1, 4)
✓    ✅ Артиллерия C1 поразил Прыгун B3 (2 урона)!
   Выпущено ракет: 3
# 
📊 РЕЗУЛЬТАТЫ ХОДА 2:
✓ 💥 ПОПАДАНИЯ:
✓    Артиллерия C1 (Team C) → Прыгун B3 (Team B)

--- Результаты хода ---
  Team A / Прыгун A3          → Team B / Бурав B6           @ (8,1,4)  (УБИТ)
  Team A / Бурав A6           → Team B / Радиовышка B2      @ (3,0,4)  (УБИТ)
  Team B / Прыгун B3          → Team A / Провокатор A7      @ (5,1,4)  (УБИТ)
  Team C / Артиллерия C1      → Team B / Прыгун B3          @ (5,1,4)  (УБИТ)

--- Состояние команд после хода ---
  Team A: живых 6/8
    ✓ Радиовышка A2      @ (2,1,4) hp=3/3
    ✓ Прыгун A3          @ (8,1,4) hp=2/2
    ✓ Факел A4           @ (1,1,4) hp=6/6
    ✓ Тишина A5          @ (9,1,4) hp=2/2
    ✓ Бурав A6           @ (3,0,4) hp=4/4
    ✓ Паук A8            @ (4,1,4) hp=1/1
    ✗ Артиллерия A1      @ (6,1,4) [уничтожен]
    ✗ Провокатор A7      @ (5,1,4) [уничтожен]
  Team B: живых 3/8
    ✓ Артиллерия B1      @ (1,0,4) hp=1/1
    ✓ Провокатор B7      @ (5,0,4) hp=2/2
    ✓ Паук B8            @ (4,0,4) hp=1/1
    ✗ Радиовышка B2      @ (3,0,4) [уничтожен]
    ✗ Прыгун B3          @ (5,1,4) [уничтожен]
    ✗ Факел B4           @ (9,0,4) [уничтожен]
    ✗ Тишина B5          @ (0,0,4) [уничтожен]
    ✗ Бурав B6           @ (8,1,4) [уничтожен]
  Team C: живых 8/8
    ✓ Артиллерия C1      @ (7,6,5) hp=1/1
    ✓ Радиовышка C2      @ (7,4,4) hp=3/3
    ✓ Прыгун C3          @ (4,4,4) hp=2/2
    ✓ Факел C4           @ (3,6,5) hp=6/6
    ✓ Тишина C5          @ (3,5,5) hp=2/2
    ✓ Бурав C6           @ (6,5,5) hp=4/4
    ✓ Провокатор C7      @ (2,5,5) hp=2/2
    ✓ Паук C8            @ (4,5,4) hp=1/1

======================================================================
ХОД 3
======================================================================
✓ 🎮 GM: начинаем ход
GM: start_turn

--- Радиовышки: сканирование слоя Z ---
  Радиовышка A2 (z=4): видит 6 врагов  → Артиллерия B1(1,0,4), Паук B8(4,0,4), Провокатор B7(5,0,4), Прыгун C3(4,4,4), Паук C8(4,5,4), Радиовышка C2(7,4,4)
  Радиовышка C2 (z=4): видит 9 врагов  → Факел A4(1,1,4), Радиовышка A2(2,1,4), Бурав A6(3,0,4), Паук A8(4,1,4), Прыгун A3(8,1,4), Тишина A5(9,1,4), Артиллерия B1(1,0,4), Паук B8(4,0,4), Провокатор B7(5,0,4)

--- Решения ботов ---
  [Team A] Радиовышка A2 (2,1,4) → MOVE (1,0,4)
  [Team A] Прыгун A3 (8,1,4) → MOVE (7,0,4)
  [Team A] Факел A4 (1,1,4) → SHOOT at (1,0,4)
  [Team A] Тишина A5 (9,1,4) → MOVE (8,2,4)
  [Team A] Бурав A6 (3,0,4) → MOVE (5,0,4)
  [Team A] Паук A8 (4,1,4) → MINE (4,0,4)
  [Team B] Артиллерия B1 (1,0,4) → SHOOT at (4,4,4)
  [Team B] Провокатор B7 (5,0,4) → HOLOGRAM (4,1,4)
  [Team B] Паук B8 (4,0,4) → MINE (3,0,4)
  [Team C] Артиллерия C1 (7,6,5) → SHOOT at (1,0,4)
  [Team C] Радиовышка C2 (7,4,4) → MOVE (8,3,4)
  [Team C] Прыгун C3 (4,4,4) → SHOOT at (4,1,4)
  [Team C] Факел C4 (3,6,5) → MOVE (3,5,4)
  [Team C] Тишина C5 (3,5,5) → MOVE (2,4,4)
  [Team C] Бурав C6 (6,5,5) → MOVE (5,4,4)
  [Team C] Провокатор C7 (2,5,5) → HOLOGRAM (2,4,5)
  [Team C] Паук C8 (4,5,4) → MINE (3,4,4)
! 🎮 GM: принудительно завершает фазу планирования
GM: end_planning
# 
============================================================
# 🔄 ОБРАБОТКА ХОДА 3
# ============================================================
   🌀 Тишина C5: фаза спала (действовала 1 ход)
!    ⚠️ Провокатор B7: клетка (4,1,4) занята кораблём
   🪞 Провокатор C7 создал голограмму H2 в (2,4,5)
!    ⚠️ Паук A8: клетка (4,0,4) занята кораблём
!    ⚠️ Паук B8: клетка (3,0,4) занята кораблём
   💣 Паук C8 установил мину M1 в (3,4,4)

📦 ПЕРЕМЕЩЕНИЯ:
!    ⚠️ Радиовышка A2: клетка (1,0,4) занята
   Прыгун A3: (8, 1, 4) → (7,0,4)
   Тишина A5: (9, 1, 4) → (8,2,4)
✓    💥 Бурав A6 тараном уничтожил Провокатор B7 в (5,0,4)
   Бурав A6: (3, 0, 4) → (5,0,4)
   Радиовышка C2: (7, 4, 4) → (8,3,4)
   Факел C4: (3, 6, 5) → (3,5,4)
!    ⚠️ Тишина C5: клетка (2,4,4) занята
!    ⚠️ Бурав C6: Бурав двигается только по 1 оси или по 2 осям строго диагонально

🎯 ВЫСТРЕЛЫ:
✓    ✅ Факел A4 поразил Артиллерия B1 (1 урона)!
✓    ✅ Артиллерия B1 поразил Прыгун C3 (2 урона)!
   💀 Артиллерия C1 добивает Артиллерия B1
✓    ✅ Артиллерия C1 поразил Артиллерия B1 (2 урона)!
✓    ✅ Прыгун C3 поразил Паук A8 (1 урона)!
   Выпущено ракет: 4
# 
📊 РЕЗУЛЬТАТЫ ХОДА 3:
✓ 💥 ПОПАДАНИЯ:
✓    Факел A4 (Team A) → Артиллерия B1 (Team B)
✓    Артиллерия B1 (Team B) → Прыгун C3 (Team C)
✓    Артиллерия C1 (Team C) → Артиллерия B1 (Team B)
✓    Прыгун C3 (Team C) → Паук A8 (Team A)

--- Результаты хода ---
  Team A / Бурав A6           → Team B / Провокатор B7      @ (5,0,4)  (УБИТ)
  Team A / Факел A4           → Team B / Артиллерия B1      @ (1,0,4)  (УБИТ)
  Team B / Артиллерия B1      → Team C / Прыгун C3          @ (4,4,4)  (УБИТ)
  Team C / Артиллерия C1      → Team B / Артиллерия B1      @ (1,0,4)  (ранен)
  Team C / Прыгун C3          → Team A / Паук A8            @ (4,1,4)  (УБИТ)

--- Состояние команд после хода ---
  Team A: живых 5/8
    ✓ Радиовышка A2      @ (2,1,4) hp=3/3
    ✓ Прыгун A3          @ (7,0,4) hp=2/2
    ✓ Факел A4           @ (1,1,4) hp=6/6
    ✓ Тишина A5          @ (8,2,4) hp=2/2
    ✓ Бурав A6           @ (5,0,4) hp=4/4
    ✗ Артиллерия A1      @ (6,1,4) [уничтожен]
    ✗ Провокатор A7      @ (5,1,4) [уничтожен]
    ✗ Паук A8            @ (4,1,4) [уничтожен]
  Team B: живых 1/8
    ✓ Паук B8            @ (4,0,4) hp=1/1
    ✗ Артиллерия B1      @ (1,0,4) [уничтожен]
    ✗ Радиовышка B2      @ (3,0,4) [уничтожен]
    ✗ Прыгун B3          @ (5,1,4) [уничтожен]
    ✗ Факел B4           @ (9,0,4) [уничтожен]
    ✗ Тишина B5          @ (0,0,4) [уничтожен]
    ✗ Бурав B6           @ (8,1,4) [уничтожен]
    ✗ Провокатор B7      @ (5,0,4) [уничтожен]
  Team C: живых 7/8
    ✓ Артиллерия C1      @ (7,6,5) hp=1/1
    ✓ Радиовышка C2      @ (8,3,4) hp=3/3
    ✓ Факел C4           @ (3,5,4) hp=6/6
    ✓ Тишина C5          @ (3,5,5) hp=2/2
    ✓ Бурав C6           @ (6,5,5) hp=4/4
    ✓ Провокатор C7      @ (2,5,5) hp=2/2
    ✓ Паук C8            @ (4,5,4) hp=1/1
    ✗ Прыгун C3          @ (4,4,4) [уничтожен]

======================================================================
ХОД 4
======================================================================
✓ 🎮 GM: начинаем ход
GM: start_turn

--- Радиовышки: сканирование слоя Z ---
  Радиовышка A2 (z=4): видит 4 врагов  → Паук B8(4,0,4), Факел C4(3,5,4), Паук C8(4,5,4), Радиовышка C2(8,3,4)
  Радиовышка C2 (z=4): видит 6 врагов [+3 эксклюзивно] → Факел A4(1,1,4), Радиовышка A2(2,1,4), Бурав A6(5,0,4), Прыгун A3(7,0,4), Тишина A5(8,2,4), Паук B8(4,0,4)

--- Решения ботов ---
  [Team A] Радиовышка A2 (2,1,4) → MOVE (3,0,4)
  [Team A] Прыгун A3 (7,0,4) → SHOOT at (4,0,4)
  [Team A] Факел A4 (1,1,4) → MOVE (2,0,4)
  [Team A] Тишина A5 (8,2,4) → MOVE (8,3,4)
  [Team A] Бурав A6 (5,0,4) → MOVE (4,0,4)
  [Team B] Паук B8 (4,0,4) → MINE (3,0,4)
  [Team C] Артиллерия C1 (7,6,5) → SHOOT at (7,0,4)
  [Team C] Радиовышка C2 (8,3,4) → MOVE (8,2,4)
  [Team C] Тишина C5 (3,5,5) → MOVE (2,4,4)
  [Team C] Бурав C6 (6,5,5) → MOVE (7,4,4)
  [Team C] Провокатор C7 (2,5,5) → HOLOGRAM (2,5,4)
  [Team C] Паук C8 (4,5,4) → MINE (3,4,4)
  [Team C] Факел C4 → SKIP
! 🎮 GM: принудительно завершает фазу планирования
GM: end_planning
# 
============================================================
# 🔄 ОБРАБОТКА ХОДА 4
# ============================================================
   🪞 Провокатор C7 создал голограмму H3 в (2,5,4)
   💣 Паук B8 установил мину M2 в (3,0,4)
!    ⚠️ Паук C8: в клетке уже стоит мина

📦 ПЕРЕМЕЩЕНИЯ:
   Радиовышка A2: (2, 1, 4) → (3,0,4)
!    💥 Мина M2 сработала под Радиовышка A2 (урон 2)
   Факел A4: (1, 1, 4) → (2,0,4)
!    ⚠️ Тишина A5: клетка (8,3,4) занята
✓    💥 Бурав A6 тараном уничтожил Паук B8 в (4,0,4)
   Бурав A6: (5, 0, 4) → (4,0,4)
!    ⚠️ Радиовышка C2: клетка (8,2,4) занята
!    ⚠️ Тишина C5: клетка (2,4,4) занята
!    ⚠️ Бурав C6: Бурав двигается только по 1 оси или по 2 осям строго диагонально

🎯 ВЫСТРЕЛЫ:
!    🛡️ Выстрел Прыгун A3 заблокирован союзником Бурав A6 в (4, 0, 4)
✓    ✅ Артиллерия C1 поразил Прыгун A3 (2 урона)!
   Выпущено ракет: 2
# 
📊 РЕЗУЛЬТАТЫ ХОДА 4:
✓ 💥 ПОПАДАНИЯ:
✓    Артиллерия C1 (Team C) → Прыгун A3 (Team A)

--- Результаты хода ---
  ? / ?                  → Team A / Радиовышка A2      @ (3,0,4)  (ранен)
  Team A / Бурав A6           → Team B / Паук B8            @ (4,0,4)  (УБИТ)
  Team C / Артиллерия C1      → Team A / Прыгун A3          @ (7,0,4)  (УБИТ)

--- Состояние команд после хода ---
  Team A: живых 4/8
    ✓ Радиовышка A2      @ (3,0,4) hp=1/3
    ✓ Факел A4           @ (2,0,4) hp=6/6
    ✓ Тишина A5          @ (8,2,4) hp=2/2
    ✓ Бурав A6           @ (4,0,4) hp=4/4
    ✗ Артиллерия A1      @ (6,1,4) [уничтожен]
    ✗ Прыгун A3          @ (7,0,4) [уничтожен]
    ✗ Провокатор A7      @ (5,1,4) [уничтожен]
    ✗ Паук A8            @ (4,1,4) [уничтожен]
  Team B: живых 0/8
    ✗ Артиллерия B1      @ (1,0,4) [уничтожен]
    ✗ Радиовышка B2      @ (3,0,4) [уничтожен]
    ✗ Прыгун B3          @ (5,1,4) [уничтожен]
    ✗ Факел B4           @ (9,0,4) [уничтожен]
    ✗ Тишина B5          @ (0,0,4) [уничтожен]
    ✗ Бурав B6           @ (8,1,4) [уничтожен]
    ✗ Провокатор B7      @ (5,0,4) [уничтожен]
    ✗ Паук B8            @ (4,0,4) [уничтожен]
  Team C: живых 7/8
    ✓ Артиллерия C1      @ (7,6,5) hp=1/1
    ✓ Радиовышка C2      @ (8,3,4) hp=3/3
    ✓ Факел C4           @ (3,5,4) hp=6/6
    ✓ Тишина C5          @ (3,5,5) hp=2/2
    ✓ Бурав C6           @ (6,5,5) hp=4/4
    ✓ Провокатор C7      @ (2,5,5) hp=2/2
    ✓ Паук C8            @ (4,5,4) hp=1/1
    ✗ Прыгун C3          @ (4,4,4) [уничтожен]

======================================================================
ХОД 5
======================================================================
✓ 🎮 GM: начинаем ход
GM: start_turn

--- Радиовышки: сканирование слоя Z ---
  Радиовышка A2 (z=4): видит 3 врагов [+1 эксклюзивно] → Факел C4(3,5,4), Паук C8(4,5,4), Радиовышка C2(8,3,4)
  Радиовышка C2 (z=4): видит 4 врагов [+3 эксклюзивно] → Факел A4(2,0,4), Радиовышка A2(3,0,4), Бурав A6(4,0,4), Тишина A5(8,2,4)

--- Решения ботов ---
  [Team A] Радиовышка A2 (3,0,4) → MOVE (4,1,4)
  [Team A] Факел A4 (2,0,4) → HEAL (AoE)
  [Team A] Тишина A5 (8,2,4) → PHASE toggle
  [Team A] Бурав A6 (4,0,4) → MOVE (5,1,4)
  [Team B] все корабли пропускают ход
  [Team C] Артиллерия C1 (7,6,5) → SHOOT at (3,0,4)
  [Team C] Радиовышка C2 (8,3,4) → MOVE (8,2,4)
  [Team C] Факел C4 (3,5,4) → SHOOT at (3,0,4)
  [Team C] Тишина C5 (3,5,5) → MOVE (3,4,4)
  [Team C] Бурав C6 (6,5,5) → MOVE (7,4,4)
  [Team C] Провокатор C7 (2,5,5) → HOLOGRAM (2,4,4)
  [Team C] Паук C8 (4,5,4) → MINE (5,4,4)
! 🎮 GM: принудительно завершает фазу планирования
GM: end_planning
# 
============================================================
# 🔄 ОБРАБОТКА ХОДА 5
# ============================================================
   🌀 Тишина A5: уходит в фазу на 1 ход
!    ⚠️ Провокатор C7: клетка (2,4,4) уже занята голограммой
   💣 Паук C8 установил мину M3 в (5,4,4)

📦 ПЕРЕМЕЩЕНИЯ:
   Радиовышка A2: (3, 0, 4) → (4,1,4)
   Бурав A6: (4, 0, 4) → (5,1,4)
   Радиовышка C2: (8, 3, 4) → (8,2,4)
   Тишина C5: (3, 5, 5) → (3,4,4)
!    ⚠️ Бурав C6: Бурав двигается только по 1 оси или по 2 осям строго диагонально

🎯 ВЫСТРЕЛЫ:
!    🛡️ Выстрел Факел C4 заблокирован союзником Тишина C5 в (3, 4, 4)
✓    💚 Факел A4 лечит Радиовышка A2 → hits=1/3
   Выпущено ракет: 2
# 
📊 РЕЗУЛЬТАТЫ ХОДА 5:
🎯 Попаданий нет

--- Результаты хода ---
  Попаданий нет

--- Состояние команд после хода ---
  Team A: живых 4/8
    ✓ Радиовышка A2      @ (4,1,4) hp=2/3
    ✓ Факел A4           @ (2,0,4) hp=6/6
    ✓ Тишина A5          @ (8,2,4) hp=2/2
    ✓ Бурав A6           @ (5,1,4) hp=4/4
    ✗ Артиллерия A1      @ (6,1,4) [уничтожен]
    ✗ Прыгун A3          @ (7,0,4) [уничтожен]
    ✗ Провокатор A7      @ (5,1,4) [уничтожен]
    ✗ Паук A8            @ (4,1,4) [уничтожен]
  Team B: живых 0/8
    ✗ Артиллерия B1      @ (1,0,4) [уничтожен]
    ✗ Радиовышка B2      @ (3,0,4) [уничтожен]
    ✗ Прыгун B3          @ (5,1,4) [уничтожен]
    ✗ Факел B4           @ (9,0,4) [уничтожен]
    ✗ Тишина B5          @ (0,0,4) [уничтожен]
    ✗ Бурав B6           @ (8,1,4) [уничтожен]
    ✗ Провокатор B7      @ (5,0,4) [уничтожен]
    ✗ Паук B8            @ (4,0,4) [уничтожен]
  Team C: живых 7/8
    ✓ Артиллерия C1      @ (7,6,5) hp=1/1
    ✓ Радиовышка C2      @ (8,2,4) hp=3/3
    ✓ Факел C4           @ (3,5,4) hp=6/6
    ✓ Тишина C5          @ (3,4,4) hp=2/2
    ✓ Бурав C6           @ (6,5,5) hp=4/4
    ✓ Провокатор C7      @ (2,5,5) hp=2/2
    ✓ Паук C8            @ (4,5,4) hp=1/1
    ✗ Прыгун C3          @ (4,4,4) [уничтожен]

======================================================================
ХОД 6
======================================================================
✓ 🎮 GM: начинаем ход
GM: start_turn

--- Радиовышки: сканирование слоя Z ---
  Радиовышка A2 (z=4): видит 4 врагов  → Тишина C5(3,4,4), Факел C4(3,5,4), Паук C8(4,5,4), Радиовышка C2(8,2,4)
  Радиовышка C2 (z=4): видит 3 врагов  → Факел A4(2,0,4), Радиовышка A2(4,1,4), Бурав A6(5,1,4)

--- Решения ботов ---
  [Team A] Радиовышка A2 (4,1,4) → MOVE (3,2,4)
  [Team A] Факел A4 (2,0,4) → HEAL (AoE)
  [Team A] Бурав A6 (5,1,4) → MOVE (6,2,4)
  [Team A] Тишина A5 → SKIP
  [Team B] все корабли пропускают ход
  [Team C] Артиллерия C1 (7,6,5) → SHOOT at (4,1,4)
  [Team C] Радиовышка C2 (8,2,4) → MOVE (7,1,4)
  [Team C] Тишина C5 (3,4,4) → PHASE toggle
  [Team C] Бурав C6 (6,5,5) → MOVE (5,4,4)
  [Team C] Провокатор C7 (2,5,5) → HOLOGRAM (2,4,4)
  [Team C] Паук C8 (4,5,4) → MINE (4,4,4)
  [Team C] Факел C4 → SKIP
! 🎮 GM: принудительно завершает фазу планирования
GM: end_planning
# 
============================================================
# 🔄 ОБРАБОТКА ХОДА 6
# ============================================================
   🌀 Тишина A5: фаза спала (действовала 1 ход)
   🌀 Тишина C5: уходит в фазу на 1 ход
!    ⚠️ Провокатор C7: клетка (2,4,4) уже занята голограммой
   💣 Паук C8 установил мину M4 в (4,4,4)

📦 ПЕРЕМЕЩЕНИЯ:
   Радиовышка A2: (4, 1, 4) → (3,2,4)
   Бурав A6: (5, 1, 4) → (6,2,4)
   Радиовышка C2: (8, 2, 4) → (7,1,4)
!    ⚠️ Бурав C6: Бурав двигается только по 1 оси или по 2 осям строго диагонально

🎯 ВЫСТРЕЛЫ:
✓    💚 Факел A4 лечит Радиовышка A2 → hits=0/3
   Выпущено ракет: 1
# 
📊 РЕЗУЛЬТАТЫ ХОДА 6:
🎯 Попаданий нет

--- Результаты хода ---
  Попаданий нет

--- Состояние команд после хода ---
  Team A: живых 4/8
    ✓ Радиовышка A2      @ (3,2,4) hp=3/3
    ✓ Факел A4           @ (2,0,4) hp=6/6
    ✓ Тишина A5          @ (8,2,4) hp=2/2
    ✓ Бурав A6           @ (6,2,4) hp=4/4
    ✗ Артиллерия A1      @ (6,1,4) [уничтожен]
    ✗ Прыгун A3          @ (7,0,4) [уничтожен]
    ✗ Провокатор A7      @ (5,1,4) [уничтожен]
    ✗ Паук A8            @ (4,1,4) [уничтожен]
  Team B: живых 0/8
    ✗ Артиллерия B1      @ (1,0,4) [уничтожен]
    ✗ Радиовышка B2      @ (3,0,4) [уничтожен]
    ✗ Прыгун B3          @ (5,1,4) [уничтожен]
    ✗ Факел B4           @ (9,0,4) [уничтожен]
    ✗ Тишина B5          @ (0,0,4) [уничтожен]
    ✗ Бурав B6           @ (8,1,4) [уничтожен]
    ✗ Провокатор B7      @ (5,0,4) [уничтожен]
    ✗ Паук B8            @ (4,0,4) [уничтожен]
  Team C: живых 7/8
    ✓ Артиллерия C1      @ (7,6,5) hp=1/1
    ✓ Радиовышка C2      @ (7,1,4) hp=3/3
    ✓ Факел C4           @ (3,5,4) hp=6/6
    ✓ Тишина C5          @ (3,4,4) hp=2/2
    ✓ Бурав C6           @ (6,5,5) hp=4/4
    ✓ Провокатор C7      @ (2,5,5) hp=2/2
    ✓ Паук C8            @ (4,5,4) hp=1/1
    ✗ Прыгун C3          @ (4,4,4) [уничтожен]

======================================================================
ХОД 7
======================================================================
✓ 🎮 GM: начинаем ход
GM: start_turn

--- Радиовышки: сканирование слоя Z ---
  Радиовышка A2 (z=4): видит 3 врагов  → Факел C4(3,5,4), Паук C8(4,5,4), Радиовышка C2(7,1,4)
  Радиовышка C2 (z=4): видит 4 врагов  → Факел A4(2,0,4), Радиовышка A2(3,2,4), Бурав A6(6,2,4), Тишина A5(8,2,4)

--- Решения ботов ---
  [Team A] Радиовышка A2 (3,2,4) → MOVE (3,3,4)
  [Team A] Факел A4 (2,0,4) → MOVE (3,1,4)
  [Team A] Тишина A5 (8,2,4) → MOVE (7,1,4)
  [Team A] Бурав A6 (6,2,4) → MOVE (3,5,4)
  [Team B] все корабли пропускают ход
  [Team C] Артиллерия C1 (7,6,5) → SHOOT at (8,2,4)
  [Team C] Радиовышка C2 (7,1,4) → MOVE (8,2,4)
  [Team C] Факел C4 (3,5,4) → SHOOT at (3,2,4)
  [Team C] Тишина C5 (3,4,4) → MOVE (3,3,4)
  [Team C] Бурав C6 (6,5,5) → MOVE (5,4,4)
  [Team C] Провокатор C7 (2,5,5) → HOLOGRAM (3,5,5)
  [Team C] Паук C8 (4,5,4) → MINE (4,4,4)
! 🎮 GM: принудительно завершает фазу планирования
GM: end_planning
# 
============================================================
# 🔄 ОБРАБОТКА ХОДА 7
# ============================================================
   🌀 Тишина C5: фаза спала (действовала 1 ход)
   🪞 Провокатор C7 создал голограмму H4 в (3,5,5)
!    ⚠️ Паук C8: в клетке уже стоит мина

📦 ПЕРЕМЕЩЕНИЯ:
   Радиовышка A2: (3, 2, 4) → (3,3,4)
   Факел A4: (2, 0, 4) → (3,1,4)
!    ⚠️ Тишина A5: клетка (7,1,4) занята
✓    💥 Бурав A6 тараном уничтожил Факел C4 в (3,5,4)
   Бурав A6: (6, 2, 4) → (3,5,4)
!    ⚠️ Радиовышка C2: клетка (8,2,4) занята
!    ⚠️ Тишина C5: клетка (3,3,4) занята
!    ⚠️ Бурав C6: Бурав двигается только по 1 оси или по 2 осям строго диагонально

🎯 ВЫСТРЕЛЫ:
✓    ✅ Артиллерия C1 поразил Тишина A5 (2 урона)!
   Выпущено ракет: 1
# 
📊 РЕЗУЛЬТАТЫ ХОДА 7:
✓ 💥 ПОПАДАНИЯ:
✓    Артиллерия C1 (Team C) → Тишина A5 (Team A)

--- Результаты хода ---
  Team A / Бурав A6           → Team C / Факел C4           @ (3,5,4)  (УБИТ)
  Team C / Артиллерия C1      → Team A / Тишина A5          @ (8,2,4)  (УБИТ)

--- Состояние команд после хода ---
  Team A: живых 3/8
    ✓ Радиовышка A2      @ (3,3,4) hp=3/3
    ✓ Факел A4           @ (3,1,4) hp=6/6
    ✓ Бурав A6           @ (3,5,4) hp=4/4
    ✗ Артиллерия A1      @ (6,1,4) [уничтожен]
    ✗ Прыгун A3          @ (7,0,4) [уничтожен]
    ✗ Тишина A5          @ (8,2,4) [уничтожен]
    ✗ Провокатор A7      @ (5,1,4) [уничтожен]
    ✗ Паук A8            @ (4,1,4) [уничтожен]
  Team B: живых 0/8
    ✗ Артиллерия B1      @ (1,0,4) [уничтожен]
    ✗ Радиовышка B2      @ (3,0,4) [уничтожен]
    ✗ Прыгун B3          @ (5,1,4) [уничтожен]
    ✗ Факел B4           @ (9,0,4) [уничтожен]
    ✗ Тишина B5          @ (0,0,4) [уничтожен]
    ✗ Бурав B6           @ (8,1,4) [уничтожен]
    ✗ Провокатор B7      @ (5,0,4) [уничтожен]
    ✗ Паук B8            @ (4,0,4) [уничтожен]
  Team C: живых 6/8
    ✓ Артиллерия C1      @ (7,6,5) hp=1/1
    ✓ Радиовышка C2      @ (7,1,4) hp=3/3
    ✓ Тишина C5          @ (3,4,4) hp=2/2
    ✓ Бурав C6           @ (6,5,5) hp=4/4
    ✓ Провокатор C7      @ (2,5,5) hp=2/2
    ✓ Паук C8            @ (4,5,4) hp=1/1
    ✗ Прыгун C3          @ (4,4,4) [уничтожен]
    ✗ Факел C4           @ (3,5,4) [уничтожен]

======================================================================
ХОД 8
======================================================================
✓ 🎮 GM: начинаем ход
GM: start_turn

--- Радиовышки: сканирование слоя Z ---
  Радиовышка A2 (z=4): видит 3 врагов  → Тишина C5(3,4,4), Паук C8(4,5,4), Радиовышка C2(7,1,4)
  Радиовышка C2 (z=4): видит 3 врагов  → Факел A4(3,1,4), Радиовышка A2(3,3,4), Бурав A6(3,5,4)

--- Решения ботов ---
  [Team A] Радиовышка A2 (3,3,4) → MOVE (3,4,4)
  [Team A] Факел A4 (3,1,4) → SHOOT at (3,4,4)
  [Team A] Бурав A6 (3,5,4) → MOVE (2,5,5)
  [Team B] все корабли пропускают ход
  [Team C] Артиллерия C1 (7,6,5) → SHOOT at (3,1,4)
  [Team C] Радиовышка C2 (7,1,4) → MOVE (6,2,4)
  [Team C] Тишина C5 (3,4,4) → MOVE (3,3,4)
  [Team C] Бурав C6 (6,5,5) → MOVE (5,4,4)
  [Team C] Провокатор C7 (2,5,5) → HOLOGRAM (3,5,4)
  [Team C] Паук C8 (4,5,4) → MINE (3,5,4)
! 🎮 GM: принудительно завершает фазу планирования
GM: end_planning
# 
============================================================
# 🔄 ОБРАБОТКА ХОДА 8
# ============================================================
!    ⚠️ Провокатор C7: клетка (3,5,4) занята кораблём
!    ⚠️ Паук C8: клетка (3,5,4) занята кораблём

📦 ПЕРЕМЕЩЕНИЯ:
!    ⚠️ Радиовышка A2: клетка (3,4,4) занята
✓    💥 Бурав A6 тараном уничтожил Провокатор C7 в (2,5,5)
   Бурав A6: (3, 5, 4) → (2,5,5)
   Радиовышка C2: (7, 1, 4) → (6,2,4)
!    ⚠️ Тишина C5: клетка (3,3,4) занята
!    ⚠️ Бурав C6: Бурав двигается только по 1 оси или по 2 осям строго диагонально

🎯 ВЫСТРЕЛЫ:
!    🛡️ Выстрел Факел A4 заблокирован союзником Радиовышка A2 в (3, 3, 4)
✓    ✅ Артиллерия C1 поразил Факел A4 (2 урона)!
   Выпущено ракет: 2
# 
📊 РЕЗУЛЬТАТЫ ХОДА 8:
✓ 💥 ПОПАДАНИЯ:
✓    Артиллерия C1 (Team C) → Факел A4 (Team A)

--- Результаты хода ---
  Team A / Бурав A6           → Team C / Провокатор C7      @ (2,5,5)  (УБИТ)
  Team C / Артиллерия C1      → Team A / Факел A4           @ (3,1,4)  (ранен)

--- Состояние команд после хода ---
  Team A: живых 3/8
    ✓ Радиовышка A2      @ (3,3,4) hp=3/3
    ✓ Факел A4           @ (3,1,4) hp=4/6
    ✓ Бурав A6           @ (2,5,5) hp=4/4
    ✗ Артиллерия A1      @ (6,1,4) [уничтожен]
    ✗ Прыгун A3          @ (7,0,4) [уничтожен]
    ✗ Тишина A5          @ (8,2,4) [уничтожен]
    ✗ Провокатор A7      @ (5,1,4) [уничтожен]
    ✗ Паук A8            @ (4,1,4) [уничтожен]
  Team B: живых 0/8
    ✗ Артиллерия B1      @ (1,0,4) [уничтожен]
    ✗ Радиовышка B2      @ (3,0,4) [уничтожен]
    ✗ Прыгун B3          @ (5,1,4) [уничтожен]
    ✗ Факел B4           @ (9,0,4) [уничтожен]
    ✗ Тишина B5          @ (0,0,4) [уничтожен]
    ✗ Бурав B6           @ (8,1,4) [уничтожен]
    ✗ Провокатор B7      @ (5,0,4) [уничтожен]
    ✗ Паук B8            @ (4,0,4) [уничтожен]
  Team C: живых 5/8
    ✓ Артиллерия C1      @ (7,6,5) hp=1/1
    ✓ Радиовышка C2      @ (6,2,4) hp=3/3
    ✓ Тишина C5          @ (3,4,4) hp=2/2
    ✓ Бурав C6           @ (6,5,5) hp=4/4
    ✓ Паук C8            @ (4,5,4) hp=1/1
    ✗ Прыгун C3          @ (4,4,4) [уничтожен]
    ✗ Факел C4           @ (3,5,4) [уничтожен]
    ✗ Провокатор C7      @ (2,5,5) [уничтожен]

======================================================================
ХОД 9
======================================================================
✓ 🎮 GM: начинаем ход
GM: start_turn

--- Радиовышки: сканирование слоя Z ---
  Радиовышка A2 (z=4): видит 3 врагов  → Тишина C5(3,4,4), Паук C8(4,5,4), Радиовышка C2(6,2,4)
  Радиовышка C2 (z=4): видит 2 врагов  → Факел A4(3,1,4), Радиовышка A2(3,3,4)

--- Решения ботов ---
  [Team A] Радиовышка A2 (3,3,4) → MOVE (3,4,4)
  [Team A] Факел A4 (3,1,4) → HEAL (AoE)
  [Team A] Бурав A6 (2,5,5) → MOVE (3,5,5)
  [Team B] все корабли пропускают ход
  [Team C] Артиллерия C1 (7,6,5) → SHOOT at (3,1,4)
  [Team C] Радиовышка C2 (6,2,4) → MOVE (5,3,4)
  [Team C] Тишина C5 (3,4,4) → MOVE (3,3,4)
  [Team C] Бурав C6 (6,5,5) → MOVE (5,4,4)
  [Team C] Паук C8 (4,5,4) → MINE (4,4,4)
! 🎮 GM: принудительно завершает фазу планирования
GM: end_planning
# 
============================================================
# 🔄 ОБРАБОТКА ХОДА 9
# ============================================================
!    ⚠️ Паук C8: в клетке уже стоит мина

📦 ПЕРЕМЕЩЕНИЯ:
!    ⚠️ Радиовышка A2: клетка (3,4,4) занята
✓    💥 Бурав A6 тараном сбросил голограмму H4
   Бурав A6: (2, 5, 5) → (3,5,5)
   Радиовышка C2: (6, 2, 4) → (5,3,4)
!    ⚠️ Тишина C5: клетка (3,3,4) занята
!    ⚠️ Бурав C6: Бурав двигается только по 1 оси или по 2 осям строго диагонально

🎯 ВЫСТРЕЛЫ:
✓    ✅ Артиллерия C1 поразил Факел A4 (2 урона)!
✓    💚 Факел A4 лечит Факел A4 → hits=3/6
   Выпущено ракет: 1
# 
📊 РЕЗУЛЬТАТЫ ХОДА 9:
✓ 💥 ПОПАДАНИЯ:
✓    Артиллерия C1 (Team C) → Факел A4 (Team A)

--- Результаты хода ---
  Team C / Артиллерия C1      → Team A / Факел A4           @ (3,1,4)  (ранен)

--- Состояние команд после хода ---
  Team A: живых 3/8
    ✓ Радиовышка A2      @ (3,3,4) hp=3/3
    ✓ Факел A4           @ (3,1,4) hp=3/6
    ✓ Бурав A6           @ (3,5,5) hp=4/4
    ✗ Артиллерия A1      @ (6,1,4) [уничтожен]
    ✗ Прыгун A3          @ (7,0,4) [уничтожен]
    ✗ Тишина A5          @ (8,2,4) [уничтожен]
    ✗ Провокатор A7      @ (5,1,4) [уничтожен]
    ✗ Паук A8            @ (4,1,4) [уничтожен]
  Team B: живых 0/8
    ✗ Артиллерия B1      @ (1,0,4) [уничтожен]
    ✗ Радиовышка B2      @ (3,0,4) [уничтожен]
    ✗ Прыгун B3          @ (5,1,4) [уничтожен]
    ✗ Факел B4           @ (9,0,4) [уничтожен]
    ✗ Тишина B5          @ (0,0,4) [уничтожен]
    ✗ Бурав B6           @ (8,1,4) [уничтожен]
    ✗ Провокатор B7      @ (5,0,4) [уничтожен]
    ✗ Паук B8            @ (4,0,4) [уничтожен]
  Team C: живых 5/8
    ✓ Артиллерия C1      @ (7,6,5) hp=1/1
    ✓ Радиовышка C2      @ (5,3,4) hp=3/3
    ✓ Тишина C5          @ (3,4,4) hp=2/2
    ✓ Бурав C6           @ (6,5,5) hp=4/4
    ✓ Паук C8            @ (4,5,4) hp=1/1
    ✗ Прыгун C3          @ (4,4,4) [уничтожен]
    ✗ Факел C4           @ (3,5,4) [уничтожен]
    ✗ Провокатор C7      @ (2,5,5) [уничтожен]

======================================================================
ХОД 10
======================================================================
✓ 🎮 GM: начинаем ход
GM: start_turn

--- Радиовышки: сканирование слоя Z ---
  Радиовышка A2 (z=4): видит 3 врагов  → Тишина C5(3,4,4), Паук C8(4,5,4), Радиовышка C2(5,3,4)
  Радиовышка C2 (z=4): видит 2 врагов  → Факел A4(3,1,4), Радиовышка A2(3,3,4)

--- Решения ботов ---
  [Team A] Радиовышка A2 (3,3,4) → MOVE (3,4,4)
  [Team A] Факел A4 (3,1,4) → HEAL (AoE)
  [Team A] Бурав A6 (3,5,5) → MOVE (6,5,5)
  [Team B] все корабли пропускают ход
  [Team C] Артиллерия C1 (7,6,5) → SHOOT at (3,1,4)
  [Team C] Радиовышка C2 (5,3,4) → MOVE (4,3,4)
  [Team C] Тишина C5 (3,4,4) → PHASE toggle
  [Team C] Бурав C6 (6,5,5) → MOVE (3,5,5)
  [Team C] Паук C8 (4,5,4) → MINE (4,5,5)
! 🎮 GM: принудительно завершает фазу планирования
GM: end_planning
# 
============================================================
# 🔄 ОБРАБОТКА ХОДА 10
# ============================================================
   🌀 Тишина C5: уходит в фазу на 1 ход
   💣 Паук C8 установил мину M5 в (4,5,5)

📦 ПЕРЕМЕЩЕНИЯ:
   Радиовышка A2: (3, 3, 4) → (3,4,4)
!    💥 Мина M1 сработала под Радиовышка A2 (урон 2)
✓    💥 Бурав A6 тараном уничтожил Бурав C6 в (6,5,5)
   Бурав A6: (3, 5, 5) → (6,5,5)
   Радиовышка C2: (5, 3, 4) → (4,3,4)

🎯 ВЫСТРЕЛЫ:
✓    ✅ Артиллерия C1 поразил Факел A4 (2 урона)!
✓    💚 Факел A4 лечит Факел A4 → hits=4/6
   Выпущено ракет: 1
# 
📊 РЕЗУЛЬТАТЫ ХОДА 10:
✓ 💥 ПОПАДАНИЯ:
✓    Артиллерия C1 (Team C) → Факел A4 (Team A)

--- Результаты хода ---
  ? / ?                  → Team A / Радиовышка A2      @ (3,4,4)  (ранен)
  Team A / Бурав A6           → Team C / Бурав C6           @ (6,5,5)  (УБИТ)
  Team C / Артиллерия C1      → Team A / Факел A4           @ (3,1,4)  (ранен)

--- Состояние команд после хода ---
  Team A: живых 3/8
    ✓ Радиовышка A2      @ (3,4,4) hp=1/3
    ✓ Факел A4           @ (3,1,4) hp=2/6
    ✓ Бурав A6           @ (6,5,5) hp=4/4
    ✗ Артиллерия A1      @ (6,1,4) [уничтожен]
    ✗ Прыгун A3          @ (7,0,4) [уничтожен]
    ✗ Тишина A5          @ (8,2,4) [уничтожен]
    ✗ Провокатор A7      @ (5,1,4) [уничтожен]
    ✗ Паук A8            @ (4,1,4) [уничтожен]
  Team B: живых 0/8
    ✗ Артиллерия B1      @ (1,0,4) [уничтожен]
    ✗ Радиовышка B2      @ (3,0,4) [уничтожен]
    ✗ Прыгун B3          @ (5,1,4) [уничтожен]
    ✗ Факел B4           @ (9,0,4) [уничтожен]
    ✗ Тишина B5          @ (0,0,4) [уничтожен]
    ✗ Бурав B6           @ (8,1,4) [уничтожен]
    ✗ Провокатор B7      @ (5,0,4) [уничтожен]
    ✗ Паук B8            @ (4,0,4) [уничтожен]
  Team C: живых 4/8
    ✓ Артиллерия C1      @ (7,6,5) hp=1/1
    ✓ Радиовышка C2      @ (4,3,4) hp=3/3
    ✓ Тишина C5          @ (3,4,4) hp=2/2
    ✓ Паук C8            @ (4,5,4) hp=1/1
    ✗ Прыгун C3          @ (4,4,4) [уничтожен]
    ✗ Факел C4           @ (3,5,4) [уничтожен]
    ✗ Бурав C6           @ (6,5,5) [уничтожен]
    ✗ Провокатор C7      @ (2,5,5) [уничтожен]

======================================================================
ХОД 11
======================================================================
✓ 🎮 GM: начинаем ход
GM: start_turn

--- Радиовышки: сканирование слоя Z ---
  Радиовышка A2 (z=4): видит 2 врагов  → Радиовышка C2(4,3,4), Паук C8(4,5,4)
  Радиовышка C2 (z=4): видит 2 врагов  → Факел A4(3,1,4), Радиовышка A2(3,4,4)

--- Решения ботов ---
  [Team A] Радиовышка A2 (3,4,4) → MOVE (4,3,4)
  [Team A] Факел A4 (3,1,4) → HEAL (AoE)
  [Team A] Бурав A6 (6,5,5) → MOVE (7,6,5)
  [Team B] все корабли пропускают ход
  [Team C] Артиллерия C1 (7,6,5) → SHOOT at (3,1,4)
  [Team C] Радиовышка C2 (4,3,4) → MOVE (3,3,4)
  [Team C] Паук C8 (4,5,4) → MINE (3,5,4)
  [Team C] Тишина C5 → SKIP
! 🎮 GM: принудительно завершает фазу планирования
GM: end_planning
# 
============================================================
# 🔄 ОБРАБОТКА ХОДА 11
# ============================================================
   🌀 Тишина C5: фаза спала (действовала 1 ход)
   💣 Паук C8 установил мину M6 в (3,5,4)

📦 ПЕРЕМЕЩЕНИЯ:
!    ⚠️ Радиовышка A2: клетка (4,3,4) занята
✓    💥 Бурав A6 тараном уничтожил Артиллерия C1 в (7,6,5)
   Бурав A6: (6, 5, 5) → (7,6,5)
   Радиовышка C2: (4, 3, 4) → (3,3,4)

🎯 ВЫСТРЕЛЫ:
✓    💚 Факел A4 лечит Факел A4 → hits=3/6
   Выпущено ракет: 0
# 
📊 РЕЗУЛЬТАТЫ ХОДА 11:
🎯 Попаданий нет

--- Результаты хода ---
  Team A / Бурав A6           → Team C / Артиллерия C1      @ (7,6,5)  (УБИТ)

--- Состояние команд после хода ---
  Team A: живых 3/8
    ✓ Радиовышка A2      @ (3,4,4) hp=1/3
    ✓ Факел A4           @ (3,1,4) hp=3/6
    ✓ Бурав A6           @ (7,6,5) hp=4/4
    ✗ Артиллерия A1      @ (6,1,4) [уничтожен]
    ✗ Прыгун A3          @ (7,0,4) [уничтожен]
    ✗ Тишина A5          @ (8,2,4) [уничтожен]
    ✗ Провокатор A7      @ (5,1,4) [уничтожен]
    ✗ Паук A8            @ (4,1,4) [уничтожен]
  Team B: живых 0/8
    ✗ Артиллерия B1      @ (1,0,4) [уничтожен]
    ✗ Радиовышка B2      @ (3,0,4) [уничтожен]
    ✗ Прыгун B3          @ (5,1,4) [уничтожен]
    ✗ Факел B4           @ (9,0,4) [уничтожен]
    ✗ Тишина B5          @ (0,0,4) [уничтожен]
    ✗ Бурав B6           @ (8,1,4) [уничтожен]
    ✗ Провокатор B7      @ (5,0,4) [уничтожен]
    ✗ Паук B8            @ (4,0,4) [уничтожен]
  Team C: живых 3/8
    ✓ Радиовышка C2      @ (3,3,4) hp=3/3
    ✓ Тишина C5          @ (3,4,4) hp=2/2
    ✓ Паук C8            @ (4,5,4) hp=1/1
    ✗ Артиллерия C1      @ (7,6,5) [уничтожен]
    ✗ Прыгун C3          @ (4,4,4) [уничтожен]
    ✗ Факел C4           @ (3,5,4) [уничтожен]
    ✗ Бурав C6           @ (6,5,5) [уничтожен]
    ✗ Провокатор C7      @ (2,5,5) [уничтожен]

======================================================================
ХОД 12
======================================================================
✓ 🎮 GM: начинаем ход
GM: start_turn

--- Радиовышки: сканирование слоя Z ---
  Радиовышка A2 (z=4): видит 3 врагов  → Радиовышка C2(3,3,4), Тишина C5(3,4,4), Паук C8(4,5,4)
  Радиовышка C2 (z=4): видит 2 врагов  → Факел A4(3,1,4), Радиовышка A2(3,4,4)

--- Решения ботов ---
  [Team A] Факел A4 (3,1,4) → HEAL (AoE)
  [Team A] Бурав A6 (7,6,5) → MOVE (6,5,4)
  [Team A] Радиовышка A2 → SKIP
  [Team B] все корабли пропускают ход
  [Team C] Паук C8 (4,5,4) → MINE (3,5,4)
  [Team C] Радиовышка C2 → SKIP
  [Team C] Тишина C5 → SKIP
! 🎮 GM: принудительно завершает фазу планирования
GM: end_planning
# 
============================================================
# 🔄 ОБРАБОТКА ХОДА 12
# ============================================================
!    ⚠️ Паук C8: в клетке уже стоит мина

📦 ПЕРЕМЕЩЕНИЯ:
!    ⚠️ Бурав A6: Бурав двигается только по 1 оси или по 2 осям строго диагонально

🎯 ВЫСТРЕЛЫ:
✓    💚 Факел A4 лечит Факел A4 → hits=2/6
   Выпущено ракет: 0
# 
📊 РЕЗУЛЬТАТЫ ХОДА 12:
🎯 Попаданий нет

--- Результаты хода ---
  Попаданий нет

--- Состояние команд после хода ---
  Team A: живых 3/8
    ✓ Радиовышка A2      @ (3,4,4) hp=1/3
    ✓ Факел A4           @ (3,1,4) hp=4/6
    ✓ Бурав A6           @ (7,6,5) hp=4/4
    ✗ Артиллерия A1      @ (6,1,4) [уничтожен]
    ✗ Прыгун A3          @ (7,0,4) [уничтожен]
    ✗ Тишина A5          @ (8,2,4) [уничтожен]
    ✗ Провокатор A7      @ (5,1,4) [уничтожен]
    ✗ Паук A8            @ (4,1,4) [уничтожен]
  Team B: живых 0/8
    ✗ Артиллерия B1      @ (1,0,4) [уничтожен]
    ✗ Радиовышка B2      @ (3,0,4) [уничтожен]
    ✗ Прыгун B3          @ (5,1,4) [уничтожен]
    ✗ Факел B4           @ (9,0,4) [уничтожен]
    ✗ Тишина B5          @ (0,0,4) [уничтожен]
    ✗ Бурав B6           @ (8,1,4) [уничтожен]
    ✗ Провокатор B7      @ (5,0,4) [уничтожен]
    ✗ Паук B8            @ (4,0,4) [уничтожен]
  Team C: живых 3/8
    ✓ Радиовышка C2      @ (3,3,4) hp=3/3
    ✓ Тишина C5          @ (3,4,4) hp=2/2
    ✓ Паук C8            @ (4,5,4) hp=1/1
    ✗ Артиллерия C1      @ (7,6,5) [уничтожен]
    ✗ Прыгун C3          @ (4,4,4) [уничтожен]
    ✗ Факел C4           @ (3,5,4) [уничтожен]
    ✗ Бурав C6           @ (6,5,5) [уничтожен]
    ✗ Провокатор C7      @ (2,5,5) [уничтожен]

======================================================================
ХОД 13
======================================================================
✓ 🎮 GM: начинаем ход
GM: start_turn

--- Радиовышки: сканирование слоя Z ---
  Радиовышка A2 (z=4): видит 3 врагов  → Радиовышка C2(3,3,4), Тишина C5(3,4,4), Паук C8(4,5,4)
  Радиовышка C2 (z=4): видит 2 врагов  → Факел A4(3,1,4), Радиовышка A2(3,4,4)

--- Решения ботов ---
  [Team A] Факел A4 (3,1,4) → HEAL (AoE)
  [Team A] Бурав A6 (7,6,5) → MOVE (6,5,4)
  [Team A] Радиовышка A2 → SKIP
  [Team B] все корабли пропускают ход
  [Team C] Паук C8 (4,5,4) → MINE (3,5,4)
  [Team C] Радиовышка C2 → SKIP
  [Team C] Тишина C5 → SKIP
! 🎮 GM: принудительно завершает фазу планирования
GM: end_planning
# 
============================================================
# 🔄 ОБРАБОТКА ХОДА 13
# ============================================================
!    ⚠️ Паук C8: в клетке уже стоит мина

📦 ПЕРЕМЕЩЕНИЯ:
!    ⚠️ Бурав A6: Бурав двигается только по 1 оси или по 2 осям строго диагонально

🎯 ВЫСТРЕЛЫ:
✓    💚 Факел A4 лечит Факел A4 → hits=1/6
   Выпущено ракет: 0
# 
📊 РЕЗУЛЬТАТЫ ХОДА 13:
🎯 Попаданий нет

--- Результаты хода ---
  Попаданий нет

--- Состояние команд после хода ---
  Team A: живых 3/8
    ✓ Радиовышка A2      @ (3,4,4) hp=1/3
    ✓ Факел A4           @ (3,1,4) hp=5/6
    ✓ Бурав A6           @ (7,6,5) hp=4/4
    ✗ Артиллерия A1      @ (6,1,4) [уничтожен]
    ✗ Прыгун A3          @ (7,0,4) [уничтожен]
    ✗ Тишина A5          @ (8,2,4) [уничтожен]
    ✗ Провокатор A7      @ (5,1,4) [уничтожен]
    ✗ Паук A8            @ (4,1,4) [уничтожен]
  Team B: живых 0/8
    ✗ Артиллерия B1      @ (1,0,4) [уничтожен]
    ✗ Радиовышка B2      @ (3,0,4) [уничтожен]
    ✗ Прыгун B3          @ (5,1,4) [уничтожен]
    ✗ Факел B4           @ (9,0,4) [уничтожен]
    ✗ Тишина B5          @ (0,0,4) [уничтожен]
    ✗ Бурав B6           @ (8,1,4) [уничтожен]
    ✗ Провокатор B7      @ (5,0,4) [уничтожен]
    ✗ Паук B8            @ (4,0,4) [уничтожен]
  Team C: живых 3/8
    ✓ Радиовышка C2      @ (3,3,4) hp=3/3
    ✓ Тишина C5          @ (3,4,4) hp=2/2
    ✓ Паук C8            @ (4,5,4) hp=1/1
    ✗ Артиллерия C1      @ (7,6,5) [уничтожен]
    ✗ Прыгун C3          @ (4,4,4) [уничтожен]
    ✗ Факел C4           @ (3,5,4) [уничтожен]
    ✗ Бурав C6           @ (6,5,5) [уничтожен]
    ✗ Провокатор C7      @ (2,5,5) [уничтожен]

======================================================================
ХОД 14
======================================================================
✓ 🎮 GM: начинаем ход
GM: start_turn

--- Радиовышки: сканирование слоя Z ---
  Радиовышка A2 (z=4): видит 3 врагов  → Радиовышка C2(3,3,4), Тишина C5(3,4,4), Паук C8(4,5,4)
  Радиовышка C2 (z=4): видит 2 врагов  → Факел A4(3,1,4), Радиовышка A2(3,4,4)

--- Решения ботов ---
  [Team A] Факел A4 (3,1,4) → HEAL (AoE)
  [Team A] Бурав A6 (7,6,5) → MOVE (6,5,4)
  [Team A] Радиовышка A2 → SKIP
  [Team B] все корабли пропускают ход
  [Team C] Тишина C5 (3,4,4) → PHASE toggle
  [Team C] Паук C8 (4,5,4) → MINE (3,5,4)
  [Team C] Радиовышка C2 → SKIP
! 🎮 GM: принудительно завершает фазу планирования
GM: end_planning
# 
============================================================
# 🔄 ОБРАБОТКА ХОДА 14
# ============================================================
   🌀 Тишина C5: уходит в фазу на 1 ход
!    ⚠️ Паук C8: в клетке уже стоит мина

📦 ПЕРЕМЕЩЕНИЯ:
!    ⚠️ Бурав A6: Бурав двигается только по 1 оси или по 2 осям строго диагонально

🎯 ВЫСТРЕЛЫ:
✓    💚 Факел A4 лечит Факел A4 → hits=0/6
   Выпущено ракет: 0
# 
📊 РЕЗУЛЬТАТЫ ХОДА 14:
🎯 Попаданий нет

--- Результаты хода ---
  Попаданий нет

--- Состояние команд после хода ---
  Team A: живых 3/8
    ✓ Радиовышка A2      @ (3,4,4) hp=1/3
    ✓ Факел A4           @ (3,1,4) hp=6/6
    ✓ Бурав A6           @ (7,6,5) hp=4/4
    ✗ Артиллерия A1      @ (6,1,4) [уничтожен]
    ✗ Прыгун A3          @ (7,0,4) [уничтожен]
    ✗ Тишина A5          @ (8,2,4) [уничтожен]
    ✗ Провокатор A7      @ (5,1,4) [уничтожен]
    ✗ Паук A8            @ (4,1,4) [уничтожен]
  Team B: живых 0/8
    ✗ Артиллерия B1      @ (1,0,4) [уничтожен]
    ✗ Радиовышка B2      @ (3,0,4) [уничтожен]
    ✗ Прыгун B3          @ (5,1,4) [уничтожен]
    ✗ Факел B4           @ (9,0,4) [уничтожен]
    ✗ Тишина B5          @ (0,0,4) [уничтожен]
    ✗ Бурав B6           @ (8,1,4) [уничтожен]
    ✗ Провокатор B7      @ (5,0,4) [уничтожен]
    ✗ Паук B8            @ (4,0,4) [уничтожен]
  Team C: живых 3/8
    ✓ Радиовышка C2      @ (3,3,4) hp=3/3
    ✓ Тишина C5          @ (3,4,4) hp=2/2
    ✓ Паук C8            @ (4,5,4) hp=1/1
    ✗ Артиллерия C1      @ (7,6,5) [уничтожен]
    ✗ Прыгун C3          @ (4,4,4) [уничтожен]
    ✗ Факел C4           @ (3,5,4) [уничтожен]
    ✗ Бурав C6           @ (6,5,5) [уничтожен]
    ✗ Провокатор C7      @ (2,5,5) [уничтожен]

======================================================================
ХОД 15
======================================================================
✓ 🎮 GM: начинаем ход
GM: start_turn

--- Радиовышки: сканирование слоя Z ---
  Радиовышка A2 (z=4): видит 2 врагов  → Радиовышка C2(3,3,4), Паук C8(4,5,4)
  Радиовышка C2 (z=4): видит 2 врагов  → Факел A4(3,1,4), Радиовышка A2(3,4,4)

--- Решения ботов ---
  [Team A] Радиовышка A2 (3,4,4) → MOVE (3,3,4)
  [Team A] Факел A4 (3,1,4) → SHOOT at (3,3,4)
  [Team A] Бурав A6 (7,6,5) → MOVE (6,5,4)
  [Team B] все корабли пропускают ход
  [Team C] Паук C8 (4,5,4) → MINE (4,4,4)
  [Team C] Радиовышка C2 → SKIP
  [Team C] Тишина C5 → SKIP
! 🎮 GM: принудительно завершает фазу планирования
GM: end_planning
# 
============================================================
# 🔄 ОБРАБОТКА ХОДА 15
# ============================================================
   🌀 Тишина C5: фаза спала (действовала 1 ход)
!    ⚠️ Паук C8: в клетке уже стоит мина

📦 ПЕРЕМЕЩЕНИЯ:
!    ⚠️ Радиовышка A2: клетка (3,3,4) занята
!    ⚠️ Бурав A6: Бурав двигается только по 1 оси или по 2 осям строго диагонально

🎯 ВЫСТРЕЛЫ:
✓    ✅ Факел A4 поразил Радиовышка C2 (1 урона)!
   Выпущено ракет: 1
# 
📊 РЕЗУЛЬТАТЫ ХОДА 15:
✓ 💥 ПОПАДАНИЯ:
✓    Факел A4 (Team A) → Радиовышка C2 (Team C)

--- Результаты хода ---
  Team A / Факел A4           → Team C / Радиовышка C2      @ (3,3,4)  (ранен)

--- Состояние команд после хода ---
  Team A: живых 3/8
    ✓ Радиовышка A2      @ (3,4,4) hp=1/3
    ✓ Факел A4           @ (3,1,4) hp=6/6
    ✓ Бурав A6           @ (7,6,5) hp=4/4
    ✗ Артиллерия A1      @ (6,1,4) [уничтожен]
    ✗ Прыгун A3          @ (7,0,4) [уничтожен]
    ✗ Тишина A5          @ (8,2,4) [уничтожен]
    ✗ Провокатор A7      @ (5,1,4) [уничтожен]
    ✗ Паук A8            @ (4,1,4) [уничтожен]
  Team B: живых 0/8
    ✗ Артиллерия B1      @ (1,0,4) [уничтожен]
    ✗ Радиовышка B2      @ (3,0,4) [уничтожен]
    ✗ Прыгун B3          @ (5,1,4) [уничтожен]
    ✗ Факел B4           @ (9,0,4) [уничтожен]
    ✗ Тишина B5          @ (0,0,4) [уничтожен]
    ✗ Бурав B6           @ (8,1,4) [уничтожен]
    ✗ Провокатор B7      @ (5,0,4) [уничтожен]
    ✗ Паук B8            @ (4,0,4) [уничтожен]
  Team C: живых 3/8
    ✓ Радиовышка C2      @ (3,3,4) hp=2/3
    ✓ Тишина C5          @ (3,4,4) hp=2/2
    ✓ Паук C8            @ (4,5,4) hp=1/1
    ✗ Артиллерия C1      @ (7,6,5) [уничтожен]
    ✗ Прыгун C3          @ (4,4,4) [уничтожен]
    ✗ Факел C4           @ (3,5,4) [уничтожен]
    ✗ Бурав C6           @ (6,5,5) [уничтожен]
    ✗ Провокатор C7      @ (2,5,5) [уничтожен]

======================================================================
ХОД 16
======================================================================
✓ 🎮 GM: начинаем ход
GM: start_turn

--- Радиовышки: сканирование слоя Z ---
  Радиовышка A2 (z=4): видит 3 врагов  → Радиовышка C2(3,3,4), Тишина C5(3,4,4), Паук C8(4,5,4)
  Радиовышка C2 (z=4): видит 2 врагов  → Факел A4(3,1,4), Радиовышка A2(3,4,4)

--- Решения ботов ---
  [Team A] Факел A4 (3,1,4) → SHOOT at (3,3,4)
  [Team A] Бурав A6 (7,6,5) → MOVE (6,5,4)
  [Team A] Радиовышка A2 → SKIP
  [Team B] все корабли пропускают ход
  [Team C] Паук C8 (4,5,4) → MINE (3,5,4)
  [Team C] Радиовышка C2 → SKIP
  [Team C] Тишина C5 → SKIP
! 🎮 GM: принудительно завершает фазу планирования
GM: end_planning
# 
============================================================
# 🔄 ОБРАБОТКА ХОДА 16
# ============================================================
!    ⚠️ Паук C8: в клетке уже стоит мина

📦 ПЕРЕМЕЩЕНИЯ:
!    ⚠️ Бурав A6: Бурав двигается только по 1 оси или по 2 осям строго диагонально

🎯 ВЫСТРЕЛЫ:
✓    ✅ Факел A4 поразил Радиовышка C2 (1 урона)!
   Выпущено ракет: 1
# 
📊 РЕЗУЛЬТАТЫ ХОДА 16:
✓ 💥 ПОПАДАНИЯ:
✓    Факел A4 (Team A) → Радиовышка C2 (Team C)

--- Результаты хода ---
  Team A / Факел A4           → Team C / Радиовышка C2      @ (3,3,4)  (ранен)

--- Состояние команд после хода ---
  Team A: живых 3/8
    ✓ Радиовышка A2      @ (3,4,4) hp=1/3
    ✓ Факел A4           @ (3,1,4) hp=6/6
    ✓ Бурав A6           @ (7,6,5) hp=4/4
    ✗ Артиллерия A1      @ (6,1,4) [уничтожен]
    ✗ Прыгун A3          @ (7,0,4) [уничтожен]
    ✗ Тишина A5          @ (8,2,4) [уничтожен]
    ✗ Провокатор A7      @ (5,1,4) [уничтожен]
    ✗ Паук A8            @ (4,1,4) [уничтожен]
  Team B: живых 0/8
    ✗ Артиллерия B1      @ (1,0,4) [уничтожен]
    ✗ Радиовышка B2      @ (3,0,4) [уничтожен]
    ✗ Прыгун B3          @ (5,1,4) [уничтожен]
    ✗ Факел B4           @ (9,0,4) [уничтожен]
    ✗ Тишина B5          @ (0,0,4) [уничтожен]
    ✗ Бурав B6           @ (8,1,4) [уничтожен]
    ✗ Провокатор B7      @ (5,0,4) [уничтожен]
    ✗ Паук B8            @ (4,0,4) [уничтожен]
  Team C: живых 3/8
    ✓ Радиовышка C2      @ (3,3,4) hp=1/3
    ✓ Тишина C5          @ (3,4,4) hp=2/2
    ✓ Паук C8            @ (4,5,4) hp=1/1
    ✗ Артиллерия C1      @ (7,6,5) [уничтожен]
    ✗ Прыгун C3          @ (4,4,4) [уничтожен]
    ✗ Факел C4           @ (3,5,4) [уничтожен]
    ✗ Бурав C6           @ (6,5,5) [уничтожен]
    ✗ Провокатор C7      @ (2,5,5) [уничтожен]

======================================================================
ХОД 17
======================================================================
✓ 🎮 GM: начинаем ход
GM: start_turn

--- Радиовышки: сканирование слоя Z ---
  Радиовышка A2 (z=4): видит 3 врагов  → Радиовышка C2(3,3,4), Тишина C5(3,4,4), Паук C8(4,5,4)
  Радиовышка C2 (z=4): видит 2 врагов  → Факел A4(3,1,4), Радиовышка A2(3,4,4)

--- Решения ботов ---
  [Team A] Факел A4 (3,1,4) → SHOOT at (3,3,4)
  [Team A] Бурав A6 (7,6,5) → MOVE (6,5,4)
  [Team A] Радиовышка A2 → SKIP
  [Team B] все корабли пропускают ход
  [Team C] Паук C8 (4,5,4) → MINE (3,5,4)
  [Team C] Радиовышка C2 → SKIP
  [Team C] Тишина C5 → SKIP
! 🎮 GM: принудительно завершает фазу планирования
GM: end_planning
# 
============================================================
# 🔄 ОБРАБОТКА ХОДА 17
# ============================================================
!    ⚠️ Паук C8: в клетке уже стоит мина

📦 ПЕРЕМЕЩЕНИЯ:
!    ⚠️ Бурав A6: Бурав двигается только по 1 оси или по 2 осям строго диагонально

🎯 ВЫСТРЕЛЫ:
✓    ✅ Факел A4 поразил Радиовышка C2 (1 урона)!
   Выпущено ракет: 1
# 
📊 РЕЗУЛЬТАТЫ ХОДА 17:
✓ 💥 ПОПАДАНИЯ:
✓    Факел A4 (Team A) → Радиовышка C2 (Team C)

--- Результаты хода ---
  Team A / Факел A4           → Team C / Радиовышка C2      @ (3,3,4)  (УБИТ)

--- Состояние команд после хода ---
  Team A: живых 3/8
    ✓ Радиовышка A2      @ (3,4,4) hp=1/3
    ✓ Факел A4           @ (3,1,4) hp=6/6
    ✓ Бурав A6           @ (7,6,5) hp=4/4
    ✗ Артиллерия A1      @ (6,1,4) [уничтожен]
    ✗ Прыгун A3          @ (7,0,4) [уничтожен]
    ✗ Тишина A5          @ (8,2,4) [уничтожен]
    ✗ Провокатор A7      @ (5,1,4) [уничтожен]
    ✗ Паук A8            @ (4,1,4) [уничтожен]
  Team B: живых 0/8
    ✗ Артиллерия B1      @ (1,0,4) [уничтожен]
    ✗ Радиовышка B2      @ (3,0,4) [уничтожен]
    ✗ Прыгун B3          @ (5,1,4) [уничтожен]
    ✗ Факел B4           @ (9,0,4) [уничтожен]
    ✗ Тишина B5          @ (0,0,4) [уничтожен]
    ✗ Бурав B6           @ (8,1,4) [уничтожен]
    ✗ Провокатор B7      @ (5,0,4) [уничтожен]
    ✗ Паук B8            @ (4,0,4) [уничтожен]
  Team C: живых 2/8
    ✓ Тишина C5          @ (3,4,4) hp=2/2
    ✓ Паук C8            @ (4,5,4) hp=1/1
    ✗ Артиллерия C1      @ (7,6,5) [уничтожен]
    ✗ Радиовышка C2      @ (3,3,4) [уничтожен]
    ✗ Прыгун C3          @ (4,4,4) [уничтожен]
    ✗ Факел C4           @ (3,5,4) [уничтожен]
    ✗ Бурав C6           @ (6,5,5) [уничтожен]
    ✗ Провокатор C7      @ (2,5,5) [уничтожен]

======================================================================
ХОД 18
======================================================================
✓ 🎮 GM: начинаем ход
GM: start_turn

--- Радиовышки: сканирование слоя Z ---
  Радиовышка A2 (z=4): видит 2 врагов  → Тишина C5(3,4,4), Паук C8(4,5,4)

--- Решения ботов ---
  [Team A] Факел A4 (3,1,4) → SHOOT at (3,4,4)
  [Team A] Бурав A6 (7,6,5) → MOVE (6,5,4)
  [Team A] Радиовышка A2 → SKIP
  [Team B] все корабли пропускают ход
  [Team C] Тишина C5 (3,4,4) → PHASE toggle
  [Team C] Паук C8 (4,5,4) → MINE (4,4,4)
! 🎮 GM: принудительно завершает фазу планирования
GM: end_planning
# 
============================================================
# 🔄 ОБРАБОТКА ХОДА 18
# ============================================================
   🌀 Тишина C5: уходит в фазу на 1 ход
!    ⚠️ Паук C8: в клетке уже стоит мина

📦 ПЕРЕМЕЩЕНИЯ:
!    ⚠️ Бурав A6: Бурав двигается только по 1 оси или по 2 осям строго диагонально

🎯 ВЫСТРЕЛЫ:
!    🛡️ Выстрел Факел A4 заблокирован союзником Радиовышка A2 в (3, 4, 4)
   Выпущено ракет: 1
# 
📊 РЕЗУЛЬТАТЫ ХОДА 18:
🎯 Попаданий нет

--- Результаты хода ---
  Попаданий нет

--- Состояние команд после хода ---
  Team A: живых 3/8
    ✓ Радиовышка A2      @ (3,4,4) hp=1/3
    ✓ Факел A4           @ (3,1,4) hp=6/6
    ✓ Бурав A6           @ (7,6,5) hp=4/4
    ✗ Артиллерия A1      @ (6,1,4) [уничтожен]
    ✗ Прыгун A3          @ (7,0,4) [уничтожен]
    ✗ Тишина A5          @ (8,2,4) [уничтожен]
    ✗ Провокатор A7      @ (5,1,4) [уничтожен]
    ✗ Паук A8            @ (4,1,4) [уничтожен]
  Team B: живых 0/8
    ✗ Артиллерия B1      @ (1,0,4) [уничтожен]
    ✗ Радиовышка B2      @ (3,0,4) [уничтожен]
    ✗ Прыгун B3          @ (5,1,4) [уничтожен]
    ✗ Факел B4           @ (9,0,4) [уничтожен]
    ✗ Тишина B5          @ (0,0,4) [уничтожен]
    ✗ Бурав B6           @ (8,1,4) [уничтожен]
    ✗ Провокатор B7      @ (5,0,4) [уничтожен]
    ✗ Паук B8            @ (4,0,4) [уничтожен]
  Team C: живых 2/8
    ✓ Тишина C5          @ (3,4,4) hp=2/2
    ✓ Паук C8            @ (4,5,4) hp=1/1
    ✗ Артиллерия C1      @ (7,6,5) [уничтожен]
    ✗ Радиовышка C2      @ (3,3,4) [уничтожен]
    ✗ Прыгун C3          @ (4,4,4) [уничтожен]
    ✗ Факел C4           @ (3,5,4) [уничтожен]
    ✗ Бурав C6           @ (6,5,5) [уничтожен]
    ✗ Провокатор C7      @ (2,5,5) [уничтожен]

======================================================================
ХОД 19
======================================================================
✓ 🎮 GM: начинаем ход
GM: start_turn

--- Радиовышки: сканирование слоя Z ---
  Радиовышка A2 (z=4): видит 1 врагов  → Паук C8(4,5,4)

--- Решения ботов ---
  [Team A] Радиовышка A2 (3,4,4) → MOVE (4,5,4)
  [Team A] Факел A4 (3,1,4) → MOVE (4,2,4)
  [Team A] Бурав A6 (7,6,5) → MOVE (6,5,4)
  [Team B] все корабли пропускают ход
  [Team C] Паук C8 (4,5,4) → MINE (4,4,4)
  [Team C] Тишина C5 → SKIP
! 🎮 GM: принудительно завершает фазу планирования
GM: end_planning
# 
============================================================
# 🔄 ОБРАБОТКА ХОДА 19
# ============================================================
   🌀 Тишина C5: фаза спала (действовала 1 ход)
!    ⚠️ Паук C8: в клетке уже стоит мина

📦 ПЕРЕМЕЩЕНИЯ:
!    ⚠️ Радиовышка A2: клетка (4,5,4) занята
   Факел A4: (3, 1, 4) → (4,2,4)
!    ⚠️ Бурав A6: Бурав двигается только по 1 оси или по 2 осям строго диагонально

🎯 ВЫСТРЕЛЫ:
   Выпущено ракет: 0
# 
📊 РЕЗУЛЬТАТЫ ХОДА 19:
🎯 Попаданий нет

--- Результаты хода ---
  Попаданий нет

--- Состояние команд после хода ---
  Team A: живых 3/8
    ✓ Радиовышка A2      @ (3,4,4) hp=1/3
    ✓ Факел A4           @ (4,2,4) hp=6/6
    ✓ Бурав A6           @ (7,6,5) hp=4/4
    ✗ Артиллерия A1      @ (6,1,4) [уничтожен]
    ✗ Прыгун A3          @ (7,0,4) [уничтожен]
    ✗ Тишина A5          @ (8,2,4) [уничтожен]
    ✗ Провокатор A7      @ (5,1,4) [уничтожен]
    ✗ Паук A8            @ (4,1,4) [уничтожен]
  Team B: живых 0/8
    ✗ Артиллерия B1      @ (1,0,4) [уничтожен]
    ✗ Радиовышка B2      @ (3,0,4) [уничтожен]
    ✗ Прыгун B3          @ (5,1,4) [уничтожен]
    ✗ Факел B4           @ (9,0,4) [уничтожен]
    ✗ Тишина B5          @ (0,0,4) [уничтожен]
    ✗ Бурав B6           @ (8,1,4) [уничтожен]
    ✗ Провокатор B7      @ (5,0,4) [уничтожен]
    ✗ Паук B8            @ (4,0,4) [уничтожен]
  Team C: живых 2/8
    ✓ Тишина C5          @ (3,4,4) hp=2/2
    ✓ Паук C8            @ (4,5,4) hp=1/1
    ✗ Артиллерия C1      @ (7,6,5) [уничтожен]
    ✗ Радиовышка C2      @ (3,3,4) [уничтожен]
    ✗ Прыгун C3          @ (4,4,4) [уничтожен]
    ✗ Факел C4           @ (3,5,4) [уничтожен]
    ✗ Бурав C6           @ (6,5,5) [уничтожен]
    ✗ Провокатор C7      @ (2,5,5) [уничтожен]

======================================================================
ХОД 20
======================================================================
✓ 🎮 GM: начинаем ход
GM: start_turn

--- Радиовышки: сканирование слоя Z ---
  Радиовышка A2 (z=4): видит 2 врагов  → Тишина C5(3,4,4), Паук C8(4,5,4)

--- Решения ботов ---
  [Team A] Факел A4 (4,2,4) → HEAL (AoE)
  [Team A] Бурав A6 (7,6,5) → MOVE (6,5,4)
  [Team A] Радиовышка A2 → SKIP
  [Team B] все корабли пропускают ход
  [Team C] Паук C8 (4,5,4) → MINE (4,4,4)
  [Team C] Тишина C5 → SKIP
! 🎮 GM: принудительно завершает фазу планирования
GM: end_planning
# 
============================================================
# 🔄 ОБРАБОТКА ХОДА 20
# ============================================================
!    ⚠️ Паук C8: в клетке уже стоит мина

📦 ПЕРЕМЕЩЕНИЯ:
!    ⚠️ Бурав A6: Бурав двигается только по 1 оси или по 2 осям строго диагонально

🎯 ВЫСТРЕЛЫ:
✓    💚 Факел A4 лечит Радиовышка A2 → hits=1/3
   Выпущено ракет: 0
# 
📊 РЕЗУЛЬТАТЫ ХОДА 20:
🎯 Попаданий нет

--- Результаты хода ---
  Попаданий нет

--- Состояние команд после хода ---
  Team A: живых 3/8
    ✓ Радиовышка A2      @ (3,4,4) hp=2/3
    ✓ Факел A4           @ (4,2,4) hp=6/6
    ✓ Бурав A6           @ (7,6,5) hp=4/4
    ✗ Артиллерия A1      @ (6,1,4) [уничтожен]
    ✗ Прыгун A3          @ (7,0,4) [уничтожен]
    ✗ Тишина A5          @ (8,2,4) [уничтожен]
    ✗ Провокатор A7      @ (5,1,4) [уничтожен]
    ✗ Паук A8            @ (4,1,4) [уничтожен]
  Team B: живых 0/8
    ✗ Артиллерия B1      @ (1,0,4) [уничтожен]
    ✗ Радиовышка B2      @ (3,0,4) [уничтожен]
    ✗ Прыгун B3          @ (5,1,4) [уничтожен]
    ✗ Факел B4           @ (9,0,4) [уничтожен]
    ✗ Тишина B5          @ (0,0,4) [уничтожен]
    ✗ Бурав B6           @ (8,1,4) [уничтожен]
    ✗ Провокатор B7      @ (5,0,4) [уничтожен]
    ✗ Паук B8            @ (4,0,4) [уничтожен]
  Team C: живых 2/8
    ✓ Тишина C5          @ (3,4,4) hp=2/2
    ✓ Паук C8            @ (4,5,4) hp=1/1
    ✗ Артиллерия C1      @ (7,6,5) [уничтожен]
    ✗ Радиовышка C2      @ (3,3,4) [уничтожен]
    ✗ Прыгун C3          @ (4,4,4) [уничтожен]
    ✗ Факел C4           @ (3,5,4) [уничтожен]
    ✗ Бурав C6           @ (6,5,5) [уничтожен]
    ✗ Провокатор C7      @ (2,5,5) [уничтожен]

======================================================================
ХОД 21
======================================================================
✓ 🎮 GM: начинаем ход
GM: start_turn

--- Радиовышки: сканирование слоя Z ---
  Радиовышка A2 (z=4): видит 2 врагов  → Тишина C5(3,4,4), Паук C8(4,5,4)

--- Решения ботов ---
  [Team A] Факел A4 (4,2,4) → HEAL (AoE)
  [Team A] Бурав A6 (7,6,5) → MOVE (6,5,4)
  [Team A] Радиовышка A2 → SKIP
  [Team B] все корабли пропускают ход
  [Team C] Паук C8 (4,5,4) → MINE (4,4,4)
  [Team C] Тишина C5 → SKIP
! 🎮 GM: принудительно завершает фазу планирования
GM: end_planning
# 
============================================================
# 🔄 ОБРАБОТКА ХОДА 21
# ============================================================
!    ⚠️ Паук C8: в клетке уже стоит мина

📦 ПЕРЕМЕЩЕНИЯ:
!    ⚠️ Бурав A6: Бурав двигается только по 1 оси или по 2 осям строго диагонально

🎯 ВЫСТРЕЛЫ:
✓    💚 Факел A4 лечит Радиовышка A2 → hits=0/3
   Выпущено ракет: 0
# 
📊 РЕЗУЛЬТАТЫ ХОДА 21:
🎯 Попаданий нет

--- Результаты хода ---
  Попаданий нет

--- Состояние команд после хода ---
  Team A: живых 3/8
    ✓ Радиовышка A2      @ (3,4,4) hp=3/3
    ✓ Факел A4           @ (4,2,4) hp=6/6
    ✓ Бурав A6           @ (7,6,5) hp=4/4
    ✗ Артиллерия A1      @ (6,1,4) [уничтожен]
    ✗ Прыгун A3          @ (7,0,4) [уничтожен]
    ✗ Тишина A5          @ (8,2,4) [уничтожен]
    ✗ Провокатор A7      @ (5,1,4) [уничтожен]
    ✗ Паук A8            @ (4,1,4) [уничтожен]
  Team B: живых 0/8
    ✗ Артиллерия B1      @ (1,0,4) [уничтожен]
    ✗ Радиовышка B2      @ (3,0,4) [уничтожен]
    ✗ Прыгун B3          @ (5,1,4) [уничтожен]
    ✗ Факел B4           @ (9,0,4) [уничтожен]
    ✗ Тишина B5          @ (0,0,4) [уничтожен]
    ✗ Бурав B6           @ (8,1,4) [уничтожен]
    ✗ Провокатор B7      @ (5,0,4) [уничтожен]
    ✗ Паук B8            @ (4,0,4) [уничтожен]
  Team C: живых 2/8
    ✓ Тишина C5          @ (3,4,4) hp=2/2
    ✓ Паук C8            @ (4,5,4) hp=1/1
    ✗ Артиллерия C1      @ (7,6,5) [уничтожен]
    ✗ Радиовышка C2      @ (3,3,4) [уничтожен]
    ✗ Прыгун C3          @ (4,4,4) [уничтожен]
    ✗ Факел C4           @ (3,5,4) [уничтожен]
    ✗ Бурав C6           @ (6,5,5) [уничтожен]
    ✗ Провокатор C7      @ (2,5,5) [уничтожен]

======================================================================
ХОД 22
======================================================================
✓ 🎮 GM: начинаем ход
GM: start_turn

--- Радиовышки: сканирование слоя Z ---
  Радиовышка A2 (z=4): видит 2 врагов  → Тишина C5(3,4,4), Паук C8(4,5,4)

--- Решения ботов ---
  [Team A] Факел A4 (4,2,4) → SHOOT at (4,5,4)
  [Team A] Бурав A6 (7,6,5) → MOVE (6,5,4)
  [Team A] Радиовышка A2 → SKIP
  [Team B] все корабли пропускают ход
  [Team C] Тишина C5 (3,4,4) → PHASE toggle
  [Team C] Паук C8 (4,5,4) → MINE (4,4,4)
! 🎮 GM: принудительно завершает фазу планирования
GM: end_planning
# 
============================================================
# 🔄 ОБРАБОТКА ХОДА 22
# ============================================================
   🌀 Тишина C5: уходит в фазу на 1 ход
!    ⚠️ Паук C8: в клетке уже стоит мина

📦 ПЕРЕМЕЩЕНИЯ:
!    ⚠️ Бурав A6: Бурав двигается только по 1 оси или по 2 осям строго диагонально

🎯 ВЫСТРЕЛЫ:
✓    ✅ Факел A4 поразил Паук C8 (1 урона)!
   Выпущено ракет: 1
# 
📊 РЕЗУЛЬТАТЫ ХОДА 22:
✓ 💥 ПОПАДАНИЯ:
✓    Факел A4 (Team A) → Паук C8 (Team C)

--- Результаты хода ---
  Team A / Факел A4           → Team C / Паук C8            @ (4,5,4)  (УБИТ)

--- Состояние команд после хода ---
  Team A: живых 3/8
    ✓ Радиовышка A2      @ (3,4,4) hp=3/3
    ✓ Факел A4           @ (4,2,4) hp=6/6
    ✓ Бурав A6           @ (7,6,5) hp=4/4
    ✗ Артиллерия A1      @ (6,1,4) [уничтожен]
    ✗ Прыгун A3          @ (7,0,4) [уничтожен]
    ✗ Тишина A5          @ (8,2,4) [уничтожен]
    ✗ Провокатор A7      @ (5,1,4) [уничтожен]
    ✗ Паук A8            @ (4,1,4) [уничтожен]
  Team B: живых 0/8
    ✗ Артиллерия B1      @ (1,0,4) [уничтожен]
    ✗ Радиовышка B2      @ (3,0,4) [уничтожен]
    ✗ Прыгун B3          @ (5,1,4) [уничтожен]
    ✗ Факел B4           @ (9,0,4) [уничтожен]
    ✗ Тишина B5          @ (0,0,4) [уничтожен]
    ✗ Бурав B6           @ (8,1,4) [уничтожен]
    ✗ Провокатор B7      @ (5,0,4) [уничтожен]
    ✗ Паук B8            @ (4,0,4) [уничтожен]
  Team C: живых 1/8
    ✓ Тишина C5          @ (3,4,4) hp=2/2
    ✗ Артиллерия C1      @ (7,6,5) [уничтожен]
    ✗ Радиовышка C2      @ (3,3,4) [уничтожен]
    ✗ Прыгун C3          @ (4,4,4) [уничтожен]
    ✗ Факел C4           @ (3,5,4) [уничтожен]
    ✗ Бурав C6           @ (6,5,5) [уничтожен]
    ✗ Провокатор C7      @ (2,5,5) [уничтожен]
    ✗ Паук C8            @ (4,5,4) [уничтожен]

======================================================================
ХОД 23
======================================================================
✓ 🎮 GM: начинаем ход
GM: start_turn

--- Радиовышки: сканирование слоя Z ---
  Радиовышка A2 (z=4): слой чист

--- Решения ботов ---
  [Team A] Факел A4 (4,2,4) → MOVE (5,3,4)
  [Team A] Бурав A6 (7,6,5) → MOVE (6,5,4)
  [Team A] Радиовышка A2 → SKIP
  [Team B] все корабли пропускают ход
  [Team C] все корабли пропускают ход
! 🎮 GM: принудительно завершает фазу планирования
GM: end_planning
# 
============================================================
# 🔄 ОБРАБОТКА ХОДА 23
# ============================================================
   🌀 Тишина C5: фаза спала (действовала 1 ход)

📦 ПЕРЕМЕЩЕНИЯ:
   Факел A4: (4, 2, 4) → (5,3,4)
!    ⚠️ Бурав A6: Бурав двигается только по 1 оси или по 2 осям строго диагонально

🎯 ВЫСТРЕЛЫ:
   Выпущено ракет: 0
# 
📊 РЕЗУЛЬТАТЫ ХОДА 23:
🎯 Попаданий нет

--- Результаты хода ---
  Попаданий нет

--- Состояние команд после хода ---
  Team A: живых 3/8
    ✓ Радиовышка A2      @ (3,4,4) hp=3/3
    ✓ Факел A4           @ (5,3,4) hp=6/6
    ✓ Бурав A6           @ (7,6,5) hp=4/4
    ✗ Артиллерия A1      @ (6,1,4) [уничтожен]
    ✗ Прыгун A3          @ (7,0,4) [уничтожен]
    ✗ Тишина A5          @ (8,2,4) [уничтожен]
    ✗ Провокатор A7      @ (5,1,4) [уничтожен]
    ✗ Паук A8            @ (4,1,4) [уничтожен]
  Team B: живых 0/8
    ✗ Артиллерия B1      @ (1,0,4) [уничтожен]
    ✗ Радиовышка B2      @ (3,0,4) [уничтожен]
    ✗ Прыгун B3          @ (5,1,4) [уничтожен]
    ✗ Факел B4           @ (9,0,4) [уничтожен]
    ✗ Тишина B5          @ (0,0,4) [уничтожен]
    ✗ Бурав B6           @ (8,1,4) [уничтожен]
    ✗ Провокатор B7      @ (5,0,4) [уничтожен]
    ✗ Паук B8            @ (4,0,4) [уничтожен]
  Team C: живых 1/8
    ✓ Тишина C5          @ (3,4,4) hp=2/2
    ✗ Артиллерия C1      @ (7,6,5) [уничтожен]
    ✗ Радиовышка C2      @ (3,3,4) [уничтожен]
    ✗ Прыгун C3          @ (4,4,4) [уничтожен]
    ✗ Факел C4           @ (3,5,4) [уничтожен]
    ✗ Бурав C6           @ (6,5,5) [уничтожен]
    ✗ Провокатор C7      @ (2,5,5) [уничтожен]
    ✗ Паук C8            @ (4,5,4) [уничтожен]

======================================================================
ХОД 24
======================================================================
✓ 🎮 GM: начинаем ход
GM: start_turn

--- Радиовышки: сканирование слоя Z ---
  Радиовышка A2 (z=4): видит 1 врагов  → Тишина C5(3,4,4)

--- Решения ботов ---
  [Team A] Факел A4 (5,3,4) → MOVE (5,4,4)
  [Team A] Бурав A6 (7,6,5) → MOVE (6,5,4)
  [Team A] Радиовышка A2 → SKIP
  [Team B] все корабли пропускают ход
  [Team C] все корабли пропускают ход
! 🎮 GM: принудительно завершает фазу планирования
GM: end_planning
# 
============================================================
# 🔄 ОБРАБОТКА ХОДА 24
# ============================================================

📦 ПЕРЕМЕЩЕНИЯ:
   Факел A4: (5, 3, 4) → (5,4,4)
!    💥 Мина M3 сработала под Факел A4 (урон 2)
!    ⚠️ Бурав A6: Бурав двигается только по 1 оси или по 2 осям строго диагонально

🎯 ВЫСТРЕЛЫ:
   Выпущено ракет: 0
# 
📊 РЕЗУЛЬТАТЫ ХОДА 24:
🎯 Попаданий нет

--- Результаты хода ---
  ? / ?                  → Team A / Факел A4           @ (5,4,4)  (ранен)

--- Состояние команд после хода ---
  Team A: живых 3/8
    ✓ Радиовышка A2      @ (3,4,4) hp=3/3
    ✓ Факел A4           @ (5,4,4) hp=4/6
    ✓ Бурав A6           @ (7,6,5) hp=4/4
    ✗ Артиллерия A1      @ (6,1,4) [уничтожен]
    ✗ Прыгун A3          @ (7,0,4) [уничтожен]
    ✗ Тишина A5          @ (8,2,4) [уничтожен]
    ✗ Провокатор A7      @ (5,1,4) [уничтожен]
    ✗ Паук A8            @ (4,1,4) [уничтожен]
  Team B: живых 0/8
    ✗ Артиллерия B1      @ (1,0,4) [уничтожен]
    ✗ Радиовышка B2      @ (3,0,4) [уничтожен]
    ✗ Прыгун B3          @ (5,1,4) [уничтожен]
    ✗ Факел B4           @ (9,0,4) [уничтожен]
    ✗ Тишина B5          @ (0,0,4) [уничтожен]
    ✗ Бурав B6           @ (8,1,4) [уничтожен]
    ✗ Провокатор B7      @ (5,0,4) [уничтожен]
    ✗ Паук B8            @ (4,0,4) [уничтожен]
  Team C: живых 1/8
    ✓ Тишина C5          @ (3,4,4) hp=2/2
    ✗ Артиллерия C1      @ (7,6,5) [уничтожен]
    ✗ Радиовышка C2      @ (3,3,4) [уничтожен]
    ✗ Прыгун C3          @ (4,4,4) [уничтожен]
    ✗ Факел C4           @ (3,5,4) [уничтожен]
    ✗ Бурав C6           @ (6,5,5) [уничтожен]
    ✗ Провокатор C7      @ (2,5,5) [уничтожен]
    ✗ Паук C8            @ (4,5,4) [уничтожен]

======================================================================
ХОД 25
======================================================================
✓ 🎮 GM: начинаем ход
GM: start_turn

--- Радиовышки: сканирование слоя Z ---
  Радиовышка A2 (z=4): видит 1 врагов  → Тишина C5(3,4,4)

--- Решения ботов ---
  [Team A] Факел A4 (5,4,4) → HEAL (AoE)
  [Team A] Бурав A6 (7,6,5) → MOVE (6,5,4)
  [Team A] Радиовышка A2 → SKIP
  [Team B] все корабли пропускают ход
  [Team C] все корабли пропускают ход
! 🎮 GM: принудительно завершает фазу планирования
GM: end_planning
# 
============================================================
# 🔄 ОБРАБОТКА ХОДА 25
# ============================================================

📦 ПЕРЕМЕЩЕНИЯ:
!    ⚠️ Бурав A6: Бурав двигается только по 1 оси или по 2 осям строго диагонально

🎯 ВЫСТРЕЛЫ:
✓    💚 Факел A4 лечит Факел A4 → hits=1/6
   Выпущено ракет: 0
# 
📊 РЕЗУЛЬТАТЫ ХОДА 25:
🎯 Попаданий нет

--- Результаты хода ---
  Попаданий нет

--- Состояние команд после хода ---
  Team A: живых 3/8
    ✓ Радиовышка A2      @ (3,4,4) hp=3/3
    ✓ Факел A4           @ (5,4,4) hp=5/6
    ✓ Бурав A6           @ (7,6,5) hp=4/4
    ✗ Артиллерия A1      @ (6,1,4) [уничтожен]
    ✗ Прыгун A3          @ (7,0,4) [уничтожен]
    ✗ Тишина A5          @ (8,2,4) [уничтожен]
    ✗ Провокатор A7      @ (5,1,4) [уничтожен]
    ✗ Паук A8            @ (4,1,4) [уничтожен]
  Team B: живых 0/8
    ✗ Артиллерия B1      @ (1,0,4) [уничтожен]
    ✗ Радиовышка B2      @ (3,0,4) [уничтожен]
    ✗ Прыгун B3          @ (5,1,4) [уничтожен]
    ✗ Факел B4           @ (9,0,4) [уничтожен]
    ✗ Тишина B5          @ (0,0,4) [уничтожен]
    ✗ Бурав B6           @ (8,1,4) [уничтожен]
    ✗ Провокатор B7      @ (5,0,4) [уничтожен]
    ✗ Паук B8            @ (4,0,4) [уничтожен]
  Team C: живых 1/8
    ✓ Тишина C5          @ (3,4,4) hp=2/2
    ✗ Артиллерия C1      @ (7,6,5) [уничтожен]
    ✗ Радиовышка C2      @ (3,3,4) [уничтожен]
    ✗ Прыгун C3          @ (4,4,4) [уничтожен]
    ✗ Факел C4           @ (3,5,4) [уничтожен]
    ✗ Бурав C6           @ (6,5,5) [уничтожен]
    ✗ Провокатор C7      @ (2,5,5) [уничтожен]
    ✗ Паук C8            @ (4,5,4) [уничтожен]

======================================================================
ХОД 26
======================================================================
✓ 🎮 GM: начинаем ход
GM: start_turn

--- Радиовышки: сканирование слоя Z ---
  Радиовышка A2 (z=4): видит 1 врагов  → Тишина C5(3,4,4)

--- Решения ботов ---
  [Team A] Факел A4 (5,4,4) → HEAL (AoE)
  [Team A] Бурав A6 (7,6,5) → MOVE (6,5,4)
  [Team A] Радиовышка A2 → SKIP
  [Team B] все корабли пропускают ход
  [Team C] Тишина C5 (3,4,4) → PHASE toggle
! 🎮 GM: принудительно завершает фазу планирования
GM: end_planning
# 
============================================================
# 🔄 ОБРАБОТКА ХОДА 26
# ============================================================
   🌀 Тишина C5: уходит в фазу на 1 ход

📦 ПЕРЕМЕЩЕНИЯ:
!    ⚠️ Бурав A6: Бурав двигается только по 1 оси или по 2 осям строго диагонально

🎯 ВЫСТРЕЛЫ:
✓    💚 Факел A4 лечит Факел A4 → hits=0/6
   Выпущено ракет: 0
# 
📊 РЕЗУЛЬТАТЫ ХОДА 26:
🎯 Попаданий нет

--- Результаты хода ---
  Попаданий нет

--- Состояние команд после хода ---
  Team A: живых 3/8
    ✓ Радиовышка A2      @ (3,4,4) hp=3/3
    ✓ Факел A4           @ (5,4,4) hp=6/6
    ✓ Бурав A6           @ (7,6,5) hp=4/4
    ✗ Артиллерия A1      @ (6,1,4) [уничтожен]
    ✗ Прыгун A3          @ (7,0,4) [уничтожен]
    ✗ Тишина A5          @ (8,2,4) [уничтожен]
    ✗ Провокатор A7      @ (5,1,4) [уничтожен]
    ✗ Паук A8            @ (4,1,4) [уничтожен]
  Team B: живых 0/8
    ✗ Артиллерия B1      @ (1,0,4) [уничтожен]
    ✗ Радиовышка B2      @ (3,0,4) [уничтожен]
    ✗ Прыгун B3          @ (5,1,4) [уничтожен]
    ✗ Факел B4           @ (9,0,4) [уничтожен]
    ✗ Тишина B5          @ (0,0,4) [уничтожен]
    ✗ Бурав B6           @ (8,1,4) [уничтожен]
    ✗ Провокатор B7      @ (5,0,4) [уничтожен]
    ✗ Паук B8            @ (4,0,4) [уничтожен]
  Team C: живых 1/8
    ✓ Тишина C5          @ (3,4,4) hp=2/2
    ✗ Артиллерия C1      @ (7,6,5) [уничтожен]
    ✗ Радиовышка C2      @ (3,3,4) [уничтожен]
    ✗ Прыгун C3          @ (4,4,4) [уничтожен]
    ✗ Факел C4           @ (3,5,4) [уничтожен]
    ✗ Бурав C6           @ (6,5,5) [уничтожен]
    ✗ Провокатор C7      @ (2,5,5) [уничтожен]
    ✗ Паук C8            @ (4,5,4) [уничтожен]

======================================================================
ХОД 27
======================================================================
✓ 🎮 GM: начинаем ход
GM: start_turn

--- Радиовышки: сканирование слоя Z ---
  Радиовышка A2 (z=4): слой чист

--- Решения ботов ---
  [Team A] Факел A4 (5,4,4) → MOVE (5,5,4)
  [Team A] Бурав A6 (7,6,5) → MOVE (6,5,4)
  [Team A] Радиовышка A2 → SKIP
  [Team B] все корабли пропускают ход
  [Team C] все корабли пропускают ход
! 🎮 GM: принудительно завершает фазу планирования
GM: end_planning
# 
============================================================
# 🔄 ОБРАБОТКА ХОДА 27
# ============================================================
   🌀 Тишина C5: фаза спала (действовала 1 ход)

📦 ПЕРЕМЕЩЕНИЯ:
   Факел A4: (5, 4, 4) → (5,5,4)
!    ⚠️ Бурав A6: Бурав двигается только по 1 оси или по 2 осям строго диагонально

🎯 ВЫСТРЕЛЫ:
   Выпущено ракет: 0
# 
📊 РЕЗУЛЬТАТЫ ХОДА 27:
🎯 Попаданий нет

--- Результаты хода ---
  Попаданий нет

--- Состояние команд после хода ---
  Team A: живых 3/8
    ✓ Радиовышка A2      @ (3,4,4) hp=3/3
    ✓ Факел A4           @ (5,5,4) hp=6/6
    ✓ Бурав A6           @ (7,6,5) hp=4/4
    ✗ Артиллерия A1      @ (6,1,4) [уничтожен]
    ✗ Прыгун A3          @ (7,0,4) [уничтожен]
    ✗ Тишина A5          @ (8,2,4) [уничтожен]
    ✗ Провокатор A7      @ (5,1,4) [уничтожен]
    ✗ Паук A8            @ (4,1,4) [уничтожен]
  Team B: живых 0/8
    ✗ Артиллерия B1      @ (1,0,4) [уничтожен]
    ✗ Радиовышка B2      @ (3,0,4) [уничтожен]
    ✗ Прыгун B3          @ (5,1,4) [уничтожен]
    ✗ Факел B4           @ (9,0,4) [уничтожен]
    ✗ Тишина B5          @ (0,0,4) [уничтожен]
    ✗ Бурав B6           @ (8,1,4) [уничтожен]
    ✗ Провокатор B7      @ (5,0,4) [уничтожен]
    ✗ Паук B8            @ (4,0,4) [уничтожен]
  Team C: живых 1/8
    ✓ Тишина C5          @ (3,4,4) hp=2/2
    ✗ Артиллерия C1      @ (7,6,5) [уничтожен]
    ✗ Радиовышка C2      @ (3,3,4) [уничтожен]
    ✗ Прыгун C3          @ (4,4,4) [уничтожен]
    ✗ Факел C4           @ (3,5,4) [уничтожен]
    ✗ Бурав C6           @ (6,5,5) [уничтожен]
    ✗ Провокатор C7      @ (2,5,5) [уничтожен]
    ✗ Паук C8            @ (4,5,4) [уничтожен]

======================================================================
ХОД 28
======================================================================
✓ 🎮 GM: начинаем ход
GM: start_turn

--- Радиовышки: сканирование слоя Z ---
  Радиовышка A2 (z=4): видит 1 врагов  → Тишина C5(3,4,4)

--- Решения ботов ---
  [Team A] Бурав A6 (7,6,5) → MOVE (6,5,4)
  [Team A] Факел A4 → SKIP
  [Team A] Радиовышка A2 → SKIP
  [Team B] все корабли пропускают ход
  [Team C] все корабли пропускают ход
! 🎮 GM: принудительно завершает фазу планирования
GM: end_planning
# 
============================================================
# 🔄 ОБРАБОТКА ХОДА 28
# ============================================================

📦 ПЕРЕМЕЩЕНИЯ:
!    ⚠️ Бурав A6: Бурав двигается только по 1 оси или по 2 осям строго диагонально

🎯 ВЫСТРЕЛЫ:
   Выпущено ракет: 0
# 
📊 РЕЗУЛЬТАТЫ ХОДА 28:
🎯 Попаданий нет

--- Результаты хода ---
  Попаданий нет

--- Состояние команд после хода ---
  Team A: живых 3/8
    ✓ Радиовышка A2      @ (3,4,4) hp=3/3
    ✓ Факел A4           @ (5,5,4) hp=6/6
    ✓ Бурав A6           @ (7,6,5) hp=4/4
    ✗ Артиллерия A1      @ (6,1,4) [уничтожен]
    ✗ Прыгун A3          @ (7,0,4) [уничтожен]
    ✗ Тишина A5          @ (8,2,4) [уничтожен]
    ✗ Провокатор A7      @ (5,1,4) [уничтожен]
    ✗ Паук A8            @ (4,1,4) [уничтожен]
  Team B: живых 0/8
    ✗ Артиллерия B1      @ (1,0,4) [уничтожен]
    ✗ Радиовышка B2      @ (3,0,4) [уничтожен]
    ✗ Прыгун B3          @ (5,1,4) [уничтожен]
    ✗ Факел B4           @ (9,0,4) [уничтожен]
    ✗ Тишина B5          @ (0,0,4) [уничтожен]
    ✗ Бурав B6           @ (8,1,4) [уничтожен]
    ✗ Провокатор B7      @ (5,0,4) [уничтожен]
    ✗ Паук B8            @ (4,0,4) [уничтожен]
  Team C: живых 1/8
    ✓ Тишина C5          @ (3,4,4) hp=2/2
    ✗ Артиллерия C1      @ (7,6,5) [уничтожен]
    ✗ Радиовышка C2      @ (3,3,4) [уничтожен]
    ✗ Прыгун C3          @ (4,4,4) [уничтожен]
    ✗ Факел C4           @ (3,5,4) [уничтожен]
    ✗ Бурав C6           @ (6,5,5) [уничтожен]
    ✗ Провокатор C7      @ (2,5,5) [уничтожен]
    ✗ Паук C8            @ (4,5,4) [уничтожен]

======================================================================
ХОД 29
======================================================================
✓ 🎮 GM: начинаем ход
GM: start_turn

--- Радиовышки: сканирование слоя Z ---
  Радиовышка A2 (z=4): видит 1 врагов  → Тишина C5(3,4,4)

--- Решения ботов ---
  [Team A] Бурав A6 (7,6,5) → MOVE (6,5,4)
  [Team A] Факел A4 → SKIP
  [Team A] Радиовышка A2 → SKIP
  [Team B] все корабли пропускают ход
  [Team C] все корабли пропускают ход
! 🎮 GM: принудительно завершает фазу планирования
GM: end_planning
# 
============================================================
# 🔄 ОБРАБОТКА ХОДА 29
# ============================================================

📦 ПЕРЕМЕЩЕНИЯ:
!    ⚠️ Бурав A6: Бурав двигается только по 1 оси или по 2 осям строго диагонально

🎯 ВЫСТРЕЛЫ:
   Выпущено ракет: 0
# 
📊 РЕЗУЛЬТАТЫ ХОДА 29:
🎯 Попаданий нет

--- Результаты хода ---
  Попаданий нет

--- Состояние команд после хода ---
  Team A: живых 3/8
    ✓ Радиовышка A2      @ (3,4,4) hp=3/3
    ✓ Факел A4           @ (5,5,4) hp=6/6
    ✓ Бурав A6           @ (7,6,5) hp=4/4
    ✗ Артиллерия A1      @ (6,1,4) [уничтожен]
    ✗ Прыгун A3          @ (7,0,4) [уничтожен]
    ✗ Тишина A5          @ (8,2,4) [уничтожен]
    ✗ Провокатор A7      @ (5,1,4) [уничтожен]
    ✗ Паук A8            @ (4,1,4) [уничтожен]
  Team B: живых 0/8
    ✗ Артиллерия B1      @ (1,0,4) [уничтожен]
    ✗ Радиовышка B2      @ (3,0,4) [уничтожен]
    ✗ Прыгун B3          @ (5,1,4) [уничтожен]
    ✗ Факел B4           @ (9,0,4) [уничтожен]
    ✗ Тишина B5          @ (0,0,4) [уничтожен]
    ✗ Бурав B6           @ (8,1,4) [уничтожен]
    ✗ Провокатор B7      @ (5,0,4) [уничтожен]
    ✗ Паук B8            @ (4,0,4) [уничтожен]
  Team C: живых 1/8
    ✓ Тишина C5          @ (3,4,4) hp=2/2
    ✗ Артиллерия C1      @ (7,6,5) [уничтожен]
    ✗ Радиовышка C2      @ (3,3,4) [уничтожен]
    ✗ Прыгун C3          @ (4,4,4) [уничтожен]
    ✗ Факел C4           @ (3,5,4) [уничтожен]
    ✗ Бурав C6           @ (6,5,5) [уничтожен]
    ✗ Провокатор C7      @ (2,5,5) [уничтожен]
    ✗ Паук C8            @ (4,5,4) [уничтожен]

======================================================================
ХОД 30
======================================================================
✓ 🎮 GM: начинаем ход
GM: start_turn

--- Радиовышки: сканирование слоя Z ---
  Радиовышка A2 (z=4): видит 1 врагов  → Тишина C5(3,4,4)

--- Решения ботов ---
  [Team A] Бурав A6 (7,6,5) → MOVE (6,5,4)
  [Team A] Факел A4 → SKIP
  [Team A] Радиовышка A2 → SKIP
  [Team B] все корабли пропускают ход
  [Team C] Тишина C5 (3,4,4) → PHASE toggle
! 🎮 GM: принудительно завершает фазу планирования
GM: end_planning
# 
============================================================
# 🔄 ОБРАБОТКА ХОДА 30
# ============================================================
   🌀 Тишина C5: уходит в фазу на 1 ход

📦 ПЕРЕМЕЩЕНИЯ:
!    ⚠️ Бурав A6: Бурав двигается только по 1 оси или по 2 осям строго диагонально

🎯 ВЫСТРЕЛЫ:
   Выпущено ракет: 0
# 
📊 РЕЗУЛЬТАТЫ ХОДА 30:
🎯 Попаданий нет

--- Результаты хода ---
  Попаданий нет

--- Состояние команд после хода ---
  Team A: живых 3/8
    ✓ Радиовышка A2      @ (3,4,4) hp=3/3
    ✓ Факел A4           @ (5,5,4) hp=6/6
    ✓ Бурав A6           @ (7,6,5) hp=4/4
    ✗ Артиллерия A1      @ (6,1,4) [уничтожен]
    ✗ Прыгун A3          @ (7,0,4) [уничтожен]
    ✗ Тишина A5          @ (8,2,4) [уничтожен]
    ✗ Провокатор A7      @ (5,1,4) [уничтожен]
    ✗ Паук A8            @ (4,1,4) [уничтожен]
  Team B: живых 0/8
    ✗ Артиллерия B1      @ (1,0,4) [уничтожен]
    ✗ Радиовышка B2      @ (3,0,4) [уничтожен]
    ✗ Прыгун B3          @ (5,1,4) [уничтожен]
    ✗ Факел B4           @ (9,0,4) [уничтожен]
    ✗ Тишина B5          @ (0,0,4) [уничтожен]
    ✗ Бурав B6           @ (8,1,4) [уничтожен]
    ✗ Провокатор B7      @ (5,0,4) [уничтожен]
    ✗ Паук B8            @ (4,0,4) [уничтожен]
  Team C: живых 1/8
    ✓ Тишина C5          @ (3,4,4) hp=2/2
    ✗ Артиллерия C1      @ (7,6,5) [уничтожен]
    ✗ Радиовышка C2      @ (3,3,4) [уничтожен]
    ✗ Прыгун C3          @ (4,4,4) [уничтожен]
    ✗ Факел C4           @ (3,5,4) [уничтожен]
    ✗ Бурав C6           @ (6,5,5) [уничтожен]
    ✗ Провокатор C7      @ (2,5,5) [уничтожен]
    ✗ Паук C8            @ (4,5,4) [уничтожен]

======================================================================
ИТОГ
======================================================================
Лимит ходов (30) исчерпан. Победа по урону: Team A (36 dmg).
   Урон по командам: Team A=36, Team B=7, Team C=19

--- Сводка по командам ---
  Team A: 3/8 живых; hp=13
  Team B: 0/8 живых; hp=0
  Team C: 1/8 живых; hp=2

--- Сводка по пассивкам радиовышек ---
  Team A: сканирований=30, всего врагов-в-слоях=77, уникальных эксклюзивных (видны только радиовышкой)=1
  Team B: сканирований=2, всего врагов-в-слоях=14, уникальных эксклюзивных (видны только радиовышкой)=0
  Team C: сканирований=17, всего врагов-в-слоях=47, уникальных эксклюзивных (видны только радиовышкой)=5

--- Сводка по попаданиям ---
  Всего событий (шоты+тараны+мины): 29
  Уничтожено кораблей всего: 20
  Team A: урон=36 хиты=5 тараны=10 мины(сработало)=0 убийств=13
  Team B: урон=7 хиты=1 тараны=2 мины(сработало)=1 убийств=3
  Team C: урон=19 хиты=8 тараны=0 мины(сработало)=2 убийств=4
! 🎮 GM: остановка игры
