======================================================================
Space Battle 10×10×10 — simulation run at 2026-04-20T13:44:08+00:00
Game mode: advanced
Seed: 158
✓ 🚀 Продвинутый режим: создаю разные типы кораблей
   Команда A: спавн вдоль оси Z от (3, 1, 0) до (3, 1, 4)
   Команда B: спавн вдоль оси X от (4, 0, 8) до (6, 0, 8)
   Команда C: спавн вдоль оси X от (3, 0, 7) до (5, 0, 7)
✓ ✅ Создано 24 кораблей


--- СТАРТОВАЯ РАССТАНОВКА ---
  Team A: живых 8/8
    ✓ Артиллерия A1      @ (3,1,0) hp=1/1
    ✓ Радиовышка A2      @ (3,1,6) hp=3/3
    ✓ Прыгун A3          @ (3,1,5) hp=2/2
    ✓ Факел A4           @ (3,1,8) hp=6/6
    ✓ Тишина A5          @ (3,1,7) hp=2/2
    ✓ Бурав A6           @ (3,1,3) hp=4/4
    ✓ Провокатор A7      @ (3,1,9) hp=2/2
    ✓ Паук A8            @ (3,1,4) hp=1/1
  Team B: живых 8/8
    ✓ Артиллерия B1      @ (4,0,8) hp=1/1
    ✓ Радиовышка B2      @ (0,0,8) hp=3/3
    ✓ Прыгун B3          @ (8,0,8) hp=2/2
    ✓ Факел B4           @ (7,0,8) hp=6/6
    ✓ Тишина B5          @ (9,0,8) hp=2/2
    ✓ Бурав B6           @ (5,0,8) hp=4/4
    ✓ Провокатор B7      @ (2,0,8) hp=2/2
    ✓ Паук B8            @ (6,0,8) hp=1/1
  Team C: живых 8/8
    ✓ Артиллерия C1      @ (3,0,7) hp=1/1
    ✓ Радиовышка C2      @ (1,0,7) hp=3/3
    ✓ Прыгун C3          @ (6,0,7) hp=2/2
    ✓ Факел C4           @ (2,0,7) hp=6/6
    ✓ Тишина C5          @ (4,0,7) hp=2/2
    ✓ Бурав C6           @ (0,0,7) hp=4/4
    ✓ Провокатор C7      @ (8,0,7) hp=2/2
    ✓ Паук C8            @ (5,0,7) hp=1/1

======================================================================
ХОД 1
======================================================================
✓ 🎮 GM: начинаем ход
GM: start_turn

--- Радиовышки: сканирование слоя Z ---
  Радиовышка A2 (z=6): слой чист
  Радиовышка B2 (z=8): видит 1 врагов  → Факел A4(3,1,8)
  Радиовышка C2 (z=7): видит 1 врагов  → Тишина A5(3,1,7)

--- Решения ботов ---
  [Team A] Артиллерия A1 (3,1,0) → SHOOT at (3,0,7)
  [Team A] Радиовышка A2 (3,1,6) → MOVE (3,0,7)
  [Team A] Прыгун A3 (3,1,5) → MOVE (2,0,7)
  [Team A] Тишина A5 (3,1,7) → PHASE toggle
  [Team A] Бурав A6 (3,1,3) → MOVE (3,0,4)
  [Team A] Провокатор A7 (3,1,9) → HOLOGRAM (4,0,8)
  [Team A] Паук A8 (3,1,4) → MINE (3,0,5)
  [Team A] Факел A4 → SKIP
  [Team B] Артиллерия B1 (4,0,8) → SHOOT at (3,0,7)
  [Team B] Радиовышка B2 (0,0,8) → MOVE (1,0,7)
  [Team B] Прыгун B3 (8,0,8) → MOVE (8,0,7)
  [Team B] Тишина B5 (9,0,8) → PHASE toggle
  [Team B] Бурав B6 (5,0,8) → MOVE (6,0,7)
  [Team B] Провокатор B7 (2,0,8) → HOLOGRAM (3,1,8)
  [Team B] Факел B4 → SKIP
  [Team B] Паук B8 → SKIP
  [Team C] Артиллерия C1 (3,0,7) → SHOOT at (4,0,8)
  [Team C] Радиовышка C2 (1,0,7) → MOVE (0,0,8)
  [Team C] Прыгун C3 (6,0,7) → MOVE (4,0,8)
  [Team C] Факел C4 (2,0,7) → SHOOT at (2,0,8)
  [Team C] Тишина C5 (4,0,7) → PHASE toggle
  [Team C] Провокатор C7 (8,0,7) → HOLOGRAM (8,0,8)
  [Team C] Паук C8 (5,0,7) → MINE (5,0,8)
  [Team C] Бурав C6 → SKIP
! 🎮 GM: принудительно завершает фазу планирования
GM: end_planning
# 
============================================================
# 🔄 ОБРАБОТКА ХОДА 1
# ============================================================
   🌀 Тишина A5: уходит в фазу на 1 ход
   🌀 Тишина B5: уходит в фазу на 1 ход
   🌀 Тишина C5: уходит в фазу на 1 ход
!    ⚠️ Провокатор A7: клетка (4,0,8) занята кораблём
!    ⚠️ Провокатор B7: клетка (3,1,8) занята кораблём
!    ⚠️ Провокатор C7: клетка (8,0,8) занята кораблём
   💣 Паук A8 установил мину M1 в (3,0,5)
!    ⚠️ Паук C8: клетка (5,0,8) занята кораблём

📦 ПЕРЕМЕЩЕНИЯ:
!    ⚠️ Радиовышка A2: клетка (3,0,7) занята
✓    💥 Прыгун A3 тараном уничтожил Факел C4 в (2,0,7)
   Прыгун A3: (3, 1, 5) → (2,0,7)
   Бурав A6: (3, 1, 3) → (3,0,4)
!    ⚠️ Радиовышка B2: клетка (1,0,7) занята
✓    💥 Прыгун B3 тараном уничтожил Провокатор C7 в (8,0,7)
   Прыгун B3: (8, 0, 8) → (8,0,7)
✓    💥 Бурав B6 тараном уничтожил Прыгун C3 в (6,0,7)
   Бурав B6: (5, 0, 8) → (6,0,7)
!    ⚠️ Радиовышка C2: клетка (0,0,8) занята

🎯 ВЫСТРЕЛЫ:
✓    ✅ Артиллерия A1 поразил Артиллерия C1 (2 урона)!
   💀 Артиллерия B1 добивает Артиллерия C1
✓    ✅ Артиллерия B1 поразил Артиллерия C1 (2 урона)!
✓    ✅ Артиллерия C1 поразил Артиллерия B1 (2 урона)!
   Выпущено ракет: 3
# 
📊 РЕЗУЛЬТАТЫ ХОДА 1:
✓ 💥 ПОПАДАНИЯ:
✓    Артиллерия A1 (Team A) → Артиллерия C1 (Team C)
✓    Артиллерия B1 (Team B) → Артиллерия C1 (Team C)
✓    Артиллерия C1 (Team C) → Артиллерия B1 (Team B)

--- Результаты хода ---
  Team A / Прыгун A3          → Team C / Факел C4           @ (2,0,7)  (УБИТ)
  Team B / Прыгун B3          → Team C / Провокатор C7      @ (8,0,7)  (УБИТ)
  Team B / Бурав B6           → Team C / Прыгун C3          @ (6,0,7)  (УБИТ)
  Team A / Артиллерия A1      → Team C / Артиллерия C1      @ (3,0,7)  (УБИТ)
  Team B / Артиллерия B1      → Team C / Артиллерия C1      @ (3,0,7)  (ранен)
  Team C / Артиллерия C1      → Team B / Артиллерия B1      @ (4,0,8)  (УБИТ)

--- Состояние команд после хода ---
  Team A: живых 8/8
    ✓ Артиллерия A1      @ (3,1,0) hp=1/1
    ✓ Радиовышка A2      @ (3,1,6) hp=3/3
    ✓ Прыгун A3          @ (2,0,7) hp=2/2
    ✓ Факел A4           @ (3,1,8) hp=6/6
    ✓ Тишина A5          @ (3,1,7) hp=2/2
    ✓ Бурав A6           @ (3,0,4) hp=4/4
    ✓ Провокатор A7      @ (3,1,9) hp=2/2
    ✓ Паук A8            @ (3,1,4) hp=1/1
  Team B: живых 7/8
    ✓ Радиовышка B2      @ (0,0,8) hp=3/3
    ✓ Прыгун B3          @ (8,0,7) hp=2/2
    ✓ Факел B4           @ (7,0,8) hp=6/6
    ✓ Тишина B5          @ (9,0,8) hp=2/2
    ✓ Бурав B6           @ (6,0,7) hp=4/4
    ✓ Провокатор B7      @ (2,0,8) hp=2/2
    ✓ Паук B8            @ (6,0,8) hp=1/1
    ✗ Артиллерия B1      @ (4,0,8) [уничтожен]
  Team C: живых 4/8
    ✓ Радиовышка C2      @ (1,0,7) hp=3/3
    ✓ Тишина C5          @ (4,0,7) hp=2/2
    ✓ Бурав C6           @ (0,0,7) hp=4/4
    ✓ Паук C8            @ (5,0,7) hp=1/1
    ✗ Артиллерия C1      @ (3,0,7) [уничтожен]
    ✗ Прыгун C3          @ (6,0,7) [уничтожен]
    ✗ Факел C4           @ (2,0,7) [уничтожен]
    ✗ Провокатор C7      @ (8,0,7) [уничтожен]

======================================================================
ХОД 2
======================================================================
✓ 🎮 GM: начинаем ход
GM: start_turn

--- Радиовышки: сканирование слоя Z ---
  Радиовышка A2 (z=6): слой чист
  Радиовышка B2 (z=8): видит 1 врагов  → Факел A4(3,1,8)
  Радиовышка C2 (z=7): видит 3 врагов  → Прыгун A3(2,0,7), Бурав B6(6,0,7), Прыгун B3(8,0,7)

--- Решения ботов ---
  [Team A] Артиллерия A1 (3,1,0) → SHOOT at (2,0,8)
  [Team A] Радиовышка A2 (3,1,6) → MOVE (3,0,7)
  [Team A] Прыгун A3 (2,0,7) → MOVE (2,0,8)
  [Team A] Факел A4 (3,1,8) → MOVE (2,1,8)
  [Team A] Тишина A5 (3,1,7) → MOVE (2,1,7)
  [Team A] Бурав A6 (3,0,4) → MOVE (6,0,7)
  [Team A] Провокатор A7 (3,1,9) → HOLOGRAM (3,0,9)
  [Team A] Паук A8 (3,1,4) → MINE (4,0,5)
  [Team B] Радиовышка B2 (0,0,8) → MOVE (1,0,7)
  [Team B] Прыгун B3 (8,0,7) → SHOOT at (5,0,7)
  [Team B] Факел B4 (7,0,8) → MOVE (7,0,7)
  [Team B] Тишина B5 (9,0,8) → MOVE (8,0,8)
  [Team B] Бурав B6 (6,0,7) → MOVE (3,0,4)
  [Team B] Провокатор B7 (2,0,8) → HOLOGRAM (2,0,7)
  [Team B] Паук B8 (6,0,8) → MINE (5,0,7)
  [Team C] Радиовышка C2 (1,0,7) → MOVE (2,0,7)
  [Team C] Тишина C5 (4,0,7) → MOVE (3,1,6)
  [Team C] Бурав C6 (0,0,7) → MOVE (3,0,4)
  [Team C] Паук C8 (5,0,7) → MINE (6,0,7)
! 🎮 GM: принудительно завершает фазу планирования
GM: end_planning
# 
============================================================
# 🔄 ОБРАБОТКА ХОДА 2
# ============================================================
   🌀 Тишина A5: фаза спала (действовала 1 ход)
   🌀 Тишина B5: фаза спала (действовала 1 ход)
   🌀 Тишина C5: фаза спала (действовала 1 ход)
   🪞 Провокатор A7 создал голограмму H1 в (3,0,9)
!    ⚠️ Провокатор B7: клетка (2,0,7) занята кораблём
   💣 Паук A8 установил мину M2 в (4,0,5)
!    ⚠️ Паук B8: клетка (5,0,7) занята кораблём
!    ⚠️ Паук C8: клетка (6,0,7) занята кораблём

📦 ПЕРЕМЕЩЕНИЯ:
   Радиовышка A2: (3, 1, 6) → (3,0,7)
✓    💥 Прыгун A3 тараном уничтожил Провокатор B7 в (2,0,8)
   Прыгун A3: (2, 0, 7) → (2,0,8)
   Факел A4: (3, 1, 8) → (2,1,8)
   Тишина A5: (3, 1, 7) → (2,1,7)
✓    💥 Бурав A6 тараном уничтожил Бурав B6 в (6,0,7)
   Бурав A6: (3, 0, 4) → (6,0,7)
!    ⚠️ Радиовышка B2: клетка (1,0,7) занята
   Факел B4: (7, 0, 8) → (7,0,7)
   Тишина B5: (9, 0, 8) → (8,0,8)
   Радиовышка C2: (1, 0, 7) → (2,0,7)
   Тишина C5: (4, 0, 7) → (3,1,6)
   Бурав C6: (0, 0, 7) → (3,0,4)

🎯 ВЫСТРЕЛЫ:
!    🛡️ Выстрел Прыгун B3 заблокирован союзником Факел B4 в (7, 0, 7)
   Выпущено ракет: 2
# 
📊 РЕЗУЛЬТАТЫ ХОДА 2:
🎯 Попаданий нет

--- Результаты хода ---
  Team A / Прыгун A3          → Team B / Провокатор B7      @ (2,0,8)  (УБИТ)
  Team A / Бурав A6           → Team B / Бурав B6           @ (6,0,7)  (УБИТ)

--- Состояние команд после хода ---
  Team A: живых 8/8
    ✓ Артиллерия A1      @ (3,1,0) hp=1/1
    ✓ Радиовышка A2      @ (3,0,7) hp=3/3
    ✓ Прыгун A3          @ (2,0,8) hp=2/2
    ✓ Факел A4           @ (2,1,8) hp=6/6
    ✓ Тишина A5          @ (2,1,7) hp=2/2
    ✓ Бурав A6           @ (6,0,7) hp=4/4
    ✓ Провокатор A7      @ (3,1,9) hp=2/2
    ✓ Паук A8            @ (3,1,4) hp=1/1
  Team B: живых 5/8
    ✓ Радиовышка B2      @ (0,0,8) hp=3/3
    ✓ Прыгун B3          @ (8,0,7) hp=2/2
    ✓ Факел B4           @ (7,0,7) hp=6/6
    ✓ Тишина B5          @ (8,0,8) hp=2/2
    ✓ Паук B8            @ (6,0,8) hp=1/1
    ✗ Артиллерия B1      @ (4,0,8) [уничтожен]
    ✗ Бурав B6           @ (6,0,7) [уничтожен]
    ✗ Провокатор B7      @ (2,0,8) [уничтожен]
  Team C: живых 4/8
    ✓ Радиовышка C2      @ (2,0,7) hp=3/3
    ✓ Тишина C5          @ (3,1,6) hp=2/2
    ✓ Бурав C6           @ (3,0,4) hp=4/4
    ✓ Паук C8            @ (5,0,7) hp=1/1
    ✗ Артиллерия C1      @ (3,0,7) [уничтожен]
    ✗ Прыгун C3          @ (6,0,7) [уничтожен]
    ✗ Факел C4           @ (2,0,7) [уничтожен]
    ✗ Провокатор C7      @ (8,0,7) [уничтожен]

======================================================================
ХОД 3
======================================================================
✓ 🎮 GM: начинаем ход
GM: start_turn

--- Радиовышки: сканирование слоя Z ---
  Радиовышка A2 (z=7): видит 4 врагов  → Факел B4(7,0,7), Прыгун B3(8,0,7), Радиовышка C2(2,0,7), Паук C8(5,0,7)
  Радиовышка B2 (z=8): видит 2 врагов  → Прыгун A3(2,0,8), Факел A4(2,1,8)
  Радиовышка C2 (z=7): видит 5 врагов  → Тишина A5(2,1,7), Радиовышка A2(3,0,7), Бурав A6(6,0,7), Факел B4(7,0,7), Прыгун B3(8,0,7)

--- Решения ботов ---
  [Team A] Артиллерия A1 (3,1,0) → SHOOT at (8,0,7)
  [Team A] Радиовышка A2 (3,0,7) → MOVE (2,0,7)
  [Team A] Прыгун A3 (2,0,8) → MOVE (0,0,8)
  [Team A] Бурав A6 (6,0,7) → MOVE (7,0,7)
  [Team A] Провокатор A7 (3,1,9) → HOLOGRAM (2,1,9)
  [Team A] Паук A8 (3,1,4) → MINE (3,0,4)
  [Team A] Факел A4 → SKIP
  [Team A] Тишина A5 → SKIP
  [Team B] Радиовышка B2 (0,0,8) → MOVE (1,0,8)
  [Team B] Прыгун B3 (8,0,7) → MOVE (6,0,7)
  [Team B] Факел B4 (7,0,7) → SHOOT at (5,0,7)
  [Team B] Тишина B5 (8,0,8) → MOVE (7,0,8)
  [Team B] Паук B8 → SKIP
  [Team C] Радиовышка C2 (2,0,7) → MOVE (3,0,7)
  [Team C] Тишина C5 (3,1,6) → MOVE (3,1,7)
  [Team C] Бурав C6 (3,0,4) → MOVE (6,0,7)
  [Team C] Паук C8 → SKIP
! 🎮 GM: принудительно завершает фазу планирования
GM: end_planning
# 
============================================================
# 🔄 ОБРАБОТКА ХОДА 3
# ============================================================
   🪞 Провокатор A7 создал голограмму H2 в (2,1,9)
!    ⚠️ Паук A8: клетка (3,0,4) занята кораблём

📦 ПЕРЕМЕЩЕНИЯ:
!    ⚠️ Радиовышка A2: клетка (2,0,7) занята
✓    💥 Прыгун A3 тараном уничтожил Радиовышка B2 в (0,0,8)
   Прыгун A3: (2, 0, 8) → (0,0,8)
✓    💥 Бурав A6 тараном уничтожил Факел B4 в (7,0,7)
   Бурав A6: (6, 0, 7) → (7,0,7)
   Прыгун B3: (8, 0, 7) → (6,0,7)
   Тишина B5: (8, 0, 8) → (7,0,8)
!    ⚠️ Радиовышка C2: клетка (3,0,7) занята
   Тишина C5: (3, 1, 6) → (3,1,7)
✓    💥 Бурав C6 тараном уничтожил Прыгун B3 в (6,0,7)
   Бурав C6: (3, 0, 4) → (6,0,7)

🎯 ВЫСТРЕЛЫ:
   Выпущено ракет: 1
# 
📊 РЕЗУЛЬТАТЫ ХОДА 3:
🎯 Попаданий нет

--- Результаты хода ---
  Team A / Прыгун A3          → Team B / Радиовышка B2      @ (0,0,8)  (УБИТ)
  Team A / Бурав A6           → Team B / Факел B4           @ (7,0,7)  (УБИТ)
  Team C / Бурав C6           → Team B / Прыгун B3          @ (6,0,7)  (УБИТ)

--- Состояние команд после хода ---
  Team A: живых 8/8
    ✓ Артиллерия A1      @ (3,1,0) hp=1/1
    ✓ Радиовышка A2      @ (3,0,7) hp=3/3
    ✓ Прыгун A3          @ (0,0,8) hp=2/2
    ✓ Факел A4           @ (2,1,8) hp=6/6
    ✓ Тишина A5          @ (2,1,7) hp=2/2
    ✓ Бурав A6           @ (7,0,7) hp=4/4
    ✓ Провокатор A7      @ (3,1,9) hp=2/2
    ✓ Паук A8            @ (3,1,4) hp=1/1
  Team B: живых 2/8
    ✓ Тишина B5          @ (7,0,8) hp=2/2
    ✓ Паук B8            @ (6,0,8) hp=1/1
    ✗ Артиллерия B1      @ (4,0,8) [уничтожен]
    ✗ Радиовышка B2      @ (0,0,8) [уничтожен]
    ✗ Прыгун B3          @ (6,0,7) [уничтожен]
    ✗ Факел B4           @ (7,0,7) [уничтожен]
    ✗ Бурав B6           @ (6,0,7) [уничтожен]
    ✗ Провокатор B7      @ (2,0,8) [уничтожен]
  Team C: живых 4/8
    ✓ Радиовышка C2      @ (2,0,7) hp=3/3
    ✓ Тишина C5          @ (3,1,7) hp=2/2
    ✓ Бурав C6           @ (6,0,7) hp=4/4
    ✓ Паук C8            @ (5,0,7) hp=1/1
    ✗ Артиллерия C1      @ (3,0,7) [уничтожен]
    ✗ Прыгун C3          @ (6,0,7) [уничтожен]
    ✗ Факел C4           @ (2,0,7) [уничтожен]
    ✗ Провокатор C7      @ (8,0,7) [уничтожен]

======================================================================
ХОД 4
======================================================================
✓ 🎮 GM: начинаем ход
GM: start_turn

--- Радиовышки: сканирование слоя Z ---
  Радиовышка A2 (z=7): видит 4 врагов  → Радиовышка C2(2,0,7), Тишина C5(3,1,7), Паук C8(5,0,7), Бурав C6(6,0,7)
  Радиовышка C2 (z=7): видит 3 врагов  → Тишина A5(2,1,7), Радиовышка A2(3,0,7), Бурав A6(7,0,7)

--- Решения ботов ---
  [Team A] Артиллерия A1 (3,1,0) → SHOOT at (3,1,7)
  [Team A] Радиовышка A2 (3,0,7) → MOVE (2,0,7)
  [Team A] Прыгун A3 (0,0,8) → MOVE (1,0,7)
  [Team A] Факел A4 (2,1,8) → MOVE (2,0,8)
  [Team A] Бурав A6 (7,0,7) → MOVE (6,0,7)
  [Team A] Провокатор A7 (3,1,9) → HOLOGRAM (3,1,8)
  [Team A] Паук A8 (3,1,4) → MINE (2,0,5)
  [Team A] Тишина A5 → SKIP
  [Team B] Тишина B5 (7,0,8) → MOVE (7,0,7)
  [Team B] Паук B8 (6,0,8) → MINE (6,0,7)
  [Team C] Радиовышка C2 (2,0,7) → MOVE (3,0,7)
  [Team C] Бурав C6 (6,0,7) → MOVE (7,0,7)
  [Team C] Паук C8 (5,0,7) → MINE (6,0,8)
  [Team C] Тишина C5 → SKIP
! 🎮 GM: принудительно завершает фазу планирования
GM: end_planning
# 
============================================================
# 🔄 ОБРАБОТКА ХОДА 4
# ============================================================
   🪞 Провокатор A7 создал голограмму H3 в (3,1,8)
   💣 Паук A8 установил мину M3 в (2,0,5)
!    ⚠️ Паук B8: клетка (6,0,7) занята кораблём
!    ⚠️ Паук C8: клетка (6,0,8) занята кораблём

📦 ПЕРЕМЕЩЕНИЯ:
!    ⚠️ Радиовышка A2: клетка (2,0,7) занята
   Прыгун A3: (0, 0, 8) → (1,0,7)
   Факел A4: (2, 1, 8) → (2,0,8)
✓    💥 Бурав A6 тараном уничтожил Бурав C6 в (6,0,7)
   Бурав A6: (7, 0, 7) → (6,0,7)
   Тишина B5: (7, 0, 8) → (7,0,7)
!    ⚠️ Радиовышка C2: клетка (3,0,7) занята

🎯 ВЫСТРЕЛЫ:
✓    ✅ Артиллерия A1 поразил Тишина C5 (2 урона)!
   Выпущено ракет: 1
# 
📊 РЕЗУЛЬТАТЫ ХОДА 4:
✓ 💥 ПОПАДАНИЯ:
✓    Артиллерия A1 (Team A) → Тишина C5 (Team C)

--- Результаты хода ---
  Team A / Бурав A6           → Team C / Бурав C6           @ (6,0,7)  (УБИТ)
  Team A / Артиллерия A1      → Team C / Тишина C5          @ (3,1,7)  (УБИТ)

--- Состояние команд после хода ---
  Team A: живых 8/8
    ✓ Артиллерия A1      @ (3,1,0) hp=1/1
    ✓ Радиовышка A2      @ (3,0,7) hp=3/3
    ✓ Прыгун A3          @ (1,0,7) hp=2/2
    ✓ Факел A4           @ (2,0,8) hp=6/6
    ✓ Тишина A5          @ (2,1,7) hp=2/2
    ✓ Бурав A6           @ (6,0,7) hp=4/4
    ✓ Провокатор A7      @ (3,1,9) hp=2/2
    ✓ Паук A8            @ (3,1,4) hp=1/1
  Team B: живых 2/8
    ✓ Тишина B5          @ (7,0,7) hp=2/2
    ✓ Паук B8            @ (6,0,8) hp=1/1
    ✗ Артиллерия B1      @ (4,0,8) [уничтожен]
    ✗ Радиовышка B2      @ (0,0,8) [уничтожен]
    ✗ Прыгун B3          @ (6,0,7) [уничтожен]
    ✗ Факел B4           @ (7,0,7) [уничтожен]
    ✗ Бурав B6           @ (6,0,7) [уничтожен]
    ✗ Провокатор B7      @ (2,0,8) [уничтожен]
  Team C: живых 2/8
    ✓ Радиовышка C2      @ (2,0,7) hp=3/3
    ✓ Паук C8            @ (5,0,7) hp=1/1
    ✗ Артиллерия C1      @ (3,0,7) [уничтожен]
    ✗ Прыгун C3          @ (6,0,7) [уничтожен]
    ✗ Факел C4           @ (2,0,7) [уничтожен]
    ✗ Тишина C5          @ (3,1,7) [уничтожен]
    ✗ Бурав C6           @ (6,0,7) [уничтожен]
    ✗ Провокатор C7      @ (8,0,7) [уничтожен]

======================================================================
ХОД 5
======================================================================
✓ 🎮 GM: начинаем ход
GM: start_turn

--- Радиовышки: сканирование слоя Z ---
  Радиовышка A2 (z=7): видит 3 врагов  → Тишина B5(7,0,7), Радиовышка C2(2,0,7), Паук C8(5,0,7)
  Радиовышка C2 (z=7): видит 5 врагов  → Прыгун A3(1,0,7), Тишина A5(2,1,7), Радиовышка A2(3,0,7), Бурав A6(6,0,7), Тишина B5(7,0,7)

--- Решения ботов ---
  [Team A] Артиллерия A1 (3,1,0) → SHOOT at (5,0,7)
  [Team A] Радиовышка A2 (3,0,7) → MOVE (2,0,7)
  [Team A] Прыгун A3 (1,0,7) → SHOOT at (5,0,7)
  [Team A] Факел A4 (2,0,8) → SHOOT at (6,0,8)
  [Team A] Бурав A6 (6,0,7) → MOVE (7,0,7)
  [Team A] Провокатор A7 (3,1,9) → HOLOGRAM (3,1,8)
  [Team A] Паук A8 (3,1,4) → MINE (2,0,5)
  [Team A] Тишина A5 → SKIP
  [Team B] Тишина B5 (7,0,7) → PHASE toggle
  [Team B] Паук B8 (6,0,8) → MINE (6,0,7)
  [Team C] Радиовышка C2 (2,0,7) → MOVE (3,0,7)
  [Team C] Паук C8 (5,0,7) → MINE (6,0,7)
! 🎮 GM: принудительно завершает фазу планирования
GM: end_planning
# 
============================================================
# 🔄 ОБРАБОТКА ХОДА 5
# ============================================================
   🌀 Тишина B5: уходит в фазу на 1 ход
!    ⚠️ Провокатор A7: клетка (3,1,8) уже занята голограммой
!    ⚠️ Паук A8: в клетке уже стоит мина
!    ⚠️ Паук B8: клетка (6,0,7) занята кораблём
!    ⚠️ Паук C8: клетка (6,0,7) занята кораблём

📦 ПЕРЕМЕЩЕНИЯ:
!    ⚠️ Радиовышка A2: клетка (2,0,7) занята
✓    💥 Бурав A6 пробивает фазу Тишина B5 тараном
✓    💥 Бурав A6 тараном уничтожил Тишина B5 в (7,0,7)
   Бурав A6: (6, 0, 7) → (7,0,7)
!    ⚠️ Радиовышка C2: клетка (3,0,7) занята

🎯 ВЫСТРЕЛЫ:
✓    ✅ Артиллерия A1 поразил Паук C8 (2 урона)!
✓    ✅ Прыгун A3 поразил Радиовышка C2 (1 урона)!
✓    ✅ Факел A4 поразил Паук B8 (1 урона)!
   Выпущено ракет: 3
# 
📊 РЕЗУЛЬТАТЫ ХОДА 5:
✓ 💥 ПОПАДАНИЯ:
✓    Артиллерия A1 (Team A) → Паук C8 (Team C)
✓    Прыгун A3 (Team A) → Радиовышка C2 (Team C)
✓    Факел A4 (Team A) → Паук B8 (Team B)

--- Результаты хода ---
  Team A / Бурав A6           → Team B / Тишина B5          @ (7,0,7)  (УБИТ)
  Team A / Артиллерия A1      → Team C / Паук C8            @ (5,0,7)  (УБИТ)
  Team A / Прыгун A3          → Team C / Радиовышка C2      @ (2,0,7)  (ранен)
  Team A / Факел A4           → Team B / Паук B8            @ (6,0,8)  (УБИТ)

--- Состояние команд после хода ---
  Team A: живых 8/8
    ✓ Артиллерия A1      @ (3,1,0) hp=1/1
    ✓ Радиовышка A2      @ (3,0,7) hp=3/3
    ✓ Прыгун A3          @ (1,0,7) hp=2/2
    ✓ Факел A4           @ (2,0,8) hp=6/6
    ✓ Тишина A5          @ (2,1,7) hp=2/2
    ✓ Бурав A6           @ (7,0,7) hp=4/4
    ✓ Провокатор A7      @ (3,1,9) hp=2/2
    ✓ Паук A8            @ (3,1,4) hp=1/1
  Team B: живых 0/8
    ✗ Артиллерия B1      @ (4,0,8) [уничтожен]
    ✗ Радиовышка B2      @ (0,0,8) [уничтожен]
    ✗ Прыгун B3          @ (6,0,7) [уничтожен]
    ✗ Факел B4           @ (7,0,7) [уничтожен]
    ✗ Тишина B5          @ (7,0,7) [уничтожен]
    ✗ Бурав B6           @ (6,0,7) [уничтожен]
    ✗ Провокатор B7      @ (2,0,8) [уничтожен]
    ✗ Паук B8            @ (6,0,8) [уничтожен]
  Team C: живых 1/8
    ✓ Радиовышка C2      @ (2,0,7) hp=2/3
    ✗ Артиллерия C1      @ (3,0,7) [уничтожен]
    ✗ Прыгун C3          @ (6,0,7) [уничтожен]
    ✗ Факел C4           @ (2,0,7) [уничтожен]
    ✗ Тишина C5          @ (3,1,7) [уничтожен]
    ✗ Бурав C6           @ (6,0,7) [уничтожен]
    ✗ Провокатор C7      @ (8,0,7) [уничтожен]
    ✗ Паук C8            @ (5,0,7) [уничтожен]

======================================================================
ХОД 6
======================================================================
✓ 🎮 GM: начинаем ход
GM: start_turn

--- Радиовышки: сканирование слоя Z ---
  Радиовышка A2 (z=7): видит 1 врагов  → Радиовышка C2(2,0,7)
  Радиовышка C2 (z=7): видит 4 врагов [+4 эксклюзивно] → Прыгун A3(1,0,7), Тишина A5(2,1,7), Радиовышка A2(3,0,7), Бурав A6(7,0,7)

--- Решения ботов ---
  [Team A] Артиллерия A1 (3,1,0) → SHOOT at (2,0,7)
  [Team A] Радиовышка A2 (3,0,7) → MOVE (2,0,7)
  [Team A] Прыгун A3 (1,0,7) → SHOOT at (2,0,7)
  [Team A] Факел A4 (2,0,8) → SHOOT at (2,0,7)
  [Team A] Бурав A6 (7,0,7) → MOVE (6,0,7)
  [Team A] Провокатор A7 (3,1,9) → HOLOGRAM (3,0,8)
  [Team A] Паук A8 (3,1,4) → MINE (2,0,5)
  [Team A] Тишина A5 → SKIP
  [Team B] все корабли пропускают ход
  [Team C] Радиовышка C2 (2,0,7) → MOVE (3,0,7)
! 🎮 GM: принудительно завершает фазу планирования
GM: end_planning
# 
============================================================
# 🔄 ОБРАБОТКА ХОДА 6
# ============================================================
   🪞 Провокатор A7 создал голограмму H4 в (3,0,8)
!    ⚠️ Паук A8: в клетке уже стоит мина

📦 ПЕРЕМЕЩЕНИЯ:
!    ⚠️ Радиовышка A2: клетка (2,0,7) занята
   Бурав A6: (7, 0, 7) → (6,0,7)
!    ⚠️ Радиовышка C2: клетка (3,0,7) занята

🎯 ВЫСТРЕЛЫ:
✓    ✅ Артиллерия A1 поразил Радиовышка C2 (2 урона)!
   💀 Прыгун A3 добивает Радиовышка C2
✓    ✅ Прыгун A3 поразил Радиовышка C2 (1 урона)!
   💀 Факел A4 добивает Радиовышка C2
✓    ✅ Факел A4 поразил Радиовышка C2 (1 урона)!
   Выпущено ракет: 3
# 
📊 РЕЗУЛЬТАТЫ ХОДА 6:
✓ 💥 ПОПАДАНИЯ:
✓    Артиллерия A1 (Team A) → Радиовышка C2 (Team C)
✓    Прыгун A3 (Team A) → Радиовышка C2 (Team C)
✓    Факел A4 (Team A) → Радиовышка C2 (Team C)
# 
🎮🎮🎮🎮🎮🎮🎮🎮🎮🎮🎮🎮🎮🎮🎮🎮🎮🎮🎮🎮
#         ИГРА ОКОНЧЕНА!
# 🎮🎮🎮🎮🎮🎮🎮🎮🎮🎮🎮🎮🎮🎮🎮🎮🎮🎮🎮🎮
✓         🏆 ПОБЕДИТЕЛЬ: Team A

--- Результаты хода ---
  Team A / Артиллерия A1      → Team C / Радиовышка C2      @ (2,0,7)  (УБИТ)
  Team A / Прыгун A3          → Team C / Радиовышка C2      @ (2,0,7)  (ранен)
  Team A / Факел A4           → Team C / Радиовышка C2      @ (2,0,7)  (ранен)

--- Состояние команд после хода ---
  Team A: живых 8/8
    ✓ Артиллерия A1      @ (3,1,0) hp=1/1
    ✓ Радиовышка A2      @ (3,0,7) hp=3/3
    ✓ Прыгун A3          @ (1,0,7) hp=2/2
    ✓ Факел A4           @ (2,0,8) hp=6/6
    ✓ Тишина A5          @ (2,1,7) hp=2/2
    ✓ Бурав A6           @ (6,0,7) hp=4/4
    ✓ Провокатор A7      @ (3,1,9) hp=2/2
    ✓ Паук A8            @ (3,1,4) hp=1/1
  Team B: живых 0/8
    ✗ Артиллерия B1      @ (4,0,8) [уничтожен]
    ✗ Радиовышка B2      @ (0,0,8) [уничтожен]
    ✗ Прыгун B3          @ (6,0,7) [уничтожен]
    ✗ Факел B4           @ (7,0,7) [уничтожен]
    ✗ Тишина B5          @ (7,0,7) [уничтожен]
    ✗ Бурав B6           @ (6,0,7) [уничтожен]
    ✗ Провокатор B7      @ (2,0,8) [уничтожен]
    ✗ Паук B8            @ (6,0,8) [уничтожен]
  Team C: живых 0/8
    ✗ Артиллерия C1      @ (3,0,7) [уничтожен]
    ✗ Радиовышка C2      @ (2,0,7) [уничтожен]
    ✗ Прыгун C3          @ (6,0,7) [уничтожен]
    ✗ Факел C4           @ (2,0,7) [уничтожен]
    ✗ Тишина C5          @ (3,1,7) [уничтожен]
    ✗ Бурав C6           @ (6,0,7) [уничтожен]
    ✗ Провокатор C7      @ (8,0,7) [уничтожен]
    ✗ Паук C8            @ (5,0,7) [уничтожен]

======================================================================
ИТОГ
======================================================================
Игра окончена. Победитель: Team A
Ходов сыграно: 6

--- Сводка по командам ---
  Team A: 8/8 живых; hp=21
  Team B: 0/8 живых; hp=0
  Team C: 0/8 живых; hp=0

--- Сводка по пассивкам радиовышек ---
  Team A: сканирований=6, всего врагов-в-слоях=12, уникальных эксклюзивных (видны только радиовышкой)=0
  Team B: сканирований=3, всего врагов-в-слоях=4, уникальных эксклюзивных (видны только радиовышкой)=0
  Team C: сканирований=6, всего врагов-в-слоях=21, уникальных эксклюзивных (видны только радиовышкой)=4

--- Сводка по попаданиям ---
  Всего событий (шоты+тараны+мины): 20
  Уничтожено кораблей всего: 16
  Team A: урон=39 хиты=8 тараны=7 мины(сработало)=0 убийств=12
  Team B: урон=6 хиты=1 тараны=2 мины(сработало)=0 убийств=2
  Team C: урон=4 хиты=1 тараны=1 мины(сработало)=0 убийств=2
! 🎮 GM: остановка игры
