======================================================================
Space Battle 10×10×10 — simulation run at 2026-04-20T13:44:08+00:00
Game mode: advanced
Seed: 159
✓ 🚀 Продвинутый режим: создаю разные типы кораблей
   Команда A: спавн вдоль оси Y от (2, 3, 7) до (2, 5, 7)
   Команда B: спавн вдоль оси X от (3, 4, 6) до (1, 4, 6)
   Команда C: спавн вдоль оси X от (3, 0, 9) до (2, 0, 9)
✓ ✅ Создано 24 кораблей


--- СТАРТОВАЯ РАССТАНОВКА ---
  Team A: живых 8/8
    ✓ Артиллерия A1      @ (2,3,7) hp=1/1
    ✓ Радиовышка A2      @ (2,8,7) hp=3/3
    ✓ Прыгун A3          @ (2,9,7) hp=2/2
    ✓ Факел A4           @ (2,4,7) hp=6/6
    ✓ Тишина A5          @ (2,1,7) hp=2/2
    ✓ Бурав A6           @ (2,0,7) hp=4/4
    ✓ Провокатор A7      @ (2,7,7) hp=2/2
    ✓ Паук A8            @ (2,5,7) hp=1/1
  Team B: живых 8/8
    ✓ Артиллерия B1      @ (3,4,6) hp=1/1
    ✓ Радиовышка B2      @ (7,4,6) hp=3/3
    ✓ Прыгун B3          @ (6,4,6) hp=2/2
    ✓ Факел B4           @ (5,4,6) hp=6/6
    ✓ Тишина B5          @ (2,4,6) hp=2/2
    ✓ Бурав B6           @ (8,4,6) hp=4/4
    ✓ Провокатор B7      @ (4,4,6) hp=2/2
    ✓ Паук B8            @ (1,4,6) hp=1/1
  Team C: живых 8/8
    ✓ Артиллерия C1      @ (3,0,9) hp=1/1
    ✓ Радиовышка C2      @ (6,0,9) hp=3/3
    ✓ Прыгун C3          @ (7,0,9) hp=2/2
    ✓ Факел C4           @ (9,0,9) hp=6/6
    ✓ Тишина C5          @ (5,0,9) hp=2/2
    ✓ Бурав C6           @ (0,0,9) hp=4/4
    ✓ Провокатор C7      @ (4,0,9) hp=2/2
    ✓ Паук C8            @ (2,0,9) hp=1/1

======================================================================
ХОД 1
======================================================================
✓ 🎮 GM: начинаем ход
GM: start_turn

--- Радиовышки: сканирование слоя Z ---
  Радиовышка A2 (z=7): слой чист
  Радиовышка B2 (z=6): слой чист
  Радиовышка C2 (z=9): слой чист

--- Решения ботов ---
  [Team A] Артиллерия A1 (2,3,7) → SHOOT at (3,4,6)
  [Team A] Радиовышка A2 (2,8,7) → MOVE (3,7,6)
  [Team A] Прыгун A3 (2,9,7) → MOVE (3,8,6)
  [Team A] Факел A4 (2,4,7) → SHOOT at (2,4,6)
  [Team A] Тишина A5 (2,1,7) → PHASE toggle
  [Team A] Бурав A6 (2,0,7) → MOVE (4,0,9)
  [Team A] Провокатор A7 (2,7,7) → HOLOGRAM (3,6,6)
  [Team A] Паук A8 (2,5,7) → MINE (3,4,6)
  [Team B] Артиллерия B1 (3,4,6) → SHOOT at (2,3,7)
  [Team B] Радиовышка B2 (7,4,6) → MOVE (6,3,7)
  [Team B] Прыгун B3 (6,4,6) → MOVE (5,3,7)
  [Team B] Тишина B5 (2,4,6) → PHASE toggle
  [Team B] Бурав B6 (8,4,6) → MOVE (7,3,7)
  [Team B] Провокатор B7 (4,4,6) → HOLOGRAM (3,3,7)
  [Team B] Паук B8 (1,4,6) → MINE (2,3,7)
  [Team B] Факел B4 → SKIP
  [Team C] Артиллерия C1 (3,0,9) → SHOOT at (2,3,7)
  [Team C] Радиовышка C2 (6,0,9) → MOVE (5,1,8)
  [Team C] Прыгун C3 (7,0,9) → MOVE (6,1,8)
  [Team C] Факел C4 (9,0,9) → MOVE (8,0,9)
  [Team C] Тишина C5 (5,0,9) → PHASE toggle
  [Team C] Бурав C6 (0,0,9) → MOVE (2,0,7)
  [Team C] Провокатор C7 (4,0,9) → HOLOGRAM (3,1,8)
  [Team C] Паук C8 (2,0,9) → MINE (3,0,8)
! 🎮 GM: принудительно завершает фазу планирования
GM: end_planning
# 
============================================================
# 🔄 ОБРАБОТКА ХОДА 1
# ============================================================
   🌀 Тишина A5: уходит в фазу на 1 ход
   🌀 Тишина B5: уходит в фазу на 1 ход
   🌀 Тишина C5: уходит в фазу на 1 ход
   🪞 Провокатор A7 создал голограмму H1 в (3,6,6)
   🪞 Провокатор B7 создал голограмму H2 в (3,3,7)
   🪞 Провокатор C7 создал голограмму H3 в (3,1,8)
!    ⚠️ Паук A8: клетка (3,4,6) занята кораблём
!    ⚠️ Паук B8: клетка (2,3,7) занята кораблём
   💣 Паук C8 установил мину M1 в (3,0,8)

📦 ПЕРЕМЕЩЕНИЯ:
   Радиовышка A2: (2, 8, 7) → (3,7,6)
   Прыгун A3: (2, 9, 7) → (3,8,6)
✓    💥 Бурав A6 тараном уничтожил Провокатор C7 в (4,0,9)
   Бурав A6: (2, 0, 7) → (4,0,9)
   Радиовышка B2: (7, 4, 6) → (6,3,7)
   Прыгун B3: (6, 4, 6) → (5,3,7)
!    ⚠️ Бурав B6: Бурав двигается только по 1 оси или по 2 осям строго диагонально
   Радиовышка C2: (6, 0, 9) → (5,1,8)
   Прыгун C3: (7, 0, 9) → (6,1,8)
   Факел C4: (9, 0, 9) → (8,0,9)
   Бурав C6: (0, 0, 9) → (2,0,7)

🎯 ВЫСТРЕЛЫ:
✓    ✅ Артиллерия A1 поразил Артиллерия B1 (2 урона)!
✓    ✅ Артиллерия B1 поразил Артиллерия A1 (2 урона)!
   💀 Артиллерия C1 добивает Артиллерия A1
✓    ✅ Артиллерия C1 поразил Артиллерия A1 (2 урона)!
   Выпущено ракет: 4
# 
📊 РЕЗУЛЬТАТЫ ХОДА 1:
✓ 💥 ПОПАДАНИЯ:
✓    Артиллерия A1 (Team A) → Артиллерия B1 (Team B)
✓    Артиллерия B1 (Team B) → Артиллерия A1 (Team A)
✓    Артиллерия C1 (Team C) → Артиллерия A1 (Team A)

--- Результаты хода ---
  Team A / Бурав A6           → Team C / Провокатор C7      @ (4,0,9)  (УБИТ)
  Team A / Артиллерия A1      → Team B / Артиллерия B1      @ (3,4,6)  (УБИТ)
  Team B / Артиллерия B1      → Team A / Артиллерия A1      @ (2,3,7)  (УБИТ)
  Team C / Артиллерия C1      → Team A / Артиллерия A1      @ (2,3,7)  (ранен)

--- Состояние команд после хода ---
  Team A: живых 7/8
    ✓ Радиовышка A2      @ (3,7,6) hp=3/3
    ✓ Прыгун A3          @ (3,8,6) hp=2/2
    ✓ Факел A4           @ (2,4,7) hp=6/6
    ✓ Тишина A5          @ (2,1,7) hp=2/2
    ✓ Бурав A6           @ (4,0,9) hp=4/4
    ✓ Провокатор A7      @ (2,7,7) hp=2/2
    ✓ Паук A8            @ (2,5,7) hp=1/1
    ✗ Артиллерия A1      @ (2,3,7) [уничтожен]
  Team B: живых 7/8
    ✓ Радиовышка B2      @ (6,3,7) hp=3/3
    ✓ Прыгун B3          @ (5,3,7) hp=2/2
    ✓ Факел B4           @ (5,4,6) hp=6/6
    ✓ Тишина B5          @ (2,4,6) hp=2/2
    ✓ Бурав B6           @ (8,4,6) hp=4/4
    ✓ Провокатор B7      @ (4,4,6) hp=2/2
    ✓ Паук B8            @ (1,4,6) hp=1/1
    ✗ Артиллерия B1      @ (3,4,6) [уничтожен]
  Team C: живых 7/8
    ✓ Артиллерия C1      @ (3,0,9) hp=1/1
    ✓ Радиовышка C2      @ (5,1,8) hp=3/3
    ✓ Прыгун C3          @ (6,1,8) hp=2/2
    ✓ Факел C4           @ (8,0,9) hp=6/6
    ✓ Тишина C5          @ (5,0,9) hp=2/2
    ✓ Бурав C6           @ (2,0,7) hp=4/4
    ✓ Паук C8            @ (2,0,9) hp=1/1
    ✗ Провокатор C7      @ (4,0,9) [уничтожен]

======================================================================
ХОД 2
======================================================================
✓ 🎮 GM: начинаем ход
GM: start_turn

--- Радиовышки: сканирование слоя Z ---
  Радиовышка A2 (z=6): видит 4 врагов  → Паук B8(1,4,6), Провокатор B7(4,4,6), Факел B4(5,4,6), Бурав B6(8,4,6)
  Радиовышка B2 (z=7): видит 4 врагов  → Факел A4(2,4,7), Паук A8(2,5,7), Провокатор A7(2,7,7), Бурав C6(2,0,7)
  Радиовышка C2 (z=8): слой чист

--- Решения ботов ---
  [Team A] Радиовышка A2 (3,7,6) → MOVE (4,6,6)
  [Team A] Прыгун A3 (3,8,6) → MOVE (4,7,6)
  [Team A] Факел A4 (2,4,7) → SHOOT at (2,0,7)
  [Team A] Тишина A5 (2,1,7) → MOVE (2,0,7)
  [Team A] Бурав A6 (4,0,9) → MOVE (3,0,9)
  [Team A] Провокатор A7 (2,7,7) → HOLOGRAM (3,6,6)
  [Team A] Паук A8 (2,5,7) → MINE (3,4,7)
  [Team B] Радиовышка B2 (6,3,7) → MOVE (5,2,8)
  [Team B] Прыгун B3 (5,3,7) → MOVE (6,1,8)
  [Team B] Факел B4 (5,4,6) → MOVE (5,3,6)
  [Team B] Тишина B5 (2,4,6) → MOVE (2,4,7)
  [Team B] Бурав B6 (8,4,6) → MOVE (7,3,7)
  [Team B] Провокатор B7 (4,4,6) → HOLOGRAM (3,4,7)
  [Team B] Паук B8 (1,4,6) → MINE (1,4,7)
  [Team C] Артиллерия C1 (3,0,9) → SHOOT at (5,3,7)
  [Team C] Радиовышка C2 (5,1,8) → MOVE (4,0,9)
  [Team C] Прыгун C3 (6,1,8) → MOVE (5,3,7)
  [Team C] Факел C4 (8,0,9) → SHOOT at (4,0,9)
  [Team C] Бурав C6 (2,0,7) → MOVE (3,0,8)
  [Team C] Паук C8 → SKIP
  [Team C] Тишина C5 → SKIP
! 🎮 GM: принудительно завершает фазу планирования
GM: end_planning
# 
============================================================
# 🔄 ОБРАБОТКА ХОДА 2
# ============================================================
   🌀 Тишина A5: фаза спала (действовала 1 ход)
   🌀 Тишина B5: фаза спала (действовала 1 ход)
   🌀 Тишина C5: фаза спала (действовала 1 ход)
!    ⚠️ Провокатор A7: клетка (3,6,6) уже занята голограммой
   🪞 Провокатор B7 создал голограмму H4 в (3,4,7)
   💣 Паук A8 установил мину M2 в (3,4,7)
   💣 Паук B8 установил мину M3 в (1,4,7)

📦 ПЕРЕМЕЩЕНИЯ:
   Радиовышка A2: (3, 7, 6) → (4,6,6)
   Прыгун A3: (3, 8, 6) → (4,7,6)
!    ⚠️ Тишина A5: клетка (2,0,7) занята
✓    💥 Бурав A6 тараном уничтожил Артиллерия C1 в (3,0,9)
   Бурав A6: (4, 0, 9) → (3,0,9)
   Радиовышка B2: (6, 3, 7) → (5,2,8)
✓    💥 Прыгун B3 тараном уничтожил Прыгун C3 в (6,1,8)
   Прыгун B3: (5, 3, 7) → (6,1,8)
   Факел B4: (5, 4, 6) → (5,3,6)
!    ⚠️ Тишина B5: клетка (2,4,7) занята
!    ⚠️ Бурав B6: Бурав двигается только по 1 оси или по 2 осям строго диагонально
   Радиовышка C2: (5, 1, 8) → (4,0,9)
   Бурав C6: (2, 0, 7) → (3,0,8)

🎯 ВЫСТРЕЛЫ:
!    🛡️ Выстрел Факел A4 заблокирован союзником Тишина A5 в (2, 1, 7)
!    🛡️ Выстрел Факел C4 заблокирован союзником Тишина C5 в (5, 0, 9)
   Выпущено ракет: 2
# 
📊 РЕЗУЛЬТАТЫ ХОДА 2:
🎯 Попаданий нет

--- Результаты хода ---
  Team A / Бурав A6           → Team C / Артиллерия C1      @ (3,0,9)  (УБИТ)
  Team B / Прыгун B3          → Team C / Прыгун C3          @ (6,1,8)  (УБИТ)

--- Состояние команд после хода ---
  Team A: живых 7/8
    ✓ Радиовышка A2      @ (4,6,6) hp=3/3
    ✓ Прыгун A3          @ (4,7,6) hp=2/2
    ✓ Факел A4           @ (2,4,7) hp=6/6
    ✓ Тишина A5          @ (2,1,7) hp=2/2
    ✓ Бурав A6           @ (3,0,9) hp=4/4
    ✓ Провокатор A7      @ (2,7,7) hp=2/2
    ✓ Паук A8            @ (2,5,7) hp=1/1
    ✗ Артиллерия A1      @ (2,3,7) [уничтожен]
  Team B: живых 7/8
    ✓ Радиовышка B2      @ (5,2,8) hp=3/3
    ✓ Прыгун B3          @ (6,1,8) hp=2/2
    ✓ Факел B4           @ (5,3,6) hp=6/6
    ✓ Тишина B5          @ (2,4,6) hp=2/2
    ✓ Бурав B6           @ (8,4,6) hp=4/4
    ✓ Провокатор B7      @ (4,4,6) hp=2/2
    ✓ Паук B8            @ (1,4,6) hp=1/1
    ✗ Артиллерия B1      @ (3,4,6) [уничтожен]
  Team C: живых 5/8
    ✓ Радиовышка C2      @ (4,0,9) hp=3/3
    ✓ Факел C4           @ (8,0,9) hp=6/6
    ✓ Тишина C5          @ (5,0,9) hp=2/2
    ✓ Бурав C6           @ (3,0,8) hp=4/4
    ✓ Паук C8            @ (2,0,9) hp=1/1
    ✗ Артиллерия C1      @ (3,0,9) [уничтожен]
    ✗ Прыгун C3          @ (6,1,8) [уничтожен]
    ✗ Провокатор C7      @ (4,0,9) [уничтожен]

======================================================================
ХОД 3
======================================================================
✓ 🎮 GM: начинаем ход
GM: start_turn

--- Радиовышки: сканирование слоя Z ---
  Радиовышка A2 (z=6): видит 5 врагов  → Паук B8(1,4,6), Тишина B5(2,4,6), Провокатор B7(4,4,6), Факел B4(5,3,6), Бурав B6(8,4,6)
  Радиовышка B2 (z=8): видит 1 врагов  → Бурав C6(3,0,8)
  Радиовышка C2 (z=9): видит 1 врагов  → Бурав A6(3,0,9)

--- Решения ботов ---
  [Team A] Радиовышка A2 (4,6,6) → MOVE (3,5,6)
  [Team A] Прыгун A3 (4,7,6) → SHOOT at (4,4,6)
  [Team A] Факел A4 (2,4,7) → SHOOT at (2,4,6)
  [Team A] Тишина A5 (2,1,7) → MOVE (3,0,8)
  [Team A] Бурав A6 (3,0,9) → MOVE (4,0,9)
  [Team A] Провокатор A7 (2,7,7) → HOLOGRAM (2,6,6)
  [Team A] Паук A8 (2,5,7) → MINE (2,4,6)
  [Team B] Радиовышка B2 (5,2,8) → MOVE (4,1,9)
  [Team B] Прыгун B3 (6,1,8) → MOVE (8,0,9)
  [Team B] Факел B4 (5,3,6) → MOVE (5,2,7)
  [Team B] Тишина B5 (2,4,6) → MOVE (2,4,7)
  [Team B] Бурав B6 (8,4,6) → MOVE (7,5,6)
  [Team B] Провокатор B7 (4,4,6) → HOLOGRAM (4,5,6)
  [Team B] Паук B8 (1,4,6) → MINE (1,4,7)
  [Team C] Радиовышка C2 (4,0,9) → MOVE (3,0,9)
  [Team C] Факел C4 (8,0,9) → SHOOT at (3,0,9)
  [Team C] Тишина C5 (5,0,9) → MOVE (6,1,8)
  [Team C] Бурав C6 (3,0,8) → MOVE (5,2,8)
  [Team C] Паук C8 → SKIP
! 🎮 GM: принудительно завершает фазу планирования
GM: end_planning
# 
============================================================
# 🔄 ОБРАБОТКА ХОДА 3
# ============================================================
   🪞 Провокатор A7 создал голограмму H5 в (2,6,6)
   🪞 Провокатор B7 создал голограмму H6 в (4,5,6)
!    ⚠️ Паук A8: клетка (2,4,6) занята кораблём
!    ⚠️ Паук B8: в клетке уже стоит мина

📦 ПЕРЕМЕЩЕНИЯ:
   Радиовышка A2: (4, 6, 6) → (3,5,6)
!    ⚠️ Тишина A5: клетка (3,0,8) занята
✓    💥 Бурав A6 тараном уничтожил Радиовышка C2 в (4,0,9)
   Бурав A6: (3, 0, 9) → (4,0,9)
   Радиовышка B2: (5, 2, 8) → (4,1,9)
✓    💥 Прыгун B3 тараном уничтожил Факел C4 в (8,0,9)
   Прыгун B3: (6, 1, 8) → (8,0,9)
   Факел B4: (5, 3, 6) → (5,2,7)
!    ⚠️ Тишина B5: клетка (2,4,7) занята
   Бурав B6: (8, 4, 6) → (7,5,6)
   Тишина C5: (5, 0, 9) → (6,1,8)
   Бурав C6: (3, 0, 8) → (5,2,8)

🎯 ВЫСТРЕЛЫ:
✓    💥 Прыгун A3 раскрыл голограмму H6 в (4, 5, 6)
✓    ✅ Факел A4 поразил Тишина B5 (1 урона)!
   Выпущено ракет: 2
# 
📊 РЕЗУЛЬТАТЫ ХОДА 3:
✓ 💥 ПОПАДАНИЯ:
✓    Прыгун A3 (Team A) → голограмма H6 (Team B)
✓    Факел A4 (Team A) → Тишина B5 (Team B)

--- Результаты хода ---
  Team A / Бурав A6           → Team C / Радиовышка C2      @ (4,0,9)  (УБИТ)
  Team B / Прыгун B3          → Team C / Факел C4           @ (8,0,9)  (УБИТ)
  Team A / Факел A4           → Team B / Тишина B5          @ (2,4,6)  (ранен)

--- Состояние команд после хода ---
  Team A: живых 7/8
    ✓ Радиовышка A2      @ (3,5,6) hp=3/3
    ✓ Прыгун A3          @ (4,7,6) hp=2/2
    ✓ Факел A4           @ (2,4,7) hp=6/6
    ✓ Тишина A5          @ (2,1,7) hp=2/2
    ✓ Бурав A6           @ (4,0,9) hp=4/4
    ✓ Провокатор A7      @ (2,7,7) hp=2/2
    ✓ Паук A8            @ (2,5,7) hp=1/1
    ✗ Артиллерия A1      @ (2,3,7) [уничтожен]
  Team B: живых 7/8
    ✓ Радиовышка B2      @ (4,1,9) hp=3/3
    ✓ Прыгун B3          @ (8,0,9) hp=2/2
    ✓ Факел B4           @ (5,2,7) hp=6/6
    ✓ Тишина B5          @ (2,4,6) hp=1/2
    ✓ Бурав B6           @ (7,5,6) hp=4/4
    ✓ Провокатор B7      @ (4,4,6) hp=2/2
    ✓ Паук B8            @ (1,4,6) hp=1/1
    ✗ Артиллерия B1      @ (3,4,6) [уничтожен]
  Team C: живых 3/8
    ✓ Тишина C5          @ (6,1,8) hp=2/2
    ✓ Бурав C6           @ (5,2,8) hp=4/4
    ✓ Паук C8            @ (2,0,9) hp=1/1
    ✗ Артиллерия C1      @ (3,0,9) [уничтожен]
    ✗ Радиовышка C2      @ (4,0,9) [уничтожен]
    ✗ Прыгун C3          @ (6,1,8) [уничтожен]
    ✗ Факел C4           @ (8,0,9) [уничтожен]
    ✗ Провокатор C7      @ (4,0,9) [уничтожен]

======================================================================
ХОД 4
======================================================================
✓ 🎮 GM: начинаем ход
GM: start_turn

--- Радиовышки: сканирование слоя Z ---
  Радиовышка A2 (z=6): видит 4 врагов  → Паук B8(1,4,6), Тишина B5(2,4,6), Провокатор B7(4,4,6), Бурав B6(7,5,6)
  Радиовышка B2 (z=9): видит 2 врагов  → Бурав A6(4,0,9), Паук C8(2,0,9)

--- Решения ботов ---
  [Team A] Радиовышка A2 (3,5,6) → MOVE (2,4,6)
  [Team A] Прыгун A3 (4,7,6) → SHOOT at (4,4,6)
  [Team A] Факел A4 (2,4,7) → SHOOT at (2,4,6)
  [Team A] Тишина A5 (2,1,7) → MOVE (3,1,8)
  [Team A] Бурав A6 (4,0,9) → MOVE (4,1,9)
  [Team A] Провокатор A7 (2,7,7) → HOLOGRAM (2,6,6)
  [Team A] Паук A8 (2,5,7) → MINE (2,5,6)
  [Team B] Радиовышка B2 (4,1,9) → MOVE (4,0,9)
  [Team B] Прыгун B3 (8,0,9) → MOVE (6,1,8)
  [Team B] Факел B4 (5,2,7) → SHOOT at (5,2,8)
  [Team B] Тишина B5 (2,4,6) → MOVE (3,5,6)
  [Team B] Бурав B6 (7,5,6) → MOVE (6,6,6)
  [Team B] Провокатор B7 (4,4,6) → HOLOGRAM (3,4,6)
  [Team B] Паук B8 (1,4,6) → MINE (2,4,7)
  [Team C] Тишина C5 (6,1,8) → MOVE (5,2,7)
  [Team C] Бурав C6 (5,2,8) → MOVE (4,1,9)
  [Team C] Паук C8 (2,0,9) → MINE (2,0,8)
! 🎮 GM: принудительно завершает фазу планирования
GM: end_planning
# 
============================================================
# 🔄 ОБРАБОТКА ХОДА 4
# ============================================================
!    ⚠️ Провокатор A7: клетка (2,6,6) уже занята голограммой
   🪞 Провокатор B7 создал голограмму H7 в (3,4,6)
   💣 Паук A8 установил мину M4 в (2,5,6)
!    ⚠️ Паук B8: клетка (2,4,7) занята кораблём
   💣 Паук C8 установил мину M5 в (2,0,8)

📦 ПЕРЕМЕЩЕНИЯ:
!    ⚠️ Радиовышка A2: клетка (2,4,6) занята
!    ⚠️ Тишина A5: клетка (3,1,8) занята
✓    💥 Бурав A6 тараном уничтожил Радиовышка B2 в (4,1,9)
   Бурав A6: (4, 0, 9) → (4,1,9)
✓    💥 Прыгун B3 тараном уничтожил Тишина C5 в (6,1,8)
   Прыгун B3: (8, 0, 9) → (6,1,8)
!    ⚠️ Тишина B5: клетка (3,5,6) занята
   Бурав B6: (7, 5, 6) → (6,6,6)
!    ⚠️ Бурав C6: Бурав двигается только по 1 оси или по 2 осям строго диагонально

🎯 ВЫСТРЕЛЫ:
✓    ✅ Прыгун A3 поразил Провокатор B7 (1 урона)!
✓    ✅ Факел A4 поразил Тишина B5 (1 урона)!
✓    ✅ Факел B4 поразил Бурав C6 (1 урона)!
   Выпущено ракет: 3
# 
📊 РЕЗУЛЬТАТЫ ХОДА 4:
✓ 💥 ПОПАДАНИЯ:
✓    Прыгун A3 (Team A) → Провокатор B7 (Team B)
✓    Факел A4 (Team A) → Тишина B5 (Team B)
✓    Факел B4 (Team B) → Бурав C6 (Team C)

--- Результаты хода ---
  Team A / Бурав A6           → Team B / Радиовышка B2      @ (4,1,9)  (УБИТ)
  Team B / Прыгун B3          → Team C / Тишина C5          @ (6,1,8)  (УБИТ)
  Team A / Прыгун A3          → Team B / Провокатор B7      @ (4,4,6)  (ранен)
  Team A / Факел A4           → Team B / Тишина B5          @ (2,4,6)  (УБИТ)
  Team B / Факел B4           → Team C / Бурав C6           @ (5,2,8)  (ранен)

--- Состояние команд после хода ---
  Team A: живых 7/8
    ✓ Радиовышка A2      @ (3,5,6) hp=3/3
    ✓ Прыгун A3          @ (4,7,6) hp=2/2
    ✓ Факел A4           @ (2,4,7) hp=6/6
    ✓ Тишина A5          @ (2,1,7) hp=2/2
    ✓ Бурав A6           @ (4,1,9) hp=4/4
    ✓ Провокатор A7      @ (2,7,7) hp=2/2
    ✓ Паук A8            @ (2,5,7) hp=1/1
    ✗ Артиллерия A1      @ (2,3,7) [уничтожен]
  Team B: живых 5/8
    ✓ Прыгун B3          @ (6,1,8) hp=2/2
    ✓ Факел B4           @ (5,2,7) hp=6/6
    ✓ Бурав B6           @ (6,6,6) hp=4/4
    ✓ Провокатор B7      @ (4,4,6) hp=1/2
    ✓ Паук B8            @ (1,4,6) hp=1/1
    ✗ Артиллерия B1      @ (3,4,6) [уничтожен]
    ✗ Радиовышка B2      @ (4,1,9) [уничтожен]
    ✗ Тишина B5          @ (2,4,6) [уничтожен]
  Team C: живых 2/8
    ✓ Бурав C6           @ (5,2,8) hp=3/4
    ✓ Паук C8            @ (2,0,9) hp=1/1
    ✗ Артиллерия C1      @ (3,0,9) [уничтожен]
    ✗ Радиовышка C2      @ (4,0,9) [уничтожен]
    ✗ Прыгун C3          @ (6,1,8) [уничтожен]
    ✗ Факел C4           @ (8,0,9) [уничтожен]
    ✗ Тишина C5          @ (6,1,8) [уничтожен]
    ✗ Провокатор C7      @ (4,0,9) [уничтожен]

======================================================================
ХОД 5
======================================================================
✓ 🎮 GM: начинаем ход
GM: start_turn

--- Радиовышки: сканирование слоя Z ---
  Радиовышка A2 (z=6): видит 3 врагов  → Паук B8(1,4,6), Провокатор B7(4,4,6), Бурав B6(6,6,6)

--- Решения ботов ---
  [Team A] Радиовышка A2 (3,5,6) → MOVE (4,4,6)
  [Team A] Прыгун A3 (4,7,6) → MOVE (6,6,6)
  [Team A] Факел A4 (2,4,7) → MOVE (3,4,7)
  [Team A] Тишина A5 (2,1,7) → PHASE toggle
  [Team A] Бурав A6 (4,1,9) → MOVE (5,2,8)
  [Team A] Провокатор A7 (2,7,7) → HOLOGRAM (3,6,6)
  [Team A] Паук A8 (2,5,7) → MINE (1,4,6)
  [Team B] Прыгун B3 (6,1,8) → MOVE (4,1,9)
  [Team B] Факел B4 (5,2,7) → HEAL (AoE)
  [Team B] Бурав B6 (6,6,6) → MOVE (5,7,6)
  [Team B] Провокатор B7 (4,4,6) → HOLOGRAM (3,5,6)
  [Team B] Паук B8 (1,4,6) → MINE (2,4,7)
  [Team C] Бурав C6 (5,2,8) → MOVE (5,2,7)
  [Team C] Паук C8 (2,0,9) → MINE (2,0,8)
! 🎮 GM: принудительно завершает фазу планирования
GM: end_planning
# 
============================================================
# 🔄 ОБРАБОТКА ХОДА 5
# ============================================================
   🌀 Тишина A5: уходит в фазу на 1 ход
!    ⚠️ Провокатор A7: клетка (3,6,6) уже занята голограммой
!    ⚠️ Провокатор B7: клетка (3,5,6) занята кораблём
!    ⚠️ Паук A8: клетка (1,4,6) занята кораблём
!    ⚠️ Паук B8: клетка (2,4,7) занята кораблём
!    ⚠️ Паук C8: в клетке уже стоит мина

📦 ПЕРЕМЕЩЕНИЯ:
!    ⚠️ Радиовышка A2: клетка (4,4,6) занята
✓    💥 Прыгун A3 тараном уничтожил Бурав B6 в (6,6,6)
   Прыгун A3: (4, 7, 6) → (6,6,6)
!    ⚠️ Факел A4: клетка (3,4,7) занята
!    ⚠️ Бурав A6: Бурав двигается только по 1 оси или по 2 осям строго диагонально
✓    💥 Прыгун B3 тараном уничтожил Бурав A6 в (4,1,9)
   Прыгун B3: (6, 1, 8) → (4,1,9)
✓    💥 Бурав C6 тараном уничтожил Факел B4 в (5,2,7)
   Бурав C6: (5, 2, 8) → (5,2,7)

🎯 ВЫСТРЕЛЫ:
   Выпущено ракет: 0
# 
📊 РЕЗУЛЬТАТЫ ХОДА 5:
🎯 Попаданий нет

--- Результаты хода ---
  Team A / Прыгун A3          → Team B / Бурав B6           @ (6,6,6)  (УБИТ)
  Team B / Прыгун B3          → Team A / Бурав A6           @ (4,1,9)  (УБИТ)
  Team C / Бурав C6           → Team B / Факел B4           @ (5,2,7)  (УБИТ)

--- Состояние команд после хода ---
  Team A: живых 6/8
    ✓ Радиовышка A2      @ (3,5,6) hp=3/3
    ✓ Прыгун A3          @ (6,6,6) hp=2/2
    ✓ Факел A4           @ (2,4,7) hp=6/6
    ✓ Тишина A5          @ (2,1,7) hp=2/2
    ✓ Провокатор A7      @ (2,7,7) hp=2/2
    ✓ Паук A8            @ (2,5,7) hp=1/1
    ✗ Артиллерия A1      @ (2,3,7) [уничтожен]
    ✗ Бурав A6           @ (4,1,9) [уничтожен]
  Team B: живых 3/8
    ✓ Прыгун B3          @ (4,1,9) hp=2/2
    ✓ Провокатор B7      @ (4,4,6) hp=1/2
    ✓ Паук B8            @ (1,4,6) hp=1/1
    ✗ Артиллерия B1      @ (3,4,6) [уничтожен]
    ✗ Радиовышка B2      @ (4,1,9) [уничтожен]
    ✗ Факел B4           @ (5,2,7) [уничтожен]
    ✗ Тишина B5          @ (2,4,6) [уничтожен]
    ✗ Бурав B6           @ (6,6,6) [уничтожен]
  Team C: живых 2/8
    ✓ Бурав C6           @ (5,2,7) hp=3/4
    ✓ Паук C8            @ (2,0,9) hp=1/1
    ✗ Артиллерия C1      @ (3,0,9) [уничтожен]
    ✗ Радиовышка C2      @ (4,0,9) [уничтожен]
    ✗ Прыгун C3          @ (6,1,8) [уничтожен]
    ✗ Факел C4           @ (8,0,9) [уничтожен]
    ✗ Тишина C5          @ (6,1,8) [уничтожен]
    ✗ Провокатор C7      @ (4,0,9) [уничтожен]

======================================================================
ХОД 6
======================================================================
✓ 🎮 GM: начинаем ход
GM: start_turn

--- Радиовышки: сканирование слоя Z ---
  Радиовышка A2 (z=6): видит 2 врагов  → Паук B8(1,4,6), Провокатор B7(4,4,6)

--- Решения ботов ---
  [Team A] Радиовышка A2 (3,5,6) → MOVE (4,4,6)
  [Team A] Прыгун A3 (6,6,6) → MOVE (5,5,6)
  [Team A] Факел A4 (2,4,7) → MOVE (2,3,6)
  [Team A] Тишина A5 (2,1,7) → MOVE (3,1,8)
  [Team A] Провокатор A7 (2,7,7) → HOLOGRAM (3,6,6)
  [Team A] Паук A8 (2,5,7) → MINE (1,4,6)
  [Team B] Прыгун B3 (4,1,9) → MOVE (5,2,7)
  [Team B] Провокатор B7 (4,4,6) → HOLOGRAM (3,5,6)
  [Team B] Паук B8 (1,4,6) → MINE (2,4,7)
  [Team C] Бурав C6 (5,2,7) → MOVE (2,5,7)
  [Team C] Паук C8 (2,0,9) → MINE (3,1,9)
! 🎮 GM: принудительно завершает фазу планирования
GM: end_planning
# 
============================================================
# 🔄 ОБРАБОТКА ХОДА 6
# ============================================================
   🌀 Тишина A5: фаза спала (действовала 1 ход)
!    ⚠️ Провокатор A7: клетка (3,6,6) уже занята голограммой
!    ⚠️ Провокатор B7: клетка (3,5,6) занята кораблём
!    ⚠️ Паук A8: клетка (1,4,6) занята кораблём
!    ⚠️ Паук B8: клетка (2,4,7) занята кораблём
   💣 Паук C8 установил мину M6 в (3,1,9)

📦 ПЕРЕМЕЩЕНИЯ:
!    ⚠️ Радиовышка A2: клетка (4,4,6) занята
   Прыгун A3: (6, 6, 6) → (5,5,6)
   Факел A4: (2, 4, 7) → (2,3,6)
!    ⚠️ Тишина A5: клетка (3,1,8) занята
✓    💥 Прыгун B3 тараном уничтожил Бурав C6 в (5,2,7)
   Прыгун B3: (4, 1, 9) → (5,2,7)

🎯 ВЫСТРЕЛЫ:
   Выпущено ракет: 0
# 
📊 РЕЗУЛЬТАТЫ ХОДА 6:
🎯 Попаданий нет

--- Результаты хода ---
  Team B / Прыгун B3          → Team C / Бурав C6           @ (5,2,7)  (УБИТ)

--- Состояние команд после хода ---
  Team A: живых 6/8
    ✓ Радиовышка A2      @ (3,5,6) hp=3/3
    ✓ Прыгун A3          @ (5,5,6) hp=2/2
    ✓ Факел A4           @ (2,3,6) hp=6/6
    ✓ Тишина A5          @ (2,1,7) hp=2/2
    ✓ Провокатор A7      @ (2,7,7) hp=2/2
    ✓ Паук A8            @ (2,5,7) hp=1/1
    ✗ Артиллерия A1      @ (2,3,7) [уничтожен]
    ✗ Бурав A6           @ (4,1,9) [уничтожен]
  Team B: живых 3/8
    ✓ Прыгун B3          @ (5,2,7) hp=2/2
    ✓ Провокатор B7      @ (4,4,6) hp=1/2
    ✓ Паук B8            @ (1,4,6) hp=1/1
    ✗ Артиллерия B1      @ (3,4,6) [уничтожен]
    ✗ Радиовышка B2      @ (4,1,9) [уничтожен]
    ✗ Факел B4           @ (5,2,7) [уничтожен]
    ✗ Тишина B5          @ (2,4,6) [уничтожен]
    ✗ Бурав B6           @ (6,6,6) [уничтожен]
  Team C: живых 1/8
    ✓ Паук C8            @ (2,0,9) hp=1/1
    ✗ Артиллерия C1      @ (3,0,9) [уничтожен]
    ✗ Радиовышка C2      @ (4,0,9) [уничтожен]
    ✗ Прыгун C3          @ (6,1,8) [уничтожен]
    ✗ Факел C4           @ (8,0,9) [уничтожен]
    ✗ Тишина C5          @ (6,1,8) [уничтожен]
    ✗ Бурав C6           @ (5,2,7) [уничтожен]
    ✗ Провокатор C7      @ (4,0,9) [уничтожен]

======================================================================
ХОД 7
======================================================================
✓ 🎮 GM: начинаем ход
GM: start_turn

--- Радиовышки: сканирование слоя Z ---
  Радиовышка A2 (z=6): видит 2 врагов  → Паук B8(1,4,6), Провокатор B7(4,4,6)

--- Решения ботов ---
  [Team A] Радиовышка A2 (3,5,6) → MOVE (4,4,6)
  [Team A] Прыгун A3 (5,5,6) → MOVE (4,5,6)
  [Team A] Тишина A5 (2,1,7) → MOVE (2,0,8)
  [Team A] Провокатор A7 (2,7,7) → HOLOGRAM (3,6,6)
  [Team A] Паук A8 (2,5,7) → MINE (1,4,6)
  [Team A] Факел A4 → SKIP
  [Team B] Прыгун B3 (5,2,7) → MOVE (4,3,6)
  [Team B] Провокатор B7 (4,4,6) → HOLOGRAM (3,5,6)
  [Team B] Паук B8 (1,4,6) → MINE (2,3,6)
  [Team C] Паук C8 (2,0,9) → MINE (2,0,8)
! 🎮 GM: принудительно завершает фазу планирования
GM: end_planning
# 
============================================================
# 🔄 ОБРАБОТКА ХОДА 7
# ============================================================
!    ⚠️ Провокатор A7: клетка (3,6,6) уже занята голограммой
!    ⚠️ Провокатор B7: клетка (3,5,6) занята кораблём
!    ⚠️ Паук A8: клетка (1,4,6) занята кораблём
!    ⚠️ Паук B8: клетка (2,3,6) занята кораблём
!    ⚠️ Паук C8: в клетке уже стоит мина

📦 ПЕРЕМЕЩЕНИЯ:
!    ⚠️ Радиовышка A2: клетка (4,4,6) занята
   Прыгун A3: (5, 5, 6) → (4,5,6)
   Тишина A5: (2, 1, 7) → (2,0,8)
!    💥 Мина M5 сработала под Тишина A5 (урон 2) — КОРАБЛЬ УНИЧТОЖЕН
   Прыгун B3: (5, 2, 7) → (4,3,6)

🎯 ВЫСТРЕЛЫ:
   Выпущено ракет: 0
# 
📊 РЕЗУЛЬТАТЫ ХОДА 7:
🎯 Попаданий нет

--- Результаты хода ---
  ? / ?                  → Team A / Тишина A5          @ (2,0,8)  (УБИТ)

--- Состояние команд после хода ---
  Team A: живых 5/8
    ✓ Радиовышка A2      @ (3,5,6) hp=3/3
    ✓ Прыгун A3          @ (4,5,6) hp=2/2
    ✓ Факел A4           @ (2,3,6) hp=6/6
    ✓ Провокатор A7      @ (2,7,7) hp=2/2
    ✓ Паук A8            @ (2,5,7) hp=1/1
    ✗ Артиллерия A1      @ (2,3,7) [уничтожен]
    ✗ Тишина A5          @ (2,0,8) [уничтожен]
    ✗ Бурав A6           @ (4,1,9) [уничтожен]
  Team B: живых 3/8
    ✓ Прыгун B3          @ (4,3,6) hp=2/2
    ✓ Провокатор B7      @ (4,4,6) hp=1/2
    ✓ Паук B8            @ (1,4,6) hp=1/1
    ✗ Артиллерия B1      @ (3,4,6) [уничтожен]
    ✗ Радиовышка B2      @ (4,1,9) [уничтожен]
    ✗ Факел B4           @ (5,2,7) [уничтожен]
    ✗ Тишина B5          @ (2,4,6) [уничтожен]
    ✗ Бурав B6           @ (6,6,6) [уничтожен]
  Team C: живых 1/8
    ✓ Паук C8            @ (2,0,9) hp=1/1
    ✗ Артиллерия C1      @ (3,0,9) [уничтожен]
    ✗ Радиовышка C2      @ (4,0,9) [уничтожен]
    ✗ Прыгун C3          @ (6,1,8) [уничтожен]
    ✗ Факел C4           @ (8,0,9) [уничтожен]
    ✗ Тишина C5          @ (6,1,8) [уничтожен]
    ✗ Бурав C6           @ (5,2,7) [уничтожен]
    ✗ Провокатор C7      @ (4,0,9) [уничтожен]

======================================================================
ХОД 8
======================================================================
✓ 🎮 GM: начинаем ход
GM: start_turn

--- Радиовышки: сканирование слоя Z ---
  Радиовышка A2 (z=6): видит 3 врагов  → Паук B8(1,4,6), Прыгун B3(4,3,6), Провокатор B7(4,4,6)

--- Решения ботов ---
  [Team A] Радиовышка A2 (3,5,6) → MOVE (4,4,6)
  [Team A] Прыгун A3 (4,5,6) → MOVE (4,3,6)
  [Team A] Факел A4 (2,3,6) → SHOOT at (4,3,6)
  [Team A] Провокатор A7 (2,7,7) → HOLOGRAM (3,6,6)
  [Team A] Паук A8 (2,5,7) → MINE (3,4,6)
  [Team B] Прыгун B3 (4,3,6) → MOVE (2,3,6)
  [Team B] Провокатор B7 (4,4,6) → HOLOGRAM (3,5,6)
  [Team B] Паук B8 (1,4,6) → MINE (1,3,6)
  [Team C] Паук C8 (2,0,9) → MINE (2,1,8)
! 🎮 GM: принудительно завершает фазу планирования
GM: end_planning
# 
============================================================
# 🔄 ОБРАБОТКА ХОДА 8
# ============================================================
!    ⚠️ Провокатор A7: клетка (3,6,6) уже занята голограммой
!    ⚠️ Провокатор B7: клетка (3,5,6) занята кораблём
   💣 Паук A8 установил мину M7 в (3,4,6)
   💣 Паук B8 установил мину M8 в (1,3,6)
   💣 Паук C8 установил мину M9 в (2,1,8)

📦 ПЕРЕМЕЩЕНИЯ:
!    ⚠️ Радиовышка A2: клетка (4,4,6) занята
✓    💥 Прыгун A3 тараном уничтожил Прыгун B3 в (4,3,6)
   Прыгун A3: (4, 5, 6) → (4,3,6)

🎯 ВЫСТРЕЛЫ:
!    🛡️ Выстрел Факел A4 заблокирован союзником Прыгун A3 в (4, 3, 6)
   Выпущено ракет: 1
# 
📊 РЕЗУЛЬТАТЫ ХОДА 8:
🎯 Попаданий нет

--- Результаты хода ---
  Team A / Прыгун A3          → Team B / Прыгун B3          @ (4,3,6)  (УБИТ)

--- Состояние команд после хода ---
  Team A: живых 5/8
    ✓ Радиовышка A2      @ (3,5,6) hp=3/3
    ✓ Прыгун A3          @ (4,3,6) hp=2/2
    ✓ Факел A4           @ (2,3,6) hp=6/6
    ✓ Провокатор A7      @ (2,7,7) hp=2/2
    ✓ Паук A8            @ (2,5,7) hp=1/1
    ✗ Артиллерия A1      @ (2,3,7) [уничтожен]
    ✗ Тишина A5          @ (2,0,8) [уничтожен]
    ✗ Бурав A6           @ (4,1,9) [уничтожен]
  Team B: живых 2/8
    ✓ Провокатор B7      @ (4,4,6) hp=1/2
    ✓ Паук B8            @ (1,4,6) hp=1/1
    ✗ Артиллерия B1      @ (3,4,6) [уничтожен]
    ✗ Радиовышка B2      @ (4,1,9) [уничтожен]
    ✗ Прыгун B3          @ (4,3,6) [уничтожен]
    ✗ Факел B4           @ (5,2,7) [уничтожен]
    ✗ Тишина B5          @ (2,4,6) [уничтожен]
    ✗ Бурав B6           @ (6,6,6) [уничтожен]
  Team C: живых 1/8
    ✓ Паук C8            @ (2,0,9) hp=1/1
    ✗ Артиллерия C1      @ (3,0,9) [уничтожен]
    ✗ Радиовышка C2      @ (4,0,9) [уничтожен]
    ✗ Прыгун C3          @ (6,1,8) [уничтожен]
    ✗ Факел C4           @ (8,0,9) [уничтожен]
    ✗ Тишина C5          @ (6,1,8) [уничтожен]
    ✗ Бурав C6           @ (5,2,7) [уничтожен]
    ✗ Провокатор C7      @ (4,0,9) [уничтожен]

======================================================================
ХОД 9
======================================================================
✓ 🎮 GM: начинаем ход
GM: start_turn

--- Радиовышки: сканирование слоя Z ---
  Радиовышка A2 (z=6): видит 2 врагов  → Паук B8(1,4,6), Провокатор B7(4,4,6)

--- Решения ботов ---
  [Team A] Радиовышка A2 (3,5,6) → MOVE (4,4,6)
  [Team A] Прыгун A3 (4,3,6) → SHOOT at (4,4,6)
  [Team A] Факел A4 (2,3,6) → MOVE (3,4,6)
  [Team A] Провокатор A7 (2,7,7) → HOLOGRAM (3,6,6)
  [Team A] Паук A8 (2,5,7) → MINE (1,4,6)
  [Team B] Провокатор B7 (4,4,6) → HOLOGRAM (3,5,6)
  [Team B] Паук B8 (1,4,6) → MINE (2,3,6)
  [Team C] Паук C8 (2,0,9) → MINE (3,1,8)
! 🎮 GM: принудительно завершает фазу планирования
GM: end_planning
# 
============================================================
# 🔄 ОБРАБОТКА ХОДА 9
# ============================================================
!    ⚠️ Провокатор A7: клетка (3,6,6) уже занята голограммой
!    ⚠️ Провокатор B7: клетка (3,5,6) занята кораблём
!    ⚠️ Паук A8: клетка (1,4,6) занята кораблём
!    ⚠️ Паук B8: клетка (2,3,6) занята кораблём
   💣 Паук C8 установил мину M10 в (3,1,8)

📦 ПЕРЕМЕЩЕНИЯ:
!    ⚠️ Радиовышка A2: клетка (4,4,6) занята
!    ⚠️ Факел A4: клетка (3,4,6) занята

🎯 ВЫСТРЕЛЫ:
✓    ✅ Прыгун A3 поразил Провокатор B7 (1 урона)!
   Выпущено ракет: 1
# 
📊 РЕЗУЛЬТАТЫ ХОДА 9:
✓ 💥 ПОПАДАНИЯ:
✓    Прыгун A3 (Team A) → Провокатор B7 (Team B)

--- Результаты хода ---
  Team A / Прыгун A3          → Team B / Провокатор B7      @ (4,4,6)  (УБИТ)

--- Состояние команд после хода ---
  Team A: живых 5/8
    ✓ Радиовышка A2      @ (3,5,6) hp=3/3
    ✓ Прыгун A3          @ (4,3,6) hp=2/2
    ✓ Факел A4           @ (2,3,6) hp=6/6
    ✓ Провокатор A7      @ (2,7,7) hp=2/2
    ✓ Паук A8            @ (2,5,7) hp=1/1
    ✗ Артиллерия A1      @ (2,3,7) [уничтожен]
    ✗ Тишина A5          @ (2,0,8) [уничтожен]
    ✗ Бурав A6           @ (4,1,9) [уничтожен]
  Team B: живых 1/8
    ✓ Паук B8            @ (1,4,6) hp=1/1
    ✗ Артиллерия B1      @ (3,4,6) [уничтожен]
    ✗ Радиовышка B2      @ (4,1,9) [уничтожен]
    ✗ Прыгун B3          @ (4,3,6) [уничтожен]
    ✗ Факел B4           @ (5,2,7) [уничтожен]
    ✗ Тишина B5          @ (2,4,6) [уничтожен]
    ✗ Бурав B6           @ (6,6,6) [уничтожен]
    ✗ Провокатор B7      @ (4,4,6) [уничтожен]
  Team C: живых 1/8
    ✓ Паук C8            @ (2,0,9) hp=1/1
    ✗ Артиллерия C1      @ (3,0,9) [уничтожен]
    ✗ Радиовышка C2      @ (4,0,9) [уничтожен]
    ✗ Прыгун C3          @ (6,1,8) [уничтожен]
    ✗ Факел C4           @ (8,0,9) [уничтожен]
    ✗ Тишина C5          @ (6,1,8) [уничтожен]
    ✗ Бурав C6           @ (5,2,7) [уничтожен]
    ✗ Провокатор C7      @ (4,0,9) [уничтожен]

======================================================================
ХОД 10
======================================================================
✓ 🎮 GM: начинаем ход
GM: start_turn

--- Радиовышки: сканирование слоя Z ---
  Радиовышка A2 (z=6): видит 1 врагов  → Паук B8(1,4,6)

--- Решения ботов ---
  [Team A] Радиовышка A2 (3,5,6) → MOVE (2,4,6)
  [Team A] Прыгун A3 (4,3,6) → MOVE (3,4,6)
  [Team A] Факел A4 (2,3,6) → MOVE (3,3,6)
  [Team A] Провокатор A7 (2,7,7) → HOLOGRAM (1,6,6)
  [Team A] Паук A8 (2,5,7) → MINE (1,4,6)
  [Team B] Паук B8 (1,4,6) → MINE (2,4,6)
  [Team C] Паук C8 (2,0,9) → MINE (3,1,8)
! 🎮 GM: принудительно завершает фазу планирования
GM: end_planning
# 
============================================================
# 🔄 ОБРАБОТКА ХОДА 10
# ============================================================
   🪞 Провокатор A7 создал голограмму H8 в (1,6,6)
!    ⚠️ Паук A8: клетка (1,4,6) занята кораблём
   💣 Паук B8 установил мину M11 в (2,4,6)
!    ⚠️ Паук C8: в клетке уже стоит мина

📦 ПЕРЕМЕЩЕНИЯ:
   Радиовышка A2: (3, 5, 6) → (2,4,6)
!    💥 Мина M11 сработала под Радиовышка A2 (урон 2)
✓    💥 Прыгун A3 тараном сбросил голограмму H7
   Прыгун A3: (4, 3, 6) → (3,4,6)
   Факел A4: (2, 3, 6) → (3,3,6)

🎯 ВЫСТРЕЛЫ:
   Выпущено ракет: 0
# 
📊 РЕЗУЛЬТАТЫ ХОДА 10:
🎯 Попаданий нет

--- Результаты хода ---
  ? / ?                  → Team A / Радиовышка A2      @ (2,4,6)  (ранен)

--- Состояние команд после хода ---
  Team A: живых 5/8
    ✓ Радиовышка A2      @ (2,4,6) hp=1/3
    ✓ Прыгун A3          @ (3,4,6) hp=2/2
    ✓ Факел A4           @ (3,3,6) hp=6/6
    ✓ Провокатор A7      @ (2,7,7) hp=2/2
    ✓ Паук A8            @ (2,5,7) hp=1/1
    ✗ Артиллерия A1      @ (2,3,7) [уничтожен]
    ✗ Тишина A5          @ (2,0,8) [уничтожен]
    ✗ Бурав A6           @ (4,1,9) [уничтожен]
  Team B: живых 1/8
    ✓ Паук B8            @ (1,4,6) hp=1/1
    ✗ Артиллерия B1      @ (3,4,6) [уничтожен]
    ✗ Радиовышка B2      @ (4,1,9) [уничтожен]
    ✗ Прыгун B3          @ (4,3,6) [уничтожен]
    ✗ Факел B4           @ (5,2,7) [уничтожен]
    ✗ Тишина B5          @ (2,4,6) [уничтожен]
    ✗ Бурав B6           @ (6,6,6) [уничтожен]
    ✗ Провокатор B7      @ (4,4,6) [уничтожен]
  Team C: живых 1/8
    ✓ Паук C8            @ (2,0,9) hp=1/1
    ✗ Артиллерия C1      @ (3,0,9) [уничтожен]
    ✗ Радиовышка C2      @ (4,0,9) [уничтожен]
    ✗ Прыгун C3          @ (6,1,8) [уничтожен]
    ✗ Факел C4           @ (8,0,9) [уничтожен]
    ✗ Тишина C5          @ (6,1,8) [уничтожен]
    ✗ Бурав C6           @ (5,2,7) [уничтожен]
    ✗ Провокатор C7      @ (4,0,9) [уничтожен]

======================================================================
ХОД 11
======================================================================
✓ 🎮 GM: начинаем ход
GM: start_turn

--- Радиовышки: сканирование слоя Z ---
  Радиовышка A2 (z=6): видит 1 врагов  → Паук B8(1,4,6)

--- Решения ботов ---
  [Team A] Радиовышка A2 (2,4,6) → MOVE (1,4,6)
  [Team A] Прыгун A3 (3,4,6) → SHOOT at (1,4,6)
  [Team A] Факел A4 (3,3,6) → HEAL (AoE)
  [Team A] Провокатор A7 (2,7,7) → HOLOGRAM (1,6,6)
  [Team A] Паук A8 (2,5,7) → MINE (1,4,7)
  [Team B] Паук B8 (1,4,6) → MINE (2,4,6)
  [Team C] Паук C8 (2,0,9) → MINE (3,1,8)
! 🎮 GM: принудительно завершает фазу планирования
GM: end_planning
# 
============================================================
# 🔄 ОБРАБОТКА ХОДА 11
# ============================================================
!    ⚠️ Провокатор A7: клетка (1,6,6) уже занята голограммой
!    ⚠️ Паук A8: в клетке уже стоит мина
!    ⚠️ Паук B8: клетка (2,4,6) занята кораблём
!    ⚠️ Паук C8: в клетке уже стоит мина

📦 ПЕРЕМЕЩЕНИЯ:
!    ⚠️ Радиовышка A2: клетка (1,4,6) занята

🎯 ВЫСТРЕЛЫ:
!    🛡️ Выстрел Прыгун A3 заблокирован союзником Радиовышка A2 в (2, 4, 6)
✓    💚 Факел A4 лечит Радиовышка A2 → hits=1/3
   Выпущено ракет: 1
# 
📊 РЕЗУЛЬТАТЫ ХОДА 11:
🎯 Попаданий нет

--- Результаты хода ---
  Попаданий нет

--- Состояние команд после хода ---
  Team A: живых 5/8
    ✓ Радиовышка A2      @ (2,4,6) hp=2/3
    ✓ Прыгун A3          @ (3,4,6) hp=2/2
    ✓ Факел A4           @ (3,3,6) hp=6/6
    ✓ Провокатор A7      @ (2,7,7) hp=2/2
    ✓ Паук A8            @ (2,5,7) hp=1/1
    ✗ Артиллерия A1      @ (2,3,7) [уничтожен]
    ✗ Тишина A5          @ (2,0,8) [уничтожен]
    ✗ Бурав A6           @ (4,1,9) [уничтожен]
  Team B: живых 1/8
    ✓ Паук B8            @ (1,4,6) hp=1/1
    ✗ Артиллерия B1      @ (3,4,6) [уничтожен]
    ✗ Радиовышка B2      @ (4,1,9) [уничтожен]
    ✗ Прыгун B3          @ (4,3,6) [уничтожен]
    ✗ Факел B4           @ (5,2,7) [уничтожен]
    ✗ Тишина B5          @ (2,4,6) [уничтожен]
    ✗ Бурав B6           @ (6,6,6) [уничтожен]
    ✗ Провокатор B7      @ (4,4,6) [уничтожен]
  Team C: живых 1/8
    ✓ Паук C8            @ (2,0,9) hp=1/1
    ✗ Артиллерия C1      @ (3,0,9) [уничтожен]
    ✗ Радиовышка C2      @ (4,0,9) [уничтожен]
    ✗ Прыгун C3          @ (6,1,8) [уничтожен]
    ✗ Факел C4           @ (8,0,9) [уничтожен]
    ✗ Тишина C5          @ (6,1,8) [уничтожен]
    ✗ Бурав C6           @ (5,2,7) [уничтожен]
    ✗ Провокатор C7      @ (4,0,9) [уничтожен]

======================================================================
ХОД 12
======================================================================
✓ 🎮 GM: начинаем ход
GM: start_turn

--- Радиовышки: сканирование слоя Z ---
  Радиовышка A2 (z=6): видит 1 врагов  → Паук B8(1,4,6)

--- Решения ботов ---
  [Team A] Радиовышка A2 (2,4,6) → MOVE (1,4,6)
  [Team A] Прыгун A3 (3,4,6) → SHOOT at (1,4,6)
  [Team A] Факел A4 (3,3,6) → HEAL (AoE)
  [Team A] Провокатор A7 (2,7,7) → HOLOGRAM (1,6,6)
  [Team A] Паук A8 (2,5,7) → MINE (1,4,7)
  [Team B] Паук B8 (1,4,6) → MINE (2,4,6)
  [Team C] Паук C8 (2,0,9) → MINE (3,1,8)
! 🎮 GM: принудительно завершает фазу планирования
GM: end_planning
# 
============================================================
# 🔄 ОБРАБОТКА ХОДА 12
# ============================================================
!    ⚠️ Провокатор A7: клетка (1,6,6) уже занята голограммой
!    ⚠️ Паук A8: в клетке уже стоит мина
!    ⚠️ Паук B8: клетка (2,4,6) занята кораблём
!    ⚠️ Паук C8: в клетке уже стоит мина

📦 ПЕРЕМЕЩЕНИЯ:
!    ⚠️ Радиовышка A2: клетка (1,4,6) занята

🎯 ВЫСТРЕЛЫ:
!    🛡️ Выстрел Прыгун A3 заблокирован союзником Радиовышка A2 в (2, 4, 6)
✓    💚 Факел A4 лечит Радиовышка A2 → hits=0/3
   Выпущено ракет: 1
# 
📊 РЕЗУЛЬТАТЫ ХОДА 12:
🎯 Попаданий нет

--- Результаты хода ---
  Попаданий нет

--- Состояние команд после хода ---
  Team A: живых 5/8
    ✓ Радиовышка A2      @ (2,4,6) hp=3/3
    ✓ Прыгун A3          @ (3,4,6) hp=2/2
    ✓ Факел A4           @ (3,3,6) hp=6/6
    ✓ Провокатор A7      @ (2,7,7) hp=2/2
    ✓ Паук A8            @ (2,5,7) hp=1/1
    ✗ Артиллерия A1      @ (2,3,7) [уничтожен]
    ✗ Тишина A5          @ (2,0,8) [уничтожен]
    ✗ Бурав A6           @ (4,1,9) [уничтожен]
  Team B: живых 1/8
    ✓ Паук B8            @ (1,4,6) hp=1/1
    ✗ Артиллерия B1      @ (3,4,6) [уничтожен]
    ✗ Радиовышка B2      @ (4,1,9) [уничтожен]
    ✗ Прыгун B3          @ (4,3,6) [уничтожен]
    ✗ Факел B4           @ (5,2,7) [уничтожен]
    ✗ Тишина B5          @ (2,4,6) [уничтожен]
    ✗ Бурав B6           @ (6,6,6) [уничтожен]
    ✗ Провокатор B7      @ (4,4,6) [уничтожен]
  Team C: живых 1/8
    ✓ Паук C8            @ (2,0,9) hp=1/1
    ✗ Артиллерия C1      @ (3,0,9) [уничтожен]
    ✗ Радиовышка C2      @ (4,0,9) [уничтожен]
    ✗ Прыгун C3          @ (6,1,8) [уничтожен]
    ✗ Факел C4           @ (8,0,9) [уничтожен]
    ✗ Тишина C5          @ (6,1,8) [уничтожен]
    ✗ Бурав C6           @ (5,2,7) [уничтожен]
    ✗ Провокатор C7      @ (4,0,9) [уничтожен]

======================================================================
ХОД 13
======================================================================
✓ 🎮 GM: начинаем ход
GM: start_turn

--- Радиовышки: сканирование слоя Z ---
  Радиовышка A2 (z=6): видит 1 врагов  → Паук B8(1,4,6)

--- Решения ботов ---
  [Team A] Радиовышка A2 (2,4,6) → MOVE (1,4,6)
  [Team A] Прыгун A3 (3,4,6) → SHOOT at (1,4,6)
  [Team A] Факел A4 (3,3,6) → MOVE (2,3,6)
  [Team A] Провокатор A7 (2,7,7) → HOLOGRAM (1,6,6)
  [Team A] Паук A8 (2,5,7) → MINE (1,5,6)
  [Team B] Паук B8 (1,4,6) → MINE (2,4,6)
  [Team C] Паук C8 (2,0,9) → MINE (3,1,8)
! 🎮 GM: принудительно завершает фазу планирования
GM: end_planning
# 
============================================================
# 🔄 ОБРАБОТКА ХОДА 13
# ============================================================
!    ⚠️ Провокатор A7: клетка (1,6,6) уже занята голограммой
   💣 Паук A8 установил мину M12 в (1,5,6)
!    ⚠️ Паук B8: клетка (2,4,6) занята кораблём
!    ⚠️ Паук C8: в клетке уже стоит мина

📦 ПЕРЕМЕЩЕНИЯ:
!    ⚠️ Радиовышка A2: клетка (1,4,6) занята
   Факел A4: (3, 3, 6) → (2,3,6)

🎯 ВЫСТРЕЛЫ:
!    🛡️ Выстрел Прыгун A3 заблокирован союзником Радиовышка A2 в (2, 4, 6)
   Выпущено ракет: 1
# 
📊 РЕЗУЛЬТАТЫ ХОДА 13:
🎯 Попаданий нет

--- Результаты хода ---
  Попаданий нет

--- Состояние команд после хода ---
  Team A: живых 5/8
    ✓ Радиовышка A2      @ (2,4,6) hp=3/3
    ✓ Прыгун A3          @ (3,4,6) hp=2/2
    ✓ Факел A4           @ (2,3,6) hp=6/6
    ✓ Провокатор A7      @ (2,7,7) hp=2/2
    ✓ Паук A8            @ (2,5,7) hp=1/1
    ✗ Артиллерия A1      @ (2,3,7) [уничтожен]
    ✗ Тишина A5          @ (2,0,8) [уничтожен]
    ✗ Бурав A6           @ (4,1,9) [уничтожен]
  Team B: живых 1/8
    ✓ Паук B8            @ (1,4,6) hp=1/1
    ✗ Артиллерия B1      @ (3,4,6) [уничтожен]
    ✗ Радиовышка B2      @ (4,1,9) [уничтожен]
    ✗ Прыгун B3          @ (4,3,6) [уничтожен]
    ✗ Факел B4           @ (5,2,7) [уничтожен]
    ✗ Тишина B5          @ (2,4,6) [уничтожен]
    ✗ Бурав B6           @ (6,6,6) [уничтожен]
    ✗ Провокатор B7      @ (4,4,6) [уничтожен]
  Team C: живых 1/8
    ✓ Паук C8            @ (2,0,9) hp=1/1
    ✗ Артиллерия C1      @ (3,0,9) [уничтожен]
    ✗ Радиовышка C2      @ (4,0,9) [уничтожен]
    ✗ Прыгун C3          @ (6,1,8) [уничтожен]
    ✗ Факел C4           @ (8,0,9) [уничтожен]
    ✗ Тишина C5          @ (6,1,8) [уничтожен]
    ✗ Бурав C6           @ (5,2,7) [уничтожен]
    ✗ Провокатор C7      @ (4,0,9) [уничтожен]

======================================================================
ХОД 14
======================================================================
✓ 🎮 GM: начинаем ход
GM: start_turn

--- Радиовышки: сканирование слоя Z ---
  Радиовышка A2 (z=6): видит 1 врагов  → Паук B8(1,4,6)

--- Решения ботов ---
  [Team A] Радиовышка A2 (2,4,6) → MOVE (1,4,6)
  [Team A] Прыгун A3 (3,4,6) → SHOOT at (1,4,6)
  [Team A] Провокатор A7 (2,7,7) → HOLOGRAM (1,6,6)
  [Team A] Паук A8 (2,5,7) → MINE (2,5,6)
  [Team A] Факел A4 → SKIP
  [Team B] Паук B8 (1,4,6) → MINE (2,4,6)
  [Team C] Паук C8 (2,0,9) → MINE (2,1,8)
! 🎮 GM: принудительно завершает фазу планирования
GM: end_planning
# 
============================================================
# 🔄 ОБРАБОТКА ХОДА 14
# ============================================================
!    ⚠️ Провокатор A7: клетка (1,6,6) уже занята голограммой
!    ⚠️ Паук A8: в клетке уже стоит мина
!    ⚠️ Паук B8: клетка (2,4,6) занята кораблём
!    ⚠️ Паук C8: в клетке уже стоит мина

📦 ПЕРЕМЕЩЕНИЯ:
!    ⚠️ Радиовышка A2: клетка (1,4,6) занята

🎯 ВЫСТРЕЛЫ:
!    🛡️ Выстрел Прыгун A3 заблокирован союзником Радиовышка A2 в (2, 4, 6)
   Выпущено ракет: 1
# 
📊 РЕЗУЛЬТАТЫ ХОДА 14:
🎯 Попаданий нет

--- Результаты хода ---
  Попаданий нет

--- Состояние команд после хода ---
  Team A: живых 5/8
    ✓ Радиовышка A2      @ (2,4,6) hp=3/3
    ✓ Прыгун A3          @ (3,4,6) hp=2/2
    ✓ Факел A4           @ (2,3,6) hp=6/6
    ✓ Провокатор A7      @ (2,7,7) hp=2/2
    ✓ Паук A8            @ (2,5,7) hp=1/1
    ✗ Артиллерия A1      @ (2,3,7) [уничтожен]
    ✗ Тишина A5          @ (2,0,8) [уничтожен]
    ✗ Бурав A6           @ (4,1,9) [уничтожен]
  Team B: живых 1/8
    ✓ Паук B8            @ (1,4,6) hp=1/1
    ✗ Артиллерия B1      @ (3,4,6) [уничтожен]
    ✗ Радиовышка B2      @ (4,1,9) [уничтожен]
    ✗ Прыгун B3          @ (4,3,6) [уничтожен]
    ✗ Факел B4           @ (5,2,7) [уничтожен]
    ✗ Тишина B5          @ (2,4,6) [уничтожен]
    ✗ Бурав B6           @ (6,6,6) [уничтожен]
    ✗ Провокатор B7      @ (4,4,6) [уничтожен]
  Team C: живых 1/8
    ✓ Паук C8            @ (2,0,9) hp=1/1
    ✗ Артиллерия C1      @ (3,0,9) [уничтожен]
    ✗ Радиовышка C2      @ (4,0,9) [уничтожен]
    ✗ Прыгун C3          @ (6,1,8) [уничтожен]
    ✗ Факел C4           @ (8,0,9) [уничтожен]
    ✗ Тишина C5          @ (6,1,8) [уничтожен]
    ✗ Бурав C6           @ (5,2,7) [уничтожен]
    ✗ Провокатор C7      @ (4,0,9) [уничтожен]

======================================================================
ХОД 15
======================================================================
✓ 🎮 GM: начинаем ход
GM: start_turn

--- Радиовышки: сканирование слоя Z ---
  Радиовышка A2 (z=6): видит 1 врагов  → Паук B8(1,4,6)

--- Решения ботов ---
  [Team A] Радиовышка A2 (2,4,6) → MOVE (1,4,6)
  [Team A] Прыгун A3 (3,4,6) → SHOOT at (1,4,6)
  [Team A] Провокатор A7 (2,7,7) → HOLOGRAM (1,6,6)
  [Team A] Паук A8 (2,5,7) → MINE (1,4,7)
  [Team A] Факел A4 → SKIP
  [Team B] Паук B8 (1,4,6) → MINE (2,4,6)
  [Team C] Паук C8 (2,0,9) → MINE (2,1,8)
! 🎮 GM: принудительно завершает фазу планирования
GM: end_planning
# 
============================================================
# 🔄 ОБРАБОТКА ХОДА 15
# ============================================================
!    ⚠️ Провокатор A7: клетка (1,6,6) уже занята голограммой
!    ⚠️ Паук A8: в клетке уже стоит мина
!    ⚠️ Паук B8: клетка (2,4,6) занята кораблём
!    ⚠️ Паук C8: в клетке уже стоит мина

📦 ПЕРЕМЕЩЕНИЯ:
!    ⚠️ Радиовышка A2: клетка (1,4,6) занята

🎯 ВЫСТРЕЛЫ:
!    🛡️ Выстрел Прыгун A3 заблокирован союзником Радиовышка A2 в (2, 4, 6)
   Выпущено ракет: 1
# 
📊 РЕЗУЛЬТАТЫ ХОДА 15:
🎯 Попаданий нет

--- Результаты хода ---
  Попаданий нет

--- Состояние команд после хода ---
  Team A: живых 5/8
    ✓ Радиовышка A2      @ (2,4,6) hp=3/3
    ✓ Прыгун A3          @ (3,4,6) hp=2/2
    ✓ Факел A4           @ (2,3,6) hp=6/6
    ✓ Провокатор A7      @ (2,7,7) hp=2/2
    ✓ Паук A8            @ (2,5,7) hp=1/1
    ✗ Артиллерия A1      @ (2,3,7) [уничтожен]
    ✗ Тишина A5          @ (2,0,8) [уничтожен]
    ✗ Бурав A6           @ (4,1,9) [уничтожен]
  Team B: живых 1/8
    ✓ Паук B8            @ (1,4,6) hp=1/1
    ✗ Артиллерия B1      @ (3,4,6) [уничтожен]
    ✗ Радиовышка B2      @ (4,1,9) [уничтожен]
    ✗ Прыгун B3          @ (4,3,6) [уничтожен]
    ✗ Факел B4           @ (5,2,7) [уничтожен]
    ✗ Тишина B5          @ (2,4,6) [уничтожен]
    ✗ Бурав B6           @ (6,6,6) [уничтожен]
    ✗ Провокатор B7      @ (4,4,6) [уничтожен]
  Team C: живых 1/8
    ✓ Паук C8            @ (2,0,9) hp=1/1
    ✗ Артиллерия C1      @ (3,0,9) [уничтожен]
    ✗ Радиовышка C2      @ (4,0,9) [уничтожен]
    ✗ Прыгун C3          @ (6,1,8) [уничтожен]
    ✗ Факел C4           @ (8,0,9) [уничтожен]
    ✗ Тишина C5          @ (6,1,8) [уничтожен]
    ✗ Бурав C6           @ (5,2,7) [уничтожен]
    ✗ Провокатор C7      @ (4,0,9) [уничтожен]

======================================================================
ХОД 16
======================================================================
✓ 🎮 GM: начинаем ход
GM: start_turn

--- Радиовышки: сканирование слоя Z ---
  Радиовышка A2 (z=6): видит 1 врагов  → Паук B8(1,4,6)

--- Решения ботов ---
  [Team A] Радиовышка A2 (2,4,6) → MOVE (1,4,6)
  [Team A] Прыгун A3 (3,4,6) → SHOOT at (1,4,6)
  [Team A] Провокатор A7 (2,7,7) → HOLOGRAM (1,6,6)
  [Team A] Паук A8 (2,5,7) → MINE (2,5,6)
  [Team A] Факел A4 → SKIP
  [Team B] Паук B8 (1,4,6) → MINE (2,4,6)
  [Team C] Паук C8 (2,0,9) → MINE (2,1,8)
! 🎮 GM: принудительно завершает фазу планирования
GM: end_planning
# 
============================================================
# 🔄 ОБРАБОТКА ХОДА 16
# ============================================================
!    ⚠️ Провокатор A7: клетка (1,6,6) уже занята голограммой
!    ⚠️ Паук A8: в клетке уже стоит мина
!    ⚠️ Паук B8: клетка (2,4,6) занята кораблём
!    ⚠️ Паук C8: в клетке уже стоит мина

📦 ПЕРЕМЕЩЕНИЯ:
!    ⚠️ Радиовышка A2: клетка (1,4,6) занята

🎯 ВЫСТРЕЛЫ:
!    🛡️ Выстрел Прыгун A3 заблокирован союзником Радиовышка A2 в (2, 4, 6)
   Выпущено ракет: 1
# 
📊 РЕЗУЛЬТАТЫ ХОДА 16:
🎯 Попаданий нет

--- Результаты хода ---
  Попаданий нет

--- Состояние команд после хода ---
  Team A: живых 5/8
    ✓ Радиовышка A2      @ (2,4,6) hp=3/3
    ✓ Прыгун A3          @ (3,4,6) hp=2/2
    ✓ Факел A4           @ (2,3,6) hp=6/6
    ✓ Провокатор A7      @ (2,7,7) hp=2/2
    ✓ Паук A8            @ (2,5,7) hp=1/1
    ✗ Артиллерия A1      @ (2,3,7) [уничтожен]
    ✗ Тишина A5          @ (2,0,8) [уничтожен]
    ✗ Бурав A6           @ (4,1,9) [уничтожен]
  Team B: живых 1/8
    ✓ Паук B8            @ (1,4,6) hp=1/1
    ✗ Артиллерия B1      @ (3,4,6) [уничтожен]
    ✗ Радиовышка B2      @ (4,1,9) [уничтожен]
    ✗ Прыгун B3          @ (4,3,6) [уничтожен]
    ✗ Факел B4           @ (5,2,7) [уничтожен]
    ✗ Тишина B5          @ (2,4,6) [уничтожен]
    ✗ Бурав B6           @ (6,6,6) [уничтожен]
    ✗ Провокатор B7      @ (4,4,6) [уничтожен]
  Team C: живых 1/8
    ✓ Паук C8            @ (2,0,9) hp=1/1
    ✗ Артиллерия C1      @ (3,0,9) [уничтожен]
    ✗ Радиовышка C2      @ (4,0,9) [уничтожен]
    ✗ Прыгун C3          @ (6,1,8) [уничтожен]
    ✗ Факел C4           @ (8,0,9) [уничтожен]
    ✗ Тишина C5          @ (6,1,8) [уничтожен]
    ✗ Бурав C6           @ (5,2,7) [уничтожен]
    ✗ Провокатор C7      @ (4,0,9) [уничтожен]

======================================================================
ХОД 17
======================================================================
✓ 🎮 GM: начинаем ход
GM: start_turn

--- Радиовышки: сканирование слоя Z ---
  Радиовышка A2 (z=6): видит 1 врагов  → Паук B8(1,4,6)

--- Решения ботов ---
  [Team A] Радиовышка A2 (2,4,6) → MOVE (1,4,6)
  [Team A] Прыгун A3 (3,4,6) → SHOOT at (1,4,6)
  [Team A] Провокатор A7 (2,7,7) → HOLOGRAM (1,6,6)
  [Team A] Паук A8 (2,5,7) → MINE (2,4,7)
  [Team A] Факел A4 → SKIP
  [Team B] Паук B8 (1,4,6) → MINE (2,4,6)
  [Team C] Паук C8 (2,0,9) → MINE (2,1,8)
! 🎮 GM: принудительно завершает фазу планирования
GM: end_planning
# 
============================================================
# 🔄 ОБРАБОТКА ХОДА 17
# ============================================================
!    ⚠️ Провокатор A7: клетка (1,6,6) уже занята голограммой
   💣 Паук A8 установил мину M13 в (2,4,7)
!    ⚠️ Паук B8: клетка (2,4,6) занята кораблём
!    ⚠️ Паук C8: в клетке уже стоит мина

📦 ПЕРЕМЕЩЕНИЯ:
!    ⚠️ Радиовышка A2: клетка (1,4,6) занята

🎯 ВЫСТРЕЛЫ:
!    🛡️ Выстрел Прыгун A3 заблокирован союзником Радиовышка A2 в (2, 4, 6)
   Выпущено ракет: 1
# 
📊 РЕЗУЛЬТАТЫ ХОДА 17:
🎯 Попаданий нет

--- Результаты хода ---
  Попаданий нет

--- Состояние команд после хода ---
  Team A: живых 5/8
    ✓ Радиовышка A2      @ (2,4,6) hp=3/3
    ✓ Прыгун A3          @ (3,4,6) hp=2/2
    ✓ Факел A4           @ (2,3,6) hp=6/6
    ✓ Провокатор A7      @ (2,7,7) hp=2/2
    ✓ Паук A8            @ (2,5,7) hp=1/1
    ✗ Артиллерия A1      @ (2,3,7) [уничтожен]
    ✗ Тишина A5          @ (2,0,8) [уничтожен]
    ✗ Бурав A6           @ (4,1,9) [уничтожен]
  Team B: живых 1/8
    ✓ Паук B8            @ (1,4,6) hp=1/1
    ✗ Артиллерия B1      @ (3,4,6) [уничтожен]
    ✗ Радиовышка B2      @ (4,1,9) [уничтожен]
    ✗ Прыгун B3          @ (4,3,6) [уничтожен]
    ✗ Факел B4           @ (5,2,7) [уничтожен]
    ✗ Тишина B5          @ (2,4,6) [уничтожен]
    ✗ Бурав B6           @ (6,6,6) [уничтожен]
    ✗ Провокатор B7      @ (4,4,6) [уничтожен]
  Team C: живых 1/8
    ✓ Паук C8            @ (2,0,9) hp=1/1
    ✗ Артиллерия C1      @ (3,0,9) [уничтожен]
    ✗ Радиовышка C2      @ (4,0,9) [уничтожен]
    ✗ Прыгун C3          @ (6,1,8) [уничтожен]
    ✗ Факел C4           @ (8,0,9) [уничтожен]
    ✗ Тишина C5          @ (6,1,8) [уничтожен]
    ✗ Бурав C6           @ (5,2,7) [уничтожен]
    ✗ Провокатор C7      @ (4,0,9) [уничтожен]

======================================================================
ХОД 18
======================================================================
✓ 🎮 GM: начинаем ход
GM: start_turn

--- Радиовышки: сканирование слоя Z ---
  Радиовышка A2 (z=6): видит 1 врагов  → Паук B8(1,4,6)

--- Решения ботов ---
  [Team A] Радиовышка A2 (2,4,6) → MOVE (1,4,6)
  [Team A] Прыгун A3 (3,4,6) → SHOOT at (1,4,6)
  [Team A] Провокатор A7 (2,7,7) → HOLOGRAM (1,6,6)
  [Team A] Паук A8 (2,5,7) → MINE (1,5,7)
  [Team A] Факел A4 → SKIP
  [Team B] Паук B8 (1,4,6) → MINE (2,4,6)
  [Team C] Паук C8 (2,0,9) → MINE (2,1,8)
! 🎮 GM: принудительно завершает фазу планирования
GM: end_planning
# 
============================================================
# 🔄 ОБРАБОТКА ХОДА 18
# ============================================================
!    ⚠️ Провокатор A7: клетка (1,6,6) уже занята голограммой
   💣 Паук A8 установил мину M14 в (1,5,7)
!    ⚠️ Паук B8: клетка (2,4,6) занята кораблём
!    ⚠️ Паук C8: в клетке уже стоит мина

📦 ПЕРЕМЕЩЕНИЯ:
!    ⚠️ Радиовышка A2: клетка (1,4,6) занята

🎯 ВЫСТРЕЛЫ:
!    🛡️ Выстрел Прыгун A3 заблокирован союзником Радиовышка A2 в (2, 4, 6)
   Выпущено ракет: 1
# 
📊 РЕЗУЛЬТАТЫ ХОДА 18:
🎯 Попаданий нет

--- Результаты хода ---
  Попаданий нет

--- Состояние команд после хода ---
  Team A: живых 5/8
    ✓ Радиовышка A2      @ (2,4,6) hp=3/3
    ✓ Прыгун A3          @ (3,4,6) hp=2/2
    ✓ Факел A4           @ (2,3,6) hp=6/6
    ✓ Провокатор A7      @ (2,7,7) hp=2/2
    ✓ Паук A8            @ (2,5,7) hp=1/1
    ✗ Артиллерия A1      @ (2,3,7) [уничтожен]
    ✗ Тишина A5          @ (2,0,8) [уничтожен]
    ✗ Бурав A6           @ (4,1,9) [уничтожен]
  Team B: живых 1/8
    ✓ Паук B8            @ (1,4,6) hp=1/1
    ✗ Артиллерия B1      @ (3,4,6) [уничтожен]
    ✗ Радиовышка B2      @ (4,1,9) [уничтожен]
    ✗ Прыгун B3          @ (4,3,6) [уничтожен]
    ✗ Факел B4           @ (5,2,7) [уничтожен]
    ✗ Тишина B5          @ (2,4,6) [уничтожен]
    ✗ Бурав B6           @ (6,6,6) [уничтожен]
    ✗ Провокатор B7      @ (4,4,6) [уничтожен]
  Team C: живых 1/8
    ✓ Паук C8            @ (2,0,9) hp=1/1
    ✗ Артиллерия C1      @ (3,0,9) [уничтожен]
    ✗ Радиовышка C2      @ (4,0,9) [уничтожен]
    ✗ Прыгун C3          @ (6,1,8) [уничтожен]
    ✗ Факел C4           @ (8,0,9) [уничтожен]
    ✗ Тишина C5          @ (6,1,8) [уничтожен]
    ✗ Бурав C6           @ (5,2,7) [уничтожен]
    ✗ Провокатор C7      @ (4,0,9) [уничтожен]

======================================================================
ХОД 19
======================================================================
✓ 🎮 GM: начинаем ход
GM: start_turn

--- Радиовышки: сканирование слоя Z ---
  Радиовышка A2 (z=6): видит 1 врагов  → Паук B8(1,4,6)

--- Решения ботов ---
  [Team A] Радиовышка A2 (2,4,6) → MOVE (1,4,6)
  [Team A] Прыгун A3 (3,4,6) → SHOOT at (1,4,6)
  [Team A] Провокатор A7 (2,7,7) → HOLOGRAM (1,6,6)
  [Team A] Паук A8 (2,5,7) → MINE (1,5,7)
  [Team A] Факел A4 → SKIP
  [Team B] Паук B8 (1,4,6) → MINE (2,4,6)
  [Team C] Паук C8 (2,0,9) → MINE (2,1,8)
! 🎮 GM: принудительно завершает фазу планирования
GM: end_planning
# 
============================================================
# 🔄 ОБРАБОТКА ХОДА 19
# ============================================================
!    ⚠️ Провокатор A7: клетка (1,6,6) уже занята голограммой
!    ⚠️ Паук A8: в клетке уже стоит мина
!    ⚠️ Паук B8: клетка (2,4,6) занята кораблём
!    ⚠️ Паук C8: в клетке уже стоит мина

📦 ПЕРЕМЕЩЕНИЯ:
!    ⚠️ Радиовышка A2: клетка (1,4,6) занята

🎯 ВЫСТРЕЛЫ:
!    🛡️ Выстрел Прыгун A3 заблокирован союзником Радиовышка A2 в (2, 4, 6)
   Выпущено ракет: 1
# 
📊 РЕЗУЛЬТАТЫ ХОДА 19:
🎯 Попаданий нет

--- Результаты хода ---
  Попаданий нет

--- Состояние команд после хода ---
  Team A: живых 5/8
    ✓ Радиовышка A2      @ (2,4,6) hp=3/3
    ✓ Прыгун A3          @ (3,4,6) hp=2/2
    ✓ Факел A4           @ (2,3,6) hp=6/6
    ✓ Провокатор A7      @ (2,7,7) hp=2/2
    ✓ Паук A8            @ (2,5,7) hp=1/1
    ✗ Артиллерия A1      @ (2,3,7) [уничтожен]
    ✗ Тишина A5          @ (2,0,8) [уничтожен]
    ✗ Бурав A6           @ (4,1,9) [уничтожен]
  Team B: живых 1/8
    ✓ Паук B8            @ (1,4,6) hp=1/1
    ✗ Артиллерия B1      @ (3,4,6) [уничтожен]
    ✗ Радиовышка B2      @ (4,1,9) [уничтожен]
    ✗ Прыгун B3          @ (4,3,6) [уничтожен]
    ✗ Факел B4           @ (5,2,7) [уничтожен]
    ✗ Тишина B5          @ (2,4,6) [уничтожен]
    ✗ Бурав B6           @ (6,6,6) [уничтожен]
    ✗ Провокатор B7      @ (4,4,6) [уничтожен]
  Team C: живых 1/8
    ✓ Паук C8            @ (2,0,9) hp=1/1
    ✗ Артиллерия C1      @ (3,0,9) [уничтожен]
    ✗ Радиовышка C2      @ (4,0,9) [уничтожен]
    ✗ Прыгун C3          @ (6,1,8) [уничтожен]
    ✗ Факел C4           @ (8,0,9) [уничтожен]
    ✗ Тишина C5          @ (6,1,8) [уничтожен]
    ✗ Бурав C6           @ (5,2,7) [уничтожен]
    ✗ Провокатор C7      @ (4,0,9) [уничтожен]

======================================================================
ХОД 20
======================================================================
✓ 🎮 GM: начинаем ход
GM: start_turn

--- Радиовышки: сканирование слоя Z ---
  Радиовышка A2 (z=6): видит 1 врагов  → Паук B8(1,4,6)

--- Решения ботов ---
  [Team A] Радиовышка A2 (2,4,6) → MOVE (1,4,6)
  [Team A] Прыгун A3 (3,4,6) → SHOOT at (1,4,6)
  [Team A] Провокатор A7 (2,7,7) → HOLOGRAM (1,6,6)
  [Team A] Паук A8 (2,5,7) → MINE (2,4,7)
  [Team A] Факел A4 → SKIP
  [Team B] Паук B8 (1,4,6) → MINE (2,4,6)
  [Team C] Паук C8 (2,0,9) → MINE (2,1,8)
! 🎮 GM: принудительно завершает фазу планирования
GM: end_planning
# 
============================================================
# 🔄 ОБРАБОТКА ХОДА 20
# ============================================================
!    ⚠️ Провокатор A7: клетка (1,6,6) уже занята голограммой
!    ⚠️ Паук A8: в клетке уже стоит мина
!    ⚠️ Паук B8: клетка (2,4,6) занята кораблём
!    ⚠️ Паук C8: в клетке уже стоит мина

📦 ПЕРЕМЕЩЕНИЯ:
!    ⚠️ Радиовышка A2: клетка (1,4,6) занята

🎯 ВЫСТРЕЛЫ:
!    🛡️ Выстрел Прыгун A3 заблокирован союзником Радиовышка A2 в (2, 4, 6)
   Выпущено ракет: 1
# 
📊 РЕЗУЛЬТАТЫ ХОДА 20:
🎯 Попаданий нет

--- Результаты хода ---
  Попаданий нет

--- Состояние команд после хода ---
  Team A: живых 5/8
    ✓ Радиовышка A2      @ (2,4,6) hp=3/3
    ✓ Прыгун A3          @ (3,4,6) hp=2/2
    ✓ Факел A4           @ (2,3,6) hp=6/6
    ✓ Провокатор A7      @ (2,7,7) hp=2/2
    ✓ Паук A8            @ (2,5,7) hp=1/1
    ✗ Артиллерия A1      @ (2,3,7) [уничтожен]
    ✗ Тишина A5          @ (2,0,8) [уничтожен]
    ✗ Бурав A6           @ (4,1,9) [уничтожен]
  Team B: живых 1/8
    ✓ Паук B8            @ (1,4,6) hp=1/1
    ✗ Артиллерия B1      @ (3,4,6) [уничтожен]
    ✗ Радиовышка B2      @ (4,1,9) [уничтожен]
    ✗ Прыгун B3          @ (4,3,6) [уничтожен]
    ✗ Факел B4           @ (5,2,7) [уничтожен]
    ✗ Тишина B5          @ (2,4,6) [уничтожен]
    ✗ Бурав B6           @ (6,6,6) [уничтожен]
    ✗ Провокатор B7      @ (4,4,6) [уничтожен]
  Team C: живых 1/8
    ✓ Паук C8            @ (2,0,9) hp=1/1
    ✗ Артиллерия C1      @ (3,0,9) [уничтожен]
    ✗ Радиовышка C2      @ (4,0,9) [уничтожен]
    ✗ Прыгун C3          @ (6,1,8) [уничтожен]
    ✗ Факел C4           @ (8,0,9) [уничтожен]
    ✗ Тишина C5          @ (6,1,8) [уничтожен]
    ✗ Бурав C6           @ (5,2,7) [уничтожен]
    ✗ Провокатор C7      @ (4,0,9) [уничтожен]

======================================================================
ХОД 21
======================================================================
✓ 🎮 GM: начинаем ход
GM: start_turn

--- Радиовышки: сканирование слоя Z ---
  Радиовышка A2 (z=6): видит 1 врагов  → Паук B8(1,4,6)

--- Решения ботов ---
  [Team A] Радиовышка A2 (2,4,6) → MOVE (1,4,6)
  [Team A] Прыгун A3 (3,4,6) → SHOOT at (1,4,6)
  [Team A] Провокатор A7 (2,7,7) → HOLOGRAM (1,6,6)
  [Team A] Паук A8 (2,5,7) → MINE (1,4,7)
  [Team A] Факел A4 → SKIP
  [Team B] Паук B8 (1,4,6) → MINE (2,4,6)
  [Team C] Паук C8 (2,0,9) → MINE (2,1,8)
! 🎮 GM: принудительно завершает фазу планирования
GM: end_planning
# 
============================================================
# 🔄 ОБРАБОТКА ХОДА 21
# ============================================================
!    ⚠️ Провокатор A7: клетка (1,6,6) уже занята голограммой
!    ⚠️ Паук A8: в клетке уже стоит мина
!    ⚠️ Паук B8: клетка (2,4,6) занята кораблём
!    ⚠️ Паук C8: в клетке уже стоит мина

📦 ПЕРЕМЕЩЕНИЯ:
!    ⚠️ Радиовышка A2: клетка (1,4,6) занята

🎯 ВЫСТРЕЛЫ:
!    🛡️ Выстрел Прыгун A3 заблокирован союзником Радиовышка A2 в (2, 4, 6)
   Выпущено ракет: 1
# 
📊 РЕЗУЛЬТАТЫ ХОДА 21:
🎯 Попаданий нет

--- Результаты хода ---
  Попаданий нет

--- Состояние команд после хода ---
  Team A: живых 5/8
    ✓ Радиовышка A2      @ (2,4,6) hp=3/3
    ✓ Прыгун A3          @ (3,4,6) hp=2/2
    ✓ Факел A4           @ (2,3,6) hp=6/6
    ✓ Провокатор A7      @ (2,7,7) hp=2/2
    ✓ Паук A8            @ (2,5,7) hp=1/1
    ✗ Артиллерия A1      @ (2,3,7) [уничтожен]
    ✗ Тишина A5          @ (2,0,8) [уничтожен]
    ✗ Бурав A6           @ (4,1,9) [уничтожен]
  Team B: живых 1/8
    ✓ Паук B8            @ (1,4,6) hp=1/1
    ✗ Артиллерия B1      @ (3,4,6) [уничтожен]
    ✗ Радиовышка B2      @ (4,1,9) [уничтожен]
    ✗ Прыгун B3          @ (4,3,6) [уничтожен]
    ✗ Факел B4           @ (5,2,7) [уничтожен]
    ✗ Тишина B5          @ (2,4,6) [уничтожен]
    ✗ Бурав B6           @ (6,6,6) [уничтожен]
    ✗ Провокатор B7      @ (4,4,6) [уничтожен]
  Team C: живых 1/8
    ✓ Паук C8            @ (2,0,9) hp=1/1
    ✗ Артиллерия C1      @ (3,0,9) [уничтожен]
    ✗ Радиовышка C2      @ (4,0,9) [уничтожен]
    ✗ Прыгун C3          @ (6,1,8) [уничтожен]
    ✗ Факел C4           @ (8,0,9) [уничтожен]
    ✗ Тишина C5          @ (6,1,8) [уничтожен]
    ✗ Бурав C6           @ (5,2,7) [уничтожен]
    ✗ Провокатор C7      @ (4,0,9) [уничтожен]

======================================================================
ХОД 22
======================================================================
✓ 🎮 GM: начинаем ход
GM: start_turn

--- Радиовышки: сканирование слоя Z ---
  Радиовышка A2 (z=6): видит 1 врагов  → Паук B8(1,4,6)

--- Решения ботов ---
  [Team A] Радиовышка A2 (2,4,6) → MOVE (1,4,6)
  [Team A] Прыгун A3 (3,4,6) → SHOOT at (1,4,6)
  [Team A] Провокатор A7 (2,7,7) → HOLOGRAM (1,6,6)
  [Team A] Паук A8 (2,5,7) → MINE (1,5,7)
  [Team A] Факел A4 → SKIP
  [Team B] Паук B8 (1,4,6) → MINE (2,4,6)
  [Team C] Паук C8 (2,0,9) → MINE (2,1,8)
! 🎮 GM: принудительно завершает фазу планирования
GM: end_planning
# 
============================================================
# 🔄 ОБРАБОТКА ХОДА 22
# ============================================================
!    ⚠️ Провокатор A7: клетка (1,6,6) уже занята голограммой
!    ⚠️ Паук A8: в клетке уже стоит мина
!    ⚠️ Паук B8: клетка (2,4,6) занята кораблём
!    ⚠️ Паук C8: в клетке уже стоит мина

📦 ПЕРЕМЕЩЕНИЯ:
!    ⚠️ Радиовышка A2: клетка (1,4,6) занята

🎯 ВЫСТРЕЛЫ:
!    🛡️ Выстрел Прыгун A3 заблокирован союзником Радиовышка A2 в (2, 4, 6)
   Выпущено ракет: 1
# 
📊 РЕЗУЛЬТАТЫ ХОДА 22:
🎯 Попаданий нет

--- Результаты хода ---
  Попаданий нет

--- Состояние команд после хода ---
  Team A: живых 5/8
    ✓ Радиовышка A2      @ (2,4,6) hp=3/3
    ✓ Прыгун A3          @ (3,4,6) hp=2/2
    ✓ Факел A4           @ (2,3,6) hp=6/6
    ✓ Провокатор A7      @ (2,7,7) hp=2/2
    ✓ Паук A8            @ (2,5,7) hp=1/1
    ✗ Артиллерия A1      @ (2,3,7) [уничтожен]
    ✗ Тишина A5          @ (2,0,8) [уничтожен]
    ✗ Бурав A6           @ (4,1,9) [уничтожен]
  Team B: живых 1/8
    ✓ Паук B8            @ (1,4,6) hp=1/1
    ✗ Артиллерия B1      @ (3,4,6) [уничтожен]
    ✗ Радиовышка B2      @ (4,1,9) [уничтожен]
    ✗ Прыгун B3          @ (4,3,6) [уничтожен]
    ✗ Факел B4           @ (5,2,7) [уничтожен]
    ✗ Тишина B5          @ (2,4,6) [уничтожен]
    ✗ Бурав B6           @ (6,6,6) [уничтожен]
    ✗ Провокатор B7      @ (4,4,6) [уничтожен]
  Team C: живых 1/8
    ✓ Паук C8            @ (2,0,9) hp=1/1
    ✗ Артиллерия C1      @ (3,0,9) [уничтожен]
    ✗ Радиовышка C2      @ (4,0,9) [уничтожен]
    ✗ Прыгун C3          @ (6,1,8) [уничтожен]
    ✗ Факел C4           @ (8,0,9) [уничтожен]
    ✗ Тишина C5          @ (6,1,8) [уничтожен]
    ✗ Бурав C6           @ (5,2,7) [уничтожен]
    ✗ Провокатор C7      @ (4,0,9) [уничтожен]

======================================================================
ХОД 23
======================================================================
✓ 🎮 GM: начинаем ход
GM: start_turn

--- Радиовышки: сканирование слоя Z ---
  Радиовышка A2 (z=6): видит 1 врагов  → Паук B8(1,4,6)

--- Решения ботов ---
  [Team A] Радиовышка A2 (2,4,6) → MOVE (1,4,6)
  [Team A] Прыгун A3 (3,4,6) → SHOOT at (1,4,6)
  [Team A] Провокатор A7 (2,7,7) → HOLOGRAM (1,6,6)
  [Team A] Паук A8 (2,5,7) → MINE (2,5,6)
  [Team A] Факел A4 → SKIP
  [Team B] Паук B8 (1,4,6) → MINE (2,4,6)
  [Team C] Паук C8 (2,0,9) → MINE (2,1,8)
! 🎮 GM: принудительно завершает фазу планирования
GM: end_planning
# 
============================================================
# 🔄 ОБРАБОТКА ХОДА 23
# ============================================================
!    ⚠️ Провокатор A7: клетка (1,6,6) уже занята голограммой
!    ⚠️ Паук A8: в клетке уже стоит мина
!    ⚠️ Паук B8: клетка (2,4,6) занята кораблём
!    ⚠️ Паук C8: в клетке уже стоит мина

📦 ПЕРЕМЕЩЕНИЯ:
!    ⚠️ Радиовышка A2: клетка (1,4,6) занята

🎯 ВЫСТРЕЛЫ:
!    🛡️ Выстрел Прыгун A3 заблокирован союзником Радиовышка A2 в (2, 4, 6)
   Выпущено ракет: 1
# 
📊 РЕЗУЛЬТАТЫ ХОДА 23:
🎯 Попаданий нет

--- Результаты хода ---
  Попаданий нет

--- Состояние команд после хода ---
  Team A: живых 5/8
    ✓ Радиовышка A2      @ (2,4,6) hp=3/3
    ✓ Прыгун A3          @ (3,4,6) hp=2/2
    ✓ Факел A4           @ (2,3,6) hp=6/6
    ✓ Провокатор A7      @ (2,7,7) hp=2/2
    ✓ Паук A8            @ (2,5,7) hp=1/1
    ✗ Артиллерия A1      @ (2,3,7) [уничтожен]
    ✗ Тишина A5          @ (2,0,8) [уничтожен]
    ✗ Бурав A6           @ (4,1,9) [уничтожен]
  Team B: живых 1/8
    ✓ Паук B8            @ (1,4,6) hp=1/1
    ✗ Артиллерия B1      @ (3,4,6) [уничтожен]
    ✗ Радиовышка B2      @ (4,1,9) [уничтожен]
    ✗ Прыгун B3          @ (4,3,6) [уничтожен]
    ✗ Факел B4           @ (5,2,7) [уничтожен]
    ✗ Тишина B5          @ (2,4,6) [уничтожен]
    ✗ Бурав B6           @ (6,6,6) [уничтожен]
    ✗ Провокатор B7      @ (4,4,6) [уничтожен]
  Team C: живых 1/8
    ✓ Паук C8            @ (2,0,9) hp=1/1
    ✗ Артиллерия C1      @ (3,0,9) [уничтожен]
    ✗ Радиовышка C2      @ (4,0,9) [уничтожен]
    ✗ Прыгун C3          @ (6,1,8) [уничтожен]
    ✗ Факел C4           @ (8,0,9) [уничтожен]
    ✗ Тишина C5          @ (6,1,8) [уничтожен]
    ✗ Бурав C6           @ (5,2,7) [уничтожен]
    ✗ Провокатор C7      @ (4,0,9) [уничтожен]

======================================================================
ХОД 24
======================================================================
✓ 🎮 GM: начинаем ход
GM: start_turn

--- Радиовышки: сканирование слоя Z ---
  Радиовышка A2 (z=6): видит 1 врагов  → Паук B8(1,4,6)

--- Решения ботов ---
  [Team A] Радиовышка A2 (2,4,6) → MOVE (1,4,6)
  [Team A] Прыгун A3 (3,4,6) → SHOOT at (1,4,6)
  [Team A] Провокатор A7 (2,7,7) → HOLOGRAM (1,6,6)
  [Team A] Паук A8 (2,5,7) → MINE (1,4,7)
  [Team A] Факел A4 → SKIP
  [Team B] Паук B8 (1,4,6) → MINE (2,4,6)
  [Team C] Паук C8 (2,0,9) → MINE (2,1,8)
! 🎮 GM: принудительно завершает фазу планирования
GM: end_planning
# 
============================================================
# 🔄 ОБРАБОТКА ХОДА 24
# ============================================================
!    ⚠️ Провокатор A7: клетка (1,6,6) уже занята голограммой
!    ⚠️ Паук A8: в клетке уже стоит мина
!    ⚠️ Паук B8: клетка (2,4,6) занята кораблём
!    ⚠️ Паук C8: в клетке уже стоит мина

📦 ПЕРЕМЕЩЕНИЯ:
!    ⚠️ Радиовышка A2: клетка (1,4,6) занята

🎯 ВЫСТРЕЛЫ:
!    🛡️ Выстрел Прыгун A3 заблокирован союзником Радиовышка A2 в (2, 4, 6)
   Выпущено ракет: 1
# 
📊 РЕЗУЛЬТАТЫ ХОДА 24:
🎯 Попаданий нет

--- Результаты хода ---
  Попаданий нет

--- Состояние команд после хода ---
  Team A: живых 5/8
    ✓ Радиовышка A2      @ (2,4,6) hp=3/3
    ✓ Прыгун A3          @ (3,4,6) hp=2/2
    ✓ Факел A4           @ (2,3,6) hp=6/6
    ✓ Провокатор A7      @ (2,7,7) hp=2/2
    ✓ Паук A8            @ (2,5,7) hp=1/1
    ✗ Артиллерия A1      @ (2,3,7) [уничтожен]
    ✗ Тишина A5          @ (2,0,8) [уничтожен]
    ✗ Бурав A6           @ (4,1,9) [уничтожен]
  Team B: живых 1/8
    ✓ Паук B8            @ (1,4,6) hp=1/1
    ✗ Артиллерия B1      @ (3,4,6) [уничтожен]
    ✗ Радиовышка B2      @ (4,1,9) [уничтожен]
    ✗ Прыгун B3          @ (4,3,6) [уничтожен]
    ✗ Факел B4           @ (5,2,7) [уничтожен]
    ✗ Тишина B5          @ (2,4,6) [уничтожен]
    ✗ Бурав B6           @ (6,6,6) [уничтожен]
    ✗ Провокатор B7      @ (4,4,6) [уничтожен]
  Team C: живых 1/8
    ✓ Паук C8            @ (2,0,9) hp=1/1
    ✗ Артиллерия C1      @ (3,0,9) [уничтожен]
    ✗ Радиовышка C2      @ (4,0,9) [уничтожен]
    ✗ Прыгун C3          @ (6,1,8) [уничтожен]
    ✗ Факел C4           @ (8,0,9) [уничтожен]
    ✗ Тишина C5          @ (6,1,8) [уничтожен]
    ✗ Бурав C6           @ (5,2,7) [уничтожен]
    ✗ Провокатор C7      @ (4,0,9) [уничтожен]

======================================================================
ХОД 25
======================================================================
✓ 🎮 GM: начинаем ход
GM: start_turn

--- Радиовышки: сканирование слоя Z ---
  Радиовышка A2 (z=6): видит 1 врагов  → Паук B8(1,4,6)

--- Решения ботов ---
  [Team A] Радиовышка A2 (2,4,6) → MOVE (1,4,6)
  [Team A] Прыгун A3 (3,4,6) → SHOOT at (1,4,6)
  [Team A] Провокатор A7 (2,7,7) → HOLOGRAM (1,6,6)
  [Team A] Паук A8 (2,5,7) → MINE (1,5,7)
  [Team A] Факел A4 → SKIP
  [Team B] Паук B8 (1,4,6) → MINE (2,4,6)
  [Team C] Паук C8 (2,0,9) → MINE (2,1,8)
! 🎮 GM: принудительно завершает фазу планирования
GM: end_planning
# 
============================================================
# 🔄 ОБРАБОТКА ХОДА 25
# ============================================================
!    ⚠️ Провокатор A7: клетка (1,6,6) уже занята голограммой
!    ⚠️ Паук A8: в клетке уже стоит мина
!    ⚠️ Паук B8: клетка (2,4,6) занята кораблём
!    ⚠️ Паук C8: в клетке уже стоит мина

📦 ПЕРЕМЕЩЕНИЯ:
!    ⚠️ Радиовышка A2: клетка (1,4,6) занята

🎯 ВЫСТРЕЛЫ:
!    🛡️ Выстрел Прыгун A3 заблокирован союзником Радиовышка A2 в (2, 4, 6)
   Выпущено ракет: 1
# 
📊 РЕЗУЛЬТАТЫ ХОДА 25:
🎯 Попаданий нет

--- Результаты хода ---
  Попаданий нет

--- Состояние команд после хода ---
  Team A: живых 5/8
    ✓ Радиовышка A2      @ (2,4,6) hp=3/3
    ✓ Прыгун A3          @ (3,4,6) hp=2/2
    ✓ Факел A4           @ (2,3,6) hp=6/6
    ✓ Провокатор A7      @ (2,7,7) hp=2/2
    ✓ Паук A8            @ (2,5,7) hp=1/1
    ✗ Артиллерия A1      @ (2,3,7) [уничтожен]
    ✗ Тишина A5          @ (2,0,8) [уничтожен]
    ✗ Бурав A6           @ (4,1,9) [уничтожен]
  Team B: живых 1/8
    ✓ Паук B8            @ (1,4,6) hp=1/1
    ✗ Артиллерия B1      @ (3,4,6) [уничтожен]
    ✗ Радиовышка B2      @ (4,1,9) [уничтожен]
    ✗ Прыгун B3          @ (4,3,6) [уничтожен]
    ✗ Факел B4           @ (5,2,7) [уничтожен]
    ✗ Тишина B5          @ (2,4,6) [уничтожен]
    ✗ Бурав B6           @ (6,6,6) [уничтожен]
    ✗ Провокатор B7      @ (4,4,6) [уничтожен]
  Team C: живых 1/8
    ✓ Паук C8            @ (2,0,9) hp=1/1
    ✗ Артиллерия C1      @ (3,0,9) [уничтожен]
    ✗ Радиовышка C2      @ (4,0,9) [уничтожен]
    ✗ Прыгун C3          @ (6,1,8) [уничтожен]
    ✗ Факел C4           @ (8,0,9) [уничтожен]
    ✗ Тишина C5          @ (6,1,8) [уничтожен]
    ✗ Бурав C6           @ (5,2,7) [уничтожен]
    ✗ Провокатор C7      @ (4,0,9) [уничтожен]

======================================================================
ХОД 26
======================================================================
✓ 🎮 GM: начинаем ход
GM: start_turn

--- Радиовышки: сканирование слоя Z ---
  Радиовышка A2 (z=6): видит 1 врагов  → Паук B8(1,4,6)

--- Решения ботов ---
  [Team A] Радиовышка A2 (2,4,6) → MOVE (1,4,6)
  [Team A] Прыгун A3 (3,4,6) → SHOOT at (1,4,6)
  [Team A] Провокатор A7 (2,7,7) → HOLOGRAM (1,6,6)
  [Team A] Паук A8 (2,5,7) → MINE (1,5,7)
  [Team A] Факел A4 → SKIP
  [Team B] Паук B8 (1,4,6) → MINE (2,4,6)
  [Team C] Паук C8 (2,0,9) → MINE (2,1,8)
! 🎮 GM: принудительно завершает фазу планирования
GM: end_planning
# 
============================================================
# 🔄 ОБРАБОТКА ХОДА 26
# ============================================================
!    ⚠️ Провокатор A7: клетка (1,6,6) уже занята голограммой
!    ⚠️ Паук A8: в клетке уже стоит мина
!    ⚠️ Паук B8: клетка (2,4,6) занята кораблём
!    ⚠️ Паук C8: в клетке уже стоит мина

📦 ПЕРЕМЕЩЕНИЯ:
!    ⚠️ Радиовышка A2: клетка (1,4,6) занята

🎯 ВЫСТРЕЛЫ:
!    🛡️ Выстрел Прыгун A3 заблокирован союзником Радиовышка A2 в (2, 4, 6)
   Выпущено ракет: 1
# 
📊 РЕЗУЛЬТАТЫ ХОДА 26:
🎯 Попаданий нет

--- Результаты хода ---
  Попаданий нет

--- Состояние команд после хода ---
  Team A: живых 5/8
    ✓ Радиовышка A2      @ (2,4,6) hp=3/3
    ✓ Прыгун A3          @ (3,4,6) hp=2/2
    ✓ Факел A4           @ (2,3,6) hp=6/6
    ✓ Провокатор A7      @ (2,7,7) hp=2/2
    ✓ Паук A8            @ (2,5,7) hp=1/1
    ✗ Артиллерия A1      @ (2,3,7) [уничтожен]
    ✗ Тишина A5          @ (2,0,8) [уничтожен]
    ✗ Бурав A6           @ (4,1,9) [уничтожен]
  Team B: живых 1/8
    ✓ Паук B8            @ (1,4,6) hp=1/1
    ✗ Артиллерия B1      @ (3,4,6) [уничтожен]
    ✗ Радиовышка B2      @ (4,1,9) [уничтожен]
    ✗ Прыгун B3          @ (4,3,6) [уничтожен]
    ✗ Факел B4           @ (5,2,7) [уничтожен]
    ✗ Тишина B5          @ (2,4,6) [уничтожен]
    ✗ Бурав B6           @ (6,6,6) [уничтожен]
    ✗ Провокатор B7      @ (4,4,6) [уничтожен]
  Team C: живых 1/8
    ✓ Паук C8            @ (2,0,9) hp=1/1
    ✗ Артиллерия C1      @ (3,0,9) [уничтожен]
    ✗ Радиовышка C2      @ (4,0,9) [уничтожен]
    ✗ Прыгун C3          @ (6,1,8) [уничтожен]
    ✗ Факел C4           @ (8,0,9) [уничтожен]
    ✗ Тишина C5          @ (6,1,8) [уничтожен]
    ✗ Бурав C6           @ (5,2,7) [уничтожен]
    ✗ Провокатор C7      @ (4,0,9) [уничтожен]

======================================================================
ХОД 27
======================================================================
✓ 🎮 GM: начинаем ход
GM: start_turn

--- Радиовышки: сканирование слоя Z ---
  Радиовышка A2 (z=6): видит 1 врагов  → Паук B8(1,4,6)

--- Решения ботов ---
  [Team A] Радиовышка A2 (2,4,6) → MOVE (1,4,6)
  [Team A] Прыгун A3 (3,4,6) → SHOOT at (1,4,6)
  [Team A] Провокатор A7 (2,7,7) → HOLOGRAM (1,6,6)
  [Team A] Паук A8 (2,5,7) → MINE (1,5,7)
  [Team A] Факел A4 → SKIP
  [Team B] Паук B8 (1,4,6) → MINE (2,4,6)
  [Team C] Паук C8 (2,0,9) → MINE (2,1,8)
! 🎮 GM: принудительно завершает фазу планирования
GM: end_planning
# 
============================================================
# 🔄 ОБРАБОТКА ХОДА 27
# ============================================================
!    ⚠️ Провокатор A7: клетка (1,6,6) уже занята голограммой
!    ⚠️ Паук A8: в клетке уже стоит мина
!    ⚠️ Паук B8: клетка (2,4,6) занята кораблём
!    ⚠️ Паук C8: в клетке уже стоит мина

📦 ПЕРЕМЕЩЕНИЯ:
!    ⚠️ Радиовышка A2: клетка (1,4,6) занята

🎯 ВЫСТРЕЛЫ:
!    🛡️ Выстрел Прыгун A3 заблокирован союзником Радиовышка A2 в (2, 4, 6)
   Выпущено ракет: 1
# 
📊 РЕЗУЛЬТАТЫ ХОДА 27:
🎯 Попаданий нет

--- Результаты хода ---
  Попаданий нет

--- Состояние команд после хода ---
  Team A: живых 5/8
    ✓ Радиовышка A2      @ (2,4,6) hp=3/3
    ✓ Прыгун A3          @ (3,4,6) hp=2/2
    ✓ Факел A4           @ (2,3,6) hp=6/6
    ✓ Провокатор A7      @ (2,7,7) hp=2/2
    ✓ Паук A8            @ (2,5,7) hp=1/1
    ✗ Артиллерия A1      @ (2,3,7) [уничтожен]
    ✗ Тишина A5          @ (2,0,8) [уничтожен]
    ✗ Бурав A6           @ (4,1,9) [уничтожен]
  Team B: живых 1/8
    ✓ Паук B8            @ (1,4,6) hp=1/1
    ✗ Артиллерия B1      @ (3,4,6) [уничтожен]
    ✗ Радиовышка B2      @ (4,1,9) [уничтожен]
    ✗ Прыгун B3          @ (4,3,6) [уничтожен]
    ✗ Факел B4           @ (5,2,7) [уничтожен]
    ✗ Тишина B5          @ (2,4,6) [уничтожен]
    ✗ Бурав B6           @ (6,6,6) [уничтожен]
    ✗ Провокатор B7      @ (4,4,6) [уничтожен]
  Team C: живых 1/8
    ✓ Паук C8            @ (2,0,9) hp=1/1
    ✗ Артиллерия C1      @ (3,0,9) [уничтожен]
    ✗ Радиовышка C2      @ (4,0,9) [уничтожен]
    ✗ Прыгун C3          @ (6,1,8) [уничтожен]
    ✗ Факел C4           @ (8,0,9) [уничтожен]
    ✗ Тишина C5          @ (6,1,8) [уничтожен]
    ✗ Бурав C6           @ (5,2,7) [уничтожен]
    ✗ Провокатор C7      @ (4,0,9) [уничтожен]

======================================================================
ХОД 28
======================================================================
✓ 🎮 GM: начинаем ход
GM: start_turn

--- Радиовышки: сканирование слоя Z ---
  Радиовышка A2 (z=6): видит 1 врагов  → Паук B8(1,4,6)

--- Решения ботов ---
  [Team A] Радиовышка A2 (2,4,6) → MOVE (1,4,6)
  [Team A] Прыгун A3 (3,4,6) → SHOOT at (1,4,6)
  [Team A] Провокатор A7 (2,7,7) → HOLOGRAM (1,6,6)
  [Team A] Паук A8 (2,5,7) → MINE (1,5,6)
  [Team A] Факел A4 → SKIP
  [Team B] Паук B8 (1,4,6) → MINE (2,4,6)
  [Team C] Паук C8 (2,0,9) → MINE (2,1,8)
! 🎮 GM: принудительно завершает фазу планирования
GM: end_planning
# 
============================================================
# 🔄 ОБРАБОТКА ХОДА 28
# ============================================================
!    ⚠️ Провокатор A7: клетка (1,6,6) уже занята голограммой
!    ⚠️ Паук A8: в клетке уже стоит мина
!    ⚠️ Паук B8: клетка (2,4,6) занята кораблём
!    ⚠️ Паук C8: в клетке уже стоит мина

📦 ПЕРЕМЕЩЕНИЯ:
!    ⚠️ Радиовышка A2: клетка (1,4,6) занята

🎯 ВЫСТРЕЛЫ:
!    🛡️ Выстрел Прыгун A3 заблокирован союзником Радиовышка A2 в (2, 4, 6)
   Выпущено ракет: 1
# 
📊 РЕЗУЛЬТАТЫ ХОДА 28:
🎯 Попаданий нет

--- Результаты хода ---
  Попаданий нет

--- Состояние команд после хода ---
  Team A: живых 5/8
    ✓ Радиовышка A2      @ (2,4,6) hp=3/3
    ✓ Прыгун A3          @ (3,4,6) hp=2/2
    ✓ Факел A4           @ (2,3,6) hp=6/6
    ✓ Провокатор A7      @ (2,7,7) hp=2/2
    ✓ Паук A8            @ (2,5,7) hp=1/1
    ✗ Артиллерия A1      @ (2,3,7) [уничтожен]
    ✗ Тишина A5          @ (2,0,8) [уничтожен]
    ✗ Бурав A6           @ (4,1,9) [уничтожен]
  Team B: живых 1/8
    ✓ Паук B8            @ (1,4,6) hp=1/1
    ✗ Артиллерия B1      @ (3,4,6) [уничтожен]
    ✗ Радиовышка B2      @ (4,1,9) [уничтожен]
    ✗ Прыгун B3          @ (4,3,6) [уничтожен]
    ✗ Факел B4           @ (5,2,7) [уничтожен]
    ✗ Тишина B5          @ (2,4,6) [уничтожен]
    ✗ Бурав B6           @ (6,6,6) [уничтожен]
    ✗ Провокатор B7      @ (4,4,6) [уничтожен]
  Team C: живых 1/8
    ✓ Паук C8            @ (2,0,9) hp=1/1
    ✗ Артиллерия C1      @ (3,0,9) [уничтожен]
    ✗ Радиовышка C2      @ (4,0,9) [уничтожен]
    ✗ Прыгун C3          @ (6,1,8) [уничтожен]
    ✗ Факел C4           @ (8,0,9) [уничтожен]
    ✗ Тишина C5          @ (6,1,8) [уничтожен]
    ✗ Бурав C6           @ (5,2,7) [уничтожен]
    ✗ Провокатор C7      @ (4,0,9) [уничтожен]

======================================================================
ХОД 29
======================================================================
✓ 🎮 GM: начинаем ход
GM: start_turn

--- Радиовышки: сканирование слоя Z ---
  Радиовышка A2 (z=6): видит 1 врагов  → Паук B8(1,4,6)

--- Решения ботов ---
  [Team A] Радиовышка A2 (2,4,6) → MOVE (1,4,6)
  [Team A] Прыгун A3 (3,4,6) → SHOOT at (1,4,6)
  [Team A] Провокатор A7 (2,7,7) → HOLOGRAM (1,6,6)
  [Team A] Паук A8 (2,5,7) → MINE (1,5,6)
  [Team A] Факел A4 → SKIP
  [Team B] Паук B8 (1,4,6) → MINE (2,4,6)
  [Team C] Паук C8 (2,0,9) → MINE (2,1,8)
! 🎮 GM: принудительно завершает фазу планирования
GM: end_planning
# 
============================================================
# 🔄 ОБРАБОТКА ХОДА 29
# ============================================================
!    ⚠️ Провокатор A7: клетка (1,6,6) уже занята голограммой
!    ⚠️ Паук A8: в клетке уже стоит мина
!    ⚠️ Паук B8: клетка (2,4,6) занята кораблём
!    ⚠️ Паук C8: в клетке уже стоит мина

📦 ПЕРЕМЕЩЕНИЯ:
!    ⚠️ Радиовышка A2: клетка (1,4,6) занята

🎯 ВЫСТРЕЛЫ:
!    🛡️ Выстрел Прыгун A3 заблокирован союзником Радиовышка A2 в (2, 4, 6)
   Выпущено ракет: 1
# 
📊 РЕЗУЛЬТАТЫ ХОДА 29:
🎯 Попаданий нет

--- Результаты хода ---
  Попаданий нет

--- Состояние команд после хода ---
  Team A: живых 5/8
    ✓ Радиовышка A2      @ (2,4,6) hp=3/3
    ✓ Прыгун A3          @ (3,4,6) hp=2/2
    ✓ Факел A4           @ (2,3,6) hp=6/6
    ✓ Провокатор A7      @ (2,7,7) hp=2/2
    ✓ Паук A8            @ (2,5,7) hp=1/1
    ✗ Артиллерия A1      @ (2,3,7) [уничтожен]
    ✗ Тишина A5          @ (2,0,8) [уничтожен]
    ✗ Бурав A6           @ (4,1,9) [уничтожен]
  Team B: живых 1/8
    ✓ Паук B8            @ (1,4,6) hp=1/1
    ✗ Артиллерия B1      @ (3,4,6) [уничтожен]
    ✗ Радиовышка B2      @ (4,1,9) [уничтожен]
    ✗ Прыгун B3          @ (4,3,6) [уничтожен]
    ✗ Факел B4           @ (5,2,7) [уничтожен]
    ✗ Тишина B5          @ (2,4,6) [уничтожен]
    ✗ Бурав B6           @ (6,6,6) [уничтожен]
    ✗ Провокатор B7      @ (4,4,6) [уничтожен]
  Team C: живых 1/8
    ✓ Паук C8            @ (2,0,9) hp=1/1
    ✗ Артиллерия C1      @ (3,0,9) [уничтожен]
    ✗ Радиовышка C2      @ (4,0,9) [уничтожен]
    ✗ Прыгун C3          @ (6,1,8) [уничтожен]
    ✗ Факел C4           @ (8,0,9) [уничтожен]
    ✗ Тишина C5          @ (6,1,8) [уничтожен]
    ✗ Бурав C6           @ (5,2,7) [уничтожен]
    ✗ Провокатор C7      @ (4,0,9) [уничтожен]

======================================================================
ХОД 30
======================================================================
✓ 🎮 GM: начинаем ход
GM: start_turn

--- Радиовышки: сканирование слоя Z ---
  Радиовышка A2 (z=6): видит 1 врагов  → Паук B8(1,4,6)

--- Решения ботов ---
  [Team A] Радиовышка A2 (2,4,6) → MOVE (1,4,6)
  [Team A] Прыгун A3 (3,4,6) → SHOOT at (1,4,6)
  [Team A] Провокатор A7 (2,7,7) → HOLOGRAM (1,6,6)
  [Team A] Паук A8 (2,5,7) → MINE (2,5,6)
  [Team A] Факел A4 → SKIP
  [Team B] Паук B8 (1,4,6) → MINE (2,4,6)
  [Team C] Паук C8 (2,0,9) → MINE (2,1,8)
! 🎮 GM: принудительно завершает фазу планирования
GM: end_planning
# 
============================================================
# 🔄 ОБРАБОТКА ХОДА 30
# ============================================================
!    ⚠️ Провокатор A7: клетка (1,6,6) уже занята голограммой
!    ⚠️ Паук A8: в клетке уже стоит мина
!    ⚠️ Паук B8: клетка (2,4,6) занята кораблём
!    ⚠️ Паук C8: в клетке уже стоит мина

📦 ПЕРЕМЕЩЕНИЯ:
!    ⚠️ Радиовышка A2: клетка (1,4,6) занята

🎯 ВЫСТРЕЛЫ:
!    🛡️ Выстрел Прыгун A3 заблокирован союзником Радиовышка A2 в (2, 4, 6)
   Выпущено ракет: 1
# 
📊 РЕЗУЛЬТАТЫ ХОДА 30:
🎯 Попаданий нет

--- Результаты хода ---
  Попаданий нет

--- Состояние команд после хода ---
  Team A: живых 5/8
    ✓ Радиовышка A2      @ (2,4,6) hp=3/3
    ✓ Прыгун A3          @ (3,4,6) hp=2/2
    ✓ Факел A4           @ (2,3,6) hp=6/6
    ✓ Провокатор A7      @ (2,7,7) hp=2/2
    ✓ Паук A8            @ (2,5,7) hp=1/1
    ✗ Артиллерия A1      @ (2,3,7) [уничтожен]
    ✗ Тишина A5          @ (2,0,8) [уничтожен]
    ✗ Бурав A6           @ (4,1,9) [уничтожен]
  Team B: живых 1/8
    ✓ Паук B8            @ (1,4,6) hp=1/1
    ✗ Артиллерия B1      @ (3,4,6) [уничтожен]
    ✗ Радиовышка B2      @ (4,1,9) [уничтожен]
    ✗ Прыгун B3          @ (4,3,6) [уничтожен]
    ✗ Факел B4           @ (5,2,7) [уничтожен]
    ✗ Тишина B5          @ (2,4,6) [уничтожен]
    ✗ Бурав B6           @ (6,6,6) [уничтожен]
    ✗ Провокатор B7      @ (4,4,6) [уничтожен]
  Team C: живых 1/8
    ✓ Паук C8            @ (2,0,9) hp=1/1
    ✗ Артиллерия C1      @ (3,0,9) [уничтожен]
    ✗ Радиовышка C2      @ (4,0,9) [уничтожен]
    ✗ Прыгун C3          @ (6,1,8) [уничтожен]
    ✗ Факел C4           @ (8,0,9) [уничтожен]
    ✗ Тишина C5          @ (6,1,8) [уничтожен]
    ✗ Бурав C6           @ (5,2,7) [уничтожен]
    ✗ Провокатор C7      @ (4,0,9) [уничтожен]

======================================================================
ИТОГ
======================================================================
Лимит ходов (30) исчерпан. Победа по урону: Team B (23 dmg).
   Урон по командам: Team A=21, Team B=23, Team C=10

--- Сводка по командам ---
  Team A: 5/8 живых; hp=14
  Team B: 1/8 живых; hp=1
  Team C: 1/8 живых; hp=1

--- Сводка по пассивкам радиовышек ---
  Team A: сканирований=30, всего врагов-в-слоях=46, уникальных эксклюзивных (видны только радиовышкой)=0
  Team B: сканирований=4, всего врагов-в-слоях=7, уникальных эксклюзивных (видны только радиовышкой)=0
  Team C: сканирований=3, всего врагов-в-слоях=1, уникальных эксклюзивных (видны только радиовышкой)=0

--- Сводка по попаданиям ---
  Всего событий (шоты+тараны+мины): 22
  Уничтожено кораблей всего: 17
  Team A: урон=21 хиты=5 тараны=6 мины(сработало)=0 убийств=9
  Team B: урон=23 хиты=2 тараны=5 мины(сработало)=1 убийств=6
  Team C: урон=10 хиты=1 тараны=1 мины(сработало)=1 убийств=2
! 🎮 GM: остановка игры
