======================================================================
Space Battle 10×10×10 — simulation run at 2026-04-20T13:44:08+00:00
Game mode: advanced
Seed: 143
✓ 🚀 Продвинутый режим: создаю разные типы кораблей
   Команда A: спавн вдоль оси X от (3, 0, 0) до (6, 0, 0)
   Команда B: спавн вдоль оси Z от (2, 1, 9) до (2, 1, 1)
   Команда C: спавн вдоль оси Z от (9, 1, 4) до (9, 1, 0)
✓ ✅ Создано 24 кораблей


--- СТАРТОВАЯ РАССТАНОВКА ---
  Team A: живых 8/8
    ✓ Артиллерия A1      @ (3,0,0) hp=1/1
    ✓ Радиовышка A2      @ (2,0,0) hp=3/3
    ✓ Прыгун A3          @ (9,0,0) hp=2/2
    ✓ Факел A4           @ (0,0,0) hp=6/6
    ✓ Тишина A5          @ (5,0,0) hp=2/2
    ✓ Бурав A6           @ (7,0,0) hp=4/4
    ✓ Провокатор A7      @ (4,0,0) hp=2/2
    ✓ Паук A8            @ (6,0,0) hp=1/1
  Team B: живых 8/8
    ✓ Артиллерия B1      @ (2,1,9) hp=1/1
    ✓ Радиовышка B2      @ (2,1,4) hp=3/3
    ✓ Прыгун B3          @ (2,1,6) hp=2/2
    ✓ Факел B4           @ (2,1,0) hp=6/6
    ✓ Тишина B5          @ (2,1,2) hp=2/2
    ✓ Бурав B6           @ (2,1,8) hp=4/4
    ✓ Провокатор B7      @ (2,1,3) hp=2/2
    ✓ Паук B8            @ (2,1,1) hp=1/1
  Team C: живых 8/8
    ✓ Артиллерия C1      @ (9,1,4) hp=1/1
    ✓ Радиовышка C2      @ (9,1,9) hp=3/3
    ✓ Прыгун C3          @ (9,1,5) hp=2/2
    ✓ Факел C4           @ (9,1,3) hp=6/6
    ✓ Тишина C5          @ (9,1,1) hp=2/2
    ✓ Бурав C6           @ (9,1,6) hp=4/4
    ✓ Провокатор C7      @ (9,1,2) hp=2/2
    ✓ Паук C8            @ (9,1,0) hp=1/1

======================================================================
ХОД 1
======================================================================
✓ 🎮 GM: начинаем ход
GM: start_turn

--- Радиовышки: сканирование слоя Z ---
  Радиовышка A2 (z=0): видит 2 врагов  → Факел B4(2,1,0), Паук C8(9,1,0)
  Радиовышка B2 (z=4): видит 1 врагов [+1 эксклюзивно] → Артиллерия C1(9,1,4)
  Радиовышка C2 (z=9): видит 1 врагов [+1 эксклюзивно] → Артиллерия B1(2,1,9)

--- Решения ботов ---
  [Team A] Артиллерия A1 (3,0,0) → SHOOT at (9,1,4)
  [Team A] Радиовышка A2 (2,0,0) → MOVE (2,1,0)
  [Team A] Прыгун A3 (9,0,0) → MOVE (9,1,2)
  [Team A] Факел A4 (0,0,0) → MOVE (1,0,0)
  [Team A] Тишина A5 (5,0,0) → PHASE toggle
  [Team A] Бурав A6 (7,0,0) → MOVE (8,1,1)
  [Team A] Провокатор A7 (4,0,0) → HOLOGRAM (3,1,0)
  [Team A] Паук A8 (6,0,0) → MINE (7,1,1)
  [Team B] Артиллерия B1 (2,1,9) → SHOOT at (9,1,4)
  [Team B] Радиовышка B2 (2,1,4) → MOVE (3,0,3)
  [Team B] Прыгун B3 (2,1,6) → MOVE (3,0,5)
  [Team B] Факел B4 (2,1,0) → SHOOT at (2,0,0)
  [Team B] Тишина B5 (2,1,2) → PHASE toggle
  [Team B] Бурав B6 (2,1,8) → MOVE (3,1,7)
  [Team B] Провокатор B7 (2,1,3) → HOLOGRAM (3,0,2)
  [Team B] Паук B8 (2,1,1) → MINE (1,1,0)
  [Team C] Артиллерия C1 (9,1,4) → SHOOT at (2,1,9)
  [Team C] Радиовышка C2 (9,1,9) → MOVE (8,1,9)
  [Team C] Прыгун C3 (9,1,5) → MOVE (9,0,4)
  [Team C] Тишина C5 (9,1,1) → PHASE toggle
  [Team C] Бурав C6 (9,1,6) → MOVE (9,0,5)
  [Team C] Провокатор C7 (9,1,2) → HOLOGRAM (9,0,1)
  [Team C] Паук C8 (9,1,0) → MINE (8,1,1)
  [Team C] Факел C4 → SKIP
! 🎮 GM: принудительно завершает фазу планирования
GM: end_planning
# 
============================================================
# 🔄 ОБРАБОТКА ХОДА 1
# ============================================================
   🌀 Тишина A5: уходит в фазу на 1 ход
   🌀 Тишина B5: уходит в фазу на 1 ход
   🌀 Тишина C5: уходит в фазу на 1 ход
   🪞 Провокатор A7 создал голограмму H1 в (3,1,0)
   🪞 Провокатор B7 создал голограмму H2 в (3,0,2)
   🪞 Провокатор C7 создал голограмму H3 в (9,0,1)
   💣 Паук A8 установил мину M1 в (7,1,1)
   💣 Паук B8 установил мину M2 в (1,1,0)
   💣 Паук C8 установил мину M3 в (8,1,1)

📦 ПЕРЕМЕЩЕНИЯ:
!    ⚠️ Радиовышка A2: клетка (2,1,0) занята
✓    💥 Прыгун A3 тараном уничтожил Провокатор C7 в (9,1,2)
   Прыгун A3: (9, 0, 0) → (9,1,2)
   Факел A4: (0, 0, 0) → (1,0,0)
!    ⚠️ Бурав A6: Бурав двигается только по 1 оси или по 2 осям строго диагонально
   Радиовышка B2: (2, 1, 4) → (3,0,3)
   Прыгун B3: (2, 1, 6) → (3,0,5)
   Бурав B6: (2, 1, 8) → (3,1,7)
   Радиовышка C2: (9, 1, 9) → (8,1,9)
   Прыгун C3: (9, 1, 5) → (9,0,4)
   Бурав C6: (9, 1, 6) → (9,0,5)

🎯 ВЫСТРЕЛЫ:
✓    ✅ Артиллерия A1 поразил Артиллерия C1 (2 урона)!
   💀 Артиллерия B1 добивает Артиллерия C1
✓    ✅ Артиллерия B1 поразил Артиллерия C1 (2 урона)!
✓    ✅ Факел B4 поразил Радиовышка A2 (1 урона)!
✓    ✅ Артиллерия C1 поразил Артиллерия B1 (2 урона)!
   Выпущено ракет: 4
# 
📊 РЕЗУЛЬТАТЫ ХОДА 1:
✓ 💥 ПОПАДАНИЯ:
✓    Артиллерия A1 (Team A) → Артиллерия C1 (Team C)
✓    Артиллерия B1 (Team B) → Артиллерия C1 (Team C)
✓    Факел B4 (Team B) → Радиовышка A2 (Team A)
✓    Артиллерия C1 (Team C) → Артиллерия B1 (Team B)

--- Результаты хода ---
  Team A / Прыгун A3          → Team C / Провокатор C7      @ (9,1,2)  (УБИТ)
  Team A / Артиллерия A1      → Team C / Артиллерия C1      @ (9,1,4)  (УБИТ)
  Team B / Артиллерия B1      → Team C / Артиллерия C1      @ (9,1,4)  (ранен)
  Team B / Факел B4           → Team A / Радиовышка A2      @ (2,0,0)  (ранен)
  Team C / Артиллерия C1      → Team B / Артиллерия B1      @ (2,1,9)  (УБИТ)

--- Состояние команд после хода ---
  Team A: живых 8/8
    ✓ Артиллерия A1      @ (3,0,0) hp=1/1
    ✓ Радиовышка A2      @ (2,0,0) hp=2/3
    ✓ Прыгун A3          @ (9,1,2) hp=2/2
    ✓ Факел A4           @ (1,0,0) hp=6/6
    ✓ Тишина A5          @ (5,0,0) hp=2/2
    ✓ Бурав A6           @ (7,0,0) hp=4/4
    ✓ Провокатор A7      @ (4,0,0) hp=2/2
    ✓ Паук A8            @ (6,0,0) hp=1/1
  Team B: живых 7/8
    ✓ Радиовышка B2      @ (3,0,3) hp=3/3
    ✓ Прыгун B3          @ (3,0,5) hp=2/2
    ✓ Факел B4           @ (2,1,0) hp=6/6
    ✓ Тишина B5          @ (2,1,2) hp=2/2
    ✓ Бурав B6           @ (3,1,7) hp=4/4
    ✓ Провокатор B7      @ (2,1,3) hp=2/2
    ✓ Паук B8            @ (2,1,1) hp=1/1
    ✗ Артиллерия B1      @ (2,1,9) [уничтожен]
  Team C: живых 6/8
    ✓ Радиовышка C2      @ (8,1,9) hp=3/3
    ✓ Прыгун C3          @ (9,0,4) hp=2/2
    ✓ Факел C4           @ (9,1,3) hp=6/6
    ✓ Тишина C5          @ (9,1,1) hp=2/2
    ✓ Бурав C6           @ (9,0,5) hp=4/4
    ✓ Паук C8            @ (9,1,0) hp=1/1
    ✗ Артиллерия C1      @ (9,1,4) [уничтожен]
    ✗ Провокатор C7      @ (9,1,2) [уничтожен]

======================================================================
ХОД 2
======================================================================
✓ 🎮 GM: начинаем ход
GM: start_turn

--- Радиовышки: сканирование слоя Z ---
  Радиовышка A2 (z=0): видит 2 врагов  → Факел B4(2,1,0), Паук C8(9,1,0)
  Радиовышка B2 (z=3): видит 1 врагов [+1 эксклюзивно] → Факел C4(9,1,3)
  Радиовышка C2 (z=9): слой чист

--- Решения ботов ---
  [Team A] Артиллерия A1 (3,0,0) → SHOOT at (2,1,3)
  [Team A] Радиовышка A2 (2,0,0) → MOVE (2,1,0)
  [Team A] Прыгун A3 (9,1,2) → MOVE (9,1,3)
  [Team A] Факел A4 (1,0,0) → HEAL (AoE)
  [Team A] Тишина A5 (5,0,0) → MOVE (4,0,1)
  [Team A] Бурав A6 (7,0,0) → MOVE (8,1,0)
  [Team A] Провокатор A7 (4,0,0) → HOLOGRAM (3,1,0)
  [Team A] Паук A8 (6,0,0) → MINE (5,0,1)
  [Team B] Радиовышка B2 (3,0,3) → MOVE (3,0,2)
  [Team B] Прыгун B3 (3,0,5) → SHOOT at (3,0,0)
  [Team B] Факел B4 (2,1,0) → SHOOT at (2,0,0)
  [Team B] Тишина B5 (2,1,2) → MOVE (3,0,1)
  [Team B] Бурав B6 (3,1,7) → MOVE (4,1,6)
  [Team B] Провокатор B7 (2,1,3) → HOLOGRAM (2,0,3)
  [Team B] Паук B8 (2,1,1) → MINE (3,1,0)
  [Team C] Радиовышка C2 (8,1,9) → MOVE (9,1,8)
  [Team C] Прыгун C3 (9,0,4) → MOVE (9,1,2)
  [Team C] Факел C4 (9,1,3) → SHOOT at (9,1,2)
  [Team C] Бурав C6 (9,0,5) → MOVE (9,1,4)
  [Team C] Паук C8 (9,1,0) → MINE (8,1,1)
  [Team C] Тишина C5 → SKIP
! 🎮 GM: принудительно завершает фазу планирования
GM: end_planning
# 
============================================================
# 🔄 ОБРАБОТКА ХОДА 2
# ============================================================
   🌀 Тишина A5: фаза спала (действовала 1 ход)
   🌀 Тишина B5: фаза спала (действовала 1 ход)
   🌀 Тишина C5: фаза спала (действовала 1 ход)
!    ⚠️ Провокатор A7: клетка (3,1,0) уже занята голограммой
   🪞 Провокатор B7 создал голограмму H4 в (2,0,3)
   💣 Паук A8 установил мину M4 в (5,0,1)
   💣 Паук B8 установил мину M5 в (3,1,0)
!    ⚠️ Паук C8: в клетке уже стоит мина

📦 ПЕРЕМЕЩЕНИЯ:
!    ⚠️ Радиовышка A2: клетка (2,1,0) занята
✓    💥 Прыгун A3 тараном уничтожил Факел C4 в (9,1,3)
   Прыгун A3: (9, 1, 2) → (9,1,3)
   Тишина A5: (5, 0, 0) → (4,0,1)
   Бурав A6: (7, 0, 0) → (8,1,0)
!    ⚠️ Радиовышка B2: клетка (3,0,2) занята
   Тишина B5: (2, 1, 2) → (3,0,1)
   Бурав B6: (3, 1, 7) → (4,1,6)
   Радиовышка C2: (8, 1, 9) → (9,1,8)
   Прыгун C3: (9, 0, 4) → (9,1,2)
   Бурав C6: (9, 0, 5) → (9,1,4)

🎯 ВЫСТРЕЛЫ:
!    🛡️ Выстрел Прыгун B3 заблокирован союзником Радиовышка B2 в (3, 0, 3)
✓    ✅ Артиллерия A1 поразил Провокатор B7 (2 урона)!
✓    ✅ Факел B4 поразил Радиовышка A2 (1 урона)!
✓    💚 Факел A4 лечит Радиовышка A2 → hits=1/3
   Выпущено ракет: 3
# 
📊 РЕЗУЛЬТАТЫ ХОДА 2:
✓ 💥 ПОПАДАНИЯ:
✓    Артиллерия A1 (Team A) → Провокатор B7 (Team B)
✓    Факел B4 (Team B) → Радиовышка A2 (Team A)

--- Результаты хода ---
  Team A / Прыгун A3          → Team C / Факел C4           @ (9,1,3)  (УБИТ)
  Team A / Артиллерия A1      → Team B / Провокатор B7      @ (2,1,3)  (УБИТ)
  Team B / Факел B4           → Team A / Радиовышка A2      @ (2,0,0)  (ранен)

--- Состояние команд после хода ---
  Team A: живых 8/8
    ✓ Артиллерия A1      @ (3,0,0) hp=1/1
    ✓ Радиовышка A2      @ (2,0,0) hp=2/3
    ✓ Прыгун A3          @ (9,1,3) hp=2/2
    ✓ Факел A4           @ (1,0,0) hp=6/6
    ✓ Тишина A5          @ (4,0,1) hp=2/2
    ✓ Бурав A6           @ (8,1,0) hp=4/4
    ✓ Провокатор A7      @ (4,0,0) hp=2/2
    ✓ Паук A8            @ (6,0,0) hp=1/1
  Team B: живых 6/8
    ✓ Радиовышка B2      @ (3,0,3) hp=3/3
    ✓ Прыгун B3          @ (3,0,5) hp=2/2
    ✓ Факел B4           @ (2,1,0) hp=6/6
    ✓ Тишина B5          @ (3,0,1) hp=2/2
    ✓ Бурав B6           @ (4,1,6) hp=4/4
    ✓ Паук B8            @ (2,1,1) hp=1/1
    ✗ Артиллерия B1      @ (2,1,9) [уничтожен]
    ✗ Провокатор B7      @ (2,1,3) [уничтожен]
  Team C: живых 5/8
    ✓ Радиовышка C2      @ (9,1,8) hp=3/3
    ✓ Прыгун C3          @ (9,1,2) hp=2/2
    ✓ Тишина C5          @ (9,1,1) hp=2/2
    ✓ Бурав C6           @ (9,1,4) hp=4/4
    ✓ Паук C8            @ (9,1,0) hp=1/1
    ✗ Артиллерия C1      @ (9,1,4) [уничтожен]
    ✗ Факел C4           @ (9,1,3) [уничтожен]
    ✗ Провокатор C7      @ (9,1,2) [уничтожен]

======================================================================
ХОД 3
======================================================================
✓ 🎮 GM: начинаем ход
GM: start_turn

--- Радиовышки: сканирование слоя Z ---
  Радиовышка A2 (z=0): видит 2 врагов  → Факел B4(2,1,0), Паук C8(9,1,0)
  Радиовышка B2 (z=3): видит 1 врагов [+1 эксклюзивно] → Прыгун A3(9,1,3)
  Радиовышка C2 (z=8): слой чист

--- Решения ботов ---
  [Team A] Артиллерия A1 (3,0,0) → SHOOT at (3,0,5)
  [Team A] Радиовышка A2 (2,0,0) → MOVE (2,1,0)
  [Team A] Прыгун A3 (9,1,3) → MOVE (9,1,2)
  [Team A] Факел A4 (1,0,0) → HEAL (AoE)
  [Team A] Тишина A5 (4,0,1) → MOVE (3,0,1)
  [Team A] Бурав A6 (8,1,0) → MOVE (9,1,1)
  [Team A] Паук A8 (6,0,0) → MINE (5,0,1)
  [Team A] Провокатор A7 → SKIP
  [Team B] Радиовышка B2 (3,0,3) → MOVE (4,0,2)
  [Team B] Прыгун B3 (3,0,5) → SHOOT at (3,0,0)
  [Team B] Факел B4 (2,1,0) → SHOOT at (2,0,0)
  [Team B] Тишина B5 (3,0,1) → MOVE (3,0,0)
  [Team B] Бурав B6 (4,1,6) → MOVE (5,1,5)
  [Team B] Паук B8 (2,1,1) → MINE (2,0,0)
  [Team C] Радиовышка C2 (9,1,8) → MOVE (9,1,7)
  [Team C] Прыгун C3 (9,1,2) → MOVE (9,1,3)
  [Team C] Тишина C5 (9,1,1) → MOVE (8,1,0)
  [Team C] Паук C8 → SKIP
  [Team C] Бурав C6 → SKIP
! 🎮 GM: принудительно завершает фазу планирования
GM: end_planning
# 
============================================================
# 🔄 ОБРАБОТКА ХОДА 3
# ============================================================
!    ⚠️ Паук A8: в клетке уже стоит мина
!    ⚠️ Паук B8: клетка (2,0,0) занята кораблём

📦 ПЕРЕМЕЩЕНИЯ:
!    ⚠️ Радиовышка A2: клетка (2,1,0) занята
✓    💥 Прыгун A3 тараном уничтожил Прыгун C3 в (9,1,2)
   Прыгун A3: (9, 1, 3) → (9,1,2)
!    ⚠️ Тишина A5: клетка (3,0,1) занята
✓    💥 Бурав A6 тараном уничтожил Тишина C5 в (9,1,1)
   Бурав A6: (8, 1, 0) → (9,1,1)
   Радиовышка B2: (3, 0, 3) → (4,0,2)
!    ⚠️ Тишина B5: клетка (3,0,0) занята
   Бурав B6: (4, 1, 6) → (5,1,5)
   Радиовышка C2: (9, 1, 8) → (9,1,7)

🎯 ВЫСТРЕЛЫ:
!    🛡️ Выстрел Прыгун B3 гасится собственной голограммой в (3, 0, 2)
✓    ✅ Артиллерия A1 поразил Прыгун B3 (2 урона)!
✓    ✅ Факел B4 поразил Радиовышка A2 (1 урона)!
✓    💚 Факел A4 лечит Радиовышка A2 → hits=1/3
   Выпущено ракет: 3
# 
📊 РЕЗУЛЬТАТЫ ХОДА 3:
✓ 💥 ПОПАДАНИЯ:
✓    Артиллерия A1 (Team A) → Прыгун B3 (Team B)
✓    Факел B4 (Team B) → Радиовышка A2 (Team A)

--- Результаты хода ---
  Team A / Прыгун A3          → Team C / Прыгун C3          @ (9,1,2)  (УБИТ)
  Team A / Бурав A6           → Team C / Тишина C5          @ (9,1,1)  (УБИТ)
  Team A / Артиллерия A1      → Team B / Прыгун B3          @ (3,0,5)  (УБИТ)
  Team B / Факел B4           → Team A / Радиовышка A2      @ (2,0,0)  (ранен)

--- Состояние команд после хода ---
  Team A: живых 8/8
    ✓ Артиллерия A1      @ (3,0,0) hp=1/1
    ✓ Радиовышка A2      @ (2,0,0) hp=2/3
    ✓ Прыгун A3          @ (9,1,2) hp=2/2
    ✓ Факел A4           @ (1,0,0) hp=6/6
    ✓ Тишина A5          @ (4,0,1) hp=2/2
    ✓ Бурав A6           @ (9,1,1) hp=4/4
    ✓ Провокатор A7      @ (4,0,0) hp=2/2
    ✓ Паук A8            @ (6,0,0) hp=1/1
  Team B: живых 5/8
    ✓ Радиовышка B2      @ (4,0,2) hp=3/3
    ✓ Факел B4           @ (2,1,0) hp=6/6
    ✓ Тишина B5          @ (3,0,1) hp=2/2
    ✓ Бурав B6           @ (5,1,5) hp=4/4
    ✓ Паук B8            @ (2,1,1) hp=1/1
    ✗ Артиллерия B1      @ (2,1,9) [уничтожен]
    ✗ Прыгун B3          @ (3,0,5) [уничтожен]
    ✗ Провокатор B7      @ (2,1,3) [уничтожен]
  Team C: живых 3/8
    ✓ Радиовышка C2      @ (9,1,7) hp=3/3
    ✓ Бурав C6           @ (9,1,4) hp=4/4
    ✓ Паук C8            @ (9,1,0) hp=1/1
    ✗ Артиллерия C1      @ (9,1,4) [уничтожен]
    ✗ Прыгун C3          @ (9,1,2) [уничтожен]
    ✗ Факел C4           @ (9,1,3) [уничтожен]
    ✗ Тишина C5          @ (9,1,1) [уничтожен]
    ✗ Провокатор C7      @ (9,1,2) [уничтожен]

======================================================================
ХОД 4
======================================================================
✓ 🎮 GM: начинаем ход
GM: start_turn

--- Радиовышки: сканирование слоя Z ---
  Радиовышка A2 (z=0): видит 2 врагов  → Факел B4(2,1,0), Паук C8(9,1,0)
  Радиовышка B2 (z=2): видит 1 врагов  → Прыгун A3(9,1,2)
  Радиовышка C2 (z=7): слой чист

--- Решения ботов ---
  [Team A] Артиллерия A1 (3,0,0) → SHOOT at (2,1,1)
  [Team A] Радиовышка A2 (2,0,0) → MOVE (2,1,0)
  [Team A] Прыгун A3 (9,1,2) → MOVE (9,1,4)
  [Team A] Факел A4 (1,0,0) → HEAL (AoE)
  [Team A] Тишина A5 (4,0,1) → MOVE (4,0,2)
  [Team A] Бурав A6 (9,1,1) → MOVE (9,1,0)
  [Team A] Провокатор A7 (4,0,0) → HOLOGRAM (3,0,1)
  [Team A] Паук A8 (6,0,0) → MINE (5,0,1)
  [Team B] Радиовышка B2 (4,0,2) → MOVE (4,0,1)
  [Team B] Факел B4 (2,1,0) → SHOOT at (2,0,0)
  [Team B] Тишина B5 (3,0,1) → MOVE (3,0,0)
  [Team B] Бурав B6 (5,1,5) → MOVE (6,1,4)
  [Team B] Паук B8 (2,1,1) → MINE (3,1,1)
  [Team C] Радиовышка C2 (9,1,7) → MOVE (8,1,6)
  [Team C] Бурав C6 (9,1,4) → MOVE (9,1,2)
  [Team C] Паук C8 (9,1,0) → MINE (9,1,1)
! 🎮 GM: принудительно завершает фазу планирования
GM: end_planning
# 
============================================================
# 🔄 ОБРАБОТКА ХОДА 4
# ============================================================
!    ⚠️ Провокатор A7: клетка (3,0,1) занята кораблём
!    ⚠️ Паук A8: в клетке уже стоит мина
   💣 Паук B8 установил мину M6 в (3,1,1)
!    ⚠️ Паук C8: клетка (9,1,1) занята кораблём

📦 ПЕРЕМЕЩЕНИЯ:
!    ⚠️ Радиовышка A2: клетка (2,1,0) занята
✓    💥 Прыгун A3 тараном уничтожил Бурав C6 в (9,1,4)
   Прыгун A3: (9, 1, 2) → (9,1,4)
!    ⚠️ Тишина A5: клетка (4,0,2) занята
✓    💥 Бурав A6 тараном уничтожил Паук C8 в (9,1,0)
   Бурав A6: (9, 1, 1) → (9,1,0)
!    ⚠️ Радиовышка B2: клетка (4,0,1) занята
!    ⚠️ Тишина B5: клетка (3,0,0) занята
   Бурав B6: (5, 1, 5) → (6,1,4)
   Радиовышка C2: (9, 1, 7) → (8,1,6)

🎯 ВЫСТРЕЛЫ:
✓    ✅ Артиллерия A1 поразил Паук B8 (2 урона)!
✓    ✅ Факел B4 поразил Радиовышка A2 (1 урона)!
✓    💚 Факел A4 лечит Радиовышка A2 → hits=1/3
   Выпущено ракет: 2
# 
📊 РЕЗУЛЬТАТЫ ХОДА 4:
✓ 💥 ПОПАДАНИЯ:
✓    Артиллерия A1 (Team A) → Паук B8 (Team B)
✓    Факел B4 (Team B) → Радиовышка A2 (Team A)

--- Результаты хода ---
  Team A / Прыгун A3          → Team C / Бурав C6           @ (9,1,4)  (УБИТ)
  Team A / Бурав A6           → Team C / Паук C8            @ (9,1,0)  (УБИТ)
  Team A / Артиллерия A1      → Team B / Паук B8            @ (2,1,1)  (УБИТ)
  Team B / Факел B4           → Team A / Радиовышка A2      @ (2,0,0)  (ранен)

--- Состояние команд после хода ---
  Team A: живых 8/8
    ✓ Артиллерия A1      @ (3,0,0) hp=1/1
    ✓ Радиовышка A2      @ (2,0,0) hp=2/3
    ✓ Прыгун A3          @ (9,1,4) hp=2/2
    ✓ Факел A4           @ (1,0,0) hp=6/6
    ✓ Тишина A5          @ (4,0,1) hp=2/2
    ✓ Бурав A6           @ (9,1,0) hp=4/4
    ✓ Провокатор A7      @ (4,0,0) hp=2/2
    ✓ Паук A8            @ (6,0,0) hp=1/1
  Team B: живых 4/8
    ✓ Радиовышка B2      @ (4,0,2) hp=3/3
    ✓ Факел B4           @ (2,1,0) hp=6/6
    ✓ Тишина B5          @ (3,0,1) hp=2/2
    ✓ Бурав B6           @ (6,1,4) hp=4/4
    ✗ Артиллерия B1      @ (2,1,9) [уничтожен]
    ✗ Прыгун B3          @ (3,0,5) [уничтожен]
    ✗ Провокатор B7      @ (2,1,3) [уничтожен]
    ✗ Паук B8            @ (2,1,1) [уничтожен]
  Team C: живых 1/8
    ✓ Радиовышка C2      @ (8,1,6) hp=3/3
    ✗ Артиллерия C1      @ (9,1,4) [уничтожен]
    ✗ Прыгун C3          @ (9,1,2) [уничтожен]
    ✗ Факел C4           @ (9,1,3) [уничтожен]
    ✗ Тишина C5          @ (9,1,1) [уничтожен]
    ✗ Бурав C6           @ (9,1,4) [уничтожен]
    ✗ Провокатор C7      @ (9,1,2) [уничтожен]
    ✗ Паук C8            @ (9,1,0) [уничтожен]

======================================================================
ХОД 5
======================================================================
✓ 🎮 GM: начинаем ход
GM: start_turn

--- Радиовышки: сканирование слоя Z ---
  Радиовышка A2 (z=0): видит 1 врагов  → Факел B4(2,1,0)
  Радиовышка B2 (z=2): слой чист
  Радиовышка C2 (z=6): слой чист

--- Решения ботов ---
  [Team A] Артиллерия A1 (3,0,0) → SHOOT at (3,0,1)
  [Team A] Радиовышка A2 (2,0,0) → MOVE (2,1,0)
  [Team A] Прыгун A3 (9,1,4) → MOVE (8,1,6)
  [Team A] Факел A4 (1,0,0) → HEAL (AoE)
  [Team A] Тишина A5 (4,0,1) → PHASE toggle
  [Team A] Бурав A6 (9,1,0) → MOVE (8,1,1)
  [Team A] Провокатор A7 (4,0,0) → HOLOGRAM (3,0,1)
  [Team A] Паук A8 (6,0,0) → MINE (5,0,1)
  [Team B] Радиовышка B2 (4,0,2) → MOVE (4,0,1)
  [Team B] Факел B4 (2,1,0) → SHOOT at (2,0,0)
  [Team B] Тишина B5 (3,0,1) → PHASE toggle
  [Team B] Бурав B6 (6,1,4) → MOVE (9,1,4)
  [Team C] Радиовышка C2 (8,1,6) → MOVE (9,1,5)
! 🎮 GM: принудительно завершает фазу планирования
GM: end_planning
# 
============================================================
# 🔄 ОБРАБОТКА ХОДА 5
# ============================================================
   🌀 Тишина A5: уходит в фазу на 1 ход
   🌀 Тишина B5: уходит в фазу на 1 ход
!    ⚠️ Провокатор A7: клетка (3,0,1) занята кораблём
!    ⚠️ Паук A8: в клетке уже стоит мина

📦 ПЕРЕМЕЩЕНИЯ:
!    ⚠️ Радиовышка A2: клетка (2,1,0) занята
✓    💥 Прыгун A3 тараном уничтожил Радиовышка C2 в (8,1,6)
   Прыгун A3: (9, 1, 4) → (8,1,6)
   Бурав A6: (9, 1, 0) → (8,1,1)
!    💥 Мина M3 сработала под Бурав A6 (урон 2)
   Радиовышка B2: (4, 0, 2) → (4,0,1)
   Бурав B6: (6, 1, 4) → (9,1,4)

🎯 ВЫСТРЕЛЫ:
✓    ✅ Факел B4 поразил Радиовышка A2 (1 урона)!
✓    💚 Факел A4 лечит Радиовышка A2 → hits=1/3
   Выпущено ракет: 2
# 
📊 РЕЗУЛЬТАТЫ ХОДА 5:
✓ 💥 ПОПАДАНИЯ:
✓    Факел B4 (Team B) → Радиовышка A2 (Team A)

--- Результаты хода ---
  Team A / Прыгун A3          → Team C / Радиовышка C2      @ (8,1,6)  (УБИТ)
  ? / ?                  → Team A / Бурав A6           @ (8,1,1)  (ранен)
  Team B / Факел B4           → Team A / Радиовышка A2      @ (2,0,0)  (ранен)

--- Состояние команд после хода ---
  Team A: живых 8/8
    ✓ Артиллерия A1      @ (3,0,0) hp=1/1
    ✓ Радиовышка A2      @ (2,0,0) hp=2/3
    ✓ Прыгун A3          @ (8,1,6) hp=2/2
    ✓ Факел A4           @ (1,0,0) hp=6/6
    ✓ Тишина A5          @ (4,0,1) hp=2/2
    ✓ Бурав A6           @ (8,1,1) hp=2/4
    ✓ Провокатор A7      @ (4,0,0) hp=2/2
    ✓ Паук A8            @ (6,0,0) hp=1/1
  Team B: живых 4/8
    ✓ Радиовышка B2      @ (4,0,1) hp=3/3
    ✓ Факел B4           @ (2,1,0) hp=6/6
    ✓ Тишина B5          @ (3,0,1) hp=2/2
    ✓ Бурав B6           @ (9,1,4) hp=4/4
    ✗ Артиллерия B1      @ (2,1,9) [уничтожен]
    ✗ Прыгун B3          @ (3,0,5) [уничтожен]
    ✗ Провокатор B7      @ (2,1,3) [уничтожен]
    ✗ Паук B8            @ (2,1,1) [уничтожен]
  Team C: живых 0/8
    ✗ Артиллерия C1      @ (9,1,4) [уничтожен]
    ✗ Радиовышка C2      @ (8,1,6) [уничтожен]
    ✗ Прыгун C3          @ (9,1,2) [уничтожен]
    ✗ Факел C4           @ (9,1,3) [уничтожен]
    ✗ Тишина C5          @ (9,1,1) [уничтожен]
    ✗ Бурав C6           @ (9,1,4) [уничтожен]
    ✗ Провокатор C7      @ (9,1,2) [уничтожен]
    ✗ Паук C8            @ (9,1,0) [уничтожен]

======================================================================
ХОД 6
======================================================================
✓ 🎮 GM: начинаем ход
GM: start_turn

--- Радиовышки: сканирование слоя Z ---
  Радиовышка A2 (z=0): видит 1 врагов  → Факел B4(2,1,0)
  Радиовышка B2 (z=1): видит 1 врагов  → Бурав A6(8,1,1)

--- Решения ботов ---
  [Team A] Артиллерия A1 (3,0,0) → SHOOT at (2,1,0)
  [Team A] Радиовышка A2 (2,0,0) → MOVE (2,1,0)
  [Team A] Прыгун A3 (8,1,6) → MOVE (9,1,4)
  [Team A] Факел A4 (1,0,0) → HEAL (AoE)
  [Team A] Бурав A6 (8,1,1) → MOVE (9,1,2)
  [Team A] Провокатор A7 (4,0,0) → SHOOT at (4,0,1)
  [Team A] Паук A8 (6,0,0) → MINE (5,0,1)
  [Team A] Тишина A5 → SKIP
  [Team B] Радиовышка B2 (4,0,1) → MOVE (3,0,0)
  [Team B] Факел B4 (2,1,0) → SHOOT at (2,0,0)
  [Team B] Бурав B6 (9,1,4) → MOVE (8,1,5)
  [Team B] Тишина B5 → SKIP
  [Team C] все корабли пропускают ход
! 🎮 GM: принудительно завершает фазу планирования
GM: end_planning
# 
============================================================
# 🔄 ОБРАБОТКА ХОДА 6
# ============================================================
   🌀 Тишина A5: фаза спала (действовала 1 ход)
   🌀 Тишина B5: фаза спала (действовала 1 ход)
!    ⚠️ Паук A8: в клетке уже стоит мина

📦 ПЕРЕМЕЩЕНИЯ:
!    ⚠️ Радиовышка A2: клетка (2,1,0) занята
✓    💥 Прыгун A3 тараном уничтожил Бурав B6 в (9,1,4)
   Прыгун A3: (8, 1, 6) → (9,1,4)
   Бурав A6: (8, 1, 1) → (9,1,2)
!    ⚠️ Радиовышка B2: клетка (3,0,0) занята

🎯 ВЫСТРЕЛЫ:
!    🛡️ Выстрел Провокатор A7 заблокирован союзником Тишина A5 в (4, 0, 1)
✓    ✅ Артиллерия A1 поразил Факел B4 (2 урона)!
✓    ✅ Факел B4 поразил Радиовышка A2 (1 урона)!
✓    💚 Факел A4 лечит Радиовышка A2 → hits=1/3
   Выпущено ракет: 3
# 
📊 РЕЗУЛЬТАТЫ ХОДА 6:
✓ 💥 ПОПАДАНИЯ:
✓    Артиллерия A1 (Team A) → Факел B4 (Team B)
✓    Факел B4 (Team B) → Радиовышка A2 (Team A)

--- Результаты хода ---
  Team A / Прыгун A3          → Team B / Бурав B6           @ (9,1,4)  (УБИТ)
  Team A / Артиллерия A1      → Team B / Факел B4           @ (2,1,0)  (ранен)
  Team B / Факел B4           → Team A / Радиовышка A2      @ (2,0,0)  (ранен)

--- Состояние команд после хода ---
  Team A: живых 8/8
    ✓ Артиллерия A1      @ (3,0,0) hp=1/1
    ✓ Радиовышка A2      @ (2,0,0) hp=2/3
    ✓ Прыгун A3          @ (9,1,4) hp=2/2
    ✓ Факел A4           @ (1,0,0) hp=6/6
    ✓ Тишина A5          @ (4,0,1) hp=2/2
    ✓ Бурав A6           @ (9,1,2) hp=2/4
    ✓ Провокатор A7      @ (4,0,0) hp=2/2
    ✓ Паук A8            @ (6,0,0) hp=1/1
  Team B: живых 3/8
    ✓ Радиовышка B2      @ (4,0,1) hp=3/3
    ✓ Факел B4           @ (2,1,0) hp=4/6
    ✓ Тишина B5          @ (3,0,1) hp=2/2
    ✗ Артиллерия B1      @ (2,1,9) [уничтожен]
    ✗ Прыгун B3          @ (3,0,5) [уничтожен]
    ✗ Бурав B6           @ (9,1,4) [уничтожен]
    ✗ Провокатор B7      @ (2,1,3) [уничтожен]
    ✗ Паук B8            @ (2,1,1) [уничтожен]
  Team C: живых 0/8
    ✗ Артиллерия C1      @ (9,1,4) [уничтожен]
    ✗ Радиовышка C2      @ (8,1,6) [уничтожен]
    ✗ Прыгун C3          @ (9,1,2) [уничтожен]
    ✗ Факел C4           @ (9,1,3) [уничтожен]
    ✗ Тишина C5          @ (9,1,1) [уничтожен]
    ✗ Бурав C6           @ (9,1,4) [уничтожен]
    ✗ Провокатор C7      @ (9,1,2) [уничтожен]
    ✗ Паук C8            @ (9,1,0) [уничтожен]

======================================================================
ХОД 7
======================================================================
✓ 🎮 GM: начинаем ход
GM: start_turn

--- Радиовышки: сканирование слоя Z ---
  Радиовышка A2 (z=0): видит 1 врагов  → Факел B4(2,1,0)
  Радиовышка B2 (z=1): видит 1 врагов  → Тишина A5(4,0,1)

--- Решения ботов ---
  [Team A] Артиллерия A1 (3,0,0) → SHOOT at (3,0,1)
  [Team A] Радиовышка A2 (2,0,0) → MOVE (2,1,0)
  [Team A] Прыгун A3 (9,1,4) → MOVE (8,0,3)
  [Team A] Факел A4 (1,0,0) → HEAL (AoE)
  [Team A] Бурав A6 (9,1,2) → MOVE (8,0,1)
  [Team A] Провокатор A7 (4,0,0) → SHOOT at (4,0,1)
  [Team A] Паук A8 (6,0,0) → MINE (5,0,1)
  [Team A] Тишина A5 → SKIP
  [Team B] Факел B4 (2,1,0) → HEAL (AoE)
  [Team B] Тишина B5 (3,0,1) → MOVE (3,0,0)
  [Team B] Радиовышка B2 → SKIP
  [Team C] все корабли пропускают ход
! 🎮 GM: принудительно завершает фазу планирования
GM: end_planning
# 
============================================================
# 🔄 ОБРАБОТКА ХОДА 7
# ============================================================
!    ⚠️ Паук A8: в клетке уже стоит мина

📦 ПЕРЕМЕЩЕНИЯ:
!    ⚠️ Радиовышка A2: клетка (2,1,0) занята
   Прыгун A3: (9, 1, 4) → (8,0,3)
!    ⚠️ Бурав A6: Бурав двигается только по 1 оси или по 2 осям строго диагонально
!    ⚠️ Тишина B5: клетка (3,0,0) занята

🎯 ВЫСТРЕЛЫ:
!    🛡️ Выстрел Провокатор A7 заблокирован союзником Тишина A5 в (4, 0, 1)
✓    ✅ Артиллерия A1 поразил Тишина B5 (2 урона)!
✓    💚 Факел A4 лечит Радиовышка A2 → hits=0/3
✓    💚 Факел B4 лечит Факел B4 → hits=1/6
   Выпущено ракет: 2
# 
📊 РЕЗУЛЬТАТЫ ХОДА 7:
✓ 💥 ПОПАДАНИЯ:
✓    Артиллерия A1 (Team A) → Тишина B5 (Team B)

--- Результаты хода ---
  Team A / Артиллерия A1      → Team B / Тишина B5          @ (3,0,1)  (УБИТ)

--- Состояние команд после хода ---
  Team A: живых 8/8
    ✓ Артиллерия A1      @ (3,0,0) hp=1/1
    ✓ Радиовышка A2      @ (2,0,0) hp=3/3
    ✓ Прыгун A3          @ (8,0,3) hp=2/2
    ✓ Факел A4           @ (1,0,0) hp=6/6
    ✓ Тишина A5          @ (4,0,1) hp=2/2
    ✓ Бурав A6           @ (9,1,2) hp=2/4
    ✓ Провокатор A7      @ (4,0,0) hp=2/2
    ✓ Паук A8            @ (6,0,0) hp=1/1
  Team B: живых 2/8
    ✓ Радиовышка B2      @ (4,0,1) hp=3/3
    ✓ Факел B4           @ (2,1,0) hp=5/6
    ✗ Артиллерия B1      @ (2,1,9) [уничтожен]
    ✗ Прыгун B3          @ (3,0,5) [уничтожен]
    ✗ Тишина B5          @ (3,0,1) [уничтожен]
    ✗ Бурав B6           @ (9,1,4) [уничтожен]
    ✗ Провокатор B7      @ (2,1,3) [уничтожен]
    ✗ Паук B8            @ (2,1,1) [уничтожен]
  Team C: живых 0/8
    ✗ Артиллерия C1      @ (9,1,4) [уничтожен]
    ✗ Радиовышка C2      @ (8,1,6) [уничтожен]
    ✗ Прыгун C3          @ (9,1,2) [уничтожен]
    ✗ Факел C4           @ (9,1,3) [уничтожен]
    ✗ Тишина C5          @ (9,1,1) [уничтожен]
    ✗ Бурав C6           @ (9,1,4) [уничтожен]
    ✗ Провокатор C7      @ (9,1,2) [уничтожен]
    ✗ Паук C8            @ (9,1,0) [уничтожен]

======================================================================
ХОД 8
======================================================================
✓ 🎮 GM: начинаем ход
GM: start_turn

--- Радиовышки: сканирование слоя Z ---
  Радиовышка A2 (z=0): видит 1 врагов  → Факел B4(2,1,0)
  Радиовышка B2 (z=1): видит 1 врагов  → Тишина A5(4,0,1)

--- Решения ботов ---
  [Team A] Артиллерия A1 (3,0,0) → SHOOT at (2,1,0)
  [Team A] Радиовышка A2 (2,0,0) → MOVE (2,1,0)
  [Team A] Прыгун A3 (8,0,3) → MOVE (7,0,2)
  [Team A] Факел A4 (1,0,0) → MOVE (2,1,1)
  [Team A] Бурав A6 (9,1,2) → MOVE (8,0,1)
  [Team A] Провокатор A7 (4,0,0) → SHOOT at (4,0,1)
  [Team A] Паук A8 (6,0,0) → MINE (5,0,1)
  [Team A] Тишина A5 → SKIP
  [Team B] Факел B4 (2,1,0) → HEAL (AoE)
  [Team B] Радиовышка B2 → SKIP
  [Team C] все корабли пропускают ход
! 🎮 GM: принудительно завершает фазу планирования
GM: end_planning
# 
============================================================
# 🔄 ОБРАБОТКА ХОДА 8
# ============================================================
!    ⚠️ Паук A8: в клетке уже стоит мина

📦 ПЕРЕМЕЩЕНИЯ:
!    ⚠️ Радиовышка A2: клетка (2,1,0) занята
   Прыгун A3: (8, 0, 3) → (7,0,2)
   Факел A4: (1, 0, 0) → (2,1,1)
!    ⚠️ Бурав A6: Бурав двигается только по 1 оси или по 2 осям строго диагонально

🎯 ВЫСТРЕЛЫ:
!    🛡️ Выстрел Провокатор A7 заблокирован союзником Тишина A5 в (4, 0, 1)
✓    ✅ Артиллерия A1 поразил Факел B4 (2 урона)!
✓    💚 Факел B4 лечит Факел B4 → hits=2/6
   Выпущено ракет: 2
# 
📊 РЕЗУЛЬТАТЫ ХОДА 8:
✓ 💥 ПОПАДАНИЯ:
✓    Артиллерия A1 (Team A) → Факел B4 (Team B)

--- Результаты хода ---
  Team A / Артиллерия A1      → Team B / Факел B4           @ (2,1,0)  (ранен)

--- Состояние команд после хода ---
  Team A: живых 8/8
    ✓ Артиллерия A1      @ (3,0,0) hp=1/1
    ✓ Радиовышка A2      @ (2,0,0) hp=3/3
    ✓ Прыгун A3          @ (7,0,2) hp=2/2
    ✓ Факел A4           @ (2,1,1) hp=6/6
    ✓ Тишина A5          @ (4,0,1) hp=2/2
    ✓ Бурав A6           @ (9,1,2) hp=2/4
    ✓ Провокатор A7      @ (4,0,0) hp=2/2
    ✓ Паук A8            @ (6,0,0) hp=1/1
  Team B: живых 2/8
    ✓ Радиовышка B2      @ (4,0,1) hp=3/3
    ✓ Факел B4           @ (2,1,0) hp=4/6
    ✗ Артиллерия B1      @ (2,1,9) [уничтожен]
    ✗ Прыгун B3          @ (3,0,5) [уничтожен]
    ✗ Тишина B5          @ (3,0,1) [уничтожен]
    ✗ Бурав B6           @ (9,1,4) [уничтожен]
    ✗ Провокатор B7      @ (2,1,3) [уничтожен]
    ✗ Паук B8            @ (2,1,1) [уничтожен]
  Team C: живых 0/8
    ✗ Артиллерия C1      @ (9,1,4) [уничтожен]
    ✗ Радиовышка C2      @ (8,1,6) [уничтожен]
    ✗ Прыгун C3          @ (9,1,2) [уничтожен]
    ✗ Факел C4           @ (9,1,3) [уничтожен]
    ✗ Тишина C5          @ (9,1,1) [уничтожен]
    ✗ Бурав C6           @ (9,1,4) [уничтожен]
    ✗ Провокатор C7      @ (9,1,2) [уничтожен]
    ✗ Паук C8            @ (9,1,0) [уничтожен]

======================================================================
ХОД 9
======================================================================
✓ 🎮 GM: начинаем ход
GM: start_turn

--- Радиовышки: сканирование слоя Z ---
  Радиовышка A2 (z=0): видит 1 врагов  → Факел B4(2,1,0)
  Радиовышка B2 (z=1): видит 2 врагов  → Факел A4(2,1,1), Тишина A5(4,0,1)

--- Решения ботов ---
  [Team A] Артиллерия A1 (3,0,0) → SHOOT at (2,1,0)
  [Team A] Радиовышка A2 (2,0,0) → MOVE (2,1,0)
  [Team A] Прыгун A3 (7,0,2) → MOVE (6,0,1)
  [Team A] Факел A4 (2,1,1) → SHOOT at (2,1,0)
  [Team A] Тишина A5 (4,0,1) → PHASE toggle
  [Team A] Бурав A6 (9,1,2) → MOVE (8,0,1)
  [Team A] Провокатор A7 (4,0,0) → SHOOT at (4,0,1)
  [Team A] Паук A8 (6,0,0) → MINE (5,0,1)
  [Team B] Факел B4 (2,1,0) → HEAL (AoE)
  [Team B] Радиовышка B2 → SKIP
  [Team C] все корабли пропускают ход
! 🎮 GM: принудительно завершает фазу планирования
GM: end_planning
# 
============================================================
# 🔄 ОБРАБОТКА ХОДА 9
# ============================================================
   🌀 Тишина A5: уходит в фазу на 1 ход
!    ⚠️ Паук A8: в клетке уже стоит мина

📦 ПЕРЕМЕЩЕНИЯ:
!    ⚠️ Радиовышка A2: клетка (2,1,0) занята
   Прыгун A3: (7, 0, 2) → (6,0,1)
!    ⚠️ Бурав A6: Бурав двигается только по 1 оси или по 2 осям строго диагонально

🎯 ВЫСТРЕЛЫ:
✓    ✅ Артиллерия A1 поразил Факел B4 (2 урона)!
✓    ✅ Факел A4 поразил Факел B4 (1 урона)!
✓    ✅ Провокатор A7 поразил Радиовышка B2 (1 урона)!
✓    💚 Факел B4 лечит Радиовышка B2 → hits=0/3
✓    💚 Факел B4 лечит Факел B4 → hits=4/6
   Выпущено ракет: 3
# 
📊 РЕЗУЛЬТАТЫ ХОДА 9:
✓ 💥 ПОПАДАНИЯ:
✓    Артиллерия A1 (Team A) → Факел B4 (Team B)
✓    Факел A4 (Team A) → Факел B4 (Team B)
✓    Провокатор A7 (Team A) → Радиовышка B2 (Team B)

--- Результаты хода ---
  Team A / Артиллерия A1      → Team B / Факел B4           @ (2,1,0)  (ранен)
  Team A / Факел A4           → Team B / Факел B4           @ (2,1,0)  (ранен)
  Team A / Провокатор A7      → Team B / Радиовышка B2      @ (4,0,1)  (ранен)

--- Состояние команд после хода ---
  Team A: живых 8/8
    ✓ Артиллерия A1      @ (3,0,0) hp=1/1
    ✓ Радиовышка A2      @ (2,0,0) hp=3/3
    ✓ Прыгун A3          @ (6,0,1) hp=2/2
    ✓ Факел A4           @ (2,1,1) hp=6/6
    ✓ Тишина A5          @ (4,0,1) hp=2/2
    ✓ Бурав A6           @ (9,1,2) hp=2/4
    ✓ Провокатор A7      @ (4,0,0) hp=2/2
    ✓ Паук A8            @ (6,0,0) hp=1/1
  Team B: живых 2/8
    ✓ Радиовышка B2      @ (4,0,1) hp=3/3
    ✓ Факел B4           @ (2,1,0) hp=2/6
    ✗ Артиллерия B1      @ (2,1,9) [уничтожен]
    ✗ Прыгун B3          @ (3,0,5) [уничтожен]
    ✗ Тишина B5          @ (3,0,1) [уничтожен]
    ✗ Бурав B6           @ (9,1,4) [уничтожен]
    ✗ Провокатор B7      @ (2,1,3) [уничтожен]
    ✗ Паук B8            @ (2,1,1) [уничтожен]
  Team C: живых 0/8
    ✗ Артиллерия C1      @ (9,1,4) [уничтожен]
    ✗ Радиовышка C2      @ (8,1,6) [уничтожен]
    ✗ Прыгун C3          @ (9,1,2) [уничтожен]
    ✗ Факел C4           @ (9,1,3) [уничтожен]
    ✗ Тишина C5          @ (9,1,1) [уничтожен]
    ✗ Бурав C6           @ (9,1,4) [уничтожен]
    ✗ Провокатор C7      @ (9,1,2) [уничтожен]
    ✗ Паук C8            @ (9,1,0) [уничтожен]

======================================================================
ХОД 10
======================================================================
✓ 🎮 GM: начинаем ход
GM: start_turn

--- Радиовышки: сканирование слоя Z ---
  Радиовышка A2 (z=0): видит 1 врагов  → Факел B4(2,1,0)
  Радиовышка B2 (z=1): видит 2 врагов  → Факел A4(2,1,1), Прыгун A3(6,0,1)

--- Решения ботов ---
  [Team A] Артиллерия A1 (3,0,0) → SHOOT at (2,1,0)
  [Team A] Радиовышка A2 (2,0,0) → MOVE (2,1,0)
  [Team A] Прыгун A3 (6,0,1) → SHOOT at (4,0,1)
  [Team A] Факел A4 (2,1,1) → SHOOT at (2,1,0)
  [Team A] Бурав A6 (9,1,2) → MOVE (8,0,1)
  [Team A] Провокатор A7 (4,0,0) → SHOOT at (4,0,1)
  [Team A] Паук A8 (6,0,0) → MINE (5,0,1)
  [Team A] Тишина A5 → SKIP
  [Team B] Радиовышка B2 (4,0,1) → MOVE (3,0,0)
  [Team B] Факел B4 (2,1,0) → HEAL (AoE)
  [Team C] все корабли пропускают ход
! 🎮 GM: принудительно завершает фазу планирования
GM: end_planning
# 
============================================================
# 🔄 ОБРАБОТКА ХОДА 10
# ============================================================
   🌀 Тишина A5: фаза спала (действовала 1 ход)
!    ⚠️ Паук A8: в клетке уже стоит мина

📦 ПЕРЕМЕЩЕНИЯ:
!    ⚠️ Радиовышка A2: клетка (2,1,0) занята
!    ⚠️ Бурав A6: Бурав двигается только по 1 оси или по 2 осям строго диагонально
!    ⚠️ Радиовышка B2: клетка (3,0,0) занята

🎯 ВЫСТРЕЛЫ:
!    🛡️ Выстрел Прыгун A3 заблокирован союзником Тишина A5 в (4, 0, 1)
!    🛡️ Выстрел Провокатор A7 заблокирован союзником Тишина A5 в (4, 0, 1)
✓    ✅ Артиллерия A1 поразил Факел B4 (2 урона)!
   💀 Факел A4 добивает Факел B4
✓    ✅ Факел A4 поразил Факел B4 (1 урона)!
   Выпущено ракет: 4
# 
📊 РЕЗУЛЬТАТЫ ХОДА 10:
✓ 💥 ПОПАДАНИЯ:
✓    Артиллерия A1 (Team A) → Факел B4 (Team B)
✓    Факел A4 (Team A) → Факел B4 (Team B)

--- Результаты хода ---
  Team A / Артиллерия A1      → Team B / Факел B4           @ (2,1,0)  (УБИТ)
  Team A / Факел A4           → Team B / Факел B4           @ (2,1,0)  (ранен)

--- Состояние команд после хода ---
  Team A: живых 8/8
    ✓ Артиллерия A1      @ (3,0,0) hp=1/1
    ✓ Радиовышка A2      @ (2,0,0) hp=3/3
    ✓ Прыгун A3          @ (6,0,1) hp=2/2
    ✓ Факел A4           @ (2,1,1) hp=6/6
    ✓ Тишина A5          @ (4,0,1) hp=2/2
    ✓ Бурав A6           @ (9,1,2) hp=2/4
    ✓ Провокатор A7      @ (4,0,0) hp=2/2
    ✓ Паук A8            @ (6,0,0) hp=1/1
  Team B: живых 1/8
    ✓ Радиовышка B2      @ (4,0,1) hp=3/3
    ✗ Артиллерия B1      @ (2,1,9) [уничтожен]
    ✗ Прыгун B3          @ (3,0,5) [уничтожен]
    ✗ Факел B4           @ (2,1,0) [уничтожен]
    ✗ Тишина B5          @ (3,0,1) [уничтожен]
    ✗ Бурав B6           @ (9,1,4) [уничтожен]
    ✗ Провокатор B7      @ (2,1,3) [уничтожен]
    ✗ Паук B8            @ (2,1,1) [уничтожен]
  Team C: живых 0/8
    ✗ Артиллерия C1      @ (9,1,4) [уничтожен]
    ✗ Радиовышка C2      @ (8,1,6) [уничтожен]
    ✗ Прыгун C3          @ (9,1,2) [уничтожен]
    ✗ Факел C4           @ (9,1,3) [уничтожен]
    ✗ Тишина C5          @ (9,1,1) [уничтожен]
    ✗ Бурав C6           @ (9,1,4) [уничтожен]
    ✗ Провокатор C7      @ (9,1,2) [уничтожен]
    ✗ Паук C8            @ (9,1,0) [уничтожен]

======================================================================
ХОД 11
======================================================================
✓ 🎮 GM: начинаем ход
GM: start_turn

--- Радиовышки: сканирование слоя Z ---
  Радиовышка A2 (z=0): слой чист
  Радиовышка B2 (z=1): видит 3 врагов [+3 эксклюзивно] → Факел A4(2,1,1), Тишина A5(4,0,1), Прыгун A3(6,0,1)

--- Решения ботов ---
  [Team A] Артиллерия A1 (3,0,0) → SHOOT at (4,0,1)
  [Team A] Радиовышка A2 (2,0,0) → MOVE (3,0,1)
  [Team A] Прыгун A3 (6,0,1) → SHOOT at (4,0,1)
  [Team A] Факел A4 (2,1,1) → MOVE (2,0,1)
  [Team A] Бурав A6 (9,1,2) → MOVE (8,0,1)
  [Team A] Провокатор A7 (4,0,0) → SHOOT at (4,0,1)
  [Team A] Паук A8 (6,0,0) → MINE (5,0,1)
  [Team A] Тишина A5 → SKIP
  [Team B] все корабли пропускают ход
  [Team C] все корабли пропускают ход
! 🎮 GM: принудительно завершает фазу планирования
GM: end_planning
# 
============================================================
# 🔄 ОБРАБОТКА ХОДА 11
# ============================================================
!    ⚠️ Паук A8: в клетке уже стоит мина

📦 ПЕРЕМЕЩЕНИЯ:
   Радиовышка A2: (2, 0, 0) → (3,0,1)
   Факел A4: (2, 1, 1) → (2,0,1)
!    ⚠️ Бурав A6: Бурав двигается только по 1 оси или по 2 осям строго диагонально

🎯 ВЫСТРЕЛЫ:
!    🛡️ Выстрел Прыгун A3 заблокирован союзником Тишина A5 в (4, 0, 1)
!    🛡️ Выстрел Провокатор A7 заблокирован союзником Тишина A5 в (4, 0, 1)
✓    ✅ Артиллерия A1 поразил Радиовышка B2 (2 урона)!
   Выпущено ракет: 3
# 
📊 РЕЗУЛЬТАТЫ ХОДА 11:
✓ 💥 ПОПАДАНИЯ:
✓    Артиллерия A1 (Team A) → Радиовышка B2 (Team B)

--- Результаты хода ---
  Team A / Артиллерия A1      → Team B / Радиовышка B2      @ (4,0,1)  (ранен)

--- Состояние команд после хода ---
  Team A: живых 8/8
    ✓ Артиллерия A1      @ (3,0,0) hp=1/1
    ✓ Радиовышка A2      @ (3,0,1) hp=3/3
    ✓ Прыгун A3          @ (6,0,1) hp=2/2
    ✓ Факел A4           @ (2,0,1) hp=6/6
    ✓ Тишина A5          @ (4,0,1) hp=2/2
    ✓ Бурав A6           @ (9,1,2) hp=2/4
    ✓ Провокатор A7      @ (4,0,0) hp=2/2
    ✓ Паук A8            @ (6,0,0) hp=1/1
  Team B: живых 1/8
    ✓ Радиовышка B2      @ (4,0,1) hp=1/3
    ✗ Артиллерия B1      @ (2,1,9) [уничтожен]
    ✗ Прыгун B3          @ (3,0,5) [уничтожен]
    ✗ Факел B4           @ (2,1,0) [уничтожен]
    ✗ Тишина B5          @ (3,0,1) [уничтожен]
    ✗ Бурав B6           @ (9,1,4) [уничтожен]
    ✗ Провокатор B7      @ (2,1,3) [уничтожен]
    ✗ Паук B8            @ (2,1,1) [уничтожен]
  Team C: живых 0/8
    ✗ Артиллерия C1      @ (9,1,4) [уничтожен]
    ✗ Радиовышка C2      @ (8,1,6) [уничтожен]
    ✗ Прыгун C3          @ (9,1,2) [уничтожен]
    ✗ Факел C4           @ (9,1,3) [уничтожен]
    ✗ Тишина C5          @ (9,1,1) [уничтожен]
    ✗ Бурав C6           @ (9,1,4) [уничтожен]
    ✗ Провокатор C7      @ (9,1,2) [уничтожен]
    ✗ Паук C8            @ (9,1,0) [уничтожен]

======================================================================
ХОД 12
======================================================================
✓ 🎮 GM: начинаем ход
GM: start_turn

--- Радиовышки: сканирование слоя Z ---
  Радиовышка A2 (z=1): видит 1 врагов  → Радиовышка B2(4,0,1)
  Радиовышка B2 (z=1): видит 4 врагов [+4 эксклюзивно] → Факел A4(2,0,1), Радиовышка A2(3,0,1), Тишина A5(4,0,1), Прыгун A3(6,0,1)

--- Решения ботов ---
  [Team A] Артиллерия A1 (3,0,0) → SHOOT at (4,0,1)
  [Team A] Прыгун A3 (6,0,1) → SHOOT at (4,0,1)
  [Team A] Факел A4 (2,0,1) → SHOOT at (4,0,1)
  [Team A] Бурав A6 (9,1,2) → MOVE (8,0,1)
  [Team A] Провокатор A7 (4,0,0) → SHOOT at (4,0,1)
  [Team A] Паук A8 (6,0,0) → MINE (5,0,1)
  [Team A] Радиовышка A2 → SKIP
  [Team A] Тишина A5 → SKIP
  [Team B] все корабли пропускают ход
  [Team C] все корабли пропускают ход
! 🎮 GM: принудительно завершает фазу планирования
GM: end_planning
# 
============================================================
# 🔄 ОБРАБОТКА ХОДА 12
# ============================================================
!    ⚠️ Паук A8: в клетке уже стоит мина

📦 ПЕРЕМЕЩЕНИЯ:
!    ⚠️ Бурав A6: Бурав двигается только по 1 оси или по 2 осям строго диагонально

🎯 ВЫСТРЕЛЫ:
!    🛡️ Выстрел Прыгун A3 заблокирован союзником Тишина A5 в (4, 0, 1)
!    🛡️ Выстрел Факел A4 заблокирован союзником Радиовышка A2 в (3, 0, 1)
!    🛡️ Выстрел Провокатор A7 заблокирован союзником Тишина A5 в (4, 0, 1)
✓    ✅ Артиллерия A1 поразил Радиовышка B2 (2 урона)!
   Выпущено ракет: 4
# 
📊 РЕЗУЛЬТАТЫ ХОДА 12:
✓ 💥 ПОПАДАНИЯ:
✓    Артиллерия A1 (Team A) → Радиовышка B2 (Team B)
# 
🎮🎮🎮🎮🎮🎮🎮🎮🎮🎮🎮🎮🎮🎮🎮🎮🎮🎮🎮🎮
#         ИГРА ОКОНЧЕНА!
# 🎮🎮🎮🎮🎮🎮🎮🎮🎮🎮🎮🎮🎮🎮🎮🎮🎮🎮🎮🎮
✓         🏆 ПОБЕДИТЕЛЬ: Team A

--- Результаты хода ---
  Team A / Артиллерия A1      → Team B / Радиовышка B2      @ (4,0,1)  (УБИТ)

--- Состояние команд после хода ---
  Team A: живых 8/8
    ✓ Артиллерия A1      @ (3,0,0) hp=1/1
    ✓ Радиовышка A2      @ (3,0,1) hp=3/3
    ✓ Прыгун A3          @ (6,0,1) hp=2/2
    ✓ Факел A4           @ (2,0,1) hp=6/6
    ✓ Тишина A5          @ (4,0,1) hp=2/2
    ✓ Бурав A6           @ (9,1,2) hp=2/4
    ✓ Провокатор A7      @ (4,0,0) hp=2/2
    ✓ Паук A8            @ (6,0,0) hp=1/1
  Team B: живых 0/8
    ✗ Артиллерия B1      @ (2,1,9) [уничтожен]
    ✗ Радиовышка B2      @ (4,0,1) [уничтожен]
    ✗ Прыгун B3          @ (3,0,5) [уничтожен]
    ✗ Факел B4           @ (2,1,0) [уничтожен]
    ✗ Тишина B5          @ (3,0,1) [уничтожен]
    ✗ Бурав B6           @ (9,1,4) [уничтожен]
    ✗ Провокатор B7      @ (2,1,3) [уничтожен]
    ✗ Паук B8            @ (2,1,1) [уничтожен]
  Team C: живых 0/8
    ✗ Артиллерия C1      @ (9,1,4) [уничтожен]
    ✗ Радиовышка C2      @ (8,1,6) [уничтожен]
    ✗ Прыгун C3          @ (9,1,2) [уничтожен]
    ✗ Факел C4           @ (9,1,3) [уничтожен]
    ✗ Тишина C5          @ (9,1,1) [уничтожен]
    ✗ Бурав C6           @ (9,1,4) [уничтожен]
    ✗ Провокатор C7      @ (9,1,2) [уничтожен]
    ✗ Паук C8            @ (9,1,0) [уничтожен]

======================================================================
ИТОГ
======================================================================
Игра окончена. Победитель: Team A
Ходов сыграно: 12

--- Сводка по командам ---
  Team A: 8/8 живых; hp=19
  Team B: 0/8 живых; hp=0
  Team C: 0/8 живых; hp=0

--- Сводка по пассивкам радиовышек ---
  Team A: сканирований=12, всего врагов-в-слоях=15, уникальных эксклюзивных (видны только радиовышкой)=0
  Team B: сканирований=12, всего врагов-в-слоях=18, уникальных эксклюзивных (видны только радиовышкой)=6
  Team C: сканирований=5, всего врагов-в-слоях=1, уникальных эксклюзивных (видны только радиовышкой)=1

--- Сводка по попаданиям ---
  Всего событий (шоты+тараны+мины): 31
  Уничтожено кораблей всего: 16
  Team A: урон=49 хиты=14 тараны=8 мины(сработало)=0 убийств=15
  Team B: урон=8 хиты=7 тараны=0 мины(сработало)=0 убийств=0
  Team C: урон=4 хиты=1 тараны=0 мины(сработало)=1 убийств=1
! 🎮 GM: остановка игры
