======================================================================
Space Battle 10×10×10 — simulation run at 2026-04-20T13:44:08+00:00
Game mode: advanced
Seed: 155
✓ 🚀 Продвинутый режим: создаю разные типы кораблей
   Команда A: спавн вдоль оси Z от (8, 8, 4) до (8, 8, 5)
   Команда B: спавн вдоль оси X от (8, 9, 0) до (7, 9, 0)
   Команда C: спавн вдоль оси X от (3, 9, 9) до (2, 9, 9)
✓ ✅ Создано 24 кораблей


--- СТАРТОВАЯ РАССТАНОВКА ---
  Team A: живых 8/8
    ✓ Артиллерия A1      @ (8,8,4) hp=1/1
    ✓ Радиовышка A2      @ (8,8,6) hp=3/3
    ✓ Прыгун A3          @ (8,8,8) hp=2/2
    ✓ Факел A4           @ (8,8,7) hp=6/6
    ✓ Тишина A5          @ (8,8,9) hp=2/2
    ✓ Бурав A6           @ (8,8,2) hp=4/4
    ✓ Провокатор A7      @ (8,8,1) hp=2/2
    ✓ Паук A8            @ (8,8,5) hp=1/1
  Team B: живых 8/8
    ✓ Артиллерия B1      @ (8,9,0) hp=1/1
    ✓ Радиовышка B2      @ (1,9,0) hp=3/3
    ✓ Прыгун B3          @ (2,9,0) hp=2/2
    ✓ Факел B4           @ (9,9,0) hp=6/6
    ✓ Тишина B5          @ (6,9,0) hp=2/2
    ✓ Бурав B6           @ (0,9,0) hp=4/4
    ✓ Провокатор B7      @ (4,9,0) hp=2/2
    ✓ Паук B8            @ (7,9,0) hp=1/1
  Team C: живых 8/8
    ✓ Артиллерия C1      @ (3,9,9) hp=1/1
    ✓ Радиовышка C2      @ (5,9,9) hp=3/3
    ✓ Прыгун C3          @ (1,9,9) hp=2/2
    ✓ Факел C4           @ (8,9,9) hp=6/6
    ✓ Тишина C5          @ (9,9,9) hp=2/2
    ✓ Бурав C6           @ (7,9,9) hp=4/4
    ✓ Провокатор C7      @ (0,9,9) hp=2/2
    ✓ Паук C8            @ (2,9,9) hp=1/1

======================================================================
ХОД 1
======================================================================
✓ 🎮 GM: начинаем ход
GM: start_turn

--- Радиовышки: сканирование слоя Z ---
  Радиовышка A2 (z=6): слой чист
  Радиовышка B2 (z=0): слой чист
  Радиовышка C2 (z=9): видит 1 врагов  → Тишина A5(8,8,9)

--- Решения ботов ---
  [Team A] Артиллерия A1 (8,8,4) → SHOOT at (8,9,0)
  [Team A] Радиовышка A2 (8,8,6) → MOVE (7,9,7)
  [Team A] Прыгун A3 (8,8,8) → MOVE (8,9,9)
  [Team A] Тишина A5 (8,8,9) → PHASE toggle
  [Team A] Бурав A6 (8,8,2) → MOVE (8,9,1)
  [Team A] Провокатор A7 (8,8,1) → HOLOGRAM (8,9,0)
  [Team A] Паук A8 (8,8,5) → MINE (7,9,6)
  [Team A] Факел A4 → SKIP
  [Team B] Артиллерия B1 (8,9,0) → SHOOT at (8,8,4)
  [Team B] Радиовышка B2 (1,9,0) → MOVE (2,8,1)
  [Team B] Прыгун B3 (2,9,0) → MOVE (3,8,1)
  [Team B] Тишина B5 (6,9,0) → PHASE toggle
  [Team B] Бурав B6 (0,9,0) → MOVE (1,8,1)
  [Team B] Провокатор B7 (4,9,0) → HOLOGRAM (5,8,1)
  [Team B] Паук B8 (7,9,0) → MINE (8,9,1)
  [Team B] Факел B4 → SKIP
  [Team C] Артиллерия C1 (3,9,9) → SHOOT at (8,8,8)
  [Team C] Радиовышка C2 (5,9,9) → MOVE (6,8,8)
  [Team C] Прыгун C3 (1,9,9) → MOVE (2,8,8)
  [Team C] Факел C4 (8,9,9) → SHOOT at (8,8,9)
  [Team C] Тишина C5 (9,9,9) → PHASE toggle
  [Team C] Бурав C6 (7,9,9) → MOVE (8,8,9)
  [Team C] Провокатор C7 (0,9,9) → MOVE (1,8,8)
  [Team C] Паук C8 (2,9,9) → MOVE (3,8,8)
! 🎮 GM: принудительно завершает фазу планирования
GM: end_planning
# 
============================================================
# 🔄 ОБРАБОТКА ХОДА 1
# ============================================================
   🌀 Тишина A5: уходит в фазу на 1 ход
   🌀 Тишина B5: уходит в фазу на 1 ход
   🌀 Тишина C5: уходит в фазу на 1 ход
!    ⚠️ Провокатор A7: клетка (8,9,0) занята кораблём
   🪞 Провокатор B7 создал голограмму H1 в (5,8,1)
   💣 Паук A8 установил мину M1 в (7,9,6)
   💣 Паук B8 установил мину M2 в (8,9,1)

📦 ПЕРЕМЕЩЕНИЯ:
   Радиовышка A2: (8, 8, 6) → (7,9,7)
✓    💥 Прыгун A3 тараном уничтожил Факел C4 в (8,9,9)
   Прыгун A3: (8, 8, 8) → (8,9,9)
   Бурав A6: (8, 8, 2) → (8,9,1)
!    💥 Мина M2 сработала под Бурав A6 (урон 2)
   Радиовышка B2: (1, 9, 0) → (2,8,1)
   Прыгун B3: (2, 9, 0) → (3,8,1)
!    ⚠️ Бурав B6: Бурав двигается только по 1 оси или по 2 осям строго диагонально
   Радиовышка C2: (5, 9, 9) → (6,8,8)
   Прыгун C3: (1, 9, 9) → (2,8,8)
✓    💥 Бурав C6 пробивает фазу Тишина A5 тараном
✓    💥 Бурав C6 тараном уничтожил Тишина A5 в (8,8,9)
   Бурав C6: (7, 9, 9) → (8,8,9)
   Провокатор C7: (0, 9, 9) → (1,8,8)
   Паук C8: (2, 9, 9) → (3,8,8)

🎯 ВЫСТРЕЛЫ:
✓    ✅ Артиллерия A1 поразил Артиллерия B1 (2 урона)!
✓    ✅ Артиллерия B1 поразил Артиллерия A1 (2 урона)!
   Выпущено ракет: 3
# 
📊 РЕЗУЛЬТАТЫ ХОДА 1:
✓ 💥 ПОПАДАНИЯ:
✓    Артиллерия A1 (Team A) → Артиллерия B1 (Team B)
✓    Артиллерия B1 (Team B) → Артиллерия A1 (Team A)

--- Результаты хода ---
  Team A / Прыгун A3          → Team C / Факел C4           @ (8,9,9)  (УБИТ)
  ? / ?                  → Team A / Бурав A6           @ (8,9,1)  (ранен)
  Team C / Бурав C6           → Team A / Тишина A5          @ (8,8,9)  (УБИТ)
  Team A / Артиллерия A1      → Team B / Артиллерия B1      @ (8,9,0)  (УБИТ)
  Team B / Артиллерия B1      → Team A / Артиллерия A1      @ (8,8,4)  (УБИТ)

--- Состояние команд после хода ---
  Team A: живых 6/8
    ✓ Радиовышка A2      @ (7,9,7) hp=3/3
    ✓ Прыгун A3          @ (8,9,9) hp=2/2
    ✓ Факел A4           @ (8,8,7) hp=6/6
    ✓ Бурав A6           @ (8,9,1) hp=2/4
    ✓ Провокатор A7      @ (8,8,1) hp=2/2
    ✓ Паук A8            @ (8,8,5) hp=1/1
    ✗ Артиллерия A1      @ (8,8,4) [уничтожен]
    ✗ Тишина A5          @ (8,8,9) [уничтожен]
  Team B: живых 7/8
    ✓ Радиовышка B2      @ (2,8,1) hp=3/3
    ✓ Прыгун B3          @ (3,8,1) hp=2/2
    ✓ Факел B4           @ (9,9,0) hp=6/6
    ✓ Тишина B5          @ (6,9,0) hp=2/2
    ✓ Бурав B6           @ (0,9,0) hp=4/4
    ✓ Провокатор B7      @ (4,9,0) hp=2/2
    ✓ Паук B8            @ (7,9,0) hp=1/1
    ✗ Артиллерия B1      @ (8,9,0) [уничтожен]
  Team C: живых 7/8
    ✓ Артиллерия C1      @ (3,9,9) hp=1/1
    ✓ Радиовышка C2      @ (6,8,8) hp=3/3
    ✓ Прыгун C3          @ (2,8,8) hp=2/2
    ✓ Тишина C5          @ (9,9,9) hp=2/2
    ✓ Бурав C6           @ (8,8,9) hp=4/4
    ✓ Провокатор C7      @ (1,8,8) hp=2/2
    ✓ Паук C8            @ (3,8,8) hp=1/1
    ✗ Факел C4           @ (8,9,9) [уничтожен]

======================================================================
ХОД 2
======================================================================
✓ 🎮 GM: начинаем ход
GM: start_turn

--- Радиовышки: сканирование слоя Z ---
  Радиовышка A2 (z=7): слой чист
  Радиовышка B2 (z=1): видит 2 врагов  → Провокатор A7(8,8,1), Бурав A6(8,9,1)
  Радиовышка C2 (z=8): слой чист

--- Решения ботов ---
  [Team A] Радиовышка A2 (7,9,7) → MOVE (6,8,8)
  [Team A] Прыгун A3 (8,9,9) → MOVE (8,8,9)
  [Team A] Факел A4 (8,8,7) → SHOOT at (8,8,9)
  [Team A] Бурав A6 (8,9,1) → MOVE (9,9,0)
  [Team A] Провокатор A7 (8,8,1) → HOLOGRAM (9,8,1)
  [Team A] Паук A8 (8,8,5) → MINE (7,8,6)
  [Team B] Радиовышка B2 (2,8,1) → MOVE (3,9,1)
  [Team B] Прыгун B3 (3,8,1) → SHOOT at (8,8,1)
  [Team B] Факел B4 (9,9,0) → MOVE (8,9,0)
  [Team B] Тишина B5 (6,9,0) → MOVE (7,9,1)
  [Team B] Бурав B6 (0,9,0) → MOVE (1,9,1)
  [Team B] Провокатор B7 (4,9,0) → HOLOGRAM (5,9,1)
  [Team B] Паук B8 (7,9,0) → MINE (8,9,1)
  [Team C] Артиллерия C1 (3,9,9) → SHOOT at (8,9,9)
  [Team C] Радиовышка C2 (6,8,8) → MOVE (7,9,7)
  [Team C] Прыгун C3 (2,8,8) → MOVE (3,9,7)
  [Team C] Тишина C5 (9,9,9) → MOVE (8,9,9)
  [Team C] Бурав C6 (8,8,9) → MOVE (8,8,7)
  [Team C] Провокатор C7 (1,8,8) → MOVE (2,9,7)
  [Team C] Паук C8 (3,8,8) → MINE (4,9,7)
! 🎮 GM: принудительно завершает фазу планирования
GM: end_planning
# 
============================================================
# 🔄 ОБРАБОТКА ХОДА 2
# ============================================================
   🌀 Тишина B5: фаза спала (действовала 1 ход)
   🌀 Тишина C5: фаза спала (действовала 1 ход)
   🪞 Провокатор A7 создал голограмму H2 в (9,8,1)
   🪞 Провокатор B7 создал голограмму H3 в (5,9,1)
   💣 Паук A8 установил мину M3 в (7,8,6)
!    ⚠️ Паук B8: клетка (8,9,1) занята кораблём
   💣 Паук C8 установил мину M4 в (4,9,7)

📦 ПЕРЕМЕЩЕНИЯ:
!    ⚠️ Радиовышка A2: клетка (6,8,8) занята
✓    💥 Прыгун A3 тараном уничтожил Бурав C6 в (8,8,9)
   Прыгун A3: (8, 9, 9) → (8,8,9)
✓    💥 Бурав A6 тараном уничтожил Факел B4 в (9,9,0)
   Бурав A6: (8, 9, 1) → (9,9,0)
   Радиовышка B2: (2, 8, 1) → (3,9,1)
   Тишина B5: (6, 9, 0) → (7,9,1)
   Бурав B6: (0, 9, 0) → (1,9,1)
!    ⚠️ Радиовышка C2: клетка (7,9,7) занята
   Прыгун C3: (2, 8, 8) → (3,9,7)
   Тишина C5: (9, 9, 9) → (8,9,9)
   Провокатор C7: (1, 8, 8) → (2,9,7)

🎯 ВЫСТРЕЛЫ:
!    🛡️ Выстрел Факел A4 заблокирован союзником Прыгун A3 в (8, 8, 9)
!    🛡️ Выстрел Прыгун B3 гасится собственной голограммой в (5, 8, 1)
   Выпущено ракет: 3
# 
📊 РЕЗУЛЬТАТЫ ХОДА 2:
🎯 Попаданий нет

--- Результаты хода ---
  Team A / Прыгун A3          → Team C / Бурав C6           @ (8,8,9)  (УБИТ)
  Team A / Бурав A6           → Team B / Факел B4           @ (9,9,0)  (УБИТ)

--- Состояние команд после хода ---
  Team A: живых 6/8
    ✓ Радиовышка A2      @ (7,9,7) hp=3/3
    ✓ Прыгун A3          @ (8,8,9) hp=2/2
    ✓ Факел A4           @ (8,8,7) hp=6/6
    ✓ Бурав A6           @ (9,9,0) hp=2/4
    ✓ Провокатор A7      @ (8,8,1) hp=2/2
    ✓ Паук A8            @ (8,8,5) hp=1/1
    ✗ Артиллерия A1      @ (8,8,4) [уничтожен]
    ✗ Тишина A5          @ (8,8,9) [уничтожен]
  Team B: живых 6/8
    ✓ Радиовышка B2      @ (3,9,1) hp=3/3
    ✓ Прыгун B3          @ (3,8,1) hp=2/2
    ✓ Тишина B5          @ (7,9,1) hp=2/2
    ✓ Бурав B6           @ (1,9,1) hp=4/4
    ✓ Провокатор B7      @ (4,9,0) hp=2/2
    ✓ Паук B8            @ (7,9,0) hp=1/1
    ✗ Артиллерия B1      @ (8,9,0) [уничтожен]
    ✗ Факел B4           @ (9,9,0) [уничтожен]
  Team C: живых 6/8
    ✓ Артиллерия C1      @ (3,9,9) hp=1/1
    ✓ Радиовышка C2      @ (6,8,8) hp=3/3
    ✓ Прыгун C3          @ (3,9,7) hp=2/2
    ✓ Тишина C5          @ (8,9,9) hp=2/2
    ✓ Провокатор C7      @ (2,9,7) hp=2/2
    ✓ Паук C8            @ (3,8,8) hp=1/1
    ✗ Факел C4           @ (8,9,9) [уничтожен]
    ✗ Бурав C6           @ (8,8,9) [уничтожен]

======================================================================
ХОД 3
======================================================================
✓ 🎮 GM: начинаем ход
GM: start_turn

--- Радиовышки: сканирование слоя Z ---
  Радиовышка A2 (z=7): видит 2 врагов [+2 эксклюзивно] → Провокатор C7(2,9,7), Прыгун C3(3,9,7)
  Радиовышка B2 (z=1): видит 1 врагов  → Провокатор A7(8,8,1)
  Радиовышка C2 (z=8): слой чист

--- Решения ботов ---
  [Team A] Радиовышка A2 (7,9,7) → MOVE (6,8,8)
  [Team A] Прыгун A3 (8,8,9) → MOVE (8,9,9)
  [Team A] Факел A4 (8,8,7) → MOVE (9,9,6)
  [Team A] Бурав A6 (9,9,0) → MOVE (7,9,0)
  [Team A] Провокатор A7 (8,8,1) → HOLOGRAM (7,9,1)
  [Team A] Паук A8 (8,8,5) → MINE (7,8,6)
  [Team B] Радиовышка B2 (3,9,1) → MOVE (4,8,1)
  [Team B] Прыгун B3 (3,8,1) → SHOOT at (8,8,1)
  [Team B] Тишина B5 (7,9,1) → MOVE (8,8,1)
  [Team B] Бурав B6 (1,9,1) → MOVE (2,8,1)
  [Team B] Провокатор B7 (4,9,0) → HOLOGRAM (5,8,1)
  [Team B] Паук B8 (7,9,0) → MINE (8,9,1)
  [Team C] Артиллерия C1 (3,9,9) → SHOOT at (8,8,9)
  [Team C] Радиовышка C2 (6,8,8) → MOVE (7,9,7)
  [Team C] Прыгун C3 (3,9,7) → SHOOT at (7,9,7)
  [Team C] Тишина C5 (8,9,9) → MOVE (8,8,9)
  [Team C] Провокатор C7 (2,9,7) → SHOOT at (7,9,7)
  [Team C] Паук C8 (3,8,8) → MINE (4,9,7)
! 🎮 GM: принудительно завершает фазу планирования
GM: end_planning
# 
============================================================
# 🔄 ОБРАБОТКА ХОДА 3
# ============================================================
!    ⚠️ Провокатор A7: клетка (7,9,1) занята кораблём
!    ⚠️ Провокатор B7: клетка (5,8,1) уже занята голограммой
!    ⚠️ Паук A8: в клетке уже стоит мина
   💣 Паук B8 установил мину M5 в (8,9,1)
!    ⚠️ Паук C8: в клетке уже стоит мина

📦 ПЕРЕМЕЩЕНИЯ:
!    ⚠️ Радиовышка A2: клетка (6,8,8) занята
✓    💥 Прыгун A3 тараном уничтожил Тишина C5 в (8,9,9)
   Прыгун A3: (8, 8, 9) → (8,9,9)
   Факел A4: (8, 8, 7) → (9,9,6)
✓    💥 Бурав A6 тараном уничтожил Паук B8 в (7,9,0)
   Бурав A6: (9, 9, 0) → (7,9,0)
   Радиовышка B2: (3, 9, 1) → (4,8,1)
!    ⚠️ Тишина B5: клетка (8,8,1) занята
   Бурав B6: (1, 9, 1) → (2,8,1)
!    ⚠️ Радиовышка C2: клетка (7,9,7) занята

🎯 ВЫСТРЕЛЫ:
!    🛡️ Выстрел Прыгун B3 заблокирован союзником Радиовышка B2 в (4, 8, 1)
!    🛡️ Выстрел Провокатор C7 заблокирован союзником Прыгун C3 в (3, 9, 7)
✓    ✅ Прыгун C3 поразил Радиовышка A2 (1 урона)!
   Выпущено ракет: 4
# 
📊 РЕЗУЛЬТАТЫ ХОДА 3:
✓ 💥 ПОПАДАНИЯ:
✓    Прыгун C3 (Team C) → Радиовышка A2 (Team A)

--- Результаты хода ---
  Team A / Прыгун A3          → Team C / Тишина C5          @ (8,9,9)  (УБИТ)
  Team A / Бурав A6           → Team B / Паук B8            @ (7,9,0)  (УБИТ)
  Team C / Прыгун C3          → Team A / Радиовышка A2      @ (7,9,7)  (ранен)

--- Состояние команд после хода ---
  Team A: живых 6/8
    ✓ Радиовышка A2      @ (7,9,7) hp=2/3
    ✓ Прыгун A3          @ (8,9,9) hp=2/2
    ✓ Факел A4           @ (9,9,6) hp=6/6
    ✓ Бурав A6           @ (7,9,0) hp=2/4
    ✓ Провокатор A7      @ (8,8,1) hp=2/2
    ✓ Паук A8            @ (8,8,5) hp=1/1
    ✗ Артиллерия A1      @ (8,8,4) [уничтожен]
    ✗ Тишина A5          @ (8,8,9) [уничтожен]
  Team B: живых 5/8
    ✓ Радиовышка B2      @ (4,8,1) hp=3/3
    ✓ Прыгун B3          @ (3,8,1) hp=2/2
    ✓ Тишина B5          @ (7,9,1) hp=2/2
    ✓ Бурав B6           @ (2,8,1) hp=4/4
    ✓ Провокатор B7      @ (4,9,0) hp=2/2
    ✗ Артиллерия B1      @ (8,9,0) [уничтожен]
    ✗ Факел B4           @ (9,9,0) [уничтожен]
    ✗ Паук B8            @ (7,9,0) [уничтожен]
  Team C: живых 5/8
    ✓ Артиллерия C1      @ (3,9,9) hp=1/1
    ✓ Радиовышка C2      @ (6,8,8) hp=3/3
    ✓ Прыгун C3          @ (3,9,7) hp=2/2
    ✓ Провокатор C7      @ (2,9,7) hp=2/2
    ✓ Паук C8            @ (3,8,8) hp=1/1
    ✗ Факел C4           @ (8,9,9) [уничтожен]
    ✗ Тишина C5          @ (8,9,9) [уничтожен]
    ✗ Бурав C6           @ (8,8,9) [уничтожен]

======================================================================
ХОД 4
======================================================================
✓ 🎮 GM: начинаем ход
GM: start_turn

--- Радиовышки: сканирование слоя Z ---
  Радиовышка A2 (z=7): видит 2 врагов [+2 эксклюзивно] → Провокатор C7(2,9,7), Прыгун C3(3,9,7)
  Радиовышка B2 (z=1): видит 1 врагов  → Провокатор A7(8,8,1)
  Радиовышка C2 (z=8): слой чист

--- Решения ботов ---
  [Team A] Радиовышка A2 (7,9,7) → MOVE (6,8,8)
  [Team A] Прыгун A3 (8,9,9) → SHOOT at (3,9,9)
  [Team A] Факел A4 (9,9,6) → HEAL (AoE)
  [Team A] Бурав A6 (7,9,0) → MOVE (4,9,0)
  [Team A] Провокатор A7 (8,8,1) → HOLOGRAM (7,9,1)
  [Team A] Паук A8 (8,8,5) → MINE (7,8,6)
  [Team B] Радиовышка B2 (4,8,1) → MOVE (5,9,0)
  [Team B] Прыгун B3 (3,8,1) → SHOOT at (8,8,1)
  [Team B] Тишина B5 (7,9,1) → MOVE (7,9,0)
  [Team B] Бурав B6 (2,8,1) → MOVE (3,9,0)
  [Team B] Провокатор B7 (4,9,0) → SHOOT at (7,9,0)
  [Team C] Артиллерия C1 (3,9,9) → SHOOT at (8,9,9)
  [Team C] Радиовышка C2 (6,8,8) → MOVE (7,9,7)
  [Team C] Прыгун C3 (3,9,7) → SHOOT at (7,9,7)
  [Team C] Провокатор C7 (2,9,7) → SHOOT at (7,9,7)
  [Team C] Паук C8 (3,8,8) → MINE (4,9,7)
! 🎮 GM: принудительно завершает фазу планирования
GM: end_planning
# 
============================================================
# 🔄 ОБРАБОТКА ХОДА 4
# ============================================================
!    ⚠️ Провокатор A7: клетка (7,9,1) занята кораблём
!    ⚠️ Паук A8: в клетке уже стоит мина
!    ⚠️ Паук C8: в клетке уже стоит мина

📦 ПЕРЕМЕЩЕНИЯ:
!    ⚠️ Радиовышка A2: клетка (6,8,8) занята
✓    💥 Бурав A6 тараном уничтожил Провокатор B7 в (4,9,0)
   Бурав A6: (7, 9, 0) → (4,9,0)
   Радиовышка B2: (4, 8, 1) → (5,9,0)
   Тишина B5: (7, 9, 1) → (7,9,0)
!    ⚠️ Бурав B6: Бурав двигается только по 1 оси или по 2 осям строго диагонально
!    ⚠️ Радиовышка C2: клетка (7,9,7) занята

🎯 ВЫСТРЕЛЫ:
!    🛡️ Выстрел Прыгун B3 гасится собственной голограммой в (5, 8, 1)
!    🛡️ Выстрел Провокатор C7 заблокирован союзником Прыгун C3 в (3, 9, 7)
✓    ✅ Прыгун A3 поразил Артиллерия C1 (1 урона)!
✓    ✅ Артиллерия C1 поразил Прыгун A3 (2 урона)!
✓    ✅ Прыгун C3 поразил Радиовышка A2 (1 урона)!
✓    💚 Факел A4 лечит Радиовышка A2 → hits=1/3
   Выпущено ракет: 5
# 
📊 РЕЗУЛЬТАТЫ ХОДА 4:
✓ 💥 ПОПАДАНИЯ:
✓    Прыгун A3 (Team A) → Артиллерия C1 (Team C)
✓    Артиллерия C1 (Team C) → Прыгун A3 (Team A)
✓    Прыгун C3 (Team C) → Радиовышка A2 (Team A)

--- Результаты хода ---
  Team A / Бурав A6           → Team B / Провокатор B7      @ (4,9,0)  (УБИТ)
  Team A / Прыгун A3          → Team C / Артиллерия C1      @ (3,9,9)  (УБИТ)
  Team C / Артиллерия C1      → Team A / Прыгун A3          @ (8,9,9)  (УБИТ)
  Team C / Прыгун C3          → Team A / Радиовышка A2      @ (7,9,7)  (ранен)

--- Состояние команд после хода ---
  Team A: живых 5/8
    ✓ Радиовышка A2      @ (7,9,7) hp=2/3
    ✓ Факел A4           @ (9,9,6) hp=6/6
    ✓ Бурав A6           @ (4,9,0) hp=2/4
    ✓ Провокатор A7      @ (8,8,1) hp=2/2
    ✓ Паук A8            @ (8,8,5) hp=1/1
    ✗ Артиллерия A1      @ (8,8,4) [уничтожен]
    ✗ Прыгун A3          @ (8,9,9) [уничтожен]
    ✗ Тишина A5          @ (8,8,9) [уничтожен]
  Team B: живых 4/8
    ✓ Радиовышка B2      @ (5,9,0) hp=3/3
    ✓ Прыгун B3          @ (3,8,1) hp=2/2
    ✓ Тишина B5          @ (7,9,0) hp=2/2
    ✓ Бурав B6           @ (2,8,1) hp=4/4
    ✗ Артиллерия B1      @ (8,9,0) [уничтожен]
    ✗ Факел B4           @ (9,9,0) [уничтожен]
    ✗ Провокатор B7      @ (4,9,0) [уничтожен]
    ✗ Паук B8            @ (7,9,0) [уничтожен]
  Team C: живых 4/8
    ✓ Радиовышка C2      @ (6,8,8) hp=3/3
    ✓ Прыгун C3          @ (3,9,7) hp=2/2
    ✓ Провокатор C7      @ (2,9,7) hp=2/2
    ✓ Паук C8            @ (3,8,8) hp=1/1
    ✗ Артиллерия C1      @ (3,9,9) [уничтожен]
    ✗ Факел C4           @ (8,9,9) [уничтожен]
    ✗ Тишина C5          @ (8,9,9) [уничтожен]
    ✗ Бурав C6           @ (8,8,9) [уничтожен]

======================================================================
ХОД 5
======================================================================
✓ 🎮 GM: начинаем ход
GM: start_turn

--- Радиовышки: сканирование слоя Z ---
  Радиовышка A2 (z=7): видит 2 врагов [+2 эксклюзивно] → Провокатор C7(2,9,7), Прыгун C3(3,9,7)
  Радиовышка B2 (z=0): видит 1 врагов  → Бурав A6(4,9,0)
  Радиовышка C2 (z=8): слой чист

--- Решения ботов ---
  [Team A] Радиовышка A2 (7,9,7) → MOVE (6,8,8)
  [Team A] Факел A4 (9,9,6) → HEAL (AoE)
  [Team A] Бурав A6 (4,9,0) → MOVE (5,9,0)
  [Team A] Провокатор A7 (8,8,1) → HOLOGRAM (7,9,0)
  [Team A] Паук A8 (8,8,5) → MINE (7,8,6)
  [Team B] Радиовышка B2 (5,9,0) → MOVE (4,9,0)
  [Team B] Прыгун B3 (3,8,1) → SHOOT at (8,8,1)
  [Team B] Тишина B5 (7,9,0) → PHASE toggle
  [Team B] Бурав B6 (2,8,1) → MOVE (3,9,0)
  [Team C] Радиовышка C2 (6,8,8) → MOVE (7,9,7)
  [Team C] Прыгун C3 (3,9,7) → SHOOT at (7,9,7)
  [Team C] Провокатор C7 (2,9,7) → SHOOT at (7,9,7)
  [Team C] Паук C8 (3,8,8) → MINE (4,9,7)
! 🎮 GM: принудительно завершает фазу планирования
GM: end_planning
# 
============================================================
# 🔄 ОБРАБОТКА ХОДА 5
# ============================================================
   🌀 Тишина B5: уходит в фазу на 1 ход
!    ⚠️ Провокатор A7: клетка (7,9,0) занята кораблём
!    ⚠️ Паук A8: в клетке уже стоит мина
!    ⚠️ Паук C8: в клетке уже стоит мина

📦 ПЕРЕМЕЩЕНИЯ:
!    ⚠️ Радиовышка A2: клетка (6,8,8) занята
✓    💥 Бурав A6 тараном уничтожил Радиовышка B2 в (5,9,0)
   Бурав A6: (4, 9, 0) → (5,9,0)
!    ⚠️ Бурав B6: Бурав двигается только по 1 оси или по 2 осям строго диагонально
!    ⚠️ Радиовышка C2: клетка (7,9,7) занята

🎯 ВЫСТРЕЛЫ:
!    🛡️ Выстрел Прыгун B3 гасится собственной голограммой в (5, 8, 1)
!    🛡️ Выстрел Провокатор C7 заблокирован союзником Прыгун C3 в (3, 9, 7)
✓    ✅ Прыгун C3 поразил Радиовышка A2 (1 урона)!
✓    💚 Факел A4 лечит Радиовышка A2 → hits=1/3
   Выпущено ракет: 3
# 
📊 РЕЗУЛЬТАТЫ ХОДА 5:
✓ 💥 ПОПАДАНИЯ:
✓    Прыгун C3 (Team C) → Радиовышка A2 (Team A)

--- Результаты хода ---
  Team A / Бурав A6           → Team B / Радиовышка B2      @ (5,9,0)  (УБИТ)
  Team C / Прыгун C3          → Team A / Радиовышка A2      @ (7,9,7)  (ранен)

--- Состояние команд после хода ---
  Team A: живых 5/8
    ✓ Радиовышка A2      @ (7,9,7) hp=2/3
    ✓ Факел A4           @ (9,9,6) hp=6/6
    ✓ Бурав A6           @ (5,9,0) hp=2/4
    ✓ Провокатор A7      @ (8,8,1) hp=2/2
    ✓ Паук A8            @ (8,8,5) hp=1/1
    ✗ Артиллерия A1      @ (8,8,4) [уничтожен]
    ✗ Прыгун A3          @ (8,9,9) [уничтожен]
    ✗ Тишина A5          @ (8,8,9) [уничтожен]
  Team B: живых 3/8
    ✓ Прыгун B3          @ (3,8,1) hp=2/2
    ✓ Тишина B5          @ (7,9,0) hp=2/2
    ✓ Бурав B6           @ (2,8,1) hp=4/4
    ✗ Артиллерия B1      @ (8,9,0) [уничтожен]
    ✗ Радиовышка B2      @ (5,9,0) [уничтожен]
    ✗ Факел B4           @ (9,9,0) [уничтожен]
    ✗ Провокатор B7      @ (4,9,0) [уничтожен]
    ✗ Паук B8            @ (7,9,0) [уничтожен]
  Team C: живых 4/8
    ✓ Радиовышка C2      @ (6,8,8) hp=3/3
    ✓ Прыгун C3          @ (3,9,7) hp=2/2
    ✓ Провокатор C7      @ (2,9,7) hp=2/2
    ✓ Паук C8            @ (3,8,8) hp=1/1
    ✗ Артиллерия C1      @ (3,9,9) [уничтожен]
    ✗ Факел C4           @ (8,9,9) [уничтожен]
    ✗ Тишина C5          @ (8,9,9) [уничтожен]
    ✗ Бурав C6           @ (8,8,9) [уничтожен]

======================================================================
ХОД 6
======================================================================
✓ 🎮 GM: начинаем ход
GM: start_turn

--- Радиовышки: сканирование слоя Z ---
  Радиовышка A2 (z=7): видит 2 врагов [+2 эксклюзивно] → Провокатор C7(2,9,7), Прыгун C3(3,9,7)
  Радиовышка C2 (z=8): слой чист

--- Решения ботов ---
  [Team A] Радиовышка A2 (7,9,7) → MOVE (6,8,8)
  [Team A] Факел A4 (9,9,6) → HEAL (AoE)
  [Team A] Бурав A6 (5,9,0) → MOVE (4,8,1)
  [Team A] Провокатор A7 (8,8,1) → HOLOGRAM (7,8,1)
  [Team A] Паук A8 (8,8,5) → MINE (7,8,6)
  [Team B] Прыгун B3 (3,8,1) → MOVE (5,9,0)
  [Team B] Тишина B5 (7,9,0) → MOVE (8,8,1)
  [Team B] Бурав B6 (2,8,1) → MOVE (3,9,0)
  [Team C] Радиовышка C2 (6,8,8) → MOVE (7,9,7)
  [Team C] Прыгун C3 (3,9,7) → SHOOT at (7,9,7)
  [Team C] Провокатор C7 (2,9,7) → SHOOT at (7,9,7)
  [Team C] Паук C8 (3,8,8) → MINE (4,9,7)
! 🎮 GM: принудительно завершает фазу планирования
GM: end_planning
# 
============================================================
# 🔄 ОБРАБОТКА ХОДА 6
# ============================================================
   🌀 Тишина B5: фаза спала (действовала 1 ход)
   🪞 Провокатор A7 создал голограмму H4 в (7,8,1)
!    ⚠️ Паук A8: в клетке уже стоит мина
!    ⚠️ Паук C8: в клетке уже стоит мина

📦 ПЕРЕМЕЩЕНИЯ:
!    ⚠️ Радиовышка A2: клетка (6,8,8) занята
!    ⚠️ Бурав A6: Бурав двигается только по 1 оси или по 2 осям строго диагонально
✓    💥 Прыгун B3 тараном уничтожил Бурав A6 в (5,9,0)
   Прыгун B3: (3, 8, 1) → (5,9,0)
!    ⚠️ Тишина B5: клетка (8,8,1) занята
!    ⚠️ Бурав B6: Бурав двигается только по 1 оси или по 2 осям строго диагонально
!    ⚠️ Радиовышка C2: клетка (7,9,7) занята

🎯 ВЫСТРЕЛЫ:
!    🛡️ Выстрел Провокатор C7 заблокирован союзником Прыгун C3 в (3, 9, 7)
✓    ✅ Прыгун C3 поразил Радиовышка A2 (1 урона)!
✓    💚 Факел A4 лечит Радиовышка A2 → hits=1/3
   Выпущено ракет: 2
# 
📊 РЕЗУЛЬТАТЫ ХОДА 6:
✓ 💥 ПОПАДАНИЯ:
✓    Прыгун C3 (Team C) → Радиовышка A2 (Team A)

--- Результаты хода ---
  Team B / Прыгун B3          → Team A / Бурав A6           @ (5,9,0)  (УБИТ)
  Team C / Прыгун C3          → Team A / Радиовышка A2      @ (7,9,7)  (ранен)

--- Состояние команд после хода ---
  Team A: живых 4/8
    ✓ Радиовышка A2      @ (7,9,7) hp=2/3
    ✓ Факел A4           @ (9,9,6) hp=6/6
    ✓ Провокатор A7      @ (8,8,1) hp=2/2
    ✓ Паук A8            @ (8,8,5) hp=1/1
    ✗ Артиллерия A1      @ (8,8,4) [уничтожен]
    ✗ Прыгун A3          @ (8,9,9) [уничтожен]
    ✗ Тишина A5          @ (8,8,9) [уничтожен]
    ✗ Бурав A6           @ (5,9,0) [уничтожен]
  Team B: живых 3/8
    ✓ Прыгун B3          @ (5,9,0) hp=2/2
    ✓ Тишина B5          @ (7,9,0) hp=2/2
    ✓ Бурав B6           @ (2,8,1) hp=4/4
    ✗ Артиллерия B1      @ (8,9,0) [уничтожен]
    ✗ Радиовышка B2      @ (5,9,0) [уничтожен]
    ✗ Факел B4           @ (9,9,0) [уничтожен]
    ✗ Провокатор B7      @ (4,9,0) [уничтожен]
    ✗ Паук B8            @ (7,9,0) [уничтожен]
  Team C: живых 4/8
    ✓ Радиовышка C2      @ (6,8,8) hp=3/3
    ✓ Прыгун C3          @ (3,9,7) hp=2/2
    ✓ Провокатор C7      @ (2,9,7) hp=2/2
    ✓ Паук C8            @ (3,8,8) hp=1/1
    ✗ Артиллерия C1      @ (3,9,9) [уничтожен]
    ✗ Факел C4           @ (8,9,9) [уничтожен]
    ✗ Тишина C5          @ (8,9,9) [уничтожен]
    ✗ Бурав C6           @ (8,8,9) [уничтожен]

======================================================================
ХОД 7
======================================================================
✓ 🎮 GM: начинаем ход
GM: start_turn

--- Радиовышки: сканирование слоя Z ---
  Радиовышка A2 (z=7): видит 2 врагов [+2 эксклюзивно] → Провокатор C7(2,9,7), Прыгун C3(3,9,7)
  Радиовышка C2 (z=8): слой чист

--- Решения ботов ---
  [Team A] Радиовышка A2 (7,9,7) → MOVE (6,8,8)
  [Team A] Факел A4 (9,9,6) → HEAL (AoE)
  [Team A] Провокатор A7 (8,8,1) → HOLOGRAM (7,9,0)
  [Team A] Паук A8 (8,8,5) → MINE (7,8,6)
  [Team B] Прыгун B3 (5,9,0) → MOVE (6,8,1)
  [Team B] Тишина B5 (7,9,0) → MOVE (8,8,1)
  [Team B] Бурав B6 (2,8,1) → MOVE (3,8,1)
  [Team C] Радиовышка C2 (6,8,8) → MOVE (7,9,7)
  [Team C] Прыгун C3 (3,9,7) → SHOOT at (7,9,7)
  [Team C] Провокатор C7 (2,9,7) → SHOOT at (7,9,7)
  [Team C] Паук C8 (3,8,8) → MINE (4,9,7)
! 🎮 GM: принудительно завершает фазу планирования
GM: end_planning
# 
============================================================
# 🔄 ОБРАБОТКА ХОДА 7
# ============================================================
!    ⚠️ Провокатор A7: клетка (7,9,0) занята кораблём
!    ⚠️ Паук A8: в клетке уже стоит мина
!    ⚠️ Паук C8: в клетке уже стоит мина

📦 ПЕРЕМЕЩЕНИЯ:
!    ⚠️ Радиовышка A2: клетка (6,8,8) занята
   Прыгун B3: (5, 9, 0) → (6,8,1)
!    ⚠️ Тишина B5: клетка (8,8,1) занята
   Бурав B6: (2, 8, 1) → (3,8,1)
!    ⚠️ Радиовышка C2: клетка (7,9,7) занята

🎯 ВЫСТРЕЛЫ:
!    🛡️ Выстрел Провокатор C7 заблокирован союзником Прыгун C3 в (3, 9, 7)
✓    ✅ Прыгун C3 поразил Радиовышка A2 (1 урона)!
✓    💚 Факел A4 лечит Радиовышка A2 → hits=1/3
   Выпущено ракет: 2
# 
📊 РЕЗУЛЬТАТЫ ХОДА 7:
✓ 💥 ПОПАДАНИЯ:
✓    Прыгун C3 (Team C) → Радиовышка A2 (Team A)

--- Результаты хода ---
  Team C / Прыгун C3          → Team A / Радиовышка A2      @ (7,9,7)  (ранен)

--- Состояние команд после хода ---
  Team A: живых 4/8
    ✓ Радиовышка A2      @ (7,9,7) hp=2/3
    ✓ Факел A4           @ (9,9,6) hp=6/6
    ✓ Провокатор A7      @ (8,8,1) hp=2/2
    ✓ Паук A8            @ (8,8,5) hp=1/1
    ✗ Артиллерия A1      @ (8,8,4) [уничтожен]
    ✗ Прыгун A3          @ (8,9,9) [уничтожен]
    ✗ Тишина A5          @ (8,8,9) [уничтожен]
    ✗ Бурав A6           @ (5,9,0) [уничтожен]
  Team B: живых 3/8
    ✓ Прыгун B3          @ (6,8,1) hp=2/2
    ✓ Тишина B5          @ (7,9,0) hp=2/2
    ✓ Бурав B6           @ (3,8,1) hp=4/4
    ✗ Артиллерия B1      @ (8,9,0) [уничтожен]
    ✗ Радиовышка B2      @ (5,9,0) [уничтожен]
    ✗ Факел B4           @ (9,9,0) [уничтожен]
    ✗ Провокатор B7      @ (4,9,0) [уничтожен]
    ✗ Паук B8            @ (7,9,0) [уничтожен]
  Team C: живых 4/8
    ✓ Радиовышка C2      @ (6,8,8) hp=3/3
    ✓ Прыгун C3          @ (3,9,7) hp=2/2
    ✓ Провокатор C7      @ (2,9,7) hp=2/2
    ✓ Паук C8            @ (3,8,8) hp=1/1
    ✗ Артиллерия C1      @ (3,9,9) [уничтожен]
    ✗ Факел C4           @ (8,9,9) [уничтожен]
    ✗ Тишина C5          @ (8,9,9) [уничтожен]
    ✗ Бурав C6           @ (8,8,9) [уничтожен]

======================================================================
ХОД 8
======================================================================
✓ 🎮 GM: начинаем ход
GM: start_turn

--- Радиовышки: сканирование слоя Z ---
  Радиовышка A2 (z=7): видит 2 врагов [+2 эксклюзивно] → Провокатор C7(2,9,7), Прыгун C3(3,9,7)
  Радиовышка C2 (z=8): слой чист

--- Решения ботов ---
  [Team A] Радиовышка A2 (7,9,7) → MOVE (6,8,8)
  [Team A] Факел A4 (9,9,6) → HEAL (AoE)
  [Team A] Провокатор A7 (8,8,1) → HOLOGRAM (7,9,0)
  [Team A] Паук A8 (8,8,5) → MINE (7,8,6)
  [Team B] Прыгун B3 (6,8,1) → MOVE (8,8,1)
  [Team B] Тишина B5 (7,9,0) → MOVE (7,9,1)
  [Team B] Бурав B6 (3,8,1) → MOVE (4,8,1)
  [Team C] Радиовышка C2 (6,8,8) → MOVE (7,9,7)
  [Team C] Прыгун C3 (3,9,7) → SHOOT at (7,9,7)
  [Team C] Провокатор C7 (2,9,7) → SHOOT at (7,9,7)
  [Team C] Паук C8 (3,8,8) → MINE (4,9,7)
! 🎮 GM: принудительно завершает фазу планирования
GM: end_planning
# 
============================================================
# 🔄 ОБРАБОТКА ХОДА 8
# ============================================================
!    ⚠️ Провокатор A7: клетка (7,9,0) занята кораблём
!    ⚠️ Паук A8: в клетке уже стоит мина
!    ⚠️ Паук C8: в клетке уже стоит мина

📦 ПЕРЕМЕЩЕНИЯ:
!    ⚠️ Радиовышка A2: клетка (6,8,8) занята
✓    💥 Прыгун B3 тараном уничтожил Провокатор A7 в (8,8,1)
   Прыгун B3: (6, 8, 1) → (8,8,1)
   Тишина B5: (7, 9, 0) → (7,9,1)
   Бурав B6: (3, 8, 1) → (4,8,1)
!    ⚠️ Радиовышка C2: клетка (7,9,7) занята

🎯 ВЫСТРЕЛЫ:
!    🛡️ Выстрел Провокатор C7 заблокирован союзником Прыгун C3 в (3, 9, 7)
✓    ✅ Прыгун C3 поразил Радиовышка A2 (1 урона)!
✓    💚 Факел A4 лечит Радиовышка A2 → hits=1/3
   Выпущено ракет: 2
# 
📊 РЕЗУЛЬТАТЫ ХОДА 8:
✓ 💥 ПОПАДАНИЯ:
✓    Прыгун C3 (Team C) → Радиовышка A2 (Team A)

--- Результаты хода ---
  Team B / Прыгун B3          → Team A / Провокатор A7      @ (8,8,1)  (УБИТ)
  Team C / Прыгун C3          → Team A / Радиовышка A2      @ (7,9,7)  (ранен)

--- Состояние команд после хода ---
  Team A: живых 3/8
    ✓ Радиовышка A2      @ (7,9,7) hp=2/3
    ✓ Факел A4           @ (9,9,6) hp=6/6
    ✓ Паук A8            @ (8,8,5) hp=1/1
    ✗ Артиллерия A1      @ (8,8,4) [уничтожен]
    ✗ Прыгун A3          @ (8,9,9) [уничтожен]
    ✗ Тишина A5          @ (8,8,9) [уничтожен]
    ✗ Бурав A6           @ (5,9,0) [уничтожен]
    ✗ Провокатор A7      @ (8,8,1) [уничтожен]
  Team B: живых 3/8
    ✓ Прыгун B3          @ (8,8,1) hp=2/2
    ✓ Тишина B5          @ (7,9,1) hp=2/2
    ✓ Бурав B6           @ (4,8,1) hp=4/4
    ✗ Артиллерия B1      @ (8,9,0) [уничтожен]
    ✗ Радиовышка B2      @ (5,9,0) [уничтожен]
    ✗ Факел B4           @ (9,9,0) [уничтожен]
    ✗ Провокатор B7      @ (4,9,0) [уничтожен]
    ✗ Паук B8            @ (7,9,0) [уничтожен]
  Team C: живых 4/8
    ✓ Радиовышка C2      @ (6,8,8) hp=3/3
    ✓ Прыгун C3          @ (3,9,7) hp=2/2
    ✓ Провокатор C7      @ (2,9,7) hp=2/2
    ✓ Паук C8            @ (3,8,8) hp=1/1
    ✗ Артиллерия C1      @ (3,9,9) [уничтожен]
    ✗ Факел C4           @ (8,9,9) [уничтожен]
    ✗ Тишина C5          @ (8,9,9) [уничтожен]
    ✗ Бурав C6           @ (8,8,9) [уничтожен]

======================================================================
ХОД 9
======================================================================
✓ 🎮 GM: начинаем ход
GM: start_turn

--- Радиовышки: сканирование слоя Z ---
  Радиовышка A2 (z=7): видит 2 врагов [+2 эксклюзивно] → Провокатор C7(2,9,7), Прыгун C3(3,9,7)
  Радиовышка C2 (z=8): слой чист

--- Решения ботов ---
  [Team A] Радиовышка A2 (7,9,7) → MOVE (6,8,8)
  [Team A] Факел A4 (9,9,6) → HEAL (AoE)
  [Team A] Паук A8 (8,8,5) → MINE (7,8,6)
  [Team B] Прыгун B3 (8,8,1) → SHOOT at (8,8,5)
  [Team B] Тишина B5 (7,9,1) → MOVE (8,8,2)
  [Team B] Бурав B6 (4,8,1) → MOVE (5,8,2)
  [Team C] Радиовышка C2 (6,8,8) → MOVE (7,9,7)
  [Team C] Прыгун C3 (3,9,7) → SHOOT at (7,9,7)
  [Team C] Провокатор C7 (2,9,7) → SHOOT at (7,9,7)
  [Team C] Паук C8 (3,8,8) → MINE (4,9,7)
! 🎮 GM: принудительно завершает фазу планирования
GM: end_planning
# 
============================================================
# 🔄 ОБРАБОТКА ХОДА 9
# ============================================================
!    ⚠️ Паук A8: в клетке уже стоит мина
!    ⚠️ Паук C8: в клетке уже стоит мина

📦 ПЕРЕМЕЩЕНИЯ:
!    ⚠️ Радиовышка A2: клетка (6,8,8) занята
   Тишина B5: (7, 9, 1) → (8,8,2)
   Бурав B6: (4, 8, 1) → (5,8,2)
!    ⚠️ Радиовышка C2: клетка (7,9,7) занята

🎯 ВЫСТРЕЛЫ:
!    🛡️ Выстрел Прыгун B3 заблокирован союзником Тишина B5 в (8, 8, 2)
!    🛡️ Выстрел Провокатор C7 заблокирован союзником Прыгун C3 в (3, 9, 7)
✓    ✅ Прыгун C3 поразил Радиовышка A2 (1 урона)!
✓    💚 Факел A4 лечит Радиовышка A2 → hits=1/3
   Выпущено ракет: 3
# 
📊 РЕЗУЛЬТАТЫ ХОДА 9:
✓ 💥 ПОПАДАНИЯ:
✓    Прыгун C3 (Team C) → Радиовышка A2 (Team A)

--- Результаты хода ---
  Team C / Прыгун C3          → Team A / Радиовышка A2      @ (7,9,7)  (ранен)

--- Состояние команд после хода ---
  Team A: живых 3/8
    ✓ Радиовышка A2      @ (7,9,7) hp=2/3
    ✓ Факел A4           @ (9,9,6) hp=6/6
    ✓ Паук A8            @ (8,8,5) hp=1/1
    ✗ Артиллерия A1      @ (8,8,4) [уничтожен]
    ✗ Прыгун A3          @ (8,9,9) [уничтожен]
    ✗ Тишина A5          @ (8,8,9) [уничтожен]
    ✗ Бурав A6           @ (5,9,0) [уничтожен]
    ✗ Провокатор A7      @ (8,8,1) [уничтожен]
  Team B: живых 3/8
    ✓ Прыгун B3          @ (8,8,1) hp=2/2
    ✓ Тишина B5          @ (8,8,2) hp=2/2
    ✓ Бурав B6           @ (5,8,2) hp=4/4
    ✗ Артиллерия B1      @ (8,9,0) [уничтожен]
    ✗ Радиовышка B2      @ (5,9,0) [уничтожен]
    ✗ Факел B4           @ (9,9,0) [уничтожен]
    ✗ Провокатор B7      @ (4,9,0) [уничтожен]
    ✗ Паук B8            @ (7,9,0) [уничтожен]
  Team C: живых 4/8
    ✓ Радиовышка C2      @ (6,8,8) hp=3/3
    ✓ Прыгун C3          @ (3,9,7) hp=2/2
    ✓ Провокатор C7      @ (2,9,7) hp=2/2
    ✓ Паук C8            @ (3,8,8) hp=1/1
    ✗ Артиллерия C1      @ (3,9,9) [уничтожен]
    ✗ Факел C4           @ (8,9,9) [уничтожен]
    ✗ Тишина C5          @ (8,9,9) [уничтожен]
    ✗ Бурав C6           @ (8,8,9) [уничтожен]

======================================================================
ХОД 10
======================================================================
✓ 🎮 GM: начинаем ход
GM: start_turn

--- Радиовышки: сканирование слоя Z ---
  Радиовышка A2 (z=7): видит 2 врагов [+2 эксклюзивно] → Провокатор C7(2,9,7), Прыгун C3(3,9,7)
  Радиовышка C2 (z=8): слой чист

--- Решения ботов ---
  [Team A] Радиовышка A2 (7,9,7) → MOVE (6,8,8)
  [Team A] Факел A4 (9,9,6) → HEAL (AoE)
  [Team A] Паук A8 (8,8,5) → MINE (8,8,4)
  [Team B] Прыгун B3 (8,8,1) → SHOOT at (8,8,5)
  [Team B] Тишина B5 (8,8,2) → PHASE toggle
  [Team B] Бурав B6 (5,8,2) → MOVE (8,8,5)
  [Team C] Радиовышка C2 (6,8,8) → MOVE (7,9,7)
  [Team C] Прыгун C3 (3,9,7) → SHOOT at (7,9,7)
  [Team C] Провокатор C7 (2,9,7) → SHOOT at (7,9,7)
  [Team C] Паук C8 (3,8,8) → MINE (4,9,7)
! 🎮 GM: принудительно завершает фазу планирования
GM: end_planning
# 
============================================================
# 🔄 ОБРАБОТКА ХОДА 10
# ============================================================
   🌀 Тишина B5: уходит в фазу на 1 ход
   💣 Паук A8 установил мину M6 в (8,8,4)
!    ⚠️ Паук C8: в клетке уже стоит мина

📦 ПЕРЕМЕЩЕНИЯ:
!    ⚠️ Радиовышка A2: клетка (6,8,8) занята
✓    💥 Бурав B6 тараном уничтожил Паук A8 в (8,8,5)
   Бурав B6: (5, 8, 2) → (8,8,5)
!    ⚠️ Радиовышка C2: клетка (7,9,7) занята

🎯 ВЫСТРЕЛЫ:
!    🛡️ Выстрел Прыгун B3 заблокирован союзником Бурав B6 в (8, 8, 5)
!    🛡️ Выстрел Провокатор C7 заблокирован союзником Прыгун C3 в (3, 9, 7)
✓    ✅ Прыгун C3 поразил Радиовышка A2 (1 урона)!
✓    💚 Факел A4 лечит Радиовышка A2 → hits=1/3
   Выпущено ракет: 3
# 
📊 РЕЗУЛЬТАТЫ ХОДА 10:
✓ 💥 ПОПАДАНИЯ:
✓    Прыгун C3 (Team C) → Радиовышка A2 (Team A)

--- Результаты хода ---
  Team B / Бурав B6           → Team A / Паук A8            @ (8,8,5)  (УБИТ)
  Team C / Прыгун C3          → Team A / Радиовышка A2      @ (7,9,7)  (ранен)

--- Состояние команд после хода ---
  Team A: живых 2/8
    ✓ Радиовышка A2      @ (7,9,7) hp=2/3
    ✓ Факел A4           @ (9,9,6) hp=6/6
    ✗ Артиллерия A1      @ (8,8,4) [уничтожен]
    ✗ Прыгун A3          @ (8,9,9) [уничтожен]
    ✗ Тишина A5          @ (8,8,9) [уничтожен]
    ✗ Бурав A6           @ (5,9,0) [уничтожен]
    ✗ Провокатор A7      @ (8,8,1) [уничтожен]
    ✗ Паук A8            @ (8,8,5) [уничтожен]
  Team B: живых 3/8
    ✓ Прыгун B3          @ (8,8,1) hp=2/2
    ✓ Тишина B5          @ (8,8,2) hp=2/2
    ✓ Бурав B6           @ (8,8,5) hp=4/4
    ✗ Артиллерия B1      @ (8,9,0) [уничтожен]
    ✗ Радиовышка B2      @ (5,9,0) [уничтожен]
    ✗ Факел B4           @ (9,9,0) [уничтожен]
    ✗ Провокатор B7      @ (4,9,0) [уничтожен]
    ✗ Паук B8            @ (7,9,0) [уничтожен]
  Team C: живых 4/8
    ✓ Радиовышка C2      @ (6,8,8) hp=3/3
    ✓ Прыгун C3          @ (3,9,7) hp=2/2
    ✓ Провокатор C7      @ (2,9,7) hp=2/2
    ✓ Паук C8            @ (3,8,8) hp=1/1
    ✗ Артиллерия C1      @ (3,9,9) [уничтожен]
    ✗ Факел C4           @ (8,9,9) [уничтожен]
    ✗ Тишина C5          @ (8,9,9) [уничтожен]
    ✗ Бурав C6           @ (8,8,9) [уничтожен]

======================================================================
ХОД 11
======================================================================
✓ 🎮 GM: начинаем ход
GM: start_turn

--- Радиовышки: сканирование слоя Z ---
  Радиовышка A2 (z=7): видит 2 врагов [+2 эксклюзивно] → Провокатор C7(2,9,7), Прыгун C3(3,9,7)
  Радиовышка C2 (z=8): слой чист

--- Решения ботов ---
  [Team A] Радиовышка A2 (7,9,7) → MOVE (6,8,8)
  [Team A] Факел A4 (9,9,6) → HEAL (AoE)
  [Team B] Прыгун B3 (8,8,1) → MOVE (9,9,2)
  [Team B] Тишина B5 (8,8,2) → MOVE (9,9,3)
  [Team B] Бурав B6 (8,8,5) → MOVE (9,9,6)
  [Team C] Радиовышка C2 (6,8,8) → MOVE (7,9,7)
  [Team C] Прыгун C3 (3,9,7) → SHOOT at (7,9,7)
  [Team C] Провокатор C7 (2,9,7) → SHOOT at (7,9,7)
  [Team C] Паук C8 (3,8,8) → MINE (4,9,7)
! 🎮 GM: принудительно завершает фазу планирования
GM: end_planning
# 
============================================================
# 🔄 ОБРАБОТКА ХОДА 11
# ============================================================
   🌀 Тишина B5: фаза спала (действовала 1 ход)
!    ⚠️ Паук C8: в клетке уже стоит мина

📦 ПЕРЕМЕЩЕНИЯ:
!    ⚠️ Радиовышка A2: клетка (6,8,8) занята
   Прыгун B3: (8, 8, 1) → (9,9,2)
   Тишина B5: (8, 8, 2) → (9,9,3)
!    ⚠️ Бурав B6: Бурав двигается только по 1 оси или по 2 осям строго диагонально
!    ⚠️ Радиовышка C2: клетка (7,9,7) занята

🎯 ВЫСТРЕЛЫ:
!    🛡️ Выстрел Провокатор C7 заблокирован союзником Прыгун C3 в (3, 9, 7)
✓    ✅ Прыгун C3 поразил Радиовышка A2 (1 урона)!
✓    💚 Факел A4 лечит Радиовышка A2 → hits=1/3
   Выпущено ракет: 2
# 
📊 РЕЗУЛЬТАТЫ ХОДА 11:
✓ 💥 ПОПАДАНИЯ:
✓    Прыгун C3 (Team C) → Радиовышка A2 (Team A)

--- Результаты хода ---
  Team C / Прыгун C3          → Team A / Радиовышка A2      @ (7,9,7)  (ранен)

--- Состояние команд после хода ---
  Team A: живых 2/8
    ✓ Радиовышка A2      @ (7,9,7) hp=2/3
    ✓ Факел A4           @ (9,9,6) hp=6/6
    ✗ Артиллерия A1      @ (8,8,4) [уничтожен]
    ✗ Прыгун A3          @ (8,9,9) [уничтожен]
    ✗ Тишина A5          @ (8,8,9) [уничтожен]
    ✗ Бурав A6           @ (5,9,0) [уничтожен]
    ✗ Провокатор A7      @ (8,8,1) [уничтожен]
    ✗ Паук A8            @ (8,8,5) [уничтожен]
  Team B: живых 3/8
    ✓ Прыгун B3          @ (9,9,2) hp=2/2
    ✓ Тишина B5          @ (9,9,3) hp=2/2
    ✓ Бурав B6           @ (8,8,5) hp=4/4
    ✗ Артиллерия B1      @ (8,9,0) [уничтожен]
    ✗ Радиовышка B2      @ (5,9,0) [уничтожен]
    ✗ Факел B4           @ (9,9,0) [уничтожен]
    ✗ Провокатор B7      @ (4,9,0) [уничтожен]
    ✗ Паук B8            @ (7,9,0) [уничтожен]
  Team C: живых 4/8
    ✓ Радиовышка C2      @ (6,8,8) hp=3/3
    ✓ Прыгун C3          @ (3,9,7) hp=2/2
    ✓ Провокатор C7      @ (2,9,7) hp=2/2
    ✓ Паук C8            @ (3,8,8) hp=1/1
    ✗ Артиллерия C1      @ (3,9,9) [уничтожен]
    ✗ Факел C4           @ (8,9,9) [уничтожен]
    ✗ Тишина C5          @ (8,9,9) [уничтожен]
    ✗ Бурав C6           @ (8,8,9) [уничтожен]

======================================================================
ХОД 12
======================================================================
✓ 🎮 GM: начинаем ход
GM: start_turn

--- Радиовышки: сканирование слоя Z ---
  Радиовышка A2 (z=7): видит 2 врагов [+2 эксклюзивно] → Провокатор C7(2,9,7), Прыгун C3(3,9,7)
  Радиовышка C2 (z=8): слой чист

--- Решения ботов ---
  [Team A] Радиовышка A2 (7,9,7) → MOVE (6,8,8)
  [Team A] Факел A4 (9,9,6) → HEAL (AoE)
  [Team B] Прыгун B3 (9,9,2) → SHOOT at (9,9,6)
  [Team B] Тишина B5 (9,9,3) → MOVE (9,9,4)
  [Team B] Бурав B6 (8,8,5) → MOVE (9,9,6)
  [Team C] Радиовышка C2 (6,8,8) → MOVE (7,9,7)
  [Team C] Прыгун C3 (3,9,7) → SHOOT at (7,9,7)
  [Team C] Провокатор C7 (2,9,7) → SHOOT at (7,9,7)
  [Team C] Паук C8 (3,8,8) → MINE (4,9,7)
! 🎮 GM: принудительно завершает фазу планирования
GM: end_planning
# 
============================================================
# 🔄 ОБРАБОТКА ХОДА 12
# ============================================================
!    ⚠️ Паук C8: в клетке уже стоит мина

📦 ПЕРЕМЕЩЕНИЯ:
!    ⚠️ Радиовышка A2: клетка (6,8,8) занята
   Тишина B5: (9, 9, 3) → (9,9,4)
!    ⚠️ Бурав B6: Бурав двигается только по 1 оси или по 2 осям строго диагонально
!    ⚠️ Радиовышка C2: клетка (7,9,7) занята

🎯 ВЫСТРЕЛЫ:
!    🛡️ Выстрел Прыгун B3 заблокирован союзником Тишина B5 в (9, 9, 4)
!    🛡️ Выстрел Провокатор C7 заблокирован союзником Прыгун C3 в (3, 9, 7)
✓    ✅ Прыгун C3 поразил Радиовышка A2 (1 урона)!
✓    💚 Факел A4 лечит Радиовышка A2 → hits=1/3
   Выпущено ракет: 3
# 
📊 РЕЗУЛЬТАТЫ ХОДА 12:
✓ 💥 ПОПАДАНИЯ:
✓    Прыгун C3 (Team C) → Радиовышка A2 (Team A)

--- Результаты хода ---
  Team C / Прыгун C3          → Team A / Радиовышка A2      @ (7,9,7)  (ранен)

--- Состояние команд после хода ---
  Team A: живых 2/8
    ✓ Радиовышка A2      @ (7,9,7) hp=2/3
    ✓ Факел A4           @ (9,9,6) hp=6/6
    ✗ Артиллерия A1      @ (8,8,4) [уничтожен]
    ✗ Прыгун A3          @ (8,9,9) [уничтожен]
    ✗ Тишина A5          @ (8,8,9) [уничтожен]
    ✗ Бурав A6           @ (5,9,0) [уничтожен]
    ✗ Провокатор A7      @ (8,8,1) [уничтожен]
    ✗ Паук A8            @ (8,8,5) [уничтожен]
  Team B: живых 3/8
    ✓ Прыгун B3          @ (9,9,2) hp=2/2
    ✓ Тишина B5          @ (9,9,4) hp=2/2
    ✓ Бурав B6           @ (8,8,5) hp=4/4
    ✗ Артиллерия B1      @ (8,9,0) [уничтожен]
    ✗ Радиовышка B2      @ (5,9,0) [уничтожен]
    ✗ Факел B4           @ (9,9,0) [уничтожен]
    ✗ Провокатор B7      @ (4,9,0) [уничтожен]
    ✗ Паук B8            @ (7,9,0) [уничтожен]
  Team C: живых 4/8
    ✓ Радиовышка C2      @ (6,8,8) hp=3/3
    ✓ Прыгун C3          @ (3,9,7) hp=2/2
    ✓ Провокатор C7      @ (2,9,7) hp=2/2
    ✓ Паук C8            @ (3,8,8) hp=1/1
    ✗ Артиллерия C1      @ (3,9,9) [уничтожен]
    ✗ Факел C4           @ (8,9,9) [уничтожен]
    ✗ Тишина C5          @ (8,9,9) [уничтожен]
    ✗ Бурав C6           @ (8,8,9) [уничтожен]

======================================================================
ХОД 13
======================================================================
✓ 🎮 GM: начинаем ход
GM: start_turn

--- Радиовышки: сканирование слоя Z ---
  Радиовышка A2 (z=7): видит 2 врагов [+2 эксклюзивно] → Провокатор C7(2,9,7), Прыгун C3(3,9,7)
  Радиовышка C2 (z=8): слой чист

--- Решения ботов ---
  [Team A] Радиовышка A2 (7,9,7) → MOVE (6,8,8)
  [Team A] Факел A4 (9,9,6) → HEAL (AoE)
  [Team B] Прыгун B3 (9,9,2) → SHOOT at (9,9,6)
  [Team B] Тишина B5 (9,9,4) → MOVE (9,9,5)
  [Team B] Бурав B6 (8,8,5) → MOVE (9,9,6)
  [Team C] Радиовышка C2 (6,8,8) → MOVE (7,9,7)
  [Team C] Прыгун C3 (3,9,7) → SHOOT at (7,9,7)
  [Team C] Провокатор C7 (2,9,7) → SHOOT at (7,9,7)
  [Team C] Паук C8 (3,8,8) → MINE (4,9,7)
! 🎮 GM: принудительно завершает фазу планирования
GM: end_planning
# 
============================================================
# 🔄 ОБРАБОТКА ХОДА 13
# ============================================================
!    ⚠️ Паук C8: в клетке уже стоит мина

📦 ПЕРЕМЕЩЕНИЯ:
!    ⚠️ Радиовышка A2: клетка (6,8,8) занята
   Тишина B5: (9, 9, 4) → (9,9,5)
!    ⚠️ Бурав B6: Бурав двигается только по 1 оси или по 2 осям строго диагонально
!    ⚠️ Радиовышка C2: клетка (7,9,7) занята

🎯 ВЫСТРЕЛЫ:
!    🛡️ Выстрел Прыгун B3 заблокирован союзником Тишина B5 в (9, 9, 5)
!    🛡️ Выстрел Провокатор C7 заблокирован союзником Прыгун C3 в (3, 9, 7)
✓    ✅ Прыгун C3 поразил Радиовышка A2 (1 урона)!
✓    💚 Факел A4 лечит Радиовышка A2 → hits=1/3
   Выпущено ракет: 3
# 
📊 РЕЗУЛЬТАТЫ ХОДА 13:
✓ 💥 ПОПАДАНИЯ:
✓    Прыгун C3 (Team C) → Радиовышка A2 (Team A)

--- Результаты хода ---
  Team C / Прыгун C3          → Team A / Радиовышка A2      @ (7,9,7)  (ранен)

--- Состояние команд после хода ---
  Team A: живых 2/8
    ✓ Радиовышка A2      @ (7,9,7) hp=2/3
    ✓ Факел A4           @ (9,9,6) hp=6/6
    ✗ Артиллерия A1      @ (8,8,4) [уничтожен]
    ✗ Прыгун A3          @ (8,9,9) [уничтожен]
    ✗ Тишина A5          @ (8,8,9) [уничтожен]
    ✗ Бурав A6           @ (5,9,0) [уничтожен]
    ✗ Провокатор A7      @ (8,8,1) [уничтожен]
    ✗ Паук A8            @ (8,8,5) [уничтожен]
  Team B: живых 3/8
    ✓ Прыгун B3          @ (9,9,2) hp=2/2
    ✓ Тишина B5          @ (9,9,5) hp=2/2
    ✓ Бурав B6           @ (8,8,5) hp=4/4
    ✗ Артиллерия B1      @ (8,9,0) [уничтожен]
    ✗ Радиовышка B2      @ (5,9,0) [уничтожен]
    ✗ Факел B4           @ (9,9,0) [уничтожен]
    ✗ Провокатор B7      @ (4,9,0) [уничтожен]
    ✗ Паук B8            @ (7,9,0) [уничтожен]
  Team C: живых 4/8
    ✓ Радиовышка C2      @ (6,8,8) hp=3/3
    ✓ Прыгун C3          @ (3,9,7) hp=2/2
    ✓ Провокатор C7      @ (2,9,7) hp=2/2
    ✓ Паук C8            @ (3,8,8) hp=1/1
    ✗ Артиллерия C1      @ (3,9,9) [уничтожен]
    ✗ Факел C4           @ (8,9,9) [уничтожен]
    ✗ Тишина C5          @ (8,9,9) [уничтожен]
    ✗ Бурав C6           @ (8,8,9) [уничтожен]

======================================================================
ХОД 14
======================================================================
✓ 🎮 GM: начинаем ход
GM: start_turn

--- Радиовышки: сканирование слоя Z ---
  Радиовышка A2 (z=7): видит 2 врагов [+2 эксклюзивно] → Провокатор C7(2,9,7), Прыгун C3(3,9,7)
  Радиовышка C2 (z=8): слой чист

--- Решения ботов ---
  [Team A] Радиовышка A2 (7,9,7) → MOVE (6,8,8)
  [Team A] Факел A4 (9,9,6) → HEAL (AoE)
  [Team B] Прыгун B3 (9,9,2) → SHOOT at (9,9,6)
  [Team B] Тишина B5 (9,9,5) → PHASE toggle
  [Team B] Бурав B6 (8,8,5) → MOVE (9,9,6)
  [Team C] Радиовышка C2 (6,8,8) → MOVE (7,9,7)
  [Team C] Прыгун C3 (3,9,7) → SHOOT at (7,9,7)
  [Team C] Провокатор C7 (2,9,7) → SHOOT at (7,9,7)
  [Team C] Паук C8 (3,8,8) → MINE (4,9,7)
! 🎮 GM: принудительно завершает фазу планирования
GM: end_planning
# 
============================================================
# 🔄 ОБРАБОТКА ХОДА 14
# ============================================================
   🌀 Тишина B5: уходит в фазу на 1 ход
!    ⚠️ Паук C8: в клетке уже стоит мина

📦 ПЕРЕМЕЩЕНИЯ:
!    ⚠️ Радиовышка A2: клетка (6,8,8) занята
!    ⚠️ Бурав B6: Бурав двигается только по 1 оси или по 2 осям строго диагонально
!    ⚠️ Радиовышка C2: клетка (7,9,7) занята

🎯 ВЫСТРЕЛЫ:
!    🛡️ Выстрел Провокатор C7 заблокирован союзником Прыгун C3 в (3, 9, 7)
✓    ✅ Прыгун B3 поразил Факел A4 (1 урона)!
✓    ✅ Прыгун C3 поразил Радиовышка A2 (1 урона)!
✓    💚 Факел A4 лечит Радиовышка A2 → hits=1/3
✓    💚 Факел A4 лечит Факел A4 → hits=0/6
   Выпущено ракет: 3
# 
📊 РЕЗУЛЬТАТЫ ХОДА 14:
✓ 💥 ПОПАДАНИЯ:
✓    Прыгун B3 (Team B) → Факел A4 (Team A)
✓    Прыгун C3 (Team C) → Радиовышка A2 (Team A)

--- Результаты хода ---
  Team B / Прыгун B3          → Team A / Факел A4           @ (9,9,6)  (ранен)
  Team C / Прыгун C3          → Team A / Радиовышка A2      @ (7,9,7)  (ранен)

--- Состояние команд после хода ---
  Team A: живых 2/8
    ✓ Радиовышка A2      @ (7,9,7) hp=2/3
    ✓ Факел A4           @ (9,9,6) hp=6/6
    ✗ Артиллерия A1      @ (8,8,4) [уничтожен]
    ✗ Прыгун A3          @ (8,9,9) [уничтожен]
    ✗ Тишина A5          @ (8,8,9) [уничтожен]
    ✗ Бурав A6           @ (5,9,0) [уничтожен]
    ✗ Провокатор A7      @ (8,8,1) [уничтожен]
    ✗ Паук A8            @ (8,8,5) [уничтожен]
  Team B: живых 3/8
    ✓ Прыгун B3          @ (9,9,2) hp=2/2
    ✓ Тишина B5          @ (9,9,5) hp=2/2
    ✓ Бурав B6           @ (8,8,5) hp=4/4
    ✗ Артиллерия B1      @ (8,9,0) [уничтожен]
    ✗ Радиовышка B2      @ (5,9,0) [уничтожен]
    ✗ Факел B4           @ (9,9,0) [уничтожен]
    ✗ Провокатор B7      @ (4,9,0) [уничтожен]
    ✗ Паук B8            @ (7,9,0) [уничтожен]
  Team C: живых 4/8
    ✓ Радиовышка C2      @ (6,8,8) hp=3/3
    ✓ Прыгун C3          @ (3,9,7) hp=2/2
    ✓ Провокатор C7      @ (2,9,7) hp=2/2
    ✓ Паук C8            @ (3,8,8) hp=1/1
    ✗ Артиллерия C1      @ (3,9,9) [уничтожен]
    ✗ Факел C4           @ (8,9,9) [уничтожен]
    ✗ Тишина C5          @ (8,9,9) [уничтожен]
    ✗ Бурав C6           @ (8,8,9) [уничтожен]

======================================================================
ХОД 15
======================================================================
✓ 🎮 GM: начинаем ход
GM: start_turn

--- Радиовышки: сканирование слоя Z ---
  Радиовышка A2 (z=7): видит 2 врагов [+2 эксклюзивно] → Провокатор C7(2,9,7), Прыгун C3(3,9,7)
  Радиовышка C2 (z=8): слой чист

--- Решения ботов ---
  [Team A] Радиовышка A2 (7,9,7) → MOVE (6,8,8)
  [Team A] Факел A4 (9,9,6) → HEAL (AoE)
  [Team B] Прыгун B3 (9,9,2) → SHOOT at (9,9,6)
  [Team B] Тишина B5 (9,9,5) → MOVE (9,9,6)
  [Team B] Бурав B6 (8,8,5) → MOVE (8,9,5)
  [Team C] Радиовышка C2 (6,8,8) → MOVE (7,9,7)
  [Team C] Прыгун C3 (3,9,7) → SHOOT at (7,9,7)
  [Team C] Провокатор C7 (2,9,7) → SHOOT at (7,9,7)
  [Team C] Паук C8 (3,8,8) → MINE (4,9,7)
! 🎮 GM: принудительно завершает фазу планирования
GM: end_planning
# 
============================================================
# 🔄 ОБРАБОТКА ХОДА 15
# ============================================================
   🌀 Тишина B5: фаза спала (действовала 1 ход)
!    ⚠️ Паук C8: в клетке уже стоит мина

📦 ПЕРЕМЕЩЕНИЯ:
!    ⚠️ Радиовышка A2: клетка (6,8,8) занята
!    ⚠️ Тишина B5: клетка (9,9,6) занята
   Бурав B6: (8, 8, 5) → (8,9,5)
!    ⚠️ Радиовышка C2: клетка (7,9,7) занята

🎯 ВЫСТРЕЛЫ:
!    🛡️ Выстрел Прыгун B3 заблокирован союзником Тишина B5 в (9, 9, 5)
!    🛡️ Выстрел Провокатор C7 заблокирован союзником Прыгун C3 в (3, 9, 7)
✓    ✅ Прыгун C3 поразил Радиовышка A2 (1 урона)!
✓    💚 Факел A4 лечит Радиовышка A2 → hits=1/3
   Выпущено ракет: 3
# 
📊 РЕЗУЛЬТАТЫ ХОДА 15:
✓ 💥 ПОПАДАНИЯ:
✓    Прыгун C3 (Team C) → Радиовышка A2 (Team A)

--- Результаты хода ---
  Team C / Прыгун C3          → Team A / Радиовышка A2      @ (7,9,7)  (ранен)

--- Состояние команд после хода ---
  Team A: живых 2/8
    ✓ Радиовышка A2      @ (7,9,7) hp=2/3
    ✓ Факел A4           @ (9,9,6) hp=6/6
    ✗ Артиллерия A1      @ (8,8,4) [уничтожен]
    ✗ Прыгун A3          @ (8,9,9) [уничтожен]
    ✗ Тишина A5          @ (8,8,9) [уничтожен]
    ✗ Бурав A6           @ (5,9,0) [уничтожен]
    ✗ Провокатор A7      @ (8,8,1) [уничтожен]
    ✗ Паук A8            @ (8,8,5) [уничтожен]
  Team B: живых 3/8
    ✓ Прыгун B3          @ (9,9,2) hp=2/2
    ✓ Тишина B5          @ (9,9,5) hp=2/2
    ✓ Бурав B6           @ (8,9,5) hp=4/4
    ✗ Артиллерия B1      @ (8,9,0) [уничтожен]
    ✗ Радиовышка B2      @ (5,9,0) [уничтожен]
    ✗ Факел B4           @ (9,9,0) [уничтожен]
    ✗ Провокатор B7      @ (4,9,0) [уничтожен]
    ✗ Паук B8            @ (7,9,0) [уничтожен]
  Team C: живых 4/8
    ✓ Радиовышка C2      @ (6,8,8) hp=3/3
    ✓ Прыгун C3          @ (3,9,7) hp=2/2
    ✓ Провокатор C7      @ (2,9,7) hp=2/2
    ✓ Паук C8            @ (3,8,8) hp=1/1
    ✗ Артиллерия C1      @ (3,9,9) [уничтожен]
    ✗ Факел C4           @ (8,9,9) [уничтожен]
    ✗ Тишина C5          @ (8,9,9) [уничтожен]
    ✗ Бурав C6           @ (8,8,9) [уничтожен]

======================================================================
ХОД 16
======================================================================
✓ 🎮 GM: начинаем ход
GM: start_turn

--- Радиовышки: сканирование слоя Z ---
  Радиовышка A2 (z=7): видит 2 врагов [+2 эксклюзивно] → Провокатор C7(2,9,7), Прыгун C3(3,9,7)
  Радиовышка C2 (z=8): слой чист

--- Решения ботов ---
  [Team A] Радиовышка A2 (7,9,7) → MOVE (6,8,8)
  [Team A] Факел A4 (9,9,6) → HEAL (AoE)
  [Team B] Прыгун B3 (9,9,2) → SHOOT at (9,9,6)
  [Team B] Тишина B5 (9,9,5) → MOVE (9,9,6)
  [Team B] Бурав B6 (8,9,5) → MOVE (8,9,6)
  [Team C] Радиовышка C2 (6,8,8) → MOVE (7,9,7)
  [Team C] Прыгун C3 (3,9,7) → SHOOT at (7,9,7)
  [Team C] Провокатор C7 (2,9,7) → SHOOT at (7,9,7)
  [Team C] Паук C8 (3,8,8) → MINE (4,9,7)
! 🎮 GM: принудительно завершает фазу планирования
GM: end_planning
# 
============================================================
# 🔄 ОБРАБОТКА ХОДА 16
# ============================================================
!    ⚠️ Паук C8: в клетке уже стоит мина

📦 ПЕРЕМЕЩЕНИЯ:
!    ⚠️ Радиовышка A2: клетка (6,8,8) занята
!    ⚠️ Тишина B5: клетка (9,9,6) занята
   Бурав B6: (8, 9, 5) → (8,9,6)
!    ⚠️ Радиовышка C2: клетка (7,9,7) занята

🎯 ВЫСТРЕЛЫ:
!    🛡️ Выстрел Прыгун B3 заблокирован союзником Тишина B5 в (9, 9, 5)
!    🛡️ Выстрел Провокатор C7 заблокирован союзником Прыгун C3 в (3, 9, 7)
✓    ✅ Прыгун C3 поразил Радиовышка A2 (1 урона)!
✓    💚 Факел A4 лечит Радиовышка A2 → hits=1/3
   Выпущено ракет: 3
# 
📊 РЕЗУЛЬТАТЫ ХОДА 16:
✓ 💥 ПОПАДАНИЯ:
✓    Прыгун C3 (Team C) → Радиовышка A2 (Team A)

--- Результаты хода ---
  Team C / Прыгун C3          → Team A / Радиовышка A2      @ (7,9,7)  (ранен)

--- Состояние команд после хода ---
  Team A: живых 2/8
    ✓ Радиовышка A2      @ (7,9,7) hp=2/3
    ✓ Факел A4           @ (9,9,6) hp=6/6
    ✗ Артиллерия A1      @ (8,8,4) [уничтожен]
    ✗ Прыгун A3          @ (8,9,9) [уничтожен]
    ✗ Тишина A5          @ (8,8,9) [уничтожен]
    ✗ Бурав A6           @ (5,9,0) [уничтожен]
    ✗ Провокатор A7      @ (8,8,1) [уничтожен]
    ✗ Паук A8            @ (8,8,5) [уничтожен]
  Team B: живых 3/8
    ✓ Прыгун B3          @ (9,9,2) hp=2/2
    ✓ Тишина B5          @ (9,9,5) hp=2/2
    ✓ Бурав B6           @ (8,9,6) hp=4/4
    ✗ Артиллерия B1      @ (8,9,0) [уничтожен]
    ✗ Радиовышка B2      @ (5,9,0) [уничтожен]
    ✗ Факел B4           @ (9,9,0) [уничтожен]
    ✗ Провокатор B7      @ (4,9,0) [уничтожен]
    ✗ Паук B8            @ (7,9,0) [уничтожен]
  Team C: живых 4/8
    ✓ Радиовышка C2      @ (6,8,8) hp=3/3
    ✓ Прыгун C3          @ (3,9,7) hp=2/2
    ✓ Провокатор C7      @ (2,9,7) hp=2/2
    ✓ Паук C8            @ (3,8,8) hp=1/1
    ✗ Артиллерия C1      @ (3,9,9) [уничтожен]
    ✗ Факел C4           @ (8,9,9) [уничтожен]
    ✗ Тишина C5          @ (8,9,9) [уничтожен]
    ✗ Бурав C6           @ (8,8,9) [уничтожен]

======================================================================
ХОД 17
======================================================================
✓ 🎮 GM: начинаем ход
GM: start_turn

--- Радиовышки: сканирование слоя Z ---
  Радиовышка A2 (z=7): видит 2 врагов [+2 эксклюзивно] → Провокатор C7(2,9,7), Прыгун C3(3,9,7)
  Радиовышка C2 (z=8): слой чист

--- Решения ботов ---
  [Team A] Радиовышка A2 (7,9,7) → MOVE (8,9,6)
  [Team A] Факел A4 (9,9,6) → HEAL (AoE)
  [Team B] Прыгун B3 (9,9,2) → SHOOT at (9,9,6)
  [Team B] Тишина B5 (9,9,5) → MOVE (9,9,6)
  [Team B] Бурав B6 (8,9,6) → MOVE (7,9,7)
  [Team C] Радиовышка C2 (6,8,8) → MOVE (7,9,7)
  [Team C] Прыгун C3 (3,9,7) → SHOOT at (7,9,7)
  [Team C] Провокатор C7 (2,9,7) → SHOOT at (7,9,7)
  [Team C] Паук C8 (3,8,8) → MINE (4,9,7)
! 🎮 GM: принудительно завершает фазу планирования
GM: end_planning
# 
============================================================
# 🔄 ОБРАБОТКА ХОДА 17
# ============================================================
!    ⚠️ Паук C8: в клетке уже стоит мина

📦 ПЕРЕМЕЩЕНИЯ:
!    ⚠️ Радиовышка A2: клетка (8,9,6) занята
!    ⚠️ Тишина B5: клетка (9,9,6) занята
✓    💥 Бурав B6 тараном уничтожил Радиовышка A2 в (7,9,7)
   Бурав B6: (8, 9, 6) → (7,9,7)
!    ⚠️ Радиовышка C2: клетка (7,9,7) занята

🎯 ВЫСТРЕЛЫ:
!    🛡️ Выстрел Прыгун B3 заблокирован союзником Тишина B5 в (9, 9, 5)
!    🛡️ Выстрел Провокатор C7 заблокирован союзником Прыгун C3 в (3, 9, 7)
✓    ✅ Прыгун C3 поразил Бурав B6 (1 урона)!
!    ⚠️ Факел A4: некого лечить
   Выпущено ракет: 3
# 
📊 РЕЗУЛЬТАТЫ ХОДА 17:
✓ 💥 ПОПАДАНИЯ:
✓    Прыгун C3 (Team C) → Бурав B6 (Team B)

--- Результаты хода ---
  Team B / Бурав B6           → Team A / Радиовышка A2      @ (7,9,7)  (УБИТ)
  Team C / Прыгун C3          → Team B / Бурав B6           @ (7,9,7)  (ранен)

--- Состояние команд после хода ---
  Team A: живых 1/8
    ✓ Факел A4           @ (9,9,6) hp=6/6
    ✗ Артиллерия A1      @ (8,8,4) [уничтожен]
    ✗ Радиовышка A2      @ (7,9,7) [уничтожен]
    ✗ Прыгун A3          @ (8,9,9) [уничтожен]
    ✗ Тишина A5          @ (8,8,9) [уничтожен]
    ✗ Бурав A6           @ (5,9,0) [уничтожен]
    ✗ Провокатор A7      @ (8,8,1) [уничтожен]
    ✗ Паук A8            @ (8,8,5) [уничтожен]
  Team B: живых 3/8
    ✓ Прыгун B3          @ (9,9,2) hp=2/2
    ✓ Тишина B5          @ (9,9,5) hp=2/2
    ✓ Бурав B6           @ (7,9,7) hp=3/4
    ✗ Артиллерия B1      @ (8,9,0) [уничтожен]
    ✗ Радиовышка B2      @ (5,9,0) [уничтожен]
    ✗ Факел B4           @ (9,9,0) [уничтожен]
    ✗ Провокатор B7      @ (4,9,0) [уничтожен]
    ✗ Паук B8            @ (7,9,0) [уничтожен]
  Team C: живых 4/8
    ✓ Радиовышка C2      @ (6,8,8) hp=3/3
    ✓ Прыгун C3          @ (3,9,7) hp=2/2
    ✓ Провокатор C7      @ (2,9,7) hp=2/2
    ✓ Паук C8            @ (3,8,8) hp=1/1
    ✗ Артиллерия C1      @ (3,9,9) [уничтожен]
    ✗ Факел C4           @ (8,9,9) [уничтожен]
    ✗ Тишина C5          @ (8,9,9) [уничтожен]
    ✗ Бурав C6           @ (8,8,9) [уничтожен]

======================================================================
ХОД 18
======================================================================
✓ 🎮 GM: начинаем ход
GM: start_turn

--- Радиовышки: сканирование слоя Z ---
  Радиовышка C2 (z=8): слой чист

--- Решения ботов ---
  [Team A] Факел A4 (9,9,6) → SHOOT at (9,9,2)
  [Team B] Прыгун B3 (9,9,2) → SHOOT at (9,9,6)
  [Team B] Тишина B5 (9,9,5) → PHASE toggle
  [Team B] Бурав B6 (7,9,7) → MOVE (6,8,8)
  [Team C] Радиовышка C2 (6,8,8) → MOVE (7,9,7)
  [Team C] Прыгун C3 (3,9,7) → SHOOT at (7,9,7)
  [Team C] Провокатор C7 (2,9,7) → SHOOT at (7,9,7)
  [Team C] Паук C8 (3,8,8) → MINE (4,9,7)
! 🎮 GM: принудительно завершает фазу планирования
GM: end_planning
# 
============================================================
# 🔄 ОБРАБОТКА ХОДА 18
# ============================================================
   🌀 Тишина B5: уходит в фазу на 1 ход
!    ⚠️ Паук C8: в клетке уже стоит мина

📦 ПЕРЕМЕЩЕНИЯ:
!    ⚠️ Бурав B6: Бурав двигается только по 1 оси или по 2 осям строго диагонально
!    ⚠️ Радиовышка C2: клетка (7,9,7) занята

🎯 ВЫСТРЕЛЫ:
!    🛡️ Выстрел Провокатор C7 заблокирован союзником Прыгун C3 в (3, 9, 7)
✓    ✅ Факел A4 поразил Прыгун B3 (1 урона)!
✓    ✅ Прыгун B3 поразил Факел A4 (1 урона)!
✓    ✅ Прыгун C3 поразил Бурав B6 (1 урона)!
   Выпущено ракет: 4
# 
📊 РЕЗУЛЬТАТЫ ХОДА 18:
✓ 💥 ПОПАДАНИЯ:
✓    Факел A4 (Team A) → Прыгун B3 (Team B)
✓    Прыгун B3 (Team B) → Факел A4 (Team A)
✓    Прыгун C3 (Team C) → Бурав B6 (Team B)

--- Результаты хода ---
  Team A / Факел A4           → Team B / Прыгун B3          @ (9,9,2)  (ранен)
  Team B / Прыгун B3          → Team A / Факел A4           @ (9,9,6)  (ранен)
  Team C / Прыгун C3          → Team B / Бурав B6           @ (7,9,7)  (ранен)

--- Состояние команд после хода ---
  Team A: живых 1/8
    ✓ Факел A4           @ (9,9,6) hp=5/6
    ✗ Артиллерия A1      @ (8,8,4) [уничтожен]
    ✗ Радиовышка A2      @ (7,9,7) [уничтожен]
    ✗ Прыгун A3          @ (8,9,9) [уничтожен]
    ✗ Тишина A5          @ (8,8,9) [уничтожен]
    ✗ Бурав A6           @ (5,9,0) [уничтожен]
    ✗ Провокатор A7      @ (8,8,1) [уничтожен]
    ✗ Паук A8            @ (8,8,5) [уничтожен]
  Team B: живых 3/8
    ✓ Прыгун B3          @ (9,9,2) hp=1/2
    ✓ Тишина B5          @ (9,9,5) hp=2/2
    ✓ Бурав B6           @ (7,9,7) hp=2/4
    ✗ Артиллерия B1      @ (8,9,0) [уничтожен]
    ✗ Радиовышка B2      @ (5,9,0) [уничтожен]
    ✗ Факел B4           @ (9,9,0) [уничтожен]
    ✗ Провокатор B7      @ (4,9,0) [уничтожен]
    ✗ Паук B8            @ (7,9,0) [уничтожен]
  Team C: живых 4/8
    ✓ Радиовышка C2      @ (6,8,8) hp=3/3
    ✓ Прыгун C3          @ (3,9,7) hp=2/2
    ✓ Провокатор C7      @ (2,9,7) hp=2/2
    ✓ Паук C8            @ (3,8,8) hp=1/1
    ✗ Артиллерия C1      @ (3,9,9) [уничтожен]
    ✗ Факел C4           @ (8,9,9) [уничтожен]
    ✗ Тишина C5          @ (8,9,9) [уничтожен]
    ✗ Бурав C6           @ (8,8,9) [уничтожен]

======================================================================
ХОД 19
======================================================================
✓ 🎮 GM: начинаем ход
GM: start_turn

--- Радиовышки: сканирование слоя Z ---
  Радиовышка C2 (z=8): слой чист

--- Решения ботов ---
  [Team A] Факел A4 (9,9,6) → HEAL (AoE)
  [Team B] Прыгун B3 (9,9,2) → SHOOT at (9,9,6)
  [Team B] Тишина B5 (9,9,5) → MOVE (9,9,6)
  [Team B] Бурав B6 (7,9,7) → MOVE (6,8,8)
  [Team C] Радиовышка C2 (6,8,8) → MOVE (7,9,7)
  [Team C] Прыгун C3 (3,9,7) → SHOOT at (7,9,7)
  [Team C] Провокатор C7 (2,9,7) → SHOOT at (7,9,7)
  [Team C] Паук C8 (3,8,8) → MINE (4,9,7)
! 🎮 GM: принудительно завершает фазу планирования
GM: end_planning
# 
============================================================
# 🔄 ОБРАБОТКА ХОДА 19
# ============================================================
   🌀 Тишина B5: фаза спала (действовала 1 ход)
!    ⚠️ Паук C8: в клетке уже стоит мина

📦 ПЕРЕМЕЩЕНИЯ:
!    ⚠️ Тишина B5: клетка (9,9,6) занята
!    ⚠️ Бурав B6: Бурав двигается только по 1 оси или по 2 осям строго диагонально
!    ⚠️ Радиовышка C2: клетка (7,9,7) занята

🎯 ВЫСТРЕЛЫ:
!    🛡️ Выстрел Прыгун B3 заблокирован союзником Тишина B5 в (9, 9, 5)
!    🛡️ Выстрел Провокатор C7 заблокирован союзником Прыгун C3 в (3, 9, 7)
✓    ✅ Прыгун C3 поразил Бурав B6 (1 урона)!
✓    💚 Факел A4 лечит Факел A4 → hits=0/6
   Выпущено ракет: 3
# 
📊 РЕЗУЛЬТАТЫ ХОДА 19:
✓ 💥 ПОПАДАНИЯ:
✓    Прыгун C3 (Team C) → Бурав B6 (Team B)

--- Результаты хода ---
  Team C / Прыгун C3          → Team B / Бурав B6           @ (7,9,7)  (ранен)

--- Состояние команд после хода ---
  Team A: живых 1/8
    ✓ Факел A4           @ (9,9,6) hp=6/6
    ✗ Артиллерия A1      @ (8,8,4) [уничтожен]
    ✗ Радиовышка A2      @ (7,9,7) [уничтожен]
    ✗ Прыгун A3          @ (8,9,9) [уничтожен]
    ✗ Тишина A5          @ (8,8,9) [уничтожен]
    ✗ Бурав A6           @ (5,9,0) [уничтожен]
    ✗ Провокатор A7      @ (8,8,1) [уничтожен]
    ✗ Паук A8            @ (8,8,5) [уничтожен]
  Team B: живых 3/8
    ✓ Прыгун B3          @ (9,9,2) hp=1/2
    ✓ Тишина B5          @ (9,9,5) hp=2/2
    ✓ Бурав B6           @ (7,9,7) hp=1/4
    ✗ Артиллерия B1      @ (8,9,0) [уничтожен]
    ✗ Радиовышка B2      @ (5,9,0) [уничтожен]
    ✗ Факел B4           @ (9,9,0) [уничтожен]
    ✗ Провокатор B7      @ (4,9,0) [уничтожен]
    ✗ Паук B8            @ (7,9,0) [уничтожен]
  Team C: живых 4/8
    ✓ Радиовышка C2      @ (6,8,8) hp=3/3
    ✓ Прыгун C3          @ (3,9,7) hp=2/2
    ✓ Провокатор C7      @ (2,9,7) hp=2/2
    ✓ Паук C8            @ (3,8,8) hp=1/1
    ✗ Артиллерия C1      @ (3,9,9) [уничтожен]
    ✗ Факел C4           @ (8,9,9) [уничтожен]
    ✗ Тишина C5          @ (8,9,9) [уничтожен]
    ✗ Бурав C6           @ (8,8,9) [уничтожен]

======================================================================
ХОД 20
======================================================================
✓ 🎮 GM: начинаем ход
GM: start_turn

--- Радиовышки: сканирование слоя Z ---
  Радиовышка C2 (z=8): слой чист

--- Решения ботов ---
  [Team A] Факел A4 (9,9,6) → SHOOT at (9,9,2)
  [Team B] Прыгун B3 (9,9,2) → SHOOT at (9,9,6)
  [Team B] Тишина B5 (9,9,5) → MOVE (9,9,6)
  [Team B] Бурав B6 (7,9,7) → MOVE (6,8,8)
  [Team C] Радиовышка C2 (6,8,8) → MOVE (7,9,7)
  [Team C] Прыгун C3 (3,9,7) → SHOOT at (7,9,7)
  [Team C] Провокатор C7 (2,9,7) → SHOOT at (7,9,7)
  [Team C] Паук C8 (3,8,8) → MINE (4,9,7)
! 🎮 GM: принудительно завершает фазу планирования
GM: end_planning
# 
============================================================
# 🔄 ОБРАБОТКА ХОДА 20
# ============================================================
!    ⚠️ Паук C8: в клетке уже стоит мина

📦 ПЕРЕМЕЩЕНИЯ:
!    ⚠️ Тишина B5: клетка (9,9,6) занята
!    ⚠️ Бурав B6: Бурав двигается только по 1 оси или по 2 осям строго диагонально
!    ⚠️ Радиовышка C2: клетка (7,9,7) занята

🎯 ВЫСТРЕЛЫ:
!    🛡️ Выстрел Прыгун B3 заблокирован союзником Тишина B5 в (9, 9, 5)
!    🛡️ Выстрел Провокатор C7 заблокирован союзником Прыгун C3 в (3, 9, 7)
✓    ✅ Факел A4 поразил Тишина B5 (1 урона)!
✓    ✅ Прыгун C3 поразил Бурав B6 (1 урона)!
   Выпущено ракет: 4
# 
📊 РЕЗУЛЬТАТЫ ХОДА 20:
✓ 💥 ПОПАДАНИЯ:
✓    Факел A4 (Team A) → Тишина B5 (Team B)
✓    Прыгун C3 (Team C) → Бурав B6 (Team B)

--- Результаты хода ---
  Team A / Факел A4           → Team B / Тишина B5          @ (9,9,5)  (ранен)
  Team C / Прыгун C3          → Team B / Бурав B6           @ (7,9,7)  (УБИТ)

--- Состояние команд после хода ---
  Team A: живых 1/8
    ✓ Факел A4           @ (9,9,6) hp=6/6
    ✗ Артиллерия A1      @ (8,8,4) [уничтожен]
    ✗ Радиовышка A2      @ (7,9,7) [уничтожен]
    ✗ Прыгун A3          @ (8,9,9) [уничтожен]
    ✗ Тишина A5          @ (8,8,9) [уничтожен]
    ✗ Бурав A6           @ (5,9,0) [уничтожен]
    ✗ Провокатор A7      @ (8,8,1) [уничтожен]
    ✗ Паук A8            @ (8,8,5) [уничтожен]
  Team B: живых 2/8
    ✓ Прыгун B3          @ (9,9,2) hp=1/2
    ✓ Тишина B5          @ (9,9,5) hp=1/2
    ✗ Артиллерия B1      @ (8,9,0) [уничтожен]
    ✗ Радиовышка B2      @ (5,9,0) [уничтожен]
    ✗ Факел B4           @ (9,9,0) [уничтожен]
    ✗ Бурав B6           @ (7,9,7) [уничтожен]
    ✗ Провокатор B7      @ (4,9,0) [уничтожен]
    ✗ Паук B8            @ (7,9,0) [уничтожен]
  Team C: живых 4/8
    ✓ Радиовышка C2      @ (6,8,8) hp=3/3
    ✓ Прыгун C3          @ (3,9,7) hp=2/2
    ✓ Провокатор C7      @ (2,9,7) hp=2/2
    ✓ Паук C8            @ (3,8,8) hp=1/1
    ✗ Артиллерия C1      @ (3,9,9) [уничтожен]
    ✗ Факел C4           @ (8,9,9) [уничтожен]
    ✗ Тишина C5          @ (8,9,9) [уничтожен]
    ✗ Бурав C6           @ (8,8,9) [уничтожен]

======================================================================
ХОД 21
======================================================================
✓ 🎮 GM: начинаем ход
GM: start_turn

--- Радиовышки: сканирование слоя Z ---
  Радиовышка C2 (z=8): слой чист

--- Решения ботов ---
  [Team A] Факел A4 (9,9,6) → SHOOT at (9,9,2)
  [Team B] Прыгун B3 (9,9,2) → SHOOT at (9,9,6)
  [Team B] Тишина B5 (9,9,5) → MOVE (9,9,6)
  [Team C] Радиовышка C2 (6,8,8) → MOVE (7,9,7)
  [Team C] Прыгун C3 (3,9,7) → MOVE (4,9,6)
  [Team C] Провокатор C7 (2,9,7) → MOVE (3,9,6)
  [Team C] Паук C8 (3,8,8) → MOVE (4,9,7)
! 🎮 GM: принудительно завершает фазу планирования
GM: end_planning
# 
============================================================
# 🔄 ОБРАБОТКА ХОДА 21
# ============================================================

📦 ПЕРЕМЕЩЕНИЯ:
!    ⚠️ Тишина B5: клетка (9,9,6) занята
   Радиовышка C2: (6, 8, 8) → (7,9,7)
   Прыгун C3: (3, 9, 7) → (4,9,6)
   Провокатор C7: (2, 9, 7) → (3,9,6)
   Паук C8: (3, 8, 8) → (4,9,7)

🎯 ВЫСТРЕЛЫ:
!    🛡️ Выстрел Прыгун B3 заблокирован союзником Тишина B5 в (9, 9, 5)
✓    ✅ Факел A4 поразил Тишина B5 (1 урона)!
   Выпущено ракет: 2
# 
📊 РЕЗУЛЬТАТЫ ХОДА 21:
✓ 💥 ПОПАДАНИЯ:
✓    Факел A4 (Team A) → Тишина B5 (Team B)

--- Результаты хода ---
  Team A / Факел A4           → Team B / Тишина B5          @ (9,9,5)  (УБИТ)

--- Состояние команд после хода ---
  Team A: живых 1/8
    ✓ Факел A4           @ (9,9,6) hp=6/6
    ✗ Артиллерия A1      @ (8,8,4) [уничтожен]
    ✗ Радиовышка A2      @ (7,9,7) [уничтожен]
    ✗ Прыгун A3          @ (8,9,9) [уничтожен]
    ✗ Тишина A5          @ (8,8,9) [уничтожен]
    ✗ Бурав A6           @ (5,9,0) [уничтожен]
    ✗ Провокатор A7      @ (8,8,1) [уничтожен]
    ✗ Паук A8            @ (8,8,5) [уничтожен]
  Team B: живых 1/8
    ✓ Прыгун B3          @ (9,9,2) hp=1/2
    ✗ Артиллерия B1      @ (8,9,0) [уничтожен]
    ✗ Радиовышка B2      @ (5,9,0) [уничтожен]
    ✗ Факел B4           @ (9,9,0) [уничтожен]
    ✗ Тишина B5          @ (9,9,5) [уничтожен]
    ✗ Бурав B6           @ (7,9,7) [уничтожен]
    ✗ Провокатор B7      @ (4,9,0) [уничтожен]
    ✗ Паук B8            @ (7,9,0) [уничтожен]
  Team C: живых 4/8
    ✓ Радиовышка C2      @ (7,9,7) hp=3/3
    ✓ Прыгун C3          @ (4,9,6) hp=2/2
    ✓ Провокатор C7      @ (3,9,6) hp=2/2
    ✓ Паук C8            @ (4,9,7) hp=1/1
    ✗ Артиллерия C1      @ (3,9,9) [уничтожен]
    ✗ Факел C4           @ (8,9,9) [уничтожен]
    ✗ Тишина C5          @ (8,9,9) [уничтожен]
    ✗ Бурав C6           @ (8,8,9) [уничтожен]

======================================================================
ХОД 22
======================================================================
✓ 🎮 GM: начинаем ход
GM: start_turn

--- Радиовышки: сканирование слоя Z ---
  Радиовышка C2 (z=7): слой чист

--- Решения ботов ---
  [Team A] Факел A4 (9,9,6) → SHOOT at (9,9,2)
  [Team B] Прыгун B3 (9,9,2) → SHOOT at (9,9,6)
  [Team C] Радиовышка C2 (7,9,7) → MOVE (8,9,6)
  [Team C] Прыгун C3 (4,9,6) → SHOOT at (9,9,6)
  [Team C] Паук C8 (4,9,7) → MOVE (5,9,6)
  [Team C] Провокатор C7 → SKIP
! 🎮 GM: принудительно завершает фазу планирования
GM: end_planning
# 
============================================================
# 🔄 ОБРАБОТКА ХОДА 22
# ============================================================

📦 ПЕРЕМЕЩЕНИЯ:
   Радиовышка C2: (7, 9, 7) → (8,9,6)
   Паук C8: (4, 9, 7) → (5,9,6)

🎯 ВЫСТРЕЛЫ:
!    🛡️ Выстрел Прыгун C3 заблокирован союзником Паук C8 в (5, 9, 6)
✓    ✅ Факел A4 поразил Прыгун B3 (1 урона)!
✓    ✅ Прыгун B3 поразил Факел A4 (1 урона)!
   Выпущено ракет: 3
# 
📊 РЕЗУЛЬТАТЫ ХОДА 22:
✓ 💥 ПОПАДАНИЯ:
✓    Факел A4 (Team A) → Прыгун B3 (Team B)
✓    Прыгун B3 (Team B) → Факел A4 (Team A)

--- Результаты хода ---
  Team A / Факел A4           → Team B / Прыгун B3          @ (9,9,2)  (УБИТ)
  Team B / Прыгун B3          → Team A / Факел A4           @ (9,9,6)  (ранен)

--- Состояние команд после хода ---
  Team A: живых 1/8
    ✓ Факел A4           @ (9,9,6) hp=5/6
    ✗ Артиллерия A1      @ (8,8,4) [уничтожен]
    ✗ Радиовышка A2      @ (7,9,7) [уничтожен]
    ✗ Прыгун A3          @ (8,9,9) [уничтожен]
    ✗ Тишина A5          @ (8,8,9) [уничтожен]
    ✗ Бурав A6           @ (5,9,0) [уничтожен]
    ✗ Провокатор A7      @ (8,8,1) [уничтожен]
    ✗ Паук A8            @ (8,8,5) [уничтожен]
  Team B: живых 0/8
    ✗ Артиллерия B1      @ (8,9,0) [уничтожен]
    ✗ Радиовышка B2      @ (5,9,0) [уничтожен]
    ✗ Прыгун B3          @ (9,9,2) [уничтожен]
    ✗ Факел B4           @ (9,9,0) [уничтожен]
    ✗ Тишина B5          @ (9,9,5) [уничтожен]
    ✗ Бурав B6           @ (7,9,7) [уничтожен]
    ✗ Провокатор B7      @ (4,9,0) [уничтожен]
    ✗ Паук B8            @ (7,9,0) [уничтожен]
  Team C: живых 4/8
    ✓ Радиовышка C2      @ (8,9,6) hp=3/3
    ✓ Прыгун C3          @ (4,9,6) hp=2/2
    ✓ Провокатор C7      @ (3,9,6) hp=2/2
    ✓ Паук C8            @ (5,9,6) hp=1/1
    ✗ Артиллерия C1      @ (3,9,9) [уничтожен]
    ✗ Факел C4           @ (8,9,9) [уничтожен]
    ✗ Тишина C5          @ (8,9,9) [уничтожен]
    ✗ Бурав C6           @ (8,8,9) [уничтожен]

======================================================================
ХОД 23
======================================================================
✓ 🎮 GM: начинаем ход
GM: start_turn

--- Радиовышки: сканирование слоя Z ---
  Радиовышка C2 (z=6): видит 1 врагов  → Факел A4(9,9,6)

--- Решения ботов ---
  [Team A] Факел A4 (9,9,6) → HEAL (AoE)
  [Team B] все корабли пропускают ход
  [Team C] Радиовышка C2 (8,9,6) → MOVE (9,9,6)
  [Team C] Прыгун C3 (4,9,6) → SHOOT at (9,9,6)
  [Team C] Паук C8 (5,9,6) → MINE (6,9,6)
  [Team C] Провокатор C7 → SKIP
! 🎮 GM: принудительно завершает фазу планирования
GM: end_planning
# 
============================================================
# 🔄 ОБРАБОТКА ХОДА 23
# ============================================================
   💣 Паук C8 установил мину M7 в (6,9,6)

📦 ПЕРЕМЕЩЕНИЯ:
!    ⚠️ Радиовышка C2: клетка (9,9,6) занята

🎯 ВЫСТРЕЛЫ:
!    🛡️ Выстрел Прыгун C3 заблокирован союзником Паук C8 в (5, 9, 6)
✓    💚 Факел A4 лечит Факел A4 → hits=0/6
   Выпущено ракет: 1
# 
📊 РЕЗУЛЬТАТЫ ХОДА 23:
🎯 Попаданий нет

--- Результаты хода ---
  Попаданий нет

--- Состояние команд после хода ---
  Team A: живых 1/8
    ✓ Факел A4           @ (9,9,6) hp=6/6
    ✗ Артиллерия A1      @ (8,8,4) [уничтожен]
    ✗ Радиовышка A2      @ (7,9,7) [уничтожен]
    ✗ Прыгун A3          @ (8,9,9) [уничтожен]
    ✗ Тишина A5          @ (8,8,9) [уничтожен]
    ✗ Бурав A6           @ (5,9,0) [уничтожен]
    ✗ Провокатор A7      @ (8,8,1) [уничтожен]
    ✗ Паук A8            @ (8,8,5) [уничтожен]
  Team B: живых 0/8
    ✗ Артиллерия B1      @ (8,9,0) [уничтожен]
    ✗ Радиовышка B2      @ (5,9,0) [уничтожен]
    ✗ Прыгун B3          @ (9,9,2) [уничтожен]
    ✗ Факел B4           @ (9,9,0) [уничтожен]
    ✗ Тишина B5          @ (9,9,5) [уничтожен]
    ✗ Бурав B6           @ (7,9,7) [уничтожен]
    ✗ Провокатор B7      @ (4,9,0) [уничтожен]
    ✗ Паук B8            @ (7,9,0) [уничтожен]
  Team C: живых 4/8
    ✓ Радиовышка C2      @ (8,9,6) hp=3/3
    ✓ Прыгун C3          @ (4,9,6) hp=2/2
    ✓ Провокатор C7      @ (3,9,6) hp=2/2
    ✓ Паук C8            @ (5,9,6) hp=1/1
    ✗ Артиллерия C1      @ (3,9,9) [уничтожен]
    ✗ Факел C4           @ (8,9,9) [уничтожен]
    ✗ Тишина C5          @ (8,9,9) [уничтожен]
    ✗ Бурав C6           @ (8,8,9) [уничтожен]

======================================================================
ХОД 24
======================================================================
✓ 🎮 GM: начинаем ход
GM: start_turn

--- Радиовышки: сканирование слоя Z ---
  Радиовышка C2 (z=6): видит 1 врагов  → Факел A4(9,9,6)

--- Решения ботов ---
  [Team A] Факел A4 (9,9,6) → SHOOT at (5,9,6)
  [Team B] все корабли пропускают ход
  [Team C] Радиовышка C2 (8,9,6) → MOVE (9,9,6)
  [Team C] Прыгун C3 (4,9,6) → SHOOT at (9,9,6)
  [Team C] Паук C8 (5,9,6) → MINE (6,9,6)
  [Team C] Провокатор C7 → SKIP
! 🎮 GM: принудительно завершает фазу планирования
GM: end_planning
# 
============================================================
# 🔄 ОБРАБОТКА ХОДА 24
# ============================================================
!    ⚠️ Паук C8: в клетке уже стоит мина

📦 ПЕРЕМЕЩЕНИЯ:
!    ⚠️ Радиовышка C2: клетка (9,9,6) занята

🎯 ВЫСТРЕЛЫ:
!    🛡️ Выстрел Прыгун C3 заблокирован союзником Паук C8 в (5, 9, 6)
✓    ✅ Факел A4 поразил Радиовышка C2 (1 урона)!
   Выпущено ракет: 2
# 
📊 РЕЗУЛЬТАТЫ ХОДА 24:
✓ 💥 ПОПАДАНИЯ:
✓    Факел A4 (Team A) → Радиовышка C2 (Team C)

--- Результаты хода ---
  Team A / Факел A4           → Team C / Радиовышка C2      @ (8,9,6)  (ранен)

--- Состояние команд после хода ---
  Team A: живых 1/8
    ✓ Факел A4           @ (9,9,6) hp=6/6
    ✗ Артиллерия A1      @ (8,8,4) [уничтожен]
    ✗ Радиовышка A2      @ (7,9,7) [уничтожен]
    ✗ Прыгун A3          @ (8,9,9) [уничтожен]
    ✗ Тишина A5          @ (8,8,9) [уничтожен]
    ✗ Бурав A6           @ (5,9,0) [уничтожен]
    ✗ Провокатор A7      @ (8,8,1) [уничтожен]
    ✗ Паук A8            @ (8,8,5) [уничтожен]
  Team B: живых 0/8
    ✗ Артиллерия B1      @ (8,9,0) [уничтожен]
    ✗ Радиовышка B2      @ (5,9,0) [уничтожен]
    ✗ Прыгун B3          @ (9,9,2) [уничтожен]
    ✗ Факел B4           @ (9,9,0) [уничтожен]
    ✗ Тишина B5          @ (9,9,5) [уничтожен]
    ✗ Бурав B6           @ (7,9,7) [уничтожен]
    ✗ Провокатор B7      @ (4,9,0) [уничтожен]
    ✗ Паук B8            @ (7,9,0) [уничтожен]
  Team C: живых 4/8
    ✓ Радиовышка C2      @ (8,9,6) hp=2/3
    ✓ Прыгун C3          @ (4,9,6) hp=2/2
    ✓ Провокатор C7      @ (3,9,6) hp=2/2
    ✓ Паук C8            @ (5,9,6) hp=1/1
    ✗ Артиллерия C1      @ (3,9,9) [уничтожен]
    ✗ Факел C4           @ (8,9,9) [уничтожен]
    ✗ Тишина C5          @ (8,9,9) [уничтожен]
    ✗ Бурав C6           @ (8,8,9) [уничтожен]

======================================================================
ХОД 25
======================================================================
✓ 🎮 GM: начинаем ход
GM: start_turn

--- Радиовышки: сканирование слоя Z ---
  Радиовышка C2 (z=6): видит 1 врагов  → Факел A4(9,9,6)

--- Решения ботов ---
  [Team A] Факел A4 (9,9,6) → SHOOT at (5,9,6)
  [Team B] все корабли пропускают ход
  [Team C] Радиовышка C2 (8,9,6) → MOVE (9,9,6)
  [Team C] Прыгун C3 (4,9,6) → SHOOT at (9,9,6)
  [Team C] Паук C8 (5,9,6) → MINE (6,9,6)
  [Team C] Провокатор C7 → SKIP
! 🎮 GM: принудительно завершает фазу планирования
GM: end_planning
# 
============================================================
# 🔄 ОБРАБОТКА ХОДА 25
# ============================================================
!    ⚠️ Паук C8: в клетке уже стоит мина

📦 ПЕРЕМЕЩЕНИЯ:
!    ⚠️ Радиовышка C2: клетка (9,9,6) занята

🎯 ВЫСТРЕЛЫ:
!    🛡️ Выстрел Прыгун C3 заблокирован союзником Паук C8 в (5, 9, 6)
✓    ✅ Факел A4 поразил Радиовышка C2 (1 урона)!
   Выпущено ракет: 2
# 
📊 РЕЗУЛЬТАТЫ ХОДА 25:
✓ 💥 ПОПАДАНИЯ:
✓    Факел A4 (Team A) → Радиовышка C2 (Team C)

--- Результаты хода ---
  Team A / Факел A4           → Team C / Радиовышка C2      @ (8,9,6)  (ранен)

--- Состояние команд после хода ---
  Team A: живых 1/8
    ✓ Факел A4           @ (9,9,6) hp=6/6
    ✗ Артиллерия A1      @ (8,8,4) [уничтожен]
    ✗ Радиовышка A2      @ (7,9,7) [уничтожен]
    ✗ Прыгун A3          @ (8,9,9) [уничтожен]
    ✗ Тишина A5          @ (8,8,9) [уничтожен]
    ✗ Бурав A6           @ (5,9,0) [уничтожен]
    ✗ Провокатор A7      @ (8,8,1) [уничтожен]
    ✗ Паук A8            @ (8,8,5) [уничтожен]
  Team B: живых 0/8
    ✗ Артиллерия B1      @ (8,9,0) [уничтожен]
    ✗ Радиовышка B2      @ (5,9,0) [уничтожен]
    ✗ Прыгун B3          @ (9,9,2) [уничтожен]
    ✗ Факел B4           @ (9,9,0) [уничтожен]
    ✗ Тишина B5          @ (9,9,5) [уничтожен]
    ✗ Бурав B6           @ (7,9,7) [уничтожен]
    ✗ Провокатор B7      @ (4,9,0) [уничтожен]
    ✗ Паук B8            @ (7,9,0) [уничтожен]
  Team C: живых 4/8
    ✓ Радиовышка C2      @ (8,9,6) hp=1/3
    ✓ Прыгун C3          @ (4,9,6) hp=2/2
    ✓ Провокатор C7      @ (3,9,6) hp=2/2
    ✓ Паук C8            @ (5,9,6) hp=1/1
    ✗ Артиллерия C1      @ (3,9,9) [уничтожен]
    ✗ Факел C4           @ (8,9,9) [уничтожен]
    ✗ Тишина C5          @ (8,9,9) [уничтожен]
    ✗ Бурав C6           @ (8,8,9) [уничтожен]

======================================================================
ХОД 26
======================================================================
✓ 🎮 GM: начинаем ход
GM: start_turn

--- Радиовышки: сканирование слоя Z ---
  Радиовышка C2 (z=6): видит 1 врагов  → Факел A4(9,9,6)

--- Решения ботов ---
  [Team A] Факел A4 (9,9,6) → SHOOT at (8,9,6)
  [Team B] все корабли пропускают ход
  [Team C] Радиовышка C2 (8,9,6) → MOVE (9,9,6)
  [Team C] Прыгун C3 (4,9,6) → SHOOT at (9,9,6)
  [Team C] Паук C8 (5,9,6) → MINE (6,9,6)
  [Team C] Провокатор C7 → SKIP
! 🎮 GM: принудительно завершает фазу планирования
GM: end_planning
# 
============================================================
# 🔄 ОБРАБОТКА ХОДА 26
# ============================================================
!    ⚠️ Паук C8: в клетке уже стоит мина

📦 ПЕРЕМЕЩЕНИЯ:
!    ⚠️ Радиовышка C2: клетка (9,9,6) занята

🎯 ВЫСТРЕЛЫ:
!    🛡️ Выстрел Прыгун C3 заблокирован союзником Паук C8 в (5, 9, 6)
✓    ✅ Факел A4 поразил Радиовышка C2 (1 урона)!
   Выпущено ракет: 2
# 
📊 РЕЗУЛЬТАТЫ ХОДА 26:
✓ 💥 ПОПАДАНИЯ:
✓    Факел A4 (Team A) → Радиовышка C2 (Team C)

--- Результаты хода ---
  Team A / Факел A4           → Team C / Радиовышка C2      @ (8,9,6)  (УБИТ)

--- Состояние команд после хода ---
  Team A: живых 1/8
    ✓ Факел A4           @ (9,9,6) hp=6/6
    ✗ Артиллерия A1      @ (8,8,4) [уничтожен]
    ✗ Радиовышка A2      @ (7,9,7) [уничтожен]
    ✗ Прыгун A3          @ (8,9,9) [уничтожен]
    ✗ Тишина A5          @ (8,8,9) [уничтожен]
    ✗ Бурав A6           @ (5,9,0) [уничтожен]
    ✗ Провокатор A7      @ (8,8,1) [уничтожен]
    ✗ Паук A8            @ (8,8,5) [уничтожен]
  Team B: живых 0/8
    ✗ Артиллерия B1      @ (8,9,0) [уничтожен]
    ✗ Радиовышка B2      @ (5,9,0) [уничтожен]
    ✗ Прыгун B3          @ (9,9,2) [уничтожен]
    ✗ Факел B4           @ (9,9,0) [уничтожен]
    ✗ Тишина B5          @ (9,9,5) [уничтожен]
    ✗ Бурав B6           @ (7,9,7) [уничтожен]
    ✗ Провокатор B7      @ (4,9,0) [уничтожен]
    ✗ Паук B8            @ (7,9,0) [уничтожен]
  Team C: живых 3/8
    ✓ Прыгун C3          @ (4,9,6) hp=2/2
    ✓ Провокатор C7      @ (3,9,6) hp=2/2
    ✓ Паук C8            @ (5,9,6) hp=1/1
    ✗ Артиллерия C1      @ (3,9,9) [уничтожен]
    ✗ Радиовышка C2      @ (8,9,6) [уничтожен]
    ✗ Факел C4           @ (8,9,9) [уничтожен]
    ✗ Тишина C5          @ (8,9,9) [уничтожен]
    ✗ Бурав C6           @ (8,8,9) [уничтожен]

======================================================================
ХОД 27
======================================================================
✓ 🎮 GM: начинаем ход
GM: start_turn

--- Радиовышки: сканирование слоя Z ---
  (у команд не осталось живых радиовышек)

--- Решения ботов ---
  [Team A] Факел A4 (9,9,6) → SHOOT at (5,9,6)
  [Team B] все корабли пропускают ход
  [Team C] Прыгун C3 (4,9,6) → SHOOT at (9,9,6)
  [Team C] Паук C8 (5,9,6) → MINE (6,9,6)
  [Team C] Провокатор C7 → SKIP
! 🎮 GM: принудительно завершает фазу планирования
GM: end_planning
# 
============================================================
# 🔄 ОБРАБОТКА ХОДА 27
# ============================================================
!    ⚠️ Паук C8: в клетке уже стоит мина

📦 ПЕРЕМЕЩЕНИЯ:

🎯 ВЫСТРЕЛЫ:
!    🛡️ Выстрел Прыгун C3 заблокирован союзником Паук C8 в (5, 9, 6)
✓    ✅ Факел A4 поразил Паук C8 (1 урона)!
   Выпущено ракет: 2
# 
📊 РЕЗУЛЬТАТЫ ХОДА 27:
✓ 💥 ПОПАДАНИЯ:
✓    Факел A4 (Team A) → Паук C8 (Team C)

--- Результаты хода ---
  Team A / Факел A4           → Team C / Паук C8            @ (5,9,6)  (УБИТ)

--- Состояние команд после хода ---
  Team A: живых 1/8
    ✓ Факел A4           @ (9,9,6) hp=6/6
    ✗ Артиллерия A1      @ (8,8,4) [уничтожен]
    ✗ Радиовышка A2      @ (7,9,7) [уничтожен]
    ✗ Прыгун A3          @ (8,9,9) [уничтожен]
    ✗ Тишина A5          @ (8,8,9) [уничтожен]
    ✗ Бурав A6           @ (5,9,0) [уничтожен]
    ✗ Провокатор A7      @ (8,8,1) [уничтожен]
    ✗ Паук A8            @ (8,8,5) [уничтожен]
  Team B: живых 0/8
    ✗ Артиллерия B1      @ (8,9,0) [уничтожен]
    ✗ Радиовышка B2      @ (5,9,0) [уничтожен]
    ✗ Прыгун B3          @ (9,9,2) [уничтожен]
    ✗ Факел B4           @ (9,9,0) [уничтожен]
    ✗ Тишина B5          @ (9,9,5) [уничтожен]
    ✗ Бурав B6           @ (7,9,7) [уничтожен]
    ✗ Провокатор B7      @ (4,9,0) [уничтожен]
    ✗ Паук B8            @ (7,9,0) [уничтожен]
  Team C: живых 2/8
    ✓ Прыгун C3          @ (4,9,6) hp=2/2
    ✓ Провокатор C7      @ (3,9,6) hp=2/2
    ✗ Артиллерия C1      @ (3,9,9) [уничтожен]
    ✗ Радиовышка C2      @ (8,9,6) [уничтожен]
    ✗ Факел C4           @ (8,9,9) [уничтожен]
    ✗ Тишина C5          @ (8,9,9) [уничтожен]
    ✗ Бурав C6           @ (8,8,9) [уничтожен]
    ✗ Паук C8            @ (5,9,6) [уничтожен]

======================================================================
ХОД 28
======================================================================
✓ 🎮 GM: начинаем ход
GM: start_turn

--- Радиовышки: сканирование слоя Z ---
  (у команд не осталось живых радиовышек)

--- Решения ботов ---
  [Team A] Факел A4 (9,9,6) → MOVE (8,8,5)
  [Team B] все корабли пропускают ход
  [Team C] Прыгун C3 (4,9,6) → MOVE (5,9,6)
  [Team C] Провокатор C7 → SKIP
! 🎮 GM: принудительно завершает фазу планирования
GM: end_planning
# 
============================================================
# 🔄 ОБРАБОТКА ХОДА 28
# ============================================================

📦 ПЕРЕМЕЩЕНИЯ:
   Факел A4: (9, 9, 6) → (8,8,5)
   Прыгун C3: (4, 9, 6) → (5,9,6)

🎯 ВЫСТРЕЛЫ:
   Выпущено ракет: 0
# 
📊 РЕЗУЛЬТАТЫ ХОДА 28:
🎯 Попаданий нет

--- Результаты хода ---
  Попаданий нет

--- Состояние команд после хода ---
  Team A: живых 1/8
    ✓ Факел A4           @ (8,8,5) hp=6/6
    ✗ Артиллерия A1      @ (8,8,4) [уничтожен]
    ✗ Радиовышка A2      @ (7,9,7) [уничтожен]
    ✗ Прыгун A3          @ (8,9,9) [уничтожен]
    ✗ Тишина A5          @ (8,8,9) [уничтожен]
    ✗ Бурав A6           @ (5,9,0) [уничтожен]
    ✗ Провокатор A7      @ (8,8,1) [уничтожен]
    ✗ Паук A8            @ (8,8,5) [уничтожен]
  Team B: живых 0/8
    ✗ Артиллерия B1      @ (8,9,0) [уничтожен]
    ✗ Радиовышка B2      @ (5,9,0) [уничтожен]
    ✗ Прыгун B3          @ (9,9,2) [уничтожен]
    ✗ Факел B4           @ (9,9,0) [уничтожен]
    ✗ Тишина B5          @ (9,9,5) [уничтожен]
    ✗ Бурав B6           @ (7,9,7) [уничтожен]
    ✗ Провокатор B7      @ (4,9,0) [уничтожен]
    ✗ Паук B8            @ (7,9,0) [уничтожен]
  Team C: живых 2/8
    ✓ Прыгун C3          @ (5,9,6) hp=2/2
    ✓ Провокатор C7      @ (3,9,6) hp=2/2
    ✗ Артиллерия C1      @ (3,9,9) [уничтожен]
    ✗ Радиовышка C2      @ (8,9,6) [уничтожен]
    ✗ Факел C4           @ (8,9,9) [уничтожен]
    ✗ Тишина C5          @ (8,9,9) [уничтожен]
    ✗ Бурав C6           @ (8,8,9) [уничтожен]
    ✗ Паук C8            @ (5,9,6) [уничтожен]

======================================================================
ХОД 29
======================================================================
✓ 🎮 GM: начинаем ход
GM: start_turn

--- Радиовышки: сканирование слоя Z ---
  (у команд не осталось живых радиовышек)

--- Решения ботов ---
  [Team A] Факел A4 (8,8,5) → MOVE (7,9,6)
  [Team B] все корабли пропускают ход
  [Team C] Прыгун C3 (5,9,6) → MOVE (6,8,5)
  [Team C] Провокатор C7 (3,9,6) → HOLOGRAM (4,8,5)
! 🎮 GM: принудительно завершает фазу планирования
GM: end_planning
# 
============================================================
# 🔄 ОБРАБОТКА ХОДА 29
# ============================================================
   🪞 Провокатор C7 создал голограмму H5 в (4,8,5)

📦 ПЕРЕМЕЩЕНИЯ:
   Факел A4: (8, 8, 5) → (7,9,6)
   Прыгун C3: (5, 9, 6) → (6,8,5)

🎯 ВЫСТРЕЛЫ:
   Выпущено ракет: 0
# 
📊 РЕЗУЛЬТАТЫ ХОДА 29:
🎯 Попаданий нет

--- Результаты хода ---
  Попаданий нет

--- Состояние команд после хода ---
  Team A: живых 1/8
    ✓ Факел A4           @ (7,9,6) hp=6/6
    ✗ Артиллерия A1      @ (8,8,4) [уничтожен]
    ✗ Радиовышка A2      @ (7,9,7) [уничтожен]
    ✗ Прыгун A3          @ (8,9,9) [уничтожен]
    ✗ Тишина A5          @ (8,8,9) [уничтожен]
    ✗ Бурав A6           @ (5,9,0) [уничтожен]
    ✗ Провокатор A7      @ (8,8,1) [уничтожен]
    ✗ Паук A8            @ (8,8,5) [уничтожен]
  Team B: живых 0/8
    ✗ Артиллерия B1      @ (8,9,0) [уничтожен]
    ✗ Радиовышка B2      @ (5,9,0) [уничтожен]
    ✗ Прыгун B3          @ (9,9,2) [уничтожен]
    ✗ Факел B4           @ (9,9,0) [уничтожен]
    ✗ Тишина B5          @ (9,9,5) [уничтожен]
    ✗ Бурав B6           @ (7,9,7) [уничтожен]
    ✗ Провокатор B7      @ (4,9,0) [уничтожен]
    ✗ Паук B8            @ (7,9,0) [уничтожен]
  Team C: живых 2/8
    ✓ Прыгун C3          @ (6,8,5) hp=2/2
    ✓ Провокатор C7      @ (3,9,6) hp=2/2
    ✗ Артиллерия C1      @ (3,9,9) [уничтожен]
    ✗ Радиовышка C2      @ (8,9,6) [уничтожен]
    ✗ Факел C4           @ (8,9,9) [уничтожен]
    ✗ Тишина C5          @ (8,9,9) [уничтожен]
    ✗ Бурав C6           @ (8,8,9) [уничтожен]
    ✗ Паук C8            @ (5,9,6) [уничтожен]

======================================================================
ХОД 30
======================================================================
✓ 🎮 GM: начинаем ход
GM: start_turn

--- Радиовышки: сканирование слоя Z ---
  (у команд не осталось живых радиовышек)

--- Решения ботов ---
  [Team A] Факел A4 (7,9,6) → SHOOT at (3,9,6)
  [Team B] все корабли пропускают ход
  [Team C] Прыгун C3 (6,8,5) → MOVE (7,9,6)
  [Team C] Провокатор C7 (3,9,6) → HOLOGRAM (4,9,6)
! 🎮 GM: принудительно завершает фазу планирования
GM: end_planning
# 
============================================================
# 🔄 ОБРАБОТКА ХОДА 30
# ============================================================
   🪞 Провокатор C7 создал голограмму H6 в (4,9,6)

📦 ПЕРЕМЕЩЕНИЯ:
✓    💥 Прыгун C3 тараном уничтожил Факел A4 в (7,9,6)
   Прыгун C3: (6, 8, 5) → (7,9,6)
!    💥 Мина M1 сработала под Прыгун C3 (урон 2) — КОРАБЛЬ УНИЧТОЖЕН

🎯 ВЫСТРЕЛЫ:
   Выпущено ракет: 0
# 
📊 РЕЗУЛЬТАТЫ ХОДА 30:
🎯 Попаданий нет
# 
🎮🎮🎮🎮🎮🎮🎮🎮🎮🎮🎮🎮🎮🎮🎮🎮🎮🎮🎮🎮
#         ИГРА ОКОНЧЕНА!
# 🎮🎮🎮🎮🎮🎮🎮🎮🎮🎮🎮🎮🎮🎮🎮🎮🎮🎮🎮🎮
✓         🏆 ПОБЕДИТЕЛЬ: Team C

--- Результаты хода ---
  Team C / Прыгун C3          → Team A / Факел A4           @ (7,9,6)  (УБИТ)
  ? / ?                  → Team C / Прыгун C3          @ (7,9,6)  (УБИТ)

--- Состояние команд после хода ---
  Team A: живых 0/8
    ✗ Артиллерия A1      @ (8,8,4) [уничтожен]
    ✗ Радиовышка A2      @ (7,9,7) [уничтожен]
    ✗ Прыгун A3          @ (8,9,9) [уничтожен]
    ✗ Факел A4           @ (7,9,6) [уничтожен]
    ✗ Тишина A5          @ (8,8,9) [уничтожен]
    ✗ Бурав A6           @ (5,9,0) [уничтожен]
    ✗ Провокатор A7      @ (8,8,1) [уничтожен]
    ✗ Паук A8            @ (8,8,5) [уничтожен]
  Team B: живых 0/8
    ✗ Артиллерия B1      @ (8,9,0) [уничтожен]
    ✗ Радиовышка B2      @ (5,9,0) [уничтожен]
    ✗ Прыгун B3          @ (9,9,2) [уничтожен]
    ✗ Факел B4           @ (9,9,0) [уничтожен]
    ✗ Тишина B5          @ (9,9,5) [уничтожен]
    ✗ Бурав B6           @ (7,9,7) [уничтожен]
    ✗ Провокатор B7      @ (4,9,0) [уничтожен]
    ✗ Паук B8            @ (7,9,0) [уничтожен]
  Team C: живых 1/8
    ✓ Провокатор C7      @ (3,9,6) hp=2/2
    ✗ Артиллерия C1      @ (3,9,9) [уничтожен]
    ✗ Радиовышка C2      @ (8,9,6) [уничтожен]
    ✗ Прыгун C3          @ (7,9,6) [уничтожен]
    ✗ Факел C4           @ (8,9,9) [уничтожен]
    ✗ Тишина C5          @ (8,9,9) [уничтожен]
    ✗ Бурав C6           @ (8,8,9) [уничтожен]
    ✗ Паук C8            @ (5,9,6) [уничтожен]

======================================================================
ИТОГ
======================================================================
Игра окончена. Победитель: Team C
Ходов сыграно: 30

--- Сводка по командам ---
  Team A: 0/8 живых; hp=0
  Team B: 0/8 живых; hp=0
  Team C: 1/8 живых; hp=2

--- Сводка по пассивкам радиовышек ---
  Team A: сканирований=17, всего врагов-в-слоях=30, уникальных эксклюзивных (видны только радиовышкой)=2
  Team B: сканирований=5, всего врагов-в-слоях=5, уникальных эксклюзивных (видны только радиовышкой)=0
  Team C: сканирований=26, всего врагов-в-слоях=5, уникальных эксклюзивных (видны только радиовышкой)=0

--- Сводка по попаданиям ---
  Всего событий (шоты+тараны+мины): 48
  Уничтожено кораблей всего: 23
  Team A: урон=37 хиты=10 тараны=7 мины(сработало)=1 убийств=14
  Team B: урон=17 хиты=4 тараны=4 мины(сработало)=1 убийств=5
  Team C: урон=28 хиты=19 тараны=2 мины(сработало)=0 убийств=4
! 🎮 GM: остановка игры
