======================================================================
Space Battle 10×10×10 — simulation run at 2026-04-20T13:44:08+00:00
Game mode: advanced
Seed: 145
✓ 🚀 Продвинутый режим: создаю разные типы кораблей
   Команда A: спавн вдоль оси Y от (8, 7, 0) до (8, 8, 0)
   Команда B: спавн вдоль оси Y от (2, 9, 0) до (2, 1, 0)
   Команда C: спавн вдоль оси Y от (2, 0, 5) до (2, 4, 5)
✓ ✅ Создано 24 кораблей


--- СТАРТОВАЯ РАССТАНОВКА ---
  Team A: живых 8/8
    ✓ Артиллерия A1      @ (8,7,0) hp=1/1
    ✓ Радиовышка A2      @ (8,0,0) hp=3/3
    ✓ Прыгун A3          @ (8,5,0) hp=2/2
    ✓ Факел A4           @ (8,9,0) hp=6/6
    ✓ Тишина A5          @ (8,6,0) hp=2/2
    ✓ Бурав A6           @ (8,3,0) hp=4/4
    ✓ Провокатор A7      @ (8,2,0) hp=2/2
    ✓ Паук A8            @ (8,8,0) hp=1/1
  Team B: живых 8/8
    ✓ Артиллерия B1      @ (2,9,0) hp=1/1
    ✓ Радиовышка B2      @ (2,5,0) hp=3/3
    ✓ Прыгун B3          @ (2,7,0) hp=2/2
    ✓ Факел B4           @ (2,0,0) hp=6/6
    ✓ Тишина B5          @ (2,4,0) hp=2/2
    ✓ Бурав B6           @ (2,2,0) hp=4/4
    ✓ Провокатор B7      @ (2,8,0) hp=2/2
    ✓ Паук B8            @ (2,1,0) hp=1/1
  Team C: живых 8/8
    ✓ Артиллерия C1      @ (2,0,5) hp=1/1
    ✓ Радиовышка C2      @ (2,8,5) hp=3/3
    ✓ Прыгун C3          @ (2,7,5) hp=2/2
    ✓ Факел C4           @ (2,9,5) hp=6/6
    ✓ Тишина C5          @ (2,1,5) hp=2/2
    ✓ Бурав C6           @ (2,6,5) hp=4/4
    ✓ Провокатор C7      @ (2,5,5) hp=2/2
    ✓ Паук C8            @ (2,4,5) hp=1/1

======================================================================
ХОД 1
======================================================================
✓ 🎮 GM: начинаем ход
GM: start_turn

--- Радиовышки: сканирование слоя Z ---
  Радиовышка A2 (z=0): видит 8 врагов [+8 эксклюзивно] → Факел B4(2,0,0), Паук B8(2,1,0), Бурав B6(2,2,0), Тишина B5(2,4,0), Радиовышка B2(2,5,0), Прыгун B3(2,7,0), Провокатор B7(2,8,0), Артиллерия B1(2,9,0)
  Радиовышка B2 (z=0): видит 8 врагов [+8 эксклюзивно] → Радиовышка A2(8,0,0), Провокатор A7(8,2,0), Бурав A6(8,3,0), Прыгун A3(8,5,0), Тишина A5(8,6,0), Артиллерия A1(8,7,0), Паук A8(8,8,0), Факел A4(8,9,0)
  Радиовышка C2 (z=5): слой чист

--- Решения ботов ---
  [Team A] Артиллерия A1 (8,7,0) → SHOOT at (2,9,0)
  [Team A] Радиовышка A2 (8,0,0) → MOVE (7,1,0)
  [Team A] Прыгун A3 (8,5,0) → MOVE (7,6,0)
  [Team A] Тишина A5 (8,6,0) → PHASE toggle
  [Team A] Бурав A6 (8,3,0) → MOVE (7,4,0)
  [Team A] Провокатор A7 (8,2,0) → MOVE (7,3,0)
  [Team A] Паук A8 (8,8,0) → MOVE (7,9,0)
  [Team A] Факел A4 → SKIP
  [Team B] Артиллерия B1 (2,9,0) → SHOOT at (8,7,0)
  [Team B] Радиовышка B2 (2,5,0) → MOVE (3,6,0)
  [Team B] Прыгун B3 (2,7,0) → MOVE (3,7,0)
  [Team B] Тишина B5 (2,4,0) → PHASE toggle
  [Team B] Бурав B6 (2,2,0) → MOVE (3,3,0)
  [Team B] Провокатор B7 (2,8,0) → MOVE (3,8,0)
  [Team B] Паук B8 (2,1,0) → MOVE (3,2,0)
  [Team B] Факел B4 → SKIP
  [Team C] Артиллерия C1 (2,0,5) → SHOOT at (9,9,9)
  [Team C] Радиовышка C2 (2,8,5) → MOVE (3,7,5)
  [Team C] Прыгун C3 (2,7,5) → MOVE (3,6,5)
  [Team C] Тишина C5 (2,1,5) → MOVE (3,2,5)
  [Team C] Бурав C6 (2,6,5) → MOVE (3,5,5)
  [Team C] Паук C8 (2,4,5) → MOVE (3,4,5)
  [Team C] Факел C4 → SKIP
  [Team C] Провокатор C7 → SKIP
! 🎮 GM: принудительно завершает фазу планирования
GM: end_planning
# 
============================================================
# 🔄 ОБРАБОТКА ХОДА 1
# ============================================================
   🌀 Тишина A5: уходит в фазу на 1 ход
   🌀 Тишина B5: уходит в фазу на 1 ход

📦 ПЕРЕМЕЩЕНИЯ:
   Радиовышка A2: (8, 0, 0) → (7,1,0)
   Прыгун A3: (8, 5, 0) → (7,6,0)
   Бурав A6: (8, 3, 0) → (7,4,0)
   Провокатор A7: (8, 2, 0) → (7,3,0)
   Паук A8: (8, 8, 0) → (7,9,0)
   Радиовышка B2: (2, 5, 0) → (3,6,0)
   Прыгун B3: (2, 7, 0) → (3,7,0)
   Бурав B6: (2, 2, 0) → (3,3,0)
   Провокатор B7: (2, 8, 0) → (3,8,0)
   Паук B8: (2, 1, 0) → (3,2,0)
   Радиовышка C2: (2, 8, 5) → (3,7,5)
   Прыгун C3: (2, 7, 5) → (3,6,5)
   Тишина C5: (2, 1, 5) → (3,2,5)
   Бурав C6: (2, 6, 5) → (3,5,5)
   Паук C8: (2, 4, 5) → (3,4,5)

🎯 ВЫСТРЕЛЫ:
✓    ✅ Артиллерия A1 поразил Артиллерия B1 (2 урона)!
✓    ✅ Артиллерия B1 поразил Артиллерия A1 (2 урона)!
   Выпущено ракет: 3
# 
📊 РЕЗУЛЬТАТЫ ХОДА 1:
✓ 💥 ПОПАДАНИЯ:
✓    Артиллерия A1 (Team A) → Артиллерия B1 (Team B)
✓    Артиллерия B1 (Team B) → Артиллерия A1 (Team A)

--- Результаты хода ---
  Team A / Артиллерия A1      → Team B / Артиллерия B1      @ (2,9,0)  (УБИТ)
  Team B / Артиллерия B1      → Team A / Артиллерия A1      @ (8,7,0)  (УБИТ)

--- Состояние команд после хода ---
  Team A: живых 7/8
    ✓ Радиовышка A2      @ (7,1,0) hp=3/3
    ✓ Прыгун A3          @ (7,6,0) hp=2/2
    ✓ Факел A4           @ (8,9,0) hp=6/6
    ✓ Тишина A5          @ (8,6,0) hp=2/2
    ✓ Бурав A6           @ (7,4,0) hp=4/4
    ✓ Провокатор A7      @ (7,3,0) hp=2/2
    ✓ Паук A8            @ (7,9,0) hp=1/1
    ✗ Артиллерия A1      @ (8,7,0) [уничтожен]
  Team B: живых 7/8
    ✓ Радиовышка B2      @ (3,6,0) hp=3/3
    ✓ Прыгун B3          @ (3,7,0) hp=2/2
    ✓ Факел B4           @ (2,0,0) hp=6/6
    ✓ Тишина B5          @ (2,4,0) hp=2/2
    ✓ Бурав B6           @ (3,3,0) hp=4/4
    ✓ Провокатор B7      @ (3,8,0) hp=2/2
    ✓ Паук B8            @ (3,2,0) hp=1/1
    ✗ Артиллерия B1      @ (2,9,0) [уничтожен]
  Team C: живых 8/8
    ✓ Артиллерия C1      @ (2,0,5) hp=1/1
    ✓ Радиовышка C2      @ (3,7,5) hp=3/3
    ✓ Прыгун C3          @ (3,6,5) hp=2/2
    ✓ Факел C4           @ (2,9,5) hp=6/6
    ✓ Тишина C5          @ (3,2,5) hp=2/2
    ✓ Бурав C6           @ (3,5,5) hp=4/4
    ✓ Провокатор C7      @ (2,5,5) hp=2/2
    ✓ Паук C8            @ (3,4,5) hp=1/1

======================================================================
ХОД 2
======================================================================
✓ 🎮 GM: начинаем ход
GM: start_turn

--- Радиовышки: сканирование слоя Z ---
  Радиовышка A2 (z=0): видит 6 врагов [+1 эксклюзивно] → Факел B4(2,0,0), Паук B8(3,2,0), Бурав B6(3,3,0), Радиовышка B2(3,6,0), Прыгун B3(3,7,0), Провокатор B7(3,8,0)
  Радиовышка B2 (z=0): видит 6 врагов [+1 эксклюзивно] → Радиовышка A2(7,1,0), Провокатор A7(7,3,0), Бурав A6(7,4,0), Прыгун A3(7,6,0), Паук A8(7,9,0), Факел A4(8,9,0)
  Радиовышка C2 (z=5): слой чист

--- Решения ботов ---
  [Team A] Радиовышка A2 (7,1,0) → MOVE (6,2,0)
  [Team A] Прыгун A3 (7,6,0) → SHOOT at (3,6,0)
  [Team A] Факел A4 (8,9,0) → MOVE (7,8,0)
  [Team A] Бурав A6 (7,4,0) → MOVE (6,5,0)
  [Team A] Провокатор A7 (7,3,0) → HOLOGRAM (6,4,0)
  [Team A] Паук A8 (7,9,0) → MINE (6,8,0)
  [Team A] Тишина A5 → SKIP
  [Team B] Радиовышка B2 (3,6,0) → MOVE (4,6,0)
  [Team B] Прыгун B3 (3,7,0) → MOVE (4,7,0)
  [Team B] Факел B4 (2,0,0) → MOVE (2,1,0)
  [Team B] Тишина B5 (2,4,0) → MOVE (2,3,0)
  [Team B] Бурав B6 (3,3,0) → MOVE (4,2,0)
  [Team B] Провокатор B7 (3,8,0) → HOLOGRAM (4,8,0)
  [Team B] Паук B8 (3,2,0) → MINE (4,1,0)
  [Team C] Артиллерия C1 (2,0,5) → SHOOT at (9,9,8)
  [Team C] Радиовышка C2 (3,7,5) → MOVE (4,6,5)
  [Team C] Прыгун C3 (3,6,5) → MOVE (4,5,5)
  [Team C] Факел C4 (2,9,5) → MOVE (3,8,5)
  [Team C] Тишина C5 (3,2,5) → MOVE (4,3,5)
  [Team C] Паук C8 (3,4,5) → MOVE (4,4,5)
  [Team C] Провокатор C7 → SKIP
  [Team C] Бурав C6 → SKIP
! 🎮 GM: принудительно завершает фазу планирования
GM: end_planning
# 
============================================================
# 🔄 ОБРАБОТКА ХОДА 2
# ============================================================
   🌀 Тишина A5: фаза спала (действовала 1 ход)
   🌀 Тишина B5: фаза спала (действовала 1 ход)
   🪞 Провокатор A7 создал голограмму H1 в (6,4,0)
   🪞 Провокатор B7 создал голограмму H2 в (4,8,0)
   💣 Паук A8 установил мину M1 в (6,8,0)
   💣 Паук B8 установил мину M2 в (4,1,0)

📦 ПЕРЕМЕЩЕНИЯ:
   Радиовышка A2: (7, 1, 0) → (6,2,0)
   Факел A4: (8, 9, 0) → (7,8,0)
   Бурав A6: (7, 4, 0) → (6,5,0)
   Радиовышка B2: (3, 6, 0) → (4,6,0)
   Прыгун B3: (3, 7, 0) → (4,7,0)
   Факел B4: (2, 0, 0) → (2,1,0)
   Тишина B5: (2, 4, 0) → (2,3,0)
   Бурав B6: (3, 3, 0) → (4,2,0)
   Радиовышка C2: (3, 7, 5) → (4,6,5)
   Прыгун C3: (3, 6, 5) → (4,5,5)
   Факел C4: (2, 9, 5) → (3,8,5)
   Тишина C5: (3, 2, 5) → (4,3,5)
   Паук C8: (3, 4, 5) → (4,4,5)

🎯 ВЫСТРЕЛЫ:
✓    ✅ Прыгун A3 поразил Радиовышка B2 (1 урона)!
   Выпущено ракет: 2
# 
📊 РЕЗУЛЬТАТЫ ХОДА 2:
✓ 💥 ПОПАДАНИЯ:
✓    Прыгун A3 (Team A) → Радиовышка B2 (Team B)

--- Результаты хода ---
  Team A / Прыгун A3          → Team B / Радиовышка B2      @ (4,6,0)  (ранен)

--- Состояние команд после хода ---
  Team A: живых 7/8
    ✓ Радиовышка A2      @ (6,2,0) hp=3/3
    ✓ Прыгун A3          @ (7,6,0) hp=2/2
    ✓ Факел A4           @ (7,8,0) hp=6/6
    ✓ Тишина A5          @ (8,6,0) hp=2/2
    ✓ Бурав A6           @ (6,5,0) hp=4/4
    ✓ Провокатор A7      @ (7,3,0) hp=2/2
    ✓ Паук A8            @ (7,9,0) hp=1/1
    ✗ Артиллерия A1      @ (8,7,0) [уничтожен]
  Team B: живых 7/8
    ✓ Радиовышка B2      @ (4,6,0) hp=2/3
    ✓ Прыгун B3          @ (4,7,0) hp=2/2
    ✓ Факел B4           @ (2,1,0) hp=6/6
    ✓ Тишина B5          @ (2,3,0) hp=2/2
    ✓ Бурав B6           @ (4,2,0) hp=4/4
    ✓ Провокатор B7      @ (3,8,0) hp=2/2
    ✓ Паук B8            @ (3,2,0) hp=1/1
    ✗ Артиллерия B1      @ (2,9,0) [уничтожен]
  Team C: живых 8/8
    ✓ Артиллерия C1      @ (2,0,5) hp=1/1
    ✓ Радиовышка C2      @ (4,6,5) hp=3/3
    ✓ Прыгун C3          @ (4,5,5) hp=2/2
    ✓ Факел C4           @ (3,8,5) hp=6/6
    ✓ Тишина C5          @ (4,3,5) hp=2/2
    ✓ Бурав C6           @ (3,5,5) hp=4/4
    ✓ Провокатор C7      @ (2,5,5) hp=2/2
    ✓ Паук C8            @ (4,4,5) hp=1/1

======================================================================
ХОД 3
======================================================================
✓ 🎮 GM: начинаем ход
GM: start_turn

--- Радиовышки: сканирование слоя Z ---
  Радиовышка A2 (z=0): видит 7 врагов  → Факел B4(2,1,0), Тишина B5(2,3,0), Паук B8(3,2,0), Провокатор B7(3,8,0), Бурав B6(4,2,0), Радиовышка B2(4,6,0), Прыгун B3(4,7,0)
  Радиовышка B2 (z=0): видит 7 врагов  → Радиовышка A2(6,2,0), Бурав A6(6,5,0), Провокатор A7(7,3,0), Прыгун A3(7,6,0), Факел A4(7,8,0), Паук A8(7,9,0), Тишина A5(8,6,0)
  Радиовышка C2 (z=5): слой чист

--- Решения ботов ---
  [Team A] Радиовышка A2 (6,2,0) → MOVE (5,2,0)
  [Team A] Прыгун A3 (7,6,0) → SHOOT at (4,6,0)
  [Team A] Факел A4 (7,8,0) → SHOOT at (3,8,0)
  [Team A] Бурав A6 (6,5,0) → MOVE (4,7,0)
  [Team A] Провокатор A7 (7,3,0) → HOLOGRAM (6,4,0)
  [Team A] Паук A8 (7,9,0) → MINE (6,8,0)
  [Team A] Тишина A5 → SKIP
  [Team B] Радиовышка B2 (4,6,0) → MOVE (5,5,0)
  [Team B] Прыгун B3 (4,7,0) → MOVE (6,5,0)
  [Team B] Факел B4 (2,1,0) → MOVE (3,1,0)
  [Team B] Тишина B5 (2,3,0) → MOVE (2,2,0)
  [Team B] Бурав B6 (4,2,0) → MOVE (6,2,0)
  [Team B] Провокатор B7 (3,8,0) → HOLOGRAM (3,7,0)
  [Team B] Паук B8 → SKIP
  [Team C] Артиллерия C1 (2,0,5) → SHOOT at (0,0,1)
  [Team C] Радиовышка C2 (4,6,5) → MOVE (5,5,5)
  [Team C] Факел C4 (3,8,5) → MOVE (3,7,5)
  [Team C] Тишина C5 (4,3,5) → MOVE (5,4,5)
  [Team C] Паук C8 → SKIP
  [Team C] Провокатор C7 → SKIP
  [Team C] Бурав C6 → SKIP
  [Team C] Прыгун C3 → SKIP
! 🎮 GM: принудительно завершает фазу планирования
GM: end_planning
# 
============================================================
# 🔄 ОБРАБОТКА ХОДА 3
# ============================================================
!    ⚠️ Провокатор A7: клетка (6,4,0) уже занята голограммой
   🪞 Провокатор B7 создал голограмму H3 в (3,7,0)
!    ⚠️ Паук A8: в клетке уже стоит мина

📦 ПЕРЕМЕЩЕНИЯ:
   Радиовышка A2: (6, 2, 0) → (5,2,0)
✓    💥 Бурав A6 тараном уничтожил Прыгун B3 в (4,7,0)
   Бурав A6: (6, 5, 0) → (4,7,0)
   Радиовышка B2: (4, 6, 0) → (5,5,0)
   Факел B4: (2, 1, 0) → (3,1,0)
   Тишина B5: (2, 3, 0) → (2,2,0)
   Бурав B6: (4, 2, 0) → (6,2,0)
   Радиовышка C2: (4, 6, 5) → (5,5,5)
   Факел C4: (3, 8, 5) → (3,7,5)
   Тишина C5: (4, 3, 5) → (5,4,5)

🎯 ВЫСТРЕЛЫ:
✓    💥 Факел A4 раскрыл голограмму H2 в (4, 8, 0)
   Выпущено ракет: 3
# 
📊 РЕЗУЛЬТАТЫ ХОДА 3:
✓ 💥 ПОПАДАНИЯ:
✓    Факел A4 (Team A) → голограмма H2 (Team B)

--- Результаты хода ---
  Team A / Бурав A6           → Team B / Прыгун B3          @ (4,7,0)  (УБИТ)

--- Состояние команд после хода ---
  Team A: живых 7/8
    ✓ Радиовышка A2      @ (5,2,0) hp=3/3
    ✓ Прыгун A3          @ (7,6,0) hp=2/2
    ✓ Факел A4           @ (7,8,0) hp=6/6
    ✓ Тишина A5          @ (8,6,0) hp=2/2
    ✓ Бурав A6           @ (4,7,0) hp=4/4
    ✓ Провокатор A7      @ (7,3,0) hp=2/2
    ✓ Паук A8            @ (7,9,0) hp=1/1
    ✗ Артиллерия A1      @ (8,7,0) [уничтожен]
  Team B: живых 6/8
    ✓ Радиовышка B2      @ (5,5,0) hp=2/3
    ✓ Факел B4           @ (3,1,0) hp=6/6
    ✓ Тишина B5          @ (2,2,0) hp=2/2
    ✓ Бурав B6           @ (6,2,0) hp=4/4
    ✓ Провокатор B7      @ (3,8,0) hp=2/2
    ✓ Паук B8            @ (3,2,0) hp=1/1
    ✗ Артиллерия B1      @ (2,9,0) [уничтожен]
    ✗ Прыгун B3          @ (4,7,0) [уничтожен]
  Team C: живых 8/8
    ✓ Артиллерия C1      @ (2,0,5) hp=1/1
    ✓ Радиовышка C2      @ (5,5,5) hp=3/3
    ✓ Прыгун C3          @ (4,5,5) hp=2/2
    ✓ Факел C4           @ (3,7,5) hp=6/6
    ✓ Тишина C5          @ (5,4,5) hp=2/2
    ✓ Бурав C6           @ (3,5,5) hp=4/4
    ✓ Провокатор C7      @ (2,5,5) hp=2/2
    ✓ Паук C8            @ (4,4,5) hp=1/1

======================================================================
ХОД 4
======================================================================
✓ 🎮 GM: начинаем ход
GM: start_turn

--- Радиовышки: сканирование слоя Z ---
  Радиовышка A2 (z=0): видит 6 врагов [+1 эксклюзивно] → Тишина B5(2,2,0), Факел B4(3,1,0), Паук B8(3,2,0), Провокатор B7(3,8,0), Радиовышка B2(5,5,0), Бурав B6(6,2,0)
  Радиовышка B2 (z=0): видит 7 врагов  → Бурав A6(4,7,0), Радиовышка A2(5,2,0), Провокатор A7(7,3,0), Прыгун A3(7,6,0), Факел A4(7,8,0), Паук A8(7,9,0), Тишина A5(8,6,0)
  Радиовышка C2 (z=5): слой чист

--- Решения ботов ---
  [Team A] Радиовышка A2 (5,2,0) → MOVE (6,2,0)
  [Team A] Прыгун A3 (7,6,0) → MOVE (5,5,0)
  [Team A] Факел A4 (7,8,0) → SHOOT at (3,8,0)
  [Team A] Тишина A5 (8,6,0) → MOVE (7,5,0)
  [Team A] Бурав A6 (4,7,0) → MOVE (3,8,0)
  [Team A] Провокатор A7 (7,3,0) → HOLOGRAM (7,2,0)
  [Team A] Паук A8 (7,9,0) → MINE (6,8,0)
  [Team B] Радиовышка B2 (5,5,0) → MOVE (6,6,0)
  [Team B] Бурав B6 (6,2,0) → MOVE (7,3,0)
  [Team B] Провокатор B7 (3,8,0) → HOLOGRAM (4,7,0)
  [Team B] Паук B8 (3,2,0) → MINE (4,2,0)
  [Team B] Факел B4 → SKIP
  [Team B] Тишина B5 → SKIP
  [Team C] Артиллерия C1 (2,0,5) → SHOOT at (9,4,8)
  [Team C] Факел C4 (3,7,5) → MOVE (4,6,5)
  [Team C] Провокатор C7 → SKIP
  [Team C] Бурав C6 → SKIP
  [Team C] Паук C8 → SKIP
  [Team C] Радиовышка C2 → SKIP
  [Team C] Прыгун C3 → SKIP
  [Team C] Тишина C5 → SKIP
! 🎮 GM: принудительно завершает фазу планирования
GM: end_planning
# 
============================================================
# 🔄 ОБРАБОТКА ХОДА 4
# ============================================================
   🪞 Провокатор A7 создал голограмму H4 в (7,2,0)
!    ⚠️ Провокатор B7: клетка (4,7,0) занята кораблём
!    ⚠️ Паук A8: в клетке уже стоит мина
   💣 Паук B8 установил мину M3 в (4,2,0)

📦 ПЕРЕМЕЩЕНИЯ:
!    ⚠️ Радиовышка A2: клетка (6,2,0) занята
✓    💥 Прыгун A3 тараном уничтожил Радиовышка B2 в (5,5,0)
   Прыгун A3: (7, 6, 0) → (5,5,0)
   Тишина A5: (8, 6, 0) → (7,5,0)
✓    💥 Бурав A6 тараном уничтожил Провокатор B7 в (3,8,0)
   Бурав A6: (4, 7, 0) → (3,8,0)
✓    💥 Бурав B6 тараном уничтожил Провокатор A7 в (7,3,0)
   Бурав B6: (6, 2, 0) → (7,3,0)
   Факел C4: (3, 7, 5) → (4,6,5)

🎯 ВЫСТРЕЛЫ:
!    🛡️ Выстрел Факел A4 заблокирован союзником Бурав A6 в (3, 8, 0)
   Выпущено ракет: 2
# 
📊 РЕЗУЛЬТАТЫ ХОДА 4:
🎯 Попаданий нет

--- Результаты хода ---
  Team A / Прыгун A3          → Team B / Радиовышка B2      @ (5,5,0)  (УБИТ)
  Team A / Бурав A6           → Team B / Провокатор B7      @ (3,8,0)  (УБИТ)
  Team B / Бурав B6           → Team A / Провокатор A7      @ (7,3,0)  (УБИТ)

--- Состояние команд после хода ---
  Team A: живых 6/8
    ✓ Радиовышка A2      @ (5,2,0) hp=3/3
    ✓ Прыгун A3          @ (5,5,0) hp=2/2
    ✓ Факел A4           @ (7,8,0) hp=6/6
    ✓ Тишина A5          @ (7,5,0) hp=2/2
    ✓ Бурав A6           @ (3,8,0) hp=4/4
    ✓ Паук A8            @ (7,9,0) hp=1/1
    ✗ Артиллерия A1      @ (8,7,0) [уничтожен]
    ✗ Провокатор A7      @ (7,3,0) [уничтожен]
  Team B: живых 4/8
    ✓ Факел B4           @ (3,1,0) hp=6/6
    ✓ Тишина B5          @ (2,2,0) hp=2/2
    ✓ Бурав B6           @ (7,3,0) hp=4/4
    ✓ Паук B8            @ (3,2,0) hp=1/1
    ✗ Артиллерия B1      @ (2,9,0) [уничтожен]
    ✗ Радиовышка B2      @ (5,5,0) [уничтожен]
    ✗ Прыгун B3          @ (4,7,0) [уничтожен]
    ✗ Провокатор B7      @ (3,8,0) [уничтожен]
  Team C: живых 8/8
    ✓ Артиллерия C1      @ (2,0,5) hp=1/1
    ✓ Радиовышка C2      @ (5,5,5) hp=3/3
    ✓ Прыгун C3          @ (4,5,5) hp=2/2
    ✓ Факел C4           @ (4,6,5) hp=6/6
    ✓ Тишина C5          @ (5,4,5) hp=2/2
    ✓ Бурав C6           @ (3,5,5) hp=4/4
    ✓ Провокатор C7      @ (2,5,5) hp=2/2
    ✓ Паук C8            @ (4,4,5) hp=1/1

======================================================================
ХОД 5
======================================================================
✓ 🎮 GM: начинаем ход
GM: start_turn

--- Радиовышки: сканирование слоя Z ---
  Радиовышка A2 (z=0): видит 4 врагов  → Тишина B5(2,2,0), Факел B4(3,1,0), Паук B8(3,2,0), Бурав B6(7,3,0)
  Радиовышка C2 (z=5): слой чист

--- Решения ботов ---
  [Team A] Радиовышка A2 (5,2,0) → MOVE (4,1,0)
  [Team A] Прыгун A3 (5,5,0) → MOVE (7,3,0)
  [Team A] Факел A4 (7,8,0) → SHOOT at (7,3,0)
  [Team A] Тишина A5 (7,5,0) → PHASE toggle
  [Team A] Бурав A6 (3,8,0) → MOVE (4,7,0)
  [Team A] Паук A8 → SKIP
  [Team B] Факел B4 (3,1,0) → MOVE (4,2,0)
  [Team B] Тишина B5 (2,2,0) → PHASE toggle
  [Team B] Бурав B6 (7,3,0) → MOVE (5,5,0)
  [Team B] Паук B8 (3,2,0) → MINE (4,1,0)
  [Team C] Артиллерия C1 (2,0,5) → SHOOT at (9,9,9)
  [Team C] Провокатор C7 → SKIP
  [Team C] Бурав C6 → SKIP
  [Team C] Паук C8 → SKIP
  [Team C] Радиовышка C2 → SKIP
  [Team C] Факел C4 → SKIP
  [Team C] Прыгун C3 → SKIP
  [Team C] Тишина C5 → SKIP
! 🎮 GM: принудительно завершает фазу планирования
GM: end_planning
# 
============================================================
# 🔄 ОБРАБОТКА ХОДА 5
# ============================================================
   🌀 Тишина A5: уходит в фазу на 1 ход
   🌀 Тишина B5: уходит в фазу на 1 ход
!    ⚠️ Паук B8: в клетке уже стоит мина

📦 ПЕРЕМЕЩЕНИЯ:
   Радиовышка A2: (5, 2, 0) → (4,1,0)
!    💥 Мина M2 сработала под Радиовышка A2 (урон 2)
✓    💥 Прыгун A3 тараном уничтожил Бурав B6 в (7,3,0)
   Прыгун A3: (5, 5, 0) → (7,3,0)
   Бурав A6: (3, 8, 0) → (4,7,0)
   Факел B4: (3, 1, 0) → (4,2,0)

🎯 ВЫСТРЕЛЫ:
!    🛡️ Выстрел Факел A4 заблокирован союзником Прыгун A3 в (7, 3, 0)
   Выпущено ракет: 2
# 
📊 РЕЗУЛЬТАТЫ ХОДА 5:
🎯 Попаданий нет

--- Результаты хода ---
  ? / ?                  → Team A / Радиовышка A2      @ (4,1,0)  (ранен)
  Team A / Прыгун A3          → Team B / Бурав B6           @ (7,3,0)  (УБИТ)

--- Состояние команд после хода ---
  Team A: живых 6/8
    ✓ Радиовышка A2      @ (4,1,0) hp=1/3
    ✓ Прыгун A3          @ (7,3,0) hp=2/2
    ✓ Факел A4           @ (7,8,0) hp=6/6
    ✓ Тишина A5          @ (7,5,0) hp=2/2
    ✓ Бурав A6           @ (4,7,0) hp=4/4
    ✓ Паук A8            @ (7,9,0) hp=1/1
    ✗ Артиллерия A1      @ (8,7,0) [уничтожен]
    ✗ Провокатор A7      @ (7,3,0) [уничтожен]
  Team B: живых 3/8
    ✓ Факел B4           @ (4,2,0) hp=6/6
    ✓ Тишина B5          @ (2,2,0) hp=2/2
    ✓ Паук B8            @ (3,2,0) hp=1/1
    ✗ Артиллерия B1      @ (2,9,0) [уничтожен]
    ✗ Радиовышка B2      @ (5,5,0) [уничтожен]
    ✗ Прыгун B3          @ (4,7,0) [уничтожен]
    ✗ Бурав B6           @ (7,3,0) [уничтожен]
    ✗ Провокатор B7      @ (3,8,0) [уничтожен]
  Team C: живых 8/8
    ✓ Артиллерия C1      @ (2,0,5) hp=1/1
    ✓ Радиовышка C2      @ (5,5,5) hp=3/3
    ✓ Прыгун C3          @ (4,5,5) hp=2/2
    ✓ Факел C4           @ (4,6,5) hp=6/6
    ✓ Тишина C5          @ (5,4,5) hp=2/2
    ✓ Бурав C6           @ (3,5,5) hp=4/4
    ✓ Провокатор C7      @ (2,5,5) hp=2/2
    ✓ Паук C8            @ (4,4,5) hp=1/1

======================================================================
ХОД 6
======================================================================
✓ 🎮 GM: начинаем ход
GM: start_turn

--- Радиовышки: сканирование слоя Z ---
  Радиовышка A2 (z=0): видит 2 врагов  → Паук B8(3,2,0), Факел B4(4,2,0)
  Радиовышка C2 (z=5): слой чист

--- Решения ботов ---
  [Team A] Радиовышка A2 (4,1,0) → MOVE (4,2,0)
  [Team A] Прыгун A3 (7,3,0) → MOVE (6,2,0)
  [Team A] Факел A4 (7,8,0) → MOVE (6,7,0)
  [Team A] Тишина A5 (7,5,0) → MOVE (6,4,0)
  [Team A] Бурав A6 (4,7,0) → MOVE (4,6,0)
  [Team A] Паук A8 (7,9,0) → MOVE (6,8,0)
  [Team B] Факел B4 (4,2,0) → SHOOT at (4,1,0)
  [Team B] Тишина B5 (2,2,0) → MOVE (3,1,0)
  [Team B] Паук B8 (3,2,0) → MINE (4,1,0)
  [Team C] Артиллерия C1 (2,0,5) → SHOOT at (0,5,0)
  [Team C] Провокатор C7 → SKIP
  [Team C] Бурав C6 → SKIP
  [Team C] Паук C8 → SKIP
  [Team C] Радиовышка C2 → SKIP
  [Team C] Факел C4 → SKIP
  [Team C] Прыгун C3 → SKIP
  [Team C] Тишина C5 → SKIP
! 🎮 GM: принудительно завершает фазу планирования
GM: end_planning
# 
============================================================
# 🔄 ОБРАБОТКА ХОДА 6
# ============================================================
   🌀 Тишина A5: фаза спала (действовала 1 ход)
   🌀 Тишина B5: фаза спала (действовала 1 ход)
!    ⚠️ Паук B8: клетка (4,1,0) занята кораблём

📦 ПЕРЕМЕЩЕНИЯ:
!    ⚠️ Радиовышка A2: клетка (4,2,0) занята
   Прыгун A3: (7, 3, 0) → (6,2,0)
   Факел A4: (7, 8, 0) → (6,7,0)
!    ⚠️ Тишина A5: клетка (6,4,0) занята
   Бурав A6: (4, 7, 0) → (4,6,0)
   Паук A8: (7, 9, 0) → (6,8,0)
   Тишина B5: (2, 2, 0) → (3,1,0)

🎯 ВЫСТРЕЛЫ:
✓    ✅ Факел B4 поразил Радиовышка A2 (1 урона)!
   Выпущено ракет: 2
# 
📊 РЕЗУЛЬТАТЫ ХОДА 6:
✓ 💥 ПОПАДАНИЯ:
✓    Факел B4 (Team B) → Радиовышка A2 (Team A)

--- Результаты хода ---
  Team B / Факел B4           → Team A / Радиовышка A2      @ (4,1,0)  (УБИТ)

--- Состояние команд после хода ---
  Team A: живых 5/8
    ✓ Прыгун A3          @ (6,2,0) hp=2/2
    ✓ Факел A4           @ (6,7,0) hp=6/6
    ✓ Тишина A5          @ (7,5,0) hp=2/2
    ✓ Бурав A6           @ (4,6,0) hp=4/4
    ✓ Паук A8            @ (6,8,0) hp=1/1
    ✗ Артиллерия A1      @ (8,7,0) [уничтожен]
    ✗ Радиовышка A2      @ (4,1,0) [уничтожен]
    ✗ Провокатор A7      @ (7,3,0) [уничтожен]
  Team B: живых 3/8
    ✓ Факел B4           @ (4,2,0) hp=6/6
    ✓ Тишина B5          @ (3,1,0) hp=2/2
    ✓ Паук B8            @ (3,2,0) hp=1/1
    ✗ Артиллерия B1      @ (2,9,0) [уничтожен]
    ✗ Радиовышка B2      @ (5,5,0) [уничтожен]
    ✗ Прыгун B3          @ (4,7,0) [уничтожен]
    ✗ Бурав B6           @ (7,3,0) [уничтожен]
    ✗ Провокатор B7      @ (3,8,0) [уничтожен]
  Team C: живых 8/8
    ✓ Артиллерия C1      @ (2,0,5) hp=1/1
    ✓ Радиовышка C2      @ (5,5,5) hp=3/3
    ✓ Прыгун C3          @ (4,5,5) hp=2/2
    ✓ Факел C4           @ (4,6,5) hp=6/6
    ✓ Тишина C5          @ (5,4,5) hp=2/2
    ✓ Бурав C6           @ (3,5,5) hp=4/4
    ✓ Провокатор C7      @ (2,5,5) hp=2/2
    ✓ Паук C8            @ (4,4,5) hp=1/1

======================================================================
ХОД 7
======================================================================
✓ 🎮 GM: начинаем ход
GM: start_turn

--- Радиовышки: сканирование слоя Z ---
  Радиовышка C2 (z=5): слой чист

--- Решения ботов ---
  [Team A] Прыгун A3 (6,2,0) → MOVE (4,2,0)
  [Team A] Факел A4 (6,7,0) → MOVE (5,6,0)
  [Team A] Тишина A5 (7,5,0) → MOVE (6,4,0)
  [Team A] Бурав A6 (4,6,0) → MOVE (4,5,0)
  [Team A] Паук A8 (6,8,0) → MOVE (5,7,0)
  [Team B] Факел B4 (4,2,0) → SHOOT at (6,2,0)
  [Team B] Тишина B5 (3,1,0) → MOVE (4,1,0)
  [Team B] Паук B8 → SKIP
  [Team C] Артиллерия C1 (2,0,5) → SHOOT at (0,5,1)
  [Team C] Провокатор C7 → SKIP
  [Team C] Бурав C6 → SKIP
  [Team C] Паук C8 → SKIP
  [Team C] Радиовышка C2 → SKIP
  [Team C] Факел C4 → SKIP
  [Team C] Прыгун C3 → SKIP
  [Team C] Тишина C5 → SKIP
! 🎮 GM: принудительно завершает фазу планирования
GM: end_planning
# 
============================================================
# 🔄 ОБРАБОТКА ХОДА 7
# ============================================================

📦 ПЕРЕМЕЩЕНИЯ:
✓    💥 Прыгун A3 тараном уничтожил Факел B4 в (4,2,0)
   Прыгун A3: (6, 2, 0) → (4,2,0)
!    💥 Мина M3 сработала под Прыгун A3 (урон 2) — КОРАБЛЬ УНИЧТОЖЕН
   Факел A4: (6, 7, 0) → (5,6,0)
!    ⚠️ Тишина A5: клетка (6,4,0) занята
   Бурав A6: (4, 6, 0) → (4,5,0)
   Паук A8: (6, 8, 0) → (5,7,0)
   Тишина B5: (3, 1, 0) → (4,1,0)

🎯 ВЫСТРЕЛЫ:
   Выпущено ракет: 1
# 
📊 РЕЗУЛЬТАТЫ ХОДА 7:
🎯 Попаданий нет

--- Результаты хода ---
  Team A / Прыгун A3          → Team B / Факел B4           @ (4,2,0)  (УБИТ)
  ? / ?                  → Team A / Прыгун A3          @ (4,2,0)  (УБИТ)

--- Состояние команд после хода ---
  Team A: живых 4/8
    ✓ Факел A4           @ (5,6,0) hp=6/6
    ✓ Тишина A5          @ (7,5,0) hp=2/2
    ✓ Бурав A6           @ (4,5,0) hp=4/4
    ✓ Паук A8            @ (5,7,0) hp=1/1
    ✗ Артиллерия A1      @ (8,7,0) [уничтожен]
    ✗ Радиовышка A2      @ (4,1,0) [уничтожен]
    ✗ Прыгун A3          @ (4,2,0) [уничтожен]
    ✗ Провокатор A7      @ (7,3,0) [уничтожен]
  Team B: живых 2/8
    ✓ Тишина B5          @ (4,1,0) hp=2/2
    ✓ Паук B8            @ (3,2,0) hp=1/1
    ✗ Артиллерия B1      @ (2,9,0) [уничтожен]
    ✗ Радиовышка B2      @ (5,5,0) [уничтожен]
    ✗ Прыгун B3          @ (4,7,0) [уничтожен]
    ✗ Факел B4           @ (4,2,0) [уничтожен]
    ✗ Бурав B6           @ (7,3,0) [уничтожен]
    ✗ Провокатор B7      @ (3,8,0) [уничтожен]
  Team C: живых 8/8
    ✓ Артиллерия C1      @ (2,0,5) hp=1/1
    ✓ Радиовышка C2      @ (5,5,5) hp=3/3
    ✓ Прыгун C3          @ (4,5,5) hp=2/2
    ✓ Факел C4           @ (4,6,5) hp=6/6
    ✓ Тишина C5          @ (5,4,5) hp=2/2
    ✓ Бурав C6           @ (3,5,5) hp=4/4
    ✓ Провокатор C7      @ (2,5,5) hp=2/2
    ✓ Паук C8            @ (4,4,5) hp=1/1

======================================================================
ХОД 8
======================================================================
✓ 🎮 GM: начинаем ход
GM: start_turn

--- Радиовышки: сканирование слоя Z ---
  Радиовышка C2 (z=5): слой чист

--- Решения ботов ---
  [Team A] Факел A4 (5,6,0) → MOVE (5,5,0)
  [Team A] Тишина A5 (7,5,0) → MOVE (6,4,0)
  [Team A] Бурав A6 (4,5,0) → MOVE (3,4,0)
  [Team A] Паук A8 (5,7,0) → MOVE (4,6,0)
  [Team B] Тишина B5 (4,1,0) → MOVE (5,2,0)
  [Team B] Паук B8 (3,2,0) → MINE (4,3,0)
  [Team C] Артиллерия C1 (2,0,5) → SHOOT at (0,5,0)
  [Team C] Провокатор C7 → SKIP
  [Team C] Бурав C6 → SKIP
  [Team C] Паук C8 → SKIP
  [Team C] Радиовышка C2 → SKIP
  [Team C] Факел C4 → SKIP
  [Team C] Прыгун C3 → SKIP
  [Team C] Тишина C5 → SKIP
! 🎮 GM: принудительно завершает фазу планирования
GM: end_planning
# 
============================================================
# 🔄 ОБРАБОТКА ХОДА 8
# ============================================================
   💣 Паук B8 установил мину M4 в (4,3,0)

📦 ПЕРЕМЕЩЕНИЯ:
   Факел A4: (5, 6, 0) → (5,5,0)
!    ⚠️ Тишина A5: клетка (6,4,0) занята
   Бурав A6: (4, 5, 0) → (3,4,0)
   Паук A8: (5, 7, 0) → (4,6,0)
   Тишина B5: (4, 1, 0) → (5,2,0)

🎯 ВЫСТРЕЛЫ:
   Выпущено ракет: 1
# 
📊 РЕЗУЛЬТАТЫ ХОДА 8:
🎯 Попаданий нет

--- Результаты хода ---
  Попаданий нет

--- Состояние команд после хода ---
  Team A: живых 4/8
    ✓ Факел A4           @ (5,5,0) hp=6/6
    ✓ Тишина A5          @ (7,5,0) hp=2/2
    ✓ Бурав A6           @ (3,4,0) hp=4/4
    ✓ Паук A8            @ (4,6,0) hp=1/1
    ✗ Артиллерия A1      @ (8,7,0) [уничтожен]
    ✗ Радиовышка A2      @ (4,1,0) [уничтожен]
    ✗ Прыгун A3          @ (4,2,0) [уничтожен]
    ✗ Провокатор A7      @ (7,3,0) [уничтожен]
  Team B: живых 2/8
    ✓ Тишина B5          @ (5,2,0) hp=2/2
    ✓ Паук B8            @ (3,2,0) hp=1/1
    ✗ Артиллерия B1      @ (2,9,0) [уничтожен]
    ✗ Радиовышка B2      @ (5,5,0) [уничтожен]
    ✗ Прыгун B3          @ (4,7,0) [уничтожен]
    ✗ Факел B4           @ (4,2,0) [уничтожен]
    ✗ Бурав B6           @ (7,3,0) [уничтожен]
    ✗ Провокатор B7      @ (3,8,0) [уничтожен]
  Team C: живых 8/8
    ✓ Артиллерия C1      @ (2,0,5) hp=1/1
    ✓ Радиовышка C2      @ (5,5,5) hp=3/3
    ✓ Прыгун C3          @ (4,5,5) hp=2/2
    ✓ Факел C4           @ (4,6,5) hp=6/6
    ✓ Тишина C5          @ (5,4,5) hp=2/2
    ✓ Бурав C6           @ (3,5,5) hp=4/4
    ✓ Провокатор C7      @ (2,5,5) hp=2/2
    ✓ Паук C8            @ (4,4,5) hp=1/1

======================================================================
ХОД 9
======================================================================
✓ 🎮 GM: начинаем ход
GM: start_turn

--- Радиовышки: сканирование слоя Z ---
  Радиовышка C2 (z=5): слой чист

--- Решения ботов ---
  [Team A] Факел A4 (5,5,0) → SHOOT at (5,2,0)
  [Team A] Тишина A5 (7,5,0) → MOVE (6,4,0)
  [Team A] Бурав A6 (3,4,0) → MOVE (5,2,0)
  [Team A] Паук A8 (4,6,0) → MINE (4,5,0)
  [Team B] Тишина B5 (5,2,0) → PHASE toggle
  [Team B] Паук B8 (3,2,0) → MINE (4,3,0)
  [Team C] Артиллерия C1 (2,0,5) → SHOOT at (9,4,8)
  [Team C] Провокатор C7 → SKIP
  [Team C] Бурав C6 → SKIP
  [Team C] Паук C8 → SKIP
  [Team C] Радиовышка C2 → SKIP
  [Team C] Факел C4 → SKIP
  [Team C] Прыгун C3 → SKIP
  [Team C] Тишина C5 → SKIP
! 🎮 GM: принудительно завершает фазу планирования
GM: end_planning
# 
============================================================
# 🔄 ОБРАБОТКА ХОДА 9
# ============================================================
   🌀 Тишина B5: уходит в фазу на 1 ход
   💣 Паук A8 установил мину M5 в (4,5,0)
!    ⚠️ Паук B8: в клетке уже стоит мина

📦 ПЕРЕМЕЩЕНИЯ:
!    ⚠️ Тишина A5: клетка (6,4,0) занята
✓    💥 Бурав A6 пробивает фазу Тишина B5 тараном
✓    💥 Бурав A6 тараном уничтожил Тишина B5 в (5,2,0)
   Бурав A6: (3, 4, 0) → (5,2,0)

🎯 ВЫСТРЕЛЫ:
!    🛡️ Выстрел Факел A4 заблокирован союзником Бурав A6 в (5, 2, 0)
   Выпущено ракет: 2
# 
📊 РЕЗУЛЬТАТЫ ХОДА 9:
🎯 Попаданий нет

--- Результаты хода ---
  Team A / Бурав A6           → Team B / Тишина B5          @ (5,2,0)  (УБИТ)

--- Состояние команд после хода ---
  Team A: живых 4/8
    ✓ Факел A4           @ (5,5,0) hp=6/6
    ✓ Тишина A5          @ (7,5,0) hp=2/2
    ✓ Бурав A6           @ (5,2,0) hp=4/4
    ✓ Паук A8            @ (4,6,0) hp=1/1
    ✗ Артиллерия A1      @ (8,7,0) [уничтожен]
    ✗ Радиовышка A2      @ (4,1,0) [уничтожен]
    ✗ Прыгун A3          @ (4,2,0) [уничтожен]
    ✗ Провокатор A7      @ (7,3,0) [уничтожен]
  Team B: живых 1/8
    ✓ Паук B8            @ (3,2,0) hp=1/1
    ✗ Артиллерия B1      @ (2,9,0) [уничтожен]
    ✗ Радиовышка B2      @ (5,5,0) [уничтожен]
    ✗ Прыгун B3          @ (4,7,0) [уничтожен]
    ✗ Факел B4           @ (4,2,0) [уничтожен]
    ✗ Тишина B5          @ (5,2,0) [уничтожен]
    ✗ Бурав B6           @ (7,3,0) [уничтожен]
    ✗ Провокатор B7      @ (3,8,0) [уничтожен]
  Team C: живых 8/8
    ✓ Артиллерия C1      @ (2,0,5) hp=1/1
    ✓ Радиовышка C2      @ (5,5,5) hp=3/3
    ✓ Прыгун C3          @ (4,5,5) hp=2/2
    ✓ Факел C4           @ (4,6,5) hp=6/6
    ✓ Тишина C5          @ (5,4,5) hp=2/2
    ✓ Бурав C6           @ (3,5,5) hp=4/4
    ✓ Провокатор C7      @ (2,5,5) hp=2/2
    ✓ Паук C8            @ (4,4,5) hp=1/1

======================================================================
ХОД 10
======================================================================
✓ 🎮 GM: начинаем ход
GM: start_turn

--- Радиовышки: сканирование слоя Z ---
  Радиовышка C2 (z=5): слой чист

--- Решения ботов ---
  [Team A] Факел A4 (5,5,0) → MOVE (5,4,0)
  [Team A] Тишина A5 (7,5,0) → MOVE (6,4,0)
  [Team A] Бурав A6 (5,2,0) → MOVE (3,2,0)
  [Team A] Паук A8 (4,6,0) → MINE (3,5,0)
  [Team B] Паук B8 (3,2,0) → MINE (4,2,0)
  [Team C] Артиллерия C1 (2,0,5) → SHOOT at (9,4,9)
  [Team C] Провокатор C7 → SKIP
  [Team C] Бурав C6 → SKIP
  [Team C] Паук C8 → SKIP
  [Team C] Радиовышка C2 → SKIP
  [Team C] Факел C4 → SKIP
  [Team C] Прыгун C3 → SKIP
  [Team C] Тишина C5 → SKIP
! 🎮 GM: принудительно завершает фазу планирования
GM: end_planning
# 
============================================================
# 🔄 ОБРАБОТКА ХОДА 10
# ============================================================
   💣 Паук A8 установил мину M6 в (3,5,0)
   💣 Паук B8 установил мину M7 в (4,2,0)

📦 ПЕРЕМЕЩЕНИЯ:
   Факел A4: (5, 5, 0) → (5,4,0)
!    ⚠️ Тишина A5: клетка (6,4,0) занята
✓    💥 Бурав A6 тараном уничтожил Паук B8 в (3,2,0)
   Бурав A6: (5, 2, 0) → (3,2,0)

🎯 ВЫСТРЕЛЫ:
   Выпущено ракет: 1
# 
📊 РЕЗУЛЬТАТЫ ХОДА 10:
🎯 Попаданий нет

--- Результаты хода ---
  Team A / Бурав A6           → Team B / Паук B8            @ (3,2,0)  (УБИТ)

--- Состояние команд после хода ---
  Team A: живых 4/8
    ✓ Факел A4           @ (5,4,0) hp=6/6
    ✓ Тишина A5          @ (7,5,0) hp=2/2
    ✓ Бурав A6           @ (3,2,0) hp=4/4
    ✓ Паук A8            @ (4,6,0) hp=1/1
    ✗ Артиллерия A1      @ (8,7,0) [уничтожен]
    ✗ Радиовышка A2      @ (4,1,0) [уничтожен]
    ✗ Прыгун A3          @ (4,2,0) [уничтожен]
    ✗ Провокатор A7      @ (7,3,0) [уничтожен]
  Team B: живых 0/8
    ✗ Артиллерия B1      @ (2,9,0) [уничтожен]
    ✗ Радиовышка B2      @ (5,5,0) [уничтожен]
    ✗ Прыгун B3          @ (4,7,0) [уничтожен]
    ✗ Факел B4           @ (4,2,0) [уничтожен]
    ✗ Тишина B5          @ (5,2,0) [уничтожен]
    ✗ Бурав B6           @ (7,3,0) [уничтожен]
    ✗ Провокатор B7      @ (3,8,0) [уничтожен]
    ✗ Паук B8            @ (3,2,0) [уничтожен]
  Team C: живых 8/8
    ✓ Артиллерия C1      @ (2,0,5) hp=1/1
    ✓ Радиовышка C2      @ (5,5,5) hp=3/3
    ✓ Прыгун C3          @ (4,5,5) hp=2/2
    ✓ Факел C4           @ (4,6,5) hp=6/6
    ✓ Тишина C5          @ (5,4,5) hp=2/2
    ✓ Бурав C6           @ (3,5,5) hp=4/4
    ✓ Провокатор C7      @ (2,5,5) hp=2/2
    ✓ Паук C8            @ (4,4,5) hp=1/1

======================================================================
ХОД 11
======================================================================
✓ 🎮 GM: начинаем ход
GM: start_turn

--- Радиовышки: сканирование слоя Z ---
  Радиовышка C2 (z=5): слой чист

--- Решения ботов ---
  [Team A] Факел A4 (5,4,0) → MOVE (4,4,0)
  [Team A] Тишина A5 (7,5,0) → MOVE (6,5,1)
  [Team A] Бурав A6 (3,2,0) → MOVE (4,3,1)
  [Team A] Паук A8 (4,6,0) → MOVE (5,5,1)
  [Team B] все корабли пропускают ход
  [Team C] Артиллерия C1 (2,0,5) → SHOOT at (9,4,9)
  [Team C] Провокатор C7 → SKIP
  [Team C] Бурав C6 → SKIP
  [Team C] Паук C8 → SKIP
  [Team C] Радиовышка C2 → SKIP
  [Team C] Факел C4 → SKIP
  [Team C] Прыгун C3 → SKIP
  [Team C] Тишина C5 → SKIP
! 🎮 GM: принудительно завершает фазу планирования
GM: end_planning
# 
============================================================
# 🔄 ОБРАБОТКА ХОДА 11
# ============================================================

📦 ПЕРЕМЕЩЕНИЯ:
   Факел A4: (5, 4, 0) → (4,4,0)
   Тишина A5: (7, 5, 0) → (6,5,1)
!    ⚠️ Бурав A6: Бурав двигается только по 1 оси или по 2 осям строго диагонально
   Паук A8: (4, 6, 0) → (5,5,1)

🎯 ВЫСТРЕЛЫ:
   Выпущено ракет: 1
# 
📊 РЕЗУЛЬТАТЫ ХОДА 11:
🎯 Попаданий нет

--- Результаты хода ---
  Попаданий нет

--- Состояние команд после хода ---
  Team A: живых 4/8
    ✓ Факел A4           @ (4,4,0) hp=6/6
    ✓ Тишина A5          @ (6,5,1) hp=2/2
    ✓ Бурав A6           @ (3,2,0) hp=4/4
    ✓ Паук A8            @ (5,5,1) hp=1/1
    ✗ Артиллерия A1      @ (8,7,0) [уничтожен]
    ✗ Радиовышка A2      @ (4,1,0) [уничтожен]
    ✗ Прыгун A3          @ (4,2,0) [уничтожен]
    ✗ Провокатор A7      @ (7,3,0) [уничтожен]
  Team B: живых 0/8
    ✗ Артиллерия B1      @ (2,9,0) [уничтожен]
    ✗ Радиовышка B2      @ (5,5,0) [уничтожен]
    ✗ Прыгун B3          @ (4,7,0) [уничтожен]
    ✗ Факел B4           @ (4,2,0) [уничтожен]
    ✗ Тишина B5          @ (5,2,0) [уничтожен]
    ✗ Бурав B6           @ (7,3,0) [уничтожен]
    ✗ Провокатор B7      @ (3,8,0) [уничтожен]
    ✗ Паук B8            @ (3,2,0) [уничтожен]
  Team C: живых 8/8
    ✓ Артиллерия C1      @ (2,0,5) hp=1/1
    ✓ Радиовышка C2      @ (5,5,5) hp=3/3
    ✓ Прыгун C3          @ (4,5,5) hp=2/2
    ✓ Факел C4           @ (4,6,5) hp=6/6
    ✓ Тишина C5          @ (5,4,5) hp=2/2
    ✓ Бурав C6           @ (3,5,5) hp=4/4
    ✓ Провокатор C7      @ (2,5,5) hp=2/2
    ✓ Паук C8            @ (4,4,5) hp=1/1

======================================================================
ХОД 12
======================================================================
✓ 🎮 GM: начинаем ход
GM: start_turn

--- Радиовышки: сканирование слоя Z ---
  Радиовышка C2 (z=5): слой чист

--- Решения ботов ---
  [Team A] Факел A4 (4,4,0) → SHOOT at (4,4,5)
  [Team A] Тишина A5 (6,5,1) → PHASE toggle
  [Team A] Бурав A6 (3,2,0) → MOVE (4,3,1)
  [Team A] Паук A8 (5,5,1) → MINE (5,5,2)
  [Team B] все корабли пропускают ход
  [Team C] Артиллерия C1 (2,0,5) → SHOOT at (5,5,1)
  [Team C] Радиовышка C2 (5,5,5) → MOVE (6,5,4)
  [Team C] Прыгун C3 (4,5,5) → MOVE (5,5,4)
  [Team C] Тишина C5 (5,4,5) → MOVE (6,4,4)
  [Team C] Бурав C6 (3,5,5) → MOVE (4,5,4)
  [Team C] Провокатор C7 (2,5,5) → HOLOGRAM (3,5,4)
  [Team C] Паук C8 (4,4,5) → MINE (4,4,4)
  [Team C] Факел C4 → SKIP
! 🎮 GM: принудительно завершает фазу планирования
GM: end_planning
# 
============================================================
# 🔄 ОБРАБОТКА ХОДА 12
# ============================================================
   🌀 Тишина A5: уходит в фазу на 1 ход
   🪞 Провокатор C7 создал голограмму H5 в (3,5,4)
   💣 Паук A8 установил мину M8 в (5,5,2)
   💣 Паук C8 установил мину M9 в (4,4,4)

📦 ПЕРЕМЕЩЕНИЯ:
!    ⚠️ Бурав A6: Бурав двигается только по 1 оси или по 2 осям строго диагонально
   Радиовышка C2: (5, 5, 5) → (6,5,4)
   Прыгун C3: (4, 5, 5) → (5,5,4)
   Тишина C5: (5, 4, 5) → (6,4,4)
   Бурав C6: (3, 5, 5) → (4,5,4)

🎯 ВЫСТРЕЛЫ:
✓    ✅ Факел A4 поразил Паук C8 (1 урона)!
✓    ✅ Артиллерия C1 поразил Паук A8 (2 урона)!
   Выпущено ракет: 2
# 
📊 РЕЗУЛЬТАТЫ ХОДА 12:
✓ 💥 ПОПАДАНИЯ:
✓    Факел A4 (Team A) → Паук C8 (Team C)
✓    Артиллерия C1 (Team C) → Паук A8 (Team A)

--- Результаты хода ---
  Team A / Факел A4           → Team C / Паук C8            @ (4,4,5)  (УБИТ)
  Team C / Артиллерия C1      → Team A / Паук A8            @ (5,5,1)  (УБИТ)

--- Состояние команд после хода ---
  Team A: живых 3/8
    ✓ Факел A4           @ (4,4,0) hp=6/6
    ✓ Тишина A5          @ (6,5,1) hp=2/2
    ✓ Бурав A6           @ (3,2,0) hp=4/4
    ✗ Артиллерия A1      @ (8,7,0) [уничтожен]
    ✗ Радиовышка A2      @ (4,1,0) [уничтожен]
    ✗ Прыгун A3          @ (4,2,0) [уничтожен]
    ✗ Провокатор A7      @ (7,3,0) [уничтожен]
    ✗ Паук A8            @ (5,5,1) [уничтожен]
  Team B: живых 0/8
    ✗ Артиллерия B1      @ (2,9,0) [уничтожен]
    ✗ Радиовышка B2      @ (5,5,0) [уничтожен]
    ✗ Прыгун B3          @ (4,7,0) [уничтожен]
    ✗ Факел B4           @ (4,2,0) [уничтожен]
    ✗ Тишина B5          @ (5,2,0) [уничтожен]
    ✗ Бурав B6           @ (7,3,0) [уничтожен]
    ✗ Провокатор B7      @ (3,8,0) [уничтожен]
    ✗ Паук B8            @ (3,2,0) [уничтожен]
  Team C: живых 7/8
    ✓ Артиллерия C1      @ (2,0,5) hp=1/1
    ✓ Радиовышка C2      @ (6,5,4) hp=3/3
    ✓ Прыгун C3          @ (5,5,4) hp=2/2
    ✓ Факел C4           @ (4,6,5) hp=6/6
    ✓ Тишина C5          @ (6,4,4) hp=2/2
    ✓ Бурав C6           @ (4,5,4) hp=4/4
    ✓ Провокатор C7      @ (2,5,5) hp=2/2
    ✗ Паук C8            @ (4,4,5) [уничтожен]

======================================================================
ХОД 13
======================================================================
✓ 🎮 GM: начинаем ход
GM: start_turn

--- Радиовышки: сканирование слоя Z ---
  Радиовышка C2 (z=4): слой чист

--- Решения ботов ---
  [Team A] Факел A4 (4,4,0) → MOVE (4,3,0)
  [Team A] Тишина A5 (6,5,1) → MOVE (6,5,2)
  [Team A] Бурав A6 (3,2,0) → MOVE (4,3,1)
  [Team B] все корабли пропускают ход
  [Team C] Артиллерия C1 (2,0,5) → SHOOT at (4,4,0)
  [Team C] Радиовышка C2 (6,5,4) → MOVE (5,4,3)
  [Team C] Прыгун C3 (5,5,4) → MOVE (4,4,3)
  [Team C] Факел C4 (4,6,5) → MOVE (5,5,5)
  [Team C] Тишина C5 (6,4,4) → PHASE toggle
  [Team C] Бурав C6 (4,5,4) → MOVE (4,4,4)
  [Team C] Провокатор C7 (2,5,5) → HOLOGRAM (3,4,4)
! 🎮 GM: принудительно завершает фазу планирования
GM: end_planning
# 
============================================================
# 🔄 ОБРАБОТКА ХОДА 13
# ============================================================
   🌀 Тишина A5: фаза спала (действовала 1 ход)
   🌀 Тишина C5: уходит в фазу на 1 ход
   🪞 Провокатор C7 создал голограмму H6 в (3,4,4)

📦 ПЕРЕМЕЩЕНИЯ:
   Факел A4: (4, 4, 0) → (4,3,0)
!    💥 Мина M4 сработала под Факел A4 (урон 2)
   Тишина A5: (6, 5, 1) → (6,5,2)
!    ⚠️ Бурав A6: Бурав двигается только по 1 оси или по 2 осям строго диагонально
   Радиовышка C2: (6, 5, 4) → (5,4,3)
   Прыгун C3: (5, 5, 4) → (4,4,3)
   Факел C4: (4, 6, 5) → (5,5,5)
   Бурав C6: (4, 5, 4) → (4,4,4)

🎯 ВЫСТРЕЛЫ:
   Выпущено ракет: 1
# 
📊 РЕЗУЛЬТАТЫ ХОДА 13:
🎯 Попаданий нет

--- Результаты хода ---
  ? / ?                  → Team A / Факел A4           @ (4,3,0)  (ранен)

--- Состояние команд после хода ---
  Team A: живых 3/8
    ✓ Факел A4           @ (4,3,0) hp=4/6
    ✓ Тишина A5          @ (6,5,2) hp=2/2
    ✓ Бурав A6           @ (3,2,0) hp=4/4
    ✗ Артиллерия A1      @ (8,7,0) [уничтожен]
    ✗ Радиовышка A2      @ (4,1,0) [уничтожен]
    ✗ Прыгун A3          @ (4,2,0) [уничтожен]
    ✗ Провокатор A7      @ (7,3,0) [уничтожен]
    ✗ Паук A8            @ (5,5,1) [уничтожен]
  Team B: живых 0/8
    ✗ Артиллерия B1      @ (2,9,0) [уничтожен]
    ✗ Радиовышка B2      @ (5,5,0) [уничтожен]
    ✗ Прыгун B3          @ (4,7,0) [уничтожен]
    ✗ Факел B4           @ (4,2,0) [уничтожен]
    ✗ Тишина B5          @ (5,2,0) [уничтожен]
    ✗ Бурав B6           @ (7,3,0) [уничтожен]
    ✗ Провокатор B7      @ (3,8,0) [уничтожен]
    ✗ Паук B8            @ (3,2,0) [уничтожен]
  Team C: живых 7/8
    ✓ Артиллерия C1      @ (2,0,5) hp=1/1
    ✓ Радиовышка C2      @ (5,4,3) hp=3/3
    ✓ Прыгун C3          @ (4,4,3) hp=2/2
    ✓ Факел C4           @ (5,5,5) hp=6/6
    ✓ Тишина C5          @ (6,4,4) hp=2/2
    ✓ Бурав C6           @ (4,4,4) hp=4/4
    ✓ Провокатор C7      @ (2,5,5) hp=2/2
    ✗ Паук C8            @ (4,4,5) [уничтожен]

======================================================================
ХОД 14
======================================================================
✓ 🎮 GM: начинаем ход
GM: start_turn

--- Радиовышки: сканирование слоя Z ---
  Радиовышка C2 (z=3): слой чист

--- Решения ботов ---
  [Team A] Факел A4 (4,3,0) → HEAL (AoE)
  [Team A] Тишина A5 (6,5,2) → MOVE (5,4,3)
  [Team A] Бурав A6 (3,2,0) → MOVE (4,3,1)
  [Team B] все корабли пропускают ход
  [Team C] Артиллерия C1 (2,0,5) → SHOOT at (6,5,2)
  [Team C] Радиовышка C2 (5,4,3) → MOVE (6,5,2)
  [Team C] Прыгун C3 (4,4,3) → MOVE (5,5,2)
  [Team C] Факел C4 (5,5,5) → MOVE (5,4,4)
  [Team C] Тишина C5 (6,4,4) → MOVE (6,5,3)
  [Team C] Бурав C6 (4,4,4) → MOVE (5,5,3)
  [Team C] Провокатор C7 (2,5,5) → HOLOGRAM (3,5,4)
! 🎮 GM: принудительно завершает фазу планирования
GM: end_planning
# 
============================================================
# 🔄 ОБРАБОТКА ХОДА 14
# ============================================================
   🌀 Тишина C5: фаза спала (действовала 1 ход)
!    ⚠️ Провокатор C7: клетка (3,5,4) уже занята голограммой

📦 ПЕРЕМЕЩЕНИЯ:
!    ⚠️ Тишина A5: клетка (5,4,3) занята
!    ⚠️ Бурав A6: Бурав двигается только по 1 оси или по 2 осям строго диагонально
!    ⚠️ Радиовышка C2: клетка (6,5,2) занята
   Прыгун C3: (4, 4, 3) → (5,5,2)
!    💥 Мина M8 сработала под Прыгун C3 (урон 2) — КОРАБЛЬ УНИЧТОЖЕН
   Факел C4: (5, 5, 5) → (5,4,4)
   Тишина C5: (6, 4, 4) → (6,5,3)
!    ⚠️ Бурав C6: Бурав двигается только по 1 оси или по 2 осям строго диагонально

🎯 ВЫСТРЕЛЫ:
✓    ✅ Артиллерия C1 поразил Тишина A5 (2 урона)!
✓    💚 Факел A4 лечит Факел A4 → hits=1/6
   Выпущено ракет: 1
# 
📊 РЕЗУЛЬТАТЫ ХОДА 14:
✓ 💥 ПОПАДАНИЯ:
✓    Артиллерия C1 (Team C) → Тишина A5 (Team A)

--- Результаты хода ---
  ? / ?                  → Team C / Прыгун C3          @ (5,5,2)  (УБИТ)
  Team C / Артиллерия C1      → Team A / Тишина A5          @ (6,5,2)  (УБИТ)

--- Состояние команд после хода ---
  Team A: живых 2/8
    ✓ Факел A4           @ (4,3,0) hp=5/6
    ✓ Бурав A6           @ (3,2,0) hp=4/4
    ✗ Артиллерия A1      @ (8,7,0) [уничтожен]
    ✗ Радиовышка A2      @ (4,1,0) [уничтожен]
    ✗ Прыгун A3          @ (4,2,0) [уничтожен]
    ✗ Тишина A5          @ (6,5,2) [уничтожен]
    ✗ Провокатор A7      @ (7,3,0) [уничтожен]
    ✗ Паук A8            @ (5,5,1) [уничтожен]
  Team B: живых 0/8
    ✗ Артиллерия B1      @ (2,9,0) [уничтожен]
    ✗ Радиовышка B2      @ (5,5,0) [уничтожен]
    ✗ Прыгун B3          @ (4,7,0) [уничтожен]
    ✗ Факел B4           @ (4,2,0) [уничтожен]
    ✗ Тишина B5          @ (5,2,0) [уничтожен]
    ✗ Бурав B6           @ (7,3,0) [уничтожен]
    ✗ Провокатор B7      @ (3,8,0) [уничтожен]
    ✗ Паук B8            @ (3,2,0) [уничтожен]
  Team C: живых 6/8
    ✓ Артиллерия C1      @ (2,0,5) hp=1/1
    ✓ Радиовышка C2      @ (5,4,3) hp=3/3
    ✓ Факел C4           @ (5,4,4) hp=6/6
    ✓ Тишина C5          @ (6,5,3) hp=2/2
    ✓ Бурав C6           @ (4,4,4) hp=4/4
    ✓ Провокатор C7      @ (2,5,5) hp=2/2
    ✗ Прыгун C3          @ (5,5,2) [уничтожен]
    ✗ Паук C8            @ (4,4,5) [уничтожен]

======================================================================
ХОД 15
======================================================================
✓ 🎮 GM: начинаем ход
GM: start_turn

--- Радиовышки: сканирование слоя Z ---
  Радиовышка C2 (z=3): слой чист

--- Решения ботов ---
  [Team A] Факел A4 (4,3,0) → HEAL (AoE)
  [Team A] Бурав A6 (3,2,0) → MOVE (4,3,1)
  [Team B] все корабли пропускают ход
  [Team C] Артиллерия C1 (2,0,5) → SHOOT at (4,3,0)
  [Team C] Радиовышка C2 (5,4,3) → MOVE (4,3,2)
  [Team C] Тишина C5 (6,5,3) → MOVE (5,4,2)
  [Team C] Бурав C6 (4,4,4) → MOVE (4,3,3)
  [Team C] Провокатор C7 (2,5,5) → HOLOGRAM (3,4,4)
  [Team C] Факел C4 → SKIP
! 🎮 GM: принудительно завершает фазу планирования
GM: end_planning
# 
============================================================
# 🔄 ОБРАБОТКА ХОДА 15
# ============================================================
!    ⚠️ Провокатор C7: клетка (3,4,4) уже занята голограммой

📦 ПЕРЕМЕЩЕНИЯ:
!    ⚠️ Бурав A6: Бурав двигается только по 1 оси или по 2 осям строго диагонально
   Радиовышка C2: (5, 4, 3) → (4,3,2)
   Тишина C5: (6, 5, 3) → (5,4,2)
   Бурав C6: (4, 4, 4) → (4,3,3)

🎯 ВЫСТРЕЛЫ:
✓    ✅ Артиллерия C1 поразил Факел A4 (2 урона)!
✓    💚 Факел A4 лечит Факел A4 → hits=2/6
   Выпущено ракет: 1
# 
📊 РЕЗУЛЬТАТЫ ХОДА 15:
✓ 💥 ПОПАДАНИЯ:
✓    Артиллерия C1 (Team C) → Факел A4 (Team A)

--- Результаты хода ---
  Team C / Артиллерия C1      → Team A / Факел A4           @ (4,3,0)  (ранен)

--- Состояние команд после хода ---
  Team A: живых 2/8
    ✓ Факел A4           @ (4,3,0) hp=4/6
    ✓ Бурав A6           @ (3,2,0) hp=4/4
    ✗ Артиллерия A1      @ (8,7,0) [уничтожен]
    ✗ Радиовышка A2      @ (4,1,0) [уничтожен]
    ✗ Прыгун A3          @ (4,2,0) [уничтожен]
    ✗ Тишина A5          @ (6,5,2) [уничтожен]
    ✗ Провокатор A7      @ (7,3,0) [уничтожен]
    ✗ Паук A8            @ (5,5,1) [уничтожен]
  Team B: живых 0/8
    ✗ Артиллерия B1      @ (2,9,0) [уничтожен]
    ✗ Радиовышка B2      @ (5,5,0) [уничтожен]
    ✗ Прыгун B3          @ (4,7,0) [уничтожен]
    ✗ Факел B4           @ (4,2,0) [уничтожен]
    ✗ Тишина B5          @ (5,2,0) [уничтожен]
    ✗ Бурав B6           @ (7,3,0) [уничтожен]
    ✗ Провокатор B7      @ (3,8,0) [уничтожен]
    ✗ Паук B8            @ (3,2,0) [уничтожен]
  Team C: живых 6/8
    ✓ Артиллерия C1      @ (2,0,5) hp=1/1
    ✓ Радиовышка C2      @ (4,3,2) hp=3/3
    ✓ Факел C4           @ (5,4,4) hp=6/6
    ✓ Тишина C5          @ (5,4,2) hp=2/2
    ✓ Бурав C6           @ (4,3,3) hp=4/4
    ✓ Провокатор C7      @ (2,5,5) hp=2/2
    ✗ Прыгун C3          @ (5,5,2) [уничтожен]
    ✗ Паук C8            @ (4,4,5) [уничтожен]

======================================================================
ХОД 16
======================================================================
✓ 🎮 GM: начинаем ход
GM: start_turn

--- Радиовышки: сканирование слоя Z ---
  Радиовышка C2 (z=2): слой чист

--- Решения ботов ---
  [Team A] Факел A4 (4,3,0) → HEAL (AoE)
  [Team A] Бурав A6 (3,2,0) → MOVE (4,3,1)
  [Team B] все корабли пропускают ход
  [Team C] Артиллерия C1 (2,0,5) → SHOOT at (4,3,0)
  [Team C] Радиовышка C2 (4,3,2) → MOVE (4,3,1)
  [Team C] Факел C4 (5,4,4) → MOVE (4,4,4)
  [Team C] Тишина C5 (5,4,2) → MOVE (4,4,2)
  [Team C] Бурав C6 (4,3,3) → MOVE (4,3,0)
  [Team C] Провокатор C7 (2,5,5) → HOLOGRAM (3,4,4)
! 🎮 GM: принудительно завершает фазу планирования
GM: end_planning
# 
============================================================
# 🔄 ОБРАБОТКА ХОДА 16
# ============================================================
!    ⚠️ Провокатор C7: клетка (3,4,4) уже занята голограммой

📦 ПЕРЕМЕЩЕНИЯ:
!    ⚠️ Бурав A6: Бурав двигается только по 1 оси или по 2 осям строго диагонально
   Радиовышка C2: (4, 3, 2) → (4,3,1)
   Факел C4: (5, 4, 4) → (4,4,4)
   Тишина C5: (5, 4, 2) → (4,4,2)
✓    💥 Бурав C6 тараном уничтожил Факел A4 в (4,3,0)
   Бурав C6: (4, 3, 3) → (4,3,0)

🎯 ВЫСТРЕЛЫ:
   Выпущено ракет: 1
# 
📊 РЕЗУЛЬТАТЫ ХОДА 16:
🎯 Попаданий нет

--- Результаты хода ---
  Team C / Бурав C6           → Team A / Факел A4           @ (4,3,0)  (УБИТ)

--- Состояние команд после хода ---
  Team A: живых 1/8
    ✓ Бурав A6           @ (3,2,0) hp=4/4
    ✗ Артиллерия A1      @ (8,7,0) [уничтожен]
    ✗ Радиовышка A2      @ (4,1,0) [уничтожен]
    ✗ Прыгун A3          @ (4,2,0) [уничтожен]
    ✗ Факел A4           @ (4,3,0) [уничтожен]
    ✗ Тишина A5          @ (6,5,2) [уничтожен]
    ✗ Провокатор A7      @ (7,3,0) [уничтожен]
    ✗ Паук A8            @ (5,5,1) [уничтожен]
  Team B: живых 0/8
    ✗ Артиллерия B1      @ (2,9,0) [уничтожен]
    ✗ Радиовышка B2      @ (5,5,0) [уничтожен]
    ✗ Прыгун B3          @ (4,7,0) [уничтожен]
    ✗ Факел B4           @ (4,2,0) [уничтожен]
    ✗ Тишина B5          @ (5,2,0) [уничтожен]
    ✗ Бурав B6           @ (7,3,0) [уничтожен]
    ✗ Провокатор B7      @ (3,8,0) [уничтожен]
    ✗ Паук B8            @ (3,2,0) [уничтожен]
  Team C: живых 6/8
    ✓ Артиллерия C1      @ (2,0,5) hp=1/1
    ✓ Радиовышка C2      @ (4,3,1) hp=3/3
    ✓ Факел C4           @ (4,4,4) hp=6/6
    ✓ Тишина C5          @ (4,4,2) hp=2/2
    ✓ Бурав C6           @ (4,3,0) hp=4/4
    ✓ Провокатор C7      @ (2,5,5) hp=2/2
    ✗ Прыгун C3          @ (5,5,2) [уничтожен]
    ✗ Паук C8            @ (4,4,5) [уничтожен]

======================================================================
ХОД 17
======================================================================
✓ 🎮 GM: начинаем ход
GM: start_turn

--- Радиовышки: сканирование слоя Z ---
  Радиовышка C2 (z=1): слой чист

--- Решения ботов ---
  [Team A] Бурав A6 (3,2,0) → MOVE (4,3,0)
  [Team B] все корабли пропускают ход
  [Team C] Артиллерия C1 (2,0,5) → SHOOT at (3,2,0)
  [Team C] Радиовышка C2 (4,3,1) → MOVE (3,2,0)
  [Team C] Факел C4 (4,4,4) → MOVE (3,4,3)
  [Team C] Тишина C5 (4,4,2) → MOVE (3,3,1)
  [Team C] Бурав C6 (4,3,0) → MOVE (3,3,0)
  [Team C] Провокатор C7 (2,5,5) → HOLOGRAM (3,4,4)
! 🎮 GM: принудительно завершает фазу планирования
GM: end_planning
# 
============================================================
# 🔄 ОБРАБОТКА ХОДА 17
# ============================================================
!    ⚠️ Провокатор C7: клетка (3,4,4) уже занята голограммой

📦 ПЕРЕМЕЩЕНИЯ:
✓    💥 Бурав A6 тараном уничтожил Бурав C6 в (4,3,0)
   Бурав A6: (3, 2, 0) → (4,3,0)
   Радиовышка C2: (4, 3, 1) → (3,2,0)
   Факел C4: (4, 4, 4) → (3,4,3)
   Тишина C5: (4, 4, 2) → (3,3,1)

🎯 ВЫСТРЕЛЫ:
   Выпущено ракет: 1
# 
📊 РЕЗУЛЬТАТЫ ХОДА 17:
🎯 Попаданий нет

--- Результаты хода ---
  Team A / Бурав A6           → Team C / Бурав C6           @ (4,3,0)  (УБИТ)

--- Состояние команд после хода ---
  Team A: живых 1/8
    ✓ Бурав A6           @ (4,3,0) hp=4/4
    ✗ Артиллерия A1      @ (8,7,0) [уничтожен]
    ✗ Радиовышка A2      @ (4,1,0) [уничтожен]
    ✗ Прыгун A3          @ (4,2,0) [уничтожен]
    ✗ Факел A4           @ (4,3,0) [уничтожен]
    ✗ Тишина A5          @ (6,5,2) [уничтожен]
    ✗ Провокатор A7      @ (7,3,0) [уничтожен]
    ✗ Паук A8            @ (5,5,1) [уничтожен]
  Team B: живых 0/8
    ✗ Артиллерия B1      @ (2,9,0) [уничтожен]
    ✗ Радиовышка B2      @ (5,5,0) [уничтожен]
    ✗ Прыгун B3          @ (4,7,0) [уничтожен]
    ✗ Факел B4           @ (4,2,0) [уничтожен]
    ✗ Тишина B5          @ (5,2,0) [уничтожен]
    ✗ Бурав B6           @ (7,3,0) [уничтожен]
    ✗ Провокатор B7      @ (3,8,0) [уничтожен]
    ✗ Паук B8            @ (3,2,0) [уничтожен]
  Team C: живых 5/8
    ✓ Артиллерия C1      @ (2,0,5) hp=1/1
    ✓ Радиовышка C2      @ (3,2,0) hp=3/3
    ✓ Факел C4           @ (3,4,3) hp=6/6
    ✓ Тишина C5          @ (3,3,1) hp=2/2
    ✓ Провокатор C7      @ (2,5,5) hp=2/2
    ✗ Прыгун C3          @ (5,5,2) [уничтожен]
    ✗ Бурав C6           @ (4,3,0) [уничтожен]
    ✗ Паук C8            @ (4,4,5) [уничтожен]

======================================================================
ХОД 18
======================================================================
✓ 🎮 GM: начинаем ход
GM: start_turn

--- Радиовышки: сканирование слоя Z ---
  Радиовышка C2 (z=0): видит 1 врагов  → Бурав A6(4,3,0)

--- Решения ботов ---
  [Team A] Бурав A6 (4,3,0) → MOVE (3,2,0)
  [Team B] все корабли пропускают ход
  [Team C] Артиллерия C1 (2,0,5) → SHOOT at (4,3,0)
  [Team C] Радиовышка C2 (3,2,0) → MOVE (4,3,0)
  [Team C] Факел C4 (3,4,3) → MOVE (2,3,2)
  [Team C] Тишина C5 (3,3,1) → MOVE (3,3,0)
  [Team C] Провокатор C7 (2,5,5) → HOLOGRAM (3,4,4)
! 🎮 GM: принудительно завершает фазу планирования
GM: end_planning
# 
============================================================
# 🔄 ОБРАБОТКА ХОДА 18
# ============================================================
!    ⚠️ Провокатор C7: клетка (3,4,4) уже занята голограммой

📦 ПЕРЕМЕЩЕНИЯ:
✓    💥 Бурав A6 тараном уничтожил Радиовышка C2 в (3,2,0)
   Бурав A6: (4, 3, 0) → (3,2,0)
   Факел C4: (3, 4, 3) → (2,3,2)
   Тишина C5: (3, 3, 1) → (3,3,0)

🎯 ВЫСТРЕЛЫ:
   Выпущено ракет: 1
# 
📊 РЕЗУЛЬТАТЫ ХОДА 18:
🎯 Попаданий нет

--- Результаты хода ---
  Team A / Бурав A6           → Team C / Радиовышка C2      @ (3,2,0)  (УБИТ)

--- Состояние команд после хода ---
  Team A: живых 1/8
    ✓ Бурав A6           @ (3,2,0) hp=4/4
    ✗ Артиллерия A1      @ (8,7,0) [уничтожен]
    ✗ Радиовышка A2      @ (4,1,0) [уничтожен]
    ✗ Прыгун A3          @ (4,2,0) [уничтожен]
    ✗ Факел A4           @ (4,3,0) [уничтожен]
    ✗ Тишина A5          @ (6,5,2) [уничтожен]
    ✗ Провокатор A7      @ (7,3,0) [уничтожен]
    ✗ Паук A8            @ (5,5,1) [уничтожен]
  Team B: живых 0/8
    ✗ Артиллерия B1      @ (2,9,0) [уничтожен]
    ✗ Радиовышка B2      @ (5,5,0) [уничтожен]
    ✗ Прыгун B3          @ (4,7,0) [уничтожен]
    ✗ Факел B4           @ (4,2,0) [уничтожен]
    ✗ Тишина B5          @ (5,2,0) [уничтожен]
    ✗ Бурав B6           @ (7,3,0) [уничтожен]
    ✗ Провокатор B7      @ (3,8,0) [уничтожен]
    ✗ Паук B8            @ (3,2,0) [уничтожен]
  Team C: живых 4/8
    ✓ Артиллерия C1      @ (2,0,5) hp=1/1
    ✓ Факел C4           @ (2,3,2) hp=6/6
    ✓ Тишина C5          @ (3,3,0) hp=2/2
    ✓ Провокатор C7      @ (2,5,5) hp=2/2
    ✗ Радиовышка C2      @ (3,2,0) [уничтожен]
    ✗ Прыгун C3          @ (5,5,2) [уничтожен]
    ✗ Бурав C6           @ (4,3,0) [уничтожен]
    ✗ Паук C8            @ (4,4,5) [уничтожен]

======================================================================
ХОД 19
======================================================================
✓ 🎮 GM: начинаем ход
GM: start_turn

--- Радиовышки: сканирование слоя Z ---
  (у команд не осталось живых радиовышек)

--- Решения ботов ---
  [Team A] Бурав A6 (3,2,0) → MOVE (3,3,0)
  [Team B] все корабли пропускают ход
  [Team C] Артиллерия C1 (2,0,5) → SHOOT at (3,2,0)
  [Team C] Факел C4 (2,3,2) → MOVE (2,2,3)
  [Team C] Тишина C5 (3,3,0) → MOVE (3,2,0)
  [Team C] Провокатор C7 (2,5,5) → HOLOGRAM (3,4,4)
! 🎮 GM: принудительно завершает фазу планирования
GM: end_planning
# 
============================================================
# 🔄 ОБРАБОТКА ХОДА 19
# ============================================================
!    ⚠️ Провокатор C7: клетка (3,4,4) уже занята голограммой

📦 ПЕРЕМЕЩЕНИЯ:
✓    💥 Бурав A6 тараном уничтожил Тишина C5 в (3,3,0)
   Бурав A6: (3, 2, 0) → (3,3,0)
   Факел C4: (2, 3, 2) → (2,2,3)

🎯 ВЫСТРЕЛЫ:
   Выпущено ракет: 1
# 
📊 РЕЗУЛЬТАТЫ ХОДА 19:
🎯 Попаданий нет

--- Результаты хода ---
  Team A / Бурав A6           → Team C / Тишина C5          @ (3,3,0)  (УБИТ)

--- Состояние команд после хода ---
  Team A: живых 1/8
    ✓ Бурав A6           @ (3,3,0) hp=4/4
    ✗ Артиллерия A1      @ (8,7,0) [уничтожен]
    ✗ Радиовышка A2      @ (4,1,0) [уничтожен]
    ✗ Прыгун A3          @ (4,2,0) [уничтожен]
    ✗ Факел A4           @ (4,3,0) [уничтожен]
    ✗ Тишина A5          @ (6,5,2) [уничтожен]
    ✗ Провокатор A7      @ (7,3,0) [уничтожен]
    ✗ Паук A8            @ (5,5,1) [уничтожен]
  Team B: живых 0/8
    ✗ Артиллерия B1      @ (2,9,0) [уничтожен]
    ✗ Радиовышка B2      @ (5,5,0) [уничтожен]
    ✗ Прыгун B3          @ (4,7,0) [уничтожен]
    ✗ Факел B4           @ (4,2,0) [уничтожен]
    ✗ Тишина B5          @ (5,2,0) [уничтожен]
    ✗ Бурав B6           @ (7,3,0) [уничтожен]
    ✗ Провокатор B7      @ (3,8,0) [уничтожен]
    ✗ Паук B8            @ (3,2,0) [уничтожен]
  Team C: живых 3/8
    ✓ Артиллерия C1      @ (2,0,5) hp=1/1
    ✓ Факел C4           @ (2,2,3) hp=6/6
    ✓ Провокатор C7      @ (2,5,5) hp=2/2
    ✗ Радиовышка C2      @ (3,2,0) [уничтожен]
    ✗ Прыгун C3          @ (5,5,2) [уничтожен]
    ✗ Тишина C5          @ (3,3,0) [уничтожен]
    ✗ Бурав C6           @ (4,3,0) [уничтожен]
    ✗ Паук C8            @ (4,4,5) [уничтожен]

======================================================================
ХОД 20
======================================================================
✓ 🎮 GM: начинаем ход
GM: start_turn

--- Радиовышки: сканирование слоя Z ---
  (у команд не осталось живых радиовышек)

--- Решения ботов ---
  [Team A] Бурав A6 (3,3,0) → MOVE (2,2,1)
  [Team B] все корабли пропускают ход
  [Team C] Артиллерия C1 (2,0,5) → SHOOT at (3,3,0)
  [Team C] Факел C4 (2,2,3) → MOVE (2,2,4)
  [Team C] Провокатор C7 (2,5,5) → HOLOGRAM (3,4,4)
! 🎮 GM: принудительно завершает фазу планирования
GM: end_planning
# 
============================================================
# 🔄 ОБРАБОТКА ХОДА 20
# ============================================================
!    ⚠️ Провокатор C7: клетка (3,4,4) уже занята голограммой

📦 ПЕРЕМЕЩЕНИЯ:
!    ⚠️ Бурав A6: Бурав двигается только по 1 оси или по 2 осям строго диагонально
   Факел C4: (2, 2, 3) → (2,2,4)

🎯 ВЫСТРЕЛЫ:
✓    ✅ Артиллерия C1 поразил Бурав A6 (2 урона)!
   Выпущено ракет: 1
# 
📊 РЕЗУЛЬТАТЫ ХОДА 20:
✓ 💥 ПОПАДАНИЯ:
✓    Артиллерия C1 (Team C) → Бурав A6 (Team A)

--- Результаты хода ---
  Team C / Артиллерия C1      → Team A / Бурав A6           @ (3,3,0)  (ранен)

--- Состояние команд после хода ---
  Team A: живых 1/8
    ✓ Бурав A6           @ (3,3,0) hp=2/4
    ✗ Артиллерия A1      @ (8,7,0) [уничтожен]
    ✗ Радиовышка A2      @ (4,1,0) [уничтожен]
    ✗ Прыгун A3          @ (4,2,0) [уничтожен]
    ✗ Факел A4           @ (4,3,0) [уничтожен]
    ✗ Тишина A5          @ (6,5,2) [уничтожен]
    ✗ Провокатор A7      @ (7,3,0) [уничтожен]
    ✗ Паук A8            @ (5,5,1) [уничтожен]
  Team B: живых 0/8
    ✗ Артиллерия B1      @ (2,9,0) [уничтожен]
    ✗ Радиовышка B2      @ (5,5,0) [уничтожен]
    ✗ Прыгун B3          @ (4,7,0) [уничтожен]
    ✗ Факел B4           @ (4,2,0) [уничтожен]
    ✗ Тишина B5          @ (5,2,0) [уничтожен]
    ✗ Бурав B6           @ (7,3,0) [уничтожен]
    ✗ Провокатор B7      @ (3,8,0) [уничтожен]
    ✗ Паук B8            @ (3,2,0) [уничтожен]
  Team C: живых 3/8
    ✓ Артиллерия C1      @ (2,0,5) hp=1/1
    ✓ Факел C4           @ (2,2,4) hp=6/6
    ✓ Провокатор C7      @ (2,5,5) hp=2/2
    ✗ Радиовышка C2      @ (3,2,0) [уничтожен]
    ✗ Прыгун C3          @ (5,5,2) [уничтожен]
    ✗ Тишина C5          @ (3,3,0) [уничтожен]
    ✗ Бурав C6           @ (4,3,0) [уничтожен]
    ✗ Паук C8            @ (4,4,5) [уничтожен]

======================================================================
ХОД 21
======================================================================
✓ 🎮 GM: начинаем ход
GM: start_turn

--- Радиовышки: сканирование слоя Z ---
  (у команд не осталось живых радиовышек)

--- Решения ботов ---
  [Team A] Бурав A6 (3,3,0) → MOVE (2,2,1)
  [Team B] все корабли пропускают ход
  [Team C] Артиллерия C1 (2,0,5) → SHOOT at (3,3,0)
  [Team C] Факел C4 (2,2,4) → MOVE (2,2,5)
  [Team C] Провокатор C7 (2,5,5) → HOLOGRAM (3,4,4)
! 🎮 GM: принудительно завершает фазу планирования
GM: end_planning
# 
============================================================
# 🔄 ОБРАБОТКА ХОДА 21
# ============================================================
!    ⚠️ Провокатор C7: клетка (3,4,4) уже занята голограммой

📦 ПЕРЕМЕЩЕНИЯ:
!    ⚠️ Бурав A6: Бурав двигается только по 1 оси или по 2 осям строго диагонально
   Факел C4: (2, 2, 4) → (2,2,5)

🎯 ВЫСТРЕЛЫ:
✓    ✅ Артиллерия C1 поразил Бурав A6 (2 урона)!
   Выпущено ракет: 1
# 
📊 РЕЗУЛЬТАТЫ ХОДА 21:
✓ 💥 ПОПАДАНИЯ:
✓    Артиллерия C1 (Team C) → Бурав A6 (Team A)
# 
🎮🎮🎮🎮🎮🎮🎮🎮🎮🎮🎮🎮🎮🎮🎮🎮🎮🎮🎮🎮
#         ИГРА ОКОНЧЕНА!
# 🎮🎮🎮🎮🎮🎮🎮🎮🎮🎮🎮🎮🎮🎮🎮🎮🎮🎮🎮🎮
✓         🏆 ПОБЕДИТЕЛЬ: Team C

--- Результаты хода ---
  Team C / Артиллерия C1      → Team A / Бурав A6           @ (3,3,0)  (УБИТ)

--- Состояние команд после хода ---
  Team A: живых 0/8
    ✗ Артиллерия A1      @ (8,7,0) [уничтожен]
    ✗ Радиовышка A2      @ (4,1,0) [уничтожен]
    ✗ Прыгун A3          @ (4,2,0) [уничтожен]
    ✗ Факел A4           @ (4,3,0) [уничтожен]
    ✗ Тишина A5          @ (6,5,2) [уничтожен]
    ✗ Бурав A6           @ (3,3,0) [уничтожен]
    ✗ Провокатор A7      @ (7,3,0) [уничтожен]
    ✗ Паук A8            @ (5,5,1) [уничтожен]
  Team B: живых 0/8
    ✗ Артиллерия B1      @ (2,9,0) [уничтожен]
    ✗ Радиовышка B2      @ (5,5,0) [уничтожен]
    ✗ Прыгун B3          @ (4,7,0) [уничтожен]
    ✗ Факел B4           @ (4,2,0) [уничтожен]
    ✗ Тишина B5          @ (5,2,0) [уничтожен]
    ✗ Бурав B6           @ (7,3,0) [уничтожен]
    ✗ Провокатор B7      @ (3,8,0) [уничтожен]
    ✗ Паук B8            @ (3,2,0) [уничтожен]
  Team C: живых 3/8
    ✓ Артиллерия C1      @ (2,0,5) hp=1/1
    ✓ Факел C4           @ (2,2,5) hp=6/6
    ✓ Провокатор C7      @ (2,5,5) hp=2/2
    ✗ Радиовышка C2      @ (3,2,0) [уничтожен]
    ✗ Прыгун C3          @ (5,5,2) [уничтожен]
    ✗ Тишина C5          @ (3,3,0) [уничтожен]
    ✗ Бурав C6           @ (4,3,0) [уничтожен]
    ✗ Паук C8            @ (4,4,5) [уничтожен]

======================================================================
ИТОГ
======================================================================
Игра окончена. Победитель: Team C
Ходов сыграно: 21

--- Сводка по командам ---
  Team A: 0/8 живых; hp=0
  Team B: 0/8 живых; hp=0
  Team C: 3/8 живых; hp=9

--- Сводка по пассивкам радиовышек ---
  Team A: сканирований=6, всего врагов-в-слоях=33, уникальных эксклюзивных (видны только радиовышкой)=8
  Team B: сканирований=4, всего врагов-в-слоях=28, уникальных эксклюзивных (видны только радиовышкой)=8
  Team C: сканирований=18, всего врагов-в-слоях=1, уникальных эксклюзивных (видны только радиовышкой)=0

--- Сводка по попаданиям ---
  Всего событий (шоты+тараны+мины): 26
  Уничтожено кораблей всего: 21
  Team A: урон=35 хиты=3 тараны=10 мины(сработало)=1 убийств=13
  Team B: урон=11 хиты=2 тараны=1 мины(сработало)=3 убийств=4
  Team C: урон=16 хиты=5 тараны=1 мины(сработало)=0 убийств=4
! 🎮 GM: остановка игры
