======================================================================
Space Battle 10×10×10 — simulation run at 2026-04-20T13:44:08+00:00
Game mode: advanced
Seed: 150
✓ 🚀 Продвинутый режим: создаю разные типы кораблей
   Команда A: спавн вдоль оси Y от (6, 3, 3) до (6, 2, 3)
   Команда B: спавн вдоль оси Y от (5, 7, 4) до (5, 4, 4)
   Команда C: спавн вдоль оси X от (5, 4, 7) до (3, 4, 7)
✓ ✅ Создано 24 кораблей


--- СТАРТОВАЯ РАССТАНОВКА ---
  Team A: живых 8/8
    ✓ Артиллерия A1      @ (6,3,3) hp=1/1
    ✓ Радиовышка A2      @ (6,4,3) hp=3/3
    ✓ Прыгун A3          @ (6,7,3) hp=2/2
    ✓ Факел A4           @ (6,1,3) hp=6/6
    ✓ Тишина A5          @ (6,6,3) hp=2/2
    ✓ Бурав A6           @ (6,9,3) hp=4/4
    ✓ Провокатор A7      @ (6,0,3) hp=2/2
    ✓ Паук A8            @ (6,2,3) hp=1/1
  Team B: живых 8/8
    ✓ Артиллерия B1      @ (5,7,4) hp=1/1
    ✓ Радиовышка B2      @ (5,6,4) hp=3/3
    ✓ Прыгун B3          @ (5,0,4) hp=2/2
    ✓ Факел B4           @ (5,8,4) hp=6/6
    ✓ Тишина B5          @ (5,1,4) hp=2/2
    ✓ Бурав B6           @ (5,5,4) hp=4/4
    ✓ Провокатор B7      @ (5,3,4) hp=2/2
    ✓ Паук B8            @ (5,4,4) hp=1/1
  Team C: живых 8/8
    ✓ Артиллерия C1      @ (5,4,7) hp=1/1
    ✓ Радиовышка C2      @ (2,4,7) hp=3/3
    ✓ Прыгун C3          @ (0,4,7) hp=2/2
    ✓ Факел C4           @ (7,4,7) hp=6/6
    ✓ Тишина C5          @ (6,4,7) hp=2/2
    ✓ Бурав C6           @ (1,4,7) hp=4/4
    ✓ Провокатор C7      @ (4,4,7) hp=2/2
    ✓ Паук C8            @ (3,4,7) hp=1/1

======================================================================
ХОД 1
======================================================================
✓ 🎮 GM: начинаем ход
GM: start_turn

--- Радиовышки: сканирование слоя Z ---
  Радиовышка A2 (z=3): слой чист
  Радиовышка B2 (z=4): слой чист
  Радиовышка C2 (z=7): слой чист

--- Решения ботов ---
  [Team A] Артиллерия A1 (6,3,3) → SHOOT at (5,7,4)
  [Team A] Радиовышка A2 (6,4,3) → MOVE (5,5,4)
  [Team A] Прыгун A3 (6,7,3) → MOVE (5,7,4)
  [Team A] Тишина A5 (6,6,3) → PHASE toggle
  [Team A] Бурав A6 (6,9,3) → MOVE (5,8,4)
  [Team A] Провокатор A7 (6,0,3) → HOLOGRAM (5,0,4)
  [Team A] Паук A8 (6,2,3) → MINE (5,1,4)
  [Team A] Факел A4 → SKIP
  [Team B] Артиллерия B1 (5,7,4) → SHOOT at (5,4,7)
  [Team B] Радиовышка B2 (5,6,4) → MOVE (6,7,3)
  [Team B] Прыгун B3 (5,0,4) → MOVE (6,1,3)
  [Team B] Тишина B5 (5,1,4) → PHASE toggle
  [Team B] Бурав B6 (5,5,4) → MOVE (6,4,3)
  [Team B] Провокатор B7 (5,3,4) → HOLOGRAM (6,3,3)
  [Team B] Паук B8 (5,4,4) → MINE (6,3,3)
  [Team B] Факел B4 → SKIP
  [Team C] Артиллерия C1 (5,4,7) → SHOOT at (5,7,4)
  [Team C] Радиовышка C2 (2,4,7) → MOVE (3,5,6)
  [Team C] Прыгун C3 (0,4,7) → MOVE (1,5,6)
  [Team C] Тишина C5 (6,4,7) → PHASE toggle
  [Team C] Бурав C6 (1,4,7) → MOVE (2,5,6)
  [Team C] Провокатор C7 (4,4,7) → HOLOGRAM (5,5,6)
  [Team C] Паук C8 (3,4,7) → MINE (4,5,6)
  [Team C] Факел C4 → SKIP
! 🎮 GM: принудительно завершает фазу планирования
GM: end_planning
# 
============================================================
# 🔄 ОБРАБОТКА ХОДА 1
# ============================================================
   🌀 Тишина A5: уходит в фазу на 1 ход
   🌀 Тишина B5: уходит в фазу на 1 ход
   🌀 Тишина C5: уходит в фазу на 1 ход
!    ⚠️ Провокатор A7: клетка (5,0,4) занята кораблём
!    ⚠️ Провокатор B7: клетка (6,3,3) занята кораблём
   🪞 Провокатор C7 создал голограмму H1 в (5,5,6)
!    ⚠️ Паук A8: клетка (5,1,4) занята кораблём
!    ⚠️ Паук B8: клетка (6,3,3) занята кораблём
   💣 Паук C8 установил мину M1 в (4,5,6)

📦 ПЕРЕМЕЩЕНИЯ:
!    ⚠️ Радиовышка A2: клетка (5,5,4) занята
✓    💥 Прыгун A3 тараном уничтожил Артиллерия B1 в (5,7,4)
   Прыгун A3: (6, 7, 3) → (5,7,4)
!    ⚠️ Бурав A6: Бурав двигается только по 1 оси или по 2 осям строго диагонально
   Радиовышка B2: (5, 6, 4) → (6,7,3)
✓    💥 Прыгун B3 тараном уничтожил Факел A4 в (6,1,3)
   Прыгун B3: (5, 0, 4) → (6,1,3)
!    ⚠️ Бурав B6: Бурав двигается только по 1 оси или по 2 осям строго диагонально
   Радиовышка C2: (2, 4, 7) → (3,5,6)
   Прыгун C3: (0, 4, 7) → (1,5,6)
!    ⚠️ Бурав C6: Бурав двигается только по 1 оси или по 2 осям строго диагонально

🎯 ВЫСТРЕЛЫ:
✓    ✅ Артиллерия C1 поразил Прыгун A3 (2 урона)!
   Выпущено ракет: 2
# 
📊 РЕЗУЛЬТАТЫ ХОДА 1:
✓ 💥 ПОПАДАНИЯ:
✓    Артиллерия C1 (Team C) → Прыгун A3 (Team A)

--- Результаты хода ---
  Team A / Прыгун A3          → Team B / Артиллерия B1      @ (5,7,4)  (УБИТ)
  Team B / Прыгун B3          → Team A / Факел A4           @ (6,1,3)  (УБИТ)
  Team C / Артиллерия C1      → Team A / Прыгун A3          @ (5,7,4)  (УБИТ)

--- Состояние команд после хода ---
  Team A: живых 6/8
    ✓ Артиллерия A1      @ (6,3,3) hp=1/1
    ✓ Радиовышка A2      @ (6,4,3) hp=3/3
    ✓ Тишина A5          @ (6,6,3) hp=2/2
    ✓ Бурав A6           @ (6,9,3) hp=4/4
    ✓ Провокатор A7      @ (6,0,3) hp=2/2
    ✓ Паук A8            @ (6,2,3) hp=1/1
    ✗ Прыгун A3          @ (5,7,4) [уничтожен]
    ✗ Факел A4           @ (6,1,3) [уничтожен]
  Team B: живых 7/8
    ✓ Радиовышка B2      @ (6,7,3) hp=3/3
    ✓ Прыгун B3          @ (6,1,3) hp=2/2
    ✓ Факел B4           @ (5,8,4) hp=6/6
    ✓ Тишина B5          @ (5,1,4) hp=2/2
    ✓ Бурав B6           @ (5,5,4) hp=4/4
    ✓ Провокатор B7      @ (5,3,4) hp=2/2
    ✓ Паук B8            @ (5,4,4) hp=1/1
    ✗ Артиллерия B1      @ (5,7,4) [уничтожен]
  Team C: живых 8/8
    ✓ Артиллерия C1      @ (5,4,7) hp=1/1
    ✓ Радиовышка C2      @ (3,5,6) hp=3/3
    ✓ Прыгун C3          @ (1,5,6) hp=2/2
    ✓ Факел C4           @ (7,4,7) hp=6/6
    ✓ Тишина C5          @ (6,4,7) hp=2/2
    ✓ Бурав C6           @ (1,4,7) hp=4/4
    ✓ Провокатор C7      @ (4,4,7) hp=2/2
    ✓ Паук C8            @ (3,4,7) hp=1/1

======================================================================
ХОД 2
======================================================================
✓ 🎮 GM: начинаем ход
GM: start_turn

--- Радиовышки: сканирование слоя Z ---
  Радиовышка A2 (z=3): видит 2 врагов  → Прыгун B3(6,1,3), Радиовышка B2(6,7,3)
  Радиовышка B2 (z=3): видит 5 врагов  → Провокатор A7(6,0,3), Паук A8(6,2,3), Артиллерия A1(6,3,3), Радиовышка A2(6,4,3), Бурав A6(6,9,3)
  Радиовышка C2 (z=6): слой чист

--- Решения ботов ---
  [Team A] Артиллерия A1 (6,3,3) → SHOOT at (5,4,7)
  [Team A] Радиовышка A2 (6,4,3) → MOVE (5,5,4)
  [Team A] Тишина A5 (6,6,3) → MOVE (6,7,3)
  [Team A] Бурав A6 (6,9,3) → MOVE (5,8,4)
  [Team A] Провокатор A7 (6,0,3) → HOLOGRAM (6,1,3)
  [Team A] Паук A8 (6,2,3) → MINE (6,1,3)
  [Team B] Радиовышка B2 (6,7,3) → MOVE (6,8,3)
  [Team B] Прыгун B3 (6,1,3) → MOVE (6,3,3)
  [Team B] Факел B4 (5,8,4) → MOVE (5,7,3)
  [Team B] Тишина B5 (5,1,4) → MOVE (6,0,3)
  [Team B] Бурав B6 (5,5,4) → MOVE (3,5,6)
  [Team B] Провокатор B7 (5,3,4) → HOLOGRAM (6,3,4)
  [Team B] Паук B8 (5,4,4) → MINE (4,5,5)
  [Team C] Артиллерия C1 (5,4,7) → SHOOT at (6,3,3)
  [Team C] Радиовышка C2 (3,5,6) → MOVE (4,5,5)
  [Team C] Прыгун C3 (1,5,6) → MOVE (2,6,5)
  [Team C] Тишина C5 (6,4,7) → MOVE (5,5,6)
  [Team C] Бурав C6 (1,4,7) → MOVE (2,5,6)
  [Team C] Провокатор C7 (4,4,7) → HOLOGRAM (5,5,7)
  [Team C] Паук C8 (3,4,7) → MINE (4,5,6)
  [Team C] Факел C4 → SKIP
! 🎮 GM: принудительно завершает фазу планирования
GM: end_planning
# 
============================================================
# 🔄 ОБРАБОТКА ХОДА 2
# ============================================================
   🌀 Тишина A5: фаза спала (действовала 1 ход)
   🌀 Тишина B5: фаза спала (действовала 1 ход)
   🌀 Тишина C5: фаза спала (действовала 1 ход)
!    ⚠️ Провокатор A7: клетка (6,1,3) занята кораблём
   🪞 Провокатор B7 создал голограмму H2 в (6,3,4)
   🪞 Провокатор C7 создал голограмму H3 в (5,5,7)
!    ⚠️ Паук A8: клетка (6,1,3) занята кораблём
   💣 Паук B8 установил мину M2 в (4,5,5)
!    ⚠️ Паук C8: в клетке уже стоит мина

📦 ПЕРЕМЕЩЕНИЯ:
!    ⚠️ Радиовышка A2: клетка (5,5,4) занята
!    ⚠️ Тишина A5: клетка (6,7,3) занята
!    ⚠️ Бурав A6: Бурав двигается только по 1 оси или по 2 осям строго диагонально
   Радиовышка B2: (6, 7, 3) → (6,8,3)
✓    💥 Прыгун B3 тараном уничтожил Артиллерия A1 в (6,3,3)
   Прыгун B3: (6, 1, 3) → (6,3,3)
   Факел B4: (5, 8, 4) → (5,7,3)
!    ⚠️ Тишина B5: клетка (6,0,3) занята
✓    💥 Бурав B6 тараном уничтожил Радиовышка C2 в (3,5,6)
   Бурав B6: (5, 5, 4) → (3,5,6)
   Прыгун C3: (1, 5, 6) → (2,6,5)
!    ⚠️ Тишина C5: клетка (5,5,6) занята
!    ⚠️ Бурав C6: Бурав двигается только по 1 оси или по 2 осям строго диагонально

🎯 ВЫСТРЕЛЫ:
✓    ✅ Артиллерия C1 поразил Прыгун B3 (2 урона)!
   Выпущено ракет: 1
# 
📊 РЕЗУЛЬТАТЫ ХОДА 2:
✓ 💥 ПОПАДАНИЯ:
✓    Артиллерия C1 (Team C) → Прыгун B3 (Team B)

--- Результаты хода ---
  Team B / Прыгун B3          → Team A / Артиллерия A1      @ (6,3,3)  (УБИТ)
  Team B / Бурав B6           → Team C / Радиовышка C2      @ (3,5,6)  (УБИТ)
  Team C / Артиллерия C1      → Team B / Прыгун B3          @ (6,3,3)  (УБИТ)

--- Состояние команд после хода ---
  Team A: живых 5/8
    ✓ Радиовышка A2      @ (6,4,3) hp=3/3
    ✓ Тишина A5          @ (6,6,3) hp=2/2
    ✓ Бурав A6           @ (6,9,3) hp=4/4
    ✓ Провокатор A7      @ (6,0,3) hp=2/2
    ✓ Паук A8            @ (6,2,3) hp=1/1
    ✗ Артиллерия A1      @ (6,3,3) [уничтожен]
    ✗ Прыгун A3          @ (5,7,4) [уничтожен]
    ✗ Факел A4           @ (6,1,3) [уничтожен]
  Team B: живых 6/8
    ✓ Радиовышка B2      @ (6,8,3) hp=3/3
    ✓ Факел B4           @ (5,7,3) hp=6/6
    ✓ Тишина B5          @ (5,1,4) hp=2/2
    ✓ Бурав B6           @ (3,5,6) hp=4/4
    ✓ Провокатор B7      @ (5,3,4) hp=2/2
    ✓ Паук B8            @ (5,4,4) hp=1/1
    ✗ Артиллерия B1      @ (5,7,4) [уничтожен]
    ✗ Прыгун B3          @ (6,3,3) [уничтожен]
  Team C: живых 7/8
    ✓ Артиллерия C1      @ (5,4,7) hp=1/1
    ✓ Прыгун C3          @ (2,6,5) hp=2/2
    ✓ Факел C4           @ (7,4,7) hp=6/6
    ✓ Тишина C5          @ (6,4,7) hp=2/2
    ✓ Бурав C6           @ (1,4,7) hp=4/4
    ✓ Провокатор C7      @ (4,4,7) hp=2/2
    ✓ Паук C8            @ (3,4,7) hp=1/1
    ✗ Радиовышка C2      @ (3,5,6) [уничтожен]

======================================================================
ХОД 3
======================================================================
✓ 🎮 GM: начинаем ход
GM: start_turn

--- Радиовышки: сканирование слоя Z ---
  Радиовышка A2 (z=3): видит 2 врагов  → Факел B4(5,7,3), Радиовышка B2(6,8,3)
  Радиовышка B2 (z=3): видит 5 врагов  → Провокатор A7(6,0,3), Паук A8(6,2,3), Радиовышка A2(6,4,3), Тишина A5(6,6,3), Бурав A6(6,9,3)

--- Решения ботов ---
  [Team A] Радиовышка A2 (6,4,3) → MOVE (5,3,4)
  [Team A] Тишина A5 (6,6,3) → MOVE (5,7,3)
  [Team A] Бурав A6 (6,9,3) → MOVE (6,8,3)
  [Team A] Провокатор A7 (6,0,3) → HOLOGRAM (5,1,4)
  [Team A] Паук A8 (6,2,3) → MINE (5,1,4)
  [Team B] Радиовышка B2 (6,8,3) → MOVE (6,9,3)
  [Team B] Факел B4 (5,7,3) → MOVE (4,6,4)
  [Team B] Тишина B5 (5,1,4) → MOVE (6,0,3)
  [Team B] Бурав B6 (3,5,6) → MOVE (3,4,7)
  [Team B] Провокатор B7 (5,3,4) → HOLOGRAM (6,4,3)
  [Team B] Паук B8 (5,4,4) → MINE (6,4,3)
  [Team C] Артиллерия C1 (5,4,7) → SHOOT at (5,3,4)
  [Team C] Прыгун C3 (2,6,5) → MOVE (3,5,6)
  [Team C] Тишина C5 (6,4,7) → MOVE (5,3,6)
  [Team C] Бурав C6 (1,4,7) → MOVE (2,5,6)
  [Team C] Провокатор C7 (4,4,7) → HOLOGRAM (4,5,7)
  [Team C] Паук C8 (3,4,7) → MINE (3,5,7)
  [Team C] Факел C4 → SKIP
! 🎮 GM: принудительно завершает фазу планирования
GM: end_planning
# 
============================================================
# 🔄 ОБРАБОТКА ХОДА 3
# ============================================================
!    ⚠️ Провокатор A7: клетка (5,1,4) занята кораблём
!    ⚠️ Провокатор B7: клетка (6,4,3) занята кораблём
   🪞 Провокатор C7 создал голограмму H4 в (4,5,7)
!    ⚠️ Паук A8: клетка (5,1,4) занята кораблём
!    ⚠️ Паук B8: клетка (6,4,3) занята кораблём
   💣 Паук C8 установил мину M3 в (3,5,7)

📦 ПЕРЕМЕЩЕНИЯ:
!    ⚠️ Радиовышка A2: клетка (5,3,4) занята
!    ⚠️ Тишина A5: клетка (5,7,3) занята
✓    💥 Бурав A6 тараном уничтожил Радиовышка B2 в (6,8,3)
   Бурав A6: (6, 9, 3) → (6,8,3)
   Факел B4: (5, 7, 3) → (4,6,4)
!    ⚠️ Тишина B5: клетка (6,0,3) занята
✓    💥 Бурав B6 тараном уничтожил Паук C8 в (3,4,7)
   Бурав B6: (3, 5, 6) → (3,4,7)
   Прыгун C3: (2, 6, 5) → (3,5,6)
   Тишина C5: (6, 4, 7) → (5,3,6)
!    ⚠️ Бурав C6: Бурав двигается только по 1 оси или по 2 осям строго диагонально

🎯 ВЫСТРЕЛЫ:
✓    ✅ Артиллерия C1 поразил Провокатор B7 (2 урона)!
   Выпущено ракет: 1
# 
📊 РЕЗУЛЬТАТЫ ХОДА 3:
✓ 💥 ПОПАДАНИЯ:
✓    Артиллерия C1 (Team C) → Провокатор B7 (Team B)

--- Результаты хода ---
  Team A / Бурав A6           → Team B / Радиовышка B2      @ (6,8,3)  (УБИТ)
  Team B / Бурав B6           → Team C / Паук C8            @ (3,4,7)  (УБИТ)
  Team C / Артиллерия C1      → Team B / Провокатор B7      @ (5,3,4)  (УБИТ)

--- Состояние команд после хода ---
  Team A: живых 5/8
    ✓ Радиовышка A2      @ (6,4,3) hp=3/3
    ✓ Тишина A5          @ (6,6,3) hp=2/2
    ✓ Бурав A6           @ (6,8,3) hp=4/4
    ✓ Провокатор A7      @ (6,0,3) hp=2/2
    ✓ Паук A8            @ (6,2,3) hp=1/1
    ✗ Артиллерия A1      @ (6,3,3) [уничтожен]
    ✗ Прыгун A3          @ (5,7,4) [уничтожен]
    ✗ Факел A4           @ (6,1,3) [уничтожен]
  Team B: живых 4/8
    ✓ Факел B4           @ (4,6,4) hp=6/6
    ✓ Тишина B5          @ (5,1,4) hp=2/2
    ✓ Бурав B6           @ (3,4,7) hp=4/4
    ✓ Паук B8            @ (5,4,4) hp=1/1
    ✗ Артиллерия B1      @ (5,7,4) [уничтожен]
    ✗ Радиовышка B2      @ (6,8,3) [уничтожен]
    ✗ Прыгун B3          @ (6,3,3) [уничтожен]
    ✗ Провокатор B7      @ (5,3,4) [уничтожен]
  Team C: живых 6/8
    ✓ Артиллерия C1      @ (5,4,7) hp=1/1
    ✓ Прыгун C3          @ (3,5,6) hp=2/2
    ✓ Факел C4           @ (7,4,7) hp=6/6
    ✓ Тишина C5          @ (5,3,6) hp=2/2
    ✓ Бурав C6           @ (1,4,7) hp=4/4
    ✓ Провокатор C7      @ (4,4,7) hp=2/2
    ✗ Радиовышка C2      @ (3,5,6) [уничтожен]
    ✗ Паук C8            @ (3,4,7) [уничтожен]

======================================================================
ХОД 4
======================================================================
✓ 🎮 GM: начинаем ход
GM: start_turn

--- Радиовышки: сканирование слоя Z ---
  Радиовышка A2 (z=3): слой чист

--- Решения ботов ---
  [Team A] Радиовышка A2 (6,4,3) → MOVE (5,4,4)
  [Team A] Тишина A5 (6,6,3) → MOVE (5,6,4)
  [Team A] Бурав A6 (6,8,3) → MOVE (5,7,4)
  [Team A] Провокатор A7 (6,0,3) → HOLOGRAM (5,1,4)
  [Team A] Паук A8 (6,2,3) → MINE (5,1,4)
  [Team B] Факел B4 (4,6,4) → MOVE (4,5,5)
  [Team B] Тишина B5 (5,1,4) → MOVE (6,0,3)
  [Team B] Бурав B6 (3,4,7) → MOVE (5,4,7)
  [Team B] Паук B8 (5,4,4) → MINE (6,4,3)
  [Team C] Артиллерия C1 (5,4,7) → SHOOT at (6,0,3)
  [Team C] Прыгун C3 (3,5,6) → MOVE (4,6,4)
  [Team C] Факел C4 (7,4,7) → SHOOT at (3,4,7)
  [Team C] Тишина C5 (5,3,6) → MOVE (5,2,5)
  [Team C] Бурав C6 (1,4,7) → MOVE (3,4,7)
  [Team C] Провокатор C7 (4,4,7) → SHOOT at (3,4,7)
! 🎮 GM: принудительно завершает фазу планирования
GM: end_planning
# 
============================================================
# 🔄 ОБРАБОТКА ХОДА 4
# ============================================================
!    ⚠️ Провокатор A7: клетка (5,1,4) занята кораблём
!    ⚠️ Паук A8: клетка (5,1,4) занята кораблём
!    ⚠️ Паук B8: клетка (6,4,3) занята кораблём

📦 ПЕРЕМЕЩЕНИЯ:
!    ⚠️ Радиовышка A2: клетка (5,4,4) занята
   Тишина A5: (6, 6, 3) → (5,6,4)
!    ⚠️ Бурав A6: Бурав двигается только по 1 оси или по 2 осям строго диагонально
   Факел B4: (4, 6, 4) → (4,5,5)
!    ⚠️ Тишина B5: клетка (6,0,3) занята
✓    💥 Бурав B6 тараном уничтожил Артиллерия C1 в (5,4,7)
   Бурав B6: (3, 4, 7) → (5,4,7)
   Прыгун C3: (3, 5, 6) → (4,6,4)
   Тишина C5: (5, 3, 6) → (5,2,5)
   Бурав C6: (1, 4, 7) → (3,4,7)

🎯 ВЫСТРЕЛЫ:
!    🛡️ Выстрел Провокатор C7 заблокирован союзником Бурав C6 в (3, 4, 7)
✓    ✅ Факел C4 поразил Бурав B6 (1 урона)!
   Выпущено ракет: 2
# 
📊 РЕЗУЛЬТАТЫ ХОДА 4:
✓ 💥 ПОПАДАНИЯ:
✓    Факел C4 (Team C) → Бурав B6 (Team B)

--- Результаты хода ---
  Team B / Бурав B6           → Team C / Артиллерия C1      @ (5,4,7)  (УБИТ)
  Team C / Факел C4           → Team B / Бурав B6           @ (5,4,7)  (ранен)

--- Состояние команд после хода ---
  Team A: живых 5/8
    ✓ Радиовышка A2      @ (6,4,3) hp=3/3
    ✓ Тишина A5          @ (5,6,4) hp=2/2
    ✓ Бурав A6           @ (6,8,3) hp=4/4
    ✓ Провокатор A7      @ (6,0,3) hp=2/2
    ✓ Паук A8            @ (6,2,3) hp=1/1
    ✗ Артиллерия A1      @ (6,3,3) [уничтожен]
    ✗ Прыгун A3          @ (5,7,4) [уничтожен]
    ✗ Факел A4           @ (6,1,3) [уничтожен]
  Team B: живых 4/8
    ✓ Факел B4           @ (4,5,5) hp=6/6
    ✓ Тишина B5          @ (5,1,4) hp=2/2
    ✓ Бурав B6           @ (5,4,7) hp=3/4
    ✓ Паук B8            @ (5,4,4) hp=1/1
    ✗ Артиллерия B1      @ (5,7,4) [уничтожен]
    ✗ Радиовышка B2      @ (6,8,3) [уничтожен]
    ✗ Прыгун B3          @ (6,3,3) [уничтожен]
    ✗ Провокатор B7      @ (5,3,4) [уничтожен]
  Team C: живых 5/8
    ✓ Прыгун C3          @ (4,6,4) hp=2/2
    ✓ Факел C4           @ (7,4,7) hp=6/6
    ✓ Тишина C5          @ (5,2,5) hp=2/2
    ✓ Бурав C6           @ (3,4,7) hp=4/4
    ✓ Провокатор C7      @ (4,4,7) hp=2/2
    ✗ Артиллерия C1      @ (5,4,7) [уничтожен]
    ✗ Радиовышка C2      @ (3,5,6) [уничтожен]
    ✗ Паук C8            @ (3,4,7) [уничтожен]

======================================================================
ХОД 5
======================================================================
✓ 🎮 GM: начинаем ход
GM: start_turn

--- Радиовышки: сканирование слоя Z ---
  Радиовышка A2 (z=3): слой чист

--- Решения ботов ---
  [Team A] Радиовышка A2 (6,4,3) → MOVE (5,4,4)
  [Team A] Тишина A5 (5,6,4) → PHASE toggle
  [Team A] Бурав A6 (6,8,3) → MOVE (5,7,4)
  [Team A] Провокатор A7 (6,0,3) → HOLOGRAM (5,1,4)
  [Team A] Паук A8 (6,2,3) → MINE (6,3,4)
  [Team B] Факел B4 (4,5,5) → HEAL (AoE)
  [Team B] Тишина B5 (5,1,4) → PHASE toggle
  [Team B] Бурав B6 (5,4,7) → MOVE (7,4,7)
  [Team B] Паук B8 (5,4,4) → MINE (6,4,3)
  [Team C] Прыгун C3 (4,6,4) → MOVE (4,5,5)
  [Team C] Факел C4 (7,4,7) → SHOOT at (5,4,7)
  [Team C] Тишина C5 (5,2,5) → PHASE toggle
  [Team C] Бурав C6 (3,4,7) → MOVE (5,4,7)
  [Team C] Провокатор C7 (4,4,7) → SHOOT at (5,4,7)
! 🎮 GM: принудительно завершает фазу планирования
GM: end_planning
# 
============================================================
# 🔄 ОБРАБОТКА ХОДА 5
# ============================================================
   🌀 Тишина A5: уходит в фазу на 1 ход
   🌀 Тишина B5: уходит в фазу на 1 ход
   🌀 Тишина C5: уходит в фазу на 1 ход
!    ⚠️ Провокатор A7: клетка (5,1,4) занята кораблём
   💣 Паук A8 установил мину M4 в (6,3,4)
!    ⚠️ Паук B8: клетка (6,4,3) занята кораблём

📦 ПЕРЕМЕЩЕНИЯ:
!    ⚠️ Радиовышка A2: клетка (5,4,4) занята
!    ⚠️ Бурав A6: Бурав двигается только по 1 оси или по 2 осям строго диагонально
✓    💥 Бурав B6 тараном уничтожил Факел C4 в (7,4,7)
   Бурав B6: (5, 4, 7) → (7,4,7)
✓    💥 Прыгун C3 тараном уничтожил Факел B4 в (4,5,5)
   Прыгун C3: (4, 6, 4) → (4,5,5)
!    💥 Мина M2 сработала под Прыгун C3 (урон 2) — КОРАБЛЬ УНИЧТОЖЕН
   Бурав C6: (3, 4, 7) → (5,4,7)

🎯 ВЫСТРЕЛЫ:
!    🛡️ Выстрел Провокатор C7 заблокирован союзником Бурав C6 в (5, 4, 7)
   Выпущено ракет: 1
# 
📊 РЕЗУЛЬТАТЫ ХОДА 5:
🎯 Попаданий нет

--- Результаты хода ---
  Team B / Бурав B6           → Team C / Факел C4           @ (7,4,7)  (УБИТ)
  Team C / Прыгун C3          → Team B / Факел B4           @ (4,5,5)  (УБИТ)
  ? / ?                  → Team C / Прыгун C3          @ (4,5,5)  (УБИТ)

--- Состояние команд после хода ---
  Team A: живых 5/8
    ✓ Радиовышка A2      @ (6,4,3) hp=3/3
    ✓ Тишина A5          @ (5,6,4) hp=2/2
    ✓ Бурав A6           @ (6,8,3) hp=4/4
    ✓ Провокатор A7      @ (6,0,3) hp=2/2
    ✓ Паук A8            @ (6,2,3) hp=1/1
    ✗ Артиллерия A1      @ (6,3,3) [уничтожен]
    ✗ Прыгун A3          @ (5,7,4) [уничтожен]
    ✗ Факел A4           @ (6,1,3) [уничтожен]
  Team B: живых 3/8
    ✓ Тишина B5          @ (5,1,4) hp=2/2
    ✓ Бурав B6           @ (7,4,7) hp=3/4
    ✓ Паук B8            @ (5,4,4) hp=1/1
    ✗ Артиллерия B1      @ (5,7,4) [уничтожен]
    ✗ Радиовышка B2      @ (6,8,3) [уничтожен]
    ✗ Прыгун B3          @ (6,3,3) [уничтожен]
    ✗ Факел B4           @ (4,5,5) [уничтожен]
    ✗ Провокатор B7      @ (5,3,4) [уничтожен]
  Team C: живых 3/8
    ✓ Тишина C5          @ (5,2,5) hp=2/2
    ✓ Бурав C6           @ (5,4,7) hp=4/4
    ✓ Провокатор C7      @ (4,4,7) hp=2/2
    ✗ Артиллерия C1      @ (5,4,7) [уничтожен]
    ✗ Радиовышка C2      @ (3,5,6) [уничтожен]
    ✗ Прыгун C3          @ (4,5,5) [уничтожен]
    ✗ Факел C4           @ (7,4,7) [уничтожен]
    ✗ Паук C8            @ (3,4,7) [уничтожен]

======================================================================
ХОД 6
======================================================================
✓ 🎮 GM: начинаем ход
GM: start_turn

--- Радиовышки: сканирование слоя Z ---
  Радиовышка A2 (z=3): слой чист

--- Решения ботов ---
  [Team A] Радиовышка A2 (6,4,3) → MOVE (5,4,4)
  [Team A] Тишина A5 (5,6,4) → MOVE (5,5,4)
  [Team A] Бурав A6 (6,8,3) → MOVE (7,7,4)
  [Team A] Провокатор A7 (6,0,3) → HOLOGRAM (7,1,4)
  [Team A] Паук A8 (6,2,3) → MINE (5,3,4)
  [Team B] Тишина B5 (5,1,4) → MOVE (6,0,3)
  [Team B] Бурав B6 (7,4,7) → MOVE (4,4,7)
  [Team B] Паук B8 (5,4,4) → MINE (6,4,3)
  [Team C] Тишина C5 (5,2,5) → MOVE (6,3,4)
  [Team C] Бурав C6 (5,4,7) → MOVE (7,4,7)
  [Team C] Провокатор C7 (4,4,7) → SHOOT at (7,4,7)
! 🎮 GM: принудительно завершает фазу планирования
GM: end_planning
# 
============================================================
# 🔄 ОБРАБОТКА ХОДА 6
# ============================================================
   🌀 Тишина A5: фаза спала (действовала 1 ход)
   🌀 Тишина B5: фаза спала (действовала 1 ход)
   🌀 Тишина C5: фаза спала (действовала 1 ход)
   🪞 Провокатор A7 создал голограмму H5 в (7,1,4)
   💣 Паук A8 установил мину M5 в (5,3,4)
!    ⚠️ Паук B8: клетка (6,4,3) занята кораблём

📦 ПЕРЕМЕЩЕНИЯ:
!    ⚠️ Радиовышка A2: клетка (5,4,4) занята
   Тишина A5: (5, 6, 4) → (5,5,4)
!    ⚠️ Бурав A6: Бурав двигается только по 1 оси или по 2 осям строго диагонально
!    ⚠️ Тишина B5: клетка (6,0,3) занята
✓    💥 Бурав B6 тараном уничтожил Провокатор C7 в (4,4,7)
   Бурав B6: (7, 4, 7) → (4,4,7)
!    ⚠️ Тишина C5: клетка (6,3,4) занята
   Бурав C6: (5, 4, 7) → (7,4,7)

🎯 ВЫСТРЕЛЫ:
   Выпущено ракет: 0
# 
📊 РЕЗУЛЬТАТЫ ХОДА 6:
🎯 Попаданий нет

--- Результаты хода ---
  Team B / Бурав B6           → Team C / Провокатор C7      @ (4,4,7)  (УБИТ)

--- Состояние команд после хода ---
  Team A: живых 5/8
    ✓ Радиовышка A2      @ (6,4,3) hp=3/3
    ✓ Тишина A5          @ (5,5,4) hp=2/2
    ✓ Бурав A6           @ (6,8,3) hp=4/4
    ✓ Провокатор A7      @ (6,0,3) hp=2/2
    ✓ Паук A8            @ (6,2,3) hp=1/1
    ✗ Артиллерия A1      @ (6,3,3) [уничтожен]
    ✗ Прыгун A3          @ (5,7,4) [уничтожен]
    ✗ Факел A4           @ (6,1,3) [уничтожен]
  Team B: живых 3/8
    ✓ Тишина B5          @ (5,1,4) hp=2/2
    ✓ Бурав B6           @ (4,4,7) hp=3/4
    ✓ Паук B8            @ (5,4,4) hp=1/1
    ✗ Артиллерия B1      @ (5,7,4) [уничтожен]
    ✗ Радиовышка B2      @ (6,8,3) [уничтожен]
    ✗ Прыгун B3          @ (6,3,3) [уничтожен]
    ✗ Факел B4           @ (4,5,5) [уничтожен]
    ✗ Провокатор B7      @ (5,3,4) [уничтожен]
  Team C: живых 2/8
    ✓ Тишина C5          @ (5,2,5) hp=2/2
    ✓ Бурав C6           @ (7,4,7) hp=4/4
    ✗ Артиллерия C1      @ (5,4,7) [уничтожен]
    ✗ Радиовышка C2      @ (3,5,6) [уничтожен]
    ✗ Прыгун C3          @ (4,5,5) [уничтожен]
    ✗ Факел C4           @ (7,4,7) [уничтожен]
    ✗ Провокатор C7      @ (4,4,7) [уничтожен]
    ✗ Паук C8            @ (3,4,7) [уничтожен]

======================================================================
ХОД 7
======================================================================
✓ 🎮 GM: начинаем ход
GM: start_turn

--- Радиовышки: сканирование слоя Z ---
  Радиовышка A2 (z=3): слой чист

--- Решения ботов ---
  [Team A] Радиовышка A2 (6,4,3) → MOVE (5,4,4)
  [Team A] Бурав A6 (6,8,3) → MOVE (5,7,4)
  [Team A] Провокатор A7 (6,0,3) → HOLOGRAM (5,1,4)
  [Team A] Паук A8 (6,2,3) → MINE (6,3,4)
  [Team A] Тишина A5 → SKIP
  [Team B] Тишина B5 (5,1,4) → MOVE (6,0,3)
  [Team B] Бурав B6 (4,4,7) → MOVE (7,4,7)
  [Team B] Паук B8 (5,4,4) → MINE (6,4,3)
  [Team C] Тишина C5 (5,2,5) → MOVE (5,1,4)
  [Team C] Бурав C6 (7,4,7) → MOVE (4,4,7)
! 🎮 GM: принудительно завершает фазу планирования
GM: end_planning
# 
============================================================
# 🔄 ОБРАБОТКА ХОДА 7
# ============================================================
!    ⚠️ Провокатор A7: клетка (5,1,4) занята кораблём
!    ⚠️ Паук A8: в клетке уже стоит мина
!    ⚠️ Паук B8: клетка (6,4,3) занята кораблём

📦 ПЕРЕМЕЩЕНИЯ:
!    ⚠️ Радиовышка A2: клетка (5,4,4) занята
!    ⚠️ Бурав A6: Бурав двигается только по 1 оси или по 2 осям строго диагонально
!    ⚠️ Тишина B5: клетка (6,0,3) занята
✓    💥 Бурав B6 тараном уничтожил Бурав C6 в (7,4,7)
   Бурав B6: (4, 4, 7) → (7,4,7)
!    ⚠️ Тишина C5: клетка (5,1,4) занята

🎯 ВЫСТРЕЛЫ:
   Выпущено ракет: 0
# 
📊 РЕЗУЛЬТАТЫ ХОДА 7:
🎯 Попаданий нет

--- Результаты хода ---
  Team B / Бурав B6           → Team C / Бурав C6           @ (7,4,7)  (УБИТ)

--- Состояние команд после хода ---
  Team A: живых 5/8
    ✓ Радиовышка A2      @ (6,4,3) hp=3/3
    ✓ Тишина A5          @ (5,5,4) hp=2/2
    ✓ Бурав A6           @ (6,8,3) hp=4/4
    ✓ Провокатор A7      @ (6,0,3) hp=2/2
    ✓ Паук A8            @ (6,2,3) hp=1/1
    ✗ Артиллерия A1      @ (6,3,3) [уничтожен]
    ✗ Прыгун A3          @ (5,7,4) [уничтожен]
    ✗ Факел A4           @ (6,1,3) [уничтожен]
  Team B: живых 3/8
    ✓ Тишина B5          @ (5,1,4) hp=2/2
    ✓ Бурав B6           @ (7,4,7) hp=3/4
    ✓ Паук B8            @ (5,4,4) hp=1/1
    ✗ Артиллерия B1      @ (5,7,4) [уничтожен]
    ✗ Радиовышка B2      @ (6,8,3) [уничтожен]
    ✗ Прыгун B3          @ (6,3,3) [уничтожен]
    ✗ Факел B4           @ (4,5,5) [уничтожен]
    ✗ Провокатор B7      @ (5,3,4) [уничтожен]
  Team C: живых 1/8
    ✓ Тишина C5          @ (5,2,5) hp=2/2
    ✗ Артиллерия C1      @ (5,4,7) [уничтожен]
    ✗ Радиовышка C2      @ (3,5,6) [уничтожен]
    ✗ Прыгун C3          @ (4,5,5) [уничтожен]
    ✗ Факел C4           @ (7,4,7) [уничтожен]
    ✗ Бурав C6           @ (7,4,7) [уничтожен]
    ✗ Провокатор C7      @ (4,4,7) [уничтожен]
    ✗ Паук C8            @ (3,4,7) [уничтожен]

======================================================================
ХОД 8
======================================================================
✓ 🎮 GM: начинаем ход
GM: start_turn

--- Радиовышки: сканирование слоя Z ---
  Радиовышка A2 (z=3): слой чист

--- Решения ботов ---
  [Team A] Радиовышка A2 (6,4,3) → MOVE (5,4,4)
  [Team A] Бурав A6 (6,8,3) → MOVE (7,7,4)
  [Team A] Провокатор A7 (6,0,3) → HOLOGRAM (5,1,4)
  [Team A] Паук A8 (6,2,3) → MINE (6,3,4)
  [Team A] Тишина A5 → SKIP
  [Team B] Тишина B5 (5,1,4) → MOVE (6,0,3)
  [Team B] Бурав B6 (7,4,7) → MOVE (6,3,6)
  [Team B] Паук B8 (5,4,4) → MINE (6,4,3)
  [Team C] Тишина C5 (5,2,5) → MOVE (5,1,4)
! 🎮 GM: принудительно завершает фазу планирования
GM: end_planning
# 
============================================================
# 🔄 ОБРАБОТКА ХОДА 8
# ============================================================
!    ⚠️ Провокатор A7: клетка (5,1,4) занята кораблём
!    ⚠️ Паук A8: в клетке уже стоит мина
!    ⚠️ Паук B8: клетка (6,4,3) занята кораблём

📦 ПЕРЕМЕЩЕНИЯ:
!    ⚠️ Радиовышка A2: клетка (5,4,4) занята
!    ⚠️ Бурав A6: Бурав двигается только по 1 оси или по 2 осям строго диагонально
!    ⚠️ Тишина B5: клетка (6,0,3) занята
!    ⚠️ Бурав B6: Бурав двигается только по 1 оси или по 2 осям строго диагонально
!    ⚠️ Тишина C5: клетка (5,1,4) занята

🎯 ВЫСТРЕЛЫ:
   Выпущено ракет: 0
# 
📊 РЕЗУЛЬТАТЫ ХОДА 8:
🎯 Попаданий нет

--- Результаты хода ---
  Попаданий нет

--- Состояние команд после хода ---
  Team A: живых 5/8
    ✓ Радиовышка A2      @ (6,4,3) hp=3/3
    ✓ Тишина A5          @ (5,5,4) hp=2/2
    ✓ Бурав A6           @ (6,8,3) hp=4/4
    ✓ Провокатор A7      @ (6,0,3) hp=2/2
    ✓ Паук A8            @ (6,2,3) hp=1/1
    ✗ Артиллерия A1      @ (6,3,3) [уничтожен]
    ✗ Прыгун A3          @ (5,7,4) [уничтожен]
    ✗ Факел A4           @ (6,1,3) [уничтожен]
  Team B: живых 3/8
    ✓ Тишина B5          @ (5,1,4) hp=2/2
    ✓ Бурав B6           @ (7,4,7) hp=3/4
    ✓ Паук B8            @ (5,4,4) hp=1/1
    ✗ Артиллерия B1      @ (5,7,4) [уничтожен]
    ✗ Радиовышка B2      @ (6,8,3) [уничтожен]
    ✗ Прыгун B3          @ (6,3,3) [уничтожен]
    ✗ Факел B4           @ (4,5,5) [уничтожен]
    ✗ Провокатор B7      @ (5,3,4) [уничтожен]
  Team C: живых 1/8
    ✓ Тишина C5          @ (5,2,5) hp=2/2
    ✗ Артиллерия C1      @ (5,4,7) [уничтожен]
    ✗ Радиовышка C2      @ (3,5,6) [уничтожен]
    ✗ Прыгун C3          @ (4,5,5) [уничтожен]
    ✗ Факел C4           @ (7,4,7) [уничтожен]
    ✗ Бурав C6           @ (7,4,7) [уничтожен]
    ✗ Провокатор C7      @ (4,4,7) [уничтожен]
    ✗ Паук C8            @ (3,4,7) [уничтожен]

======================================================================
ХОД 9
======================================================================
✓ 🎮 GM: начинаем ход
GM: start_turn

--- Радиовышки: сканирование слоя Z ---
  Радиовышка A2 (z=3): слой чист

--- Решения ботов ---
  [Team A] Радиовышка A2 (6,4,3) → MOVE (5,4,4)
  [Team A] Бурав A6 (6,8,3) → MOVE (7,7,4)
  [Team A] Провокатор A7 (6,0,3) → HOLOGRAM (5,1,4)
  [Team A] Паук A8 (6,2,3) → MINE (6,3,4)
  [Team A] Тишина A5 → SKIP
  [Team B] Тишина B5 (5,1,4) → PHASE toggle
  [Team B] Бурав B6 (7,4,7) → MOVE (6,3,6)
  [Team B] Паук B8 (5,4,4) → MINE (6,4,3)
  [Team C] Тишина C5 (5,2,5) → PHASE toggle
! 🎮 GM: принудительно завершает фазу планирования
GM: end_planning
# 
============================================================
# 🔄 ОБРАБОТКА ХОДА 9
# ============================================================
   🌀 Тишина B5: уходит в фазу на 1 ход
   🌀 Тишина C5: уходит в фазу на 1 ход
!    ⚠️ Провокатор A7: клетка (5,1,4) занята кораблём
!    ⚠️ Паук A8: в клетке уже стоит мина
!    ⚠️ Паук B8: клетка (6,4,3) занята кораблём

📦 ПЕРЕМЕЩЕНИЯ:
!    ⚠️ Радиовышка A2: клетка (5,4,4) занята
!    ⚠️ Бурав A6: Бурав двигается только по 1 оси или по 2 осям строго диагонально
!    ⚠️ Бурав B6: Бурав двигается только по 1 оси или по 2 осям строго диагонально

🎯 ВЫСТРЕЛЫ:
   Выпущено ракет: 0
# 
📊 РЕЗУЛЬТАТЫ ХОДА 9:
🎯 Попаданий нет

--- Результаты хода ---
  Попаданий нет

--- Состояние команд после хода ---
  Team A: живых 5/8
    ✓ Радиовышка A2      @ (6,4,3) hp=3/3
    ✓ Тишина A5          @ (5,5,4) hp=2/2
    ✓ Бурав A6           @ (6,8,3) hp=4/4
    ✓ Провокатор A7      @ (6,0,3) hp=2/2
    ✓ Паук A8            @ (6,2,3) hp=1/1
    ✗ Артиллерия A1      @ (6,3,3) [уничтожен]
    ✗ Прыгун A3          @ (5,7,4) [уничтожен]
    ✗ Факел A4           @ (6,1,3) [уничтожен]
  Team B: живых 3/8
    ✓ Тишина B5          @ (5,1,4) hp=2/2
    ✓ Бурав B6           @ (7,4,7) hp=3/4
    ✓ Паук B8            @ (5,4,4) hp=1/1
    ✗ Артиллерия B1      @ (5,7,4) [уничтожен]
    ✗ Радиовышка B2      @ (6,8,3) [уничтожен]
    ✗ Прыгун B3          @ (6,3,3) [уничтожен]
    ✗ Факел B4           @ (4,5,5) [уничтожен]
    ✗ Провокатор B7      @ (5,3,4) [уничтожен]
  Team C: живых 1/8
    ✓ Тишина C5          @ (5,2,5) hp=2/2
    ✗ Артиллерия C1      @ (5,4,7) [уничтожен]
    ✗ Радиовышка C2      @ (3,5,6) [уничтожен]
    ✗ Прыгун C3          @ (4,5,5) [уничтожен]
    ✗ Факел C4           @ (7,4,7) [уничтожен]
    ✗ Бурав C6           @ (7,4,7) [уничтожен]
    ✗ Провокатор C7      @ (4,4,7) [уничтожен]
    ✗ Паук C8            @ (3,4,7) [уничтожен]

======================================================================
ХОД 10
======================================================================
✓ 🎮 GM: начинаем ход
GM: start_turn

--- Радиовышки: сканирование слоя Z ---
  Радиовышка A2 (z=3): слой чист

--- Решения ботов ---
  [Team A] Радиовышка A2 (6,4,3) → MOVE (5,4,4)
  [Team A] Бурав A6 (6,8,3) → MOVE (7,7,4)
  [Team A] Провокатор A7 (6,0,3) → HOLOGRAM (7,1,4)
  [Team A] Паук A8 (6,2,3) → MINE (5,3,4)
  [Team A] Тишина A5 → SKIP
  [Team B] Тишина B5 (5,1,4) → MOVE (6,0,3)
  [Team B] Бурав B6 (7,4,7) → MOVE (6,5,6)
  [Team B] Паук B8 (5,4,4) → MINE (6,4,3)
  [Team C] Тишина C5 (5,2,5) → MOVE (6,3,4)
! 🎮 GM: принудительно завершает фазу планирования
GM: end_planning
# 
============================================================
# 🔄 ОБРАБОТКА ХОДА 10
# ============================================================
   🌀 Тишина B5: фаза спала (действовала 1 ход)
   🌀 Тишина C5: фаза спала (действовала 1 ход)
!    ⚠️ Провокатор A7: клетка (7,1,4) уже занята голограммой
!    ⚠️ Паук A8: в клетке уже стоит мина
!    ⚠️ Паук B8: клетка (6,4,3) занята кораблём

📦 ПЕРЕМЕЩЕНИЯ:
!    ⚠️ Радиовышка A2: клетка (5,4,4) занята
!    ⚠️ Бурав A6: Бурав двигается только по 1 оси или по 2 осям строго диагонально
!    ⚠️ Тишина B5: клетка (6,0,3) занята
!    ⚠️ Бурав B6: Бурав двигается только по 1 оси или по 2 осям строго диагонально
!    ⚠️ Тишина C5: клетка (6,3,4) занята

🎯 ВЫСТРЕЛЫ:
   Выпущено ракет: 0
# 
📊 РЕЗУЛЬТАТЫ ХОДА 10:
🎯 Попаданий нет

--- Результаты хода ---
  Попаданий нет

--- Состояние команд после хода ---
  Team A: живых 5/8
    ✓ Радиовышка A2      @ (6,4,3) hp=3/3
    ✓ Тишина A5          @ (5,5,4) hp=2/2
    ✓ Бурав A6           @ (6,8,3) hp=4/4
    ✓ Провокатор A7      @ (6,0,3) hp=2/2
    ✓ Паук A8            @ (6,2,3) hp=1/1
    ✗ Артиллерия A1      @ (6,3,3) [уничтожен]
    ✗ Прыгун A3          @ (5,7,4) [уничтожен]
    ✗ Факел A4           @ (6,1,3) [уничтожен]
  Team B: живых 3/8
    ✓ Тишина B5          @ (5,1,4) hp=2/2
    ✓ Бурав B6           @ (7,4,7) hp=3/4
    ✓ Паук B8            @ (5,4,4) hp=1/1
    ✗ Артиллерия B1      @ (5,7,4) [уничтожен]
    ✗ Радиовышка B2      @ (6,8,3) [уничтожен]
    ✗ Прыгун B3          @ (6,3,3) [уничтожен]
    ✗ Факел B4           @ (4,5,5) [уничтожен]
    ✗ Провокатор B7      @ (5,3,4) [уничтожен]
  Team C: живых 1/8
    ✓ Тишина C5          @ (5,2,5) hp=2/2
    ✗ Артиллерия C1      @ (5,4,7) [уничтожен]
    ✗ Радиовышка C2      @ (3,5,6) [уничтожен]
    ✗ Прыгун C3          @ (4,5,5) [уничтожен]
    ✗ Факел C4           @ (7,4,7) [уничтожен]
    ✗ Бурав C6           @ (7,4,7) [уничтожен]
    ✗ Провокатор C7      @ (4,4,7) [уничтожен]
    ✗ Паук C8            @ (3,4,7) [уничтожен]

======================================================================
ХОД 11
======================================================================
✓ 🎮 GM: начинаем ход
GM: start_turn

--- Радиовышки: сканирование слоя Z ---
  Радиовышка A2 (z=3): слой чист

--- Решения ботов ---
  [Team A] Радиовышка A2 (6,4,3) → MOVE (5,4,4)
  [Team A] Бурав A6 (6,8,3) → MOVE (7,7,4)
  [Team A] Провокатор A7 (6,0,3) → HOLOGRAM (5,1,4)
  [Team A] Паук A8 (6,2,3) → MINE (6,3,4)
  [Team A] Тишина A5 → SKIP
  [Team B] Тишина B5 (5,1,4) → MOVE (6,0,3)
  [Team B] Бурав B6 (7,4,7) → MOVE (6,3,6)
  [Team B] Паук B8 (5,4,4) → MINE (6,4,3)
  [Team C] Тишина C5 (5,2,5) → MOVE (5,1,4)
! 🎮 GM: принудительно завершает фазу планирования
GM: end_planning
# 
============================================================
# 🔄 ОБРАБОТКА ХОДА 11
# ============================================================
!    ⚠️ Провокатор A7: клетка (5,1,4) занята кораблём
!    ⚠️ Паук A8: в клетке уже стоит мина
!    ⚠️ Паук B8: клетка (6,4,3) занята кораблём

📦 ПЕРЕМЕЩЕНИЯ:
!    ⚠️ Радиовышка A2: клетка (5,4,4) занята
!    ⚠️ Бурав A6: Бурав двигается только по 1 оси или по 2 осям строго диагонально
!    ⚠️ Тишина B5: клетка (6,0,3) занята
!    ⚠️ Бурав B6: Бурав двигается только по 1 оси или по 2 осям строго диагонально
!    ⚠️ Тишина C5: клетка (5,1,4) занята

🎯 ВЫСТРЕЛЫ:
   Выпущено ракет: 0
# 
📊 РЕЗУЛЬТАТЫ ХОДА 11:
🎯 Попаданий нет

--- Результаты хода ---
  Попаданий нет

--- Состояние команд после хода ---
  Team A: живых 5/8
    ✓ Радиовышка A2      @ (6,4,3) hp=3/3
    ✓ Тишина A5          @ (5,5,4) hp=2/2
    ✓ Бурав A6           @ (6,8,3) hp=4/4
    ✓ Провокатор A7      @ (6,0,3) hp=2/2
    ✓ Паук A8            @ (6,2,3) hp=1/1
    ✗ Артиллерия A1      @ (6,3,3) [уничтожен]
    ✗ Прыгун A3          @ (5,7,4) [уничтожен]
    ✗ Факел A4           @ (6,1,3) [уничтожен]
  Team B: живых 3/8
    ✓ Тишина B5          @ (5,1,4) hp=2/2
    ✓ Бурав B6           @ (7,4,7) hp=3/4
    ✓ Паук B8            @ (5,4,4) hp=1/1
    ✗ Артиллерия B1      @ (5,7,4) [уничтожен]
    ✗ Радиовышка B2      @ (6,8,3) [уничтожен]
    ✗ Прыгун B3          @ (6,3,3) [уничтожен]
    ✗ Факел B4           @ (4,5,5) [уничтожен]
    ✗ Провокатор B7      @ (5,3,4) [уничтожен]
  Team C: живых 1/8
    ✓ Тишина C5          @ (5,2,5) hp=2/2
    ✗ Артиллерия C1      @ (5,4,7) [уничтожен]
    ✗ Радиовышка C2      @ (3,5,6) [уничтожен]
    ✗ Прыгун C3          @ (4,5,5) [уничтожен]
    ✗ Факел C4           @ (7,4,7) [уничтожен]
    ✗ Бурав C6           @ (7,4,7) [уничтожен]
    ✗ Провокатор C7      @ (4,4,7) [уничтожен]
    ✗ Паук C8            @ (3,4,7) [уничтожен]

======================================================================
ХОД 12
======================================================================
✓ 🎮 GM: начинаем ход
GM: start_turn

--- Радиовышки: сканирование слоя Z ---
  Радиовышка A2 (z=3): слой чист

--- Решения ботов ---
  [Team A] Радиовышка A2 (6,4,3) → MOVE (5,4,4)
  [Team A] Бурав A6 (6,8,3) → MOVE (7,7,4)
  [Team A] Провокатор A7 (6,0,3) → HOLOGRAM (5,1,4)
  [Team A] Паук A8 (6,2,3) → MINE (6,3,4)
  [Team A] Тишина A5 → SKIP
  [Team B] Тишина B5 (5,1,4) → MOVE (6,0,3)
  [Team B] Бурав B6 (7,4,7) → MOVE (6,3,6)
  [Team B] Паук B8 (5,4,4) → MINE (6,4,3)
  [Team C] Тишина C5 (5,2,5) → MOVE (5,1,4)
! 🎮 GM: принудительно завершает фазу планирования
GM: end_planning
# 
============================================================
# 🔄 ОБРАБОТКА ХОДА 12
# ============================================================
!    ⚠️ Провокатор A7: клетка (5,1,4) занята кораблём
!    ⚠️ Паук A8: в клетке уже стоит мина
!    ⚠️ Паук B8: клетка (6,4,3) занята кораблём

📦 ПЕРЕМЕЩЕНИЯ:
!    ⚠️ Радиовышка A2: клетка (5,4,4) занята
!    ⚠️ Бурав A6: Бурав двигается только по 1 оси или по 2 осям строго диагонально
!    ⚠️ Тишина B5: клетка (6,0,3) занята
!    ⚠️ Бурав B6: Бурав двигается только по 1 оси или по 2 осям строго диагонально
!    ⚠️ Тишина C5: клетка (5,1,4) занята

🎯 ВЫСТРЕЛЫ:
   Выпущено ракет: 0
# 
📊 РЕЗУЛЬТАТЫ ХОДА 12:
🎯 Попаданий нет

--- Результаты хода ---
  Попаданий нет

--- Состояние команд после хода ---
  Team A: живых 5/8
    ✓ Радиовышка A2      @ (6,4,3) hp=3/3
    ✓ Тишина A5          @ (5,5,4) hp=2/2
    ✓ Бурав A6           @ (6,8,3) hp=4/4
    ✓ Провокатор A7      @ (6,0,3) hp=2/2
    ✓ Паук A8            @ (6,2,3) hp=1/1
    ✗ Артиллерия A1      @ (6,3,3) [уничтожен]
    ✗ Прыгун A3          @ (5,7,4) [уничтожен]
    ✗ Факел A4           @ (6,1,3) [уничтожен]
  Team B: живых 3/8
    ✓ Тишина B5          @ (5,1,4) hp=2/2
    ✓ Бурав B6           @ (7,4,7) hp=3/4
    ✓ Паук B8            @ (5,4,4) hp=1/1
    ✗ Артиллерия B1      @ (5,7,4) [уничтожен]
    ✗ Радиовышка B2      @ (6,8,3) [уничтожен]
    ✗ Прыгун B3          @ (6,3,3) [уничтожен]
    ✗ Факел B4           @ (4,5,5) [уничтожен]
    ✗ Провокатор B7      @ (5,3,4) [уничтожен]
  Team C: живых 1/8
    ✓ Тишина C5          @ (5,2,5) hp=2/2
    ✗ Артиллерия C1      @ (5,4,7) [уничтожен]
    ✗ Радиовышка C2      @ (3,5,6) [уничтожен]
    ✗ Прыгун C3          @ (4,5,5) [уничтожен]
    ✗ Факел C4           @ (7,4,7) [уничтожен]
    ✗ Бурав C6           @ (7,4,7) [уничтожен]
    ✗ Провокатор C7      @ (4,4,7) [уничтожен]
    ✗ Паук C8            @ (3,4,7) [уничтожен]

======================================================================
ХОД 13
======================================================================
✓ 🎮 GM: начинаем ход
GM: start_turn

--- Радиовышки: сканирование слоя Z ---
  Радиовышка A2 (z=3): слой чист

--- Решения ботов ---
  [Team A] Радиовышка A2 (6,4,3) → MOVE (5,4,4)
  [Team A] Бурав A6 (6,8,3) → MOVE (7,7,4)
  [Team A] Провокатор A7 (6,0,3) → HOLOGRAM (5,1,4)
  [Team A] Паук A8 (6,2,3) → MINE (6,3,4)
  [Team A] Тишина A5 → SKIP
  [Team B] Тишина B5 (5,1,4) → PHASE toggle
  [Team B] Бурав B6 (7,4,7) → MOVE (6,3,6)
  [Team B] Паук B8 (5,4,4) → MINE (6,4,3)
  [Team C] Тишина C5 (5,2,5) → PHASE toggle
! 🎮 GM: принудительно завершает фазу планирования
GM: end_planning
# 
============================================================
# 🔄 ОБРАБОТКА ХОДА 13
# ============================================================
   🌀 Тишина B5: уходит в фазу на 1 ход
   🌀 Тишина C5: уходит в фазу на 1 ход
!    ⚠️ Провокатор A7: клетка (5,1,4) занята кораблём
!    ⚠️ Паук A8: в клетке уже стоит мина
!    ⚠️ Паук B8: клетка (6,4,3) занята кораблём

📦 ПЕРЕМЕЩЕНИЯ:
!    ⚠️ Радиовышка A2: клетка (5,4,4) занята
!    ⚠️ Бурав A6: Бурав двигается только по 1 оси или по 2 осям строго диагонально
!    ⚠️ Бурав B6: Бурав двигается только по 1 оси или по 2 осям строго диагонально

🎯 ВЫСТРЕЛЫ:
   Выпущено ракет: 0
# 
📊 РЕЗУЛЬТАТЫ ХОДА 13:
🎯 Попаданий нет

--- Результаты хода ---
  Попаданий нет

--- Состояние команд после хода ---
  Team A: живых 5/8
    ✓ Радиовышка A2      @ (6,4,3) hp=3/3
    ✓ Тишина A5          @ (5,5,4) hp=2/2
    ✓ Бурав A6           @ (6,8,3) hp=4/4
    ✓ Провокатор A7      @ (6,0,3) hp=2/2
    ✓ Паук A8            @ (6,2,3) hp=1/1
    ✗ Артиллерия A1      @ (6,3,3) [уничтожен]
    ✗ Прыгун A3          @ (5,7,4) [уничтожен]
    ✗ Факел A4           @ (6,1,3) [уничтожен]
  Team B: живых 3/8
    ✓ Тишина B5          @ (5,1,4) hp=2/2
    ✓ Бурав B6           @ (7,4,7) hp=3/4
    ✓ Паук B8            @ (5,4,4) hp=1/1
    ✗ Артиллерия B1      @ (5,7,4) [уничтожен]
    ✗ Радиовышка B2      @ (6,8,3) [уничтожен]
    ✗ Прыгун B3          @ (6,3,3) [уничтожен]
    ✗ Факел B4           @ (4,5,5) [уничтожен]
    ✗ Провокатор B7      @ (5,3,4) [уничтожен]
  Team C: живых 1/8
    ✓ Тишина C5          @ (5,2,5) hp=2/2
    ✗ Артиллерия C1      @ (5,4,7) [уничтожен]
    ✗ Радиовышка C2      @ (3,5,6) [уничтожен]
    ✗ Прыгун C3          @ (4,5,5) [уничтожен]
    ✗ Факел C4           @ (7,4,7) [уничтожен]
    ✗ Бурав C6           @ (7,4,7) [уничтожен]
    ✗ Провокатор C7      @ (4,4,7) [уничтожен]
    ✗ Паук C8            @ (3,4,7) [уничтожен]

======================================================================
ХОД 14
======================================================================
✓ 🎮 GM: начинаем ход
GM: start_turn

--- Радиовышки: сканирование слоя Z ---
  Радиовышка A2 (z=3): слой чист

--- Решения ботов ---
  [Team A] Радиовышка A2 (6,4,3) → MOVE (5,4,4)
  [Team A] Бурав A6 (6,8,3) → MOVE (7,7,4)
  [Team A] Провокатор A7 (6,0,3) → HOLOGRAM (7,1,4)
  [Team A] Паук A8 (6,2,3) → MINE (5,3,4)
  [Team A] Тишина A5 → SKIP
  [Team B] Тишина B5 (5,1,4) → MOVE (6,0,3)
  [Team B] Бурав B6 (7,4,7) → MOVE (6,5,6)
  [Team B] Паук B8 (5,4,4) → MINE (6,4,3)
  [Team C] Тишина C5 (5,2,5) → MOVE (6,3,4)
! 🎮 GM: принудительно завершает фазу планирования
GM: end_planning
# 
============================================================
# 🔄 ОБРАБОТКА ХОДА 14
# ============================================================
   🌀 Тишина B5: фаза спала (действовала 1 ход)
   🌀 Тишина C5: фаза спала (действовала 1 ход)
!    ⚠️ Провокатор A7: клетка (7,1,4) уже занята голограммой
!    ⚠️ Паук A8: в клетке уже стоит мина
!    ⚠️ Паук B8: клетка (6,4,3) занята кораблём

📦 ПЕРЕМЕЩЕНИЯ:
!    ⚠️ Радиовышка A2: клетка (5,4,4) занята
!    ⚠️ Бурав A6: Бурав двигается только по 1 оси или по 2 осям строго диагонально
!    ⚠️ Тишина B5: клетка (6,0,3) занята
!    ⚠️ Бурав B6: Бурав двигается только по 1 оси или по 2 осям строго диагонально
!    ⚠️ Тишина C5: клетка (6,3,4) занята

🎯 ВЫСТРЕЛЫ:
   Выпущено ракет: 0
# 
📊 РЕЗУЛЬТАТЫ ХОДА 14:
🎯 Попаданий нет

--- Результаты хода ---
  Попаданий нет

--- Состояние команд после хода ---
  Team A: живых 5/8
    ✓ Радиовышка A2      @ (6,4,3) hp=3/3
    ✓ Тишина A5          @ (5,5,4) hp=2/2
    ✓ Бурав A6           @ (6,8,3) hp=4/4
    ✓ Провокатор A7      @ (6,0,3) hp=2/2
    ✓ Паук A8            @ (6,2,3) hp=1/1
    ✗ Артиллерия A1      @ (6,3,3) [уничтожен]
    ✗ Прыгун A3          @ (5,7,4) [уничтожен]
    ✗ Факел A4           @ (6,1,3) [уничтожен]
  Team B: живых 3/8
    ✓ Тишина B5          @ (5,1,4) hp=2/2
    ✓ Бурав B6           @ (7,4,7) hp=3/4
    ✓ Паук B8            @ (5,4,4) hp=1/1
    ✗ Артиллерия B1      @ (5,7,4) [уничтожен]
    ✗ Радиовышка B2      @ (6,8,3) [уничтожен]
    ✗ Прыгун B3          @ (6,3,3) [уничтожен]
    ✗ Факел B4           @ (4,5,5) [уничтожен]
    ✗ Провокатор B7      @ (5,3,4) [уничтожен]
  Team C: живых 1/8
    ✓ Тишина C5          @ (5,2,5) hp=2/2
    ✗ Артиллерия C1      @ (5,4,7) [уничтожен]
    ✗ Радиовышка C2      @ (3,5,6) [уничтожен]
    ✗ Прыгун C3          @ (4,5,5) [уничтожен]
    ✗ Факел C4           @ (7,4,7) [уничтожен]
    ✗ Бурав C6           @ (7,4,7) [уничтожен]
    ✗ Провокатор C7      @ (4,4,7) [уничтожен]
    ✗ Паук C8            @ (3,4,7) [уничтожен]

======================================================================
ХОД 15
======================================================================
✓ 🎮 GM: начинаем ход
GM: start_turn

--- Радиовышки: сканирование слоя Z ---
  Радиовышка A2 (z=3): слой чист

--- Решения ботов ---
  [Team A] Радиовышка A2 (6,4,3) → MOVE (5,4,4)
  [Team A] Бурав A6 (6,8,3) → MOVE (7,7,4)
  [Team A] Провокатор A7 (6,0,3) → HOLOGRAM (5,1,4)
  [Team A] Паук A8 (6,2,3) → MINE (6,3,4)
  [Team A] Тишина A5 → SKIP
  [Team B] Тишина B5 (5,1,4) → MOVE (6,0,3)
  [Team B] Бурав B6 (7,4,7) → MOVE (6,3,6)
  [Team B] Паук B8 (5,4,4) → MINE (6,4,3)
  [Team C] Тишина C5 (5,2,5) → MOVE (5,1,4)
! 🎮 GM: принудительно завершает фазу планирования
GM: end_planning
# 
============================================================
# 🔄 ОБРАБОТКА ХОДА 15
# ============================================================
!    ⚠️ Провокатор A7: клетка (5,1,4) занята кораблём
!    ⚠️ Паук A8: в клетке уже стоит мина
!    ⚠️ Паук B8: клетка (6,4,3) занята кораблём

📦 ПЕРЕМЕЩЕНИЯ:
!    ⚠️ Радиовышка A2: клетка (5,4,4) занята
!    ⚠️ Бурав A6: Бурав двигается только по 1 оси или по 2 осям строго диагонально
!    ⚠️ Тишина B5: клетка (6,0,3) занята
!    ⚠️ Бурав B6: Бурав двигается только по 1 оси или по 2 осям строго диагонально
!    ⚠️ Тишина C5: клетка (5,1,4) занята

🎯 ВЫСТРЕЛЫ:
   Выпущено ракет: 0
# 
📊 РЕЗУЛЬТАТЫ ХОДА 15:
🎯 Попаданий нет

--- Результаты хода ---
  Попаданий нет

--- Состояние команд после хода ---
  Team A: живых 5/8
    ✓ Радиовышка A2      @ (6,4,3) hp=3/3
    ✓ Тишина A5          @ (5,5,4) hp=2/2
    ✓ Бурав A6           @ (6,8,3) hp=4/4
    ✓ Провокатор A7      @ (6,0,3) hp=2/2
    ✓ Паук A8            @ (6,2,3) hp=1/1
    ✗ Артиллерия A1      @ (6,3,3) [уничтожен]
    ✗ Прыгун A3          @ (5,7,4) [уничтожен]
    ✗ Факел A4           @ (6,1,3) [уничтожен]
  Team B: живых 3/8
    ✓ Тишина B5          @ (5,1,4) hp=2/2
    ✓ Бурав B6           @ (7,4,7) hp=3/4
    ✓ Паук B8            @ (5,4,4) hp=1/1
    ✗ Артиллерия B1      @ (5,7,4) [уничтожен]
    ✗ Радиовышка B2      @ (6,8,3) [уничтожен]
    ✗ Прыгун B3          @ (6,3,3) [уничтожен]
    ✗ Факел B4           @ (4,5,5) [уничтожен]
    ✗ Провокатор B7      @ (5,3,4) [уничтожен]
  Team C: живых 1/8
    ✓ Тишина C5          @ (5,2,5) hp=2/2
    ✗ Артиллерия C1      @ (5,4,7) [уничтожен]
    ✗ Радиовышка C2      @ (3,5,6) [уничтожен]
    ✗ Прыгун C3          @ (4,5,5) [уничтожен]
    ✗ Факел C4           @ (7,4,7) [уничтожен]
    ✗ Бурав C6           @ (7,4,7) [уничтожен]
    ✗ Провокатор C7      @ (4,4,7) [уничтожен]
    ✗ Паук C8            @ (3,4,7) [уничтожен]

======================================================================
ХОД 16
======================================================================
✓ 🎮 GM: начинаем ход
GM: start_turn

--- Радиовышки: сканирование слоя Z ---
  Радиовышка A2 (z=3): слой чист

--- Решения ботов ---
  [Team A] Радиовышка A2 (6,4,3) → MOVE (5,4,4)
  [Team A] Бурав A6 (6,8,3) → MOVE (7,7,4)
  [Team A] Провокатор A7 (6,0,3) → HOLOGRAM (5,1,4)
  [Team A] Паук A8 (6,2,3) → MINE (6,3,4)
  [Team A] Тишина A5 → SKIP
  [Team B] Тишина B5 (5,1,4) → MOVE (6,0,3)
  [Team B] Бурав B6 (7,4,7) → MOVE (6,3,6)
  [Team B] Паук B8 (5,4,4) → MINE (6,4,3)
  [Team C] Тишина C5 (5,2,5) → MOVE (5,1,4)
! 🎮 GM: принудительно завершает фазу планирования
GM: end_planning
# 
============================================================
# 🔄 ОБРАБОТКА ХОДА 16
# ============================================================
!    ⚠️ Провокатор A7: клетка (5,1,4) занята кораблём
!    ⚠️ Паук A8: в клетке уже стоит мина
!    ⚠️ Паук B8: клетка (6,4,3) занята кораблём

📦 ПЕРЕМЕЩЕНИЯ:
!    ⚠️ Радиовышка A2: клетка (5,4,4) занята
!    ⚠️ Бурав A6: Бурав двигается только по 1 оси или по 2 осям строго диагонально
!    ⚠️ Тишина B5: клетка (6,0,3) занята
!    ⚠️ Бурав B6: Бурав двигается только по 1 оси или по 2 осям строго диагонально
!    ⚠️ Тишина C5: клетка (5,1,4) занята

🎯 ВЫСТРЕЛЫ:
   Выпущено ракет: 0
# 
📊 РЕЗУЛЬТАТЫ ХОДА 16:
🎯 Попаданий нет

--- Результаты хода ---
  Попаданий нет

--- Состояние команд после хода ---
  Team A: живых 5/8
    ✓ Радиовышка A2      @ (6,4,3) hp=3/3
    ✓ Тишина A5          @ (5,5,4) hp=2/2
    ✓ Бурав A6           @ (6,8,3) hp=4/4
    ✓ Провокатор A7      @ (6,0,3) hp=2/2
    ✓ Паук A8            @ (6,2,3) hp=1/1
    ✗ Артиллерия A1      @ (6,3,3) [уничтожен]
    ✗ Прыгун A3          @ (5,7,4) [уничтожен]
    ✗ Факел A4           @ (6,1,3) [уничтожен]
  Team B: живых 3/8
    ✓ Тишина B5          @ (5,1,4) hp=2/2
    ✓ Бурав B6           @ (7,4,7) hp=3/4
    ✓ Паук B8            @ (5,4,4) hp=1/1
    ✗ Артиллерия B1      @ (5,7,4) [уничтожен]
    ✗ Радиовышка B2      @ (6,8,3) [уничтожен]
    ✗ Прыгун B3          @ (6,3,3) [уничтожен]
    ✗ Факел B4           @ (4,5,5) [уничтожен]
    ✗ Провокатор B7      @ (5,3,4) [уничтожен]
  Team C: живых 1/8
    ✓ Тишина C5          @ (5,2,5) hp=2/2
    ✗ Артиллерия C1      @ (5,4,7) [уничтожен]
    ✗ Радиовышка C2      @ (3,5,6) [уничтожен]
    ✗ Прыгун C3          @ (4,5,5) [уничтожен]
    ✗ Факел C4           @ (7,4,7) [уничтожен]
    ✗ Бурав C6           @ (7,4,7) [уничтожен]
    ✗ Провокатор C7      @ (4,4,7) [уничтожен]
    ✗ Паук C8            @ (3,4,7) [уничтожен]

======================================================================
ХОД 17
======================================================================
✓ 🎮 GM: начинаем ход
GM: start_turn

--- Радиовышки: сканирование слоя Z ---
  Радиовышка A2 (z=3): слой чист

--- Решения ботов ---
  [Team A] Радиовышка A2 (6,4,3) → MOVE (5,4,4)
  [Team A] Бурав A6 (6,8,3) → MOVE (7,7,4)
  [Team A] Провокатор A7 (6,0,3) → HOLOGRAM (5,1,4)
  [Team A] Паук A8 (6,2,3) → MINE (6,3,4)
  [Team A] Тишина A5 → SKIP
  [Team B] Тишина B5 (5,1,4) → PHASE toggle
  [Team B] Бурав B6 (7,4,7) → MOVE (6,3,6)
  [Team B] Паук B8 (5,4,4) → MINE (6,4,3)
  [Team C] Тишина C5 (5,2,5) → PHASE toggle
! 🎮 GM: принудительно завершает фазу планирования
GM: end_planning
# 
============================================================
# 🔄 ОБРАБОТКА ХОДА 17
# ============================================================
   🌀 Тишина B5: уходит в фазу на 1 ход
   🌀 Тишина C5: уходит в фазу на 1 ход
!    ⚠️ Провокатор A7: клетка (5,1,4) занята кораблём
!    ⚠️ Паук A8: в клетке уже стоит мина
!    ⚠️ Паук B8: клетка (6,4,3) занята кораблём

📦 ПЕРЕМЕЩЕНИЯ:
!    ⚠️ Радиовышка A2: клетка (5,4,4) занята
!    ⚠️ Бурав A6: Бурав двигается только по 1 оси или по 2 осям строго диагонально
!    ⚠️ Бурав B6: Бурав двигается только по 1 оси или по 2 осям строго диагонально

🎯 ВЫСТРЕЛЫ:
   Выпущено ракет: 0
# 
📊 РЕЗУЛЬТАТЫ ХОДА 17:
🎯 Попаданий нет

--- Результаты хода ---
  Попаданий нет

--- Состояние команд после хода ---
  Team A: живых 5/8
    ✓ Радиовышка A2      @ (6,4,3) hp=3/3
    ✓ Тишина A5          @ (5,5,4) hp=2/2
    ✓ Бурав A6           @ (6,8,3) hp=4/4
    ✓ Провокатор A7      @ (6,0,3) hp=2/2
    ✓ Паук A8            @ (6,2,3) hp=1/1
    ✗ Артиллерия A1      @ (6,3,3) [уничтожен]
    ✗ Прыгун A3          @ (5,7,4) [уничтожен]
    ✗ Факел A4           @ (6,1,3) [уничтожен]
  Team B: живых 3/8
    ✓ Тишина B5          @ (5,1,4) hp=2/2
    ✓ Бурав B6           @ (7,4,7) hp=3/4
    ✓ Паук B8            @ (5,4,4) hp=1/1
    ✗ Артиллерия B1      @ (5,7,4) [уничтожен]
    ✗ Радиовышка B2      @ (6,8,3) [уничтожен]
    ✗ Прыгун B3          @ (6,3,3) [уничтожен]
    ✗ Факел B4           @ (4,5,5) [уничтожен]
    ✗ Провокатор B7      @ (5,3,4) [уничтожен]
  Team C: живых 1/8
    ✓ Тишина C5          @ (5,2,5) hp=2/2
    ✗ Артиллерия C1      @ (5,4,7) [уничтожен]
    ✗ Радиовышка C2      @ (3,5,6) [уничтожен]
    ✗ Прыгун C3          @ (4,5,5) [уничтожен]
    ✗ Факел C4           @ (7,4,7) [уничтожен]
    ✗ Бурав C6           @ (7,4,7) [уничтожен]
    ✗ Провокатор C7      @ (4,4,7) [уничтожен]
    ✗ Паук C8            @ (3,4,7) [уничтожен]

======================================================================
ХОД 18
======================================================================
✓ 🎮 GM: начинаем ход
GM: start_turn

--- Радиовышки: сканирование слоя Z ---
  Радиовышка A2 (z=3): слой чист

--- Решения ботов ---
  [Team A] Радиовышка A2 (6,4,3) → MOVE (5,4,4)
  [Team A] Бурав A6 (6,8,3) → MOVE (7,7,4)
  [Team A] Провокатор A7 (6,0,3) → HOLOGRAM (7,1,4)
  [Team A] Паук A8 (6,2,3) → MINE (5,3,4)
  [Team A] Тишина A5 → SKIP
  [Team B] Тишина B5 (5,1,4) → MOVE (6,0,3)
  [Team B] Бурав B6 (7,4,7) → MOVE (6,5,6)
  [Team B] Паук B8 (5,4,4) → MINE (6,4,3)
  [Team C] Тишина C5 (5,2,5) → MOVE (6,3,4)
! 🎮 GM: принудительно завершает фазу планирования
GM: end_planning
# 
============================================================
# 🔄 ОБРАБОТКА ХОДА 18
# ============================================================
   🌀 Тишина B5: фаза спала (действовала 1 ход)
   🌀 Тишина C5: фаза спала (действовала 1 ход)
!    ⚠️ Провокатор A7: клетка (7,1,4) уже занята голограммой
!    ⚠️ Паук A8: в клетке уже стоит мина
!    ⚠️ Паук B8: клетка (6,4,3) занята кораблём

📦 ПЕРЕМЕЩЕНИЯ:
!    ⚠️ Радиовышка A2: клетка (5,4,4) занята
!    ⚠️ Бурав A6: Бурав двигается только по 1 оси или по 2 осям строго диагонально
!    ⚠️ Тишина B5: клетка (6,0,3) занята
!    ⚠️ Бурав B6: Бурав двигается только по 1 оси или по 2 осям строго диагонально
!    ⚠️ Тишина C5: клетка (6,3,4) занята

🎯 ВЫСТРЕЛЫ:
   Выпущено ракет: 0
# 
📊 РЕЗУЛЬТАТЫ ХОДА 18:
🎯 Попаданий нет

--- Результаты хода ---
  Попаданий нет

--- Состояние команд после хода ---
  Team A: живых 5/8
    ✓ Радиовышка A2      @ (6,4,3) hp=3/3
    ✓ Тишина A5          @ (5,5,4) hp=2/2
    ✓ Бурав A6           @ (6,8,3) hp=4/4
    ✓ Провокатор A7      @ (6,0,3) hp=2/2
    ✓ Паук A8            @ (6,2,3) hp=1/1
    ✗ Артиллерия A1      @ (6,3,3) [уничтожен]
    ✗ Прыгун A3          @ (5,7,4) [уничтожен]
    ✗ Факел A4           @ (6,1,3) [уничтожен]
  Team B: живых 3/8
    ✓ Тишина B5          @ (5,1,4) hp=2/2
    ✓ Бурав B6           @ (7,4,7) hp=3/4
    ✓ Паук B8            @ (5,4,4) hp=1/1
    ✗ Артиллерия B1      @ (5,7,4) [уничтожен]
    ✗ Радиовышка B2      @ (6,8,3) [уничтожен]
    ✗ Прыгун B3          @ (6,3,3) [уничтожен]
    ✗ Факел B4           @ (4,5,5) [уничтожен]
    ✗ Провокатор B7      @ (5,3,4) [уничтожен]
  Team C: живых 1/8
    ✓ Тишина C5          @ (5,2,5) hp=2/2
    ✗ Артиллерия C1      @ (5,4,7) [уничтожен]
    ✗ Радиовышка C2      @ (3,5,6) [уничтожен]
    ✗ Прыгун C3          @ (4,5,5) [уничтожен]
    ✗ Факел C4           @ (7,4,7) [уничтожен]
    ✗ Бурав C6           @ (7,4,7) [уничтожен]
    ✗ Провокатор C7      @ (4,4,7) [уничтожен]
    ✗ Паук C8            @ (3,4,7) [уничтожен]

======================================================================
ХОД 19
======================================================================
✓ 🎮 GM: начинаем ход
GM: start_turn

--- Радиовышки: сканирование слоя Z ---
  Радиовышка A2 (z=3): слой чист

--- Решения ботов ---
  [Team A] Радиовышка A2 (6,4,3) → MOVE (5,4,4)
  [Team A] Бурав A6 (6,8,3) → MOVE (7,7,4)
  [Team A] Провокатор A7 (6,0,3) → HOLOGRAM (5,1,4)
  [Team A] Паук A8 (6,2,3) → MINE (6,3,4)
  [Team A] Тишина A5 → SKIP
  [Team B] Тишина B5 (5,1,4) → MOVE (6,0,3)
  [Team B] Бурав B6 (7,4,7) → MOVE (6,3,6)
  [Team B] Паук B8 (5,4,4) → MINE (6,4,3)
  [Team C] Тишина C5 (5,2,5) → MOVE (5,1,4)
! 🎮 GM: принудительно завершает фазу планирования
GM: end_planning
# 
============================================================
# 🔄 ОБРАБОТКА ХОДА 19
# ============================================================
!    ⚠️ Провокатор A7: клетка (5,1,4) занята кораблём
!    ⚠️ Паук A8: в клетке уже стоит мина
!    ⚠️ Паук B8: клетка (6,4,3) занята кораблём

📦 ПЕРЕМЕЩЕНИЯ:
!    ⚠️ Радиовышка A2: клетка (5,4,4) занята
!    ⚠️ Бурав A6: Бурав двигается только по 1 оси или по 2 осям строго диагонально
!    ⚠️ Тишина B5: клетка (6,0,3) занята
!    ⚠️ Бурав B6: Бурав двигается только по 1 оси или по 2 осям строго диагонально
!    ⚠️ Тишина C5: клетка (5,1,4) занята

🎯 ВЫСТРЕЛЫ:
   Выпущено ракет: 0
# 
📊 РЕЗУЛЬТАТЫ ХОДА 19:
🎯 Попаданий нет

--- Результаты хода ---
  Попаданий нет

--- Состояние команд после хода ---
  Team A: живых 5/8
    ✓ Радиовышка A2      @ (6,4,3) hp=3/3
    ✓ Тишина A5          @ (5,5,4) hp=2/2
    ✓ Бурав A6           @ (6,8,3) hp=4/4
    ✓ Провокатор A7      @ (6,0,3) hp=2/2
    ✓ Паук A8            @ (6,2,3) hp=1/1
    ✗ Артиллерия A1      @ (6,3,3) [уничтожен]
    ✗ Прыгун A3          @ (5,7,4) [уничтожен]
    ✗ Факел A4           @ (6,1,3) [уничтожен]
  Team B: живых 3/8
    ✓ Тишина B5          @ (5,1,4) hp=2/2
    ✓ Бурав B6           @ (7,4,7) hp=3/4
    ✓ Паук B8            @ (5,4,4) hp=1/1
    ✗ Артиллерия B1      @ (5,7,4) [уничтожен]
    ✗ Радиовышка B2      @ (6,8,3) [уничтожен]
    ✗ Прыгун B3          @ (6,3,3) [уничтожен]
    ✗ Факел B4           @ (4,5,5) [уничтожен]
    ✗ Провокатор B7      @ (5,3,4) [уничтожен]
  Team C: живых 1/8
    ✓ Тишина C5          @ (5,2,5) hp=2/2
    ✗ Артиллерия C1      @ (5,4,7) [уничтожен]
    ✗ Радиовышка C2      @ (3,5,6) [уничтожен]
    ✗ Прыгун C3          @ (4,5,5) [уничтожен]
    ✗ Факел C4           @ (7,4,7) [уничтожен]
    ✗ Бурав C6           @ (7,4,7) [уничтожен]
    ✗ Провокатор C7      @ (4,4,7) [уничтожен]
    ✗ Паук C8            @ (3,4,7) [уничтожен]

======================================================================
ХОД 20
======================================================================
✓ 🎮 GM: начинаем ход
GM: start_turn

--- Радиовышки: сканирование слоя Z ---
  Радиовышка A2 (z=3): слой чист

--- Решения ботов ---
  [Team A] Радиовышка A2 (6,4,3) → MOVE (5,4,4)
  [Team A] Бурав A6 (6,8,3) → MOVE (7,7,4)
  [Team A] Провокатор A7 (6,0,3) → HOLOGRAM (5,1,4)
  [Team A] Паук A8 (6,2,3) → MINE (6,3,4)
  [Team A] Тишина A5 → SKIP
  [Team B] Тишина B5 (5,1,4) → MOVE (6,0,3)
  [Team B] Бурав B6 (7,4,7) → MOVE (6,3,6)
  [Team B] Паук B8 (5,4,4) → MINE (6,4,3)
  [Team C] Тишина C5 (5,2,5) → MOVE (5,1,4)
! 🎮 GM: принудительно завершает фазу планирования
GM: end_planning
# 
============================================================
# 🔄 ОБРАБОТКА ХОДА 20
# ============================================================
!    ⚠️ Провокатор A7: клетка (5,1,4) занята кораблём
!    ⚠️ Паук A8: в клетке уже стоит мина
!    ⚠️ Паук B8: клетка (6,4,3) занята кораблём

📦 ПЕРЕМЕЩЕНИЯ:
!    ⚠️ Радиовышка A2: клетка (5,4,4) занята
!    ⚠️ Бурав A6: Бурав двигается только по 1 оси или по 2 осям строго диагонально
!    ⚠️ Тишина B5: клетка (6,0,3) занята
!    ⚠️ Бурав B6: Бурав двигается только по 1 оси или по 2 осям строго диагонально
!    ⚠️ Тишина C5: клетка (5,1,4) занята

🎯 ВЫСТРЕЛЫ:
   Выпущено ракет: 0
# 
📊 РЕЗУЛЬТАТЫ ХОДА 20:
🎯 Попаданий нет

--- Результаты хода ---
  Попаданий нет

--- Состояние команд после хода ---
  Team A: живых 5/8
    ✓ Радиовышка A2      @ (6,4,3) hp=3/3
    ✓ Тишина A5          @ (5,5,4) hp=2/2
    ✓ Бурав A6           @ (6,8,3) hp=4/4
    ✓ Провокатор A7      @ (6,0,3) hp=2/2
    ✓ Паук A8            @ (6,2,3) hp=1/1
    ✗ Артиллерия A1      @ (6,3,3) [уничтожен]
    ✗ Прыгун A3          @ (5,7,4) [уничтожен]
    ✗ Факел A4           @ (6,1,3) [уничтожен]
  Team B: живых 3/8
    ✓ Тишина B5          @ (5,1,4) hp=2/2
    ✓ Бурав B6           @ (7,4,7) hp=3/4
    ✓ Паук B8            @ (5,4,4) hp=1/1
    ✗ Артиллерия B1      @ (5,7,4) [уничтожен]
    ✗ Радиовышка B2      @ (6,8,3) [уничтожен]
    ✗ Прыгун B3          @ (6,3,3) [уничтожен]
    ✗ Факел B4           @ (4,5,5) [уничтожен]
    ✗ Провокатор B7      @ (5,3,4) [уничтожен]
  Team C: живых 1/8
    ✓ Тишина C5          @ (5,2,5) hp=2/2
    ✗ Артиллерия C1      @ (5,4,7) [уничтожен]
    ✗ Радиовышка C2      @ (3,5,6) [уничтожен]
    ✗ Прыгун C3          @ (4,5,5) [уничтожен]
    ✗ Факел C4           @ (7,4,7) [уничтожен]
    ✗ Бурав C6           @ (7,4,7) [уничтожен]
    ✗ Провокатор C7      @ (4,4,7) [уничтожен]
    ✗ Паук C8            @ (3,4,7) [уничтожен]

======================================================================
ХОД 21
======================================================================
✓ 🎮 GM: начинаем ход
GM: start_turn

--- Радиовышки: сканирование слоя Z ---
  Радиовышка A2 (z=3): слой чист

--- Решения ботов ---
  [Team A] Радиовышка A2 (6,4,3) → MOVE (5,4,4)
  [Team A] Бурав A6 (6,8,3) → MOVE (7,7,4)
  [Team A] Провокатор A7 (6,0,3) → HOLOGRAM (5,1,4)
  [Team A] Паук A8 (6,2,3) → MINE (6,3,4)
  [Team A] Тишина A5 → SKIP
  [Team B] Тишина B5 (5,1,4) → PHASE toggle
  [Team B] Бурав B6 (7,4,7) → MOVE (6,3,6)
  [Team B] Паук B8 (5,4,4) → MINE (6,4,3)
  [Team C] Тишина C5 (5,2,5) → PHASE toggle
! 🎮 GM: принудительно завершает фазу планирования
GM: end_planning
# 
============================================================
# 🔄 ОБРАБОТКА ХОДА 21
# ============================================================
   🌀 Тишина B5: уходит в фазу на 1 ход
   🌀 Тишина C5: уходит в фазу на 1 ход
!    ⚠️ Провокатор A7: клетка (5,1,4) занята кораблём
!    ⚠️ Паук A8: в клетке уже стоит мина
!    ⚠️ Паук B8: клетка (6,4,3) занята кораблём

📦 ПЕРЕМЕЩЕНИЯ:
!    ⚠️ Радиовышка A2: клетка (5,4,4) занята
!    ⚠️ Бурав A6: Бурав двигается только по 1 оси или по 2 осям строго диагонально
!    ⚠️ Бурав B6: Бурав двигается только по 1 оси или по 2 осям строго диагонально

🎯 ВЫСТРЕЛЫ:
   Выпущено ракет: 0
# 
📊 РЕЗУЛЬТАТЫ ХОДА 21:
🎯 Попаданий нет

--- Результаты хода ---
  Попаданий нет

--- Состояние команд после хода ---
  Team A: живых 5/8
    ✓ Радиовышка A2      @ (6,4,3) hp=3/3
    ✓ Тишина A5          @ (5,5,4) hp=2/2
    ✓ Бурав A6           @ (6,8,3) hp=4/4
    ✓ Провокатор A7      @ (6,0,3) hp=2/2
    ✓ Паук A8            @ (6,2,3) hp=1/1
    ✗ Артиллерия A1      @ (6,3,3) [уничтожен]
    ✗ Прыгун A3          @ (5,7,4) [уничтожен]
    ✗ Факел A4           @ (6,1,3) [уничтожен]
  Team B: живых 3/8
    ✓ Тишина B5          @ (5,1,4) hp=2/2
    ✓ Бурав B6           @ (7,4,7) hp=3/4
    ✓ Паук B8            @ (5,4,4) hp=1/1
    ✗ Артиллерия B1      @ (5,7,4) [уничтожен]
    ✗ Радиовышка B2      @ (6,8,3) [уничтожен]
    ✗ Прыгун B3          @ (6,3,3) [уничтожен]
    ✗ Факел B4           @ (4,5,5) [уничтожен]
    ✗ Провокатор B7      @ (5,3,4) [уничтожен]
  Team C: живых 1/8
    ✓ Тишина C5          @ (5,2,5) hp=2/2
    ✗ Артиллерия C1      @ (5,4,7) [уничтожен]
    ✗ Радиовышка C2      @ (3,5,6) [уничтожен]
    ✗ Прыгун C3          @ (4,5,5) [уничтожен]
    ✗ Факел C4           @ (7,4,7) [уничтожен]
    ✗ Бурав C6           @ (7,4,7) [уничтожен]
    ✗ Провокатор C7      @ (4,4,7) [уничтожен]
    ✗ Паук C8            @ (3,4,7) [уничтожен]

======================================================================
ХОД 22
======================================================================
✓ 🎮 GM: начинаем ход
GM: start_turn

--- Радиовышки: сканирование слоя Z ---
  Радиовышка A2 (z=3): слой чист

--- Решения ботов ---
  [Team A] Радиовышка A2 (6,4,3) → MOVE (5,4,4)
  [Team A] Бурав A6 (6,8,3) → MOVE (7,7,4)
  [Team A] Провокатор A7 (6,0,3) → HOLOGRAM (7,1,4)
  [Team A] Паук A8 (6,2,3) → MINE (5,3,4)
  [Team A] Тишина A5 → SKIP
  [Team B] Тишина B5 (5,1,4) → MOVE (6,0,3)
  [Team B] Бурав B6 (7,4,7) → MOVE (6,5,6)
  [Team B] Паук B8 (5,4,4) → MINE (6,4,3)
  [Team C] Тишина C5 (5,2,5) → MOVE (6,3,4)
! 🎮 GM: принудительно завершает фазу планирования
GM: end_planning
# 
============================================================
# 🔄 ОБРАБОТКА ХОДА 22
# ============================================================
   🌀 Тишина B5: фаза спала (действовала 1 ход)
   🌀 Тишина C5: фаза спала (действовала 1 ход)
!    ⚠️ Провокатор A7: клетка (7,1,4) уже занята голограммой
!    ⚠️ Паук A8: в клетке уже стоит мина
!    ⚠️ Паук B8: клетка (6,4,3) занята кораблём

📦 ПЕРЕМЕЩЕНИЯ:
!    ⚠️ Радиовышка A2: клетка (5,4,4) занята
!    ⚠️ Бурав A6: Бурав двигается только по 1 оси или по 2 осям строго диагонально
!    ⚠️ Тишина B5: клетка (6,0,3) занята
!    ⚠️ Бурав B6: Бурав двигается только по 1 оси или по 2 осям строго диагонально
!    ⚠️ Тишина C5: клетка (6,3,4) занята

🎯 ВЫСТРЕЛЫ:
   Выпущено ракет: 0
# 
📊 РЕЗУЛЬТАТЫ ХОДА 22:
🎯 Попаданий нет

--- Результаты хода ---
  Попаданий нет

--- Состояние команд после хода ---
  Team A: живых 5/8
    ✓ Радиовышка A2      @ (6,4,3) hp=3/3
    ✓ Тишина A5          @ (5,5,4) hp=2/2
    ✓ Бурав A6           @ (6,8,3) hp=4/4
    ✓ Провокатор A7      @ (6,0,3) hp=2/2
    ✓ Паук A8            @ (6,2,3) hp=1/1
    ✗ Артиллерия A1      @ (6,3,3) [уничтожен]
    ✗ Прыгун A3          @ (5,7,4) [уничтожен]
    ✗ Факел A4           @ (6,1,3) [уничтожен]
  Team B: живых 3/8
    ✓ Тишина B5          @ (5,1,4) hp=2/2
    ✓ Бурав B6           @ (7,4,7) hp=3/4
    ✓ Паук B8            @ (5,4,4) hp=1/1
    ✗ Артиллерия B1      @ (5,7,4) [уничтожен]
    ✗ Радиовышка B2      @ (6,8,3) [уничтожен]
    ✗ Прыгун B3          @ (6,3,3) [уничтожен]
    ✗ Факел B4           @ (4,5,5) [уничтожен]
    ✗ Провокатор B7      @ (5,3,4) [уничтожен]
  Team C: живых 1/8
    ✓ Тишина C5          @ (5,2,5) hp=2/2
    ✗ Артиллерия C1      @ (5,4,7) [уничтожен]
    ✗ Радиовышка C2      @ (3,5,6) [уничтожен]
    ✗ Прыгун C3          @ (4,5,5) [уничтожен]
    ✗ Факел C4           @ (7,4,7) [уничтожен]
    ✗ Бурав C6           @ (7,4,7) [уничтожен]
    ✗ Провокатор C7      @ (4,4,7) [уничтожен]
    ✗ Паук C8            @ (3,4,7) [уничтожен]

======================================================================
ХОД 23
======================================================================
✓ 🎮 GM: начинаем ход
GM: start_turn

--- Радиовышки: сканирование слоя Z ---
  Радиовышка A2 (z=3): слой чист

--- Решения ботов ---
  [Team A] Радиовышка A2 (6,4,3) → MOVE (5,4,4)
  [Team A] Бурав A6 (6,8,3) → MOVE (7,7,4)
  [Team A] Провокатор A7 (6,0,3) → HOLOGRAM (5,1,4)
  [Team A] Паук A8 (6,2,3) → MINE (6,3,4)
  [Team A] Тишина A5 → SKIP
  [Team B] Тишина B5 (5,1,4) → MOVE (6,0,3)
  [Team B] Бурав B6 (7,4,7) → MOVE (6,3,6)
  [Team B] Паук B8 (5,4,4) → MINE (6,4,3)
  [Team C] Тишина C5 (5,2,5) → MOVE (5,1,4)
! 🎮 GM: принудительно завершает фазу планирования
GM: end_planning
# 
============================================================
# 🔄 ОБРАБОТКА ХОДА 23
# ============================================================
!    ⚠️ Провокатор A7: клетка (5,1,4) занята кораблём
!    ⚠️ Паук A8: в клетке уже стоит мина
!    ⚠️ Паук B8: клетка (6,4,3) занята кораблём

📦 ПЕРЕМЕЩЕНИЯ:
!    ⚠️ Радиовышка A2: клетка (5,4,4) занята
!    ⚠️ Бурав A6: Бурав двигается только по 1 оси или по 2 осям строго диагонально
!    ⚠️ Тишина B5: клетка (6,0,3) занята
!    ⚠️ Бурав B6: Бурав двигается только по 1 оси или по 2 осям строго диагонально
!    ⚠️ Тишина C5: клетка (5,1,4) занята

🎯 ВЫСТРЕЛЫ:
   Выпущено ракет: 0
# 
📊 РЕЗУЛЬТАТЫ ХОДА 23:
🎯 Попаданий нет

--- Результаты хода ---
  Попаданий нет

--- Состояние команд после хода ---
  Team A: живых 5/8
    ✓ Радиовышка A2      @ (6,4,3) hp=3/3
    ✓ Тишина A5          @ (5,5,4) hp=2/2
    ✓ Бурав A6           @ (6,8,3) hp=4/4
    ✓ Провокатор A7      @ (6,0,3) hp=2/2
    ✓ Паук A8            @ (6,2,3) hp=1/1
    ✗ Артиллерия A1      @ (6,3,3) [уничтожен]
    ✗ Прыгун A3          @ (5,7,4) [уничтожен]
    ✗ Факел A4           @ (6,1,3) [уничтожен]
  Team B: живых 3/8
    ✓ Тишина B5          @ (5,1,4) hp=2/2
    ✓ Бурав B6           @ (7,4,7) hp=3/4
    ✓ Паук B8            @ (5,4,4) hp=1/1
    ✗ Артиллерия B1      @ (5,7,4) [уничтожен]
    ✗ Радиовышка B2      @ (6,8,3) [уничтожен]
    ✗ Прыгун B3          @ (6,3,3) [уничтожен]
    ✗ Факел B4           @ (4,5,5) [уничтожен]
    ✗ Провокатор B7      @ (5,3,4) [уничтожен]
  Team C: живых 1/8
    ✓ Тишина C5          @ (5,2,5) hp=2/2
    ✗ Артиллерия C1      @ (5,4,7) [уничтожен]
    ✗ Радиовышка C2      @ (3,5,6) [уничтожен]
    ✗ Прыгун C3          @ (4,5,5) [уничтожен]
    ✗ Факел C4           @ (7,4,7) [уничтожен]
    ✗ Бурав C6           @ (7,4,7) [уничтожен]
    ✗ Провокатор C7      @ (4,4,7) [уничтожен]
    ✗ Паук C8            @ (3,4,7) [уничтожен]

======================================================================
ХОД 24
======================================================================
✓ 🎮 GM: начинаем ход
GM: start_turn

--- Радиовышки: сканирование слоя Z ---
  Радиовышка A2 (z=3): слой чист

--- Решения ботов ---
  [Team A] Радиовышка A2 (6,4,3) → MOVE (5,4,4)
  [Team A] Бурав A6 (6,8,3) → MOVE (7,7,4)
  [Team A] Провокатор A7 (6,0,3) → HOLOGRAM (5,1,4)
  [Team A] Паук A8 (6,2,3) → MINE (6,3,4)
  [Team A] Тишина A5 → SKIP
  [Team B] Тишина B5 (5,1,4) → MOVE (6,0,3)
  [Team B] Бурав B6 (7,4,7) → MOVE (6,3,6)
  [Team B] Паук B8 (5,4,4) → MINE (6,4,3)
  [Team C] Тишина C5 (5,2,5) → MOVE (5,1,4)
! 🎮 GM: принудительно завершает фазу планирования
GM: end_planning
# 
============================================================
# 🔄 ОБРАБОТКА ХОДА 24
# ============================================================
!    ⚠️ Провокатор A7: клетка (5,1,4) занята кораблём
!    ⚠️ Паук A8: в клетке уже стоит мина
!    ⚠️ Паук B8: клетка (6,4,3) занята кораблём

📦 ПЕРЕМЕЩЕНИЯ:
!    ⚠️ Радиовышка A2: клетка (5,4,4) занята
!    ⚠️ Бурав A6: Бурав двигается только по 1 оси или по 2 осям строго диагонально
!    ⚠️ Тишина B5: клетка (6,0,3) занята
!    ⚠️ Бурав B6: Бурав двигается только по 1 оси или по 2 осям строго диагонально
!    ⚠️ Тишина C5: клетка (5,1,4) занята

🎯 ВЫСТРЕЛЫ:
   Выпущено ракет: 0
# 
📊 РЕЗУЛЬТАТЫ ХОДА 24:
🎯 Попаданий нет

--- Результаты хода ---
  Попаданий нет

--- Состояние команд после хода ---
  Team A: живых 5/8
    ✓ Радиовышка A2      @ (6,4,3) hp=3/3
    ✓ Тишина A5          @ (5,5,4) hp=2/2
    ✓ Бурав A6           @ (6,8,3) hp=4/4
    ✓ Провокатор A7      @ (6,0,3) hp=2/2
    ✓ Паук A8            @ (6,2,3) hp=1/1
    ✗ Артиллерия A1      @ (6,3,3) [уничтожен]
    ✗ Прыгун A3          @ (5,7,4) [уничтожен]
    ✗ Факел A4           @ (6,1,3) [уничтожен]
  Team B: живых 3/8
    ✓ Тишина B5          @ (5,1,4) hp=2/2
    ✓ Бурав B6           @ (7,4,7) hp=3/4
    ✓ Паук B8            @ (5,4,4) hp=1/1
    ✗ Артиллерия B1      @ (5,7,4) [уничтожен]
    ✗ Радиовышка B2      @ (6,8,3) [уничтожен]
    ✗ Прыгун B3          @ (6,3,3) [уничтожен]
    ✗ Факел B4           @ (4,5,5) [уничтожен]
    ✗ Провокатор B7      @ (5,3,4) [уничтожен]
  Team C: живых 1/8
    ✓ Тишина C5          @ (5,2,5) hp=2/2
    ✗ Артиллерия C1      @ (5,4,7) [уничтожен]
    ✗ Радиовышка C2      @ (3,5,6) [уничтожен]
    ✗ Прыгун C3          @ (4,5,5) [уничтожен]
    ✗ Факел C4           @ (7,4,7) [уничтожен]
    ✗ Бурав C6           @ (7,4,7) [уничтожен]
    ✗ Провокатор C7      @ (4,4,7) [уничтожен]
    ✗ Паук C8            @ (3,4,7) [уничтожен]

======================================================================
ХОД 25
======================================================================
✓ 🎮 GM: начинаем ход
GM: start_turn

--- Радиовышки: сканирование слоя Z ---
  Радиовышка A2 (z=3): слой чист

--- Решения ботов ---
  [Team A] Радиовышка A2 (6,4,3) → MOVE (5,4,4)
  [Team A] Бурав A6 (6,8,3) → MOVE (7,7,4)
  [Team A] Провокатор A7 (6,0,3) → HOLOGRAM (5,1,4)
  [Team A] Паук A8 (6,2,3) → MINE (6,3,4)
  [Team A] Тишина A5 → SKIP
  [Team B] Тишина B5 (5,1,4) → PHASE toggle
  [Team B] Бурав B6 (7,4,7) → MOVE (6,3,6)
  [Team B] Паук B8 (5,4,4) → MINE (6,4,3)
  [Team C] Тишина C5 (5,2,5) → PHASE toggle
! 🎮 GM: принудительно завершает фазу планирования
GM: end_planning
# 
============================================================
# 🔄 ОБРАБОТКА ХОДА 25
# ============================================================
   🌀 Тишина B5: уходит в фазу на 1 ход
   🌀 Тишина C5: уходит в фазу на 1 ход
!    ⚠️ Провокатор A7: клетка (5,1,4) занята кораблём
!    ⚠️ Паук A8: в клетке уже стоит мина
!    ⚠️ Паук B8: клетка (6,4,3) занята кораблём

📦 ПЕРЕМЕЩЕНИЯ:
!    ⚠️ Радиовышка A2: клетка (5,4,4) занята
!    ⚠️ Бурав A6: Бурав двигается только по 1 оси или по 2 осям строго диагонально
!    ⚠️ Бурав B6: Бурав двигается только по 1 оси или по 2 осям строго диагонально

🎯 ВЫСТРЕЛЫ:
   Выпущено ракет: 0
# 
📊 РЕЗУЛЬТАТЫ ХОДА 25:
🎯 Попаданий нет

--- Результаты хода ---
  Попаданий нет

--- Состояние команд после хода ---
  Team A: живых 5/8
    ✓ Радиовышка A2      @ (6,4,3) hp=3/3
    ✓ Тишина A5          @ (5,5,4) hp=2/2
    ✓ Бурав A6           @ (6,8,3) hp=4/4
    ✓ Провокатор A7      @ (6,0,3) hp=2/2
    ✓ Паук A8            @ (6,2,3) hp=1/1
    ✗ Артиллерия A1      @ (6,3,3) [уничтожен]
    ✗ Прыгун A3          @ (5,7,4) [уничтожен]
    ✗ Факел A4           @ (6,1,3) [уничтожен]
  Team B: живых 3/8
    ✓ Тишина B5          @ (5,1,4) hp=2/2
    ✓ Бурав B6           @ (7,4,7) hp=3/4
    ✓ Паук B8            @ (5,4,4) hp=1/1
    ✗ Артиллерия B1      @ (5,7,4) [уничтожен]
    ✗ Радиовышка B2      @ (6,8,3) [уничтожен]
    ✗ Прыгун B3          @ (6,3,3) [уничтожен]
    ✗ Факел B4           @ (4,5,5) [уничтожен]
    ✗ Провокатор B7      @ (5,3,4) [уничтожен]
  Team C: живых 1/8
    ✓ Тишина C5          @ (5,2,5) hp=2/2
    ✗ Артиллерия C1      @ (5,4,7) [уничтожен]
    ✗ Радиовышка C2      @ (3,5,6) [уничтожен]
    ✗ Прыгун C3          @ (4,5,5) [уничтожен]
    ✗ Факел C4           @ (7,4,7) [уничтожен]
    ✗ Бурав C6           @ (7,4,7) [уничтожен]
    ✗ Провокатор C7      @ (4,4,7) [уничтожен]
    ✗ Паук C8            @ (3,4,7) [уничтожен]

======================================================================
ХОД 26
======================================================================
✓ 🎮 GM: начинаем ход
GM: start_turn

--- Радиовышки: сканирование слоя Z ---
  Радиовышка A2 (z=3): слой чист

--- Решения ботов ---
  [Team A] Радиовышка A2 (6,4,3) → MOVE (5,4,4)
  [Team A] Бурав A6 (6,8,3) → MOVE (7,7,4)
  [Team A] Провокатор A7 (6,0,3) → HOLOGRAM (7,1,4)
  [Team A] Паук A8 (6,2,3) → MINE (5,3,4)
  [Team A] Тишина A5 → SKIP
  [Team B] Тишина B5 (5,1,4) → MOVE (6,0,3)
  [Team B] Бурав B6 (7,4,7) → MOVE (6,5,6)
  [Team B] Паук B8 (5,4,4) → MINE (6,4,3)
  [Team C] Тишина C5 (5,2,5) → MOVE (6,3,4)
! 🎮 GM: принудительно завершает фазу планирования
GM: end_planning
# 
============================================================
# 🔄 ОБРАБОТКА ХОДА 26
# ============================================================
   🌀 Тишина B5: фаза спала (действовала 1 ход)
   🌀 Тишина C5: фаза спала (действовала 1 ход)
!    ⚠️ Провокатор A7: клетка (7,1,4) уже занята голограммой
!    ⚠️ Паук A8: в клетке уже стоит мина
!    ⚠️ Паук B8: клетка (6,4,3) занята кораблём

📦 ПЕРЕМЕЩЕНИЯ:
!    ⚠️ Радиовышка A2: клетка (5,4,4) занята
!    ⚠️ Бурав A6: Бурав двигается только по 1 оси или по 2 осям строго диагонально
!    ⚠️ Тишина B5: клетка (6,0,3) занята
!    ⚠️ Бурав B6: Бурав двигается только по 1 оси или по 2 осям строго диагонально
!    ⚠️ Тишина C5: клетка (6,3,4) занята

🎯 ВЫСТРЕЛЫ:
   Выпущено ракет: 0
# 
📊 РЕЗУЛЬТАТЫ ХОДА 26:
🎯 Попаданий нет

--- Результаты хода ---
  Попаданий нет

--- Состояние команд после хода ---
  Team A: живых 5/8
    ✓ Радиовышка A2      @ (6,4,3) hp=3/3
    ✓ Тишина A5          @ (5,5,4) hp=2/2
    ✓ Бурав A6           @ (6,8,3) hp=4/4
    ✓ Провокатор A7      @ (6,0,3) hp=2/2
    ✓ Паук A8            @ (6,2,3) hp=1/1
    ✗ Артиллерия A1      @ (6,3,3) [уничтожен]
    ✗ Прыгун A3          @ (5,7,4) [уничтожен]
    ✗ Факел A4           @ (6,1,3) [уничтожен]
  Team B: живых 3/8
    ✓ Тишина B5          @ (5,1,4) hp=2/2
    ✓ Бурав B6           @ (7,4,7) hp=3/4
    ✓ Паук B8            @ (5,4,4) hp=1/1
    ✗ Артиллерия B1      @ (5,7,4) [уничтожен]
    ✗ Радиовышка B2      @ (6,8,3) [уничтожен]
    ✗ Прыгун B3          @ (6,3,3) [уничтожен]
    ✗ Факел B4           @ (4,5,5) [уничтожен]
    ✗ Провокатор B7      @ (5,3,4) [уничтожен]
  Team C: живых 1/8
    ✓ Тишина C5          @ (5,2,5) hp=2/2
    ✗ Артиллерия C1      @ (5,4,7) [уничтожен]
    ✗ Радиовышка C2      @ (3,5,6) [уничтожен]
    ✗ Прыгун C3          @ (4,5,5) [уничтожен]
    ✗ Факел C4           @ (7,4,7) [уничтожен]
    ✗ Бурав C6           @ (7,4,7) [уничтожен]
    ✗ Провокатор C7      @ (4,4,7) [уничтожен]
    ✗ Паук C8            @ (3,4,7) [уничтожен]

======================================================================
ХОД 27
======================================================================
✓ 🎮 GM: начинаем ход
GM: start_turn

--- Радиовышки: сканирование слоя Z ---
  Радиовышка A2 (z=3): слой чист

--- Решения ботов ---
  [Team A] Радиовышка A2 (6,4,3) → MOVE (5,4,4)
  [Team A] Бурав A6 (6,8,3) → MOVE (7,7,4)
  [Team A] Провокатор A7 (6,0,3) → HOLOGRAM (5,1,4)
  [Team A] Паук A8 (6,2,3) → MINE (6,3,4)
  [Team A] Тишина A5 → SKIP
  [Team B] Тишина B5 (5,1,4) → MOVE (6,0,3)
  [Team B] Бурав B6 (7,4,7) → MOVE (6,3,6)
  [Team B] Паук B8 (5,4,4) → MINE (6,4,3)
  [Team C] Тишина C5 (5,2,5) → MOVE (5,1,4)
! 🎮 GM: принудительно завершает фазу планирования
GM: end_planning
# 
============================================================
# 🔄 ОБРАБОТКА ХОДА 27
# ============================================================
!    ⚠️ Провокатор A7: клетка (5,1,4) занята кораблём
!    ⚠️ Паук A8: в клетке уже стоит мина
!    ⚠️ Паук B8: клетка (6,4,3) занята кораблём

📦 ПЕРЕМЕЩЕНИЯ:
!    ⚠️ Радиовышка A2: клетка (5,4,4) занята
!    ⚠️ Бурав A6: Бурав двигается только по 1 оси или по 2 осям строго диагонально
!    ⚠️ Тишина B5: клетка (6,0,3) занята
!    ⚠️ Бурав B6: Бурав двигается только по 1 оси или по 2 осям строго диагонально
!    ⚠️ Тишина C5: клетка (5,1,4) занята

🎯 ВЫСТРЕЛЫ:
   Выпущено ракет: 0
# 
📊 РЕЗУЛЬТАТЫ ХОДА 27:
🎯 Попаданий нет

--- Результаты хода ---
  Попаданий нет

--- Состояние команд после хода ---
  Team A: живых 5/8
    ✓ Радиовышка A2      @ (6,4,3) hp=3/3
    ✓ Тишина A5          @ (5,5,4) hp=2/2
    ✓ Бурав A6           @ (6,8,3) hp=4/4
    ✓ Провокатор A7      @ (6,0,3) hp=2/2
    ✓ Паук A8            @ (6,2,3) hp=1/1
    ✗ Артиллерия A1      @ (6,3,3) [уничтожен]
    ✗ Прыгун A3          @ (5,7,4) [уничтожен]
    ✗ Факел A4           @ (6,1,3) [уничтожен]
  Team B: живых 3/8
    ✓ Тишина B5          @ (5,1,4) hp=2/2
    ✓ Бурав B6           @ (7,4,7) hp=3/4
    ✓ Паук B8            @ (5,4,4) hp=1/1
    ✗ Артиллерия B1      @ (5,7,4) [уничтожен]
    ✗ Радиовышка B2      @ (6,8,3) [уничтожен]
    ✗ Прыгун B3          @ (6,3,3) [уничтожен]
    ✗ Факел B4           @ (4,5,5) [уничтожен]
    ✗ Провокатор B7      @ (5,3,4) [уничтожен]
  Team C: живых 1/8
    ✓ Тишина C5          @ (5,2,5) hp=2/2
    ✗ Артиллерия C1      @ (5,4,7) [уничтожен]
    ✗ Радиовышка C2      @ (3,5,6) [уничтожен]
    ✗ Прыгун C3          @ (4,5,5) [уничтожен]
    ✗ Факел C4           @ (7,4,7) [уничтожен]
    ✗ Бурав C6           @ (7,4,7) [уничтожен]
    ✗ Провокатор C7      @ (4,4,7) [уничтожен]
    ✗ Паук C8            @ (3,4,7) [уничтожен]

======================================================================
ХОД 28
======================================================================
✓ 🎮 GM: начинаем ход
GM: start_turn

--- Радиовышки: сканирование слоя Z ---
  Радиовышка A2 (z=3): слой чист

--- Решения ботов ---
  [Team A] Радиовышка A2 (6,4,3) → MOVE (5,4,4)
  [Team A] Бурав A6 (6,8,3) → MOVE (7,7,4)
  [Team A] Провокатор A7 (6,0,3) → HOLOGRAM (5,1,4)
  [Team A] Паук A8 (6,2,3) → MINE (6,3,4)
  [Team A] Тишина A5 → SKIP
  [Team B] Тишина B5 (5,1,4) → MOVE (6,0,3)
  [Team B] Бурав B6 (7,4,7) → MOVE (6,3,6)
  [Team B] Паук B8 (5,4,4) → MINE (6,4,3)
  [Team C] Тишина C5 (5,2,5) → MOVE (5,1,4)
! 🎮 GM: принудительно завершает фазу планирования
GM: end_planning
# 
============================================================
# 🔄 ОБРАБОТКА ХОДА 28
# ============================================================
!    ⚠️ Провокатор A7: клетка (5,1,4) занята кораблём
!    ⚠️ Паук A8: в клетке уже стоит мина
!    ⚠️ Паук B8: клетка (6,4,3) занята кораблём

📦 ПЕРЕМЕЩЕНИЯ:
!    ⚠️ Радиовышка A2: клетка (5,4,4) занята
!    ⚠️ Бурав A6: Бурав двигается только по 1 оси или по 2 осям строго диагонально
!    ⚠️ Тишина B5: клетка (6,0,3) занята
!    ⚠️ Бурав B6: Бурав двигается только по 1 оси или по 2 осям строго диагонально
!    ⚠️ Тишина C5: клетка (5,1,4) занята

🎯 ВЫСТРЕЛЫ:
   Выпущено ракет: 0
# 
📊 РЕЗУЛЬТАТЫ ХОДА 28:
🎯 Попаданий нет

--- Результаты хода ---
  Попаданий нет

--- Состояние команд после хода ---
  Team A: живых 5/8
    ✓ Радиовышка A2      @ (6,4,3) hp=3/3
    ✓ Тишина A5          @ (5,5,4) hp=2/2
    ✓ Бурав A6           @ (6,8,3) hp=4/4
    ✓ Провокатор A7      @ (6,0,3) hp=2/2
    ✓ Паук A8            @ (6,2,3) hp=1/1
    ✗ Артиллерия A1      @ (6,3,3) [уничтожен]
    ✗ Прыгун A3          @ (5,7,4) [уничтожен]
    ✗ Факел A4           @ (6,1,3) [уничтожен]
  Team B: живых 3/8
    ✓ Тишина B5          @ (5,1,4) hp=2/2
    ✓ Бурав B6           @ (7,4,7) hp=3/4
    ✓ Паук B8            @ (5,4,4) hp=1/1
    ✗ Артиллерия B1      @ (5,7,4) [уничтожен]
    ✗ Радиовышка B2      @ (6,8,3) [уничтожен]
    ✗ Прыгун B3          @ (6,3,3) [уничтожен]
    ✗ Факел B4           @ (4,5,5) [уничтожен]
    ✗ Провокатор B7      @ (5,3,4) [уничтожен]
  Team C: живых 1/8
    ✓ Тишина C5          @ (5,2,5) hp=2/2
    ✗ Артиллерия C1      @ (5,4,7) [уничтожен]
    ✗ Радиовышка C2      @ (3,5,6) [уничтожен]
    ✗ Прыгун C3          @ (4,5,5) [уничтожен]
    ✗ Факел C4           @ (7,4,7) [уничтожен]
    ✗ Бурав C6           @ (7,4,7) [уничтожен]
    ✗ Провокатор C7      @ (4,4,7) [уничтожен]
    ✗ Паук C8            @ (3,4,7) [уничтожен]

======================================================================
ХОД 29
======================================================================
✓ 🎮 GM: начинаем ход
GM: start_turn

--- Радиовышки: сканирование слоя Z ---
  Радиовышка A2 (z=3): слой чист

--- Решения ботов ---
  [Team A] Радиовышка A2 (6,4,3) → MOVE (5,4,4)
  [Team A] Бурав A6 (6,8,3) → MOVE (7,7,4)
  [Team A] Провокатор A7 (6,0,3) → HOLOGRAM (5,1,4)
  [Team A] Паук A8 (6,2,3) → MINE (6,3,4)
  [Team A] Тишина A5 → SKIP
  [Team B] Тишина B5 (5,1,4) → PHASE toggle
  [Team B] Бурав B6 (7,4,7) → MOVE (6,3,6)
  [Team B] Паук B8 (5,4,4) → MINE (6,4,3)
  [Team C] Тишина C5 (5,2,5) → PHASE toggle
! 🎮 GM: принудительно завершает фазу планирования
GM: end_planning
# 
============================================================
# 🔄 ОБРАБОТКА ХОДА 29
# ============================================================
   🌀 Тишина B5: уходит в фазу на 1 ход
   🌀 Тишина C5: уходит в фазу на 1 ход
!    ⚠️ Провокатор A7: клетка (5,1,4) занята кораблём
!    ⚠️ Паук A8: в клетке уже стоит мина
!    ⚠️ Паук B8: клетка (6,4,3) занята кораблём

📦 ПЕРЕМЕЩЕНИЯ:
!    ⚠️ Радиовышка A2: клетка (5,4,4) занята
!    ⚠️ Бурав A6: Бурав двигается только по 1 оси или по 2 осям строго диагонально
!    ⚠️ Бурав B6: Бурав двигается только по 1 оси или по 2 осям строго диагонально

🎯 ВЫСТРЕЛЫ:
   Выпущено ракет: 0
# 
📊 РЕЗУЛЬТАТЫ ХОДА 29:
🎯 Попаданий нет

--- Результаты хода ---
  Попаданий нет

--- Состояние команд после хода ---
  Team A: живых 5/8
    ✓ Радиовышка A2      @ (6,4,3) hp=3/3
    ✓ Тишина A5          @ (5,5,4) hp=2/2
    ✓ Бурав A6           @ (6,8,3) hp=4/4
    ✓ Провокатор A7      @ (6,0,3) hp=2/2
    ✓ Паук A8            @ (6,2,3) hp=1/1
    ✗ Артиллерия A1      @ (6,3,3) [уничтожен]
    ✗ Прыгун A3          @ (5,7,4) [уничтожен]
    ✗ Факел A4           @ (6,1,3) [уничтожен]
  Team B: живых 3/8
    ✓ Тишина B5          @ (5,1,4) hp=2/2
    ✓ Бурав B6           @ (7,4,7) hp=3/4
    ✓ Паук B8            @ (5,4,4) hp=1/1
    ✗ Артиллерия B1      @ (5,7,4) [уничтожен]
    ✗ Радиовышка B2      @ (6,8,3) [уничтожен]
    ✗ Прыгун B3          @ (6,3,3) [уничтожен]
    ✗ Факел B4           @ (4,5,5) [уничтожен]
    ✗ Провокатор B7      @ (5,3,4) [уничтожен]
  Team C: живых 1/8
    ✓ Тишина C5          @ (5,2,5) hp=2/2
    ✗ Артиллерия C1      @ (5,4,7) [уничтожен]
    ✗ Радиовышка C2      @ (3,5,6) [уничтожен]
    ✗ Прыгун C3          @ (4,5,5) [уничтожен]
    ✗ Факел C4           @ (7,4,7) [уничтожен]
    ✗ Бурав C6           @ (7,4,7) [уничтожен]
    ✗ Провокатор C7      @ (4,4,7) [уничтожен]
    ✗ Паук C8            @ (3,4,7) [уничтожен]

======================================================================
ХОД 30
======================================================================
✓ 🎮 GM: начинаем ход
GM: start_turn

--- Радиовышки: сканирование слоя Z ---
  Радиовышка A2 (z=3): слой чист

--- Решения ботов ---
  [Team A] Радиовышка A2 (6,4,3) → MOVE (5,4,4)
  [Team A] Бурав A6 (6,8,3) → MOVE (7,7,4)
  [Team A] Провокатор A7 (6,0,3) → HOLOGRAM (7,1,4)
  [Team A] Паук A8 (6,2,3) → MINE (5,3,4)
  [Team A] Тишина A5 → SKIP
  [Team B] Тишина B5 (5,1,4) → MOVE (6,0,3)
  [Team B] Бурав B6 (7,4,7) → MOVE (6,5,6)
  [Team B] Паук B8 (5,4,4) → MINE (6,4,3)
  [Team C] Тишина C5 (5,2,5) → MOVE (6,3,4)
! 🎮 GM: принудительно завершает фазу планирования
GM: end_planning
# 
============================================================
# 🔄 ОБРАБОТКА ХОДА 30
# ============================================================
   🌀 Тишина B5: фаза спала (действовала 1 ход)
   🌀 Тишина C5: фаза спала (действовала 1 ход)
!    ⚠️ Провокатор A7: клетка (7,1,4) уже занята голограммой
!    ⚠️ Паук A8: в клетке уже стоит мина
!    ⚠️ Паук B8: клетка (6,4,3) занята кораблём

📦 ПЕРЕМЕЩЕНИЯ:
!    ⚠️ Радиовышка A2: клетка (5,4,4) занята
!    ⚠️ Бурав A6: Бурав двигается только по 1 оси или по 2 осям строго диагонально
!    ⚠️ Тишина B5: клетка (6,0,3) занята
!    ⚠️ Бурав B6: Бурав двигается только по 1 оси или по 2 осям строго диагонально
!    ⚠️ Тишина C5: клетка (6,3,4) занята

🎯 ВЫСТРЕЛЫ:
   Выпущено ракет: 0
# 
📊 РЕЗУЛЬТАТЫ ХОДА 30:
🎯 Попаданий нет

--- Результаты хода ---
  Попаданий нет

--- Состояние команд после хода ---
  Team A: живых 5/8
    ✓ Радиовышка A2      @ (6,4,3) hp=3/3
    ✓ Тишина A5          @ (5,5,4) hp=2/2
    ✓ Бурав A6           @ (6,8,3) hp=4/4
    ✓ Провокатор A7      @ (6,0,3) hp=2/2
    ✓ Паук A8            @ (6,2,3) hp=1/1
    ✗ Артиллерия A1      @ (6,3,3) [уничтожен]
    ✗ Прыгун A3          @ (5,7,4) [уничтожен]
    ✗ Факел A4           @ (6,1,3) [уничтожен]
  Team B: живых 3/8
    ✓ Тишина B5          @ (5,1,4) hp=2/2
    ✓ Бурав B6           @ (7,4,7) hp=3/4
    ✓ Паук B8            @ (5,4,4) hp=1/1
    ✗ Артиллерия B1      @ (5,7,4) [уничтожен]
    ✗ Радиовышка B2      @ (6,8,3) [уничтожен]
    ✗ Прыгун B3          @ (6,3,3) [уничтожен]
    ✗ Факел B4           @ (4,5,5) [уничтожен]
    ✗ Провокатор B7      @ (5,3,4) [уничтожен]
  Team C: живых 1/8
    ✓ Тишина C5          @ (5,2,5) hp=2/2
    ✗ Артиллерия C1      @ (5,4,7) [уничтожен]
    ✗ Радиовышка C2      @ (3,5,6) [уничтожен]
    ✗ Прыгун C3          @ (4,5,5) [уничтожен]
    ✗ Факел C4           @ (7,4,7) [уничтожен]
    ✗ Бурав C6           @ (7,4,7) [уничтожен]
    ✗ Провокатор C7      @ (4,4,7) [уничтожен]
    ✗ Паук C8            @ (3,4,7) [уничтожен]

======================================================================
ИТОГ
======================================================================
Лимит ходов (30) исчерпан. Победа по урону: Team B (26 dmg).
   Урон по командам: Team A=4, Team B=26, Team C=13

--- Сводка по командам ---
  Team A: 5/8 живых; hp=12
  Team B: 3/8 живых; hp=6
  Team C: 1/8 живых; hp=2

--- Сводка по пассивкам радиовышек ---
  Team A: сканирований=30, всего врагов-в-слоях=4, уникальных эксклюзивных (видны только радиовышкой)=0
  Team B: сканирований=3, всего врагов-в-слоях=10, уникальных эксклюзивных (видны только радиовышкой)=0
  Team C: сканирований=2, всего врагов-в-слоях=0, уникальных эксклюзивных (видны только радиовышкой)=0

--- Сводка по попаданиям ---
  Всего событий (шоты+тараны+мины): 16
  Уничтожено кораблей всего: 15
  Team A: урон=4 хиты=0 тараны=2 мины(сработало)=0 убийств=2
  Team B: урон=26 хиты=0 тараны=8 мины(сработало)=1 убийств=9
  Team C: урон=13 хиты=4 тараны=1 мины(сработало)=0 убийств=4
! 🎮 GM: остановка игры
