======================================================================
Space Battle 10×10×10 — simulation run at 2026-04-20T13:44:08+00:00
Game mode: advanced
Seed: 151
✓ 🚀 Продвинутый режим: создаю разные типы кораблей
   Команда A: спавн вдоль оси Z от (6, 3, 5) до (6, 3, 2)
   Команда B: спавн вдоль оси X от (6, 7, 1) до (3, 7, 1)
   Команда C: спавн вдоль оси X от (2, 4, 2) до (7, 4, 2)
✓ ✅ Создано 24 кораблей


--- СТАРТОВАЯ РАССТАНОВКА ---
  Team A: живых 8/8
    ✓ Артиллерия A1      @ (6,3,5) hp=1/1
    ✓ Радиовышка A2      @ (6,3,4) hp=3/3
    ✓ Прыгун A3          @ (6,3,9) hp=2/2
    ✓ Факел A4           @ (6,3,8) hp=6/6
    ✓ Тишина A5          @ (6,3,0) hp=2/2
    ✓ Бурав A6           @ (6,3,3) hp=4/4
    ✓ Провокатор A7      @ (6,3,6) hp=2/2
    ✓ Паук A8            @ (6,3,2) hp=1/1
  Team B: живых 8/8
    ✓ Артиллерия B1      @ (6,7,1) hp=1/1
    ✓ Радиовышка B2      @ (4,7,1) hp=3/3
    ✓ Прыгун B3          @ (2,7,1) hp=2/2
    ✓ Факел B4           @ (8,7,1) hp=6/6
    ✓ Тишина B5          @ (7,7,1) hp=2/2
    ✓ Бурав B6           @ (9,7,1) hp=4/4
    ✓ Провокатор B7      @ (0,7,1) hp=2/2
    ✓ Паук B8            @ (3,7,1) hp=1/1
  Team C: живых 8/8
    ✓ Артиллерия C1      @ (2,4,2) hp=1/1
    ✓ Радиовышка C2      @ (9,4,2) hp=3/3
    ✓ Прыгун C3          @ (5,4,2) hp=2/2
    ✓ Факел C4           @ (3,4,2) hp=6/6
    ✓ Тишина C5          @ (0,4,2) hp=2/2
    ✓ Бурав C6           @ (8,4,2) hp=4/4
    ✓ Провокатор C7      @ (6,4,2) hp=2/2
    ✓ Паук C8            @ (7,4,2) hp=1/1

======================================================================
ХОД 1
======================================================================
✓ 🎮 GM: начинаем ход
GM: start_turn

--- Радиовышки: сканирование слоя Z ---
  Радиовышка A2 (z=4): слой чист
  Радиовышка B2 (z=1): слой чист
  Радиовышка C2 (z=2): видит 1 врагов  → Паук A8(6,3,2)

--- Решения ботов ---
  [Team A] Артиллерия A1 (6,3,5) → SHOOT at (6,7,1)
  [Team A] Радиовышка A2 (6,3,4) → MOVE (5,4,3)
  [Team A] Прыгун A3 (6,3,9) → MOVE (5,4,8)
  [Team A] Факел A4 (6,3,8) → MOVE (6,3,7)
  [Team A] Тишина A5 (6,3,0) → PHASE toggle
  [Team A] Бурав A6 (6,3,3) → MOVE (6,4,2)
  [Team A] Провокатор A7 (6,3,6) → HOLOGRAM (5,4,5)
  [Team A] Паук A8 (6,3,2) → MINE (7,3,3)
  [Team B] Артиллерия B1 (6,7,1) → SHOOT at (2,4,2)
  [Team B] Радиовышка B2 (4,7,1) → MOVE (3,6,2)
  [Team B] Прыгун B3 (2,7,1) → MOVE (2,6,2)
  [Team B] Тишина B5 (7,7,1) → PHASE toggle
  [Team B] Бурав B6 (9,7,1) → MOVE (9,6,2)
  [Team B] Провокатор B7 (0,7,1) → HOLOGRAM (1,6,2)
  [Team B] Паук B8 (3,7,1) → MINE (3,7,2)
  [Team B] Факел B4 → SKIP
  [Team C] Артиллерия C1 (2,4,2) → SHOOT at (6,3,5)
  [Team C] Радиовышка C2 (9,4,2) → MOVE (8,3,3)
  [Team C] Прыгун C3 (5,4,2) → MOVE (6,3,3)
  [Team C] Тишина C5 (0,4,2) → PHASE toggle
  [Team C] Бурав C6 (8,4,2) → MOVE (7,3,3)
  [Team C] Провокатор C7 (6,4,2) → HOLOGRAM (6,4,3)
  [Team C] Паук C8 (7,4,2) → MINE (6,4,3)
  [Team C] Факел C4 → SKIP
! 🎮 GM: принудительно завершает фазу планирования
GM: end_planning
# 
============================================================
# 🔄 ОБРАБОТКА ХОДА 1
# ============================================================
   🌀 Тишина A5: уходит в фазу на 1 ход
   🌀 Тишина B5: уходит в фазу на 1 ход
   🌀 Тишина C5: уходит в фазу на 1 ход
   🪞 Провокатор A7 создал голограмму H1 в (5,4,5)
   🪞 Провокатор B7 создал голограмму H2 в (1,6,2)
   🪞 Провокатор C7 создал голограмму H3 в (6,4,3)
   💣 Паук A8 установил мину M1 в (7,3,3)
   💣 Паук B8 установил мину M2 в (3,7,2)
   💣 Паук C8 установил мину M3 в (6,4,3)

📦 ПЕРЕМЕЩЕНИЯ:
   Радиовышка A2: (6, 3, 4) → (5,4,3)
   Прыгун A3: (6, 3, 9) → (5,4,8)
   Факел A4: (6, 3, 8) → (6,3,7)
✓    💥 Бурав A6 тараном уничтожил Провокатор C7 в (6,4,2)
   Бурав A6: (6, 3, 3) → (6,4,2)
   Радиовышка B2: (4, 7, 1) → (3,6,2)
   Прыгун B3: (2, 7, 1) → (2,6,2)
   Бурав B6: (9, 7, 1) → (9,6,2)
   Радиовышка C2: (9, 4, 2) → (8,3,3)
   Прыгун C3: (5, 4, 2) → (6,3,3)
!    ⚠️ Бурав C6: Бурав двигается только по 1 оси или по 2 осям строго диагонально

🎯 ВЫСТРЕЛЫ:
✓    ✅ Артиллерия A1 поразил Артиллерия B1 (2 урона)!
✓    ✅ Артиллерия B1 поразил Артиллерия C1 (2 урона)!
✓    ✅ Артиллерия C1 поразил Артиллерия A1 (2 урона)!
   Выпущено ракет: 3
# 
📊 РЕЗУЛЬТАТЫ ХОДА 1:
✓ 💥 ПОПАДАНИЯ:
✓    Артиллерия A1 (Team A) → Артиллерия B1 (Team B)
✓    Артиллерия B1 (Team B) → Артиллерия C1 (Team C)
✓    Артиллерия C1 (Team C) → Артиллерия A1 (Team A)

--- Результаты хода ---
  Team A / Бурав A6           → Team C / Провокатор C7      @ (6,4,2)  (УБИТ)
  Team A / Артиллерия A1      → Team B / Артиллерия B1      @ (6,7,1)  (УБИТ)
  Team B / Артиллерия B1      → Team C / Артиллерия C1      @ (2,4,2)  (УБИТ)
  Team C / Артиллерия C1      → Team A / Артиллерия A1      @ (6,3,5)  (УБИТ)

--- Состояние команд после хода ---
  Team A: живых 7/8
    ✓ Радиовышка A2      @ (5,4,3) hp=3/3
    ✓ Прыгун A3          @ (5,4,8) hp=2/2
    ✓ Факел A4           @ (6,3,7) hp=6/6
    ✓ Тишина A5          @ (6,3,0) hp=2/2
    ✓ Бурав A6           @ (6,4,2) hp=4/4
    ✓ Провокатор A7      @ (6,3,6) hp=2/2
    ✓ Паук A8            @ (6,3,2) hp=1/1
    ✗ Артиллерия A1      @ (6,3,5) [уничтожен]
  Team B: живых 7/8
    ✓ Радиовышка B2      @ (3,6,2) hp=3/3
    ✓ Прыгун B3          @ (2,6,2) hp=2/2
    ✓ Факел B4           @ (8,7,1) hp=6/6
    ✓ Тишина B5          @ (7,7,1) hp=2/2
    ✓ Бурав B6           @ (9,6,2) hp=4/4
    ✓ Провокатор B7      @ (0,7,1) hp=2/2
    ✓ Паук B8            @ (3,7,1) hp=1/1
    ✗ Артиллерия B1      @ (6,7,1) [уничтожен]
  Team C: живых 6/8
    ✓ Радиовышка C2      @ (8,3,3) hp=3/3
    ✓ Прыгун C3          @ (6,3,3) hp=2/2
    ✓ Факел C4           @ (3,4,2) hp=6/6
    ✓ Тишина C5          @ (0,4,2) hp=2/2
    ✓ Бурав C6           @ (8,4,2) hp=4/4
    ✓ Паук C8            @ (7,4,2) hp=1/1
    ✗ Артиллерия C1      @ (2,4,2) [уничтожен]
    ✗ Провокатор C7      @ (6,4,2) [уничтожен]

======================================================================
ХОД 2
======================================================================
✓ 🎮 GM: начинаем ход
GM: start_turn

--- Радиовышки: сканирование слоя Z ---
  Радиовышка A2 (z=3): видит 2 врагов  → Прыгун C3(6,3,3), Радиовышка C2(8,3,3)
  Радиовышка B2 (z=2): видит 5 врагов  → Паук A8(6,3,2), Бурав A6(6,4,2), Факел C4(3,4,2), Паук C8(7,4,2), Бурав C6(8,4,2)
  Радиовышка C2 (z=3): видит 1 врагов  → Радиовышка A2(5,4,3)

--- Решения ботов ---
  [Team A] Радиовышка A2 (5,4,3) → MOVE (6,3,3)
  [Team A] Прыгун A3 (5,4,8) → MOVE (6,4,8)
  [Team A] Факел A4 (6,3,7) → SHOOT at (6,3,3)
  [Team A] Тишина A5 (6,3,0) → MOVE (7,4,1)
  [Team A] Бурав A6 (6,4,2) → MOVE (3,4,2)
  [Team A] Провокатор A7 (6,3,6) → HOLOGRAM (7,3,5)
  [Team A] Паук A8 (6,3,2) → MINE (7,3,1)
  [Team B] Радиовышка B2 (3,6,2) → MOVE (4,5,3)
  [Team B] Прыгун B3 (2,6,2) → MOVE (3,4,2)
  [Team B] Факел B4 (8,7,1) → MOVE (7,6,1)
  [Team B] Тишина B5 (7,7,1) → MOVE (6,6,2)
  [Team B] Бурав B6 (9,6,2) → MOVE (7,4,2)
  [Team B] Провокатор B7 (0,7,1) → HOLOGRAM (1,6,2)
  [Team B] Паук B8 (3,7,1) → MINE (4,6,2)
  [Team C] Радиовышка C2 (8,3,3) → MOVE (7,4,3)
  [Team C] Прыгун C3 (6,3,3) → MOVE (6,4,2)
  [Team C] Факел C4 (3,4,2) → SHOOT at (3,6,2)
  [Team C] Тишина C5 (0,4,2) → MOVE (1,5,2)
  [Team C] Паук C8 (7,4,2) → MINE (8,5,2)
  [Team C] Бурав C6 → SKIP
! 🎮 GM: принудительно завершает фазу планирования
GM: end_planning
# 
============================================================
# 🔄 ОБРАБОТКА ХОДА 2
# ============================================================
   🌀 Тишина A5: фаза спала (действовала 1 ход)
   🌀 Тишина B5: фаза спала (действовала 1 ход)
   🌀 Тишина C5: фаза спала (действовала 1 ход)
   🪞 Провокатор A7 создал голограмму H4 в (7,3,5)
!    ⚠️ Провокатор B7: клетка (1,6,2) уже занята голограммой
   💣 Паук A8 установил мину M4 в (7,3,1)
   💣 Паук B8 установил мину M5 в (4,6,2)
   💣 Паук C8 установил мину M6 в (8,5,2)

📦 ПЕРЕМЕЩЕНИЯ:
!    ⚠️ Радиовышка A2: клетка (6,3,3) занята
   Прыгун A3: (5, 4, 8) → (6,4,8)
   Тишина A5: (6, 3, 0) → (7,4,1)
✓    💥 Бурав A6 тараном уничтожил Факел C4 в (3,4,2)
   Бурав A6: (6, 4, 2) → (3,4,2)
   Радиовышка B2: (3, 6, 2) → (4,5,3)
✓    💥 Прыгун B3 тараном уничтожил Бурав A6 в (3,4,2)
   Прыгун B3: (2, 6, 2) → (3,4,2)
   Факел B4: (8, 7, 1) → (7,6,1)
   Тишина B5: (7, 7, 1) → (6,6,2)
✓    💥 Бурав B6 тараном уничтожил Паук C8 в (7,4,2)
   Бурав B6: (9, 6, 2) → (7,4,2)
   Радиовышка C2: (8, 3, 3) → (7,4,3)
   Прыгун C3: (6, 3, 3) → (6,4,2)
   Тишина C5: (0, 4, 2) → (1,5,2)

🎯 ВЫСТРЕЛЫ:
!    🛡️ Выстрел Факел A4 заблокирован союзником Провокатор A7 в (6, 3, 6)
   Выпущено ракет: 1
# 
📊 РЕЗУЛЬТАТЫ ХОДА 2:
🎯 Попаданий нет

--- Результаты хода ---
  Team A / Бурав A6           → Team C / Факел C4           @ (3,4,2)  (УБИТ)
  Team B / Прыгун B3          → Team A / Бурав A6           @ (3,4,2)  (УБИТ)
  Team B / Бурав B6           → Team C / Паук C8            @ (7,4,2)  (УБИТ)

--- Состояние команд после хода ---
  Team A: живых 6/8
    ✓ Радиовышка A2      @ (5,4,3) hp=3/3
    ✓ Прыгун A3          @ (6,4,8) hp=2/2
    ✓ Факел A4           @ (6,3,7) hp=6/6
    ✓ Тишина A5          @ (7,4,1) hp=2/2
    ✓ Провокатор A7      @ (6,3,6) hp=2/2
    ✓ Паук A8            @ (6,3,2) hp=1/1
    ✗ Артиллерия A1      @ (6,3,5) [уничтожен]
    ✗ Бурав A6           @ (3,4,2) [уничтожен]
  Team B: живых 7/8
    ✓ Радиовышка B2      @ (4,5,3) hp=3/3
    ✓ Прыгун B3          @ (3,4,2) hp=2/2
    ✓ Факел B4           @ (7,6,1) hp=6/6
    ✓ Тишина B5          @ (6,6,2) hp=2/2
    ✓ Бурав B6           @ (7,4,2) hp=4/4
    ✓ Провокатор B7      @ (0,7,1) hp=2/2
    ✓ Паук B8            @ (3,7,1) hp=1/1
    ✗ Артиллерия B1      @ (6,7,1) [уничтожен]
  Team C: живых 4/8
    ✓ Радиовышка C2      @ (7,4,3) hp=3/3
    ✓ Прыгун C3          @ (6,4,2) hp=2/2
    ✓ Тишина C5          @ (1,5,2) hp=2/2
    ✓ Бурав C6           @ (8,4,2) hp=4/4
    ✗ Артиллерия C1      @ (2,4,2) [уничтожен]
    ✗ Факел C4           @ (3,4,2) [уничтожен]
    ✗ Провокатор C7      @ (6,4,2) [уничтожен]
    ✗ Паук C8            @ (7,4,2) [уничтожен]

======================================================================
ХОД 3
======================================================================
✓ 🎮 GM: начинаем ход
GM: start_turn

--- Радиовышки: сканирование слоя Z ---
  Радиовышка A2 (z=3): видит 2 врагов  → Радиовышка B2(4,5,3), Радиовышка C2(7,4,3)
  Радиовышка B2 (z=3): видит 2 врагов  → Радиовышка A2(5,4,3), Радиовышка C2(7,4,3)
  Радиовышка C2 (z=3): видит 2 врагов  → Радиовышка A2(5,4,3), Радиовышка B2(4,5,3)

--- Решения ботов ---
  [Team A] Радиовышка A2 (5,4,3) → MOVE (4,5,3)
  [Team A] Прыгун A3 (6,4,8) → MOVE (5,5,7)
  [Team A] Факел A4 (6,3,7) → MOVE (5,3,6)
  [Team A] Тишина A5 (7,4,1) → MOVE (7,4,2)
  [Team A] Провокатор A7 (6,3,6) → HOLOGRAM (5,4,5)
  [Team A] Паук A8 (6,3,2) → MINE (6,4,2)
  [Team B] Радиовышка B2 (4,5,3) → MOVE (5,4,3)
  [Team B] Прыгун B3 (3,4,2) → MOVE (1,5,2)
  [Team B] Факел B4 (7,6,1) → SHOOT at (7,4,1)
  [Team B] Тишина B5 (6,6,2) → MOVE (5,5,3)
  [Team B] Бурав B6 (7,4,2) → MOVE (6,4,2)
  [Team B] Провокатор B7 (0,7,1) → HOLOGRAM (1,6,2)
  [Team B] Паук B8 (3,7,1) → MINE (2,6,2)
  [Team C] Радиовышка C2 (7,4,3) → MOVE (6,3,2)
  [Team C] Прыгун C3 (6,4,2) → MOVE (7,6,1)
  [Team C] Тишина C5 (1,5,2) → MOVE (2,4,2)
  [Team C] Бурав C6 (8,4,2) → MOVE (7,4,2)
! 🎮 GM: принудительно завершает фазу планирования
GM: end_planning
# 
============================================================
# 🔄 ОБРАБОТКА ХОДА 3
# ============================================================
!    ⚠️ Провокатор A7: клетка (5,4,5) уже занята голограммой
!    ⚠️ Провокатор B7: клетка (1,6,2) уже занята голограммой
!    ⚠️ Паук A8: клетка (6,4,2) занята кораблём
   💣 Паук B8 установил мину M7 в (2,6,2)

📦 ПЕРЕМЕЩЕНИЯ:
!    ⚠️ Радиовышка A2: клетка (4,5,3) занята
   Прыгун A3: (6, 4, 8) → (5,5,7)
   Факел A4: (6, 3, 7) → (5,3,6)
!    ⚠️ Тишина A5: клетка (7,4,2) занята
!    ⚠️ Радиовышка B2: клетка (5,4,3) занята
✓    💥 Прыгун B3 тараном уничтожил Тишина C5 в (1,5,2)
   Прыгун B3: (3, 4, 2) → (1,5,2)
   Тишина B5: (6, 6, 2) → (5,5,3)
✓    💥 Бурав B6 тараном уничтожил Прыгун C3 в (6,4,2)
   Бурав B6: (7, 4, 2) → (6,4,2)
!    ⚠️ Радиовышка C2: клетка (6,3,2) занята
   Бурав C6: (8, 4, 2) → (7,4,2)

🎯 ВЫСТРЕЛЫ:
✓    ✅ Факел B4 поразил Тишина A5 (1 урона)!
   Выпущено ракет: 1
# 
📊 РЕЗУЛЬТАТЫ ХОДА 3:
✓ 💥 ПОПАДАНИЯ:
✓    Факел B4 (Team B) → Тишина A5 (Team A)

--- Результаты хода ---
  Team B / Прыгун B3          → Team C / Тишина C5          @ (1,5,2)  (УБИТ)
  Team B / Бурав B6           → Team C / Прыгун C3          @ (6,4,2)  (УБИТ)
  Team B / Факел B4           → Team A / Тишина A5          @ (7,4,1)  (ранен)

--- Состояние команд после хода ---
  Team A: живых 6/8
    ✓ Радиовышка A2      @ (5,4,3) hp=3/3
    ✓ Прыгун A3          @ (5,5,7) hp=2/2
    ✓ Факел A4           @ (5,3,6) hp=6/6
    ✓ Тишина A5          @ (7,4,1) hp=1/2
    ✓ Провокатор A7      @ (6,3,6) hp=2/2
    ✓ Паук A8            @ (6,3,2) hp=1/1
    ✗ Артиллерия A1      @ (6,3,5) [уничтожен]
    ✗ Бурав A6           @ (3,4,2) [уничтожен]
  Team B: живых 7/8
    ✓ Радиовышка B2      @ (4,5,3) hp=3/3
    ✓ Прыгун B3          @ (1,5,2) hp=2/2
    ✓ Факел B4           @ (7,6,1) hp=6/6
    ✓ Тишина B5          @ (5,5,3) hp=2/2
    ✓ Бурав B6           @ (6,4,2) hp=4/4
    ✓ Провокатор B7      @ (0,7,1) hp=2/2
    ✓ Паук B8            @ (3,7,1) hp=1/1
    ✗ Артиллерия B1      @ (6,7,1) [уничтожен]
  Team C: живых 2/8
    ✓ Радиовышка C2      @ (7,4,3) hp=3/3
    ✓ Бурав C6           @ (7,4,2) hp=4/4
    ✗ Артиллерия C1      @ (2,4,2) [уничтожен]
    ✗ Прыгун C3          @ (6,4,2) [уничтожен]
    ✗ Факел C4           @ (3,4,2) [уничтожен]
    ✗ Тишина C5          @ (1,5,2) [уничтожен]
    ✗ Провокатор C7      @ (6,4,2) [уничтожен]
    ✗ Паук C8            @ (7,4,2) [уничтожен]

======================================================================
ХОД 4
======================================================================
✓ 🎮 GM: начинаем ход
GM: start_turn

--- Радиовышки: сканирование слоя Z ---
  Радиовышка A2 (z=3): видит 3 врагов  → Радиовышка B2(4,5,3), Тишина B5(5,5,3), Радиовышка C2(7,4,3)
  Радиовышка B2 (z=3): видит 2 врагов  → Радиовышка A2(5,4,3), Радиовышка C2(7,4,3)
  Радиовышка C2 (z=3): видит 3 врагов  → Радиовышка A2(5,4,3), Радиовышка B2(4,5,3), Тишина B5(5,5,3)

--- Решения ботов ---
  [Team A] Радиовышка A2 (5,4,3) → MOVE (4,5,3)
  [Team A] Прыгун A3 (5,5,7) → SHOOT at (5,5,3)
  [Team A] Факел A4 (5,3,6) → MOVE (6,4,5)
  [Team A] Тишина A5 (7,4,1) → MOVE (6,4,2)
  [Team A] Провокатор A7 (6,3,6) → HOLOGRAM (5,4,5)
  [Team A] Паук A8 → SKIP
  [Team B] Радиовышка B2 (4,5,3) → MOVE (5,4,3)
  [Team B] Прыгун B3 (1,5,2) → MOVE (2,4,3)
  [Team B] Факел B4 (7,6,1) → SHOOT at (7,4,1)
  [Team B] Бурав B6 (6,4,2) → MOVE (7,4,2)
  [Team B] Провокатор B7 (0,7,1) → HOLOGRAM (1,6,2)
  [Team B] Паук B8 (3,7,1) → MINE (4,6,2)
  [Team B] Тишина B5 → SKIP
  [Team C] Радиовышка C2 (7,4,3) → MOVE (6,3,2)
  [Team C] Бурав C6 (7,4,2) → MOVE (6,4,2)
! 🎮 GM: принудительно завершает фазу планирования
GM: end_planning
# 
============================================================
# 🔄 ОБРАБОТКА ХОДА 4
# ============================================================
!    ⚠️ Провокатор A7: клетка (5,4,5) уже занята голограммой
!    ⚠️ Провокатор B7: клетка (1,6,2) уже занята голограммой
!    ⚠️ Паук B8: в клетке уже стоит мина

📦 ПЕРЕМЕЩЕНИЯ:
!    ⚠️ Радиовышка A2: клетка (4,5,3) занята
   Факел A4: (5, 3, 6) → (6,4,5)
!    ⚠️ Тишина A5: клетка (6,4,2) занята
!    ⚠️ Радиовышка B2: клетка (5,4,3) занята
   Прыгун B3: (1, 5, 2) → (2,4,3)
✓    💥 Бурав B6 тараном уничтожил Бурав C6 в (7,4,2)
   Бурав B6: (6, 4, 2) → (7,4,2)
!    ⚠️ Радиовышка C2: клетка (6,3,2) занята

🎯 ВЫСТРЕЛЫ:
✓    ✅ Прыгун A3 поразил Тишина B5 (1 урона)!
✓    ✅ Факел B4 поразил Тишина A5 (1 урона)!
   Выпущено ракет: 2
# 
📊 РЕЗУЛЬТАТЫ ХОДА 4:
✓ 💥 ПОПАДАНИЯ:
✓    Прыгун A3 (Team A) → Тишина B5 (Team B)
✓    Факел B4 (Team B) → Тишина A5 (Team A)

--- Результаты хода ---
  Team B / Бурав B6           → Team C / Бурав C6           @ (7,4,2)  (УБИТ)
  Team A / Прыгун A3          → Team B / Тишина B5          @ (5,5,3)  (ранен)
  Team B / Факел B4           → Team A / Тишина A5          @ (7,4,1)  (УБИТ)

--- Состояние команд после хода ---
  Team A: живых 5/8
    ✓ Радиовышка A2      @ (5,4,3) hp=3/3
    ✓ Прыгун A3          @ (5,5,7) hp=2/2
    ✓ Факел A4           @ (6,4,5) hp=6/6
    ✓ Провокатор A7      @ (6,3,6) hp=2/2
    ✓ Паук A8            @ (6,3,2) hp=1/1
    ✗ Артиллерия A1      @ (6,3,5) [уничтожен]
    ✗ Тишина A5          @ (7,4,1) [уничтожен]
    ✗ Бурав A6           @ (3,4,2) [уничтожен]
  Team B: живых 7/8
    ✓ Радиовышка B2      @ (4,5,3) hp=3/3
    ✓ Прыгун B3          @ (2,4,3) hp=2/2
    ✓ Факел B4           @ (7,6,1) hp=6/6
    ✓ Тишина B5          @ (5,5,3) hp=1/2
    ✓ Бурав B6           @ (7,4,2) hp=4/4
    ✓ Провокатор B7      @ (0,7,1) hp=2/2
    ✓ Паук B8            @ (3,7,1) hp=1/1
    ✗ Артиллерия B1      @ (6,7,1) [уничтожен]
  Team C: живых 1/8
    ✓ Радиовышка C2      @ (7,4,3) hp=3/3
    ✗ Артиллерия C1      @ (2,4,2) [уничтожен]
    ✗ Прыгун C3          @ (6,4,2) [уничтожен]
    ✗ Факел C4           @ (3,4,2) [уничтожен]
    ✗ Тишина C5          @ (1,5,2) [уничтожен]
    ✗ Бурав C6           @ (7,4,2) [уничтожен]
    ✗ Провокатор C7      @ (6,4,2) [уничтожен]
    ✗ Паук C8            @ (7,4,2) [уничтожен]

======================================================================
ХОД 5
======================================================================
✓ 🎮 GM: начинаем ход
GM: start_turn

--- Радиовышки: сканирование слоя Z ---
  Радиовышка A2 (z=3): видит 4 врагов  → Прыгун B3(2,4,3), Радиовышка B2(4,5,3), Тишина B5(5,5,3), Радиовышка C2(7,4,3)
  Радиовышка B2 (z=3): видит 2 врагов  → Радиовышка A2(5,4,3), Радиовышка C2(7,4,3)
  Радиовышка C2 (z=3): видит 4 врагов [+4 эксклюзивно] → Радиовышка A2(5,4,3), Прыгун B3(2,4,3), Радиовышка B2(4,5,3), Тишина B5(5,5,3)

--- Решения ботов ---
  [Team A] Радиовышка A2 (5,4,3) → MOVE (4,5,3)
  [Team A] Прыгун A3 (5,5,7) → SHOOT at (5,5,3)
  [Team A] Факел A4 (6,4,5) → MOVE (5,4,5)
  [Team A] Провокатор A7 (6,3,6) → HOLOGRAM (5,4,6)
  [Team A] Паук A8 (6,3,2) → MINE (7,4,2)
  [Team B] Радиовышка B2 (4,5,3) → MOVE (5,4,3)
  [Team B] Прыгун B3 (2,4,3) → SHOOT at (5,4,3)
  [Team B] Факел B4 (7,6,1) → HEAL (AoE)
  [Team B] Тишина B5 (5,5,3) → PHASE toggle
  [Team B] Бурав B6 (7,4,2) → MOVE (7,4,3)
  [Team B] Провокатор B7 (0,7,1) → HOLOGRAM (1,6,2)
  [Team B] Паук B8 (3,7,1) → MINE (4,6,2)
  [Team C] Радиовышка C2 (7,4,3) → MOVE (6,3,2)
! 🎮 GM: принудительно завершает фазу планирования
GM: end_planning
# 
============================================================
# 🔄 ОБРАБОТКА ХОДА 5
# ============================================================
   🌀 Тишина B5: уходит в фазу на 1 ход
   🪞 Провокатор A7 создал голограмму H5 в (5,4,6)
!    ⚠️ Провокатор B7: клетка (1,6,2) уже занята голограммой
!    ⚠️ Паук A8: клетка (7,4,2) занята кораблём
!    ⚠️ Паук B8: в клетке уже стоит мина

📦 ПЕРЕМЕЩЕНИЯ:
!    ⚠️ Радиовышка A2: клетка (4,5,3) занята
!    ⚠️ Факел A4: клетка (5,4,5) занята
!    ⚠️ Радиовышка B2: клетка (5,4,3) занята
✓    💥 Бурав B6 тараном уничтожил Радиовышка C2 в (7,4,3)
   Бурав B6: (7, 4, 2) → (7,4,3)

🎯 ВЫСТРЕЛЫ:
✓    ✅ Прыгун B3 поразил Радиовышка A2 (1 урона)!
✓    💚 Факел B4 лечит Тишина B5 → hits=0/2
   Выпущено ракет: 2
# 
📊 РЕЗУЛЬТАТЫ ХОДА 5:
✓ 💥 ПОПАДАНИЯ:
✓    Прыгун B3 (Team B) → Радиовышка A2 (Team A)

--- Результаты хода ---
  Team B / Бурав B6           → Team C / Радиовышка C2      @ (7,4,3)  (УБИТ)
  Team B / Прыгун B3          → Team A / Радиовышка A2      @ (5,4,3)  (ранен)

--- Состояние команд после хода ---
  Team A: живых 5/8
    ✓ Радиовышка A2      @ (5,4,3) hp=2/3
    ✓ Прыгун A3          @ (5,5,7) hp=2/2
    ✓ Факел A4           @ (6,4,5) hp=6/6
    ✓ Провокатор A7      @ (6,3,6) hp=2/2
    ✓ Паук A8            @ (6,3,2) hp=1/1
    ✗ Артиллерия A1      @ (6,3,5) [уничтожен]
    ✗ Тишина A5          @ (7,4,1) [уничтожен]
    ✗ Бурав A6           @ (3,4,2) [уничтожен]
  Team B: живых 7/8
    ✓ Радиовышка B2      @ (4,5,3) hp=3/3
    ✓ Прыгун B3          @ (2,4,3) hp=2/2
    ✓ Факел B4           @ (7,6,1) hp=6/6
    ✓ Тишина B5          @ (5,5,3) hp=2/2
    ✓ Бурав B6           @ (7,4,3) hp=4/4
    ✓ Провокатор B7      @ (0,7,1) hp=2/2
    ✓ Паук B8            @ (3,7,1) hp=1/1
    ✗ Артиллерия B1      @ (6,7,1) [уничтожен]
  Team C: живых 0/8
    ✗ Артиллерия C1      @ (2,4,2) [уничтожен]
    ✗ Радиовышка C2      @ (7,4,3) [уничтожен]
    ✗ Прыгун C3          @ (6,4,2) [уничтожен]
    ✗ Факел C4           @ (3,4,2) [уничтожен]
    ✗ Тишина C5          @ (1,5,2) [уничтожен]
    ✗ Бурав C6           @ (7,4,2) [уничтожен]
    ✗ Провокатор C7      @ (6,4,2) [уничтожен]
    ✗ Паук C8            @ (7,4,2) [уничтожен]

======================================================================
ХОД 6
======================================================================
✓ 🎮 GM: начинаем ход
GM: start_turn

--- Радиовышки: сканирование слоя Z ---
  Радиовышка A2 (z=3): видит 3 врагов  → Прыгун B3(2,4,3), Радиовышка B2(4,5,3), Бурав B6(7,4,3)
  Радиовышка B2 (z=3): видит 1 врагов  → Радиовышка A2(5,4,3)

--- Решения ботов ---
  [Team A] Радиовышка A2 (5,4,3) → MOVE (4,5,3)
  [Team A] Прыгун A3 (5,5,7) → MOVE (4,5,6)
  [Team A] Факел A4 (6,4,5) → HEAL (AoE)
  [Team A] Провокатор A7 (6,3,6) → HOLOGRAM (5,4,5)
  [Team A] Паук A8 (6,3,2) → MINE (7,4,3)
  [Team B] Радиовышка B2 (4,5,3) → MOVE (5,4,3)
  [Team B] Прыгун B3 (2,4,3) → SHOOT at (5,4,3)
  [Team B] Факел B4 (7,6,1) → MOVE (6,5,2)
  [Team B] Бурав B6 (7,4,3) → MOVE (6,3,2)
  [Team B] Провокатор B7 (0,7,1) → HOLOGRAM (1,6,2)
  [Team B] Паук B8 (3,7,1) → MINE (4,6,2)
  [Team B] Тишина B5 → SKIP
  [Team C] все корабли пропускают ход
! 🎮 GM: принудительно завершает фазу планирования
GM: end_planning
# 
============================================================
# 🔄 ОБРАБОТКА ХОДА 6
# ============================================================
   🌀 Тишина B5: фаза спала (действовала 1 ход)
!    ⚠️ Провокатор A7: клетка (5,4,5) уже занята голограммой
!    ⚠️ Провокатор B7: клетка (1,6,2) уже занята голограммой
!    ⚠️ Паук A8: клетка (7,4,3) занята кораблём
!    ⚠️ Паук B8: в клетке уже стоит мина

📦 ПЕРЕМЕЩЕНИЯ:
!    ⚠️ Радиовышка A2: клетка (4,5,3) занята
   Прыгун A3: (5, 5, 7) → (4,5,6)
!    ⚠️ Радиовышка B2: клетка (5,4,3) занята
   Факел B4: (7, 6, 1) → (6,5,2)
!    ⚠️ Бурав B6: Бурав двигается только по 1 оси или по 2 осям строго диагонально

🎯 ВЫСТРЕЛЫ:
✓    ✅ Прыгун B3 поразил Радиовышка A2 (1 урона)!
✓    💚 Факел A4 лечит Радиовышка A2 → hits=1/3
   Выпущено ракет: 1
# 
📊 РЕЗУЛЬТАТЫ ХОДА 6:
✓ 💥 ПОПАДАНИЯ:
✓    Прыгун B3 (Team B) → Радиовышка A2 (Team A)

--- Результаты хода ---
  Team B / Прыгун B3          → Team A / Радиовышка A2      @ (5,4,3)  (ранен)

--- Состояние команд после хода ---
  Team A: живых 5/8
    ✓ Радиовышка A2      @ (5,4,3) hp=2/3
    ✓ Прыгун A3          @ (4,5,6) hp=2/2
    ✓ Факел A4           @ (6,4,5) hp=6/6
    ✓ Провокатор A7      @ (6,3,6) hp=2/2
    ✓ Паук A8            @ (6,3,2) hp=1/1
    ✗ Артиллерия A1      @ (6,3,5) [уничтожен]
    ✗ Тишина A5          @ (7,4,1) [уничтожен]
    ✗ Бурав A6           @ (3,4,2) [уничтожен]
  Team B: живых 7/8
    ✓ Радиовышка B2      @ (4,5,3) hp=3/3
    ✓ Прыгун B3          @ (2,4,3) hp=2/2
    ✓ Факел B4           @ (6,5,2) hp=6/6
    ✓ Тишина B5          @ (5,5,3) hp=2/2
    ✓ Бурав B6           @ (7,4,3) hp=4/4
    ✓ Провокатор B7      @ (0,7,1) hp=2/2
    ✓ Паук B8            @ (3,7,1) hp=1/1
    ✗ Артиллерия B1      @ (6,7,1) [уничтожен]
  Team C: живых 0/8
    ✗ Артиллерия C1      @ (2,4,2) [уничтожен]
    ✗ Радиовышка C2      @ (7,4,3) [уничтожен]
    ✗ Прыгун C3          @ (6,4,2) [уничтожен]
    ✗ Факел C4           @ (3,4,2) [уничтожен]
    ✗ Тишина C5          @ (1,5,2) [уничтожен]
    ✗ Бурав C6           @ (7,4,2) [уничтожен]
    ✗ Провокатор C7      @ (6,4,2) [уничтожен]
    ✗ Паук C8            @ (7,4,2) [уничтожен]

======================================================================
ХОД 7
======================================================================
✓ 🎮 GM: начинаем ход
GM: start_turn

--- Радиовышки: сканирование слоя Z ---
  Радиовышка A2 (z=3): видит 4 врагов  → Прыгун B3(2,4,3), Радиовышка B2(4,5,3), Тишина B5(5,5,3), Бурав B6(7,4,3)
  Радиовышка B2 (z=3): видит 1 врагов  → Радиовышка A2(5,4,3)

--- Решения ботов ---
  [Team A] Радиовышка A2 (5,4,3) → MOVE (4,5,3)
  [Team A] Прыгун A3 (4,5,6) → SHOOT at (4,5,3)
  [Team A] Факел A4 (6,4,5) → HEAL (AoE)
  [Team A] Провокатор A7 (6,3,6) → HOLOGRAM (5,4,5)
  [Team A] Паук A8 (6,3,2) → MINE (7,4,3)
  [Team B] Радиовышка B2 (4,5,3) → MOVE (5,4,3)
  [Team B] Прыгун B3 (2,4,3) → SHOOT at (5,4,3)
  [Team B] Факел B4 (6,5,2) → SHOOT at (6,3,2)
  [Team B] Бурав B6 (7,4,3) → MOVE (6,3,2)
  [Team B] Провокатор B7 (0,7,1) → HOLOGRAM (1,6,2)
  [Team B] Паук B8 (3,7,1) → MINE (4,6,2)
  [Team B] Тишина B5 → SKIP
  [Team C] все корабли пропускают ход
! 🎮 GM: принудительно завершает фазу планирования
GM: end_planning
# 
============================================================
# 🔄 ОБРАБОТКА ХОДА 7
# ============================================================
!    ⚠️ Провокатор A7: клетка (5,4,5) уже занята голограммой
!    ⚠️ Провокатор B7: клетка (1,6,2) уже занята голограммой
!    ⚠️ Паук A8: клетка (7,4,3) занята кораблём
!    ⚠️ Паук B8: в клетке уже стоит мина

📦 ПЕРЕМЕЩЕНИЯ:
!    ⚠️ Радиовышка A2: клетка (4,5,3) занята
!    ⚠️ Радиовышка B2: клетка (5,4,3) занята
!    ⚠️ Бурав B6: Бурав двигается только по 1 оси или по 2 осям строго диагонально

🎯 ВЫСТРЕЛЫ:
✓    ✅ Прыгун A3 поразил Радиовышка B2 (1 урона)!
✓    ✅ Прыгун B3 поразил Радиовышка A2 (1 урона)!
✓    ✅ Факел B4 поразил Паук A8 (1 урона)!
✓    💚 Факел A4 лечит Радиовышка A2 → hits=1/3
   Выпущено ракет: 3
# 
📊 РЕЗУЛЬТАТЫ ХОДА 7:
✓ 💥 ПОПАДАНИЯ:
✓    Прыгун A3 (Team A) → Радиовышка B2 (Team B)
✓    Прыгун B3 (Team B) → Радиовышка A2 (Team A)
✓    Факел B4 (Team B) → Паук A8 (Team A)

--- Результаты хода ---
  Team A / Прыгун A3          → Team B / Радиовышка B2      @ (4,5,3)  (ранен)
  Team B / Прыгун B3          → Team A / Радиовышка A2      @ (5,4,3)  (ранен)
  Team B / Факел B4           → Team A / Паук A8            @ (6,3,2)  (УБИТ)

--- Состояние команд после хода ---
  Team A: живых 4/8
    ✓ Радиовышка A2      @ (5,4,3) hp=2/3
    ✓ Прыгун A3          @ (4,5,6) hp=2/2
    ✓ Факел A4           @ (6,4,5) hp=6/6
    ✓ Провокатор A7      @ (6,3,6) hp=2/2
    ✗ Артиллерия A1      @ (6,3,5) [уничтожен]
    ✗ Тишина A5          @ (7,4,1) [уничтожен]
    ✗ Бурав A6           @ (3,4,2) [уничтожен]
    ✗ Паук A8            @ (6,3,2) [уничтожен]
  Team B: живых 7/8
    ✓ Радиовышка B2      @ (4,5,3) hp=2/3
    ✓ Прыгун B3          @ (2,4,3) hp=2/2
    ✓ Факел B4           @ (6,5,2) hp=6/6
    ✓ Тишина B5          @ (5,5,3) hp=2/2
    ✓ Бурав B6           @ (7,4,3) hp=4/4
    ✓ Провокатор B7      @ (0,7,1) hp=2/2
    ✓ Паук B8            @ (3,7,1) hp=1/1
    ✗ Артиллерия B1      @ (6,7,1) [уничтожен]
  Team C: живых 0/8
    ✗ Артиллерия C1      @ (2,4,2) [уничтожен]
    ✗ Радиовышка C2      @ (7,4,3) [уничтожен]
    ✗ Прыгун C3          @ (6,4,2) [уничтожен]
    ✗ Факел C4           @ (3,4,2) [уничтожен]
    ✗ Тишина C5          @ (1,5,2) [уничтожен]
    ✗ Бурав C6           @ (7,4,2) [уничтожен]
    ✗ Провокатор C7      @ (6,4,2) [уничтожен]
    ✗ Паук C8            @ (7,4,2) [уничтожен]

======================================================================
ХОД 8
======================================================================
✓ 🎮 GM: начинаем ход
GM: start_turn

--- Радиовышки: сканирование слоя Z ---
  Радиовышка A2 (z=3): видит 4 врагов  → Прыгун B3(2,4,3), Радиовышка B2(4,5,3), Тишина B5(5,5,3), Бурав B6(7,4,3)
  Радиовышка B2 (z=3): видит 1 врагов  → Радиовышка A2(5,4,3)

--- Решения ботов ---
  [Team A] Радиовышка A2 (5,4,3) → MOVE (4,5,3)
  [Team A] Прыгун A3 (4,5,6) → SHOOT at (4,5,3)
  [Team A] Факел A4 (6,4,5) → HEAL (AoE)
  [Team A] Провокатор A7 (6,3,6) → HOLOGRAM (5,4,5)
  [Team B] Радиовышка B2 (4,5,3) → MOVE (5,4,3)
  [Team B] Прыгун B3 (2,4,3) → SHOOT at (5,4,3)
  [Team B] Факел B4 (6,5,2) → HEAL (AoE)
  [Team B] Бурав B6 (7,4,3) → MOVE (6,4,3)
  [Team B] Провокатор B7 (0,7,1) → HOLOGRAM (1,6,2)
  [Team B] Паук B8 (3,7,1) → MINE (4,6,2)
  [Team B] Тишина B5 → SKIP
  [Team C] все корабли пропускают ход
! 🎮 GM: принудительно завершает фазу планирования
GM: end_planning
# 
============================================================
# 🔄 ОБРАБОТКА ХОДА 8
# ============================================================
!    ⚠️ Провокатор A7: клетка (5,4,5) уже занята голограммой
!    ⚠️ Провокатор B7: клетка (1,6,2) уже занята голограммой
!    ⚠️ Паук B8: в клетке уже стоит мина

📦 ПЕРЕМЕЩЕНИЯ:
!    ⚠️ Радиовышка A2: клетка (4,5,3) занята
!    ⚠️ Радиовышка B2: клетка (5,4,3) занята
✓    💥 Бурав B6 тараном сбросил голограмму H3
   Бурав B6: (7, 4, 3) → (6,4,3)
!    💥 Мина M3 сработала под Бурав B6 (урон 2)

🎯 ВЫСТРЕЛЫ:
✓    ✅ Прыгун A3 поразил Радиовышка B2 (1 урона)!
✓    ✅ Прыгун B3 поразил Радиовышка A2 (1 урона)!
✓    💚 Факел A4 лечит Радиовышка A2 → hits=1/3
✓    💚 Факел B4 лечит Радиовышка B2 → hits=1/3
✓    💚 Факел B4 лечит Бурав B6 → hits=1/4
   Выпущено ракет: 2
# 
📊 РЕЗУЛЬТАТЫ ХОДА 8:
✓ 💥 ПОПАДАНИЯ:
✓    Прыгун A3 (Team A) → Радиовышка B2 (Team B)
✓    Прыгун B3 (Team B) → Радиовышка A2 (Team A)

--- Результаты хода ---
  ? / ?                  → Team B / Бурав B6           @ (6,4,3)  (ранен)
  Team A / Прыгун A3          → Team B / Радиовышка B2      @ (4,5,3)  (ранен)
  Team B / Прыгун B3          → Team A / Радиовышка A2      @ (5,4,3)  (ранен)

--- Состояние команд после хода ---
  Team A: живых 4/8
    ✓ Радиовышка A2      @ (5,4,3) hp=2/3
    ✓ Прыгун A3          @ (4,5,6) hp=2/2
    ✓ Факел A4           @ (6,4,5) hp=6/6
    ✓ Провокатор A7      @ (6,3,6) hp=2/2
    ✗ Артиллерия A1      @ (6,3,5) [уничтожен]
    ✗ Тишина A5          @ (7,4,1) [уничтожен]
    ✗ Бурав A6           @ (3,4,2) [уничтожен]
    ✗ Паук A8            @ (6,3,2) [уничтожен]
  Team B: живых 7/8
    ✓ Радиовышка B2      @ (4,5,3) hp=2/3
    ✓ Прыгун B3          @ (2,4,3) hp=2/2
    ✓ Факел B4           @ (6,5,2) hp=6/6
    ✓ Тишина B5          @ (5,5,3) hp=2/2
    ✓ Бурав B6           @ (6,4,3) hp=3/4
    ✓ Провокатор B7      @ (0,7,1) hp=2/2
    ✓ Паук B8            @ (3,7,1) hp=1/1
    ✗ Артиллерия B1      @ (6,7,1) [уничтожен]
  Team C: живых 0/8
    ✗ Артиллерия C1      @ (2,4,2) [уничтожен]
    ✗ Радиовышка C2      @ (7,4,3) [уничтожен]
    ✗ Прыгун C3          @ (6,4,2) [уничтожен]
    ✗ Факел C4           @ (3,4,2) [уничтожен]
    ✗ Тишина C5          @ (1,5,2) [уничтожен]
    ✗ Бурав C6           @ (7,4,2) [уничтожен]
    ✗ Провокатор C7      @ (6,4,2) [уничтожен]
    ✗ Паук C8            @ (7,4,2) [уничтожен]

======================================================================
ХОД 9
======================================================================
✓ 🎮 GM: начинаем ход
GM: start_turn

--- Радиовышки: сканирование слоя Z ---
  Радиовышка A2 (z=3): видит 4 врагов  → Прыгун B3(2,4,3), Радиовышка B2(4,5,3), Тишина B5(5,5,3), Бурав B6(6,4,3)
  Радиовышка B2 (z=3): видит 1 врагов  → Радиовышка A2(5,4,3)

--- Решения ботов ---
  [Team A] Радиовышка A2 (5,4,3) → MOVE (4,5,3)
  [Team A] Прыгун A3 (4,5,6) → SHOOT at (4,5,3)
  [Team A] Факел A4 (6,4,5) → HEAL (AoE)
  [Team A] Провокатор A7 (6,3,6) → HOLOGRAM (5,4,5)
  [Team B] Радиовышка B2 (4,5,3) → MOVE (5,4,3)
  [Team B] Прыгун B3 (2,4,3) → SHOOT at (5,4,3)
  [Team B] Факел B4 (6,5,2) → HEAL (AoE)
  [Team B] Тишина B5 (5,5,3) → PHASE toggle
  [Team B] Бурав B6 (6,4,3) → MOVE (6,4,5)
  [Team B] Провокатор B7 (0,7,1) → HOLOGRAM (1,6,2)
  [Team B] Паук B8 (3,7,1) → MINE (4,6,2)
  [Team C] все корабли пропускают ход
! 🎮 GM: принудительно завершает фазу планирования
GM: end_planning
# 
============================================================
# 🔄 ОБРАБОТКА ХОДА 9
# ============================================================
   🌀 Тишина B5: уходит в фазу на 1 ход
!    ⚠️ Провокатор A7: клетка (5,4,5) уже занята голограммой
!    ⚠️ Провокатор B7: клетка (1,6,2) уже занята голограммой
!    ⚠️ Паук B8: в клетке уже стоит мина

📦 ПЕРЕМЕЩЕНИЯ:
!    ⚠️ Радиовышка A2: клетка (4,5,3) занята
!    ⚠️ Радиовышка B2: клетка (5,4,3) занята
✓    💥 Бурав B6 тараном уничтожил Факел A4 в (6,4,5)
   Бурав B6: (6, 4, 3) → (6,4,5)

🎯 ВЫСТРЕЛЫ:
✓    ✅ Прыгун A3 поразил Радиовышка B2 (1 урона)!
✓    ✅ Прыгун B3 поразил Радиовышка A2 (1 урона)!
✓    💚 Факел B4 лечит Радиовышка B2 → hits=1/3
   Выпущено ракет: 2
# 
📊 РЕЗУЛЬТАТЫ ХОДА 9:
✓ 💥 ПОПАДАНИЯ:
✓    Прыгун A3 (Team A) → Радиовышка B2 (Team B)
✓    Прыгун B3 (Team B) → Радиовышка A2 (Team A)

--- Результаты хода ---
  Team B / Бурав B6           → Team A / Факел A4           @ (6,4,5)  (УБИТ)
  Team A / Прыгун A3          → Team B / Радиовышка B2      @ (4,5,3)  (ранен)
  Team B / Прыгун B3          → Team A / Радиовышка A2      @ (5,4,3)  (ранен)

--- Состояние команд после хода ---
  Team A: живых 3/8
    ✓ Радиовышка A2      @ (5,4,3) hp=1/3
    ✓ Прыгун A3          @ (4,5,6) hp=2/2
    ✓ Провокатор A7      @ (6,3,6) hp=2/2
    ✗ Артиллерия A1      @ (6,3,5) [уничтожен]
    ✗ Факел A4           @ (6,4,5) [уничтожен]
    ✗ Тишина A5          @ (7,4,1) [уничтожен]
    ✗ Бурав A6           @ (3,4,2) [уничтожен]
    ✗ Паук A8            @ (6,3,2) [уничтожен]
  Team B: живых 7/8
    ✓ Радиовышка B2      @ (4,5,3) hp=2/3
    ✓ Прыгун B3          @ (2,4,3) hp=2/2
    ✓ Факел B4           @ (6,5,2) hp=6/6
    ✓ Тишина B5          @ (5,5,3) hp=2/2
    ✓ Бурав B6           @ (6,4,5) hp=3/4
    ✓ Провокатор B7      @ (0,7,1) hp=2/2
    ✓ Паук B8            @ (3,7,1) hp=1/1
    ✗ Артиллерия B1      @ (6,7,1) [уничтожен]
  Team C: живых 0/8
    ✗ Артиллерия C1      @ (2,4,2) [уничтожен]
    ✗ Радиовышка C2      @ (7,4,3) [уничтожен]
    ✗ Прыгун C3          @ (6,4,2) [уничтожен]
    ✗ Факел C4           @ (3,4,2) [уничтожен]
    ✗ Тишина C5          @ (1,5,2) [уничтожен]
    ✗ Бурав C6           @ (7,4,2) [уничтожен]
    ✗ Провокатор C7      @ (6,4,2) [уничтожен]
    ✗ Паук C8            @ (7,4,2) [уничтожен]

======================================================================
ХОД 10
======================================================================
✓ 🎮 GM: начинаем ход
GM: start_turn

--- Радиовышки: сканирование слоя Z ---
  Радиовышка A2 (z=3): видит 2 врагов  → Прыгун B3(2,4,3), Радиовышка B2(4,5,3)
  Радиовышка B2 (z=3): видит 1 врагов  → Радиовышка A2(5,4,3)

--- Решения ботов ---
  [Team A] Радиовышка A2 (5,4,3) → MOVE (4,5,3)
  [Team A] Прыгун A3 (4,5,6) → MOVE (6,4,5)
  [Team A] Провокатор A7 (6,3,6) → HOLOGRAM (6,4,6)
  [Team B] Радиовышка B2 (4,5,3) → MOVE (5,4,3)
  [Team B] Прыгун B3 (2,4,3) → SHOOT at (5,4,3)
  [Team B] Факел B4 (6,5,2) → HEAL (AoE)
  [Team B] Бурав B6 (6,4,5) → MOVE (6,3,6)
  [Team B] Провокатор B7 (0,7,1) → HOLOGRAM (1,6,2)
  [Team B] Паук B8 (3,7,1) → MINE (4,6,2)
  [Team B] Тишина B5 → SKIP
  [Team C] все корабли пропускают ход
! 🎮 GM: принудительно завершает фазу планирования
GM: end_planning
# 
============================================================
# 🔄 ОБРАБОТКА ХОДА 10
# ============================================================
   🌀 Тишина B5: фаза спала (действовала 1 ход)
   🪞 Провокатор A7 создал голограмму H6 в (6,4,6)
!    ⚠️ Провокатор B7: клетка (1,6,2) уже занята голограммой
!    ⚠️ Паук B8: в клетке уже стоит мина

📦 ПЕРЕМЕЩЕНИЯ:
!    ⚠️ Радиовышка A2: клетка (4,5,3) занята
✓    💥 Прыгун A3 тараном уничтожил Бурав B6 в (6,4,5)
   Прыгун A3: (4, 5, 6) → (6,4,5)
!    ⚠️ Радиовышка B2: клетка (5,4,3) занята

🎯 ВЫСТРЕЛЫ:
✓    ✅ Прыгун B3 поразил Радиовышка A2 (1 урона)!
✓    💚 Факел B4 лечит Радиовышка B2 → hits=0/3
   Выпущено ракет: 1
# 
📊 РЕЗУЛЬТАТЫ ХОДА 10:
✓ 💥 ПОПАДАНИЯ:
✓    Прыгун B3 (Team B) → Радиовышка A2 (Team A)

--- Результаты хода ---
  Team A / Прыгун A3          → Team B / Бурав B6           @ (6,4,5)  (УБИТ)
  Team B / Прыгун B3          → Team A / Радиовышка A2      @ (5,4,3)  (УБИТ)

--- Состояние команд после хода ---
  Team A: живых 2/8
    ✓ Прыгун A3          @ (6,4,5) hp=2/2
    ✓ Провокатор A7      @ (6,3,6) hp=2/2
    ✗ Артиллерия A1      @ (6,3,5) [уничтожен]
    ✗ Радиовышка A2      @ (5,4,3) [уничтожен]
    ✗ Факел A4           @ (6,4,5) [уничтожен]
    ✗ Тишина A5          @ (7,4,1) [уничтожен]
    ✗ Бурав A6           @ (3,4,2) [уничтожен]
    ✗ Паук A8            @ (6,3,2) [уничтожен]
  Team B: живых 6/8
    ✓ Радиовышка B2      @ (4,5,3) hp=3/3
    ✓ Прыгун B3          @ (2,4,3) hp=2/2
    ✓ Факел B4           @ (6,5,2) hp=6/6
    ✓ Тишина B5          @ (5,5,3) hp=2/2
    ✓ Провокатор B7      @ (0,7,1) hp=2/2
    ✓ Паук B8            @ (3,7,1) hp=1/1
    ✗ Артиллерия B1      @ (6,7,1) [уничтожен]
    ✗ Бурав B6           @ (6,4,5) [уничтожен]
  Team C: живых 0/8
    ✗ Артиллерия C1      @ (2,4,2) [уничтожен]
    ✗ Радиовышка C2      @ (7,4,3) [уничтожен]
    ✗ Прыгун C3          @ (6,4,2) [уничтожен]
    ✗ Факел C4           @ (3,4,2) [уничтожен]
    ✗ Тишина C5          @ (1,5,2) [уничтожен]
    ✗ Бурав C6           @ (7,4,2) [уничтожен]
    ✗ Провокатор C7      @ (6,4,2) [уничтожен]
    ✗ Паук C8            @ (7,4,2) [уничтожен]

======================================================================
ХОД 11
======================================================================
✓ 🎮 GM: начинаем ход
GM: start_turn

--- Радиовышки: сканирование слоя Z ---
  Радиовышка B2 (z=3): слой чист

--- Решения ботов ---
  [Team A] Прыгун A3 (6,4,5) → MOVE (4,5,3)
  [Team A] Провокатор A7 (6,3,6) → HOLOGRAM (5,4,5)
  [Team B] Радиовышка B2 (4,5,3) → MOVE (5,4,4)
  [Team B] Прыгун B3 (2,4,3) → MOVE (3,4,4)
  [Team B] Факел B4 (6,5,2) → MOVE (5,5,2)
  [Team B] Тишина B5 (5,5,3) → MOVE (6,4,4)
  [Team B] Провокатор B7 (0,7,1) → MOVE (1,6,2)
  [Team B] Паук B8 (3,7,1) → MINE (4,6,2)
  [Team C] все корабли пропускают ход
! 🎮 GM: принудительно завершает фазу планирования
GM: end_planning
# 
============================================================
# 🔄 ОБРАБОТКА ХОДА 11
# ============================================================
!    ⚠️ Провокатор A7: клетка (5,4,5) уже занята голограммой
!    ⚠️ Паук B8: в клетке уже стоит мина

📦 ПЕРЕМЕЩЕНИЯ:
✓    💥 Прыгун A3 тараном уничтожил Радиовышка B2 в (4,5,3)
   Прыгун A3: (6, 4, 5) → (4,5,3)
   Прыгун B3: (2, 4, 3) → (3,4,4)
   Факел B4: (6, 5, 2) → (5,5,2)
   Тишина B5: (5, 5, 3) → (6,4,4)
!    ⚠️ Провокатор B7: клетка (1,6,2) занята

🎯 ВЫСТРЕЛЫ:
   Выпущено ракет: 0
# 
📊 РЕЗУЛЬТАТЫ ХОДА 11:
🎯 Попаданий нет

--- Результаты хода ---
  Team A / Прыгун A3          → Team B / Радиовышка B2      @ (4,5,3)  (УБИТ)

--- Состояние команд после хода ---
  Team A: живых 2/8
    ✓ Прыгун A3          @ (4,5,3) hp=2/2
    ✓ Провокатор A7      @ (6,3,6) hp=2/2
    ✗ Артиллерия A1      @ (6,3,5) [уничтожен]
    ✗ Радиовышка A2      @ (5,4,3) [уничтожен]
    ✗ Факел A4           @ (6,4,5) [уничтожен]
    ✗ Тишина A5          @ (7,4,1) [уничтожен]
    ✗ Бурав A6           @ (3,4,2) [уничтожен]
    ✗ Паук A8            @ (6,3,2) [уничтожен]
  Team B: живых 5/8
    ✓ Прыгун B3          @ (3,4,4) hp=2/2
    ✓ Факел B4           @ (5,5,2) hp=6/6
    ✓ Тишина B5          @ (6,4,4) hp=2/2
    ✓ Провокатор B7      @ (0,7,1) hp=2/2
    ✓ Паук B8            @ (3,7,1) hp=1/1
    ✗ Артиллерия B1      @ (6,7,1) [уничтожен]
    ✗ Радиовышка B2      @ (4,5,3) [уничтожен]
    ✗ Бурав B6           @ (6,4,5) [уничтожен]
  Team C: живых 0/8
    ✗ Артиллерия C1      @ (2,4,2) [уничтожен]
    ✗ Радиовышка C2      @ (7,4,3) [уничтожен]
    ✗ Прыгун C3          @ (6,4,2) [уничтожен]
    ✗ Факел C4           @ (3,4,2) [уничтожен]
    ✗ Тишина C5          @ (1,5,2) [уничтожен]
    ✗ Бурав C6           @ (7,4,2) [уничтожен]
    ✗ Провокатор C7      @ (6,4,2) [уничтожен]
    ✗ Паук C8            @ (7,4,2) [уничтожен]

======================================================================
ХОД 12
======================================================================
✓ 🎮 GM: начинаем ход
GM: start_turn

--- Радиовышки: сканирование слоя Z ---
  (у команд не осталось живых радиовышек)

--- Решения ботов ---
  [Team A] Прыгун A3 (4,5,3) → MOVE (5,5,2)
  [Team A] Провокатор A7 (6,3,6) → HOLOGRAM (6,4,5)
  [Team B] Прыгун B3 (3,4,4) → MOVE (4,5,3)
  [Team B] Факел B4 (5,5,2) → MOVE (4,5,2)
  [Team B] Тишина B5 (6,4,4) → MOVE (5,5,3)
  [Team B] Провокатор B7 (0,7,1) → HOLOGRAM (1,6,2)
  [Team B] Паук B8 (3,7,1) → MINE (4,6,2)
  [Team C] все корабли пропускают ход
! 🎮 GM: принудительно завершает фазу планирования
GM: end_planning
# 
============================================================
# 🔄 ОБРАБОТКА ХОДА 12
# ============================================================
   🪞 Провокатор A7 создал голограмму H7 в (6,4,5)
!    ⚠️ Провокатор B7: клетка (1,6,2) уже занята голограммой
!    ⚠️ Паук B8: в клетке уже стоит мина

📦 ПЕРЕМЕЩЕНИЯ:
✓    💥 Прыгун A3 тараном уничтожил Факел B4 в (5,5,2)
   Прыгун A3: (4, 5, 3) → (5,5,2)
   Прыгун B3: (3, 4, 4) → (4,5,3)
   Тишина B5: (6, 4, 4) → (5,5,3)

🎯 ВЫСТРЕЛЫ:
   Выпущено ракет: 0
# 
📊 РЕЗУЛЬТАТЫ ХОДА 12:
🎯 Попаданий нет

--- Результаты хода ---
  Team A / Прыгун A3          → Team B / Факел B4           @ (5,5,2)  (УБИТ)

--- Состояние команд после хода ---
  Team A: живых 2/8
    ✓ Прыгун A3          @ (5,5,2) hp=2/2
    ✓ Провокатор A7      @ (6,3,6) hp=2/2
    ✗ Артиллерия A1      @ (6,3,5) [уничтожен]
    ✗ Радиовышка A2      @ (5,4,3) [уничтожен]
    ✗ Факел A4           @ (6,4,5) [уничтожен]
    ✗ Тишина A5          @ (7,4,1) [уничтожен]
    ✗ Бурав A6           @ (3,4,2) [уничтожен]
    ✗ Паук A8            @ (6,3,2) [уничтожен]
  Team B: живых 4/8
    ✓ Прыгун B3          @ (4,5,3) hp=2/2
    ✓ Тишина B5          @ (5,5,3) hp=2/2
    ✓ Провокатор B7      @ (0,7,1) hp=2/2
    ✓ Паук B8            @ (3,7,1) hp=1/1
    ✗ Артиллерия B1      @ (6,7,1) [уничтожен]
    ✗ Радиовышка B2      @ (4,5,3) [уничтожен]
    ✗ Факел B4           @ (5,5,2) [уничтожен]
    ✗ Бурав B6           @ (6,4,5) [уничтожен]
  Team C: живых 0/8
    ✗ Артиллерия C1      @ (2,4,2) [уничтожен]
    ✗ Радиовышка C2      @ (7,4,3) [уничтожен]
    ✗ Прыгун C3          @ (6,4,2) [уничтожен]
    ✗ Факел C4           @ (3,4,2) [уничтожен]
    ✗ Тишина C5          @ (1,5,2) [уничтожен]
    ✗ Бурав C6           @ (7,4,2) [уничтожен]
    ✗ Провокатор C7      @ (6,4,2) [уничтожен]
    ✗ Паук C8            @ (7,4,2) [уничтожен]

======================================================================
ХОД 13
======================================================================
✓ 🎮 GM: начинаем ход
GM: start_turn

--- Радиовышки: сканирование слоя Z ---
  (у команд не осталось живых радиовышек)

--- Решения ботов ---
  [Team A] Прыгун A3 (5,5,2) → MOVE (4,5,3)
  [Team A] Провокатор A7 (6,3,6) → HOLOGRAM (5,4,5)
  [Team B] Прыгун B3 (4,5,3) → MOVE (5,5,2)
  [Team B] Тишина B5 (5,5,3) → PHASE toggle
  [Team B] Провокатор B7 (0,7,1) → HOLOGRAM (1,6,2)
  [Team B] Паук B8 (3,7,1) → MINE (4,6,2)
  [Team C] все корабли пропускают ход
! 🎮 GM: принудительно завершает фазу планирования
GM: end_planning
# 
============================================================
# 🔄 ОБРАБОТКА ХОДА 13
# ============================================================
   🌀 Тишина B5: уходит в фазу на 1 ход
!    ⚠️ Провокатор A7: клетка (5,4,5) уже занята голограммой
!    ⚠️ Провокатор B7: клетка (1,6,2) уже занята голограммой
!    ⚠️ Паук B8: в клетке уже стоит мина

📦 ПЕРЕМЕЩЕНИЯ:
✓    💥 Прыгун A3 тараном уничтожил Прыгун B3 в (4,5,3)
   Прыгун A3: (5, 5, 2) → (4,5,3)

🎯 ВЫСТРЕЛЫ:
   Выпущено ракет: 0
# 
📊 РЕЗУЛЬТАТЫ ХОДА 13:
🎯 Попаданий нет

--- Результаты хода ---
  Team A / Прыгун A3          → Team B / Прыгун B3          @ (4,5,3)  (УБИТ)

--- Состояние команд после хода ---
  Team A: живых 2/8
    ✓ Прыгун A3          @ (4,5,3) hp=2/2
    ✓ Провокатор A7      @ (6,3,6) hp=2/2
    ✗ Артиллерия A1      @ (6,3,5) [уничтожен]
    ✗ Радиовышка A2      @ (5,4,3) [уничтожен]
    ✗ Факел A4           @ (6,4,5) [уничтожен]
    ✗ Тишина A5          @ (7,4,1) [уничтожен]
    ✗ Бурав A6           @ (3,4,2) [уничтожен]
    ✗ Паук A8            @ (6,3,2) [уничтожен]
  Team B: живых 3/8
    ✓ Тишина B5          @ (5,5,3) hp=2/2
    ✓ Провокатор B7      @ (0,7,1) hp=2/2
    ✓ Паук B8            @ (3,7,1) hp=1/1
    ✗ Артиллерия B1      @ (6,7,1) [уничтожен]
    ✗ Радиовышка B2      @ (4,5,3) [уничтожен]
    ✗ Прыгун B3          @ (4,5,3) [уничтожен]
    ✗ Факел B4           @ (5,5,2) [уничтожен]
    ✗ Бурав B6           @ (6,4,5) [уничтожен]
  Team C: живых 0/8
    ✗ Артиллерия C1      @ (2,4,2) [уничтожен]
    ✗ Радиовышка C2      @ (7,4,3) [уничтожен]
    ✗ Прыгун C3          @ (6,4,2) [уничтожен]
    ✗ Факел C4           @ (3,4,2) [уничтожен]
    ✗ Тишина C5          @ (1,5,2) [уничтожен]
    ✗ Бурав C6           @ (7,4,2) [уничтожен]
    ✗ Провокатор C7      @ (6,4,2) [уничтожен]
    ✗ Паук C8            @ (7,4,2) [уничтожен]

======================================================================
ХОД 14
======================================================================
✓ 🎮 GM: начинаем ход
GM: start_turn

--- Радиовышки: сканирование слоя Z ---
  (у команд не осталось живых радиовышек)

--- Решения ботов ---
  [Team A] Прыгун A3 (4,5,3) → MOVE (3,7,1)
  [Team A] Провокатор A7 (6,3,6) → HOLOGRAM (5,4,5)
  [Team B] Тишина B5 (5,5,3) → MOVE (4,5,3)
  [Team B] Провокатор B7 (0,7,1) → HOLOGRAM (1,6,2)
  [Team B] Паук B8 (3,7,1) → MINE (4,6,2)
  [Team C] все корабли пропускают ход
! 🎮 GM: принудительно завершает фазу планирования
GM: end_planning
# 
============================================================
# 🔄 ОБРАБОТКА ХОДА 14
# ============================================================
   🌀 Тишина B5: фаза спала (действовала 1 ход)
!    ⚠️ Провокатор A7: клетка (5,4,5) уже занята голограммой
!    ⚠️ Провокатор B7: клетка (1,6,2) уже занята голограммой
!    ⚠️ Паук B8: в клетке уже стоит мина

📦 ПЕРЕМЕЩЕНИЯ:
✓    💥 Прыгун A3 тараном уничтожил Паук B8 в (3,7,1)
   Прыгун A3: (4, 5, 3) → (3,7,1)
   Тишина B5: (5, 5, 3) → (4,5,3)

🎯 ВЫСТРЕЛЫ:
   Выпущено ракет: 0
# 
📊 РЕЗУЛЬТАТЫ ХОДА 14:
🎯 Попаданий нет

--- Результаты хода ---
  Team A / Прыгун A3          → Team B / Паук B8            @ (3,7,1)  (УБИТ)

--- Состояние команд после хода ---
  Team A: живых 2/8
    ✓ Прыгун A3          @ (3,7,1) hp=2/2
    ✓ Провокатор A7      @ (6,3,6) hp=2/2
    ✗ Артиллерия A1      @ (6,3,5) [уничтожен]
    ✗ Радиовышка A2      @ (5,4,3) [уничтожен]
    ✗ Факел A4           @ (6,4,5) [уничтожен]
    ✗ Тишина A5          @ (7,4,1) [уничтожен]
    ✗ Бурав A6           @ (3,4,2) [уничтожен]
    ✗ Паук A8            @ (6,3,2) [уничтожен]
  Team B: живых 2/8
    ✓ Тишина B5          @ (4,5,3) hp=2/2
    ✓ Провокатор B7      @ (0,7,1) hp=2/2
    ✗ Артиллерия B1      @ (6,7,1) [уничтожен]
    ✗ Радиовышка B2      @ (4,5,3) [уничтожен]
    ✗ Прыгун B3          @ (4,5,3) [уничтожен]
    ✗ Факел B4           @ (5,5,2) [уничтожен]
    ✗ Бурав B6           @ (6,4,5) [уничтожен]
    ✗ Паук B8            @ (3,7,1) [уничтожен]
  Team C: живых 0/8
    ✗ Артиллерия C1      @ (2,4,2) [уничтожен]
    ✗ Радиовышка C2      @ (7,4,3) [уничтожен]
    ✗ Прыгун C3          @ (6,4,2) [уничтожен]
    ✗ Факел C4           @ (3,4,2) [уничтожен]
    ✗ Тишина C5          @ (1,5,2) [уничтожен]
    ✗ Бурав C6           @ (7,4,2) [уничтожен]
    ✗ Провокатор C7      @ (6,4,2) [уничтожен]
    ✗ Паук C8            @ (7,4,2) [уничтожен]

======================================================================
ХОД 15
======================================================================
✓ 🎮 GM: начинаем ход
GM: start_turn

--- Радиовышки: сканирование слоя Z ---
  (у команд не осталось живых радиовышек)

--- Решения ботов ---
  [Team A] Прыгун A3 (3,7,1) → MOVE (4,5,3)
  [Team A] Провокатор A7 (6,3,6) → HOLOGRAM (5,4,5)
  [Team B] Тишина B5 (4,5,3) → MOVE (3,6,2)
  [Team B] Провокатор B7 (0,7,1) → HOLOGRAM (1,7,1)
  [Team C] все корабли пропускают ход
! 🎮 GM: принудительно завершает фазу планирования
GM: end_planning
# 
============================================================
# 🔄 ОБРАБОТКА ХОДА 15
# ============================================================
!    ⚠️ Провокатор A7: клетка (5,4,5) уже занята голограммой
   🪞 Провокатор B7 создал голограмму H8 в (1,7,1)

📦 ПЕРЕМЕЩЕНИЯ:
✓    💥 Прыгун A3 тараном уничтожил Тишина B5 в (4,5,3)
   Прыгун A3: (3, 7, 1) → (4,5,3)

🎯 ВЫСТРЕЛЫ:
   Выпущено ракет: 0
# 
📊 РЕЗУЛЬТАТЫ ХОДА 15:
🎯 Попаданий нет

--- Результаты хода ---
  Team A / Прыгун A3          → Team B / Тишина B5          @ (4,5,3)  (УБИТ)

--- Состояние команд после хода ---
  Team A: живых 2/8
    ✓ Прыгун A3          @ (4,5,3) hp=2/2
    ✓ Провокатор A7      @ (6,3,6) hp=2/2
    ✗ Артиллерия A1      @ (6,3,5) [уничтожен]
    ✗ Радиовышка A2      @ (5,4,3) [уничтожен]
    ✗ Факел A4           @ (6,4,5) [уничтожен]
    ✗ Тишина A5          @ (7,4,1) [уничтожен]
    ✗ Бурав A6           @ (3,4,2) [уничтожен]
    ✗ Паук A8            @ (6,3,2) [уничтожен]
  Team B: живых 1/8
    ✓ Провокатор B7      @ (0,7,1) hp=2/2
    ✗ Артиллерия B1      @ (6,7,1) [уничтожен]
    ✗ Радиовышка B2      @ (4,5,3) [уничтожен]
    ✗ Прыгун B3          @ (4,5,3) [уничтожен]
    ✗ Факел B4           @ (5,5,2) [уничтожен]
    ✗ Тишина B5          @ (4,5,3) [уничтожен]
    ✗ Бурав B6           @ (6,4,5) [уничтожен]
    ✗ Паук B8            @ (3,7,1) [уничтожен]
  Team C: живых 0/8
    ✗ Артиллерия C1      @ (2,4,2) [уничтожен]
    ✗ Радиовышка C2      @ (7,4,3) [уничтожен]
    ✗ Прыгун C3          @ (6,4,2) [уничтожен]
    ✗ Факел C4           @ (3,4,2) [уничтожен]
    ✗ Тишина C5          @ (1,5,2) [уничтожен]
    ✗ Бурав C6           @ (7,4,2) [уничтожен]
    ✗ Провокатор C7      @ (6,4,2) [уничтожен]
    ✗ Паук C8            @ (7,4,2) [уничтожен]

======================================================================
ХОД 16
======================================================================
✓ 🎮 GM: начинаем ход
GM: start_turn

--- Радиовышки: сканирование слоя Z ---
  (у команд не осталось живых радиовышек)

--- Решения ботов ---
  [Team A] Прыгун A3 (4,5,3) → MOVE (3,6,2)
  [Team A] Провокатор A7 (6,3,6) → MOVE (5,4,5)
  [Team B] Провокатор B7 (0,7,1) → HOLOGRAM (1,6,2)
  [Team C] все корабли пропускают ход
! 🎮 GM: принудительно завершает фазу планирования
GM: end_planning
# 
============================================================
# 🔄 ОБРАБОТКА ХОДА 16
# ============================================================
!    ⚠️ Провокатор B7: клетка (1,6,2) уже занята голограммой

📦 ПЕРЕМЕЩЕНИЯ:
   Прыгун A3: (4, 5, 3) → (3,6,2)
!    ⚠️ Провокатор A7: клетка (5,4,5) занята

🎯 ВЫСТРЕЛЫ:
   Выпущено ракет: 0
# 
📊 РЕЗУЛЬТАТЫ ХОДА 16:
🎯 Попаданий нет

--- Результаты хода ---
  Попаданий нет

--- Состояние команд после хода ---
  Team A: живых 2/8
    ✓ Прыгун A3          @ (3,6,2) hp=2/2
    ✓ Провокатор A7      @ (6,3,6) hp=2/2
    ✗ Артиллерия A1      @ (6,3,5) [уничтожен]
    ✗ Радиовышка A2      @ (5,4,3) [уничтожен]
    ✗ Факел A4           @ (6,4,5) [уничтожен]
    ✗ Тишина A5          @ (7,4,1) [уничтожен]
    ✗ Бурав A6           @ (3,4,2) [уничтожен]
    ✗ Паук A8            @ (6,3,2) [уничтожен]
  Team B: живых 1/8
    ✓ Провокатор B7      @ (0,7,1) hp=2/2
    ✗ Артиллерия B1      @ (6,7,1) [уничтожен]
    ✗ Радиовышка B2      @ (4,5,3) [уничтожен]
    ✗ Прыгун B3          @ (4,5,3) [уничтожен]
    ✗ Факел B4           @ (5,5,2) [уничтожен]
    ✗ Тишина B5          @ (4,5,3) [уничтожен]
    ✗ Бурав B6           @ (6,4,5) [уничтожен]
    ✗ Паук B8            @ (3,7,1) [уничтожен]
  Team C: живых 0/8
    ✗ Артиллерия C1      @ (2,4,2) [уничтожен]
    ✗ Радиовышка C2      @ (7,4,3) [уничтожен]
    ✗ Прыгун C3          @ (6,4,2) [уничтожен]
    ✗ Факел C4           @ (3,4,2) [уничтожен]
    ✗ Тишина C5          @ (1,5,2) [уничтожен]
    ✗ Бурав C6           @ (7,4,2) [уничтожен]
    ✗ Провокатор C7      @ (6,4,2) [уничтожен]
    ✗ Паук C8            @ (7,4,2) [уничтожен]

======================================================================
ХОД 17
======================================================================
✓ 🎮 GM: начинаем ход
GM: start_turn

--- Радиовышки: сканирование слоя Z ---
  (у команд не осталось живых радиовышек)

--- Решения ботов ---
  [Team A] Прыгун A3 (3,6,2) → MOVE (2,7,1)
  [Team A] Провокатор A7 (6,3,6) → MOVE (5,4,5)
  [Team B] Провокатор B7 (0,7,1) → HOLOGRAM (1,6,2)
  [Team C] все корабли пропускают ход
! 🎮 GM: принудительно завершает фазу планирования
GM: end_planning
# 
============================================================
# 🔄 ОБРАБОТКА ХОДА 17
# ============================================================
!    ⚠️ Провокатор B7: клетка (1,6,2) уже занята голограммой

📦 ПЕРЕМЕЩЕНИЯ:
   Прыгун A3: (3, 6, 2) → (2,7,1)
!    ⚠️ Провокатор A7: клетка (5,4,5) занята

🎯 ВЫСТРЕЛЫ:
   Выпущено ракет: 0
# 
📊 РЕЗУЛЬТАТЫ ХОДА 17:
🎯 Попаданий нет

--- Результаты хода ---
  Попаданий нет

--- Состояние команд после хода ---
  Team A: живых 2/8
    ✓ Прыгун A3          @ (2,7,1) hp=2/2
    ✓ Провокатор A7      @ (6,3,6) hp=2/2
    ✗ Артиллерия A1      @ (6,3,5) [уничтожен]
    ✗ Радиовышка A2      @ (5,4,3) [уничтожен]
    ✗ Факел A4           @ (6,4,5) [уничтожен]
    ✗ Тишина A5          @ (7,4,1) [уничтожен]
    ✗ Бурав A6           @ (3,4,2) [уничтожен]
    ✗ Паук A8            @ (6,3,2) [уничтожен]
  Team B: живых 1/8
    ✓ Провокатор B7      @ (0,7,1) hp=2/2
    ✗ Артиллерия B1      @ (6,7,1) [уничтожен]
    ✗ Радиовышка B2      @ (4,5,3) [уничтожен]
    ✗ Прыгун B3          @ (4,5,3) [уничтожен]
    ✗ Факел B4           @ (5,5,2) [уничтожен]
    ✗ Тишина B5          @ (4,5,3) [уничтожен]
    ✗ Бурав B6           @ (6,4,5) [уничтожен]
    ✗ Паук B8            @ (3,7,1) [уничтожен]
  Team C: живых 0/8
    ✗ Артиллерия C1      @ (2,4,2) [уничтожен]
    ✗ Радиовышка C2      @ (7,4,3) [уничтожен]
    ✗ Прыгун C3          @ (6,4,2) [уничтожен]
    ✗ Факел C4           @ (3,4,2) [уничтожен]
    ✗ Тишина C5          @ (1,5,2) [уничтожен]
    ✗ Бурав C6           @ (7,4,2) [уничтожен]
    ✗ Провокатор C7      @ (6,4,2) [уничтожен]
    ✗ Паук C8            @ (7,4,2) [уничтожен]

======================================================================
ХОД 18
======================================================================
✓ 🎮 GM: начинаем ход
GM: start_turn

--- Радиовышки: сканирование слоя Z ---
  (у команд не осталось живых радиовышек)

--- Решения ботов ---
  [Team A] Прыгун A3 (2,7,1) → MOVE (0,7,1)
  [Team A] Провокатор A7 (6,3,6) → MOVE (5,4,5)
  [Team B] Провокатор B7 (0,7,1) → HOLOGRAM (1,7,1)
  [Team C] все корабли пропускают ход
! 🎮 GM: принудительно завершает фазу планирования
GM: end_planning
# 
============================================================
# 🔄 ОБРАБОТКА ХОДА 18
# ============================================================
!    ⚠️ Провокатор B7: клетка (1,7,1) уже занята голограммой

📦 ПЕРЕМЕЩЕНИЯ:
✓    💥 Прыгун A3 тараном уничтожил Провокатор B7 в (0,7,1)
   Прыгун A3: (2, 7, 1) → (0,7,1)
!    ⚠️ Провокатор A7: клетка (5,4,5) занята

🎯 ВЫСТРЕЛЫ:
   Выпущено ракет: 0
# 
📊 РЕЗУЛЬТАТЫ ХОДА 18:
🎯 Попаданий нет
# 
🎮🎮🎮🎮🎮🎮🎮🎮🎮🎮🎮🎮🎮🎮🎮🎮🎮🎮🎮🎮
#         ИГРА ОКОНЧЕНА!
# 🎮🎮🎮🎮🎮🎮🎮🎮🎮🎮🎮🎮🎮🎮🎮🎮🎮🎮🎮🎮
✓         🏆 ПОБЕДИТЕЛЬ: Team A

--- Результаты хода ---
  Team A / Прыгун A3          → Team B / Провокатор B7      @ (0,7,1)  (УБИТ)

--- Состояние команд после хода ---
  Team A: живых 2/8
    ✓ Прыгун A3          @ (0,7,1) hp=2/2
    ✓ Провокатор A7      @ (6,3,6) hp=2/2
    ✗ Артиллерия A1      @ (6,3,5) [уничтожен]
    ✗ Радиовышка A2      @ (5,4,3) [уничтожен]
    ✗ Факел A4           @ (6,4,5) [уничтожен]
    ✗ Тишина A5          @ (7,4,1) [уничтожен]
    ✗ Бурав A6           @ (3,4,2) [уничтожен]
    ✗ Паук A8            @ (6,3,2) [уничтожен]
  Team B: живых 0/8
    ✗ Артиллерия B1      @ (6,7,1) [уничтожен]
    ✗ Радиовышка B2      @ (4,5,3) [уничтожен]
    ✗ Прыгун B3          @ (4,5,3) [уничтожен]
    ✗ Факел B4           @ (5,5,2) [уничтожен]
    ✗ Тишина B5          @ (4,5,3) [уничтожен]
    ✗ Бурав B6           @ (6,4,5) [уничтожен]
    ✗ Провокатор B7      @ (0,7,1) [уничтожен]
    ✗ Паук B8            @ (3,7,1) [уничтожен]
  Team C: живых 0/8
    ✗ Артиллерия C1      @ (2,4,2) [уничтожен]
    ✗ Радиовышка C2      @ (7,4,3) [уничтожен]
    ✗ Прыгун C3          @ (6,4,2) [уничтожен]
    ✗ Факел C4           @ (3,4,2) [уничтожен]
    ✗ Тишина C5          @ (1,5,2) [уничтожен]
    ✗ Бурав C6           @ (7,4,2) [уничтожен]
    ✗ Провокатор C7      @ (6,4,2) [уничтожен]
    ✗ Паук C8            @ (7,4,2) [уничтожен]

======================================================================
ИТОГ
======================================================================
Игра окончена. Победитель: Team A
Ходов сыграно: 18

--- Сводка по командам ---
  Team A: 2/8 живых; hp=4
  Team B: 0/8 живых; hp=0
  Team C: 0/8 живых; hp=0

--- Сводка по пассивкам радиовышек ---
  Team A: сканирований=10, всего врагов-в-слоях=28, уникальных эксклюзивных (видны только радиовышкой)=0
  Team B: сканирований=11, всего врагов-в-слоях=16, уникальных эксклюзивных (видны только радиовышкой)=0
  Team C: сканирований=5, всего врагов-в-слоях=11, уникальных эксклюзивных (видны только радиовышкой)=4

--- Сводка по попаданиям ---
  Всего событий (шоты+тараны+мины): 33
  Уничтожено кораблей всего: 22
  Team A: урон=34 хиты=5 тараны=9 мины(сработало)=0 убийств=10
  Team B: урон=33 хиты=10 тараны=7 мины(сработало)=0 убийств=11
  Team C: урон=4 хиты=1 тараны=0 мины(сработало)=1 убийств=1
! 🎮 GM: остановка игры
