======================================================================
Space Battle 10×10×10 — simulation run at 2026-04-20T13:44:08+00:00
Game mode: advanced
Seed: 160
✓ 🚀 Продвинутый режим: создаю разные типы кораблей
   Команда A: спавн вдоль оси X от (6, 8, 5) до (8, 8, 5)
   Команда B: спавн вдоль оси Y от (7, 4, 0) до (7, 7, 0)
   Команда C: спавн вдоль оси Z от (5, 7, 4) до (5, 7, 2)
✓ ✅ Создано 24 кораблей


--- СТАРТОВАЯ РАССТАНОВКА ---
  Team A: живых 8/8
    ✓ Артиллерия A1      @ (6,8,5) hp=1/1
    ✓ Радиовышка A2      @ (2,8,5) hp=3/3
    ✓ Прыгун A3          @ (5,8,5) hp=2/2
    ✓ Факел A4           @ (7,8,5) hp=6/6
    ✓ Тишина A5          @ (4,8,5) hp=2/2
    ✓ Бурав A6           @ (3,8,5) hp=4/4
    ✓ Провокатор A7      @ (1,8,5) hp=2/2
    ✓ Паук A8            @ (8,8,5) hp=1/1
  Team B: живых 8/8
    ✓ Артиллерия B1      @ (7,4,0) hp=1/1
    ✓ Радиовышка B2      @ (7,1,0) hp=3/3
    ✓ Прыгун B3          @ (7,5,0) hp=2/2
    ✓ Факел B4           @ (7,0,0) hp=6/6
    ✓ Тишина B5          @ (7,8,0) hp=2/2
    ✓ Бурав B6           @ (7,6,0) hp=4/4
    ✓ Провокатор B7      @ (7,3,0) hp=2/2
    ✓ Паук B8            @ (7,7,0) hp=1/1
  Team C: живых 8/8
    ✓ Артиллерия C1      @ (5,7,4) hp=1/1
    ✓ Радиовышка C2      @ (5,7,9) hp=3/3
    ✓ Прыгун C3          @ (5,7,8) hp=2/2
    ✓ Факел C4           @ (5,7,5) hp=6/6
    ✓ Тишина C5          @ (5,7,6) hp=2/2
    ✓ Бурав C6           @ (5,7,1) hp=4/4
    ✓ Провокатор C7      @ (5,7,0) hp=2/2
    ✓ Паук C8            @ (5,7,2) hp=1/1

======================================================================
ХОД 1
======================================================================
✓ 🎮 GM: начинаем ход
GM: start_turn

--- Радиовышки: сканирование слоя Z ---
  Радиовышка A2 (z=5): видит 1 врагов  → Факел C4(5,7,5)
  Радиовышка B2 (z=0): видит 1 врагов  → Провокатор C7(5,7,0)
  Радиовышка C2 (z=9): слой чист

--- Решения ботов ---
  [Team A] Артиллерия A1 (6,8,5) → SHOOT at (5,7,4)
  [Team A] Радиовышка A2 (2,8,5) → MOVE (3,7,4)
  [Team A] Прыгун A3 (5,8,5) → MOVE (5,7,4)
  [Team A] Тишина A5 (4,8,5) → PHASE toggle
  [Team A] Бурав A6 (3,8,5) → MOVE (4,7,4)
  [Team A] Провокатор A7 (1,8,5) → HOLOGRAM (2,7,4)
  [Team A] Паук A8 (8,8,5) → MINE (7,7,4)
  [Team A] Факел A4 → SKIP
  [Team B] Артиллерия B1 (7,4,0) → SHOOT at (5,7,4)
  [Team B] Радиовышка B2 (7,1,0) → MOVE (6,2,1)
  [Team B] Прыгун B3 (7,5,0) → MOVE (5,7,0)
  [Team B] Тишина B5 (7,8,0) → PHASE toggle
  [Team B] Бурав B6 (7,6,0) → MOVE (6,7,1)
  [Team B] Провокатор B7 (7,3,0) → HOLOGRAM (6,4,1)
  [Team B] Паук B8 (7,7,0) → MINE (6,6,0)
  [Team B] Факел B4 → SKIP
  [Team C] Артиллерия C1 (5,7,4) → SHOOT at (6,8,5)
  [Team C] Радиовышка C2 (5,7,9) → MOVE (6,8,8)
  [Team C] Прыгун C3 (5,7,8) → MOVE (6,8,7)
  [Team C] Факел C4 (5,7,5) → SHOOT at (5,8,5)
  [Team C] Тишина C5 (5,7,6) → PHASE toggle
  [Team C] Бурав C6 (5,7,1) → MOVE (6,6,0)
  [Team C] Провокатор C7 (5,7,0) → HOLOGRAM (5,6,0)
  [Team C] Паук C8 (5,7,2) → MINE (6,7,1)
! 🎮 GM: принудительно завершает фазу планирования
GM: end_planning
# 
============================================================
# 🔄 ОБРАБОТКА ХОДА 1
# ============================================================
   🌀 Тишина A5: уходит в фазу на 1 ход
   🌀 Тишина B5: уходит в фазу на 1 ход
   🌀 Тишина C5: уходит в фазу на 1 ход
   🪞 Провокатор A7 создал голограмму H1 в (2,7,4)
   🪞 Провокатор B7 создал голограмму H2 в (6,4,1)
   🪞 Провокатор C7 создал голограмму H3 в (5,6,0)
   💣 Паук A8 установил мину M1 в (7,7,4)
   💣 Паук B8 установил мину M2 в (6,6,0)
   💣 Паук C8 установил мину M3 в (6,7,1)

📦 ПЕРЕМЕЩЕНИЯ:
   Радиовышка A2: (2, 8, 5) → (3,7,4)
✓    💥 Прыгун A3 тараном уничтожил Артиллерия C1 в (5,7,4)
   Прыгун A3: (5, 8, 5) → (5,7,4)
!    ⚠️ Бурав A6: Бурав двигается только по 1 оси или по 2 осям строго диагонально
   Радиовышка B2: (7, 1, 0) → (6,2,1)
✓    💥 Прыгун B3 тараном уничтожил Провокатор C7 в (5,7,0)
   Прыгун B3: (7, 5, 0) → (5,7,0)
!    ⚠️ Бурав B6: Бурав двигается только по 1 оси или по 2 осям строго диагонально
   Радиовышка C2: (5, 7, 9) → (6,8,8)
   Прыгун C3: (5, 7, 8) → (6,8,7)
!    ⚠️ Бурав C6: Бурав двигается только по 1 оси или по 2 осям строго диагонально

🎯 ВЫСТРЕЛЫ:
✓    ✅ Артиллерия B1 поразил Прыгун A3 (2 урона)!
   Выпущено ракет: 3
# 
📊 РЕЗУЛЬТАТЫ ХОДА 1:
✓ 💥 ПОПАДАНИЯ:
✓    Артиллерия B1 (Team B) → Прыгун A3 (Team A)

--- Результаты хода ---
  Team A / Прыгун A3          → Team C / Артиллерия C1      @ (5,7,4)  (УБИТ)
  Team B / Прыгун B3          → Team C / Провокатор C7      @ (5,7,0)  (УБИТ)
  Team B / Артиллерия B1      → Team A / Прыгун A3          @ (5,7,4)  (УБИТ)

--- Состояние команд после хода ---
  Team A: живых 7/8
    ✓ Артиллерия A1      @ (6,8,5) hp=1/1
    ✓ Радиовышка A2      @ (3,7,4) hp=3/3
    ✓ Факел A4           @ (7,8,5) hp=6/6
    ✓ Тишина A5          @ (4,8,5) hp=2/2
    ✓ Бурав A6           @ (3,8,5) hp=4/4
    ✓ Провокатор A7      @ (1,8,5) hp=2/2
    ✓ Паук A8            @ (8,8,5) hp=1/1
    ✗ Прыгун A3          @ (5,7,4) [уничтожен]
  Team B: живых 8/8
    ✓ Артиллерия B1      @ (7,4,0) hp=1/1
    ✓ Радиовышка B2      @ (6,2,1) hp=3/3
    ✓ Прыгун B3          @ (5,7,0) hp=2/2
    ✓ Факел B4           @ (7,0,0) hp=6/6
    ✓ Тишина B5          @ (7,8,0) hp=2/2
    ✓ Бурав B6           @ (7,6,0) hp=4/4
    ✓ Провокатор B7      @ (7,3,0) hp=2/2
    ✓ Паук B8            @ (7,7,0) hp=1/1
  Team C: живых 6/8
    ✓ Радиовышка C2      @ (6,8,8) hp=3/3
    ✓ Прыгун C3          @ (6,8,7) hp=2/2
    ✓ Факел C4           @ (5,7,5) hp=6/6
    ✓ Тишина C5          @ (5,7,6) hp=2/2
    ✓ Бурав C6           @ (5,7,1) hp=4/4
    ✓ Паук C8            @ (5,7,2) hp=1/1
    ✗ Артиллерия C1      @ (5,7,4) [уничтожен]
    ✗ Провокатор C7      @ (5,7,0) [уничтожен]

======================================================================
ХОД 2
======================================================================
✓ 🎮 GM: начинаем ход
GM: start_turn

--- Радиовышки: сканирование слоя Z ---
  Радиовышка A2 (z=4): слой чист
  Радиовышка B2 (z=1): видит 1 врагов  → Бурав C6(5,7,1)
  Радиовышка C2 (z=8): слой чист

--- Решения ботов ---
  [Team A] Артиллерия A1 (6,8,5) → SHOOT at (7,4,0)
  [Team A] Радиовышка A2 (3,7,4) → MOVE (4,7,5)
  [Team A] Тишина A5 (4,8,5) → MOVE (5,7,5)
  [Team A] Бурав A6 (3,8,5) → MOVE (6,8,8)
  [Team A] Провокатор A7 (1,8,5) → HOLOGRAM (2,7,5)
  [Team A] Паук A8 (8,8,5) → MINE (7,8,6)
  [Team A] Факел A4 → SKIP
  [Team B] Артиллерия B1 (7,4,0) → SHOOT at (5,7,2)
  [Team B] Радиовышка B2 (6,2,1) → MOVE (5,3,2)
  [Team B] Прыгун B3 (5,7,0) → MOVE (5,7,1)
  [Team B] Факел B4 (7,0,0) → MOVE (6,1,0)
  [Team B] Тишина B5 (7,8,0) → MOVE (6,7,1)
  [Team B] Бурав B6 (7,6,0) → MOVE (7,7,1)
  [Team B] Провокатор B7 (7,3,0) → HOLOGRAM (6,4,1)
  [Team B] Паук B8 (7,7,0) → MINE (6,7,0)
  [Team C] Прыгун C3 (6,8,7) → MOVE (6,8,5)
  [Team C] Факел C4 (5,7,5) → SHOOT at (5,7,0)
  [Team C] Тишина C5 (5,7,6) → MOVE (5,8,5)
  [Team C] Бурав C6 (5,7,1) → MOVE (5,7,0)
  [Team C] Паук C8 (5,7,2) → MINE (6,7,1)
  [Team C] Радиовышка C2 → SKIP
! 🎮 GM: принудительно завершает фазу планирования
GM: end_planning
# 
============================================================
# 🔄 ОБРАБОТКА ХОДА 2
# ============================================================
   🌀 Тишина A5: фаза спала (действовала 1 ход)
   🌀 Тишина B5: фаза спала (действовала 1 ход)
   🌀 Тишина C5: фаза спала (действовала 1 ход)
   🪞 Провокатор A7 создал голограмму H4 в (2,7,5)
!    ⚠️ Провокатор B7: клетка (6,4,1) уже занята голограммой
   💣 Паук A8 установил мину M4 в (7,8,6)
   💣 Паук B8 установил мину M5 в (6,7,0)
!    ⚠️ Паук C8: в клетке уже стоит мина

📦 ПЕРЕМЕЩЕНИЯ:
   Радиовышка A2: (3, 7, 4) → (4,7,5)
!    ⚠️ Тишина A5: клетка (5,7,5) занята
✓    💥 Бурав A6 тараном уничтожил Радиовышка C2 в (6,8,8)
   Бурав A6: (3, 8, 5) → (6,8,8)
   Радиовышка B2: (6, 2, 1) → (5,3,2)
✓    💥 Прыгун B3 тараном уничтожил Бурав C6 в (5,7,1)
   Прыгун B3: (5, 7, 0) → (5,7,1)
   Факел B4: (7, 0, 0) → (6,1,0)
   Тишина B5: (7, 8, 0) → (6,7,1)
!    💥 Мина M3 сработала под Тишина B5 (урон 2) — КОРАБЛЬ УНИЧТОЖЕН
   Бурав B6: (7, 6, 0) → (7,7,1)
✓    💥 Прыгун C3 тараном уничтожил Артиллерия A1 в (6,8,5)
   Прыгун C3: (6, 8, 7) → (6,8,5)
   Тишина C5: (5, 7, 6) → (5,8,5)

🎯 ВЫСТРЕЛЫ:
!    🛡️ Выстрел Факел C4 заблокирован союзником Паук C8 в (5, 7, 2)
✓    ✅ Артиллерия B1 поразил Паук C8 (2 урона)!
   Выпущено ракет: 2
# 
📊 РЕЗУЛЬТАТЫ ХОДА 2:
✓ 💥 ПОПАДАНИЯ:
✓    Артиллерия B1 (Team B) → Паук C8 (Team C)

--- Результаты хода ---
  Team A / Бурав A6           → Team C / Радиовышка C2      @ (6,8,8)  (УБИТ)
  Team B / Прыгун B3          → Team C / Бурав C6           @ (5,7,1)  (УБИТ)
  ? / ?                  → Team B / Тишина B5          @ (6,7,1)  (УБИТ)
  Team C / Прыгун C3          → Team A / Артиллерия A1      @ (6,8,5)  (УБИТ)
  Team B / Артиллерия B1      → Team C / Паук C8            @ (5,7,2)  (УБИТ)

--- Состояние команд после хода ---
  Team A: живых 6/8
    ✓ Радиовышка A2      @ (4,7,5) hp=3/3
    ✓ Факел A4           @ (7,8,5) hp=6/6
    ✓ Тишина A5          @ (4,8,5) hp=2/2
    ✓ Бурав A6           @ (6,8,8) hp=4/4
    ✓ Провокатор A7      @ (1,8,5) hp=2/2
    ✓ Паук A8            @ (8,8,5) hp=1/1
    ✗ Артиллерия A1      @ (6,8,5) [уничтожен]
    ✗ Прыгун A3          @ (5,7,4) [уничтожен]
  Team B: живых 7/8
    ✓ Артиллерия B1      @ (7,4,0) hp=1/1
    ✓ Радиовышка B2      @ (5,3,2) hp=3/3
    ✓ Прыгун B3          @ (5,7,1) hp=2/2
    ✓ Факел B4           @ (6,1,0) hp=6/6
    ✓ Бурав B6           @ (7,7,1) hp=4/4
    ✓ Провокатор B7      @ (7,3,0) hp=2/2
    ✓ Паук B8            @ (7,7,0) hp=1/1
    ✗ Тишина B5          @ (6,7,1) [уничтожен]
  Team C: живых 3/8
    ✓ Прыгун C3          @ (6,8,5) hp=2/2
    ✓ Факел C4           @ (5,7,5) hp=6/6
    ✓ Тишина C5          @ (5,8,5) hp=2/2
    ✗ Артиллерия C1      @ (5,7,4) [уничтожен]
    ✗ Радиовышка C2      @ (6,8,8) [уничтожен]
    ✗ Бурав C6           @ (5,7,1) [уничтожен]
    ✗ Провокатор C7      @ (5,7,0) [уничтожен]
    ✗ Паук C8            @ (5,7,2) [уничтожен]

======================================================================
ХОД 3
======================================================================
✓ 🎮 GM: начинаем ход
GM: start_turn

--- Радиовышки: сканирование слоя Z ---
  Радиовышка A2 (z=5): видит 3 врагов  → Факел C4(5,7,5), Тишина C5(5,8,5), Прыгун C3(6,8,5)
  Радиовышка B2 (z=2): слой чист

--- Решения ботов ---
  [Team A] Радиовышка A2 (4,7,5) → MOVE (5,7,5)
  [Team A] Факел A4 (7,8,5) → SHOOT at (6,8,5)
  [Team A] Тишина A5 (4,8,5) → MOVE (5,8,5)
  [Team A] Бурав A6 (6,8,8) → MOVE (6,8,5)
  [Team A] Провокатор A7 (1,8,5) → HOLOGRAM (2,7,4)
  [Team A] Паук A8 → SKIP
  [Team B] Артиллерия B1 (7,4,0) → SHOOT at (6,8,5)
  [Team B] Радиовышка B2 (5,3,2) → MOVE (4,4,3)
  [Team B] Прыгун B3 (5,7,1) → SHOOT at (5,7,5)
  [Team B] Факел B4 (6,1,0) → MOVE (6,2,0)
  [Team B] Бурав B6 (7,7,1) → MOVE (6,7,2)
  [Team B] Провокатор B7 (7,3,0) → HOLOGRAM (6,4,1)
  [Team B] Паук B8 (7,7,0) → MOVE (6,7,1)
  [Team C] Прыгун C3 (6,8,5) → MOVE (7,8,5)
  [Team C] Факел C4 (5,7,5) → SHOOT at (5,7,1)
  [Team C] Тишина C5 (5,8,5) → MOVE (4,7,5)
! 🎮 GM: принудительно завершает фазу планирования
GM: end_planning
# 
============================================================
# 🔄 ОБРАБОТКА ХОДА 3
# ============================================================
!    ⚠️ Провокатор A7: клетка (2,7,4) уже занята голограммой
!    ⚠️ Провокатор B7: клетка (6,4,1) уже занята голограммой

📦 ПЕРЕМЕЩЕНИЯ:
!    ⚠️ Радиовышка A2: клетка (5,7,5) занята
!    ⚠️ Тишина A5: клетка (5,8,5) занята
✓    💥 Бурав A6 тараном уничтожил Прыгун C3 в (6,8,5)
   Бурав A6: (6, 8, 8) → (6,8,5)
   Радиовышка B2: (5, 3, 2) → (4,4,3)
   Факел B4: (6, 1, 0) → (6,2,0)
   Бурав B6: (7, 7, 1) → (6,7,2)
   Паук B8: (7, 7, 0) → (6,7,1)
!    ⚠️ Тишина C5: клетка (4,7,5) занята

🎯 ВЫСТРЕЛЫ:
!    🛡️ Выстрел Факел A4 заблокирован союзником Бурав A6 в (6, 8, 5)
✓    ✅ Артиллерия B1 поразил Бурав A6 (2 урона)!
✓    ✅ Прыгун B3 поразил Факел C4 (1 урона)!
✓    ✅ Факел C4 поразил Прыгун B3 (1 урона)!
   Выпущено ракет: 4
# 
📊 РЕЗУЛЬТАТЫ ХОДА 3:
✓ 💥 ПОПАДАНИЯ:
✓    Артиллерия B1 (Team B) → Бурав A6 (Team A)
✓    Прыгун B3 (Team B) → Факел C4 (Team C)
✓    Факел C4 (Team C) → Прыгун B3 (Team B)

--- Результаты хода ---
  Team A / Бурав A6           → Team C / Прыгун C3          @ (6,8,5)  (УБИТ)
  Team B / Артиллерия B1      → Team A / Бурав A6           @ (6,8,5)  (ранен)
  Team B / Прыгун B3          → Team C / Факел C4           @ (5,7,5)  (ранен)
  Team C / Факел C4           → Team B / Прыгун B3          @ (5,7,1)  (ранен)

--- Состояние команд после хода ---
  Team A: живых 6/8
    ✓ Радиовышка A2      @ (4,7,5) hp=3/3
    ✓ Факел A4           @ (7,8,5) hp=6/6
    ✓ Тишина A5          @ (4,8,5) hp=2/2
    ✓ Бурав A6           @ (6,8,5) hp=2/4
    ✓ Провокатор A7      @ (1,8,5) hp=2/2
    ✓ Паук A8            @ (8,8,5) hp=1/1
    ✗ Артиллерия A1      @ (6,8,5) [уничтожен]
    ✗ Прыгун A3          @ (5,7,4) [уничтожен]
  Team B: живых 7/8
    ✓ Артиллерия B1      @ (7,4,0) hp=1/1
    ✓ Радиовышка B2      @ (4,4,3) hp=3/3
    ✓ Прыгун B3          @ (5,7,1) hp=1/2
    ✓ Факел B4           @ (6,2,0) hp=6/6
    ✓ Бурав B6           @ (6,7,2) hp=4/4
    ✓ Провокатор B7      @ (7,3,0) hp=2/2
    ✓ Паук B8            @ (6,7,1) hp=1/1
    ✗ Тишина B5          @ (6,7,1) [уничтожен]
  Team C: живых 2/8
    ✓ Факел C4           @ (5,7,5) hp=5/6
    ✓ Тишина C5          @ (5,8,5) hp=2/2
    ✗ Артиллерия C1      @ (5,7,4) [уничтожен]
    ✗ Радиовышка C2      @ (6,8,8) [уничтожен]
    ✗ Прыгун C3          @ (6,8,5) [уничтожен]
    ✗ Бурав C6           @ (5,7,1) [уничтожен]
    ✗ Провокатор C7      @ (5,7,0) [уничтожен]
    ✗ Паук C8            @ (5,7,2) [уничтожен]

======================================================================
ХОД 4
======================================================================
✓ 🎮 GM: начинаем ход
GM: start_turn

--- Радиовышки: сканирование слоя Z ---
  Радиовышка A2 (z=5): видит 2 врагов  → Факел C4(5,7,5), Тишина C5(5,8,5)
  Радиовышка B2 (z=3): слой чист

--- Решения ботов ---
  [Team A] Радиовышка A2 (4,7,5) → MOVE (5,7,5)
  [Team A] Факел A4 (7,8,5) → HEAL (AoE)
  [Team A] Тишина A5 (4,8,5) → MOVE (5,8,5)
  [Team A] Бурав A6 (6,8,5) → MOVE (6,7,5)
  [Team A] Провокатор A7 (1,8,5) → HOLOGRAM (2,7,4)
  [Team A] Паук A8 (8,8,5) → MINE (7,7,4)
  [Team B] Артиллерия B1 (7,4,0) → SHOOT at (6,8,5)
  [Team B] Радиовышка B2 (4,4,3) → MOVE (4,5,4)
  [Team B] Прыгун B3 (5,7,1) → SHOOT at (5,7,5)
  [Team B] Факел B4 (6,2,0) → MOVE (5,3,1)
  [Team B] Бурав B6 (6,7,2) → MOVE (5,7,3)
  [Team B] Провокатор B7 (7,3,0) → HOLOGRAM (6,4,1)
  [Team B] Паук B8 (6,7,1) → MINE (5,7,2)
  [Team C] Факел C4 (5,7,5) → HEAL (AoE)
  [Team C] Тишина C5 (5,8,5) → MOVE (4,7,5)
! 🎮 GM: принудительно завершает фазу планирования
GM: end_planning
# 
============================================================
# 🔄 ОБРАБОТКА ХОДА 4
# ============================================================
!    ⚠️ Провокатор A7: клетка (2,7,4) уже занята голограммой
!    ⚠️ Провокатор B7: клетка (6,4,1) уже занята голограммой
!    ⚠️ Паук A8: в клетке уже стоит мина
   💣 Паук B8 установил мину M6 в (5,7,2)

📦 ПЕРЕМЕЩЕНИЯ:
!    ⚠️ Радиовышка A2: клетка (5,7,5) занята
!    ⚠️ Тишина A5: клетка (5,8,5) занята
   Бурав A6: (6, 8, 5) → (6,7,5)
   Радиовышка B2: (4, 4, 3) → (4,5,4)
   Факел B4: (6, 2, 0) → (5,3,1)
   Бурав B6: (6, 7, 2) → (5,7,3)
!    ⚠️ Тишина C5: клетка (4,7,5) занята

🎯 ВЫСТРЕЛЫ:
!    🛡️ Выстрел Прыгун B3 заблокирован союзником Бурав B6 в (5, 7, 3)
✓    💚 Факел A4 лечит Бурав A6 → hits=1/4
✓    💚 Факел C4 лечит Факел C4 → hits=0/6
   Выпущено ракет: 2
# 
📊 РЕЗУЛЬТАТЫ ХОДА 4:
🎯 Попаданий нет

--- Результаты хода ---
  Попаданий нет

--- Состояние команд после хода ---
  Team A: живых 6/8
    ✓ Радиовышка A2      @ (4,7,5) hp=3/3
    ✓ Факел A4           @ (7,8,5) hp=6/6
    ✓ Тишина A5          @ (4,8,5) hp=2/2
    ✓ Бурав A6           @ (6,7,5) hp=3/4
    ✓ Провокатор A7      @ (1,8,5) hp=2/2
    ✓ Паук A8            @ (8,8,5) hp=1/1
    ✗ Артиллерия A1      @ (6,8,5) [уничтожен]
    ✗ Прыгун A3          @ (5,7,4) [уничтожен]
  Team B: живых 7/8
    ✓ Артиллерия B1      @ (7,4,0) hp=1/1
    ✓ Радиовышка B2      @ (4,5,4) hp=3/3
    ✓ Прыгун B3          @ (5,7,1) hp=1/2
    ✓ Факел B4           @ (5,3,1) hp=6/6
    ✓ Бурав B6           @ (5,7,3) hp=4/4
    ✓ Провокатор B7      @ (7,3,0) hp=2/2
    ✓ Паук B8            @ (6,7,1) hp=1/1
    ✗ Тишина B5          @ (6,7,1) [уничтожен]
  Team C: живых 2/8
    ✓ Факел C4           @ (5,7,5) hp=6/6
    ✓ Тишина C5          @ (5,8,5) hp=2/2
    ✗ Артиллерия C1      @ (5,7,4) [уничтожен]
    ✗ Радиовышка C2      @ (6,8,8) [уничтожен]
    ✗ Прыгун C3          @ (6,8,5) [уничтожен]
    ✗ Бурав C6           @ (5,7,1) [уничтожен]
    ✗ Провокатор C7      @ (5,7,0) [уничтожен]
    ✗ Паук C8            @ (5,7,2) [уничтожен]

======================================================================
ХОД 5
======================================================================
✓ 🎮 GM: начинаем ход
GM: start_turn

--- Радиовышки: сканирование слоя Z ---
  Радиовышка A2 (z=5): видит 2 врагов  → Факел C4(5,7,5), Тишина C5(5,8,5)
  Радиовышка B2 (z=4): слой чист

--- Решения ботов ---
  [Team A] Радиовышка A2 (4,7,5) → MOVE (5,7,5)
  [Team A] Факел A4 (7,8,5) → HEAL (AoE)
  [Team A] Тишина A5 (4,8,5) → PHASE toggle
  [Team A] Бурав A6 (6,7,5) → MOVE (5,8,5)
  [Team A] Провокатор A7 (1,8,5) → HOLOGRAM (2,7,4)
  [Team A] Паук A8 (8,8,5) → MINE (7,7,4)
  [Team B] Артиллерия B1 (7,4,0) → SHOOT at (1,8,5)
  [Team B] Радиовышка B2 (4,5,4) → MOVE (4,6,5)
  [Team B] Прыгун B3 (5,7,1) → SHOOT at (5,7,5)
  [Team B] Факел B4 (5,3,1) → MOVE (5,4,1)
  [Team B] Бурав B6 (5,7,3) → MOVE (5,7,5)
  [Team B] Провокатор B7 (7,3,0) → HOLOGRAM (6,4,1)
  [Team B] Паук B8 (6,7,1) → MINE (5,7,2)
  [Team C] Факел C4 (5,7,5) → SHOOT at (5,7,1)
  [Team C] Тишина C5 (5,8,5) → PHASE toggle
! 🎮 GM: принудительно завершает фазу планирования
GM: end_planning
# 
============================================================
# 🔄 ОБРАБОТКА ХОДА 5
# ============================================================
   🌀 Тишина A5: уходит в фазу на 1 ход
   🌀 Тишина C5: уходит в фазу на 1 ход
!    ⚠️ Провокатор A7: клетка (2,7,4) уже занята голограммой
!    ⚠️ Провокатор B7: клетка (6,4,1) уже занята голограммой
!    ⚠️ Паук A8: в клетке уже стоит мина
!    ⚠️ Паук B8: в клетке уже стоит мина

📦 ПЕРЕМЕЩЕНИЯ:
!    ⚠️ Радиовышка A2: клетка (5,7,5) занята
✓    💥 Бурав A6 пробивает фазу Тишина C5 тараном
✓    💥 Бурав A6 тараном уничтожил Тишина C5 в (5,8,5)
   Бурав A6: (6, 7, 5) → (5,8,5)
   Радиовышка B2: (4, 5, 4) → (4,6,5)
   Факел B4: (5, 3, 1) → (5,4,1)
✓    💥 Бурав B6 тараном уничтожил Факел C4 в (5,7,5)
   Бурав B6: (5, 7, 3) → (5,7,5)

🎯 ВЫСТРЕЛЫ:
!    🛡️ Выстрел Прыгун B3 заблокирован союзником Бурав B6 в (5, 7, 5)
✓    ✅ Артиллерия B1 поразил Провокатор A7 (2 урона)!
✓    💚 Факел A4 лечит Бурав A6 → hits=0/4
   Выпущено ракет: 2
# 
📊 РЕЗУЛЬТАТЫ ХОДА 5:
✓ 💥 ПОПАДАНИЯ:
✓    Артиллерия B1 (Team B) → Провокатор A7 (Team A)

--- Результаты хода ---
  Team A / Бурав A6           → Team C / Тишина C5          @ (5,8,5)  (УБИТ)
  Team B / Бурав B6           → Team C / Факел C4           @ (5,7,5)  (УБИТ)
  Team B / Артиллерия B1      → Team A / Провокатор A7      @ (1,8,5)  (УБИТ)

--- Состояние команд после хода ---
  Team A: живых 5/8
    ✓ Радиовышка A2      @ (4,7,5) hp=3/3
    ✓ Факел A4           @ (7,8,5) hp=6/6
    ✓ Тишина A5          @ (4,8,5) hp=2/2
    ✓ Бурав A6           @ (5,8,5) hp=4/4
    ✓ Паук A8            @ (8,8,5) hp=1/1
    ✗ Артиллерия A1      @ (6,8,5) [уничтожен]
    ✗ Прыгун A3          @ (5,7,4) [уничтожен]
    ✗ Провокатор A7      @ (1,8,5) [уничтожен]
  Team B: живых 7/8
    ✓ Артиллерия B1      @ (7,4,0) hp=1/1
    ✓ Радиовышка B2      @ (4,6,5) hp=3/3
    ✓ Прыгун B3          @ (5,7,1) hp=1/2
    ✓ Факел B4           @ (5,4,1) hp=6/6
    ✓ Бурав B6           @ (5,7,5) hp=4/4
    ✓ Провокатор B7      @ (7,3,0) hp=2/2
    ✓ Паук B8            @ (6,7,1) hp=1/1
    ✗ Тишина B5          @ (6,7,1) [уничтожен]
  Team C: живых 0/8
    ✗ Артиллерия C1      @ (5,7,4) [уничтожен]
    ✗ Радиовышка C2      @ (6,8,8) [уничтожен]
    ✗ Прыгун C3          @ (6,8,5) [уничтожен]
    ✗ Факел C4           @ (5,7,5) [уничтожен]
    ✗ Тишина C5          @ (5,8,5) [уничтожен]
    ✗ Бурав C6           @ (5,7,1) [уничтожен]
    ✗ Провокатор C7      @ (5,7,0) [уничтожен]
    ✗ Паук C8            @ (5,7,2) [уничтожен]

======================================================================
ХОД 6
======================================================================
✓ 🎮 GM: начинаем ход
GM: start_turn

--- Радиовышки: сканирование слоя Z ---
  Радиовышка A2 (z=5): видит 2 врагов  → Радиовышка B2(4,6,5), Бурав B6(5,7,5)
  Радиовышка B2 (z=5): видит 4 врагов  → Радиовышка A2(4,7,5), Бурав A6(5,8,5), Факел A4(7,8,5), Паук A8(8,8,5)

--- Решения ботов ---
  [Team A] Радиовышка A2 (4,7,5) → MOVE (4,6,5)
  [Team A] Факел A4 (7,8,5) → MOVE (6,7,5)
  [Team A] Тишина A5 (4,8,5) → MOVE (5,7,5)
  [Team A] Паук A8 (8,8,5) → MINE (7,7,5)
  [Team A] Бурав A6 → SKIP
  [Team B] Артиллерия B1 (7,4,0) → SHOOT at (8,8,5)
  [Team B] Радиовышка B2 (4,6,5) → MOVE (4,7,5)
  [Team B] Прыгун B3 (5,7,1) → MOVE (4,7,2)
  [Team B] Факел B4 (5,4,1) → MOVE (5,5,1)
  [Team B] Бурав B6 (5,7,5) → MOVE (5,8,5)
  [Team B] Провокатор B7 (7,3,0) → HOLOGRAM (6,4,1)
  [Team B] Паук B8 (6,7,1) → MINE (5,7,2)
  [Team C] все корабли пропускают ход
! 🎮 GM: принудительно завершает фазу планирования
GM: end_planning
# 
============================================================
# 🔄 ОБРАБОТКА ХОДА 6
# ============================================================
   🌀 Тишина A5: фаза спала (действовала 1 ход)
!    ⚠️ Провокатор B7: клетка (6,4,1) уже занята голограммой
   💣 Паук A8 установил мину M7 в (7,7,5)
!    ⚠️ Паук B8: в клетке уже стоит мина

📦 ПЕРЕМЕЩЕНИЯ:
!    ⚠️ Радиовышка A2: клетка (4,6,5) занята
   Факел A4: (7, 8, 5) → (6,7,5)
!    ⚠️ Тишина A5: клетка (5,7,5) занята
!    ⚠️ Радиовышка B2: клетка (4,7,5) занята
   Прыгун B3: (5, 7, 1) → (4,7,2)
   Факел B4: (5, 4, 1) → (5,5,1)
✓    💥 Бурав B6 тараном уничтожил Бурав A6 в (5,8,5)
   Бурав B6: (5, 7, 5) → (5,8,5)

🎯 ВЫСТРЕЛЫ:
✓    ✅ Артиллерия B1 поразил Паук A8 (2 урона)!
   Выпущено ракет: 1
# 
📊 РЕЗУЛЬТАТЫ ХОДА 6:
✓ 💥 ПОПАДАНИЯ:
✓    Артиллерия B1 (Team B) → Паук A8 (Team A)

--- Результаты хода ---
  Team B / Бурав B6           → Team A / Бурав A6           @ (5,8,5)  (УБИТ)
  Team B / Артиллерия B1      → Team A / Паук A8            @ (8,8,5)  (УБИТ)

--- Состояние команд после хода ---
  Team A: живых 3/8
    ✓ Радиовышка A2      @ (4,7,5) hp=3/3
    ✓ Факел A4           @ (6,7,5) hp=6/6
    ✓ Тишина A5          @ (4,8,5) hp=2/2
    ✗ Артиллерия A1      @ (6,8,5) [уничтожен]
    ✗ Прыгун A3          @ (5,7,4) [уничтожен]
    ✗ Бурав A6           @ (5,8,5) [уничтожен]
    ✗ Провокатор A7      @ (1,8,5) [уничтожен]
    ✗ Паук A8            @ (8,8,5) [уничтожен]
  Team B: живых 7/8
    ✓ Артиллерия B1      @ (7,4,0) hp=1/1
    ✓ Радиовышка B2      @ (4,6,5) hp=3/3
    ✓ Прыгун B3          @ (4,7,2) hp=1/2
    ✓ Факел B4           @ (5,5,1) hp=6/6
    ✓ Бурав B6           @ (5,8,5) hp=4/4
    ✓ Провокатор B7      @ (7,3,0) hp=2/2
    ✓ Паук B8            @ (6,7,1) hp=1/1
    ✗ Тишина B5          @ (6,7,1) [уничтожен]
  Team C: живых 0/8
    ✗ Артиллерия C1      @ (5,7,4) [уничтожен]
    ✗ Радиовышка C2      @ (6,8,8) [уничтожен]
    ✗ Прыгун C3          @ (6,8,5) [уничтожен]
    ✗ Факел C4           @ (5,7,5) [уничтожен]
    ✗ Тишина C5          @ (5,8,5) [уничтожен]
    ✗ Бурав C6           @ (5,7,1) [уничтожен]
    ✗ Провокатор C7      @ (5,7,0) [уничтожен]
    ✗ Паук C8            @ (5,7,2) [уничтожен]

======================================================================
ХОД 7
======================================================================
✓ 🎮 GM: начинаем ход
GM: start_turn

--- Радиовышки: сканирование слоя Z ---
  Радиовышка A2 (z=5): видит 2 врагов  → Радиовышка B2(4,6,5), Бурав B6(5,8,5)
  Радиовышка B2 (z=5): видит 3 врагов  → Радиовышка A2(4,7,5), Тишина A5(4,8,5), Факел A4(6,7,5)

--- Решения ботов ---
  [Team A] Радиовышка A2 (4,7,5) → MOVE (4,6,5)
  [Team A] Факел A4 (6,7,5) → SHOOT at (6,7,1)
  [Team A] Тишина A5 (4,8,5) → MOVE (5,8,5)
  [Team B] Артиллерия B1 (7,4,0) → SHOOT at (4,8,5)
  [Team B] Радиовышка B2 (4,6,5) → MOVE (4,7,5)
  [Team B] Прыгун B3 (4,7,2) → SHOOT at (4,7,5)
  [Team B] Факел B4 (5,5,1) → HEAL (AoE)
  [Team B] Бурав B6 (5,8,5) → MOVE (6,7,5)
  [Team B] Провокатор B7 (7,3,0) → HOLOGRAM (6,4,1)
  [Team B] Паук B8 (6,7,1) → MINE (5,7,2)
  [Team C] все корабли пропускают ход
! 🎮 GM: принудительно завершает фазу планирования
GM: end_planning
# 
============================================================
# 🔄 ОБРАБОТКА ХОДА 7
# ============================================================
!    ⚠️ Провокатор B7: клетка (6,4,1) уже занята голограммой
!    ⚠️ Паук B8: в клетке уже стоит мина

📦 ПЕРЕМЕЩЕНИЯ:
!    ⚠️ Радиовышка A2: клетка (4,6,5) занята
!    ⚠️ Тишина A5: клетка (5,8,5) занята
!    ⚠️ Радиовышка B2: клетка (4,7,5) занята
✓    💥 Бурав B6 тараном уничтожил Факел A4 в (6,7,5)
   Бурав B6: (5, 8, 5) → (6,7,5)

🎯 ВЫСТРЕЛЫ:
✓    ✅ Артиллерия B1 поразил Тишина A5 (2 урона)!
✓    ✅ Прыгун B3 поразил Радиовышка A2 (1 урона)!
✓    💚 Факел B4 лечит Прыгун B3 → hits=0/2
   Выпущено ракет: 2
# 
📊 РЕЗУЛЬТАТЫ ХОДА 7:
✓ 💥 ПОПАДАНИЯ:
✓    Артиллерия B1 (Team B) → Тишина A5 (Team A)
✓    Прыгун B3 (Team B) → Радиовышка A2 (Team A)

--- Результаты хода ---
  Team B / Бурав B6           → Team A / Факел A4           @ (6,7,5)  (УБИТ)
  Team B / Артиллерия B1      → Team A / Тишина A5          @ (4,8,5)  (УБИТ)
  Team B / Прыгун B3          → Team A / Радиовышка A2      @ (4,7,5)  (ранен)

--- Состояние команд после хода ---
  Team A: живых 1/8
    ✓ Радиовышка A2      @ (4,7,5) hp=2/3
    ✗ Артиллерия A1      @ (6,8,5) [уничтожен]
    ✗ Прыгун A3          @ (5,7,4) [уничтожен]
    ✗ Факел A4           @ (6,7,5) [уничтожен]
    ✗ Тишина A5          @ (4,8,5) [уничтожен]
    ✗ Бурав A6           @ (5,8,5) [уничтожен]
    ✗ Провокатор A7      @ (1,8,5) [уничтожен]
    ✗ Паук A8            @ (8,8,5) [уничтожен]
  Team B: живых 7/8
    ✓ Артиллерия B1      @ (7,4,0) hp=1/1
    ✓ Радиовышка B2      @ (4,6,5) hp=3/3
    ✓ Прыгун B3          @ (4,7,2) hp=2/2
    ✓ Факел B4           @ (5,5,1) hp=6/6
    ✓ Бурав B6           @ (6,7,5) hp=4/4
    ✓ Провокатор B7      @ (7,3,0) hp=2/2
    ✓ Паук B8            @ (6,7,1) hp=1/1
    ✗ Тишина B5          @ (6,7,1) [уничтожен]
  Team C: живых 0/8
    ✗ Артиллерия C1      @ (5,7,4) [уничтожен]
    ✗ Радиовышка C2      @ (6,8,8) [уничтожен]
    ✗ Прыгун C3          @ (6,8,5) [уничтожен]
    ✗ Факел C4           @ (5,7,5) [уничтожен]
    ✗ Тишина C5          @ (5,8,5) [уничтожен]
    ✗ Бурав C6           @ (5,7,1) [уничтожен]
    ✗ Провокатор C7      @ (5,7,0) [уничтожен]
    ✗ Паук C8            @ (5,7,2) [уничтожен]

======================================================================
ХОД 8
======================================================================
✓ 🎮 GM: начинаем ход
GM: start_turn

--- Радиовышки: сканирование слоя Z ---
  Радиовышка A2 (z=5): видит 2 врагов [+2 эксклюзивно] → Радиовышка B2(4,6,5), Бурав B6(6,7,5)
  Радиовышка B2 (z=5): видит 1 врагов  → Радиовышка A2(4,7,5)

--- Решения ботов ---
  [Team A] Радиовышка A2 (4,7,5) → MOVE (4,6,5)
  [Team B] Артиллерия B1 (7,4,0) → SHOOT at (4,7,5)
  [Team B] Радиовышка B2 (4,6,5) → MOVE (4,7,5)
  [Team B] Прыгун B3 (4,7,2) → SHOOT at (4,7,5)
  [Team B] Факел B4 (5,5,1) → MOVE (6,4,0)
  [Team B] Бурав B6 (6,7,5) → MOVE (5,7,5)
  [Team B] Провокатор B7 (7,3,0) → HOLOGRAM (6,4,1)
  [Team B] Паук B8 (6,7,1) → MINE (5,7,2)
  [Team C] все корабли пропускают ход
! 🎮 GM: принудительно завершает фазу планирования
GM: end_planning
# 
============================================================
# 🔄 ОБРАБОТКА ХОДА 8
# ============================================================
!    ⚠️ Провокатор B7: клетка (6,4,1) уже занята голограммой
!    ⚠️ Паук B8: в клетке уже стоит мина

📦 ПЕРЕМЕЩЕНИЯ:
!    ⚠️ Радиовышка A2: клетка (4,6,5) занята
!    ⚠️ Радиовышка B2: клетка (4,7,5) занята
   Факел B4: (5, 5, 1) → (6,4,0)
   Бурав B6: (6, 7, 5) → (5,7,5)

🎯 ВЫСТРЕЛЫ:
✓    ✅ Артиллерия B1 поразил Радиовышка A2 (2 урона)!
   💀 Прыгун B3 добивает Радиовышка A2
✓    ✅ Прыгун B3 поразил Радиовышка A2 (1 урона)!
   Выпущено ракет: 2
# 
📊 РЕЗУЛЬТАТЫ ХОДА 8:
✓ 💥 ПОПАДАНИЯ:
✓    Артиллерия B1 (Team B) → Радиовышка A2 (Team A)
✓    Прыгун B3 (Team B) → Радиовышка A2 (Team A)
# 
🎮🎮🎮🎮🎮🎮🎮🎮🎮🎮🎮🎮🎮🎮🎮🎮🎮🎮🎮🎮
#         ИГРА ОКОНЧЕНА!
# 🎮🎮🎮🎮🎮🎮🎮🎮🎮🎮🎮🎮🎮🎮🎮🎮🎮🎮🎮🎮
✓         🏆 ПОБЕДИТЕЛЬ: Team B

--- Результаты хода ---
  Team B / Артиллерия B1      → Team A / Радиовышка A2      @ (4,7,5)  (УБИТ)
  Team B / Прыгун B3          → Team A / Радиовышка A2      @ (4,7,5)  (ранен)

--- Состояние команд после хода ---
  Team A: живых 0/8
    ✗ Артиллерия A1      @ (6,8,5) [уничтожен]
    ✗ Радиовышка A2      @ (4,7,5) [уничтожен]
    ✗ Прыгун A3          @ (5,7,4) [уничтожен]
    ✗ Факел A4           @ (6,7,5) [уничтожен]
    ✗ Тишина A5          @ (4,8,5) [уничтожен]
    ✗ Бурав A6           @ (5,8,5) [уничтожен]
    ✗ Провокатор A7      @ (1,8,5) [уничтожен]
    ✗ Паук A8            @ (8,8,5) [уничтожен]
  Team B: живых 7/8
    ✓ Артиллерия B1      @ (7,4,0) hp=1/1
    ✓ Радиовышка B2      @ (4,6,5) hp=3/3
    ✓ Прыгун B3          @ (4,7,2) hp=2/2
    ✓ Факел B4           @ (6,4,0) hp=6/6
    ✓ Бурав B6           @ (5,7,5) hp=4/4
    ✓ Провокатор B7      @ (7,3,0) hp=2/2
    ✓ Паук B8            @ (6,7,1) hp=1/1
    ✗ Тишина B5          @ (6,7,1) [уничтожен]
  Team C: живых 0/8
    ✗ Артиллерия C1      @ (5,7,4) [уничтожен]
    ✗ Радиовышка C2      @ (6,8,8) [уничтожен]
    ✗ Прыгун C3          @ (6,8,5) [уничтожен]
    ✗ Факел C4           @ (5,7,5) [уничтожен]
    ✗ Тишина C5          @ (5,8,5) [уничтожен]
    ✗ Бурав C6           @ (5,7,1) [уничтожен]
    ✗ Провокатор C7      @ (5,7,0) [уничтожен]
    ✗ Паук C8            @ (5,7,2) [уничтожен]

======================================================================
ИТОГ
======================================================================
Игра окончена. Победитель: Team B
Ходов сыграно: 8

--- Сводка по командам ---
  Team A: 0/8 живых; hp=0
  Team B: 7/8 живых; hp=19
  Team C: 0/8 живых; hp=0

--- Сводка по пассивкам радиовышек ---
  Team A: сканирований=8, всего врагов-в-слоях=14, уникальных эксклюзивных (видны только радиовышкой)=2
  Team B: сканирований=8, всего врагов-в-слоях=10, уникальных эксклюзивных (видны только радиовышкой)=0
  Team C: сканирований=2, всего врагов-в-слоях=0, уникальных эксклюзивных (видны только радиовышкой)=0

--- Сводка по попаданиям ---
  Всего событий (шоты+тараны+мины): 22
  Уничтожено кораблей всего: 17
  Team A: урон=8 хиты=0 тараны=4 мины(сработало)=0 убийств=4
  Team B: урон=39 хиты=10 тараны=5 мины(сработало)=0 убийств=11
  Team C: урон=4 хиты=1 тараны=1 мины(сработало)=1 убийств=2
! 🎮 GM: остановка игры
