======================================================================
Space Battle 10×10×10 — simulation run at 2026-04-20T13:44:08+00:00
Game mode: advanced
Seed: 146
✓ 🚀 Продвинутый режим: создаю разные типы кораблей
   Команда A: спавн вдоль оси X от (5, 2, 9) до (6, 2, 9)
   Команда B: спавн вдоль оси X от (8, 6, 4) до (3, 6, 4)
   Команда C: спавн вдоль оси Y от (0, 2, 6) до (0, 5, 6)
✓ ✅ Создано 24 кораблей


--- СТАРТОВАЯ РАССТАНОВКА ---
  Team A: живых 8/8
    ✓ Артиллерия A1      @ (5,2,9) hp=1/1
    ✓ Радиовышка A2      @ (1,2,9) hp=3/3
    ✓ Прыгун A3          @ (2,2,9) hp=2/2
    ✓ Факел A4           @ (4,2,9) hp=6/6
    ✓ Тишина A5          @ (7,2,9) hp=2/2
    ✓ Бурав A6           @ (0,2,9) hp=4/4
    ✓ Провокатор A7      @ (9,2,9) hp=2/2
    ✓ Паук A8            @ (6,2,9) hp=1/1
  Team B: живых 8/8
    ✓ Артиллерия B1      @ (8,6,4) hp=1/1
    ✓ Радиовышка B2      @ (6,6,4) hp=3/3
    ✓ Прыгун B3          @ (2,6,4) hp=2/2
    ✓ Факел B4           @ (7,6,4) hp=6/6
    ✓ Тишина B5          @ (9,6,4) hp=2/2
    ✓ Бурав B6           @ (0,6,4) hp=4/4
    ✓ Провокатор B7      @ (4,6,4) hp=2/2
    ✓ Паук B8            @ (3,6,4) hp=1/1
  Team C: живых 8/8
    ✓ Артиллерия C1      @ (0,2,6) hp=1/1
    ✓ Радиовышка C2      @ (0,7,6) hp=3/3
    ✓ Прыгун C3          @ (0,3,6) hp=2/2
    ✓ Факел C4           @ (0,8,6) hp=6/6
    ✓ Тишина C5          @ (0,4,6) hp=2/2
    ✓ Бурав C6           @ (0,1,6) hp=4/4
    ✓ Провокатор C7      @ (0,6,6) hp=2/2
    ✓ Паук C8            @ (0,5,6) hp=1/1

======================================================================
ХОД 1
======================================================================
✓ 🎮 GM: начинаем ход
GM: start_turn

--- Радиовышки: сканирование слоя Z ---
  Радиовышка A2 (z=9): слой чист
  Радиовышка B2 (z=4): слой чист
  Радиовышка C2 (z=6): слой чист

--- Решения ботов ---
  [Team A] Артиллерия A1 (5,2,9) → SHOOT at (0,2,6)
  [Team A] Радиовышка A2 (1,2,9) → MOVE (0,2,8)
  [Team A] Прыгун A3 (2,2,9) → MOVE (1,2,8)
  [Team A] Тишина A5 (7,2,9) → PHASE toggle
  [Team A] Бурав A6 (0,2,9) → MOVE (0,2,6)
  [Team A] Провокатор A7 (9,2,9) → MOVE (8,2,8)
  [Team A] Паук A8 (6,2,9) → MOVE (5,2,8)
  [Team A] Факел A4 → SKIP
  [Team B] Артиллерия B1 (8,6,4) → SHOOT at (0,2,6)
  [Team B] Радиовышка B2 (6,6,4) → MOVE (5,5,5)
  [Team B] Прыгун B3 (2,6,4) → MOVE (0,8,6)
  [Team B] Тишина B5 (9,6,4) → PHASE toggle
  [Team B] Бурав B6 (0,6,4) → MOVE (0,6,6)
  [Team B] Провокатор B7 (4,6,4) → HOLOGRAM (3,5,5)
  [Team B] Паук B8 (3,6,4) → MINE (2,7,5)
  [Team B] Факел B4 → SKIP
  [Team C] Артиллерия C1 (0,2,6) → SHOOT at (2,2,9)
  [Team C] Радиовышка C2 (0,7,6) → MOVE (1,6,5)
  [Team C] Прыгун C3 (0,3,6) → MOVE (1,2,7)
  [Team C] Тишина C5 (0,4,6) → PHASE toggle
  [Team C] Бурав C6 (0,1,6) → MOVE (0,2,7)
  [Team C] Провокатор C7 (0,6,6) → HOLOGRAM (1,6,6)
  [Team C] Паук C8 (0,5,6) → MINE (1,5,5)
  [Team C] Факел C4 → SKIP
! 🎮 GM: принудительно завершает фазу планирования
GM: end_planning
# 
============================================================
# 🔄 ОБРАБОТКА ХОДА 1
# ============================================================
   🌀 Тишина A5: уходит в фазу на 1 ход
   🌀 Тишина B5: уходит в фазу на 1 ход
   🌀 Тишина C5: уходит в фазу на 1 ход
   🪞 Провокатор B7 создал голограмму H1 в (3,5,5)
   🪞 Провокатор C7 создал голограмму H2 в (1,6,6)
   💣 Паук B8 установил мину M1 в (2,7,5)
   💣 Паук C8 установил мину M2 в (1,5,5)

📦 ПЕРЕМЕЩЕНИЯ:
   Радиовышка A2: (1, 2, 9) → (0,2,8)
   Прыгун A3: (2, 2, 9) → (1,2,8)
✓    💥 Бурав A6 тараном уничтожил Артиллерия C1 в (0,2,6)
   Бурав A6: (0, 2, 9) → (0,2,6)
   Провокатор A7: (9, 2, 9) → (8,2,8)
   Паук A8: (6, 2, 9) → (5,2,8)
   Радиовышка B2: (6, 6, 4) → (5,5,5)
✓    💥 Прыгун B3 тараном уничтожил Факел C4 в (0,8,6)
   Прыгун B3: (2, 6, 4) → (0,8,6)
✓    💥 Бурав B6 тараном уничтожил Провокатор C7 в (0,6,6)
   Бурав B6: (0, 6, 4) → (0,6,6)
   Радиовышка C2: (0, 7, 6) → (1,6,5)
   Прыгун C3: (0, 3, 6) → (1,2,7)
   Бурав C6: (0, 1, 6) → (0,2,7)

🎯 ВЫСТРЕЛЫ:
✓    ✅ Артиллерия B1 поразил Бурав A6 (2 урона)!
   Выпущено ракет: 2
# 
📊 РЕЗУЛЬТАТЫ ХОДА 1:
✓ 💥 ПОПАДАНИЯ:
✓    Артиллерия B1 (Team B) → Бурав A6 (Team A)

--- Результаты хода ---
  Team A / Бурав A6           → Team C / Артиллерия C1      @ (0,2,6)  (УБИТ)
  Team B / Прыгун B3          → Team C / Факел C4           @ (0,8,6)  (УБИТ)
  Team B / Бурав B6           → Team C / Провокатор C7      @ (0,6,6)  (УБИТ)
  Team B / Артиллерия B1      → Team A / Бурав A6           @ (0,2,6)  (ранен)

--- Состояние команд после хода ---
  Team A: живых 8/8
    ✓ Артиллерия A1      @ (5,2,9) hp=1/1
    ✓ Радиовышка A2      @ (0,2,8) hp=3/3
    ✓ Прыгун A3          @ (1,2,8) hp=2/2
    ✓ Факел A4           @ (4,2,9) hp=6/6
    ✓ Тишина A5          @ (7,2,9) hp=2/2
    ✓ Бурав A6           @ (0,2,6) hp=2/4
    ✓ Провокатор A7      @ (8,2,8) hp=2/2
    ✓ Паук A8            @ (5,2,8) hp=1/1
  Team B: живых 8/8
    ✓ Артиллерия B1      @ (8,6,4) hp=1/1
    ✓ Радиовышка B2      @ (5,5,5) hp=3/3
    ✓ Прыгун B3          @ (0,8,6) hp=2/2
    ✓ Факел B4           @ (7,6,4) hp=6/6
    ✓ Тишина B5          @ (9,6,4) hp=2/2
    ✓ Бурав B6           @ (0,6,6) hp=4/4
    ✓ Провокатор B7      @ (4,6,4) hp=2/2
    ✓ Паук B8            @ (3,6,4) hp=1/1
  Team C: живых 5/8
    ✓ Радиовышка C2      @ (1,6,5) hp=3/3
    ✓ Прыгун C3          @ (1,2,7) hp=2/2
    ✓ Тишина C5          @ (0,4,6) hp=2/2
    ✓ Бурав C6           @ (0,2,7) hp=4/4
    ✓ Паук C8            @ (0,5,6) hp=1/1
    ✗ Артиллерия C1      @ (0,2,6) [уничтожен]
    ✗ Факел C4           @ (0,8,6) [уничтожен]
    ✗ Провокатор C7      @ (0,6,6) [уничтожен]

======================================================================
ХОД 2
======================================================================
✓ 🎮 GM: начинаем ход
GM: start_turn

--- Радиовышки: сканирование слоя Z ---
  Радиовышка A2 (z=8): слой чист
  Радиовышка B2 (z=5): видит 1 врагов  → Радиовышка C2(1,6,5)
  Радиовышка C2 (z=5): видит 1 врагов  → Радиовышка B2(5,5,5)

--- Решения ботов ---
  [Team A] Артиллерия A1 (5,2,9) → SHOOT at (8,6,4)
  [Team A] Радиовышка A2 (0,2,8) → MOVE (1,2,7)
  [Team A] Прыгун A3 (1,2,8) → MOVE (0,2,7)
  [Team A] Факел A4 (4,2,9) → MOVE (3,2,8)
  [Team A] Тишина A5 (7,2,9) → MOVE (6,3,8)
  [Team A] Бурав A6 (0,2,6) → MOVE (0,5,6)
  [Team A] Провокатор A7 (8,2,8) → HOLOGRAM (7,3,7)
  [Team A] Паук A8 (5,2,8) → MINE (5,3,7)
  [Team B] Артиллерия B1 (8,6,4) → SHOOT at (5,2,9)
  [Team B] Радиовышка B2 (5,5,5) → MOVE (6,4,6)
  [Team B] Прыгун B3 (0,8,6) → MOVE (1,6,5)
  [Team B] Факел B4 (7,6,4) → MOVE (7,5,4)
  [Team B] Тишина B5 (9,6,4) → MOVE (8,5,5)
  [Team B] Бурав B6 (0,6,6) → MOVE (0,5,6)
  [Team B] Провокатор B7 (4,6,4) → HOLOGRAM (3,6,5)
  [Team B] Паук B8 (3,6,4) → MINE (2,6,5)
  [Team C] Радиовышка C2 (1,6,5) → MOVE (0,6,6)
  [Team C] Прыгун C3 (1,2,7) → MOVE (1,2,8)
  [Team C] Тишина C5 (0,4,6) → MOVE (0,3,7)
  [Team C] Бурав C6 (0,2,7) → MOVE (0,2,8)
  [Team C] Паук C8 → SKIP
! 🎮 GM: принудительно завершает фазу планирования
GM: end_planning
# 
============================================================
# 🔄 ОБРАБОТКА ХОДА 2
# ============================================================
   🌀 Тишина A5: фаза спала (действовала 1 ход)
   🌀 Тишина B5: фаза спала (действовала 1 ход)
   🌀 Тишина C5: фаза спала (действовала 1 ход)
   🪞 Провокатор A7 создал голограмму H3 в (7,3,7)
   🪞 Провокатор B7 создал голограмму H4 в (3,6,5)
   💣 Паук A8 установил мину M3 в (5,3,7)
   💣 Паук B8 установил мину M4 в (2,6,5)

📦 ПЕРЕМЕЩЕНИЯ:
!    ⚠️ Радиовышка A2: клетка (1,2,7) занята
✓    💥 Прыгун A3 тараном уничтожил Бурав C6 в (0,2,7)
   Прыгун A3: (1, 2, 8) → (0,2,7)
   Факел A4: (4, 2, 9) → (3,2,8)
   Тишина A5: (7, 2, 9) → (6,3,8)
✓    💥 Бурав A6 тараном уничтожил Паук C8 в (0,5,6)
   Бурав A6: (0, 2, 6) → (0,5,6)
   Радиовышка B2: (5, 5, 5) → (6,4,6)
✓    💥 Прыгун B3 тараном уничтожил Радиовышка C2 в (1,6,5)
   Прыгун B3: (0, 8, 6) → (1,6,5)
   Факел B4: (7, 6, 4) → (7,5,4)
   Тишина B5: (9, 6, 4) → (8,5,5)
✓    💥 Бурав B6 тараном уничтожил Бурав A6 в (0,5,6)
   Бурав B6: (0, 6, 6) → (0,5,6)
   Прыгун C3: (1, 2, 7) → (1,2,8)
   Тишина C5: (0, 4, 6) → (0,3,7)

🎯 ВЫСТРЕЛЫ:
✓    ✅ Артиллерия A1 поразил Артиллерия B1 (2 урона)!
✓    ✅ Артиллерия B1 поразил Артиллерия A1 (2 урона)!
   Выпущено ракет: 2
# 
📊 РЕЗУЛЬТАТЫ ХОДА 2:
✓ 💥 ПОПАДАНИЯ:
✓    Артиллерия A1 (Team A) → Артиллерия B1 (Team B)
✓    Артиллерия B1 (Team B) → Артиллерия A1 (Team A)

--- Результаты хода ---
  Team A / Прыгун A3          → Team C / Бурав C6           @ (0,2,7)  (УБИТ)
  Team A / Бурав A6           → Team C / Паук C8            @ (0,5,6)  (УБИТ)
  Team B / Прыгун B3          → Team C / Радиовышка C2      @ (1,6,5)  (УБИТ)
  Team B / Бурав B6           → Team A / Бурав A6           @ (0,5,6)  (УБИТ)
  Team A / Артиллерия A1      → Team B / Артиллерия B1      @ (8,6,4)  (УБИТ)
  Team B / Артиллерия B1      → Team A / Артиллерия A1      @ (5,2,9)  (УБИТ)

--- Состояние команд после хода ---
  Team A: живых 6/8
    ✓ Радиовышка A2      @ (0,2,8) hp=3/3
    ✓ Прыгун A3          @ (0,2,7) hp=2/2
    ✓ Факел A4           @ (3,2,8) hp=6/6
    ✓ Тишина A5          @ (6,3,8) hp=2/2
    ✓ Провокатор A7      @ (8,2,8) hp=2/2
    ✓ Паук A8            @ (5,2,8) hp=1/1
    ✗ Артиллерия A1      @ (5,2,9) [уничтожен]
    ✗ Бурав A6           @ (0,5,6) [уничтожен]
  Team B: живых 7/8
    ✓ Радиовышка B2      @ (6,4,6) hp=3/3
    ✓ Прыгун B3          @ (1,6,5) hp=2/2
    ✓ Факел B4           @ (7,5,4) hp=6/6
    ✓ Тишина B5          @ (8,5,5) hp=2/2
    ✓ Бурав B6           @ (0,5,6) hp=4/4
    ✓ Провокатор B7      @ (4,6,4) hp=2/2
    ✓ Паук B8            @ (3,6,4) hp=1/1
    ✗ Артиллерия B1      @ (8,6,4) [уничтожен]
  Team C: живых 2/8
    ✓ Прыгун C3          @ (1,2,8) hp=2/2
    ✓ Тишина C5          @ (0,3,7) hp=2/2
    ✗ Артиллерия C1      @ (0,2,6) [уничтожен]
    ✗ Радиовышка C2      @ (1,6,5) [уничтожен]
    ✗ Факел C4           @ (0,8,6) [уничтожен]
    ✗ Бурав C6           @ (0,2,7) [уничтожен]
    ✗ Провокатор C7      @ (0,6,6) [уничтожен]
    ✗ Паук C8            @ (0,5,6) [уничтожен]

======================================================================
ХОД 3
======================================================================
✓ 🎮 GM: начинаем ход
GM: start_turn

--- Радиовышки: сканирование слоя Z ---
  Радиовышка A2 (z=8): видит 1 врагов  → Прыгун C3(1,2,8)
  Радиовышка B2 (z=6): слой чист

--- Решения ботов ---
  [Team A] Радиовышка A2 (0,2,8) → MOVE (1,2,8)
  [Team A] Прыгун A3 (0,2,7) → MOVE (0,3,7)
  [Team A] Факел A4 (3,2,8) → SHOOT at (1,2,8)
  [Team A] Тишина A5 (6,3,8) → MOVE (6,4,7)
  [Team A] Провокатор A7 (8,2,8) → HOLOGRAM (7,3,7)
  [Team A] Паук A8 (5,2,8) → MINE (6,3,7)
  [Team B] Радиовышка B2 (6,4,6) → MOVE (6,3,7)
  [Team B] Прыгун B3 (1,6,5) → MOVE (0,6,6)
  [Team B] Факел B4 (7,5,4) → MOVE (6,5,5)
  [Team B] Тишина B5 (8,5,5) → MOVE (7,4,6)
  [Team B] Бурав B6 (0,5,6) → MOVE (0,4,7)
  [Team B] Провокатор B7 (4,6,4) → HOLOGRAM (3,5,5)
  [Team B] Паук B8 (3,6,4) → MINE (2,5,5)
  [Team C] Прыгун C3 (1,2,8) → MOVE (3,2,8)
  [Team C] Тишина C5 (0,3,7) → MOVE (0,2,8)
! 🎮 GM: принудительно завершает фазу планирования
GM: end_planning
# 
============================================================
# 🔄 ОБРАБОТКА ХОДА 3
# ============================================================
!    ⚠️ Провокатор A7: клетка (7,3,7) уже занята голограммой
!    ⚠️ Провокатор B7: клетка (3,5,5) уже занята голограммой
   💣 Паук A8 установил мину M5 в (6,3,7)
   💣 Паук B8 установил мину M6 в (2,5,5)

📦 ПЕРЕМЕЩЕНИЯ:
!    ⚠️ Радиовышка A2: клетка (1,2,8) занята
✓    💥 Прыгун A3 тараном уничтожил Тишина C5 в (0,3,7)
   Прыгун A3: (0, 2, 7) → (0,3,7)
   Тишина A5: (6, 3, 8) → (6,4,7)
   Радиовышка B2: (6, 4, 6) → (6,3,7)
!    💥 Мина M5 сработала под Радиовышка B2 (урон 2)
   Прыгун B3: (1, 6, 5) → (0,6,6)
   Факел B4: (7, 5, 4) → (6,5,5)
   Тишина B5: (8, 5, 5) → (7,4,6)
   Бурав B6: (0, 5, 6) → (0,4,7)
✓    💥 Прыгун C3 тараном уничтожил Факел A4 в (3,2,8)
   Прыгун C3: (1, 2, 8) → (3,2,8)

🎯 ВЫСТРЕЛЫ:
   Выпущено ракет: 0
# 
📊 РЕЗУЛЬТАТЫ ХОДА 3:
🎯 Попаданий нет

--- Результаты хода ---
  Team A / Прыгун A3          → Team C / Тишина C5          @ (0,3,7)  (УБИТ)
  ? / ?                  → Team B / Радиовышка B2      @ (6,3,7)  (ранен)
  Team C / Прыгун C3          → Team A / Факел A4           @ (3,2,8)  (УБИТ)

--- Состояние команд после хода ---
  Team A: живых 5/8
    ✓ Радиовышка A2      @ (0,2,8) hp=3/3
    ✓ Прыгун A3          @ (0,3,7) hp=2/2
    ✓ Тишина A5          @ (6,4,7) hp=2/2
    ✓ Провокатор A7      @ (8,2,8) hp=2/2
    ✓ Паук A8            @ (5,2,8) hp=1/1
    ✗ Артиллерия A1      @ (5,2,9) [уничтожен]
    ✗ Факел A4           @ (3,2,8) [уничтожен]
    ✗ Бурав A6           @ (0,5,6) [уничтожен]
  Team B: живых 7/8
    ✓ Радиовышка B2      @ (6,3,7) hp=1/3
    ✓ Прыгун B3          @ (0,6,6) hp=2/2
    ✓ Факел B4           @ (6,5,5) hp=6/6
    ✓ Тишина B5          @ (7,4,6) hp=2/2
    ✓ Бурав B6           @ (0,4,7) hp=4/4
    ✓ Провокатор B7      @ (4,6,4) hp=2/2
    ✓ Паук B8            @ (3,6,4) hp=1/1
    ✗ Артиллерия B1      @ (8,6,4) [уничтожен]
  Team C: живых 1/8
    ✓ Прыгун C3          @ (3,2,8) hp=2/2
    ✗ Артиллерия C1      @ (0,2,6) [уничтожен]
    ✗ Радиовышка C2      @ (1,6,5) [уничтожен]
    ✗ Факел C4           @ (0,8,6) [уничтожен]
    ✗ Тишина C5          @ (0,3,7) [уничтожен]
    ✗ Бурав C6           @ (0,2,7) [уничтожен]
    ✗ Провокатор C7      @ (0,6,6) [уничтожен]
    ✗ Паук C8            @ (0,5,6) [уничтожен]

======================================================================
ХОД 4
======================================================================
✓ 🎮 GM: начинаем ход
GM: start_turn

--- Радиовышки: сканирование слоя Z ---
  Радиовышка A2 (z=8): видит 1 врагов  → Прыгун C3(3,2,8)
  Радиовышка B2 (z=7): видит 2 врагов  → Прыгун A3(0,3,7), Тишина A5(6,4,7)

--- Решения ботов ---
  [Team A] Радиовышка A2 (0,2,8) → MOVE (0,2,7)
  [Team A] Прыгун A3 (0,3,7) → MOVE (0,4,7)
  [Team A] Тишина A5 (6,4,7) → MOVE (6,3,7)
  [Team A] Провокатор A7 (8,2,8) → HOLOGRAM (7,3,7)
  [Team A] Паук A8 (5,2,8) → MINE (4,2,8)
  [Team B] Радиовышка B2 (6,3,7) → MOVE (6,4,7)
  [Team B] Прыгун B3 (0,6,6) → MOVE (0,5,7)
  [Team B] Факел B4 (6,5,5) → HEAL (AoE)
  [Team B] Тишина B5 (7,4,6) → MOVE (6,4,6)
  [Team B] Бурав B6 (0,4,7) → MOVE (0,3,7)
  [Team B] Провокатор B7 (4,6,4) → HOLOGRAM (5,5,5)
  [Team B] Паук B8 (3,6,4) → MINE (2,5,5)
  [Team C] Прыгун C3 (3,2,8) → MOVE (5,2,8)
! 🎮 GM: принудительно завершает фазу планирования
GM: end_planning
# 
============================================================
# 🔄 ОБРАБОТКА ХОДА 4
# ============================================================
!    ⚠️ Провокатор A7: клетка (7,3,7) уже занята голограммой
   🪞 Провокатор B7 создал голограмму H5 в (5,5,5)
   💣 Паук A8 установил мину M7 в (4,2,8)
!    ⚠️ Паук B8: в клетке уже стоит мина

📦 ПЕРЕМЕЩЕНИЯ:
   Радиовышка A2: (0, 2, 8) → (0,2,7)
✓    💥 Прыгун A3 тараном уничтожил Бурав B6 в (0,4,7)
   Прыгун A3: (0, 3, 7) → (0,4,7)
!    ⚠️ Тишина A5: клетка (6,3,7) занята
!    ⚠️ Радиовышка B2: клетка (6,4,7) занята
   Прыгун B3: (0, 6, 6) → (0,5,7)
   Тишина B5: (7, 4, 6) → (6,4,6)
✓    💥 Прыгун C3 тараном уничтожил Паук A8 в (5,2,8)
   Прыгун C3: (3, 2, 8) → (5,2,8)

🎯 ВЫСТРЕЛЫ:
✓    💚 Факел B4 лечит Радиовышка B2 → hits=1/3
   Выпущено ракет: 0
# 
📊 РЕЗУЛЬТАТЫ ХОДА 4:
🎯 Попаданий нет

--- Результаты хода ---
  Team A / Прыгун A3          → Team B / Бурав B6           @ (0,4,7)  (УБИТ)
  Team C / Прыгун C3          → Team A / Паук A8            @ (5,2,8)  (УБИТ)

--- Состояние команд после хода ---
  Team A: живых 4/8
    ✓ Радиовышка A2      @ (0,2,7) hp=3/3
    ✓ Прыгун A3          @ (0,4,7) hp=2/2
    ✓ Тишина A5          @ (6,4,7) hp=2/2
    ✓ Провокатор A7      @ (8,2,8) hp=2/2
    ✗ Артиллерия A1      @ (5,2,9) [уничтожен]
    ✗ Факел A4           @ (3,2,8) [уничтожен]
    ✗ Бурав A6           @ (0,5,6) [уничтожен]
    ✗ Паук A8            @ (5,2,8) [уничтожен]
  Team B: живых 6/8
    ✓ Радиовышка B2      @ (6,3,7) hp=2/3
    ✓ Прыгун B3          @ (0,5,7) hp=2/2
    ✓ Факел B4           @ (6,5,5) hp=6/6
    ✓ Тишина B5          @ (6,4,6) hp=2/2
    ✓ Провокатор B7      @ (4,6,4) hp=2/2
    ✓ Паук B8            @ (3,6,4) hp=1/1
    ✗ Артиллерия B1      @ (8,6,4) [уничтожен]
    ✗ Бурав B6           @ (0,4,7) [уничтожен]
  Team C: живых 1/8
    ✓ Прыгун C3          @ (5,2,8) hp=2/2
    ✗ Артиллерия C1      @ (0,2,6) [уничтожен]
    ✗ Радиовышка C2      @ (1,6,5) [уничтожен]
    ✗ Факел C4           @ (0,8,6) [уничтожен]
    ✗ Тишина C5          @ (0,3,7) [уничтожен]
    ✗ Бурав C6           @ (0,2,7) [уничтожен]
    ✗ Провокатор C7      @ (0,6,6) [уничтожен]
    ✗ Паук C8            @ (0,5,6) [уничтожен]

======================================================================
ХОД 5
======================================================================
✓ 🎮 GM: начинаем ход
GM: start_turn

--- Радиовышки: сканирование слоя Z ---
  Радиовышка A2 (z=7): видит 2 врагов  → Прыгун B3(0,5,7), Радиовышка B2(6,3,7)
  Радиовышка B2 (z=7): видит 3 врагов  → Радиовышка A2(0,2,7), Прыгун A3(0,4,7), Тишина A5(6,4,7)

--- Решения ботов ---
  [Team A] Радиовышка A2 (0,2,7) → MOVE (0,3,7)
  [Team A] Прыгун A3 (0,4,7) → MOVE (0,5,7)
  [Team A] Тишина A5 (6,4,7) → PHASE toggle
  [Team A] Провокатор A7 (8,2,8) → HOLOGRAM (7,3,7)
  [Team B] Радиовышка B2 (6,3,7) → MOVE (6,4,7)
  [Team B] Прыгун B3 (0,5,7) → MOVE (0,4,7)
  [Team B] Факел B4 (6,5,5) → HEAL (AoE)
  [Team B] Тишина B5 (6,4,6) → PHASE toggle
  [Team B] Провокатор B7 (4,6,4) → HOLOGRAM (5,5,5)
  [Team B] Паук B8 (3,6,4) → MINE (2,5,5)
  [Team C] Прыгун C3 (5,2,8) → MOVE (6,3,7)
! 🎮 GM: принудительно завершает фазу планирования
GM: end_planning
# 
============================================================
# 🔄 ОБРАБОТКА ХОДА 5
# ============================================================
   🌀 Тишина A5: уходит в фазу на 1 ход
   🌀 Тишина B5: уходит в фазу на 1 ход
!    ⚠️ Провокатор A7: клетка (7,3,7) уже занята голограммой
!    ⚠️ Провокатор B7: клетка (5,5,5) уже занята голограммой
!    ⚠️ Паук B8: в клетке уже стоит мина

📦 ПЕРЕМЕЩЕНИЯ:
   Радиовышка A2: (0, 2, 7) → (0,3,7)
✓    💥 Прыгун A3 тараном уничтожил Прыгун B3 в (0,5,7)
   Прыгун A3: (0, 4, 7) → (0,5,7)
   Радиовышка B2: (6, 3, 7) → (6,4,7)
   Прыгун C3: (5, 2, 8) → (6,3,7)

🎯 ВЫСТРЕЛЫ:
✓    💚 Факел B4 лечит Радиовышка B2 → hits=0/3
   Выпущено ракет: 0
# 
📊 РЕЗУЛЬТАТЫ ХОДА 5:
🎯 Попаданий нет

--- Результаты хода ---
  Team A / Прыгун A3          → Team B / Прыгун B3          @ (0,5,7)  (УБИТ)

--- Состояние команд после хода ---
  Team A: живых 4/8
    ✓ Радиовышка A2      @ (0,3,7) hp=3/3
    ✓ Прыгун A3          @ (0,5,7) hp=2/2
    ✓ Тишина A5          @ (6,4,7) hp=2/2
    ✓ Провокатор A7      @ (8,2,8) hp=2/2
    ✗ Артиллерия A1      @ (5,2,9) [уничтожен]
    ✗ Факел A4           @ (3,2,8) [уничтожен]
    ✗ Бурав A6           @ (0,5,6) [уничтожен]
    ✗ Паук A8            @ (5,2,8) [уничтожен]
  Team B: живых 5/8
    ✓ Радиовышка B2      @ (6,4,7) hp=3/3
    ✓ Факел B4           @ (6,5,5) hp=6/6
    ✓ Тишина B5          @ (6,4,6) hp=2/2
    ✓ Провокатор B7      @ (4,6,4) hp=2/2
    ✓ Паук B8            @ (3,6,4) hp=1/1
    ✗ Артиллерия B1      @ (8,6,4) [уничтожен]
    ✗ Прыгун B3          @ (0,5,7) [уничтожен]
    ✗ Бурав B6           @ (0,4,7) [уничтожен]
  Team C: живых 1/8
    ✓ Прыгун C3          @ (6,3,7) hp=2/2
    ✗ Артиллерия C1      @ (0,2,6) [уничтожен]
    ✗ Радиовышка C2      @ (1,6,5) [уничтожен]
    ✗ Факел C4           @ (0,8,6) [уничтожен]
    ✗ Тишина C5          @ (0,3,7) [уничтожен]
    ✗ Бурав C6           @ (0,2,7) [уничтожен]
    ✗ Провокатор C7      @ (0,6,6) [уничтожен]
    ✗ Паук C8            @ (0,5,6) [уничтожен]

======================================================================
ХОД 6
======================================================================
✓ 🎮 GM: начинаем ход
GM: start_turn

--- Радиовышки: сканирование слоя Z ---
  Радиовышка A2 (z=7): видит 2 врагов  → Радиовышка B2(6,4,7), Прыгун C3(6,3,7)
  Радиовышка B2 (z=7): видит 3 врагов  → Радиовышка A2(0,3,7), Прыгун A3(0,5,7), Прыгун C3(6,3,7)

--- Решения ботов ---
  [Team A] Радиовышка A2 (0,3,7) → MOVE (1,4,6)
  [Team A] Прыгун A3 (0,5,7) → MOVE (1,6,6)
  [Team A] Провокатор A7 (8,2,8) → HOLOGRAM (7,3,7)
  [Team A] Тишина A5 → SKIP
  [Team B] Радиовышка B2 (6,4,7) → MOVE (6,3,7)
  [Team B] Факел B4 (6,5,5) → MOVE (5,4,5)
  [Team B] Тишина B5 (6,4,6) → MOVE (6,3,6)
  [Team B] Провокатор B7 (4,6,4) → HOLOGRAM (5,5,5)
  [Team B] Паук B8 (3,6,4) → MINE (2,5,5)
  [Team C] Прыгун C3 (6,3,7) → MOVE (6,5,5)
! 🎮 GM: принудительно завершает фазу планирования
GM: end_planning
# 
============================================================
# 🔄 ОБРАБОТКА ХОДА 6
# ============================================================
   🌀 Тишина A5: фаза спала (действовала 1 ход)
   🌀 Тишина B5: фаза спала (действовала 1 ход)
!    ⚠️ Провокатор A7: клетка (7,3,7) уже занята голограммой
!    ⚠️ Провокатор B7: клетка (5,5,5) уже занята голограммой
!    ⚠️ Паук B8: в клетке уже стоит мина

📦 ПЕРЕМЕЩЕНИЯ:
   Радиовышка A2: (0, 3, 7) → (1,4,6)
✓    💥 Прыгун A3 тараном сбросил голограмму H2
   Прыгун A3: (0, 5, 7) → (1,6,6)
!    ⚠️ Радиовышка B2: клетка (6,3,7) занята
   Факел B4: (6, 5, 5) → (5,4,5)
   Тишина B5: (6, 4, 6) → (6,3,6)
   Прыгун C3: (6, 3, 7) → (6,5,5)

🎯 ВЫСТРЕЛЫ:
   Выпущено ракет: 0
# 
📊 РЕЗУЛЬТАТЫ ХОДА 6:
🎯 Попаданий нет

--- Результаты хода ---
  Попаданий нет

--- Состояние команд после хода ---
  Team A: живых 4/8
    ✓ Радиовышка A2      @ (1,4,6) hp=3/3
    ✓ Прыгун A3          @ (1,6,6) hp=2/2
    ✓ Тишина A5          @ (6,4,7) hp=2/2
    ✓ Провокатор A7      @ (8,2,8) hp=2/2
    ✗ Артиллерия A1      @ (5,2,9) [уничтожен]
    ✗ Факел A4           @ (3,2,8) [уничтожен]
    ✗ Бурав A6           @ (0,5,6) [уничтожен]
    ✗ Паук A8            @ (5,2,8) [уничтожен]
  Team B: живых 5/8
    ✓ Радиовышка B2      @ (6,4,7) hp=3/3
    ✓ Факел B4           @ (5,4,5) hp=6/6
    ✓ Тишина B5          @ (6,3,6) hp=2/2
    ✓ Провокатор B7      @ (4,6,4) hp=2/2
    ✓ Паук B8            @ (3,6,4) hp=1/1
    ✗ Артиллерия B1      @ (8,6,4) [уничтожен]
    ✗ Прыгун B3          @ (0,5,7) [уничтожен]
    ✗ Бурав B6           @ (0,4,7) [уничтожен]
  Team C: живых 1/8
    ✓ Прыгун C3          @ (6,5,5) hp=2/2
    ✗ Артиллерия C1      @ (0,2,6) [уничтожен]
    ✗ Радиовышка C2      @ (1,6,5) [уничтожен]
    ✗ Факел C4           @ (0,8,6) [уничтожен]
    ✗ Тишина C5          @ (0,3,7) [уничтожен]
    ✗ Бурав C6           @ (0,2,7) [уничтожен]
    ✗ Провокатор C7      @ (0,6,6) [уничтожен]
    ✗ Паук C8            @ (0,5,6) [уничтожен]

======================================================================
ХОД 7
======================================================================
✓ 🎮 GM: начинаем ход
GM: start_turn

--- Радиовышки: сканирование слоя Z ---
  Радиовышка A2 (z=6): видит 1 врагов  → Тишина B5(6,3,6)
  Радиовышка B2 (z=7): видит 1 врагов  → Тишина A5(6,4,7)

--- Решения ботов ---
  [Team A] Радиовышка A2 (1,4,6) → MOVE (2,5,5)
  [Team A] Прыгун A3 (1,6,6) → MOVE (3,6,4)
  [Team A] Провокатор A7 (8,2,8) → HOLOGRAM (7,3,7)
  [Team A] Тишина A5 → SKIP
  [Team B] Тишина B5 (6,3,6) → MOVE (6,3,7)
  [Team B] Провокатор B7 (4,6,4) → HOLOGRAM (5,5,5)
  [Team B] Паук B8 (3,6,4) → MINE (2,5,5)
  [Team B] Факел B4 → SKIP
  [Team B] Радиовышка B2 → SKIP
  [Team C] Прыгун C3 (6,5,5) → MOVE (5,4,5)
! 🎮 GM: принудительно завершает фазу планирования
GM: end_planning
# 
============================================================
# 🔄 ОБРАБОТКА ХОДА 7
# ============================================================
!    ⚠️ Провокатор A7: клетка (7,3,7) уже занята голограммой
!    ⚠️ Провокатор B7: клетка (5,5,5) уже занята голограммой
!    ⚠️ Паук B8: в клетке уже стоит мина

📦 ПЕРЕМЕЩЕНИЯ:
   Радиовышка A2: (1, 4, 6) → (2,5,5)
!    💥 Мина M6 сработала под Радиовышка A2 (урон 2)
✓    💥 Прыгун A3 тараном уничтожил Паук B8 в (3,6,4)
   Прыгун A3: (1, 6, 6) → (3,6,4)
   Тишина B5: (6, 3, 6) → (6,3,7)
✓    💥 Прыгун C3 тараном уничтожил Факел B4 в (5,4,5)
   Прыгун C3: (6, 5, 5) → (5,4,5)

🎯 ВЫСТРЕЛЫ:
   Выпущено ракет: 0
# 
📊 РЕЗУЛЬТАТЫ ХОДА 7:
🎯 Попаданий нет

--- Результаты хода ---
  ? / ?                  → Team A / Радиовышка A2      @ (2,5,5)  (ранен)
  Team A / Прыгун A3          → Team B / Паук B8            @ (3,6,4)  (УБИТ)
  Team C / Прыгун C3          → Team B / Факел B4           @ (5,4,5)  (УБИТ)

--- Состояние команд после хода ---
  Team A: живых 4/8
    ✓ Радиовышка A2      @ (2,5,5) hp=1/3
    ✓ Прыгун A3          @ (3,6,4) hp=2/2
    ✓ Тишина A5          @ (6,4,7) hp=2/2
    ✓ Провокатор A7      @ (8,2,8) hp=2/2
    ✗ Артиллерия A1      @ (5,2,9) [уничтожен]
    ✗ Факел A4           @ (3,2,8) [уничтожен]
    ✗ Бурав A6           @ (0,5,6) [уничтожен]
    ✗ Паук A8            @ (5,2,8) [уничтожен]
  Team B: живых 3/8
    ✓ Радиовышка B2      @ (6,4,7) hp=3/3
    ✓ Тишина B5          @ (6,3,7) hp=2/2
    ✓ Провокатор B7      @ (4,6,4) hp=2/2
    ✗ Артиллерия B1      @ (8,6,4) [уничтожен]
    ✗ Прыгун B3          @ (0,5,7) [уничтожен]
    ✗ Факел B4           @ (5,4,5) [уничтожен]
    ✗ Бурав B6           @ (0,4,7) [уничтожен]
    ✗ Паук B8            @ (3,6,4) [уничтожен]
  Team C: живых 1/8
    ✓ Прыгун C3          @ (5,4,5) hp=2/2
    ✗ Артиллерия C1      @ (0,2,6) [уничтожен]
    ✗ Радиовышка C2      @ (1,6,5) [уничтожен]
    ✗ Факел C4           @ (0,8,6) [уничтожен]
    ✗ Тишина C5          @ (0,3,7) [уничтожен]
    ✗ Бурав C6           @ (0,2,7) [уничтожен]
    ✗ Провокатор C7      @ (0,6,6) [уничтожен]
    ✗ Паук C8            @ (0,5,6) [уничтожен]

======================================================================
ХОД 8
======================================================================
✓ 🎮 GM: начинаем ход
GM: start_turn

--- Радиовышки: сканирование слоя Z ---
  Радиовышка A2 (z=5): видит 1 врагов  → Прыгун C3(5,4,5)
  Радиовышка B2 (z=7): видит 1 врагов  → Тишина A5(6,4,7)

--- Решения ботов ---
  [Team A] Радиовышка A2 (2,5,5) → MOVE (2,6,4)
  [Team A] Прыгун A3 (3,6,4) → MOVE (4,6,4)
  [Team A] Провокатор A7 (8,2,8) → HOLOGRAM (7,3,7)
  [Team A] Тишина A5 → SKIP
  [Team B] Провокатор B7 (4,6,4) → HOLOGRAM (3,6,4)
  [Team B] Тишина B5 → SKIP
  [Team B] Радиовышка B2 → SKIP
  [Team C] Прыгун C3 (5,4,5) → MOVE (3,6,4)
! 🎮 GM: принудительно завершает фазу планирования
GM: end_planning
# 
============================================================
# 🔄 ОБРАБОТКА ХОДА 8
# ============================================================
!    ⚠️ Провокатор A7: клетка (7,3,7) уже занята голограммой
!    ⚠️ Провокатор B7: клетка (3,6,4) занята кораблём

📦 ПЕРЕМЕЩЕНИЯ:
   Радиовышка A2: (2, 5, 5) → (2,6,4)
✓    💥 Прыгун A3 тараном уничтожил Провокатор B7 в (4,6,4)
   Прыгун A3: (3, 6, 4) → (4,6,4)
   Прыгун C3: (5, 4, 5) → (3,6,4)

🎯 ВЫСТРЕЛЫ:
   Выпущено ракет: 0
# 
📊 РЕЗУЛЬТАТЫ ХОДА 8:
🎯 Попаданий нет

--- Результаты хода ---
  Team A / Прыгун A3          → Team B / Провокатор B7      @ (4,6,4)  (УБИТ)

--- Состояние команд после хода ---
  Team A: живых 4/8
    ✓ Радиовышка A2      @ (2,6,4) hp=1/3
    ✓ Прыгун A3          @ (4,6,4) hp=2/2
    ✓ Тишина A5          @ (6,4,7) hp=2/2
    ✓ Провокатор A7      @ (8,2,8) hp=2/2
    ✗ Артиллерия A1      @ (5,2,9) [уничтожен]
    ✗ Факел A4           @ (3,2,8) [уничтожен]
    ✗ Бурав A6           @ (0,5,6) [уничтожен]
    ✗ Паук A8            @ (5,2,8) [уничтожен]
  Team B: живых 2/8
    ✓ Радиовышка B2      @ (6,4,7) hp=3/3
    ✓ Тишина B5          @ (6,3,7) hp=2/2
    ✗ Артиллерия B1      @ (8,6,4) [уничтожен]
    ✗ Прыгун B3          @ (0,5,7) [уничтожен]
    ✗ Факел B4           @ (5,4,5) [уничтожен]
    ✗ Бурав B6           @ (0,4,7) [уничтожен]
    ✗ Провокатор B7      @ (4,6,4) [уничтожен]
    ✗ Паук B8            @ (3,6,4) [уничтожен]
  Team C: живых 1/8
    ✓ Прыгун C3          @ (3,6,4) hp=2/2
    ✗ Артиллерия C1      @ (0,2,6) [уничтожен]
    ✗ Радиовышка C2      @ (1,6,5) [уничтожен]
    ✗ Факел C4           @ (0,8,6) [уничтожен]
    ✗ Тишина C5          @ (0,3,7) [уничтожен]
    ✗ Бурав C6           @ (0,2,7) [уничтожен]
    ✗ Провокатор C7      @ (0,6,6) [уничтожен]
    ✗ Паук C8            @ (0,5,6) [уничтожен]

======================================================================
ХОД 9
======================================================================
✓ 🎮 GM: начинаем ход
GM: start_turn

--- Радиовышки: сканирование слоя Z ---
  Радиовышка A2 (z=4): видит 1 врагов  → Прыгун C3(3,6,4)
  Радиовышка B2 (z=7): видит 1 врагов  → Тишина A5(6,4,7)

--- Решения ботов ---
  [Team A] Радиовышка A2 (2,6,4) → MOVE (3,6,4)
  [Team A] Прыгун A3 (4,6,4) → SHOOT at (3,6,4)
  [Team A] Тишина A5 (6,4,7) → PHASE toggle
  [Team A] Провокатор A7 (8,2,8) → HOLOGRAM (7,3,7)
  [Team B] Тишина B5 (6,3,7) → PHASE toggle
  [Team B] Радиовышка B2 → SKIP
  [Team C] Прыгун C3 (3,6,4) → MOVE (4,6,4)
! 🎮 GM: принудительно завершает фазу планирования
GM: end_planning
# 
============================================================
# 🔄 ОБРАБОТКА ХОДА 9
# ============================================================
   🌀 Тишина A5: уходит в фазу на 1 ход
   🌀 Тишина B5: уходит в фазу на 1 ход
!    ⚠️ Провокатор A7: клетка (7,3,7) уже занята голограммой

📦 ПЕРЕМЕЩЕНИЯ:
!    ⚠️ Радиовышка A2: клетка (3,6,4) занята
✓    💥 Прыгун C3 тараном уничтожил Прыгун A3 в (4,6,4)
   Прыгун C3: (3, 6, 4) → (4,6,4)

🎯 ВЫСТРЕЛЫ:
   Выпущено ракет: 0
# 
📊 РЕЗУЛЬТАТЫ ХОДА 9:
🎯 Попаданий нет

--- Результаты хода ---
  Team C / Прыгун C3          → Team A / Прыгун A3          @ (4,6,4)  (УБИТ)

--- Состояние команд после хода ---
  Team A: живых 3/8
    ✓ Радиовышка A2      @ (2,6,4) hp=1/3
    ✓ Тишина A5          @ (6,4,7) hp=2/2
    ✓ Провокатор A7      @ (8,2,8) hp=2/2
    ✗ Артиллерия A1      @ (5,2,9) [уничтожен]
    ✗ Прыгун A3          @ (4,6,4) [уничтожен]
    ✗ Факел A4           @ (3,2,8) [уничтожен]
    ✗ Бурав A6           @ (0,5,6) [уничтожен]
    ✗ Паук A8            @ (5,2,8) [уничтожен]
  Team B: живых 2/8
    ✓ Радиовышка B2      @ (6,4,7) hp=3/3
    ✓ Тишина B5          @ (6,3,7) hp=2/2
    ✗ Артиллерия B1      @ (8,6,4) [уничтожен]
    ✗ Прыгун B3          @ (0,5,7) [уничтожен]
    ✗ Факел B4           @ (5,4,5) [уничтожен]
    ✗ Бурав B6           @ (0,4,7) [уничтожен]
    ✗ Провокатор B7      @ (4,6,4) [уничтожен]
    ✗ Паук B8            @ (3,6,4) [уничтожен]
  Team C: живых 1/8
    ✓ Прыгун C3          @ (4,6,4) hp=2/2
    ✗ Артиллерия C1      @ (0,2,6) [уничтожен]
    ✗ Радиовышка C2      @ (1,6,5) [уничтожен]
    ✗ Факел C4           @ (0,8,6) [уничтожен]
    ✗ Тишина C5          @ (0,3,7) [уничтожен]
    ✗ Бурав C6           @ (0,2,7) [уничтожен]
    ✗ Провокатор C7      @ (0,6,6) [уничтожен]
    ✗ Паук C8            @ (0,5,6) [уничтожен]

======================================================================
ХОД 10
======================================================================
✓ 🎮 GM: начинаем ход
GM: start_turn

--- Радиовышки: сканирование слоя Z ---
  Радиовышка A2 (z=4): видит 1 врагов  → Прыгун C3(4,6,4)
  Радиовышка B2 (z=7): слой чист

--- Решения ботов ---
  [Team A] Радиовышка A2 (2,6,4) → MOVE (3,6,4)
  [Team A] Провокатор A7 (8,2,8) → HOLOGRAM (7,3,7)
  [Team A] Тишина A5 → SKIP
  [Team B] Радиовышка B2 (6,4,7) → MOVE (7,3,8)
  [Team B] Тишина B5 (6,3,7) → MOVE (7,2,8)
  [Team C] Прыгун C3 (4,6,4) → MOVE (2,6,4)
! 🎮 GM: принудительно завершает фазу планирования
GM: end_planning
# 
============================================================
# 🔄 ОБРАБОТКА ХОДА 10
# ============================================================
   🌀 Тишина A5: фаза спала (действовала 1 ход)
   🌀 Тишина B5: фаза спала (действовала 1 ход)
!    ⚠️ Провокатор A7: клетка (7,3,7) уже занята голограммой

📦 ПЕРЕМЕЩЕНИЯ:
   Радиовышка A2: (2, 6, 4) → (3,6,4)
   Радиовышка B2: (6, 4, 7) → (7,3,8)
   Тишина B5: (6, 3, 7) → (7,2,8)
   Прыгун C3: (4, 6, 4) → (2,6,4)

🎯 ВЫСТРЕЛЫ:
   Выпущено ракет: 0
# 
📊 РЕЗУЛЬТАТЫ ХОДА 10:
🎯 Попаданий нет

--- Результаты хода ---
  Попаданий нет

--- Состояние команд после хода ---
  Team A: живых 3/8
    ✓ Радиовышка A2      @ (3,6,4) hp=1/3
    ✓ Тишина A5          @ (6,4,7) hp=2/2
    ✓ Провокатор A7      @ (8,2,8) hp=2/2
    ✗ Артиллерия A1      @ (5,2,9) [уничтожен]
    ✗ Прыгун A3          @ (4,6,4) [уничтожен]
    ✗ Факел A4           @ (3,2,8) [уничтожен]
    ✗ Бурав A6           @ (0,5,6) [уничтожен]
    ✗ Паук A8            @ (5,2,8) [уничтожен]
  Team B: живых 2/8
    ✓ Радиовышка B2      @ (7,3,8) hp=3/3
    ✓ Тишина B5          @ (7,2,8) hp=2/2
    ✗ Артиллерия B1      @ (8,6,4) [уничтожен]
    ✗ Прыгун B3          @ (0,5,7) [уничтожен]
    ✗ Факел B4           @ (5,4,5) [уничтожен]
    ✗ Бурав B6           @ (0,4,7) [уничтожен]
    ✗ Провокатор B7      @ (4,6,4) [уничтожен]
    ✗ Паук B8            @ (3,6,4) [уничтожен]
  Team C: живых 1/8
    ✓ Прыгун C3          @ (2,6,4) hp=2/2
    ✗ Артиллерия C1      @ (0,2,6) [уничтожен]
    ✗ Радиовышка C2      @ (1,6,5) [уничтожен]
    ✗ Факел C4           @ (0,8,6) [уничтожен]
    ✗ Тишина C5          @ (0,3,7) [уничтожен]
    ✗ Бурав C6           @ (0,2,7) [уничтожен]
    ✗ Провокатор C7      @ (0,6,6) [уничтожен]
    ✗ Паук C8            @ (0,5,6) [уничтожен]

======================================================================
ХОД 11
======================================================================
✓ 🎮 GM: начинаем ход
GM: start_turn

--- Радиовышки: сканирование слоя Z ---
  Радиовышка A2 (z=4): видит 1 врагов  → Прыгун C3(2,6,4)
  Радиовышка B2 (z=8): видит 1 врагов  → Провокатор A7(8,2,8)

--- Решения ботов ---
  [Team A] Радиовышка A2 (3,6,4) → MOVE (2,6,4)
  [Team A] Тишина A5 (6,4,7) → MOVE (7,3,8)
  [Team A] Провокатор A7 (8,2,8) → HOLOGRAM (8,3,8)
  [Team B] Радиовышка B2 (7,3,8) → MOVE (6,4,7)
  [Team B] Тишина B5 (7,2,8) → MOVE (8,2,8)
  [Team C] Прыгун C3 (2,6,4) → MOVE (3,6,4)
! 🎮 GM: принудительно завершает фазу планирования
GM: end_planning
# 
============================================================
# 🔄 ОБРАБОТКА ХОДА 11
# ============================================================
   🪞 Провокатор A7 создал голограмму H6 в (8,3,8)

📦 ПЕРЕМЕЩЕНИЯ:
!    ⚠️ Радиовышка A2: клетка (2,6,4) занята
!    ⚠️ Тишина A5: клетка (7,3,8) занята
!    ⚠️ Радиовышка B2: клетка (6,4,7) занята
!    ⚠️ Тишина B5: клетка (8,2,8) занята
✓    💥 Прыгун C3 тараном уничтожил Радиовышка A2 в (3,6,4)
   Прыгун C3: (2, 6, 4) → (3,6,4)

🎯 ВЫСТРЕЛЫ:
   Выпущено ракет: 0
# 
📊 РЕЗУЛЬТАТЫ ХОДА 11:
🎯 Попаданий нет

--- Результаты хода ---
  Team C / Прыгун C3          → Team A / Радиовышка A2      @ (3,6,4)  (УБИТ)

--- Состояние команд после хода ---
  Team A: живых 2/8
    ✓ Тишина A5          @ (6,4,7) hp=2/2
    ✓ Провокатор A7      @ (8,2,8) hp=2/2
    ✗ Артиллерия A1      @ (5,2,9) [уничтожен]
    ✗ Радиовышка A2      @ (3,6,4) [уничтожен]
    ✗ Прыгун A3          @ (4,6,4) [уничтожен]
    ✗ Факел A4           @ (3,2,8) [уничтожен]
    ✗ Бурав A6           @ (0,5,6) [уничтожен]
    ✗ Паук A8            @ (5,2,8) [уничтожен]
  Team B: живых 2/8
    ✓ Радиовышка B2      @ (7,3,8) hp=3/3
    ✓ Тишина B5          @ (7,2,8) hp=2/2
    ✗ Артиллерия B1      @ (8,6,4) [уничтожен]
    ✗ Прыгун B3          @ (0,5,7) [уничтожен]
    ✗ Факел B4           @ (5,4,5) [уничтожен]
    ✗ Бурав B6           @ (0,4,7) [уничтожен]
    ✗ Провокатор B7      @ (4,6,4) [уничтожен]
    ✗ Паук B8            @ (3,6,4) [уничтожен]
  Team C: живых 1/8
    ✓ Прыгун C3          @ (3,6,4) hp=2/2
    ✗ Артиллерия C1      @ (0,2,6) [уничтожен]
    ✗ Радиовышка C2      @ (1,6,5) [уничтожен]
    ✗ Факел C4           @ (0,8,6) [уничтожен]
    ✗ Тишина C5          @ (0,3,7) [уничтожен]
    ✗ Бурав C6           @ (0,2,7) [уничтожен]
    ✗ Провокатор C7      @ (0,6,6) [уничтожен]
    ✗ Паук C8            @ (0,5,6) [уничтожен]

======================================================================
ХОД 12
======================================================================
✓ 🎮 GM: начинаем ход
GM: start_turn

--- Радиовышки: сканирование слоя Z ---
  Радиовышка B2 (z=8): видит 1 врагов  → Провокатор A7(8,2,8)

--- Решения ботов ---
  [Team A] Тишина A5 (6,4,7) → MOVE (7,3,8)
  [Team A] Провокатор A7 (8,2,8) → HOLOGRAM (7,2,8)
  [Team B] Радиовышка B2 (7,3,8) → MOVE (6,4,7)
  [Team B] Тишина B5 (7,2,8) → MOVE (8,2,8)
  [Team C] Прыгун C3 (3,6,4) → MOVE (4,5,5)
! 🎮 GM: принудительно завершает фазу планирования
GM: end_planning
# 
============================================================
# 🔄 ОБРАБОТКА ХОДА 12
# ============================================================
!    ⚠️ Провокатор A7: клетка (7,2,8) занята кораблём

📦 ПЕРЕМЕЩЕНИЯ:
!    ⚠️ Тишина A5: клетка (7,3,8) занята
!    ⚠️ Радиовышка B2: клетка (6,4,7) занята
!    ⚠️ Тишина B5: клетка (8,2,8) занята
   Прыгун C3: (3, 6, 4) → (4,5,5)

🎯 ВЫСТРЕЛЫ:
   Выпущено ракет: 0
# 
📊 РЕЗУЛЬТАТЫ ХОДА 12:
🎯 Попаданий нет

--- Результаты хода ---
  Попаданий нет

--- Состояние команд после хода ---
  Team A: живых 2/8
    ✓ Тишина A5          @ (6,4,7) hp=2/2
    ✓ Провокатор A7      @ (8,2,8) hp=2/2
    ✗ Артиллерия A1      @ (5,2,9) [уничтожен]
    ✗ Радиовышка A2      @ (3,6,4) [уничтожен]
    ✗ Прыгун A3          @ (4,6,4) [уничтожен]
    ✗ Факел A4           @ (3,2,8) [уничтожен]
    ✗ Бурав A6           @ (0,5,6) [уничтожен]
    ✗ Паук A8            @ (5,2,8) [уничтожен]
  Team B: живых 2/8
    ✓ Радиовышка B2      @ (7,3,8) hp=3/3
    ✓ Тишина B5          @ (7,2,8) hp=2/2
    ✗ Артиллерия B1      @ (8,6,4) [уничтожен]
    ✗ Прыгун B3          @ (0,5,7) [уничтожен]
    ✗ Факел B4           @ (5,4,5) [уничтожен]
    ✗ Бурав B6           @ (0,4,7) [уничтожен]
    ✗ Провокатор B7      @ (4,6,4) [уничтожен]
    ✗ Паук B8            @ (3,6,4) [уничтожен]
  Team C: живых 1/8
    ✓ Прыгун C3          @ (4,5,5) hp=2/2
    ✗ Артиллерия C1      @ (0,2,6) [уничтожен]
    ✗ Радиовышка C2      @ (1,6,5) [уничтожен]
    ✗ Факел C4           @ (0,8,6) [уничтожен]
    ✗ Тишина C5          @ (0,3,7) [уничтожен]
    ✗ Бурав C6           @ (0,2,7) [уничтожен]
    ✗ Провокатор C7      @ (0,6,6) [уничтожен]
    ✗ Паук C8            @ (0,5,6) [уничтожен]

======================================================================
ХОД 13
======================================================================
✓ 🎮 GM: начинаем ход
GM: start_turn

--- Радиовышки: сканирование слоя Z ---
  Радиовышка B2 (z=8): видит 1 врагов  → Провокатор A7(8,2,8)

--- Решения ботов ---
  [Team A] Тишина A5 (6,4,7) → PHASE toggle
  [Team A] Провокатор A7 (8,2,8) → HOLOGRAM (7,3,8)
  [Team B] Радиовышка B2 (7,3,8) → MOVE (6,4,7)
  [Team B] Тишина B5 (7,2,8) → PHASE toggle
  [Team C] Прыгун C3 (4,5,5) → MOVE (6,4,7)
! 🎮 GM: принудительно завершает фазу планирования
GM: end_planning
# 
============================================================
# 🔄 ОБРАБОТКА ХОДА 13
# ============================================================
   🌀 Тишина A5: уходит в фазу на 1 ход
   🌀 Тишина B5: уходит в фазу на 1 ход
!    ⚠️ Провокатор A7: клетка (7,3,8) занята кораблём

📦 ПЕРЕМЕЩЕНИЯ:
   Радиовышка B2: (7, 3, 8) → (6,4,7)
✓    💥 Прыгун C3 пробивает фазу Тишина A5 тараном
✓    💥 Прыгун C3 тараном уничтожил Тишина A5 в (6,4,7)
   Прыгун C3: (4, 5, 5) → (6,4,7)

🎯 ВЫСТРЕЛЫ:
   Выпущено ракет: 0
# 
📊 РЕЗУЛЬТАТЫ ХОДА 13:
🎯 Попаданий нет

--- Результаты хода ---
  Team C / Прыгун C3          → Team A / Тишина A5          @ (6,4,7)  (УБИТ)

--- Состояние команд после хода ---
  Team A: живых 1/8
    ✓ Провокатор A7      @ (8,2,8) hp=2/2
    ✗ Артиллерия A1      @ (5,2,9) [уничтожен]
    ✗ Радиовышка A2      @ (3,6,4) [уничтожен]
    ✗ Прыгун A3          @ (4,6,4) [уничтожен]
    ✗ Факел A4           @ (3,2,8) [уничтожен]
    ✗ Тишина A5          @ (6,4,7) [уничтожен]
    ✗ Бурав A6           @ (0,5,6) [уничтожен]
    ✗ Паук A8            @ (5,2,8) [уничтожен]
  Team B: живых 2/8
    ✓ Радиовышка B2      @ (6,4,7) hp=3/3
    ✓ Тишина B5          @ (7,2,8) hp=2/2
    ✗ Артиллерия B1      @ (8,6,4) [уничтожен]
    ✗ Прыгун B3          @ (0,5,7) [уничтожен]
    ✗ Факел B4           @ (5,4,5) [уничтожен]
    ✗ Бурав B6           @ (0,4,7) [уничтожен]
    ✗ Провокатор B7      @ (4,6,4) [уничтожен]
    ✗ Паук B8            @ (3,6,4) [уничтожен]
  Team C: живых 1/8
    ✓ Прыгун C3          @ (6,4,7) hp=2/2
    ✗ Артиллерия C1      @ (0,2,6) [уничтожен]
    ✗ Радиовышка C2      @ (1,6,5) [уничтожен]
    ✗ Факел C4           @ (0,8,6) [уничтожен]
    ✗ Тишина C5          @ (0,3,7) [уничтожен]
    ✗ Бурав C6           @ (0,2,7) [уничтожен]
    ✗ Провокатор C7      @ (0,6,6) [уничтожен]
    ✗ Паук C8            @ (0,5,6) [уничтожен]

======================================================================
ХОД 14
======================================================================
✓ 🎮 GM: начинаем ход
GM: start_turn

--- Радиовышки: сканирование слоя Z ---
  Радиовышка B2 (z=7): видит 1 врагов  → Прыгун C3(6,4,7)

--- Решения ботов ---
  [Team A] Провокатор A7 (8,2,8) → HOLOGRAM (7,3,7)
  [Team B] Тишина B5 (7,2,8) → MOVE (8,2,8)
  [Team B] Радиовышка B2 → SKIP
  [Team C] Прыгун C3 (6,4,7) → MOVE (8,2,8)
! 🎮 GM: принудительно завершает фазу планирования
GM: end_planning
# 
============================================================
# 🔄 ОБРАБОТКА ХОДА 14
# ============================================================
   🌀 Тишина B5: фаза спала (действовала 1 ход)
!    ⚠️ Провокатор A7: клетка (7,3,7) уже занята голограммой

📦 ПЕРЕМЕЩЕНИЯ:
!    ⚠️ Тишина B5: клетка (8,2,8) занята
✓    💥 Прыгун C3 тараном уничтожил Провокатор A7 в (8,2,8)
   Прыгун C3: (6, 4, 7) → (8,2,8)

🎯 ВЫСТРЕЛЫ:
   Выпущено ракет: 0
# 
📊 РЕЗУЛЬТАТЫ ХОДА 14:
🎯 Попаданий нет

--- Результаты хода ---
  Team C / Прыгун C3          → Team A / Провокатор A7      @ (8,2,8)  (УБИТ)

--- Состояние команд после хода ---
  Team A: живых 0/8
    ✗ Артиллерия A1      @ (5,2,9) [уничтожен]
    ✗ Радиовышка A2      @ (3,6,4) [уничтожен]
    ✗ Прыгун A3          @ (4,6,4) [уничтожен]
    ✗ Факел A4           @ (3,2,8) [уничтожен]
    ✗ Тишина A5          @ (6,4,7) [уничтожен]
    ✗ Бурав A6           @ (0,5,6) [уничтожен]
    ✗ Провокатор A7      @ (8,2,8) [уничтожен]
    ✗ Паук A8            @ (5,2,8) [уничтожен]
  Team B: живых 2/8
    ✓ Радиовышка B2      @ (6,4,7) hp=3/3
    ✓ Тишина B5          @ (7,2,8) hp=2/2
    ✗ Артиллерия B1      @ (8,6,4) [уничтожен]
    ✗ Прыгун B3          @ (0,5,7) [уничтожен]
    ✗ Факел B4           @ (5,4,5) [уничтожен]
    ✗ Бурав B6           @ (0,4,7) [уничтожен]
    ✗ Провокатор B7      @ (4,6,4) [уничтожен]
    ✗ Паук B8            @ (3,6,4) [уничтожен]
  Team C: живых 1/8
    ✓ Прыгун C3          @ (8,2,8) hp=2/2
    ✗ Артиллерия C1      @ (0,2,6) [уничтожен]
    ✗ Радиовышка C2      @ (1,6,5) [уничтожен]
    ✗ Факел C4           @ (0,8,6) [уничтожен]
    ✗ Тишина C5          @ (0,3,7) [уничтожен]
    ✗ Бурав C6           @ (0,2,7) [уничтожен]
    ✗ Провокатор C7      @ (0,6,6) [уничтожен]
    ✗ Паук C8            @ (0,5,6) [уничтожен]

======================================================================
ХОД 15
======================================================================
✓ 🎮 GM: начинаем ход
GM: start_turn

--- Радиовышки: сканирование слоя Z ---
  Радиовышка B2 (z=7): слой чист

--- Решения ботов ---
  [Team A] все корабли пропускают ход
  [Team B] Радиовышка B2 (6,4,7) → MOVE (7,3,8)
  [Team B] Тишина B5 (7,2,8) → MOVE (8,2,8)
  [Team C] Прыгун C3 (8,2,8) → MOVE (6,4,7)
! 🎮 GM: принудительно завершает фазу планирования
GM: end_planning
# 
============================================================
# 🔄 ОБРАБОТКА ХОДА 15
# ============================================================

📦 ПЕРЕМЕЩЕНИЯ:
   Радиовышка B2: (6, 4, 7) → (7,3,8)
!    ⚠️ Тишина B5: клетка (8,2,8) занята
   Прыгун C3: (8, 2, 8) → (6,4,7)

🎯 ВЫСТРЕЛЫ:
   Выпущено ракет: 0
# 
📊 РЕЗУЛЬТАТЫ ХОДА 15:
🎯 Попаданий нет

--- Результаты хода ---
  Попаданий нет

--- Состояние команд после хода ---
  Team A: живых 0/8
    ✗ Артиллерия A1      @ (5,2,9) [уничтожен]
    ✗ Радиовышка A2      @ (3,6,4) [уничтожен]
    ✗ Прыгун A3          @ (4,6,4) [уничтожен]
    ✗ Факел A4           @ (3,2,8) [уничтожен]
    ✗ Тишина A5          @ (6,4,7) [уничтожен]
    ✗ Бурав A6           @ (0,5,6) [уничтожен]
    ✗ Провокатор A7      @ (8,2,8) [уничтожен]
    ✗ Паук A8            @ (5,2,8) [уничтожен]
  Team B: живых 2/8
    ✓ Радиовышка B2      @ (7,3,8) hp=3/3
    ✓ Тишина B5          @ (7,2,8) hp=2/2
    ✗ Артиллерия B1      @ (8,6,4) [уничтожен]
    ✗ Прыгун B3          @ (0,5,7) [уничтожен]
    ✗ Факел B4           @ (5,4,5) [уничтожен]
    ✗ Бурав B6           @ (0,4,7) [уничтожен]
    ✗ Провокатор B7      @ (4,6,4) [уничтожен]
    ✗ Паук B8            @ (3,6,4) [уничтожен]
  Team C: живых 1/8
    ✓ Прыгун C3          @ (6,4,7) hp=2/2
    ✗ Артиллерия C1      @ (0,2,6) [уничтожен]
    ✗ Радиовышка C2      @ (1,6,5) [уничтожен]
    ✗ Факел C4           @ (0,8,6) [уничтожен]
    ✗ Тишина C5          @ (0,3,7) [уничтожен]
    ✗ Бурав C6           @ (0,2,7) [уничтожен]
    ✗ Провокатор C7      @ (0,6,6) [уничтожен]
    ✗ Паук C8            @ (0,5,6) [уничтожен]

======================================================================
ХОД 16
======================================================================
✓ 🎮 GM: начинаем ход
GM: start_turn

--- Радиовышки: сканирование слоя Z ---
  Радиовышка B2 (z=8): слой чист

--- Решения ботов ---
  [Team A] все корабли пропускают ход
  [Team B] Радиовышка B2 (7,3,8) → MOVE (6,4,7)
  [Team B] Тишина B5 (7,2,8) → MOVE (6,3,7)
  [Team C] Прыгун C3 (6,4,7) → MOVE (7,3,8)
! 🎮 GM: принудительно завершает фазу планирования
GM: end_planning
# 
============================================================
# 🔄 ОБРАБОТКА ХОДА 16
# ============================================================

📦 ПЕРЕМЕЩЕНИЯ:
!    ⚠️ Радиовышка B2: клетка (6,4,7) занята
   Тишина B5: (7, 2, 8) → (6,3,7)
✓    💥 Прыгун C3 тараном уничтожил Радиовышка B2 в (7,3,8)
   Прыгун C3: (6, 4, 7) → (7,3,8)

🎯 ВЫСТРЕЛЫ:
   Выпущено ракет: 0
# 
📊 РЕЗУЛЬТАТЫ ХОДА 16:
🎯 Попаданий нет

--- Результаты хода ---
  Team C / Прыгун C3          → Team B / Радиовышка B2      @ (7,3,8)  (УБИТ)

--- Состояние команд после хода ---
  Team A: живых 0/8
    ✗ Артиллерия A1      @ (5,2,9) [уничтожен]
    ✗ Радиовышка A2      @ (3,6,4) [уничтожен]
    ✗ Прыгун A3          @ (4,6,4) [уничтожен]
    ✗ Факел A4           @ (3,2,8) [уничтожен]
    ✗ Тишина A5          @ (6,4,7) [уничтожен]
    ✗ Бурав A6           @ (0,5,6) [уничтожен]
    ✗ Провокатор A7      @ (8,2,8) [уничтожен]
    ✗ Паук A8            @ (5,2,8) [уничтожен]
  Team B: живых 1/8
    ✓ Тишина B5          @ (6,3,7) hp=2/2
    ✗ Артиллерия B1      @ (8,6,4) [уничтожен]
    ✗ Радиовышка B2      @ (7,3,8) [уничтожен]
    ✗ Прыгун B3          @ (0,5,7) [уничтожен]
    ✗ Факел B4           @ (5,4,5) [уничтожен]
    ✗ Бурав B6           @ (0,4,7) [уничтожен]
    ✗ Провокатор B7      @ (4,6,4) [уничтожен]
    ✗ Паук B8            @ (3,6,4) [уничтожен]
  Team C: живых 1/8
    ✓ Прыгун C3          @ (7,3,8) hp=2/2
    ✗ Артиллерия C1      @ (0,2,6) [уничтожен]
    ✗ Радиовышка C2      @ (1,6,5) [уничтожен]
    ✗ Факел C4           @ (0,8,6) [уничтожен]
    ✗ Тишина C5          @ (0,3,7) [уничтожен]
    ✗ Бурав C6           @ (0,2,7) [уничтожен]
    ✗ Провокатор C7      @ (0,6,6) [уничтожен]
    ✗ Паук C8            @ (0,5,6) [уничтожен]

======================================================================
ХОД 17
======================================================================
✓ 🎮 GM: начинаем ход
GM: start_turn

--- Радиовышки: сканирование слоя Z ---
  (у команд не осталось живых радиовышек)

--- Решения ботов ---
  [Team A] все корабли пропускают ход
  [Team B] Тишина B5 (6,3,7) → PHASE toggle
  [Team C] Прыгун C3 (7,3,8) → MOVE (6,3,7)
! 🎮 GM: принудительно завершает фазу планирования
GM: end_planning
# 
============================================================
# 🔄 ОБРАБОТКА ХОДА 17
# ============================================================
   🌀 Тишина B5: уходит в фазу на 1 ход

📦 ПЕРЕМЕЩЕНИЯ:
✓    💥 Прыгун C3 пробивает фазу Тишина B5 тараном
✓    💥 Прыгун C3 тараном уничтожил Тишина B5 в (6,3,7)
   Прыгун C3: (7, 3, 8) → (6,3,7)

🎯 ВЫСТРЕЛЫ:
   Выпущено ракет: 0
# 
📊 РЕЗУЛЬТАТЫ ХОДА 17:
🎯 Попаданий нет
# 
🎮🎮🎮🎮🎮🎮🎮🎮🎮🎮🎮🎮🎮🎮🎮🎮🎮🎮🎮🎮
#         ИГРА ОКОНЧЕНА!
# 🎮🎮🎮🎮🎮🎮🎮🎮🎮🎮🎮🎮🎮🎮🎮🎮🎮🎮🎮🎮
✓         🏆 ПОБЕДИТЕЛЬ: Team C

--- Результаты хода ---
  Team C / Прыгун C3          → Team B / Тишина B5          @ (6,3,7)  (УБИТ)

--- Состояние команд после хода ---
  Team A: живых 0/8
    ✗ Артиллерия A1      @ (5,2,9) [уничтожен]
    ✗ Радиовышка A2      @ (3,6,4) [уничтожен]
    ✗ Прыгун A3          @ (4,6,4) [уничтожен]
    ✗ Факел A4           @ (3,2,8) [уничтожен]
    ✗ Тишина A5          @ (6,4,7) [уничтожен]
    ✗ Бурав A6           @ (0,5,6) [уничтожен]
    ✗ Провокатор A7      @ (8,2,8) [уничтожен]
    ✗ Паук A8            @ (5,2,8) [уничтожен]
  Team B: живых 0/8
    ✗ Артиллерия B1      @ (8,6,4) [уничтожен]
    ✗ Радиовышка B2      @ (7,3,8) [уничтожен]
    ✗ Прыгун B3          @ (0,5,7) [уничтожен]
    ✗ Факел B4           @ (5,4,5) [уничтожен]
    ✗ Тишина B5          @ (6,3,7) [уничтожен]
    ✗ Бурав B6           @ (0,4,7) [уничтожен]
    ✗ Провокатор B7      @ (4,6,4) [уничтожен]
    ✗ Паук B8            @ (3,6,4) [уничтожен]
  Team C: живых 1/8
    ✓ Прыгун C3          @ (6,3,7) hp=2/2
    ✗ Артиллерия C1      @ (0,2,6) [уничтожен]
    ✗ Радиовышка C2      @ (1,6,5) [уничтожен]
    ✗ Факел C4           @ (0,8,6) [уничтожен]
    ✗ Тишина C5          @ (0,3,7) [уничтожен]
    ✗ Бурав C6           @ (0,2,7) [уничтожен]
    ✗ Провокатор C7      @ (0,6,6) [уничтожен]
    ✗ Паук C8            @ (0,5,6) [уничтожен]

======================================================================
ИТОГ
======================================================================
Игра окончена. Победитель: Team C
Ходов сыграно: 17

--- Сводка по командам ---
  Team A: 0/8 живых; hp=0
  Team B: 0/8 живых; hp=0
  Team C: 1/8 живых; hp=2

--- Сводка по пассивкам радиовышек ---
  Team A: сканирований=11, всего врагов-в-слоях=11, уникальных эксклюзивных (видны только радиовышкой)=0
  Team B: сканирований=16, всего врагов-в-слоях=16, уникальных эксклюзивных (видны только радиовышкой)=0
  Team C: сканирований=2, всего врагов-в-слоях=1, уникальных эксклюзивных (видны только радиовышкой)=0

--- Сводка по попаданиям ---
  Всего событий (шоты+тараны+мины): 26
  Уничтожено кораблей всего: 23
  Team A: урон=21 хиты=1 тараны=8 мины(сработало)=1 убийств=9
  Team B: урон=21 хиты=2 тараны=4 мины(сработало)=1 убийств=5
  Team C: урон=27 хиты=0 тараны=9 мины(сработало)=0 убийств=9
! 🎮 GM: остановка игры
