======================================================================
Space Battle 10×10×10 — simulation run at 2026-04-20T13:44:08+00:00
Game mode: advanced
Seed: 152
✓ 🚀 Продвинутый режим: создаю разные типы кораблей
   Команда A: спавн вдоль оси Y от (2, 3, 6) до (2, 8, 6)
   Команда B: спавн вдоль оси Y от (9, 7, 2) до (9, 4, 2)
   Команда C: спавн вдоль оси Y от (9, 7, 5) до (9, 8, 5)
✓ ✅ Создано 24 кораблей


--- СТАРТОВАЯ РАССТАНОВКА ---
  Team A: живых 8/8
    ✓ Артиллерия A1      @ (2,3,6) hp=1/1
    ✓ Радиовышка A2      @ (2,1,6) hp=3/3
    ✓ Прыгун A3          @ (2,0,6) hp=2/2
    ✓ Факел A4           @ (2,7,6) hp=6/6
    ✓ Тишина A5          @ (2,5,6) hp=2/2
    ✓ Бурав A6           @ (2,6,6) hp=4/4
    ✓ Провокатор A7      @ (2,4,6) hp=2/2
    ✓ Паук A8            @ (2,8,6) hp=1/1
  Team B: живых 8/8
    ✓ Артиллерия B1      @ (9,7,2) hp=1/1
    ✓ Радиовышка B2      @ (9,3,2) hp=3/3
    ✓ Прыгун B3          @ (9,8,2) hp=2/2
    ✓ Факел B4           @ (9,5,2) hp=6/6
    ✓ Тишина B5          @ (9,0,2) hp=2/2
    ✓ Бурав B6           @ (9,2,2) hp=4/4
    ✓ Провокатор B7      @ (9,6,2) hp=2/2
    ✓ Паук B8            @ (9,4,2) hp=1/1
  Team C: живых 8/8
    ✓ Артиллерия C1      @ (9,7,5) hp=1/1
    ✓ Радиовышка C2      @ (9,5,5) hp=3/3
    ✓ Прыгун C3          @ (9,4,5) hp=2/2
    ✓ Факел C4           @ (9,1,5) hp=6/6
    ✓ Тишина C5          @ (9,9,5) hp=2/2
    ✓ Бурав C6           @ (9,3,5) hp=4/4
    ✓ Провокатор C7      @ (9,0,5) hp=2/2
    ✓ Паук C8            @ (9,8,5) hp=1/1

======================================================================
ХОД 1
======================================================================
✓ 🎮 GM: начинаем ход
GM: start_turn

--- Радиовышки: сканирование слоя Z ---
  Радиовышка A2 (z=6): слой чист
  Радиовышка B2 (z=2): слой чист
  Радиовышка C2 (z=5): слой чист

--- Решения ботов ---
  [Team A] Артиллерия A1 (2,3,6) → SHOOT at (4,9,4)
  [Team A] Радиовышка A2 (2,1,6) → MOVE (3,2,5)
  [Team A] Прыгун A3 (2,0,6) → MOVE (3,1,5)
  [Team A] Тишина A5 (2,5,6) → MOVE (3,5,5)
  [Team A] Бурав A6 (2,6,6) → MOVE (2,6,5)
  [Team A] Провокатор A7 (2,4,6) → MOVE (3,4,5)
  [Team A] Паук A8 (2,8,6) → MOVE (3,7,5)
  [Team A] Факел A4 → SKIP
  [Team B] Артиллерия B1 (9,7,2) → SHOOT at (9,7,5)
  [Team B] Радиовышка B2 (9,3,2) → MOVE (9,4,3)
  [Team B] Прыгун B3 (9,8,2) → SHOOT at (9,8,5)
  [Team B] Факел B4 (9,5,2) → SHOOT at (9,5,5)
  [Team B] Тишина B5 (9,0,2) → PHASE toggle
  [Team B] Бурав B6 (9,2,2) → MOVE (9,5,5)
  [Team B] Провокатор B7 (9,6,2) → HOLOGRAM (9,7,3)
  [Team B] Паук B8 (9,4,2) → MINE (9,5,3)
  [Team C] Артиллерия C1 (9,7,5) → SHOOT at (9,7,2)
  [Team C] Радиовышка C2 (9,5,5) → MOVE (9,6,4)
  [Team C] Прыгун C3 (9,4,5) → SHOOT at (9,4,2)
  [Team C] Факел C4 (9,1,5) → MOVE (9,2,5)
  [Team C] Тишина C5 (9,9,5) → PHASE toggle
  [Team C] Бурав C6 (9,3,5) → MOVE (9,6,2)
  [Team C] Провокатор C7 (9,0,5) → HOLOGRAM (9,1,4)
  [Team C] Паук C8 (9,8,5) → MINE (9,7,4)
! 🎮 GM: принудительно завершает фазу планирования
GM: end_planning
# 
============================================================
# 🔄 ОБРАБОТКА ХОДА 1
# ============================================================
   🌀 Тишина B5: уходит в фазу на 1 ход
   🌀 Тишина C5: уходит в фазу на 1 ход
   🪞 Провокатор B7 создал голограмму H1 в (9,7,3)
   🪞 Провокатор C7 создал голограмму H2 в (9,1,4)
   💣 Паук B8 установил мину M1 в (9,5,3)
   💣 Паук C8 установил мину M2 в (9,7,4)

📦 ПЕРЕМЕЩЕНИЯ:
   Радиовышка A2: (2, 1, 6) → (3,2,5)
   Прыгун A3: (2, 0, 6) → (3,1,5)
   Тишина A5: (2, 5, 6) → (3,5,5)
   Бурав A6: (2, 6, 6) → (2,6,5)
   Провокатор A7: (2, 4, 6) → (3,4,5)
   Паук A8: (2, 8, 6) → (3,7,5)
   Радиовышка B2: (9, 3, 2) → (9,4,3)
✓    💥 Бурав B6 тараном уничтожил Радиовышка C2 в (9,5,5)
   Бурав B6: (9, 2, 2) → (9,5,5)
   Факел C4: (9, 1, 5) → (9,2,5)
✓    💥 Бурав C6 тараном уничтожил Провокатор B7 в (9,6,2)
   Бурав C6: (9, 3, 5) → (9,6,2)

🎯 ВЫСТРЕЛЫ:
!    🛡️ Выстрел Факел B4 заблокирован союзником Бурав B6 в (9, 5, 5)
✓    ✅ Артиллерия B1 поразил Артиллерия C1 (2 урона)!
✓    ✅ Прыгун B3 поразил Паук C8 (1 урона)!
✓    ✅ Артиллерия C1 поразил Артиллерия B1 (2 урона)!
✓    ✅ Прыгун C3 поразил Радиовышка B2 (1 урона)!
   Выпущено ракет: 6
# 
📊 РЕЗУЛЬТАТЫ ХОДА 1:
✓ 💥 ПОПАДАНИЯ:
✓    Артиллерия B1 (Team B) → Артиллерия C1 (Team C)
✓    Прыгун B3 (Team B) → Паук C8 (Team C)
✓    Артиллерия C1 (Team C) → Артиллерия B1 (Team B)
✓    Прыгун C3 (Team C) → Радиовышка B2 (Team B)

--- Результаты хода ---
  Team B / Бурав B6           → Team C / Радиовышка C2      @ (9,5,5)  (УБИТ)
  Team C / Бурав C6           → Team B / Провокатор B7      @ (9,6,2)  (УБИТ)
  Team B / Артиллерия B1      → Team C / Артиллерия C1      @ (9,7,5)  (УБИТ)
  Team B / Прыгун B3          → Team C / Паук C8            @ (9,8,5)  (УБИТ)
  Team C / Артиллерия C1      → Team B / Артиллерия B1      @ (9,7,2)  (УБИТ)
  Team C / Прыгун C3          → Team B / Радиовышка B2      @ (9,4,3)  (ранен)

--- Состояние команд после хода ---
  Team A: живых 8/8
    ✓ Артиллерия A1      @ (2,3,6) hp=1/1
    ✓ Радиовышка A2      @ (3,2,5) hp=3/3
    ✓ Прыгун A3          @ (3,1,5) hp=2/2
    ✓ Факел A4           @ (2,7,6) hp=6/6
    ✓ Тишина A5          @ (3,5,5) hp=2/2
    ✓ Бурав A6           @ (2,6,5) hp=4/4
    ✓ Провокатор A7      @ (3,4,5) hp=2/2
    ✓ Паук A8            @ (3,7,5) hp=1/1
  Team B: живых 6/8
    ✓ Радиовышка B2      @ (9,4,3) hp=2/3
    ✓ Прыгун B3          @ (9,8,2) hp=2/2
    ✓ Факел B4           @ (9,5,2) hp=6/6
    ✓ Тишина B5          @ (9,0,2) hp=2/2
    ✓ Бурав B6           @ (9,5,5) hp=4/4
    ✓ Паук B8            @ (9,4,2) hp=1/1
    ✗ Артиллерия B1      @ (9,7,2) [уничтожен]
    ✗ Провокатор B7      @ (9,6,2) [уничтожен]
  Team C: живых 5/8
    ✓ Прыгун C3          @ (9,4,5) hp=2/2
    ✓ Факел C4           @ (9,2,5) hp=6/6
    ✓ Тишина C5          @ (9,9,5) hp=2/2
    ✓ Бурав C6           @ (9,6,2) hp=4/4
    ✓ Провокатор C7      @ (9,0,5) hp=2/2
    ✗ Артиллерия C1      @ (9,7,5) [уничтожен]
    ✗ Радиовышка C2      @ (9,5,5) [уничтожен]
    ✗ Паук C8            @ (9,8,5) [уничтожен]

======================================================================
ХОД 2
======================================================================
✓ 🎮 GM: начинаем ход
GM: start_turn

--- Радиовышки: сканирование слоя Z ---
  Радиовышка A2 (z=5): видит 4 врагов [+4 эксклюзивно] → Бурав B6(9,5,5), Провокатор C7(9,0,5), Факел C4(9,2,5), Прыгун C3(9,4,5)
  Радиовышка B2 (z=3): слой чист

--- Решения ботов ---
  [Team A] Артиллерия A1 (2,3,6) → SHOOT at (9,0,5)
  [Team A] Радиовышка A2 (3,2,5) → MOVE (4,3,5)
  [Team A] Прыгун A3 (3,1,5) → MOVE (4,2,5)
  [Team A] Факел A4 (2,7,6) → MOVE (2,6,6)
  [Team A] Тишина A5 (3,5,5) → MOVE (4,5,5)
  [Team A] Бурав A6 (2,6,5) → MOVE (3,6,5)
  [Team A] Провокатор A7 (3,4,5) → MOVE (4,4,5)
  [Team A] Паук A8 (3,7,5) → MOVE (4,6,5)
  [Team B] Радиовышка B2 (9,4,3) → MOVE (9,4,4)
  [Team B] Прыгун B3 (9,8,2) → MOVE (9,6,2)
  [Team B] Факел B4 (9,5,2) → HEAL (AoE)
  [Team B] Тишина B5 (9,0,2) → MOVE (9,1,3)
  [Team B] Бурав B6 (9,5,5) → MOVE (9,2,5)
  [Team B] Паук B8 → SKIP
  [Team C] Прыгун C3 (9,4,5) → MOVE (9,5,5)
  [Team C] Факел C4 (9,2,5) → SHOOT at (9,5,5)
  [Team C] Тишина C5 (9,9,5) → MOVE (9,8,4)
  [Team C] Бурав C6 (9,6,2) → MOVE (9,5,2)
  [Team C] Провокатор C7 (9,0,5) → HOLOGRAM (9,1,4)
! 🎮 GM: принудительно завершает фазу планирования
GM: end_planning
# 
============================================================
# 🔄 ОБРАБОТКА ХОДА 2
# ============================================================
   🌀 Тишина B5: фаза спала (действовала 1 ход)
   🌀 Тишина C5: фаза спала (действовала 1 ход)
!    ⚠️ Провокатор C7: клетка (9,1,4) уже занята голограммой

📦 ПЕРЕМЕЩЕНИЯ:
   Радиовышка A2: (3, 2, 5) → (4,3,5)
   Прыгун A3: (3, 1, 5) → (4,2,5)
   Факел A4: (2, 7, 6) → (2,6,6)
   Тишина A5: (3, 5, 5) → (4,5,5)
   Бурав A6: (2, 6, 5) → (3,6,5)
   Провокатор A7: (3, 4, 5) → (4,4,5)
   Паук A8: (3, 7, 5) → (4,6,5)
   Радиовышка B2: (9, 4, 3) → (9,4,4)
✓    💥 Прыгун B3 тараном уничтожил Бурав C6 в (9,6,2)
   Прыгун B3: (9, 8, 2) → (9,6,2)
   Тишина B5: (9, 0, 2) → (9,1,3)
✓    💥 Бурав B6 тараном уничтожил Факел C4 в (9,2,5)
   Бурав B6: (9, 5, 5) → (9,2,5)
   Прыгун C3: (9, 4, 5) → (9,5,5)
   Тишина C5: (9, 9, 5) → (9,8,4)

🎯 ВЫСТРЕЛЫ:
✓    ✅ Артиллерия A1 поразил Провокатор C7 (2 урона)!
✓    💚 Факел B4 лечит Радиовышка B2 → hits=0/3
   Выпущено ракет: 1
# 
📊 РЕЗУЛЬТАТЫ ХОДА 2:
✓ 💥 ПОПАДАНИЯ:
✓    Артиллерия A1 (Team A) → Провокатор C7 (Team C)

--- Результаты хода ---
  Team B / Прыгун B3          → Team C / Бурав C6           @ (9,6,2)  (УБИТ)
  Team B / Бурав B6           → Team C / Факел C4           @ (9,2,5)  (УБИТ)
  Team A / Артиллерия A1      → Team C / Провокатор C7      @ (9,0,5)  (УБИТ)

--- Состояние команд после хода ---
  Team A: живых 8/8
    ✓ Артиллерия A1      @ (2,3,6) hp=1/1
    ✓ Радиовышка A2      @ (4,3,5) hp=3/3
    ✓ Прыгун A3          @ (4,2,5) hp=2/2
    ✓ Факел A4           @ (2,6,6) hp=6/6
    ✓ Тишина A5          @ (4,5,5) hp=2/2
    ✓ Бурав A6           @ (3,6,5) hp=4/4
    ✓ Провокатор A7      @ (4,4,5) hp=2/2
    ✓ Паук A8            @ (4,6,5) hp=1/1
  Team B: живых 6/8
    ✓ Радиовышка B2      @ (9,4,4) hp=3/3
    ✓ Прыгун B3          @ (9,6,2) hp=2/2
    ✓ Факел B4           @ (9,5,2) hp=6/6
    ✓ Тишина B5          @ (9,1,3) hp=2/2
    ✓ Бурав B6           @ (9,2,5) hp=4/4
    ✓ Паук B8            @ (9,4,2) hp=1/1
    ✗ Артиллерия B1      @ (9,7,2) [уничтожен]
    ✗ Провокатор B7      @ (9,6,2) [уничтожен]
  Team C: живых 2/8
    ✓ Прыгун C3          @ (9,5,5) hp=2/2
    ✓ Тишина C5          @ (9,8,4) hp=2/2
    ✗ Артиллерия C1      @ (9,7,5) [уничтожен]
    ✗ Радиовышка C2      @ (9,5,5) [уничтожен]
    ✗ Факел C4           @ (9,2,5) [уничтожен]
    ✗ Бурав C6           @ (9,6,2) [уничтожен]
    ✗ Провокатор C7      @ (9,0,5) [уничтожен]
    ✗ Паук C8            @ (9,8,5) [уничтожен]

======================================================================
ХОД 3
======================================================================
✓ 🎮 GM: начинаем ход
GM: start_turn

--- Радиовышки: сканирование слоя Z ---
  Радиовышка A2 (z=5): видит 2 врагов [+2 эксклюзивно] → Бурав B6(9,2,5), Прыгун C3(9,5,5)
  Радиовышка B2 (z=4): видит 1 врагов  → Тишина C5(9,8,4)

--- Решения ботов ---
  [Team A] Артиллерия A1 (2,3,6) → SHOOT at (9,5,5)
  [Team A] Радиовышка A2 (4,3,5) → MOVE (5,2,5)
  [Team A] Прыгун A3 (4,2,5) → SHOOT at (9,2,5)
  [Team A] Факел A4 (2,6,6) → MOVE (3,5,5)
  [Team A] Тишина A5 (4,5,5) → PHASE toggle
  [Team A] Провокатор A7 (4,4,5) → HOLOGRAM (5,3,5)
  [Team A] Паук A8 (4,6,5) → MOVE (5,5,5)
  [Team A] Бурав A6 → SKIP
  [Team B] Радиовышка B2 (9,4,4) → MOVE (9,5,5)
  [Team B] Прыгун B3 (9,6,2) → MOVE (9,8,4)
  [Team B] Факел B4 (9,5,2) → SHOOT at (9,5,5)
  [Team B] Тишина B5 (9,1,3) → MOVE (9,2,4)
  [Team B] Бурав B6 (9,2,5) → MOVE (9,3,5)
  [Team B] Паук B8 (9,4,2) → MINE (9,5,3)
  [Team C] Прыгун C3 (9,5,5) → MOVE (9,4,4)
  [Team C] Тишина C5 (9,8,4) → MOVE (9,7,3)
! 🎮 GM: принудительно завершает фазу планирования
GM: end_planning
# 
============================================================
# 🔄 ОБРАБОТКА ХОДА 3
# ============================================================
   🌀 Тишина A5: уходит в фазу на 1 ход
   🪞 Провокатор A7 создал голограмму H3 в (5,3,5)
!    ⚠️ Паук B8: в клетке уже стоит мина

📦 ПЕРЕМЕЩЕНИЯ:
   Радиовышка A2: (4, 3, 5) → (5,2,5)
   Факел A4: (2, 6, 6) → (3,5,5)
   Паук A8: (4, 6, 5) → (5,5,5)
!    ⚠️ Радиовышка B2: клетка (9,5,5) занята
✓    💥 Прыгун B3 тараном уничтожил Тишина C5 в (9,8,4)
   Прыгун B3: (9, 6, 2) → (9,8,4)
   Тишина B5: (9, 1, 3) → (9,2,4)
   Бурав B6: (9, 2, 5) → (9,3,5)
✓    💥 Прыгун C3 тараном уничтожил Радиовышка B2 в (9,4,4)
   Прыгун C3: (9, 5, 5) → (9,4,4)

🎯 ВЫСТРЕЛЫ:
!    🛡️ Выстрел Прыгун A3 заблокирован союзником Радиовышка A2 в (5, 2, 5)
   Выпущено ракет: 3
# 
📊 РЕЗУЛЬТАТЫ ХОДА 3:
🎯 Попаданий нет

--- Результаты хода ---
  Team B / Прыгун B3          → Team C / Тишина C5          @ (9,8,4)  (УБИТ)
  Team C / Прыгун C3          → Team B / Радиовышка B2      @ (9,4,4)  (УБИТ)

--- Состояние команд после хода ---
  Team A: живых 8/8
    ✓ Артиллерия A1      @ (2,3,6) hp=1/1
    ✓ Радиовышка A2      @ (5,2,5) hp=3/3
    ✓ Прыгун A3          @ (4,2,5) hp=2/2
    ✓ Факел A4           @ (3,5,5) hp=6/6
    ✓ Тишина A5          @ (4,5,5) hp=2/2
    ✓ Бурав A6           @ (3,6,5) hp=4/4
    ✓ Провокатор A7      @ (4,4,5) hp=2/2
    ✓ Паук A8            @ (5,5,5) hp=1/1
  Team B: живых 5/8
    ✓ Прыгун B3          @ (9,8,4) hp=2/2
    ✓ Факел B4           @ (9,5,2) hp=6/6
    ✓ Тишина B5          @ (9,2,4) hp=2/2
    ✓ Бурав B6           @ (9,3,5) hp=4/4
    ✓ Паук B8            @ (9,4,2) hp=1/1
    ✗ Артиллерия B1      @ (9,7,2) [уничтожен]
    ✗ Радиовышка B2      @ (9,4,4) [уничтожен]
    ✗ Провокатор B7      @ (9,6,2) [уничтожен]
  Team C: живых 1/8
    ✓ Прыгун C3          @ (9,4,4) hp=2/2
    ✗ Артиллерия C1      @ (9,7,5) [уничтожен]
    ✗ Радиовышка C2      @ (9,5,5) [уничтожен]
    ✗ Факел C4           @ (9,2,5) [уничтожен]
    ✗ Тишина C5          @ (9,8,4) [уничтожен]
    ✗ Бурав C6           @ (9,6,2) [уничтожен]
    ✗ Провокатор C7      @ (9,0,5) [уничтожен]
    ✗ Паук C8            @ (9,8,5) [уничтожен]

======================================================================
ХОД 4
======================================================================
✓ 🎮 GM: начинаем ход
GM: start_turn

--- Радиовышки: сканирование слоя Z ---
  Радиовышка A2 (z=5): видит 1 врагов  → Бурав B6(9,3,5)

--- Решения ботов ---
  [Team A] Артиллерия A1 (2,3,6) → SHOOT at (9,4,4)
  [Team A] Радиовышка A2 (5,2,5) → MOVE (6,3,4)
  [Team A] Прыгун A3 (4,2,5) → MOVE (5,3,4)
  [Team A] Тишина A5 (4,5,5) → MOVE (5,6,4)
  [Team A] Бурав A6 (3,6,5) → MOVE (4,7,4)
  [Team A] Провокатор A7 (4,4,5) → HOLOGRAM (5,5,4)
  [Team A] Паук A8 (5,5,5) → MINE (6,6,4)
  [Team A] Факел A4 → SKIP
  [Team B] Прыгун B3 (9,8,4) → SHOOT at (9,4,4)
  [Team B] Факел B4 (9,5,2) → MOVE (9,4,3)
  [Team B] Тишина B5 (9,2,4) → MOVE (9,3,4)
  [Team B] Бурав B6 (9,3,5) → MOVE (9,4,4)
  [Team B] Паук B8 → SKIP
  [Team C] Прыгун C3 (9,4,4) → MOVE (9,5,2)
! 🎮 GM: принудительно завершает фазу планирования
GM: end_planning
# 
============================================================
# 🔄 ОБРАБОТКА ХОДА 4
# ============================================================
   🌀 Тишина A5: фаза спала (действовала 1 ход)
   🪞 Провокатор A7 создал голограмму H4 в (5,5,4)
   💣 Паук A8 установил мину M3 в (6,6,4)

📦 ПЕРЕМЕЩЕНИЯ:
   Радиовышка A2: (5, 2, 5) → (6,3,4)
   Прыгун A3: (4, 2, 5) → (5,3,4)
   Тишина A5: (4, 5, 5) → (5,6,4)
!    ⚠️ Бурав A6: Бурав двигается только по 1 оси или по 2 осям строго диагонально
   Факел B4: (9, 5, 2) → (9,4,3)
   Тишина B5: (9, 2, 4) → (9,3,4)
✓    💥 Бурав B6 тараном уничтожил Прыгун C3 в (9,4,4)
   Бурав B6: (9, 3, 5) → (9,4,4)

🎯 ВЫСТРЕЛЫ:
!    🛡️ Выстрел Прыгун B3 заблокирован союзником Бурав B6 в (9, 4, 4)
✓    ✅ Артиллерия A1 поразил Бурав B6 (2 урона)!
   Выпущено ракет: 2
# 
📊 РЕЗУЛЬТАТЫ ХОДА 4:
✓ 💥 ПОПАДАНИЯ:
✓    Артиллерия A1 (Team A) → Бурав B6 (Team B)

--- Результаты хода ---
  Team B / Бурав B6           → Team C / Прыгун C3          @ (9,4,4)  (УБИТ)
  Team A / Артиллерия A1      → Team B / Бурав B6           @ (9,4,4)  (ранен)

--- Состояние команд после хода ---
  Team A: живых 8/8
    ✓ Артиллерия A1      @ (2,3,6) hp=1/1
    ✓ Радиовышка A2      @ (6,3,4) hp=3/3
    ✓ Прыгун A3          @ (5,3,4) hp=2/2
    ✓ Факел A4           @ (3,5,5) hp=6/6
    ✓ Тишина A5          @ (5,6,4) hp=2/2
    ✓ Бурав A6           @ (3,6,5) hp=4/4
    ✓ Провокатор A7      @ (4,4,5) hp=2/2
    ✓ Паук A8            @ (5,5,5) hp=1/1
  Team B: живых 5/8
    ✓ Прыгун B3          @ (9,8,4) hp=2/2
    ✓ Факел B4           @ (9,4,3) hp=6/6
    ✓ Тишина B5          @ (9,3,4) hp=2/2
    ✓ Бурав B6           @ (9,4,4) hp=2/4
    ✓ Паук B8            @ (9,4,2) hp=1/1
    ✗ Артиллерия B1      @ (9,7,2) [уничтожен]
    ✗ Радиовышка B2      @ (9,4,4) [уничтожен]
    ✗ Провокатор B7      @ (9,6,2) [уничтожен]
  Team C: живых 0/8
    ✗ Артиллерия C1      @ (9,7,5) [уничтожен]
    ✗ Радиовышка C2      @ (9,5,5) [уничтожен]
    ✗ Прыгун C3          @ (9,4,4) [уничтожен]
    ✗ Факел C4           @ (9,2,5) [уничтожен]
    ✗ Тишина C5          @ (9,8,4) [уничтожен]
    ✗ Бурав C6           @ (9,6,2) [уничтожен]
    ✗ Провокатор C7      @ (9,0,5) [уничтожен]
    ✗ Паук C8            @ (9,8,5) [уничтожен]

======================================================================
ХОД 5
======================================================================
✓ 🎮 GM: начинаем ход
GM: start_turn

--- Радиовышки: сканирование слоя Z ---
  Радиовышка A2 (z=4): видит 3 врагов  → Тишина B5(9,3,4), Бурав B6(9,4,4), Прыгун B3(9,8,4)

--- Решения ботов ---
  [Team A] Артиллерия A1 (2,3,6) → SHOOT at (9,4,4)
  [Team A] Радиовышка A2 (6,3,4) → MOVE (7,4,3)
  [Team A] Прыгун A3 (5,3,4) → SHOOT at (9,3,4)
  [Team A] Факел A4 (3,5,5) → MOVE (3,4,5)
  [Team A] Тишина A5 (5,6,4) → MOVE (6,7,4)
  [Team A] Бурав A6 (3,6,5) → MOVE (4,7,4)
  [Team A] Провокатор A7 (4,4,5) → HOLOGRAM (5,5,4)
  [Team A] Паук A8 (5,5,5) → MINE (6,6,4)
  [Team B] Прыгун B3 (9,8,4) → MOVE (8,7,4)
  [Team B] Факел B4 (9,4,3) → HEAL (AoE)
  [Team B] Тишина B5 (9,3,4) → PHASE toggle
  [Team B] Бурав B6 (9,4,4) → MOVE (8,3,4)
  [Team B] Паук B8 (9,4,2) → MINE (8,3,3)
  [Team C] все корабли пропускают ход
! 🎮 GM: принудительно завершает фазу планирования
GM: end_planning
# 
============================================================
# 🔄 ОБРАБОТКА ХОДА 5
# ============================================================
   🌀 Тишина B5: уходит в фазу на 1 ход
!    ⚠️ Провокатор A7: клетка (5,5,4) уже занята голограммой
!    ⚠️ Паук A8: в клетке уже стоит мина
   💣 Паук B8 установил мину M4 в (8,3,3)

📦 ПЕРЕМЕЩЕНИЯ:
   Радиовышка A2: (6, 3, 4) → (7,4,3)
   Факел A4: (3, 5, 5) → (3,4,5)
   Тишина A5: (5, 6, 4) → (6,7,4)
!    ⚠️ Бурав A6: Бурав двигается только по 1 оси или по 2 осям строго диагонально
   Прыгун B3: (9, 8, 4) → (8,7,4)
   Бурав B6: (9, 4, 4) → (8,3,4)

🎯 ВЫСТРЕЛЫ:
✓    ✅ Прыгун A3 поразил Бурав B6 (1 урона)!
✓    💚 Факел B4 лечит Бурав B6 → hits=2/4
   Выпущено ракет: 2
# 
📊 РЕЗУЛЬТАТЫ ХОДА 5:
✓ 💥 ПОПАДАНИЯ:
✓    Прыгун A3 (Team A) → Бурав B6 (Team B)

--- Результаты хода ---
  Team A / Прыгун A3          → Team B / Бурав B6           @ (8,3,4)  (ранен)

--- Состояние команд после хода ---
  Team A: живых 8/8
    ✓ Артиллерия A1      @ (2,3,6) hp=1/1
    ✓ Радиовышка A2      @ (7,4,3) hp=3/3
    ✓ Прыгун A3          @ (5,3,4) hp=2/2
    ✓ Факел A4           @ (3,4,5) hp=6/6
    ✓ Тишина A5          @ (6,7,4) hp=2/2
    ✓ Бурав A6           @ (3,6,5) hp=4/4
    ✓ Провокатор A7      @ (4,4,5) hp=2/2
    ✓ Паук A8            @ (5,5,5) hp=1/1
  Team B: живых 5/8
    ✓ Прыгун B3          @ (8,7,4) hp=2/2
    ✓ Факел B4           @ (9,4,3) hp=6/6
    ✓ Тишина B5          @ (9,3,4) hp=2/2
    ✓ Бурав B6           @ (8,3,4) hp=2/4
    ✓ Паук B8            @ (9,4,2) hp=1/1
    ✗ Артиллерия B1      @ (9,7,2) [уничтожен]
    ✗ Радиовышка B2      @ (9,4,4) [уничтожен]
    ✗ Провокатор B7      @ (9,6,2) [уничтожен]
  Team C: живых 0/8
    ✗ Артиллерия C1      @ (9,7,5) [уничтожен]
    ✗ Радиовышка C2      @ (9,5,5) [уничтожен]
    ✗ Прыгун C3          @ (9,4,4) [уничтожен]
    ✗ Факел C4           @ (9,2,5) [уничтожен]
    ✗ Тишина C5          @ (9,8,4) [уничтожен]
    ✗ Бурав C6           @ (9,6,2) [уничтожен]
    ✗ Провокатор C7      @ (9,0,5) [уничтожен]
    ✗ Паук C8            @ (9,8,5) [уничтожен]

======================================================================
ХОД 6
======================================================================
✓ 🎮 GM: начинаем ход
GM: start_turn

--- Радиовышки: сканирование слоя Z ---
  Радиовышка A2 (z=3): видит 1 врагов  → Факел B4(9,4,3)

--- Решения ботов ---
  [Team A] Артиллерия A1 (2,3,6) → SHOOT at (8,7,4)
  [Team A] Радиовышка A2 (7,4,3) → MOVE (8,3,4)
  [Team A] Прыгун A3 (5,3,4) → SHOOT at (8,3,4)
  [Team A] Факел A4 (3,4,5) → MOVE (3,3,5)
  [Team A] Тишина A5 (6,7,4) → MOVE (7,7,4)
  [Team A] Бурав A6 (3,6,5) → MOVE (4,7,4)
  [Team A] Провокатор A7 (4,4,5) → HOLOGRAM (5,5,4)
  [Team A] Паук A8 (5,5,5) → MINE (6,6,4)
  [Team B] Прыгун B3 (8,7,4) → MOVE (6,7,4)
  [Team B] Факел B4 (9,4,3) → HEAL (AoE)
  [Team B] Тишина B5 (9,3,4) → MOVE (8,4,3)
  [Team B] Бурав B6 (8,3,4) → MOVE (5,3,4)
  [Team B] Паук B8 (9,4,2) → MINE (8,4,2)
  [Team C] все корабли пропускают ход
! 🎮 GM: принудительно завершает фазу планирования
GM: end_planning
# 
============================================================
# 🔄 ОБРАБОТКА ХОДА 6
# ============================================================
   🌀 Тишина B5: фаза спала (действовала 1 ход)
!    ⚠️ Провокатор A7: клетка (5,5,4) уже занята голограммой
!    ⚠️ Паук A8: в клетке уже стоит мина
   💣 Паук B8 установил мину M5 в (8,4,2)

📦 ПЕРЕМЕЩЕНИЯ:
!    ⚠️ Радиовышка A2: клетка (8,3,4) занята
   Факел A4: (3, 4, 5) → (3,3,5)
   Тишина A5: (6, 7, 4) → (7,7,4)
!    ⚠️ Бурав A6: Бурав двигается только по 1 оси или по 2 осям строго диагонально
   Прыгун B3: (8, 7, 4) → (6,7,4)
   Тишина B5: (9, 3, 4) → (8,4,3)
✓    💥 Бурав B6 тараном уничтожил Прыгун A3 в (5,3,4)
   Бурав B6: (8, 3, 4) → (5,3,4)

🎯 ВЫСТРЕЛЫ:
!    ⚠️ Факел B4: некого лечить
   Выпущено ракет: 1
# 
📊 РЕЗУЛЬТАТЫ ХОДА 6:
🎯 Попаданий нет

--- Результаты хода ---
  Team B / Бурав B6           → Team A / Прыгун A3          @ (5,3,4)  (УБИТ)

--- Состояние команд после хода ---
  Team A: живых 7/8
    ✓ Артиллерия A1      @ (2,3,6) hp=1/1
    ✓ Радиовышка A2      @ (7,4,3) hp=3/3
    ✓ Факел A4           @ (3,3,5) hp=6/6
    ✓ Тишина A5          @ (7,7,4) hp=2/2
    ✓ Бурав A6           @ (3,6,5) hp=4/4
    ✓ Провокатор A7      @ (4,4,5) hp=2/2
    ✓ Паук A8            @ (5,5,5) hp=1/1
    ✗ Прыгун A3          @ (5,3,4) [уничтожен]
  Team B: живых 5/8
    ✓ Прыгун B3          @ (6,7,4) hp=2/2
    ✓ Факел B4           @ (9,4,3) hp=6/6
    ✓ Тишина B5          @ (8,4,3) hp=2/2
    ✓ Бурав B6           @ (5,3,4) hp=2/4
    ✓ Паук B8            @ (9,4,2) hp=1/1
    ✗ Артиллерия B1      @ (9,7,2) [уничтожен]
    ✗ Радиовышка B2      @ (9,4,4) [уничтожен]
    ✗ Провокатор B7      @ (9,6,2) [уничтожен]
  Team C: живых 0/8
    ✗ Артиллерия C1      @ (9,7,5) [уничтожен]
    ✗ Радиовышка C2      @ (9,5,5) [уничтожен]
    ✗ Прыгун C3          @ (9,4,4) [уничтожен]
    ✗ Факел C4           @ (9,2,5) [уничтожен]
    ✗ Тишина C5          @ (9,8,4) [уничтожен]
    ✗ Бурав C6           @ (9,6,2) [уничтожен]
    ✗ Провокатор C7      @ (9,0,5) [уничтожен]
    ✗ Паук C8            @ (9,8,5) [уничтожен]

======================================================================
ХОД 7
======================================================================
✓ 🎮 GM: начинаем ход
GM: start_turn

--- Радиовышки: сканирование слоя Z ---
  Радиовышка A2 (z=3): видит 2 врагов  → Тишина B5(8,4,3), Факел B4(9,4,3)

--- Решения ботов ---
  [Team A] Артиллерия A1 (2,3,6) → SHOOT at (5,3,4)
  [Team A] Радиовышка A2 (7,4,3) → MOVE (8,4,3)
  [Team A] Факел A4 (3,3,5) → MOVE (3,4,5)
  [Team A] Тишина A5 (7,7,4) → PHASE toggle
  [Team A] Бурав A6 (3,6,5) → MOVE (4,7,4)
  [Team A] Провокатор A7 (4,4,5) → HOLOGRAM (5,3,4)
  [Team A] Паук A8 (5,5,5) → MINE (6,6,4)
  [Team B] Прыгун B3 (6,7,4) → MOVE (7,7,4)
  [Team B] Факел B4 (9,4,3) → SHOOT at (7,4,3)
  [Team B] Тишина B5 (8,4,3) → MOVE (7,4,3)
  [Team B] Бурав B6 (5,3,4) → MOVE (4,4,5)
  [Team B] Паук B8 (9,4,2) → MINE (8,4,2)
  [Team C] все корабли пропускают ход
! 🎮 GM: принудительно завершает фазу планирования
GM: end_planning
# 
============================================================
# 🔄 ОБРАБОТКА ХОДА 7
# ============================================================
   🌀 Тишина A5: уходит в фазу на 1 ход
!    ⚠️ Провокатор A7: клетка (5,3,4) занята кораблём
!    ⚠️ Паук A8: в клетке уже стоит мина
!    ⚠️ Паук B8: в клетке уже стоит мина

📦 ПЕРЕМЕЩЕНИЯ:
!    ⚠️ Радиовышка A2: клетка (8,4,3) занята
   Факел A4: (3, 3, 5) → (3,4,5)
!    ⚠️ Бурав A6: Бурав двигается только по 1 оси или по 2 осям строго диагонально
✓    💥 Прыгун B3 пробивает фазу Тишина A5 тараном
✓    💥 Прыгун B3 тараном уничтожил Тишина A5 в (7,7,4)
   Прыгун B3: (6, 7, 4) → (7,7,4)
!    ⚠️ Тишина B5: клетка (7,4,3) занята
!    ⚠️ Бурав B6: Бурав двигается только по 1 оси или по 2 осям строго диагонально

🎯 ВЫСТРЕЛЫ:
!    🛡️ Выстрел Факел B4 заблокирован союзником Тишина B5 в (8, 4, 3)
✓    ✅ Артиллерия A1 поразил Бурав B6 (2 урона)!
   Выпущено ракет: 2
# 
📊 РЕЗУЛЬТАТЫ ХОДА 7:
✓ 💥 ПОПАДАНИЯ:
✓    Артиллерия A1 (Team A) → Бурав B6 (Team B)

--- Результаты хода ---
  Team B / Прыгун B3          → Team A / Тишина A5          @ (7,7,4)  (УБИТ)
  Team A / Артиллерия A1      → Team B / Бурав B6           @ (5,3,4)  (УБИТ)

--- Состояние команд после хода ---
  Team A: живых 6/8
    ✓ Артиллерия A1      @ (2,3,6) hp=1/1
    ✓ Радиовышка A2      @ (7,4,3) hp=3/3
    ✓ Факел A4           @ (3,4,5) hp=6/6
    ✓ Бурав A6           @ (3,6,5) hp=4/4
    ✓ Провокатор A7      @ (4,4,5) hp=2/2
    ✓ Паук A8            @ (5,5,5) hp=1/1
    ✗ Прыгун A3          @ (5,3,4) [уничтожен]
    ✗ Тишина A5          @ (7,7,4) [уничтожен]
  Team B: живых 4/8
    ✓ Прыгун B3          @ (7,7,4) hp=2/2
    ✓ Факел B4           @ (9,4,3) hp=6/6
    ✓ Тишина B5          @ (8,4,3) hp=2/2
    ✓ Паук B8            @ (9,4,2) hp=1/1
    ✗ Артиллерия B1      @ (9,7,2) [уничтожен]
    ✗ Радиовышка B2      @ (9,4,4) [уничтожен]
    ✗ Бурав B6           @ (5,3,4) [уничтожен]
    ✗ Провокатор B7      @ (9,6,2) [уничтожен]
  Team C: живых 0/8
    ✗ Артиллерия C1      @ (9,7,5) [уничтожен]
    ✗ Радиовышка C2      @ (9,5,5) [уничтожен]
    ✗ Прыгун C3          @ (9,4,4) [уничтожен]
    ✗ Факел C4           @ (9,2,5) [уничтожен]
    ✗ Тишина C5          @ (9,8,4) [уничтожен]
    ✗ Бурав C6           @ (9,6,2) [уничтожен]
    ✗ Провокатор C7      @ (9,0,5) [уничтожен]
    ✗ Паук C8            @ (9,8,5) [уничтожен]

======================================================================
ХОД 8
======================================================================
✓ 🎮 GM: начинаем ход
GM: start_turn

--- Радиовышки: сканирование слоя Z ---
  Радиовышка A2 (z=3): видит 2 врагов  → Тишина B5(8,4,3), Факел B4(9,4,3)

--- Решения ботов ---
  [Team A] Артиллерия A1 (2,3,6) → SHOOT at (7,7,4)
  [Team A] Радиовышка A2 (7,4,3) → MOVE (8,4,3)
  [Team A] Бурав A6 (3,6,5) → MOVE (4,7,4)
  [Team A] Провокатор A7 (4,4,5) → HOLOGRAM (5,5,4)
  [Team A] Паук A8 (5,5,5) → MINE (6,6,5)
  [Team A] Факел A4 → SKIP
  [Team B] Прыгун B3 (7,7,4) → MOVE (5,5,5)
  [Team B] Факел B4 (9,4,3) → SHOOT at (7,4,3)
  [Team B] Тишина B5 (8,4,3) → MOVE (7,4,3)
  [Team B] Паук B8 (9,4,2) → MINE (8,4,2)
  [Team C] все корабли пропускают ход
! 🎮 GM: принудительно завершает фазу планирования
GM: end_planning
# 
============================================================
# 🔄 ОБРАБОТКА ХОДА 8
# ============================================================
!    ⚠️ Провокатор A7: клетка (5,5,4) уже занята голограммой
   💣 Паук A8 установил мину M6 в (6,6,5)
!    ⚠️ Паук B8: в клетке уже стоит мина

📦 ПЕРЕМЕЩЕНИЯ:
!    ⚠️ Радиовышка A2: клетка (8,4,3) занята
!    ⚠️ Бурав A6: Бурав двигается только по 1 оси или по 2 осям строго диагонально
✓    💥 Прыгун B3 тараном уничтожил Паук A8 в (5,5,5)
   Прыгун B3: (7, 7, 4) → (5,5,5)
!    ⚠️ Тишина B5: клетка (7,4,3) занята

🎯 ВЫСТРЕЛЫ:
!    🛡️ Выстрел Факел B4 заблокирован союзником Тишина B5 в (8, 4, 3)
   Выпущено ракет: 2
# 
📊 РЕЗУЛЬТАТЫ ХОДА 8:
🎯 Попаданий нет

--- Результаты хода ---
  Team B / Прыгун B3          → Team A / Паук A8            @ (5,5,5)  (УБИТ)

--- Состояние команд после хода ---
  Team A: живых 5/8
    ✓ Артиллерия A1      @ (2,3,6) hp=1/1
    ✓ Радиовышка A2      @ (7,4,3) hp=3/3
    ✓ Факел A4           @ (3,4,5) hp=6/6
    ✓ Бурав A6           @ (3,6,5) hp=4/4
    ✓ Провокатор A7      @ (4,4,5) hp=2/2
    ✗ Прыгун A3          @ (5,3,4) [уничтожен]
    ✗ Тишина A5          @ (7,7,4) [уничтожен]
    ✗ Паук A8            @ (5,5,5) [уничтожен]
  Team B: живых 4/8
    ✓ Прыгун B3          @ (5,5,5) hp=2/2
    ✓ Факел B4           @ (9,4,3) hp=6/6
    ✓ Тишина B5          @ (8,4,3) hp=2/2
    ✓ Паук B8            @ (9,4,2) hp=1/1
    ✗ Артиллерия B1      @ (9,7,2) [уничтожен]
    ✗ Радиовышка B2      @ (9,4,4) [уничтожен]
    ✗ Бурав B6           @ (5,3,4) [уничтожен]
    ✗ Провокатор B7      @ (9,6,2) [уничтожен]
  Team C: живых 0/8
    ✗ Артиллерия C1      @ (9,7,5) [уничтожен]
    ✗ Радиовышка C2      @ (9,5,5) [уничтожен]
    ✗ Прыгун C3          @ (9,4,4) [уничтожен]
    ✗ Факел C4           @ (9,2,5) [уничтожен]
    ✗ Тишина C5          @ (9,8,4) [уничтожен]
    ✗ Бурав C6           @ (9,6,2) [уничтожен]
    ✗ Провокатор C7      @ (9,0,5) [уничтожен]
    ✗ Паук C8            @ (9,8,5) [уничтожен]

======================================================================
ХОД 9
======================================================================
✓ 🎮 GM: начинаем ход
GM: start_turn

--- Радиовышки: сканирование слоя Z ---
  Радиовышка A2 (z=3): видит 2 врагов [+1 эксклюзивно] → Тишина B5(8,4,3), Факел B4(9,4,3)

--- Решения ботов ---
  [Team A] Артиллерия A1 (2,3,6) → SHOOT at (5,5,5)
  [Team A] Радиовышка A2 (7,4,3) → MOVE (8,4,3)
  [Team A] Бурав A6 (3,6,5) → MOVE (4,5,5)
  [Team A] Провокатор A7 (4,4,5) → HOLOGRAM (5,5,5)
  [Team A] Факел A4 → SKIP
  [Team B] Прыгун B3 (5,5,5) → MOVE (3,4,5)
  [Team B] Факел B4 (9,4,3) → SHOOT at (7,4,3)
  [Team B] Тишина B5 (8,4,3) → PHASE toggle
  [Team B] Паук B8 (9,4,2) → MINE (8,4,2)
  [Team C] все корабли пропускают ход
! 🎮 GM: принудительно завершает фазу планирования
GM: end_planning
# 
============================================================
# 🔄 ОБРАБОТКА ХОДА 9
# ============================================================
   🌀 Тишина B5: уходит в фазу на 1 ход
!    ⚠️ Провокатор A7: клетка (5,5,5) занята кораблём
!    ⚠️ Паук B8: в клетке уже стоит мина

📦 ПЕРЕМЕЩЕНИЯ:
   Радиовышка A2: (7, 4, 3) → (8,4,3)
   Бурав A6: (3, 6, 5) → (4,5,5)
✓    💥 Прыгун B3 тараном уничтожил Факел A4 в (3,4,5)
   Прыгун B3: (5, 5, 5) → (3,4,5)

🎯 ВЫСТРЕЛЫ:
✓    ✅ Факел B4 поразил Радиовышка A2 (1 урона)!
   Выпущено ракет: 2
# 
📊 РЕЗУЛЬТАТЫ ХОДА 9:
✓ 💥 ПОПАДАНИЯ:
✓    Факел B4 (Team B) → Радиовышка A2 (Team A)

--- Результаты хода ---
  Team B / Прыгун B3          → Team A / Факел A4           @ (3,4,5)  (УБИТ)
  Team B / Факел B4           → Team A / Радиовышка A2      @ (8,4,3)  (ранен)

--- Состояние команд после хода ---
  Team A: живых 4/8
    ✓ Артиллерия A1      @ (2,3,6) hp=1/1
    ✓ Радиовышка A2      @ (8,4,3) hp=2/3
    ✓ Бурав A6           @ (4,5,5) hp=4/4
    ✓ Провокатор A7      @ (4,4,5) hp=2/2
    ✗ Прыгун A3          @ (5,3,4) [уничтожен]
    ✗ Факел A4           @ (3,4,5) [уничтожен]
    ✗ Тишина A5          @ (7,7,4) [уничтожен]
    ✗ Паук A8            @ (5,5,5) [уничтожен]
  Team B: живых 4/8
    ✓ Прыгун B3          @ (3,4,5) hp=2/2
    ✓ Факел B4           @ (9,4,3) hp=6/6
    ✓ Тишина B5          @ (8,4,3) hp=2/2
    ✓ Паук B8            @ (9,4,2) hp=1/1
    ✗ Артиллерия B1      @ (9,7,2) [уничтожен]
    ✗ Радиовышка B2      @ (9,4,4) [уничтожен]
    ✗ Бурав B6           @ (5,3,4) [уничтожен]
    ✗ Провокатор B7      @ (9,6,2) [уничтожен]
  Team C: живых 0/8
    ✗ Артиллерия C1      @ (9,7,5) [уничтожен]
    ✗ Радиовышка C2      @ (9,5,5) [уничтожен]
    ✗ Прыгун C3          @ (9,4,4) [уничтожен]
    ✗ Факел C4           @ (9,2,5) [уничтожен]
    ✗ Тишина C5          @ (9,8,4) [уничтожен]
    ✗ Бурав C6           @ (9,6,2) [уничтожен]
    ✗ Провокатор C7      @ (9,0,5) [уничтожен]
    ✗ Паук C8            @ (9,8,5) [уничтожен]

======================================================================
ХОД 10
======================================================================
✓ 🎮 GM: начинаем ход
GM: start_turn

--- Радиовышки: сканирование слоя Z ---
  Радиовышка A2 (z=3): видит 1 врагов [+1 эксклюзивно] → Факел B4(9,4,3)

--- Решения ботов ---
  [Team A] Артиллерия A1 (2,3,6) → SHOOT at (3,4,5)
  [Team A] Радиовышка A2 (8,4,3) → MOVE (9,4,3)
  [Team A] Бурав A6 (4,5,5) → MOVE (3,4,5)
  [Team A] Провокатор A7 (4,4,5) → SHOOT at (3,4,5)
  [Team B] Прыгун B3 (3,4,5) → MOVE (2,3,6)
  [Team B] Факел B4 (9,4,3) → SHOOT at (8,4,3)
  [Team B] Паук B8 (9,4,2) → MINE (8,4,2)
  [Team B] Тишина B5 → SKIP
  [Team C] все корабли пропускают ход
! 🎮 GM: принудительно завершает фазу планирования
GM: end_planning
# 
============================================================
# 🔄 ОБРАБОТКА ХОДА 10
# ============================================================
   🌀 Тишина B5: фаза спала (действовала 1 ход)
!    ⚠️ Паук B8: в клетке уже стоит мина

📦 ПЕРЕМЕЩЕНИЯ:
!    ⚠️ Радиовышка A2: клетка (9,4,3) занята
✓    💥 Бурав A6 тараном уничтожил Прыгун B3 в (3,4,5)
   Бурав A6: (4, 5, 5) → (3,4,5)

🎯 ВЫСТРЕЛЫ:
!    🛡️ Выстрел Провокатор A7 заблокирован союзником Бурав A6 в (3, 4, 5)
✓    ✅ Факел B4 поразил Радиовышка A2 (1 урона)!
   Выпущено ракет: 3
# 
📊 РЕЗУЛЬТАТЫ ХОДА 10:
✓ 💥 ПОПАДАНИЯ:
✓    Факел B4 (Team B) → Радиовышка A2 (Team A)

--- Результаты хода ---
  Team A / Бурав A6           → Team B / Прыгун B3          @ (3,4,5)  (УБИТ)
  Team B / Факел B4           → Team A / Радиовышка A2      @ (8,4,3)  (ранен)

--- Состояние команд после хода ---
  Team A: живых 4/8
    ✓ Артиллерия A1      @ (2,3,6) hp=1/1
    ✓ Радиовышка A2      @ (8,4,3) hp=1/3
    ✓ Бурав A6           @ (3,4,5) hp=4/4
    ✓ Провокатор A7      @ (4,4,5) hp=2/2
    ✗ Прыгун A3          @ (5,3,4) [уничтожен]
    ✗ Факел A4           @ (3,4,5) [уничтожен]
    ✗ Тишина A5          @ (7,7,4) [уничтожен]
    ✗ Паук A8            @ (5,5,5) [уничтожен]
  Team B: живых 3/8
    ✓ Факел B4           @ (9,4,3) hp=6/6
    ✓ Тишина B5          @ (8,4,3) hp=2/2
    ✓ Паук B8            @ (9,4,2) hp=1/1
    ✗ Артиллерия B1      @ (9,7,2) [уничтожен]
    ✗ Радиовышка B2      @ (9,4,4) [уничтожен]
    ✗ Прыгун B3          @ (3,4,5) [уничтожен]
    ✗ Бурав B6           @ (5,3,4) [уничтожен]
    ✗ Провокатор B7      @ (9,6,2) [уничтожен]
  Team C: живых 0/8
    ✗ Артиллерия C1      @ (9,7,5) [уничтожен]
    ✗ Радиовышка C2      @ (9,5,5) [уничтожен]
    ✗ Прыгун C3          @ (9,4,4) [уничтожен]
    ✗ Факел C4           @ (9,2,5) [уничтожен]
    ✗ Тишина C5          @ (9,8,4) [уничтожен]
    ✗ Бурав C6           @ (9,6,2) [уничтожен]
    ✗ Провокатор C7      @ (9,0,5) [уничтожен]
    ✗ Паук C8            @ (9,8,5) [уничтожен]

======================================================================
ХОД 11
======================================================================
✓ 🎮 GM: начинаем ход
GM: start_turn

--- Радиовышки: сканирование слоя Z ---
  Радиовышка A2 (z=3): видит 2 врагов [+1 эксклюзивно] → Тишина B5(8,4,3), Факел B4(9,4,3)

--- Решения ботов ---
  [Team A] Артиллерия A1 (2,3,6) → SHOOT at (8,4,3)
  [Team A] Бурав A6 (3,4,5) → MOVE (4,4,4)
  [Team A] Провокатор A7 (4,4,5) → HOLOGRAM (5,4,4)
  [Team A] Радиовышка A2 → SKIP
  [Team B] Факел B4 (9,4,3) → SHOOT at (8,4,3)
  [Team B] Паук B8 (9,4,2) → MINE (8,4,2)
  [Team B] Тишина B5 → SKIP
  [Team C] все корабли пропускают ход
! 🎮 GM: принудительно завершает фазу планирования
GM: end_planning
# 
============================================================
# 🔄 ОБРАБОТКА ХОДА 11
# ============================================================
   🪞 Провокатор A7 создал голограмму H5 в (5,4,4)
!    ⚠️ Паук B8: в клетке уже стоит мина

📦 ПЕРЕМЕЩЕНИЯ:
   Бурав A6: (3, 4, 5) → (4,4,4)

🎯 ВЫСТРЕЛЫ:
✓    ✅ Артиллерия A1 поразил Тишина B5 (2 урона)!
✓    ✅ Факел B4 поразил Радиовышка A2 (1 урона)!
   Выпущено ракет: 2
# 
📊 РЕЗУЛЬТАТЫ ХОДА 11:
✓ 💥 ПОПАДАНИЯ:
✓    Артиллерия A1 (Team A) → Тишина B5 (Team B)
✓    Факел B4 (Team B) → Радиовышка A2 (Team A)

--- Результаты хода ---
  Team A / Артиллерия A1      → Team B / Тишина B5          @ (8,4,3)  (УБИТ)
  Team B / Факел B4           → Team A / Радиовышка A2      @ (8,4,3)  (УБИТ)

--- Состояние команд после хода ---
  Team A: живых 3/8
    ✓ Артиллерия A1      @ (2,3,6) hp=1/1
    ✓ Бурав A6           @ (4,4,4) hp=4/4
    ✓ Провокатор A7      @ (4,4,5) hp=2/2
    ✗ Радиовышка A2      @ (8,4,3) [уничтожен]
    ✗ Прыгун A3          @ (5,3,4) [уничтожен]
    ✗ Факел A4           @ (3,4,5) [уничтожен]
    ✗ Тишина A5          @ (7,7,4) [уничтожен]
    ✗ Паук A8            @ (5,5,5) [уничтожен]
  Team B: живых 2/8
    ✓ Факел B4           @ (9,4,3) hp=6/6
    ✓ Паук B8            @ (9,4,2) hp=1/1
    ✗ Артиллерия B1      @ (9,7,2) [уничтожен]
    ✗ Радиовышка B2      @ (9,4,4) [уничтожен]
    ✗ Прыгун B3          @ (3,4,5) [уничтожен]
    ✗ Тишина B5          @ (8,4,3) [уничтожен]
    ✗ Бурав B6           @ (5,3,4) [уничтожен]
    ✗ Провокатор B7      @ (9,6,2) [уничтожен]
  Team C: живых 0/8
    ✗ Артиллерия C1      @ (9,7,5) [уничтожен]
    ✗ Радиовышка C2      @ (9,5,5) [уничтожен]
    ✗ Прыгун C3          @ (9,4,4) [уничтожен]
    ✗ Факел C4           @ (9,2,5) [уничтожен]
    ✗ Тишина C5          @ (9,8,4) [уничтожен]
    ✗ Бурав C6           @ (9,6,2) [уничтожен]
    ✗ Провокатор C7      @ (9,0,5) [уничтожен]
    ✗ Паук C8            @ (9,8,5) [уничтожен]

======================================================================
ХОД 12
======================================================================
✓ 🎮 GM: начинаем ход
GM: start_turn

--- Радиовышки: сканирование слоя Z ---
  (у команд не осталось живых радиовышек)

--- Решения ботов ---
  [Team A] Артиллерия A1 (2,3,6) → SHOOT at (7,4,5)
  [Team A] Бурав A6 (4,4,4) → MOVE (5,4,3)
  [Team A] Провокатор A7 (4,4,5) → MOVE (5,4,4)
  [Team B] Паук B8 (9,4,2) → MOVE (8,4,3)
  [Team B] Факел B4 → SKIP
  [Team C] все корабли пропускают ход
! 🎮 GM: принудительно завершает фазу планирования
GM: end_planning
# 
============================================================
# 🔄 ОБРАБОТКА ХОДА 12
# ============================================================

📦 ПЕРЕМЕЩЕНИЯ:
   Бурав A6: (4, 4, 4) → (5,4,3)
!    ⚠️ Провокатор A7: клетка (5,4,4) занята
   Паук B8: (9, 4, 2) → (8,4,3)

🎯 ВЫСТРЕЛЫ:
   Выпущено ракет: 1
# 
📊 РЕЗУЛЬТАТЫ ХОДА 12:
🎯 Попаданий нет

--- Результаты хода ---
  Попаданий нет

--- Состояние команд после хода ---
  Team A: живых 3/8
    ✓ Артиллерия A1      @ (2,3,6) hp=1/1
    ✓ Бурав A6           @ (5,4,3) hp=4/4
    ✓ Провокатор A7      @ (4,4,5) hp=2/2
    ✗ Радиовышка A2      @ (8,4,3) [уничтожен]
    ✗ Прыгун A3          @ (5,3,4) [уничтожен]
    ✗ Факел A4           @ (3,4,5) [уничтожен]
    ✗ Тишина A5          @ (7,7,4) [уничтожен]
    ✗ Паук A8            @ (5,5,5) [уничтожен]
  Team B: живых 2/8
    ✓ Факел B4           @ (9,4,3) hp=6/6
    ✓ Паук B8            @ (8,4,3) hp=1/1
    ✗ Артиллерия B1      @ (9,7,2) [уничтожен]
    ✗ Радиовышка B2      @ (9,4,4) [уничтожен]
    ✗ Прыгун B3          @ (3,4,5) [уничтожен]
    ✗ Тишина B5          @ (8,4,3) [уничтожен]
    ✗ Бурав B6           @ (5,3,4) [уничтожен]
    ✗ Провокатор B7      @ (9,6,2) [уничтожен]
  Team C: живых 0/8
    ✗ Артиллерия C1      @ (9,7,5) [уничтожен]
    ✗ Радиовышка C2      @ (9,5,5) [уничтожен]
    ✗ Прыгун C3          @ (9,4,4) [уничтожен]
    ✗ Факел C4           @ (9,2,5) [уничтожен]
    ✗ Тишина C5          @ (9,8,4) [уничтожен]
    ✗ Бурав C6           @ (9,6,2) [уничтожен]
    ✗ Провокатор C7      @ (9,0,5) [уничтожен]
    ✗ Паук C8            @ (9,8,5) [уничтожен]

======================================================================
ХОД 13
======================================================================
✓ 🎮 GM: начинаем ход
GM: start_turn

--- Радиовышки: сканирование слоя Z ---
  (у команд не осталось живых радиовышек)

--- Решения ботов ---
  [Team A] Артиллерия A1 (2,3,6) → SHOOT at (8,4,3)
  [Team A] Бурав A6 (5,4,3) → MOVE (8,4,3)
  [Team A] Провокатор A7 (4,4,5) → HOLOGRAM (5,4,4)
  [Team B] Факел B4 (9,4,3) → SHOOT at (5,4,3)
  [Team B] Паук B8 (8,4,3) → MINE (7,4,3)
  [Team C] все корабли пропускают ход
! 🎮 GM: принудительно завершает фазу планирования
GM: end_planning
# 
============================================================
# 🔄 ОБРАБОТКА ХОДА 13
# ============================================================
!    ⚠️ Провокатор A7: клетка (5,4,4) уже занята голограммой
   💣 Паук B8 установил мину M7 в (7,4,3)

📦 ПЕРЕМЕЩЕНИЯ:
✓    💥 Бурав A6 тараном уничтожил Паук B8 в (8,4,3)
   Бурав A6: (5, 4, 3) → (8,4,3)

🎯 ВЫСТРЕЛЫ:
✓    ✅ Факел B4 поразил Бурав A6 (1 урона)!
   Выпущено ракет: 2
# 
📊 РЕЗУЛЬТАТЫ ХОДА 13:
✓ 💥 ПОПАДАНИЯ:
✓    Факел B4 (Team B) → Бурав A6 (Team A)

--- Результаты хода ---
  Team A / Бурав A6           → Team B / Паук B8            @ (8,4,3)  (УБИТ)
  Team B / Факел B4           → Team A / Бурав A6           @ (8,4,3)  (ранен)

--- Состояние команд после хода ---
  Team A: живых 3/8
    ✓ Артиллерия A1      @ (2,3,6) hp=1/1
    ✓ Бурав A6           @ (8,4,3) hp=3/4
    ✓ Провокатор A7      @ (4,4,5) hp=2/2
    ✗ Радиовышка A2      @ (8,4,3) [уничтожен]
    ✗ Прыгун A3          @ (5,3,4) [уничтожен]
    ✗ Факел A4           @ (3,4,5) [уничтожен]
    ✗ Тишина A5          @ (7,7,4) [уничтожен]
    ✗ Паук A8            @ (5,5,5) [уничтожен]
  Team B: живых 1/8
    ✓ Факел B4           @ (9,4,3) hp=6/6
    ✗ Артиллерия B1      @ (9,7,2) [уничтожен]
    ✗ Радиовышка B2      @ (9,4,4) [уничтожен]
    ✗ Прыгун B3          @ (3,4,5) [уничтожен]
    ✗ Тишина B5          @ (8,4,3) [уничтожен]
    ✗ Бурав B6           @ (5,3,4) [уничтожен]
    ✗ Провокатор B7      @ (9,6,2) [уничтожен]
    ✗ Паук B8            @ (8,4,3) [уничтожен]
  Team C: живых 0/8
    ✗ Артиллерия C1      @ (9,7,5) [уничтожен]
    ✗ Радиовышка C2      @ (9,5,5) [уничтожен]
    ✗ Прыгун C3          @ (9,4,4) [уничтожен]
    ✗ Факел C4           @ (9,2,5) [уничтожен]
    ✗ Тишина C5          @ (9,8,4) [уничтожен]
    ✗ Бурав C6           @ (9,6,2) [уничтожен]
    ✗ Провокатор C7      @ (9,0,5) [уничтожен]
    ✗ Паук C8            @ (9,8,5) [уничтожен]

======================================================================
ХОД 14
======================================================================
✓ 🎮 GM: начинаем ход
GM: start_turn

--- Радиовышки: сканирование слоя Z ---
  (у команд не осталось живых радиовышек)

--- Решения ботов ---
  [Team A] Артиллерия A1 (2,3,6) → SHOOT at (9,4,3)
  [Team A] Бурав A6 (8,4,3) → MOVE (9,4,3)
  [Team A] Провокатор A7 (4,4,5) → HOLOGRAM (5,4,4)
  [Team B] Факел B4 (9,4,3) → SHOOT at (8,4,3)
  [Team C] все корабли пропускают ход
! 🎮 GM: принудительно завершает фазу планирования
GM: end_planning
# 
============================================================
# 🔄 ОБРАБОТКА ХОДА 14
# ============================================================
!    ⚠️ Провокатор A7: клетка (5,4,4) уже занята голограммой

📦 ПЕРЕМЕЩЕНИЯ:
✓    💥 Бурав A6 тараном уничтожил Факел B4 в (9,4,3)
   Бурав A6: (8, 4, 3) → (9,4,3)

🎯 ВЫСТРЕЛЫ:
   Выпущено ракет: 1
# 
📊 РЕЗУЛЬТАТЫ ХОДА 14:
🎯 Попаданий нет
# 
🎮🎮🎮🎮🎮🎮🎮🎮🎮🎮🎮🎮🎮🎮🎮🎮🎮🎮🎮🎮
#         ИГРА ОКОНЧЕНА!
# 🎮🎮🎮🎮🎮🎮🎮🎮🎮🎮🎮🎮🎮🎮🎮🎮🎮🎮🎮🎮
✓         🏆 ПОБЕДИТЕЛЬ: Team A

--- Результаты хода ---
  Team A / Бурав A6           → Team B / Факел B4           @ (9,4,3)  (УБИТ)

--- Состояние команд после хода ---
  Team A: живых 3/8
    ✓ Артиллерия A1      @ (2,3,6) hp=1/1
    ✓ Бурав A6           @ (9,4,3) hp=3/4
    ✓ Провокатор A7      @ (4,4,5) hp=2/2
    ✗ Радиовышка A2      @ (8,4,3) [уничтожен]
    ✗ Прыгун A3          @ (5,3,4) [уничтожен]
    ✗ Факел A4           @ (3,4,5) [уничтожен]
    ✗ Тишина A5          @ (7,7,4) [уничтожен]
    ✗ Паук A8            @ (5,5,5) [уничтожен]
  Team B: живых 0/8
    ✗ Артиллерия B1      @ (9,7,2) [уничтожен]
    ✗ Радиовышка B2      @ (9,4,4) [уничтожен]
    ✗ Прыгун B3          @ (3,4,5) [уничтожен]
    ✗ Факел B4           @ (9,4,3) [уничтожен]
    ✗ Тишина B5          @ (8,4,3) [уничтожен]
    ✗ Бурав B6           @ (5,3,4) [уничтожен]
    ✗ Провокатор B7      @ (9,6,2) [уничтожен]
    ✗ Паук B8            @ (8,4,3) [уничтожен]
  Team C: живых 0/8
    ✗ Артиллерия C1      @ (9,7,5) [уничтожен]
    ✗ Радиовышка C2      @ (9,5,5) [уничтожен]
    ✗ Прыгун C3          @ (9,4,4) [уничтожен]
    ✗ Факел C4           @ (9,2,5) [уничтожен]
    ✗ Тишина C5          @ (9,8,4) [уничтожен]
    ✗ Бурав C6           @ (9,6,2) [уничтожен]
    ✗ Провокатор C7      @ (9,0,5) [уничтожен]
    ✗ Паук C8            @ (9,8,5) [уничтожен]

======================================================================
ИТОГ
======================================================================
Игра окончена. Победитель: Team A
Ходов сыграно: 14

--- Сводка по командам ---
  Team A: 3/8 живых; hp=6
  Team B: 0/8 живых; hp=0
  Team C: 0/8 живых; hp=0

--- Сводка по пассивкам радиовышек ---
  Team A: сканирований=11, всего врагов-в-слоях=20, уникальных эксклюзивных (видны только радиовышкой)=5
  Team B: сканирований=3, всего врагов-в-слоях=1, уникальных эксклюзивных (видны только радиовышкой)=0
  Team C: сканирований=1, всего врагов-в-слоях=0, уникальных эксклюзивных (видны только радиовышкой)=0

--- Сводка по попаданиям ---
  Всего событий (шоты+тараны+мины): 27
  Уничтожено кораблей всего: 21
  Team A: урон=18 хиты=5 тараны=3 мины(сработало)=0 убийств=6
  Team B: урон=35 хиты=6 тараны=9 мины(сработало)=0 убийств=12
  Team C: урон=8 хиты=2 тараны=2 мины(сработало)=0 убийств=3
! 🎮 GM: остановка игры
