======================================================================
Space Battle 10×10×10 — simulation run at 2026-04-20T13:44:08+00:00
Game mode: advanced
Seed: 141
✓ 🚀 Продвинутый режим: создаю разные типы кораблей
   Команда A: спавн вдоль оси Z от (0, 9, 7) до (0, 9, 5)
   Команда B: спавн вдоль оси Y от (6, 4, 3) до (6, 0, 3)
   Команда C: спавн вдоль оси Z от (5, 5, 9) до (5, 5, 1)
✓ ✅ Создано 24 кораблей


--- СТАРТОВАЯ РАССТАНОВКА ---
  Team A: живых 8/8
    ✓ Артиллерия A1      @ (0,9,7) hp=1/1
    ✓ Радиовышка A2      @ (0,9,2) hp=3/3
    ✓ Прыгун A3          @ (0,9,9) hp=2/2
    ✓ Факел A4           @ (0,9,0) hp=6/6
    ✓ Тишина A5          @ (0,9,8) hp=2/2
    ✓ Бурав A6           @ (0,9,4) hp=4/4
    ✓ Провокатор A7      @ (0,9,6) hp=2/2
    ✓ Паук A8            @ (0,9,5) hp=1/1
  Team B: живых 8/8
    ✓ Артиллерия B1      @ (6,4,3) hp=1/1
    ✓ Радиовышка B2      @ (6,8,3) hp=3/3
    ✓ Прыгун B3          @ (6,5,3) hp=2/2
    ✓ Факел B4           @ (6,9,3) hp=6/6
    ✓ Тишина B5          @ (6,7,3) hp=2/2
    ✓ Бурав B6           @ (6,3,3) hp=4/4
    ✓ Провокатор B7      @ (6,1,3) hp=2/2
    ✓ Паук B8            @ (6,0,3) hp=1/1
  Team C: живых 8/8
    ✓ Артиллерия C1      @ (5,5,9) hp=1/1
    ✓ Радиовышка C2      @ (5,5,3) hp=3/3
    ✓ Прыгун C3          @ (5,5,4) hp=2/2
    ✓ Факел C4           @ (5,5,8) hp=6/6
    ✓ Тишина C5          @ (5,5,7) hp=2/2
    ✓ Бурав C6           @ (5,5,6) hp=4/4
    ✓ Провокатор C7      @ (5,5,2) hp=2/2
    ✓ Паук C8            @ (5,5,1) hp=1/1

======================================================================
ХОД 1
======================================================================
✓ 🎮 GM: начинаем ход
GM: start_turn

--- Радиовышки: сканирование слоя Z ---
  Радиовышка A2 (z=2): видит 1 врагов [+1 эксклюзивно] → Провокатор C7(5,5,2)
  Радиовышка B2 (z=3): видит 1 врагов  → Радиовышка C2(5,5,3)
  Радиовышка C2 (z=3): видит 8 врагов [+1 эксклюзивно] → Паук B8(6,0,3), Провокатор B7(6,1,3), Бурав B6(6,3,3), Артиллерия B1(6,4,3), Прыгун B3(6,5,3), Тишина B5(6,7,3), Радиовышка B2(6,8,3), Факел B4(6,9,3)

--- Решения ботов ---
  [Team A] Артиллерия A1 (0,9,7) → SHOOT at (5,5,2)
  [Team A] Радиовышка A2 (0,9,2) → MOVE (1,8,2)
  [Team A] Прыгун A3 (0,9,9) → MOVE (1,8,8)
  [Team A] Факел A4 (0,9,0) → MOVE (0,9,1)
  [Team A] Тишина A5 (0,9,8) → MOVE (1,8,7)
  [Team A] Бурав A6 (0,9,4) → MOVE (1,8,3)
  [Team A] Провокатор A7 (0,9,6) → HOLOGRAM (1,8,5)
  [Team A] Паук A8 (0,9,5) → MOVE (1,8,4)
  [Team B] Артиллерия B1 (6,4,3) → SHOOT at (5,5,4)
  [Team B] Радиовышка B2 (6,8,3) → MOVE (5,7,3)
  [Team B] Прыгун B3 (6,5,3) → MOVE (5,5,4)
  [Team B] Тишина B5 (6,7,3) → PHASE toggle
  [Team B] Бурав B6 (6,3,3) → MOVE (5,4,3)
  [Team B] Провокатор B7 (6,1,3) → HOLOGRAM (5,2,3)
  [Team B] Паук B8 (6,0,3) → MOVE (5,1,3)
  [Team B] Факел B4 → SKIP
  [Team C] Артиллерия C1 (5,5,9) → SHOOT at (6,4,3)
  [Team C] Радиовышка C2 (5,5,3) → MOVE (6,4,3)
  [Team C] Прыгун C3 (5,5,4) → MOVE (6,5,3)
  [Team C] Тишина C5 (5,5,7) → PHASE toggle
  [Team C] Бурав C6 (5,5,6) → MOVE (6,4,5)
  [Team C] Провокатор C7 (5,5,2) → HOLOGRAM (6,5,2)
  [Team C] Паук C8 (5,5,1) → MINE (6,4,2)
  [Team C] Факел C4 → SKIP
! 🎮 GM: принудительно завершает фазу планирования
GM: end_planning
# 
============================================================
# 🔄 ОБРАБОТКА ХОДА 1
# ============================================================
   🌀 Тишина B5: уходит в фазу на 1 ход
   🌀 Тишина C5: уходит в фазу на 1 ход
   🪞 Провокатор A7 создал голограмму H1 в (1,8,5)
   🪞 Провокатор B7 создал голограмму H2 в (5,2,3)
   🪞 Провокатор C7 создал голограмму H3 в (6,5,2)
   💣 Паук C8 установил мину M1 в (6,4,2)

📦 ПЕРЕМЕЩЕНИЯ:
   Радиовышка A2: (0, 9, 2) → (1,8,2)
   Прыгун A3: (0, 9, 9) → (1,8,8)
   Факел A4: (0, 9, 0) → (0,9,1)
   Тишина A5: (0, 9, 8) → (1,8,7)
!    ⚠️ Бурав A6: Бурав двигается только по 1 оси или по 2 осям строго диагонально
   Паук A8: (0, 9, 5) → (1,8,4)
   Радиовышка B2: (6, 8, 3) → (5,7,3)
✓    💥 Прыгун B3 тараном уничтожил Прыгун C3 в (5,5,4)
   Прыгун B3: (6, 5, 3) → (5,5,4)
   Бурав B6: (6, 3, 3) → (5,4,3)
   Паук B8: (6, 0, 3) → (5,1,3)
!    ⚠️ Радиовышка C2: клетка (6,4,3) занята
!    ⚠️ Бурав C6: Бурав двигается только по 1 оси или по 2 осям строго диагонально

🎯 ВЫСТРЕЛЫ:
✓    ✅ Артиллерия A1 поразил Провокатор C7 (2 урона)!
✓    ✅ Артиллерия C1 поразил Артиллерия B1 (2 урона)!
   Выпущено ракет: 3
# 
📊 РЕЗУЛЬТАТЫ ХОДА 1:
✓ 💥 ПОПАДАНИЯ:
✓    Артиллерия A1 (Team A) → Провокатор C7 (Team C)
✓    Артиллерия C1 (Team C) → Артиллерия B1 (Team B)

--- Результаты хода ---
  Team B / Прыгун B3          → Team C / Прыгун C3          @ (5,5,4)  (УБИТ)
  Team A / Артиллерия A1      → Team C / Провокатор C7      @ (5,5,2)  (УБИТ)
  Team C / Артиллерия C1      → Team B / Артиллерия B1      @ (6,4,3)  (УБИТ)

--- Состояние команд после хода ---
  Team A: живых 8/8
    ✓ Артиллерия A1      @ (0,9,7) hp=1/1
    ✓ Радиовышка A2      @ (1,8,2) hp=3/3
    ✓ Прыгун A3          @ (1,8,8) hp=2/2
    ✓ Факел A4           @ (0,9,1) hp=6/6
    ✓ Тишина A5          @ (1,8,7) hp=2/2
    ✓ Бурав A6           @ (0,9,4) hp=4/4
    ✓ Провокатор A7      @ (0,9,6) hp=2/2
    ✓ Паук A8            @ (1,8,4) hp=1/1
  Team B: живых 7/8
    ✓ Радиовышка B2      @ (5,7,3) hp=3/3
    ✓ Прыгун B3          @ (5,5,4) hp=2/2
    ✓ Факел B4           @ (6,9,3) hp=6/6
    ✓ Тишина B5          @ (6,7,3) hp=2/2
    ✓ Бурав B6           @ (5,4,3) hp=4/4
    ✓ Провокатор B7      @ (6,1,3) hp=2/2
    ✓ Паук B8            @ (5,1,3) hp=1/1
    ✗ Артиллерия B1      @ (6,4,3) [уничтожен]
  Team C: живых 6/8
    ✓ Артиллерия C1      @ (5,5,9) hp=1/1
    ✓ Радиовышка C2      @ (5,5,3) hp=3/3
    ✓ Факел C4           @ (5,5,8) hp=6/6
    ✓ Тишина C5          @ (5,5,7) hp=2/2
    ✓ Бурав C6           @ (5,5,6) hp=4/4
    ✓ Паук C8            @ (5,5,1) hp=1/1
    ✗ Прыгун C3          @ (5,5,4) [уничтожен]
    ✗ Провокатор C7      @ (5,5,2) [уничтожен]

======================================================================
ХОД 2
======================================================================
✓ 🎮 GM: начинаем ход
GM: start_turn

--- Радиовышки: сканирование слоя Z ---
  Радиовышка A2 (z=2): слой чист
  Радиовышка B2 (z=3): видит 1 врагов  → Радиовышка C2(5,5,3)
  Радиовышка C2 (z=3): видит 5 врагов  → Паук B8(5,1,3), Бурав B6(5,4,3), Радиовышка B2(5,7,3), Провокатор B7(6,1,3), Факел B4(6,9,3)

--- Решения ботов ---
  [Team A] Артиллерия A1 (0,9,7) → SHOOT at (5,5,9)
  [Team A] Радиовышка A2 (1,8,2) → MOVE (2,7,3)
  [Team A] Прыгун A3 (1,8,8) → MOVE (2,7,7)
  [Team A] Факел A4 (0,9,1) → MOVE (0,8,2)
  [Team A] Тишина A5 (1,8,7) → PHASE toggle
  [Team A] Бурав A6 (0,9,4) → MOVE (1,8,3)
  [Team A] Провокатор A7 (0,9,6) → HOLOGRAM (1,8,5)
  [Team A] Паук A8 (1,8,4) → MINE (1,7,3)
  [Team B] Радиовышка B2 (5,7,3) → MOVE (5,6,3)
  [Team B] Прыгун B3 (5,5,4) → MOVE (5,5,6)
  [Team B] Факел B4 (6,9,3) → MOVE (5,8,3)
  [Team B] Тишина B5 (6,7,3) → MOVE (6,6,3)
  [Team B] Бурав B6 (5,4,3) → MOVE (5,5,3)
  [Team B] Провокатор B7 (6,1,3) → HOLOGRAM (5,2,3)
  [Team B] Паук B8 (5,1,3) → MINE (5,2,3)
  [Team C] Артиллерия C1 (5,5,9) → SHOOT at (1,8,8)
  [Team C] Радиовышка C2 (5,5,3) → MOVE (5,5,4)
  [Team C] Факел C4 (5,5,8) → SHOOT at (5,5,4)
  [Team C] Бурав C6 (5,5,6) → MOVE (5,5,5)
  [Team C] Паук C8 (5,5,1) → MINE (5,6,2)
  [Team C] Тишина C5 → SKIP
! 🎮 GM: принудительно завершает фазу планирования
GM: end_planning
# 
============================================================
# 🔄 ОБРАБОТКА ХОДА 2
# ============================================================
   🌀 Тишина B5: фаза спала (действовала 1 ход)
   🌀 Тишина C5: фаза спала (действовала 1 ход)
   🌀 Тишина A5: уходит в фазу на 1 ход
!    ⚠️ Провокатор A7: клетка (1,8,5) уже занята голограммой
!    ⚠️ Провокатор B7: клетка (5,2,3) уже занята голограммой
   💣 Паук A8 установил мину M2 в (1,7,3)
   💣 Паук B8 установил мину M3 в (5,2,3)
   💣 Паук C8 установил мину M4 в (5,6,2)

📦 ПЕРЕМЕЩЕНИЯ:
   Радиовышка A2: (1, 8, 2) → (2,7,3)
   Прыгун A3: (1, 8, 8) → (2,7,7)
   Факел A4: (0, 9, 1) → (0,8,2)
!    ⚠️ Бурав A6: Бурав двигается только по 1 оси или по 2 осям строго диагонально
   Радиовышка B2: (5, 7, 3) → (5,6,3)
✓    💥 Прыгун B3 тараном уничтожил Бурав C6 в (5,5,6)
   Прыгун B3: (5, 5, 4) → (5,5,6)
   Факел B4: (6, 9, 3) → (5,8,3)
   Тишина B5: (6, 7, 3) → (6,6,3)
✓    💥 Бурав B6 тараном уничтожил Радиовышка C2 в (5,5,3)
   Бурав B6: (5, 4, 3) → (5,5,3)

🎯 ВЫСТРЕЛЫ:
!    🛡️ Выстрел Факел C4 заблокирован союзником Тишина C5 в (5, 5, 7)
✓    ✅ Артиллерия A1 поразил Артиллерия C1 (2 урона)!
   Выпущено ракет: 3
# 
📊 РЕЗУЛЬТАТЫ ХОДА 2:
✓ 💥 ПОПАДАНИЯ:
✓    Артиллерия A1 (Team A) → Артиллерия C1 (Team C)

--- Результаты хода ---
  Team B / Прыгун B3          → Team C / Бурав C6           @ (5,5,6)  (УБИТ)
  Team B / Бурав B6           → Team C / Радиовышка C2      @ (5,5,3)  (УБИТ)
  Team A / Артиллерия A1      → Team C / Артиллерия C1      @ (5,5,9)  (УБИТ)

--- Состояние команд после хода ---
  Team A: живых 8/8
    ✓ Артиллерия A1      @ (0,9,7) hp=1/1
    ✓ Радиовышка A2      @ (2,7,3) hp=3/3
    ✓ Прыгун A3          @ (2,7,7) hp=2/2
    ✓ Факел A4           @ (0,8,2) hp=6/6
    ✓ Тишина A5          @ (1,8,7) hp=2/2
    ✓ Бурав A6           @ (0,9,4) hp=4/4
    ✓ Провокатор A7      @ (0,9,6) hp=2/2
    ✓ Паук A8            @ (1,8,4) hp=1/1
  Team B: живых 7/8
    ✓ Радиовышка B2      @ (5,6,3) hp=3/3
    ✓ Прыгун B3          @ (5,5,6) hp=2/2
    ✓ Факел B4           @ (5,8,3) hp=6/6
    ✓ Тишина B5          @ (6,6,3) hp=2/2
    ✓ Бурав B6           @ (5,5,3) hp=4/4
    ✓ Провокатор B7      @ (6,1,3) hp=2/2
    ✓ Паук B8            @ (5,1,3) hp=1/1
    ✗ Артиллерия B1      @ (6,4,3) [уничтожен]
  Team C: живых 3/8
    ✓ Факел C4           @ (5,5,8) hp=6/6
    ✓ Тишина C5          @ (5,5,7) hp=2/2
    ✓ Паук C8            @ (5,5,1) hp=1/1
    ✗ Артиллерия C1      @ (5,5,9) [уничтожен]
    ✗ Радиовышка C2      @ (5,5,3) [уничтожен]
    ✗ Прыгун C3          @ (5,5,4) [уничтожен]
    ✗ Бурав C6           @ (5,5,6) [уничтожен]
    ✗ Провокатор C7      @ (5,5,2) [уничтожен]

======================================================================
ХОД 3
======================================================================
✓ 🎮 GM: начинаем ход
GM: start_turn

--- Радиовышки: сканирование слоя Z ---
  Радиовышка A2 (z=3): видит 6 врагов [+2 эксклюзивно] → Паук B8(5,1,3), Бурав B6(5,5,3), Радиовышка B2(5,6,3), Факел B4(5,8,3), Провокатор B7(6,1,3), Тишина B5(6,6,3)
  Радиовышка B2 (z=3): видит 1 врагов  → Радиовышка A2(2,7,3)

--- Решения ботов ---
  [Team A] Артиллерия A1 (0,9,7) → SHOOT at (5,5,6)
  [Team A] Радиовышка A2 (2,7,3) → MOVE (3,6,3)
  [Team A] Прыгун A3 (2,7,7) → MOVE (3,6,6)
  [Team A] Факел A4 (0,8,2) → MOVE (1,8,3)
  [Team A] Тишина A5 (1,8,7) → MOVE (2,7,6)
  [Team A] Бурав A6 (0,9,4) → MOVE (0,8,4)
  [Team A] Провокатор A7 (0,9,6) → HOLOGRAM (1,8,5)
  [Team A] Паук A8 (1,8,4) → MINE (1,7,4)
  [Team B] Радиовышка B2 (5,6,3) → MOVE (5,5,2)
  [Team B] Прыгун B3 (5,5,6) → MOVE (5,5,8)
  [Team B] Факел B4 (5,8,3) → MOVE (5,7,4)
  [Team B] Тишина B5 (6,6,3) → MOVE (6,5,3)
  [Team B] Бурав B6 (5,5,3) → MOVE (5,5,1)
  [Team B] Провокатор B7 (6,1,3) → HOLOGRAM (5,2,4)
  [Team B] Паук B8 (5,1,3) → MINE (5,2,4)
  [Team C] Факел C4 (5,5,8) → SHOOT at (5,5,6)
  [Team C] Тишина C5 (5,5,7) → MOVE (5,5,6)
  [Team C] Паук C8 (5,5,1) → MINE (5,5,2)
! 🎮 GM: принудительно завершает фазу планирования
GM: end_planning
# 
============================================================
# 🔄 ОБРАБОТКА ХОДА 3
# ============================================================
   🌀 Тишина A5: фаза спала (действовала 1 ход)
!    ⚠️ Провокатор A7: клетка (1,8,5) уже занята голограммой
   🪞 Провокатор B7 создал голограмму H4 в (5,2,4)
   💣 Паук A8 установил мину M5 в (1,7,4)
   💣 Паук B8 установил мину M6 в (5,2,4)
   💣 Паук C8 установил мину M7 в (5,5,2)

📦 ПЕРЕМЕЩЕНИЯ:
   Радиовышка A2: (2, 7, 3) → (3,6,3)
   Прыгун A3: (2, 7, 7) → (3,6,6)
   Факел A4: (0, 8, 2) → (1,8,3)
   Тишина A5: (1, 8, 7) → (2,7,6)
   Бурав A6: (0, 9, 4) → (0,8,4)
   Радиовышка B2: (5, 6, 3) → (5,5,2)
!    💥 Мина M7 сработала под Радиовышка B2 (урон 2)
✓    💥 Прыгун B3 тараном уничтожил Факел C4 в (5,5,8)
   Прыгун B3: (5, 5, 6) → (5,5,8)
   Факел B4: (5, 8, 3) → (5,7,4)
   Тишина B5: (6, 6, 3) → (6,5,3)
✓    💥 Бурав B6 тараном уничтожил Паук C8 в (5,5,1)
   Бурав B6: (5, 5, 3) → (5,5,1)
   Тишина C5: (5, 5, 7) → (5,5,6)

🎯 ВЫСТРЕЛЫ:
✓    ✅ Артиллерия A1 поразил Тишина C5 (2 урона)!
   Выпущено ракет: 1
# 
📊 РЕЗУЛЬТАТЫ ХОДА 3:
✓ 💥 ПОПАДАНИЯ:
✓    Артиллерия A1 (Team A) → Тишина C5 (Team C)

--- Результаты хода ---
  ? / ?                  → Team B / Радиовышка B2      @ (5,5,2)  (ранен)
  Team B / Прыгун B3          → Team C / Факел C4           @ (5,5,8)  (УБИТ)
  Team B / Бурав B6           → Team C / Паук C8            @ (5,5,1)  (УБИТ)
  Team A / Артиллерия A1      → Team C / Тишина C5          @ (5,5,6)  (УБИТ)

--- Состояние команд после хода ---
  Team A: живых 8/8
    ✓ Артиллерия A1      @ (0,9,7) hp=1/1
    ✓ Радиовышка A2      @ (3,6,3) hp=3/3
    ✓ Прыгун A3          @ (3,6,6) hp=2/2
    ✓ Факел A4           @ (1,8,3) hp=6/6
    ✓ Тишина A5          @ (2,7,6) hp=2/2
    ✓ Бурав A6           @ (0,8,4) hp=4/4
    ✓ Провокатор A7      @ (0,9,6) hp=2/2
    ✓ Паук A8            @ (1,8,4) hp=1/1
  Team B: живых 7/8
    ✓ Радиовышка B2      @ (5,5,2) hp=1/3
    ✓ Прыгун B3          @ (5,5,8) hp=2/2
    ✓ Факел B4           @ (5,7,4) hp=6/6
    ✓ Тишина B5          @ (6,5,3) hp=2/2
    ✓ Бурав B6           @ (5,5,1) hp=4/4
    ✓ Провокатор B7      @ (6,1,3) hp=2/2
    ✓ Паук B8            @ (5,1,3) hp=1/1
    ✗ Артиллерия B1      @ (6,4,3) [уничтожен]
  Team C: живых 0/8
    ✗ Артиллерия C1      @ (5,5,9) [уничтожен]
    ✗ Радиовышка C2      @ (5,5,3) [уничтожен]
    ✗ Прыгун C3          @ (5,5,4) [уничтожен]
    ✗ Факел C4           @ (5,5,8) [уничтожен]
    ✗ Тишина C5          @ (5,5,6) [уничтожен]
    ✗ Бурав C6           @ (5,5,6) [уничтожен]
    ✗ Провокатор C7      @ (5,5,2) [уничтожен]
    ✗ Паук C8            @ (5,5,1) [уничтожен]

======================================================================
ХОД 4
======================================================================
✓ 🎮 GM: начинаем ход
GM: start_turn

--- Радиовышки: сканирование слоя Z ---
  Радиовышка A2 (z=3): видит 3 врагов [+2 эксклюзивно] → Паук B8(5,1,3), Провокатор B7(6,1,3), Тишина B5(6,5,3)
  Радиовышка B2 (z=2): слой чист

--- Решения ботов ---
  [Team A] Артиллерия A1 (0,9,7) → SHOOT at (5,5,8)
  [Team A] Радиовышка A2 (3,6,3) → MOVE (4,5,2)
  [Team A] Прыгун A3 (3,6,6) → MOVE (5,7,4)
  [Team A] Факел A4 (1,8,3) → MOVE (1,7,3)
  [Team A] Тишина A5 (2,7,6) → MOVE (3,6,7)
  [Team A] Бурав A6 (0,8,4) → MOVE (1,7,4)
  [Team A] Провокатор A7 (0,9,6) → HOLOGRAM (1,8,5)
  [Team A] Паук A8 (1,8,4) → MINE (2,7,3)
  [Team B] Радиовышка B2 (5,5,2) → MOVE (4,6,3)
  [Team B] Прыгун B3 (5,5,8) → MOVE (3,6,6)
  [Team B] Факел B4 (5,7,4) → HEAL (AoE)
  [Team B] Тишина B5 (6,5,3) → MOVE (5,6,3)
  [Team B] Бурав B6 (5,5,1) → MOVE (4,6,2)
  [Team B] Провокатор B7 (6,1,3) → HOLOGRAM (5,2,3)
  [Team B] Паук B8 (5,1,3) → MOVE (4,2,3)
  [Team C] все корабли пропускают ход
! 🎮 GM: принудительно завершает фазу планирования
GM: end_planning
# 
============================================================
# 🔄 ОБРАБОТКА ХОДА 4
# ============================================================
!    ⚠️ Провокатор A7: клетка (1,8,5) уже занята голограммой
!    ⚠️ Провокатор B7: клетка (5,2,3) уже занята голограммой
   💣 Паук A8 установил мину M8 в (2,7,3)

📦 ПЕРЕМЕЩЕНИЯ:
   Радиовышка A2: (3, 6, 3) → (4,5,2)
✓    💥 Прыгун A3 тараном уничтожил Факел B4 в (5,7,4)
   Прыгун A3: (3, 6, 6) → (5,7,4)
   Факел A4: (1, 8, 3) → (1,7,3)
   Тишина A5: (2, 7, 6) → (3,6,7)
   Бурав A6: (0, 8, 4) → (1,7,4)
   Радиовышка B2: (5, 5, 2) → (4,6,3)
   Прыгун B3: (5, 5, 8) → (3,6,6)
   Тишина B5: (6, 5, 3) → (5,6,3)
!    ⚠️ Бурав B6: Бурав двигается только по 1 оси или по 2 осям строго диагонально
   Паук B8: (5, 1, 3) → (4,2,3)

🎯 ВЫСТРЕЛЫ:
   Выпущено ракет: 1
# 
📊 РЕЗУЛЬТАТЫ ХОДА 4:
🎯 Попаданий нет

--- Результаты хода ---
  Team A / Прыгун A3          → Team B / Факел B4           @ (5,7,4)  (УБИТ)

--- Состояние команд после хода ---
  Team A: живых 8/8
    ✓ Артиллерия A1      @ (0,9,7) hp=1/1
    ✓ Радиовышка A2      @ (4,5,2) hp=3/3
    ✓ Прыгун A3          @ (5,7,4) hp=2/2
    ✓ Факел A4           @ (1,7,3) hp=6/6
    ✓ Тишина A5          @ (3,6,7) hp=2/2
    ✓ Бурав A6           @ (1,7,4) hp=4/4
    ✓ Провокатор A7      @ (0,9,6) hp=2/2
    ✓ Паук A8            @ (1,8,4) hp=1/1
  Team B: живых 6/8
    ✓ Радиовышка B2      @ (4,6,3) hp=1/3
    ✓ Прыгун B3          @ (3,6,6) hp=2/2
    ✓ Тишина B5          @ (5,6,3) hp=2/2
    ✓ Бурав B6           @ (5,5,1) hp=4/4
    ✓ Провокатор B7      @ (6,1,3) hp=2/2
    ✓ Паук B8            @ (4,2,3) hp=1/1
    ✗ Артиллерия B1      @ (6,4,3) [уничтожен]
    ✗ Факел B4           @ (5,7,4) [уничтожен]
  Team C: живых 0/8
    ✗ Артиллерия C1      @ (5,5,9) [уничтожен]
    ✗ Радиовышка C2      @ (5,5,3) [уничтожен]
    ✗ Прыгун C3          @ (5,5,4) [уничтожен]
    ✗ Факел C4           @ (5,5,8) [уничтожен]
    ✗ Тишина C5          @ (5,5,6) [уничтожен]
    ✗ Бурав C6           @ (5,5,6) [уничтожен]
    ✗ Провокатор C7      @ (5,5,2) [уничтожен]
    ✗ Паук C8            @ (5,5,1) [уничтожен]

======================================================================
ХОД 5
======================================================================
✓ 🎮 GM: начинаем ход
GM: start_turn

--- Радиовышки: сканирование слоя Z ---
  Радиовышка A2 (z=2): слой чист
  Радиовышка B2 (z=3): видит 1 врагов  → Факел A4(1,7,3)

--- Решения ботов ---
  [Team A] Артиллерия A1 (0,9,7) → SHOOT at (3,6,6)
  [Team A] Радиовышка A2 (4,5,2) → MOVE (4,6,3)
  [Team A] Прыгун A3 (5,7,4) → MOVE (3,6,6)
  [Team A] Факел A4 (1,7,3) → MOVE (2,6,3)
  [Team A] Бурав A6 (1,7,4) → MOVE (2,6,5)
  [Team A] Провокатор A7 (0,9,6) → HOLOGRAM (1,8,6)
  [Team A] Паук A8 (1,8,4) → MINE (2,7,5)
  [Team A] Тишина A5 → SKIP
  [Team B] Радиовышка B2 (4,6,3) → MOVE (4,5,2)
  [Team B] Прыгун B3 (3,6,6) → MOVE (5,7,4)
  [Team B] Тишина B5 (5,6,3) → PHASE toggle
  [Team B] Бурав B6 (5,5,1) → MOVE (5,5,2)
  [Team B] Провокатор B7 (6,1,3) → HOLOGRAM (5,2,2)
  [Team B] Паук B8 (4,2,3) → MINE (4,3,2)
  [Team C] все корабли пропускают ход
! 🎮 GM: принудительно завершает фазу планирования
GM: end_planning
# 
============================================================
# 🔄 ОБРАБОТКА ХОДА 5
# ============================================================
   🌀 Тишина B5: уходит в фазу на 1 ход
   🪞 Провокатор A7 создал голограмму H5 в (1,8,6)
   🪞 Провокатор B7 создал голограмму H6 в (5,2,2)
   💣 Паук A8 установил мину M9 в (2,7,5)
   💣 Паук B8 установил мину M10 в (4,3,2)

📦 ПЕРЕМЕЩЕНИЯ:
!    ⚠️ Радиовышка A2: клетка (4,6,3) занята
✓    💥 Прыгун A3 тараном уничтожил Прыгун B3 в (3,6,6)
   Прыгун A3: (5, 7, 4) → (3,6,6)
   Факел A4: (1, 7, 3) → (2,6,3)
!    ⚠️ Бурав A6: Бурав двигается только по 1 оси или по 2 осям строго диагонально
!    ⚠️ Радиовышка B2: клетка (4,5,2) занята
   Бурав B6: (5, 5, 1) → (5,5,2)

🎯 ВЫСТРЕЛЫ:
   Выпущено ракет: 1
# 
📊 РЕЗУЛЬТАТЫ ХОДА 5:
🎯 Попаданий нет

--- Результаты хода ---
  Team A / Прыгун A3          → Team B / Прыгун B3          @ (3,6,6)  (УБИТ)

--- Состояние команд после хода ---
  Team A: живых 8/8
    ✓ Артиллерия A1      @ (0,9,7) hp=1/1
    ✓ Радиовышка A2      @ (4,5,2) hp=3/3
    ✓ Прыгун A3          @ (3,6,6) hp=2/2
    ✓ Факел A4           @ (2,6,3) hp=6/6
    ✓ Тишина A5          @ (3,6,7) hp=2/2
    ✓ Бурав A6           @ (1,7,4) hp=4/4
    ✓ Провокатор A7      @ (0,9,6) hp=2/2
    ✓ Паук A8            @ (1,8,4) hp=1/1
  Team B: живых 5/8
    ✓ Радиовышка B2      @ (4,6,3) hp=1/3
    ✓ Тишина B5          @ (5,6,3) hp=2/2
    ✓ Бурав B6           @ (5,5,2) hp=4/4
    ✓ Провокатор B7      @ (6,1,3) hp=2/2
    ✓ Паук B8            @ (4,2,3) hp=1/1
    ✗ Артиллерия B1      @ (6,4,3) [уничтожен]
    ✗ Прыгун B3          @ (3,6,6) [уничтожен]
    ✗ Факел B4           @ (5,7,4) [уничтожен]
  Team C: живых 0/8
    ✗ Артиллерия C1      @ (5,5,9) [уничтожен]
    ✗ Радиовышка C2      @ (5,5,3) [уничтожен]
    ✗ Прыгун C3          @ (5,5,4) [уничтожен]
    ✗ Факел C4           @ (5,5,8) [уничтожен]
    ✗ Тишина C5          @ (5,5,6) [уничтожен]
    ✗ Бурав C6           @ (5,5,6) [уничтожен]
    ✗ Провокатор C7      @ (5,5,2) [уничтожен]
    ✗ Паук C8            @ (5,5,1) [уничтожен]

======================================================================
ХОД 6
======================================================================
✓ 🎮 GM: начинаем ход
GM: start_turn

--- Радиовышки: сканирование слоя Z ---
  Радиовышка A2 (z=2): видит 1 врагов  → Бурав B6(5,5,2)
  Радиовышка B2 (z=3): видит 1 врагов  → Факел A4(2,6,3)

--- Решения ботов ---
  [Team A] Артиллерия A1 (0,9,7) → SHOOT at (4,6,3)
  [Team A] Радиовышка A2 (4,5,2) → MOVE (4,6,3)
  [Team A] Прыгун A3 (3,6,6) → MOVE (4,6,5)
  [Team A] Факел A4 (2,6,3) → SHOOT at (4,6,3)
  [Team A] Тишина A5 (3,6,7) → PHASE toggle
  [Team A] Бурав A6 (1,7,4) → MOVE (1,6,4)
  [Team A] Провокатор A7 (0,9,6) → HOLOGRAM (1,8,5)
  [Team A] Паук A8 (1,8,4) → MINE (2,7,3)
  [Team B] Радиовышка B2 (4,6,3) → MOVE (4,5,2)
  [Team B] Тишина B5 (5,6,3) → MOVE (4,5,3)
  [Team B] Провокатор B7 (6,1,3) → HOLOGRAM (5,2,2)
  [Team B] Паук B8 (4,2,3) → MINE (4,3,2)
  [Team B] Бурав B6 → SKIP
  [Team C] все корабли пропускают ход
! 🎮 GM: принудительно завершает фазу планирования
GM: end_planning
# 
============================================================
# 🔄 ОБРАБОТКА ХОДА 6
# ============================================================
   🌀 Тишина B5: фаза спала (действовала 1 ход)
   🌀 Тишина A5: уходит в фазу на 1 ход
!    ⚠️ Провокатор A7: клетка (1,8,5) уже занята голограммой
!    ⚠️ Провокатор B7: клетка (5,2,2) уже занята голограммой
!    ⚠️ Паук A8: в клетке уже стоит мина
!    ⚠️ Паук B8: в клетке уже стоит мина

📦 ПЕРЕМЕЩЕНИЯ:
!    ⚠️ Радиовышка A2: клетка (4,6,3) занята
   Прыгун A3: (3, 6, 6) → (4,6,5)
   Бурав A6: (1, 7, 4) → (1,6,4)
!    ⚠️ Радиовышка B2: клетка (4,5,2) занята
   Тишина B5: (5, 6, 3) → (4,5,3)

🎯 ВЫСТРЕЛЫ:
✓    ✅ Артиллерия A1 поразил Радиовышка B2 (2 урона)!
   💀 Факел A4 добивает Радиовышка B2
✓    ✅ Факел A4 поразил Радиовышка B2 (1 урона)!
   Выпущено ракет: 2
# 
📊 РЕЗУЛЬТАТЫ ХОДА 6:
✓ 💥 ПОПАДАНИЯ:
✓    Артиллерия A1 (Team A) → Радиовышка B2 (Team B)
✓    Факел A4 (Team A) → Радиовышка B2 (Team B)

--- Результаты хода ---
  Team A / Артиллерия A1      → Team B / Радиовышка B2      @ (4,6,3)  (УБИТ)
  Team A / Факел A4           → Team B / Радиовышка B2      @ (4,6,3)  (ранен)

--- Состояние команд после хода ---
  Team A: живых 8/8
    ✓ Артиллерия A1      @ (0,9,7) hp=1/1
    ✓ Радиовышка A2      @ (4,5,2) hp=3/3
    ✓ Прыгун A3          @ (4,6,5) hp=2/2
    ✓ Факел A4           @ (2,6,3) hp=6/6
    ✓ Тишина A5          @ (3,6,7) hp=2/2
    ✓ Бурав A6           @ (1,6,4) hp=4/4
    ✓ Провокатор A7      @ (0,9,6) hp=2/2
    ✓ Паук A8            @ (1,8,4) hp=1/1
  Team B: живых 4/8
    ✓ Тишина B5          @ (4,5,3) hp=2/2
    ✓ Бурав B6           @ (5,5,2) hp=4/4
    ✓ Провокатор B7      @ (6,1,3) hp=2/2
    ✓ Паук B8            @ (4,2,3) hp=1/1
    ✗ Артиллерия B1      @ (6,4,3) [уничтожен]
    ✗ Радиовышка B2      @ (4,6,3) [уничтожен]
    ✗ Прыгун B3          @ (3,6,6) [уничтожен]
    ✗ Факел B4           @ (5,7,4) [уничтожен]
  Team C: живых 0/8
    ✗ Артиллерия C1      @ (5,5,9) [уничтожен]
    ✗ Радиовышка C2      @ (5,5,3) [уничтожен]
    ✗ Прыгун C3          @ (5,5,4) [уничтожен]
    ✗ Факел C4           @ (5,5,8) [уничтожен]
    ✗ Тишина C5          @ (5,5,6) [уничтожен]
    ✗ Бурав C6           @ (5,5,6) [уничтожен]
    ✗ Провокатор C7      @ (5,5,2) [уничтожен]
    ✗ Паук C8            @ (5,5,1) [уничтожен]

======================================================================
ХОД 7
======================================================================
✓ 🎮 GM: начинаем ход
GM: start_turn

--- Радиовышки: сканирование слоя Z ---
  Радиовышка A2 (z=2): видит 1 врагов  → Бурав B6(5,5,2)

--- Решения ботов ---
  [Team A] Артиллерия A1 (0,9,7) → SHOOT at (6,1,3)
  [Team A] Радиовышка A2 (4,5,2) → MOVE (4,5,3)
  [Team A] Прыгун A3 (4,6,5) → MOVE (4,5,4)
  [Team A] Факел A4 (2,6,3) → MOVE (3,5,3)
  [Team A] Тишина A5 (3,6,7) → MOVE (4,5,6)
  [Team A] Бурав A6 (1,6,4) → MOVE (2,5,3)
  [Team A] Провокатор A7 (0,9,6) → HOLOGRAM (1,8,5)
  [Team A] Паук A8 (1,8,4) → MINE (2,7,3)
  [Team B] Тишина B5 (4,5,3) → MOVE (4,5,2)
  [Team B] Провокатор B7 (6,1,3) → HOLOGRAM (5,2,2)
  [Team B] Паук B8 (4,2,3) → MINE (4,3,2)
  [Team B] Бурав B6 → SKIP
  [Team C] все корабли пропускают ход
! 🎮 GM: принудительно завершает фазу планирования
GM: end_planning
# 
============================================================
# 🔄 ОБРАБОТКА ХОДА 7
# ============================================================
   🌀 Тишина A5: фаза спала (действовала 1 ход)
!    ⚠️ Провокатор A7: клетка (1,8,5) уже занята голограммой
!    ⚠️ Провокатор B7: клетка (5,2,2) уже занята голограммой
!    ⚠️ Паук A8: в клетке уже стоит мина
!    ⚠️ Паук B8: в клетке уже стоит мина

📦 ПЕРЕМЕЩЕНИЯ:
!    ⚠️ Радиовышка A2: клетка (4,5,3) занята
   Прыгун A3: (4, 6, 5) → (4,5,4)
   Факел A4: (2, 6, 3) → (3,5,3)
   Тишина A5: (3, 6, 7) → (4,5,6)
!    ⚠️ Бурав A6: Бурав двигается только по 1 оси или по 2 осям строго диагонально
!    ⚠️ Тишина B5: клетка (4,5,2) занята

🎯 ВЫСТРЕЛЫ:
✓    ✅ Артиллерия A1 поразил Провокатор B7 (2 урона)!
   Выпущено ракет: 1
# 
📊 РЕЗУЛЬТАТЫ ХОДА 7:
✓ 💥 ПОПАДАНИЯ:
✓    Артиллерия A1 (Team A) → Провокатор B7 (Team B)

--- Результаты хода ---
  Team A / Артиллерия A1      → Team B / Провокатор B7      @ (6,1,3)  (УБИТ)

--- Состояние команд после хода ---
  Team A: живых 8/8
    ✓ Артиллерия A1      @ (0,9,7) hp=1/1
    ✓ Радиовышка A2      @ (4,5,2) hp=3/3
    ✓ Прыгун A3          @ (4,5,4) hp=2/2
    ✓ Факел A4           @ (3,5,3) hp=6/6
    ✓ Тишина A5          @ (4,5,6) hp=2/2
    ✓ Бурав A6           @ (1,6,4) hp=4/4
    ✓ Провокатор A7      @ (0,9,6) hp=2/2
    ✓ Паук A8            @ (1,8,4) hp=1/1
  Team B: живых 3/8
    ✓ Тишина B5          @ (4,5,3) hp=2/2
    ✓ Бурав B6           @ (5,5,2) hp=4/4
    ✓ Паук B8            @ (4,2,3) hp=1/1
    ✗ Артиллерия B1      @ (6,4,3) [уничтожен]
    ✗ Радиовышка B2      @ (4,6,3) [уничтожен]
    ✗ Прыгун B3          @ (3,6,6) [уничтожен]
    ✗ Факел B4           @ (5,7,4) [уничтожен]
    ✗ Провокатор B7      @ (6,1,3) [уничтожен]
  Team C: живых 0/8
    ✗ Артиллерия C1      @ (5,5,9) [уничтожен]
    ✗ Радиовышка C2      @ (5,5,3) [уничтожен]
    ✗ Прыгун C3          @ (5,5,4) [уничтожен]
    ✗ Факел C4           @ (5,5,8) [уничтожен]
    ✗ Тишина C5          @ (5,5,6) [уничтожен]
    ✗ Бурав C6           @ (5,5,6) [уничтожен]
    ✗ Провокатор C7      @ (5,5,2) [уничтожен]
    ✗ Паук C8            @ (5,5,1) [уничтожен]

======================================================================
ХОД 8
======================================================================
✓ 🎮 GM: начинаем ход
GM: start_turn

--- Радиовышки: сканирование слоя Z ---
  Радиовышка A2 (z=2): видит 1 врагов  → Бурав B6(5,5,2)

--- Решения ботов ---
  [Team A] Артиллерия A1 (0,9,7) → SHOOT at (4,5,3)
  [Team A] Радиовышка A2 (4,5,2) → MOVE (4,5,3)
  [Team A] Прыгун A3 (4,5,4) → MOVE (5,5,2)
  [Team A] Факел A4 (3,5,3) → SHOOT at (4,5,3)
  [Team A] Тишина A5 (4,5,6) → MOVE (4,5,5)
  [Team A] Бурав A6 (1,6,4) → MOVE (2,5,3)
  [Team A] Провокатор A7 (0,9,6) → HOLOGRAM (1,8,5)
  [Team A] Паук A8 (1,8,4) → MINE (2,7,3)
  [Team B] Тишина B5 (4,5,3) → MOVE (4,5,2)
  [Team B] Паук B8 (4,2,3) → MINE (4,3,2)
  [Team B] Бурав B6 → SKIP
  [Team C] все корабли пропускают ход
! 🎮 GM: принудительно завершает фазу планирования
GM: end_planning
# 
============================================================
# 🔄 ОБРАБОТКА ХОДА 8
# ============================================================
!    ⚠️ Провокатор A7: клетка (1,8,5) уже занята голограммой
!    ⚠️ Паук A8: в клетке уже стоит мина
!    ⚠️ Паук B8: в клетке уже стоит мина

📦 ПЕРЕМЕЩЕНИЯ:
!    ⚠️ Радиовышка A2: клетка (4,5,3) занята
✓    💥 Прыгун A3 тараном уничтожил Бурав B6 в (5,5,2)
   Прыгун A3: (4, 5, 4) → (5,5,2)
   Тишина A5: (4, 5, 6) → (4,5,5)
!    ⚠️ Бурав A6: Бурав двигается только по 1 оси или по 2 осям строго диагонально
!    ⚠️ Тишина B5: клетка (4,5,2) занята

🎯 ВЫСТРЕЛЫ:
✓    ✅ Артиллерия A1 поразил Тишина B5 (2 урона)!
   💀 Факел A4 добивает Тишина B5
✓    ✅ Факел A4 поразил Тишина B5 (1 урона)!
   Выпущено ракет: 2
# 
📊 РЕЗУЛЬТАТЫ ХОДА 8:
✓ 💥 ПОПАДАНИЯ:
✓    Артиллерия A1 (Team A) → Тишина B5 (Team B)
✓    Факел A4 (Team A) → Тишина B5 (Team B)

--- Результаты хода ---
  Team A / Прыгун A3          → Team B / Бурав B6           @ (5,5,2)  (УБИТ)
  Team A / Артиллерия A1      → Team B / Тишина B5          @ (4,5,3)  (УБИТ)
  Team A / Факел A4           → Team B / Тишина B5          @ (4,5,3)  (ранен)

--- Состояние команд после хода ---
  Team A: живых 8/8
    ✓ Артиллерия A1      @ (0,9,7) hp=1/1
    ✓ Радиовышка A2      @ (4,5,2) hp=3/3
    ✓ Прыгун A3          @ (5,5,2) hp=2/2
    ✓ Факел A4           @ (3,5,3) hp=6/6
    ✓ Тишина A5          @ (4,5,5) hp=2/2
    ✓ Бурав A6           @ (1,6,4) hp=4/4
    ✓ Провокатор A7      @ (0,9,6) hp=2/2
    ✓ Паук A8            @ (1,8,4) hp=1/1
  Team B: живых 1/8
    ✓ Паук B8            @ (4,2,3) hp=1/1
    ✗ Артиллерия B1      @ (6,4,3) [уничтожен]
    ✗ Радиовышка B2      @ (4,6,3) [уничтожен]
    ✗ Прыгун B3          @ (3,6,6) [уничтожен]
    ✗ Факел B4           @ (5,7,4) [уничтожен]
    ✗ Тишина B5          @ (4,5,3) [уничтожен]
    ✗ Бурав B6           @ (5,5,2) [уничтожен]
    ✗ Провокатор B7      @ (6,1,3) [уничтожен]
  Team C: живых 0/8
    ✗ Артиллерия C1      @ (5,5,9) [уничтожен]
    ✗ Радиовышка C2      @ (5,5,3) [уничтожен]
    ✗ Прыгун C3          @ (5,5,4) [уничтожен]
    ✗ Факел C4           @ (5,5,8) [уничтожен]
    ✗ Тишина C5          @ (5,5,6) [уничтожен]
    ✗ Бурав C6           @ (5,5,6) [уничтожен]
    ✗ Провокатор C7      @ (5,5,2) [уничтожен]
    ✗ Паук C8            @ (5,5,1) [уничтожен]

======================================================================
ХОД 9
======================================================================
✓ 🎮 GM: начинаем ход
GM: start_turn

--- Радиовышки: сканирование слоя Z ---
  Радиовышка A2 (z=2): слой чист

--- Решения ботов ---
  [Team A] Артиллерия A1 (0,9,7) → SHOOT at (4,2,3)
  [Team A] Радиовышка A2 (4,5,2) → MOVE (4,4,3)
  [Team A] Прыгун A3 (5,5,2) → MOVE (5,4,2)
  [Team A] Факел A4 (3,5,3) → MOVE (4,5,3)
  [Team A] Тишина A5 (4,5,5) → MOVE (4,4,4)
  [Team A] Бурав A6 (1,6,4) → MOVE (2,5,3)
  [Team A] Провокатор A7 (0,9,6) → MOVE (1,8,5)
  [Team A] Паук A8 (1,8,4) → MOVE (2,7,3)
  [Team B] Паук B8 (4,2,3) → MINE (4,3,2)
  [Team C] все корабли пропускают ход
! 🎮 GM: принудительно завершает фазу планирования
GM: end_planning
# 
============================================================
# 🔄 ОБРАБОТКА ХОДА 9
# ============================================================
!    ⚠️ Паук B8: в клетке уже стоит мина

📦 ПЕРЕМЕЩЕНИЯ:
   Радиовышка A2: (4, 5, 2) → (4,4,3)
   Прыгун A3: (5, 5, 2) → (5,4,2)
   Факел A4: (3, 5, 3) → (4,5,3)
   Тишина A5: (4, 5, 5) → (4,4,4)
!    ⚠️ Бурав A6: Бурав двигается только по 1 оси или по 2 осям строго диагонально
!    ⚠️ Провокатор A7: клетка (1,8,5) занята
   Паук A8: (1, 8, 4) → (2,7,3)

🎯 ВЫСТРЕЛЫ:
✓    ✅ Артиллерия A1 поразил Паук B8 (2 урона)!
   Выпущено ракет: 1
# 
📊 РЕЗУЛЬТАТЫ ХОДА 9:
✓ 💥 ПОПАДАНИЯ:
✓    Артиллерия A1 (Team A) → Паук B8 (Team B)
# 
🎮🎮🎮🎮🎮🎮🎮🎮🎮🎮🎮🎮🎮🎮🎮🎮🎮🎮🎮🎮
#         ИГРА ОКОНЧЕНА!
# 🎮🎮🎮🎮🎮🎮🎮🎮🎮🎮🎮🎮🎮🎮🎮🎮🎮🎮🎮🎮
✓         🏆 ПОБЕДИТЕЛЬ: Team A

--- Результаты хода ---
  Team A / Артиллерия A1      → Team B / Паук B8            @ (4,2,3)  (УБИТ)

--- Состояние команд после хода ---
  Team A: живых 8/8
    ✓ Артиллерия A1      @ (0,9,7) hp=1/1
    ✓ Радиовышка A2      @ (4,4,3) hp=3/3
    ✓ Прыгун A3          @ (5,4,2) hp=2/2
    ✓ Факел A4           @ (4,5,3) hp=6/6
    ✓ Тишина A5          @ (4,4,4) hp=2/2
    ✓ Бурав A6           @ (1,6,4) hp=4/4
    ✓ Провокатор A7      @ (0,9,6) hp=2/2
    ✓ Паук A8            @ (2,7,3) hp=1/1
  Team B: живых 0/8
    ✗ Артиллерия B1      @ (6,4,3) [уничтожен]
    ✗ Радиовышка B2      @ (4,6,3) [уничтожен]
    ✗ Прыгун B3          @ (3,6,6) [уничтожен]
    ✗ Факел B4           @ (5,7,4) [уничтожен]
    ✗ Тишина B5          @ (4,5,3) [уничтожен]
    ✗ Бурав B6           @ (5,5,2) [уничтожен]
    ✗ Провокатор B7      @ (6,1,3) [уничтожен]
    ✗ Паук B8            @ (4,2,3) [уничтожен]
  Team C: живых 0/8
    ✗ Артиллерия C1      @ (5,5,9) [уничтожен]
    ✗ Радиовышка C2      @ (5,5,3) [уничтожен]
    ✗ Прыгун C3          @ (5,5,4) [уничтожен]
    ✗ Факел C4           @ (5,5,8) [уничтожен]
    ✗ Тишина C5          @ (5,5,6) [уничтожен]
    ✗ Бурав C6           @ (5,5,6) [уничтожен]
    ✗ Провокатор C7      @ (5,5,2) [уничтожен]
    ✗ Паук C8            @ (5,5,1) [уничтожен]

======================================================================
ИТОГ
======================================================================
Игра окончена. Победитель: Team A
Ходов сыграно: 9

--- Сводка по командам ---
  Team A: 8/8 живых; hp=21
  Team B: 0/8 живых; hp=0
  Team C: 0/8 живых; hp=0

--- Сводка по пассивкам радиовышек ---
  Team A: сканирований=9, всего врагов-в-слоях=13, уникальных эксклюзивных (видны только радиовышкой)=3
  Team B: сканирований=6, всего врагов-в-слоях=5, уникальных эксклюзивных (видны только радиовышкой)=0
  Team C: сканирований=2, всего врагов-в-слоях=13, уникальных эксклюзивных (видны только радиовышкой)=1

--- Сводка по попаданиям ---
  Всего событий (шоты+тараны+мины): 19
  Уничтожено кораблей всего: 16
  Team A: урон=28 хиты=9 тараны=3 мины(сработало)=0 убийств=10
  Team B: урон=16 хиты=0 тараны=5 мины(сработало)=0 убийств=5
  Team C: урон=4 хиты=1 тараны=0 мины(сработало)=1 убийств=1
! 🎮 GM: остановка игры
