======================================================================
Space Battle 10×10×10 — simulation run at 2026-04-20T13:44:08+00:00
Game mode: advanced
Seed: 148
✓ 🚀 Продвинутый режим: создаю разные типы кораблей
   Команда A: спавн вдоль оси Y от (0, 5, 6) до (0, 9, 6)
   Команда B: спавн вдоль оси Z от (9, 3, 6) до (9, 3, 7)
   Команда C: спавн вдоль оси Y от (0, 0, 4) до (0, 3, 4)
✓ ✅ Создано 24 кораблей


--- СТАРТОВАЯ РАССТАНОВКА ---
  Team A: живых 8/8
    ✓ Артиллерия A1      @ (0,5,6) hp=1/1
    ✓ Радиовышка A2      @ (0,4,6) hp=3/3
    ✓ Прыгун A3          @ (0,8,6) hp=2/2
    ✓ Факел A4           @ (0,0,6) hp=6/6
    ✓ Тишина A5          @ (0,1,6) hp=2/2
    ✓ Бурав A6           @ (0,3,6) hp=4/4
    ✓ Провокатор A7      @ (0,6,6) hp=2/2
    ✓ Паук A8            @ (0,9,6) hp=1/1
  Team B: живых 8/8
    ✓ Артиллерия B1      @ (9,3,6) hp=1/1
    ✓ Радиовышка B2      @ (9,3,5) hp=3/3
    ✓ Прыгун B3          @ (9,3,9) hp=2/2
    ✓ Факел B4           @ (9,3,4) hp=6/6
    ✓ Тишина B5          @ (9,3,0) hp=2/2
    ✓ Бурав B6           @ (9,3,3) hp=4/4
    ✓ Провокатор B7      @ (9,3,2) hp=2/2
    ✓ Паук B8            @ (9,3,7) hp=1/1
  Team C: живых 8/8
    ✓ Артиллерия C1      @ (0,0,4) hp=1/1
    ✓ Радиовышка C2      @ (0,5,4) hp=3/3
    ✓ Прыгун C3          @ (0,2,4) hp=2/2
    ✓ Факел C4           @ (0,4,4) hp=6/6
    ✓ Тишина C5          @ (0,9,4) hp=2/2
    ✓ Бурав C6           @ (0,7,4) hp=4/4
    ✓ Провокатор C7      @ (0,1,4) hp=2/2
    ✓ Паук C8            @ (0,3,4) hp=1/1

======================================================================
ХОД 1
======================================================================
✓ 🎮 GM: начинаем ход
GM: start_turn

--- Радиовышки: сканирование слоя Z ---
  Радиовышка A2 (z=6): видит 1 врагов [+1 эксклюзивно] → Артиллерия B1(9,3,6)
  Радиовышка B2 (z=5): слой чист
  Радиовышка C2 (z=4): видит 1 врагов [+1 эксклюзивно] → Факел B4(9,3,4)

--- Решения ботов ---
  [Team A] Артиллерия A1 (0,5,6) → SHOOT at (0,0,4)
  [Team A] Радиовышка A2 (0,4,6) → MOVE (0,5,5)
  [Team A] Прыгун A3 (0,8,6) → MOVE (0,7,4)
  [Team A] Факел A4 (0,0,6) → SHOOT at (0,0,4)
  [Team A] Тишина A5 (0,1,6) → PHASE toggle
  [Team A] Бурав A6 (0,3,6) → MOVE (0,1,4)
  [Team A] Провокатор A7 (0,6,6) → HOLOGRAM (0,6,5)
  [Team A] Паук A8 (0,9,6) → MINE (0,8,5)
  [Team B] Артиллерия B1 (9,3,6) → SHOOT at (0,5,1)
  [Team B] Радиовышка B2 (9,3,5) → MOVE (8,4,5)
  [Team B] Прыгун B3 (9,3,9) → MOVE (8,4,8)
  [Team B] Тишина B5 (9,3,0) → MOVE (8,4,1)
  [Team B] Бурав B6 (9,3,3) → MOVE (8,4,4)
  [Team B] Провокатор B7 (9,3,2) → MOVE (8,4,3)
  [Team B] Паук B8 (9,3,7) → MOVE (8,4,6)
  [Team B] Факел B4 → SKIP
  [Team C] Артиллерия C1 (0,0,4) → SHOOT at (0,5,6)
  [Team C] Радиовышка C2 (0,5,4) → MOVE (0,5,5)
  [Team C] Прыгун C3 (0,2,4) → MOVE (0,0,6)
  [Team C] Факел C4 (0,4,4) → SHOOT at (0,4,6)
  [Team C] Тишина C5 (0,9,4) → PHASE toggle
  [Team C] Бурав C6 (0,7,4) → MOVE (0,5,6)
  [Team C] Провокатор C7 (0,1,4) → HOLOGRAM (0,0,5)
  [Team C] Паук C8 (0,3,4) → MINE (0,4,5)
! 🎮 GM: принудительно завершает фазу планирования
GM: end_planning
# 
============================================================
# 🔄 ОБРАБОТКА ХОДА 1
# ============================================================
   🌀 Тишина A5: уходит в фазу на 1 ход
   🌀 Тишина C5: уходит в фазу на 1 ход
   🪞 Провокатор A7 создал голограмму H1 в (0,6,5)
   🪞 Провокатор C7 создал голограмму H2 в (0,0,5)
   💣 Паук A8 установил мину M1 в (0,8,5)
   💣 Паук C8 установил мину M2 в (0,4,5)

📦 ПЕРЕМЕЩЕНИЯ:
   Радиовышка A2: (0, 4, 6) → (0,5,5)
✓    💥 Прыгун A3 тараном уничтожил Бурав C6 в (0,7,4)
   Прыгун A3: (0, 8, 6) → (0,7,4)
✓    💥 Бурав A6 тараном уничтожил Провокатор C7 в (0,1,4)
   Бурав A6: (0, 3, 6) → (0,1,4)
   Радиовышка B2: (9, 3, 5) → (8,4,5)
   Прыгун B3: (9, 3, 9) → (8,4,8)
   Тишина B5: (9, 3, 0) → (8,4,1)
!    ⚠️ Бурав B6: Бурав двигается только по 1 оси или по 2 осям строго диагонально
   Провокатор B7: (9, 3, 2) → (8,4,3)
   Паук B8: (9, 3, 7) → (8,4,6)
!    ⚠️ Радиовышка C2: клетка (0,5,5) занята
✓    💥 Прыгун C3 тараном уничтожил Факел A4 в (0,0,6)
   Прыгун C3: (0, 2, 4) → (0,0,6)

🎯 ВЫСТРЕЛЫ:
✓    ✅ Артиллерия A1 поразил Артиллерия C1 (2 урона)!
✓    ✅ Артиллерия C1 поразил Артиллерия A1 (2 урона)!
   Выпущено ракет: 4
# 
📊 РЕЗУЛЬТАТЫ ХОДА 1:
✓ 💥 ПОПАДАНИЯ:
✓    Артиллерия A1 (Team A) → Артиллерия C1 (Team C)
✓    Артиллерия C1 (Team C) → Артиллерия A1 (Team A)

--- Результаты хода ---
  Team A / Прыгун A3          → Team C / Бурав C6           @ (0,7,4)  (УБИТ)
  Team A / Бурав A6           → Team C / Провокатор C7      @ (0,1,4)  (УБИТ)
  Team C / Прыгун C3          → Team A / Факел A4           @ (0,0,6)  (УБИТ)
  Team A / Артиллерия A1      → Team C / Артиллерия C1      @ (0,0,4)  (УБИТ)
  Team C / Артиллерия C1      → Team A / Артиллерия A1      @ (0,5,6)  (УБИТ)

--- Состояние команд после хода ---
  Team A: живых 6/8
    ✓ Радиовышка A2      @ (0,5,5) hp=3/3
    ✓ Прыгун A3          @ (0,7,4) hp=2/2
    ✓ Тишина A5          @ (0,1,6) hp=2/2
    ✓ Бурав A6           @ (0,1,4) hp=4/4
    ✓ Провокатор A7      @ (0,6,6) hp=2/2
    ✓ Паук A8            @ (0,9,6) hp=1/1
    ✗ Артиллерия A1      @ (0,5,6) [уничтожен]
    ✗ Факел A4           @ (0,0,6) [уничтожен]
  Team B: живых 8/8
    ✓ Артиллерия B1      @ (9,3,6) hp=1/1
    ✓ Радиовышка B2      @ (8,4,5) hp=3/3
    ✓ Прыгун B3          @ (8,4,8) hp=2/2
    ✓ Факел B4           @ (9,3,4) hp=6/6
    ✓ Тишина B5          @ (8,4,1) hp=2/2
    ✓ Бурав B6           @ (9,3,3) hp=4/4
    ✓ Провокатор B7      @ (8,4,3) hp=2/2
    ✓ Паук B8            @ (8,4,6) hp=1/1
  Team C: живых 5/8
    ✓ Радиовышка C2      @ (0,5,4) hp=3/3
    ✓ Прыгун C3          @ (0,0,6) hp=2/2
    ✓ Факел C4           @ (0,4,4) hp=6/6
    ✓ Тишина C5          @ (0,9,4) hp=2/2
    ✓ Паук C8            @ (0,3,4) hp=1/1
    ✗ Артиллерия C1      @ (0,0,4) [уничтожен]
    ✗ Бурав C6           @ (0,7,4) [уничтожен]
    ✗ Провокатор C7      @ (0,1,4) [уничтожен]

======================================================================
ХОД 2
======================================================================
✓ 🎮 GM: начинаем ход
GM: start_turn

--- Радиовышки: сканирование слоя Z ---
  Радиовышка A2 (z=5): видит 1 врагов [+1 эксклюзивно] → Радиовышка B2(8,4,5)
  Радиовышка B2 (z=5): видит 1 врагов [+1 эксклюзивно] → Радиовышка A2(0,5,5)
  Радиовышка C2 (z=4): видит 3 врагов [+1 эксклюзивно] → Бурав A6(0,1,4), Прыгун A3(0,7,4), Факел B4(9,3,4)

--- Решения ботов ---
  [Team A] Радиовышка A2 (0,5,5) → MOVE (0,5,4)
  [Team A] Прыгун A3 (0,7,4) → SHOOT at (0,3,4)
  [Team A] Тишина A5 (0,1,6) → MOVE (0,0,6)
  [Team A] Бурав A6 (0,1,4) → MOVE (0,4,4)
  [Team A] Провокатор A7 (0,6,6) → HOLOGRAM (0,6,5)
  [Team A] Паук A8 (0,9,6) → MINE (0,8,5)
  [Team B] Артиллерия B1 (9,3,6) → SHOOT at (0,5,5)
  [Team B] Радиовышка B2 (8,4,5) → MOVE (7,5,5)
  [Team B] Прыгун B3 (8,4,8) → MOVE (7,5,7)
  [Team B] Факел B4 (9,3,4) → MOVE (8,3,3)
  [Team B] Тишина B5 (8,4,1) → MOVE (7,5,2)
  [Team B] Бурав B6 (9,3,3) → MOVE (8,4,4)
  [Team B] Провокатор B7 (8,4,3) → MOVE (7,5,4)
  [Team B] Паук B8 (8,4,6) → MOVE (8,5,5)
  [Team C] Радиовышка C2 (0,5,4) → MOVE (0,5,5)
  [Team C] Прыгун C3 (0,0,6) → MOVE (0,1,4)
  [Team C] Факел C4 (0,4,4) → SHOOT at (0,7,4)
  [Team C] Тишина C5 (0,9,4) → MOVE (0,8,4)
  [Team C] Паук C8 (0,3,4) → MINE (0,4,5)
! 🎮 GM: принудительно завершает фазу планирования
GM: end_planning
# 
============================================================
# 🔄 ОБРАБОТКА ХОДА 2
# ============================================================
   🌀 Тишина A5: фаза спала (действовала 1 ход)
   🌀 Тишина C5: фаза спала (действовала 1 ход)
!    ⚠️ Провокатор A7: клетка (0,6,5) уже занята голограммой
!    ⚠️ Паук A8: в клетке уже стоит мина
!    ⚠️ Паук C8: в клетке уже стоит мина

📦 ПЕРЕМЕЩЕНИЯ:
!    ⚠️ Радиовышка A2: клетка (0,5,4) занята
!    ⚠️ Тишина A5: клетка (0,0,6) занята
✓    💥 Бурав A6 тараном уничтожил Факел C4 в (0,4,4)
   Бурав A6: (0, 1, 4) → (0,4,4)
   Радиовышка B2: (8, 4, 5) → (7,5,5)
   Прыгун B3: (8, 4, 8) → (7,5,7)
   Факел B4: (9, 3, 4) → (8,3,3)
   Тишина B5: (8, 4, 1) → (7,5,2)
!    ⚠️ Бурав B6: Бурав двигается только по 1 оси или по 2 осям строго диагонально
   Провокатор B7: (8, 4, 3) → (7,5,4)
   Паук B8: (8, 4, 6) → (8,5,5)
!    ⚠️ Радиовышка C2: клетка (0,5,5) занята
   Прыгун C3: (0, 0, 6) → (0,1,4)
   Тишина C5: (0, 9, 4) → (0,8,4)

🎯 ВЫСТРЕЛЫ:
✓    ✅ Прыгун A3 поразил Радиовышка C2 (1 урона)!
✓    ✅ Артиллерия B1 поразил Радиовышка A2 (2 урона)!
   Выпущено ракет: 2
# 
📊 РЕЗУЛЬТАТЫ ХОДА 2:
✓ 💥 ПОПАДАНИЯ:
✓    Прыгун A3 (Team A) → Радиовышка C2 (Team C)
✓    Артиллерия B1 (Team B) → Радиовышка A2 (Team A)

--- Результаты хода ---
  Team A / Бурав A6           → Team C / Факел C4           @ (0,4,4)  (УБИТ)
  Team A / Прыгун A3          → Team C / Радиовышка C2      @ (0,5,4)  (ранен)
  Team B / Артиллерия B1      → Team A / Радиовышка A2      @ (0,5,5)  (ранен)

--- Состояние команд после хода ---
  Team A: живых 6/8
    ✓ Радиовышка A2      @ (0,5,5) hp=1/3
    ✓ Прыгун A3          @ (0,7,4) hp=2/2
    ✓ Тишина A5          @ (0,1,6) hp=2/2
    ✓ Бурав A6           @ (0,4,4) hp=4/4
    ✓ Провокатор A7      @ (0,6,6) hp=2/2
    ✓ Паук A8            @ (0,9,6) hp=1/1
    ✗ Артиллерия A1      @ (0,5,6) [уничтожен]
    ✗ Факел A4           @ (0,0,6) [уничтожен]
  Team B: живых 8/8
    ✓ Артиллерия B1      @ (9,3,6) hp=1/1
    ✓ Радиовышка B2      @ (7,5,5) hp=3/3
    ✓ Прыгун B3          @ (7,5,7) hp=2/2
    ✓ Факел B4           @ (8,3,3) hp=6/6
    ✓ Тишина B5          @ (7,5,2) hp=2/2
    ✓ Бурав B6           @ (9,3,3) hp=4/4
    ✓ Провокатор B7      @ (7,5,4) hp=2/2
    ✓ Паук B8            @ (8,5,5) hp=1/1
  Team C: живых 4/8
    ✓ Радиовышка C2      @ (0,5,4) hp=2/3
    ✓ Прыгун C3          @ (0,1,4) hp=2/2
    ✓ Тишина C5          @ (0,8,4) hp=2/2
    ✓ Паук C8            @ (0,3,4) hp=1/1
    ✗ Артиллерия C1      @ (0,0,4) [уничтожен]
    ✗ Факел C4           @ (0,4,4) [уничтожен]
    ✗ Бурав C6           @ (0,7,4) [уничтожен]
    ✗ Провокатор C7      @ (0,1,4) [уничтожен]

======================================================================
ХОД 3
======================================================================
✓ 🎮 GM: начинаем ход
GM: start_turn

--- Радиовышки: сканирование слоя Z ---
  Радиовышка A2 (z=5): видит 2 врагов [+2 эксклюзивно] → Радиовышка B2(7,5,5), Паук B8(8,5,5)
  Радиовышка B2 (z=5): видит 1 врагов [+1 эксклюзивно] → Радиовышка A2(0,5,5)
  Радиовышка C2 (z=4): видит 3 врагов [+1 эксклюзивно] → Бурав A6(0,4,4), Прыгун A3(0,7,4), Провокатор B7(7,5,4)

--- Решения ботов ---
  [Team A] Радиовышка A2 (0,5,5) → MOVE (0,5,4)
  [Team A] Прыгун A3 (0,7,4) → MOVE (0,8,4)
  [Team A] Тишина A5 (0,1,6) → MOVE (0,1,5)
  [Team A] Бурав A6 (0,4,4) → MOVE (0,1,4)
  [Team A] Провокатор A7 (0,6,6) → HOLOGRAM (0,6,5)
  [Team A] Паук A8 (0,9,6) → MINE (0,8,5)
  [Team B] Артиллерия B1 (9,3,6) → SHOOT at (0,5,5)
  [Team B] Радиовышка B2 (7,5,5) → MOVE (6,5,5)
  [Team B] Прыгун B3 (7,5,7) → MOVE (6,5,6)
  [Team B] Факел B4 (8,3,3) → MOVE (7,4,3)
  [Team B] Тишина B5 (7,5,2) → MOVE (6,5,3)
  [Team B] Бурав B6 (9,3,3) → MOVE (8,4,4)
  [Team B] Провокатор B7 (7,5,4) → MOVE (6,5,4)
  [Team B] Паук B8 → SKIP
  [Team C] Радиовышка C2 (0,5,4) → MOVE (0,5,5)
  [Team C] Прыгун C3 (0,1,4) → MOVE (0,1,6)
  [Team C] Тишина C5 (0,8,4) → MOVE (0,7,4)
  [Team C] Паук C8 (0,3,4) → MINE (0,4,4)
! 🎮 GM: принудительно завершает фазу планирования
GM: end_planning
# 
============================================================
# 🔄 ОБРАБОТКА ХОДА 3
# ============================================================
!    ⚠️ Провокатор A7: клетка (0,6,5) уже занята голограммой
!    ⚠️ Паук A8: в клетке уже стоит мина
!    ⚠️ Паук C8: клетка (0,4,4) занята кораблём

📦 ПЕРЕМЕЩЕНИЯ:
!    ⚠️ Радиовышка A2: клетка (0,5,4) занята
✓    💥 Прыгун A3 тараном уничтожил Тишина C5 в (0,8,4)
   Прыгун A3: (0, 7, 4) → (0,8,4)
   Тишина A5: (0, 1, 6) → (0,1,5)
✓    💥 Бурав A6 тараном уничтожил Прыгун C3 в (0,1,4)
   Бурав A6: (0, 4, 4) → (0,1,4)
   Радиовышка B2: (7, 5, 5) → (6,5,5)
   Прыгун B3: (7, 5, 7) → (6,5,6)
   Факел B4: (8, 3, 3) → (7,4,3)
   Тишина B5: (7, 5, 2) → (6,5,3)
!    ⚠️ Бурав B6: Бурав двигается только по 1 оси или по 2 осям строго диагонально
   Провокатор B7: (7, 5, 4) → (6,5,4)
!    ⚠️ Радиовышка C2: клетка (0,5,5) занята

🎯 ВЫСТРЕЛЫ:
✓    ✅ Артиллерия B1 поразил Радиовышка A2 (2 урона)!
   Выпущено ракет: 1
# 
📊 РЕЗУЛЬТАТЫ ХОДА 3:
✓ 💥 ПОПАДАНИЯ:
✓    Артиллерия B1 (Team B) → Радиовышка A2 (Team A)

--- Результаты хода ---
  Team A / Прыгун A3          → Team C / Тишина C5          @ (0,8,4)  (УБИТ)
  Team A / Бурав A6           → Team C / Прыгун C3          @ (0,1,4)  (УБИТ)
  Team B / Артиллерия B1      → Team A / Радиовышка A2      @ (0,5,5)  (УБИТ)

--- Состояние команд после хода ---
  Team A: живых 5/8
    ✓ Прыгун A3          @ (0,8,4) hp=2/2
    ✓ Тишина A5          @ (0,1,5) hp=2/2
    ✓ Бурав A6           @ (0,1,4) hp=4/4
    ✓ Провокатор A7      @ (0,6,6) hp=2/2
    ✓ Паук A8            @ (0,9,6) hp=1/1
    ✗ Артиллерия A1      @ (0,5,6) [уничтожен]
    ✗ Радиовышка A2      @ (0,5,5) [уничтожен]
    ✗ Факел A4           @ (0,0,6) [уничтожен]
  Team B: живых 8/8
    ✓ Артиллерия B1      @ (9,3,6) hp=1/1
    ✓ Радиовышка B2      @ (6,5,5) hp=3/3
    ✓ Прыгун B3          @ (6,5,6) hp=2/2
    ✓ Факел B4           @ (7,4,3) hp=6/6
    ✓ Тишина B5          @ (6,5,3) hp=2/2
    ✓ Бурав B6           @ (9,3,3) hp=4/4
    ✓ Провокатор B7      @ (6,5,4) hp=2/2
    ✓ Паук B8            @ (8,5,5) hp=1/1
  Team C: живых 2/8
    ✓ Радиовышка C2      @ (0,5,4) hp=2/3
    ✓ Паук C8            @ (0,3,4) hp=1/1
    ✗ Артиллерия C1      @ (0,0,4) [уничтожен]
    ✗ Прыгун C3          @ (0,1,4) [уничтожен]
    ✗ Факел C4           @ (0,4,4) [уничтожен]
    ✗ Тишина C5          @ (0,8,4) [уничтожен]
    ✗ Бурав C6           @ (0,7,4) [уничтожен]
    ✗ Провокатор C7      @ (0,1,4) [уничтожен]

======================================================================
ХОД 4
======================================================================
✓ 🎮 GM: начинаем ход
GM: start_turn

--- Радиовышки: сканирование слоя Z ---
  Радиовышка B2 (z=5): видит 1 врагов [+1 эксклюзивно] → Тишина A5(0,1,5)
  Радиовышка C2 (z=4): видит 3 врагов [+2 эксклюзивно] → Бурав A6(0,1,4), Прыгун A3(0,8,4), Провокатор B7(6,5,4)

--- Решения ботов ---
  [Team A] Прыгун A3 (0,8,4) → SHOOT at (0,3,4)
  [Team A] Тишина A5 (0,1,5) → MOVE (0,2,4)
  [Team A] Бурав A6 (0,1,4) → MOVE (0,3,4)
  [Team A] Провокатор A7 (0,6,6) → HOLOGRAM (0,5,5)
  [Team A] Паук A8 (0,9,6) → MINE (0,8,5)
  [Team B] Артиллерия B1 (9,3,6) → SHOOT at (0,1,5)
  [Team B] Радиовышка B2 (6,5,5) → MOVE (5,4,5)
  [Team B] Прыгун B3 (6,5,6) → MOVE (5,5,5)
  [Team B] Факел B4 (7,4,3) → MOVE (6,4,3)
  [Team B] Тишина B5 (6,5,3) → MOVE (5,4,4)
  [Team B] Бурав B6 (9,3,3) → MOVE (8,2,4)
  [Team B] Провокатор B7 (6,5,4) → MOVE (6,4,4)
  [Team B] Паук B8 (8,5,5) → MOVE (7,4,5)
  [Team C] Радиовышка C2 (0,5,4) → MOVE (0,6,5)
  [Team C] Паук C8 (0,3,4) → MINE (0,2,4)
! 🎮 GM: принудительно завершает фазу планирования
GM: end_planning
# 
============================================================
# 🔄 ОБРАБОТКА ХОДА 4
# ============================================================
   🪞 Провокатор A7 создал голограмму H3 в (0,5,5)
!    ⚠️ Паук A8: в клетке уже стоит мина
   💣 Паук C8 установил мину M3 в (0,2,4)

📦 ПЕРЕМЕЩЕНИЯ:
   Тишина A5: (0, 1, 5) → (0,2,4)
!    💥 Мина M3 сработала под Тишина A5 (урон 2) — КОРАБЛЬ УНИЧТОЖЕН
✓    💥 Бурав A6 тараном уничтожил Паук C8 в (0,3,4)
   Бурав A6: (0, 1, 4) → (0,3,4)
   Радиовышка B2: (6, 5, 5) → (5,4,5)
   Прыгун B3: (6, 5, 6) → (5,5,5)
   Факел B4: (7, 4, 3) → (6,4,3)
   Тишина B5: (6, 5, 3) → (5,4,4)
!    ⚠️ Бурав B6: Бурав двигается только по 1 оси или по 2 осям строго диагонально
   Провокатор B7: (6, 5, 4) → (6,4,4)
   Паук B8: (8, 5, 5) → (7,4,5)
!    ⚠️ Радиовышка C2: клетка (0,6,5) занята

🎯 ВЫСТРЕЛЫ:
✓    ✅ Прыгун A3 поразил Радиовышка C2 (1 урона)!
   Выпущено ракет: 2
# 
📊 РЕЗУЛЬТАТЫ ХОДА 4:
✓ 💥 ПОПАДАНИЯ:
✓    Прыгун A3 (Team A) → Радиовышка C2 (Team C)

--- Результаты хода ---
  ? / ?                  → Team A / Тишина A5          @ (0,2,4)  (УБИТ)
  Team A / Бурав A6           → Team C / Паук C8            @ (0,3,4)  (УБИТ)
  Team A / Прыгун A3          → Team C / Радиовышка C2      @ (0,5,4)  (ранен)

--- Состояние команд после хода ---
  Team A: живых 4/8
    ✓ Прыгун A3          @ (0,8,4) hp=2/2
    ✓ Бурав A6           @ (0,3,4) hp=4/4
    ✓ Провокатор A7      @ (0,6,6) hp=2/2
    ✓ Паук A8            @ (0,9,6) hp=1/1
    ✗ Артиллерия A1      @ (0,5,6) [уничтожен]
    ✗ Радиовышка A2      @ (0,5,5) [уничтожен]
    ✗ Факел A4           @ (0,0,6) [уничтожен]
    ✗ Тишина A5          @ (0,2,4) [уничтожен]
  Team B: живых 8/8
    ✓ Артиллерия B1      @ (9,3,6) hp=1/1
    ✓ Радиовышка B2      @ (5,4,5) hp=3/3
    ✓ Прыгун B3          @ (5,5,5) hp=2/2
    ✓ Факел B4           @ (6,4,3) hp=6/6
    ✓ Тишина B5          @ (5,4,4) hp=2/2
    ✓ Бурав B6           @ (9,3,3) hp=4/4
    ✓ Провокатор B7      @ (6,4,4) hp=2/2
    ✓ Паук B8            @ (7,4,5) hp=1/1
  Team C: живых 1/8
    ✓ Радиовышка C2      @ (0,5,4) hp=1/3
    ✗ Артиллерия C1      @ (0,0,4) [уничтожен]
    ✗ Прыгун C3          @ (0,1,4) [уничтожен]
    ✗ Факел C4           @ (0,4,4) [уничтожен]
    ✗ Тишина C5          @ (0,8,4) [уничтожен]
    ✗ Бурав C6           @ (0,7,4) [уничтожен]
    ✗ Провокатор C7      @ (0,1,4) [уничтожен]
    ✗ Паук C8            @ (0,3,4) [уничтожен]

======================================================================
ХОД 5
======================================================================
✓ 🎮 GM: начинаем ход
GM: start_turn

--- Радиовышки: сканирование слоя Z ---
  Радиовышка B2 (z=5): слой чист
  Радиовышка C2 (z=4): видит 4 врагов [+4 эксклюзивно] → Бурав A6(0,3,4), Прыгун A3(0,8,4), Тишина B5(5,4,4), Провокатор B7(6,4,4)

--- Решения ботов ---
  [Team A] Прыгун A3 (0,8,4) → SHOOT at (0,5,4)
  [Team A] Бурав A6 (0,3,4) → MOVE (0,5,4)
  [Team A] Провокатор A7 (0,6,6) → HOLOGRAM (0,5,5)
  [Team A] Паук A8 (0,9,6) → MINE (0,8,5)
  [Team B] Артиллерия B1 (9,3,6) → SHOOT at (7,9,5)
  [Team B] Факел B4 (6,4,3) → MOVE (5,4,3)
  [Team B] Тишина B5 (5,4,4) → MOVE (5,5,4)
  [Team B] Бурав B6 (9,3,3) → MOVE (8,4,4)
  [Team B] Провокатор B7 (6,4,4) → MOVE (6,4,5)
  [Team B] Паук B8 (7,4,5) → MOVE (6,5,5)
  [Team B] Радиовышка B2 → SKIP
  [Team B] Прыгун B3 → SKIP
  [Team C] Радиовышка C2 (0,5,4) → MOVE (0,4,4)
! 🎮 GM: принудительно завершает фазу планирования
GM: end_planning
# 
============================================================
# 🔄 ОБРАБОТКА ХОДА 5
# ============================================================
!    ⚠️ Провокатор A7: клетка (0,5,5) уже занята голограммой
!    ⚠️ Паук A8: в клетке уже стоит мина

📦 ПЕРЕМЕЩЕНИЯ:
✓    💥 Бурав A6 тараном уничтожил Радиовышка C2 в (0,5,4)
   Бурав A6: (0, 3, 4) → (0,5,4)
   Факел B4: (6, 4, 3) → (5,4,3)
   Тишина B5: (5, 4, 4) → (5,5,4)
!    ⚠️ Бурав B6: Бурав двигается только по 1 оси или по 2 осям строго диагонально
   Провокатор B7: (6, 4, 4) → (6,4,5)
   Паук B8: (7, 4, 5) → (6,5,5)

🎯 ВЫСТРЕЛЫ:
!    🛡️ Выстрел Прыгун A3 заблокирован союзником Бурав A6 в (0, 5, 4)
   Выпущено ракет: 2
# 
📊 РЕЗУЛЬТАТЫ ХОДА 5:
🎯 Попаданий нет

--- Результаты хода ---
  Team A / Бурав A6           → Team C / Радиовышка C2      @ (0,5,4)  (УБИТ)

--- Состояние команд после хода ---
  Team A: живых 4/8
    ✓ Прыгун A3          @ (0,8,4) hp=2/2
    ✓ Бурав A6           @ (0,5,4) hp=4/4
    ✓ Провокатор A7      @ (0,6,6) hp=2/2
    ✓ Паук A8            @ (0,9,6) hp=1/1
    ✗ Артиллерия A1      @ (0,5,6) [уничтожен]
    ✗ Радиовышка A2      @ (0,5,5) [уничтожен]
    ✗ Факел A4           @ (0,0,6) [уничтожен]
    ✗ Тишина A5          @ (0,2,4) [уничтожен]
  Team B: живых 8/8
    ✓ Артиллерия B1      @ (9,3,6) hp=1/1
    ✓ Радиовышка B2      @ (5,4,5) hp=3/3
    ✓ Прыгун B3          @ (5,5,5) hp=2/2
    ✓ Факел B4           @ (5,4,3) hp=6/6
    ✓ Тишина B5          @ (5,5,4) hp=2/2
    ✓ Бурав B6           @ (9,3,3) hp=4/4
    ✓ Провокатор B7      @ (6,4,5) hp=2/2
    ✓ Паук B8            @ (6,5,5) hp=1/1
  Team C: живых 0/8
    ✗ Артиллерия C1      @ (0,0,4) [уничтожен]
    ✗ Радиовышка C2      @ (0,5,4) [уничтожен]
    ✗ Прыгун C3          @ (0,1,4) [уничтожен]
    ✗ Факел C4           @ (0,4,4) [уничтожен]
    ✗ Тишина C5          @ (0,8,4) [уничтожен]
    ✗ Бурав C6           @ (0,7,4) [уничтожен]
    ✗ Провокатор C7      @ (0,1,4) [уничтожен]
    ✗ Паук C8            @ (0,3,4) [уничтожен]

======================================================================
ХОД 6
======================================================================
✓ 🎮 GM: начинаем ход
GM: start_turn

--- Радиовышки: сканирование слоя Z ---
  Радиовышка B2 (z=5): слой чист

--- Решения ботов ---
  [Team A] Прыгун A3 (0,8,4) → MOVE (1,7,5)
  [Team A] Бурав A6 (0,5,4) → MOVE (1,5,5)
  [Team A] Провокатор A7 (0,6,6) → MOVE (1,5,6)
  [Team A] Паук A8 (0,9,6) → MOVE (1,8,5)
  [Team B] Артиллерия B1 (9,3,6) → SHOOT at (0,0,1)
  [Team B] Факел B4 (5,4,3) → MOVE (5,4,4)
  [Team B] Бурав B6 (9,3,3) → MOVE (8,4,4)
  [Team B] Провокатор B7 → SKIP
  [Team B] Тишина B5 → SKIP
  [Team B] Радиовышка B2 → SKIP
  [Team B] Паук B8 → SKIP
  [Team B] Прыгун B3 → SKIP
  [Team C] все корабли пропускают ход
! 🎮 GM: принудительно завершает фазу планирования
GM: end_planning
# 
============================================================
# 🔄 ОБРАБОТКА ХОДА 6
# ============================================================

📦 ПЕРЕМЕЩЕНИЯ:
   Прыгун A3: (0, 8, 4) → (1,7,5)
   Бурав A6: (0, 5, 4) → (1,5,5)
   Провокатор A7: (0, 6, 6) → (1,5,6)
   Паук A8: (0, 9, 6) → (1,8,5)
   Факел B4: (5, 4, 3) → (5,4,4)
!    ⚠️ Бурав B6: Бурав двигается только по 1 оси или по 2 осям строго диагонально

🎯 ВЫСТРЕЛЫ:
   Выпущено ракет: 1
# 
📊 РЕЗУЛЬТАТЫ ХОДА 6:
🎯 Попаданий нет

--- Результаты хода ---
  Попаданий нет

--- Состояние команд после хода ---
  Team A: живых 4/8
    ✓ Прыгун A3          @ (1,7,5) hp=2/2
    ✓ Бурав A6           @ (1,5,5) hp=4/4
    ✓ Провокатор A7      @ (1,5,6) hp=2/2
    ✓ Паук A8            @ (1,8,5) hp=1/1
    ✗ Артиллерия A1      @ (0,5,6) [уничтожен]
    ✗ Радиовышка A2      @ (0,5,5) [уничтожен]
    ✗ Факел A4           @ (0,0,6) [уничтожен]
    ✗ Тишина A5          @ (0,2,4) [уничтожен]
  Team B: живых 8/8
    ✓ Артиллерия B1      @ (9,3,6) hp=1/1
    ✓ Радиовышка B2      @ (5,4,5) hp=3/3
    ✓ Прыгун B3          @ (5,5,5) hp=2/2
    ✓ Факел B4           @ (5,4,4) hp=6/6
    ✓ Тишина B5          @ (5,5,4) hp=2/2
    ✓ Бурав B6           @ (9,3,3) hp=4/4
    ✓ Провокатор B7      @ (6,4,5) hp=2/2
    ✓ Паук B8            @ (6,5,5) hp=1/1
  Team C: живых 0/8
    ✗ Артиллерия C1      @ (0,0,4) [уничтожен]
    ✗ Радиовышка C2      @ (0,5,4) [уничтожен]
    ✗ Прыгун C3          @ (0,1,4) [уничтожен]
    ✗ Факел C4           @ (0,4,4) [уничтожен]
    ✗ Тишина C5          @ (0,8,4) [уничтожен]
    ✗ Бурав C6           @ (0,7,4) [уничтожен]
    ✗ Провокатор C7      @ (0,1,4) [уничтожен]
    ✗ Паук C8            @ (0,3,4) [уничтожен]

======================================================================
ХОД 7
======================================================================
✓ 🎮 GM: начинаем ход
GM: start_turn

--- Радиовышки: сканирование слоя Z ---
  Радиовышка B2 (z=5): видит 3 врагов  → Бурав A6(1,5,5), Прыгун A3(1,7,5), Паук A8(1,8,5)

--- Решения ботов ---
  [Team A] Прыгун A3 (1,7,5) → MOVE (2,6,5)
  [Team A] Бурав A6 (1,5,5) → MOVE (2,4,5)
  [Team A] Провокатор A7 (1,5,6) → HOLOGRAM (2,5,5)
  [Team A] Паук A8 (1,8,5) → MINE (2,7,5)
  [Team B] Артиллерия B1 (9,3,6) → SHOOT at (1,5,6)
  [Team B] Радиовышка B2 (5,4,5) → MOVE (4,5,5)
  [Team B] Прыгун B3 (5,5,5) → SHOOT at (1,5,5)
  [Team B] Тишина B5 (5,5,4) → PHASE toggle
  [Team B] Бурав B6 (9,3,3) → MOVE (8,4,4)
  [Team B] Паук B8 (6,5,5) → MOVE (5,6,5)
  [Team B] Провокатор B7 → SKIP
  [Team B] Факел B4 → SKIP
  [Team C] все корабли пропускают ход
! 🎮 GM: принудительно завершает фазу планирования
GM: end_planning
# 
============================================================
# 🔄 ОБРАБОТКА ХОДА 7
# ============================================================
   🌀 Тишина B5: уходит в фазу на 1 ход
   🪞 Провокатор A7 создал голограмму H4 в (2,5,5)
   💣 Паук A8 установил мину M4 в (2,7,5)

📦 ПЕРЕМЕЩЕНИЯ:
   Прыгун A3: (1, 7, 5) → (2,6,5)
   Бурав A6: (1, 5, 5) → (2,4,5)
   Радиовышка B2: (5, 4, 5) → (4,5,5)
!    ⚠️ Бурав B6: Бурав двигается только по 1 оси или по 2 осям строго диагонально
   Паук B8: (6, 5, 5) → (5,6,5)

🎯 ВЫСТРЕЛЫ:
!    🛡️ Выстрел Прыгун B3 заблокирован союзником Радиовышка B2 в (4, 5, 5)
✓    ✅ Артиллерия B1 поразил Провокатор A7 (2 урона)!
   Выпущено ракет: 2
# 
📊 РЕЗУЛЬТАТЫ ХОДА 7:
✓ 💥 ПОПАДАНИЯ:
✓    Артиллерия B1 (Team B) → Провокатор A7 (Team A)

--- Результаты хода ---
  Team B / Артиллерия B1      → Team A / Провокатор A7      @ (1,5,6)  (УБИТ)

--- Состояние команд после хода ---
  Team A: живых 3/8
    ✓ Прыгун A3          @ (2,6,5) hp=2/2
    ✓ Бурав A6           @ (2,4,5) hp=4/4
    ✓ Паук A8            @ (1,8,5) hp=1/1
    ✗ Артиллерия A1      @ (0,5,6) [уничтожен]
    ✗ Радиовышка A2      @ (0,5,5) [уничтожен]
    ✗ Факел A4           @ (0,0,6) [уничтожен]
    ✗ Тишина A5          @ (0,2,4) [уничтожен]
    ✗ Провокатор A7      @ (1,5,6) [уничтожен]
  Team B: живых 8/8
    ✓ Артиллерия B1      @ (9,3,6) hp=1/1
    ✓ Радиовышка B2      @ (4,5,5) hp=3/3
    ✓ Прыгун B3          @ (5,5,5) hp=2/2
    ✓ Факел B4           @ (5,4,4) hp=6/6
    ✓ Тишина B5          @ (5,5,4) hp=2/2
    ✓ Бурав B6           @ (9,3,3) hp=4/4
    ✓ Провокатор B7      @ (6,4,5) hp=2/2
    ✓ Паук B8            @ (5,6,5) hp=1/1
  Team C: живых 0/8
    ✗ Артиллерия C1      @ (0,0,4) [уничтожен]
    ✗ Радиовышка C2      @ (0,5,4) [уничтожен]
    ✗ Прыгун C3          @ (0,1,4) [уничтожен]
    ✗ Факел C4           @ (0,4,4) [уничтожен]
    ✗ Тишина C5          @ (0,8,4) [уничтожен]
    ✗ Бурав C6           @ (0,7,4) [уничтожен]
    ✗ Провокатор C7      @ (0,1,4) [уничтожен]
    ✗ Паук C8            @ (0,3,4) [уничтожен]

======================================================================
ХОД 8
======================================================================
✓ 🎮 GM: начинаем ход
GM: start_turn

--- Радиовышки: сканирование слоя Z ---
  Радиовышка B2 (z=5): видит 3 врагов  → Паук A8(1,8,5), Бурав A6(2,4,5), Прыгун A3(2,6,5)

--- Решения ботов ---
  [Team A] Прыгун A3 (2,6,5) → MOVE (4,5,5)
  [Team A] Бурав A6 (2,4,5) → MOVE (3,5,5)
  [Team A] Паук A8 (1,8,5) → MINE (2,7,5)
  [Team B] Артиллерия B1 (9,3,6) → SHOOT at (2,6,5)
  [Team B] Радиовышка B2 (4,5,5) → MOVE (3,6,5)
  [Team B] Прыгун B3 (5,5,5) → MOVE (4,6,5)
  [Team B] Факел B4 (5,4,4) → MOVE (4,5,4)
  [Team B] Тишина B5 (5,5,4) → MOVE (5,6,4)
  [Team B] Бурав B6 (9,3,3) → MOVE (8,4,4)
  [Team B] Провокатор B7 (6,4,5) → HOLOGRAM (6,5,5)
  [Team B] Паук B8 → SKIP
  [Team C] все корабли пропускают ход
! 🎮 GM: принудительно завершает фазу планирования
GM: end_planning
# 
============================================================
# 🔄 ОБРАБОТКА ХОДА 8
# ============================================================
   🌀 Тишина B5: фаза спала (действовала 1 ход)
   🪞 Провокатор B7 создал голограмму H5 в (6,5,5)
!    ⚠️ Паук A8: в клетке уже стоит мина

📦 ПЕРЕМЕЩЕНИЯ:
✓    💥 Прыгун A3 тараном уничтожил Радиовышка B2 в (4,5,5)
   Прыгун A3: (2, 6, 5) → (4,5,5)
   Бурав A6: (2, 4, 5) → (3,5,5)
   Прыгун B3: (5, 5, 5) → (4,6,5)
   Факел B4: (5, 4, 4) → (4,5,4)
   Тишина B5: (5, 5, 4) → (5,6,4)
!    ⚠️ Бурав B6: Бурав двигается только по 1 оси или по 2 осям строго диагонально

🎯 ВЫСТРЕЛЫ:
   Выпущено ракет: 1
# 
📊 РЕЗУЛЬТАТЫ ХОДА 8:
🎯 Попаданий нет

--- Результаты хода ---
  Team A / Прыгун A3          → Team B / Радиовышка B2      @ (4,5,5)  (УБИТ)

--- Состояние команд после хода ---
  Team A: живых 3/8
    ✓ Прыгун A3          @ (4,5,5) hp=2/2
    ✓ Бурав A6           @ (3,5,5) hp=4/4
    ✓ Паук A8            @ (1,8,5) hp=1/1
    ✗ Артиллерия A1      @ (0,5,6) [уничтожен]
    ✗ Радиовышка A2      @ (0,5,5) [уничтожен]
    ✗ Факел A4           @ (0,0,6) [уничтожен]
    ✗ Тишина A5          @ (0,2,4) [уничтожен]
    ✗ Провокатор A7      @ (1,5,6) [уничтожен]
  Team B: живых 7/8
    ✓ Артиллерия B1      @ (9,3,6) hp=1/1
    ✓ Прыгун B3          @ (4,6,5) hp=2/2
    ✓ Факел B4           @ (4,5,4) hp=6/6
    ✓ Тишина B5          @ (5,6,4) hp=2/2
    ✓ Бурав B6           @ (9,3,3) hp=4/4
    ✓ Провокатор B7      @ (6,4,5) hp=2/2
    ✓ Паук B8            @ (5,6,5) hp=1/1
    ✗ Радиовышка B2      @ (4,5,5) [уничтожен]
  Team C: живых 0/8
    ✗ Артиллерия C1      @ (0,0,4) [уничтожен]
    ✗ Радиовышка C2      @ (0,5,4) [уничтожен]
    ✗ Прыгун C3          @ (0,1,4) [уничтожен]
    ✗ Факел C4           @ (0,4,4) [уничтожен]
    ✗ Тишина C5          @ (0,8,4) [уничтожен]
    ✗ Бурав C6           @ (0,7,4) [уничтожен]
    ✗ Провокатор C7      @ (0,1,4) [уничтожен]
    ✗ Паук C8            @ (0,3,4) [уничтожен]

======================================================================
ХОД 9
======================================================================
✓ 🎮 GM: начинаем ход
GM: start_turn

--- Радиовышки: сканирование слоя Z ---
  (у команд не осталось живых радиовышек)

--- Решения ботов ---
  [Team A] Прыгун A3 (4,5,5) → MOVE (4,5,4)
  [Team A] Бурав A6 (3,5,5) → MOVE (4,6,5)
  [Team A] Паук A8 (1,8,5) → MINE (2,7,5)
  [Team B] Артиллерия B1 (9,3,6) → SHOOT at (4,5,5)
  [Team B] Прыгун B3 (4,6,5) → MOVE (4,5,5)
  [Team B] Факел B4 (4,5,4) → SHOOT at (4,5,5)
  [Team B] Тишина B5 (5,6,4) → MOVE (4,6,4)
  [Team B] Бурав B6 (9,3,3) → MOVE (8,4,4)
  [Team B] Провокатор B7 (6,4,5) → HOLOGRAM (5,5,5)
  [Team B] Паук B8 (5,6,5) → MINE (5,5,5)
  [Team C] все корабли пропускают ход
! 🎮 GM: принудительно завершает фазу планирования
GM: end_planning
# 
============================================================
# 🔄 ОБРАБОТКА ХОДА 9
# ============================================================
   🪞 Провокатор B7 создал голограмму H6 в (5,5,5)
!    ⚠️ Паук A8: в клетке уже стоит мина
   💣 Паук B8 установил мину M5 в (5,5,5)

📦 ПЕРЕМЕЩЕНИЯ:
✓    💥 Прыгун A3 тараном уничтожил Факел B4 в (4,5,4)
   Прыгун A3: (4, 5, 5) → (4,5,4)
✓    💥 Бурав A6 тараном уничтожил Прыгун B3 в (4,6,5)
   Бурав A6: (3, 5, 5) → (4,6,5)
   Тишина B5: (5, 6, 4) → (4,6,4)
!    ⚠️ Бурав B6: Бурав двигается только по 1 оси или по 2 осям строго диагонально

🎯 ВЫСТРЕЛЫ:
   Выпущено ракет: 1
# 
📊 РЕЗУЛЬТАТЫ ХОДА 9:
🎯 Попаданий нет

--- Результаты хода ---
  Team A / Прыгун A3          → Team B / Факел B4           @ (4,5,4)  (УБИТ)
  Team A / Бурав A6           → Team B / Прыгун B3          @ (4,6,5)  (УБИТ)

--- Состояние команд после хода ---
  Team A: живых 3/8
    ✓ Прыгун A3          @ (4,5,4) hp=2/2
    ✓ Бурав A6           @ (4,6,5) hp=4/4
    ✓ Паук A8            @ (1,8,5) hp=1/1
    ✗ Артиллерия A1      @ (0,5,6) [уничтожен]
    ✗ Радиовышка A2      @ (0,5,5) [уничтожен]
    ✗ Факел A4           @ (0,0,6) [уничтожен]
    ✗ Тишина A5          @ (0,2,4) [уничтожен]
    ✗ Провокатор A7      @ (1,5,6) [уничтожен]
  Team B: живых 5/8
    ✓ Артиллерия B1      @ (9,3,6) hp=1/1
    ✓ Тишина B5          @ (4,6,4) hp=2/2
    ✓ Бурав B6           @ (9,3,3) hp=4/4
    ✓ Провокатор B7      @ (6,4,5) hp=2/2
    ✓ Паук B8            @ (5,6,5) hp=1/1
    ✗ Радиовышка B2      @ (4,5,5) [уничтожен]
    ✗ Прыгун B3          @ (4,6,5) [уничтожен]
    ✗ Факел B4           @ (4,5,4) [уничтожен]
  Team C: живых 0/8
    ✗ Артиллерия C1      @ (0,0,4) [уничтожен]
    ✗ Радиовышка C2      @ (0,5,4) [уничтожен]
    ✗ Прыгун C3          @ (0,1,4) [уничтожен]
    ✗ Факел C4           @ (0,4,4) [уничтожен]
    ✗ Тишина C5          @ (0,8,4) [уничтожен]
    ✗ Бурав C6           @ (0,7,4) [уничтожен]
    ✗ Провокатор C7      @ (0,1,4) [уничтожен]
    ✗ Паук C8            @ (0,3,4) [уничтожен]

======================================================================
ХОД 10
======================================================================
✓ 🎮 GM: начинаем ход
GM: start_turn

--- Радиовышки: сканирование слоя Z ---
  (у команд не осталось живых радиовышек)

--- Решения ботов ---
  [Team A] Прыгун A3 (4,5,4) → MOVE (6,4,5)
  [Team A] Бурав A6 (4,6,5) → MOVE (4,6,4)
  [Team A] Паук A8 (1,8,5) → MINE (2,7,4)
  [Team B] Артиллерия B1 (9,3,6) → SHOOT at (4,5,4)
  [Team B] Тишина B5 (4,6,4) → MOVE (4,5,4)
  [Team B] Бурав B6 (9,3,3) → MOVE (8,4,4)
  [Team B] Провокатор B7 (6,4,5) → HOLOGRAM (5,5,4)
  [Team B] Паук B8 (5,6,5) → MINE (5,5,4)
  [Team C] все корабли пропускают ход
! 🎮 GM: принудительно завершает фазу планирования
GM: end_planning
# 
============================================================
# 🔄 ОБРАБОТКА ХОДА 10
# ============================================================
   🪞 Провокатор B7 создал голограмму H7 в (5,5,4)
   💣 Паук A8 установил мину M6 в (2,7,4)
   💣 Паук B8 установил мину M7 в (5,5,4)

📦 ПЕРЕМЕЩЕНИЯ:
✓    💥 Прыгун A3 тараном уничтожил Провокатор B7 в (6,4,5)
   Прыгун A3: (4, 5, 4) → (6,4,5)
✓    💥 Бурав A6 тараном уничтожил Тишина B5 в (4,6,4)
   Бурав A6: (4, 6, 5) → (4,6,4)
!    ⚠️ Бурав B6: Бурав двигается только по 1 оси или по 2 осям строго диагонально

🎯 ВЫСТРЕЛЫ:
   Выпущено ракет: 1
# 
📊 РЕЗУЛЬТАТЫ ХОДА 10:
🎯 Попаданий нет

--- Результаты хода ---
  Team A / Прыгун A3          → Team B / Провокатор B7      @ (6,4,5)  (УБИТ)
  Team A / Бурав A6           → Team B / Тишина B5          @ (4,6,4)  (УБИТ)

--- Состояние команд после хода ---
  Team A: живых 3/8
    ✓ Прыгун A3          @ (6,4,5) hp=2/2
    ✓ Бурав A6           @ (4,6,4) hp=4/4
    ✓ Паук A8            @ (1,8,5) hp=1/1
    ✗ Артиллерия A1      @ (0,5,6) [уничтожен]
    ✗ Радиовышка A2      @ (0,5,5) [уничтожен]
    ✗ Факел A4           @ (0,0,6) [уничтожен]
    ✗ Тишина A5          @ (0,2,4) [уничтожен]
    ✗ Провокатор A7      @ (1,5,6) [уничтожен]
  Team B: живых 3/8
    ✓ Артиллерия B1      @ (9,3,6) hp=1/1
    ✓ Бурав B6           @ (9,3,3) hp=4/4
    ✓ Паук B8            @ (5,6,5) hp=1/1
    ✗ Радиовышка B2      @ (4,5,5) [уничтожен]
    ✗ Прыгун B3          @ (4,6,5) [уничтожен]
    ✗ Факел B4           @ (4,5,4) [уничтожен]
    ✗ Тишина B5          @ (4,6,4) [уничтожен]
    ✗ Провокатор B7      @ (6,4,5) [уничтожен]
  Team C: живых 0/8
    ✗ Артиллерия C1      @ (0,0,4) [уничтожен]
    ✗ Радиовышка C2      @ (0,5,4) [уничтожен]
    ✗ Прыгун C3          @ (0,1,4) [уничтожен]
    ✗ Факел C4           @ (0,4,4) [уничтожен]
    ✗ Тишина C5          @ (0,8,4) [уничтожен]
    ✗ Бурав C6           @ (0,7,4) [уничтожен]
    ✗ Провокатор C7      @ (0,1,4) [уничтожен]
    ✗ Паук C8            @ (0,3,4) [уничтожен]

======================================================================
ХОД 11
======================================================================
✓ 🎮 GM: начинаем ход
GM: start_turn

--- Радиовышки: сканирование слоя Z ---
  (у команд не осталось живых радиовышек)

--- Решения ботов ---
  [Team A] Прыгун A3 (6,4,5) → MOVE (5,6,5)
  [Team A] Бурав A6 (4,6,4) → MOVE (4,6,5)
  [Team A] Паук A8 (1,8,5) → MINE (2,7,5)
  [Team B] Артиллерия B1 (9,3,6) → SHOOT at (6,4,5)
  [Team B] Бурав B6 (9,3,3) → MOVE (8,4,4)
  [Team B] Паук B8 (5,6,5) → MINE (5,5,5)
  [Team C] все корабли пропускают ход
! 🎮 GM: принудительно завершает фазу планирования
GM: end_planning
# 
============================================================
# 🔄 ОБРАБОТКА ХОДА 11
# ============================================================
!    ⚠️ Паук A8: в клетке уже стоит мина
!    ⚠️ Паук B8: в клетке уже стоит мина

📦 ПЕРЕМЕЩЕНИЯ:
✓    💥 Прыгун A3 тараном уничтожил Паук B8 в (5,6,5)
   Прыгун A3: (6, 4, 5) → (5,6,5)
   Бурав A6: (4, 6, 4) → (4,6,5)
!    ⚠️ Бурав B6: Бурав двигается только по 1 оси или по 2 осям строго диагонально

🎯 ВЫСТРЕЛЫ:
   Выпущено ракет: 1
# 
📊 РЕЗУЛЬТАТЫ ХОДА 11:
🎯 Попаданий нет

--- Результаты хода ---
  Team A / Прыгун A3          → Team B / Паук B8            @ (5,6,5)  (УБИТ)

--- Состояние команд после хода ---
  Team A: живых 3/8
    ✓ Прыгун A3          @ (5,6,5) hp=2/2
    ✓ Бурав A6           @ (4,6,5) hp=4/4
    ✓ Паук A8            @ (1,8,5) hp=1/1
    ✗ Артиллерия A1      @ (0,5,6) [уничтожен]
    ✗ Радиовышка A2      @ (0,5,5) [уничтожен]
    ✗ Факел A4           @ (0,0,6) [уничтожен]
    ✗ Тишина A5          @ (0,2,4) [уничтожен]
    ✗ Провокатор A7      @ (1,5,6) [уничтожен]
  Team B: живых 2/8
    ✓ Артиллерия B1      @ (9,3,6) hp=1/1
    ✓ Бурав B6           @ (9,3,3) hp=4/4
    ✗ Радиовышка B2      @ (4,5,5) [уничтожен]
    ✗ Прыгун B3          @ (4,6,5) [уничтожен]
    ✗ Факел B4           @ (4,5,4) [уничтожен]
    ✗ Тишина B5          @ (4,6,4) [уничтожен]
    ✗ Провокатор B7      @ (6,4,5) [уничтожен]
    ✗ Паук B8            @ (5,6,5) [уничтожен]
  Team C: живых 0/8
    ✗ Артиллерия C1      @ (0,0,4) [уничтожен]
    ✗ Радиовышка C2      @ (0,5,4) [уничтожен]
    ✗ Прыгун C3          @ (0,1,4) [уничтожен]
    ✗ Факел C4           @ (0,4,4) [уничтожен]
    ✗ Тишина C5          @ (0,8,4) [уничтожен]
    ✗ Бурав C6           @ (0,7,4) [уничтожен]
    ✗ Провокатор C7      @ (0,1,4) [уничтожен]
    ✗ Паук C8            @ (0,3,4) [уничтожен]

======================================================================
ХОД 12
======================================================================
✓ 🎮 GM: начинаем ход
GM: start_turn

--- Радиовышки: сканирование слоя Z ---
  (у команд не осталось живых радиовышек)

--- Решения ботов ---
  [Team A] Прыгун A3 (5,6,5) → MOVE (6,5,6)
  [Team A] Бурав A6 (4,6,5) → MOVE (5,5,6)
  [Team A] Паук A8 (1,8,5) → MOVE (2,7,6)
  [Team B] Артиллерия B1 (9,3,6) → SHOOT at (5,6,5)
  [Team B] Бурав B6 (9,3,3) → MOVE (8,4,4)
  [Team C] все корабли пропускают ход
! 🎮 GM: принудительно завершает фазу планирования
GM: end_planning
# 
============================================================
# 🔄 ОБРАБОТКА ХОДА 12
# ============================================================

📦 ПЕРЕМЕЩЕНИЯ:
   Прыгун A3: (5, 6, 5) → (6,5,6)
!    ⚠️ Бурав A6: Бурав двигается только по 1 оси или по 2 осям строго диагонально
   Паук A8: (1, 8, 5) → (2,7,6)
!    ⚠️ Бурав B6: Бурав двигается только по 1 оси или по 2 осям строго диагонально

🎯 ВЫСТРЕЛЫ:
   Выпущено ракет: 1
# 
📊 РЕЗУЛЬТАТЫ ХОДА 12:
🎯 Попаданий нет

--- Результаты хода ---
  Попаданий нет

--- Состояние команд после хода ---
  Team A: живых 3/8
    ✓ Прыгун A3          @ (6,5,6) hp=2/2
    ✓ Бурав A6           @ (4,6,5) hp=4/4
    ✓ Паук A8            @ (2,7,6) hp=1/1
    ✗ Артиллерия A1      @ (0,5,6) [уничтожен]
    ✗ Радиовышка A2      @ (0,5,5) [уничтожен]
    ✗ Факел A4           @ (0,0,6) [уничтожен]
    ✗ Тишина A5          @ (0,2,4) [уничтожен]
    ✗ Провокатор A7      @ (1,5,6) [уничтожен]
  Team B: живых 2/8
    ✓ Артиллерия B1      @ (9,3,6) hp=1/1
    ✓ Бурав B6           @ (9,3,3) hp=4/4
    ✗ Радиовышка B2      @ (4,5,5) [уничтожен]
    ✗ Прыгун B3          @ (4,6,5) [уничтожен]
    ✗ Факел B4           @ (4,5,4) [уничтожен]
    ✗ Тишина B5          @ (4,6,4) [уничтожен]
    ✗ Провокатор B7      @ (6,4,5) [уничтожен]
    ✗ Паук B8            @ (5,6,5) [уничтожен]
  Team C: живых 0/8
    ✗ Артиллерия C1      @ (0,0,4) [уничтожен]
    ✗ Радиовышка C2      @ (0,5,4) [уничтожен]
    ✗ Прыгун C3          @ (0,1,4) [уничтожен]
    ✗ Факел C4           @ (0,4,4) [уничтожен]
    ✗ Тишина C5          @ (0,8,4) [уничтожен]
    ✗ Бурав C6           @ (0,7,4) [уничтожен]
    ✗ Провокатор C7      @ (0,1,4) [уничтожен]
    ✗ Паук C8            @ (0,3,4) [уничтожен]

======================================================================
ХОД 13
======================================================================
✓ 🎮 GM: начинаем ход
GM: start_turn

--- Радиовышки: сканирование слоя Z ---
  (у команд не осталось живых радиовышек)

--- Решения ботов ---
  [Team A] Прыгун A3 (6,5,6) → MOVE (7,4,6)
  [Team A] Бурав A6 (4,6,5) → MOVE (5,5,6)
  [Team A] Паук A8 (2,7,6) → MOVE (3,6,6)
  [Team B] Артиллерия B1 (9,3,6) → SHOOT at (6,5,6)
  [Team B] Бурав B6 (9,3,3) → MOVE (8,4,4)
  [Team C] все корабли пропускают ход
! 🎮 GM: принудительно завершает фазу планирования
GM: end_planning
# 
============================================================
# 🔄 ОБРАБОТКА ХОДА 13
# ============================================================

📦 ПЕРЕМЕЩЕНИЯ:
   Прыгун A3: (6, 5, 6) → (7,4,6)
!    ⚠️ Бурав A6: Бурав двигается только по 1 оси или по 2 осям строго диагонально
   Паук A8: (2, 7, 6) → (3,6,6)
!    ⚠️ Бурав B6: Бурав двигается только по 1 оси или по 2 осям строго диагонально

🎯 ВЫСТРЕЛЫ:
   Выпущено ракет: 1
# 
📊 РЕЗУЛЬТАТЫ ХОДА 13:
🎯 Попаданий нет

--- Результаты хода ---
  Попаданий нет

--- Состояние команд после хода ---
  Team A: живых 3/8
    ✓ Прыгун A3          @ (7,4,6) hp=2/2
    ✓ Бурав A6           @ (4,6,5) hp=4/4
    ✓ Паук A8            @ (3,6,6) hp=1/1
    ✗ Артиллерия A1      @ (0,5,6) [уничтожен]
    ✗ Радиовышка A2      @ (0,5,5) [уничтожен]
    ✗ Факел A4           @ (0,0,6) [уничтожен]
    ✗ Тишина A5          @ (0,2,4) [уничтожен]
    ✗ Провокатор A7      @ (1,5,6) [уничтожен]
  Team B: живых 2/8
    ✓ Артиллерия B1      @ (9,3,6) hp=1/1
    ✓ Бурав B6           @ (9,3,3) hp=4/4
    ✗ Радиовышка B2      @ (4,5,5) [уничтожен]
    ✗ Прыгун B3          @ (4,6,5) [уничтожен]
    ✗ Факел B4           @ (4,5,4) [уничтожен]
    ✗ Тишина B5          @ (4,6,4) [уничтожен]
    ✗ Провокатор B7      @ (6,4,5) [уничтожен]
    ✗ Паук B8            @ (5,6,5) [уничтожен]
  Team C: живых 0/8
    ✗ Артиллерия C1      @ (0,0,4) [уничтожен]
    ✗ Радиовышка C2      @ (0,5,4) [уничтожен]
    ✗ Прыгун C3          @ (0,1,4) [уничтожен]
    ✗ Факел C4           @ (0,4,4) [уничтожен]
    ✗ Тишина C5          @ (0,8,4) [уничтожен]
    ✗ Бурав C6           @ (0,7,4) [уничтожен]
    ✗ Провокатор C7      @ (0,1,4) [уничтожен]
    ✗ Паук C8            @ (0,3,4) [уничтожен]

======================================================================
ХОД 14
======================================================================
✓ 🎮 GM: начинаем ход
GM: start_turn

--- Радиовышки: сканирование слоя Z ---
  (у команд не осталось живых радиовышек)

--- Решения ботов ---
  [Team A] Прыгун A3 (7,4,6) → MOVE (9,3,6)
  [Team A] Бурав A6 (4,6,5) → MOVE (5,5,6)
  [Team A] Паук A8 (3,6,6) → MOVE (4,5,6)
  [Team B] Артиллерия B1 (9,3,6) → SHOOT at (7,4,6)
  [Team B] Бурав B6 (9,3,3) → MOVE (8,4,4)
  [Team C] все корабли пропускают ход
! 🎮 GM: принудительно завершает фазу планирования
GM: end_planning
# 
============================================================
# 🔄 ОБРАБОТКА ХОДА 14
# ============================================================

📦 ПЕРЕМЕЩЕНИЯ:
✓    💥 Прыгун A3 тараном уничтожил Артиллерия B1 в (9,3,6)
   Прыгун A3: (7, 4, 6) → (9,3,6)
!    ⚠️ Бурав A6: Бурав двигается только по 1 оси или по 2 осям строго диагонально
   Паук A8: (3, 6, 6) → (4,5,6)
!    ⚠️ Бурав B6: Бурав двигается только по 1 оси или по 2 осям строго диагонально

🎯 ВЫСТРЕЛЫ:
   Выпущено ракет: 0
# 
📊 РЕЗУЛЬТАТЫ ХОДА 14:
🎯 Попаданий нет

--- Результаты хода ---
  Team A / Прыгун A3          → Team B / Артиллерия B1      @ (9,3,6)  (УБИТ)

--- Состояние команд после хода ---
  Team A: живых 3/8
    ✓ Прыгун A3          @ (9,3,6) hp=2/2
    ✓ Бурав A6           @ (4,6,5) hp=4/4
    ✓ Паук A8            @ (4,5,6) hp=1/1
    ✗ Артиллерия A1      @ (0,5,6) [уничтожен]
    ✗ Радиовышка A2      @ (0,5,5) [уничтожен]
    ✗ Факел A4           @ (0,0,6) [уничтожен]
    ✗ Тишина A5          @ (0,2,4) [уничтожен]
    ✗ Провокатор A7      @ (1,5,6) [уничтожен]
  Team B: живых 1/8
    ✓ Бурав B6           @ (9,3,3) hp=4/4
    ✗ Артиллерия B1      @ (9,3,6) [уничтожен]
    ✗ Радиовышка B2      @ (4,5,5) [уничтожен]
    ✗ Прыгун B3          @ (4,6,5) [уничтожен]
    ✗ Факел B4           @ (4,5,4) [уничтожен]
    ✗ Тишина B5          @ (4,6,4) [уничтожен]
    ✗ Провокатор B7      @ (6,4,5) [уничтожен]
    ✗ Паук B8            @ (5,6,5) [уничтожен]
  Team C: живых 0/8
    ✗ Артиллерия C1      @ (0,0,4) [уничтожен]
    ✗ Радиовышка C2      @ (0,5,4) [уничтожен]
    ✗ Прыгун C3          @ (0,1,4) [уничтожен]
    ✗ Факел C4           @ (0,4,4) [уничтожен]
    ✗ Тишина C5          @ (0,8,4) [уничтожен]
    ✗ Бурав C6           @ (0,7,4) [уничтожен]
    ✗ Провокатор C7      @ (0,1,4) [уничтожен]
    ✗ Паук C8            @ (0,3,4) [уничтожен]

======================================================================
ХОД 15
======================================================================
✓ 🎮 GM: начинаем ход
GM: start_turn

--- Радиовышки: сканирование слоя Z ---
  (у команд не осталось живых радиовышек)

--- Решения ботов ---
  [Team A] Прыгун A3 (9,3,6) → SHOOT at (9,3,3)
  [Team A] Бурав A6 (4,6,5) → MOVE (5,5,4)
  [Team A] Паук A8 (4,5,6) → MOVE (5,4,5)
  [Team B] Бурав B6 (9,3,3) → MOVE (9,3,6)
  [Team C] все корабли пропускают ход
! 🎮 GM: принудительно завершает фазу планирования
GM: end_planning
# 
============================================================
# 🔄 ОБРАБОТКА ХОДА 15
# ============================================================

📦 ПЕРЕМЕЩЕНИЯ:
!    ⚠️ Бурав A6: Бурав двигается только по 1 оси или по 2 осям строго диагонально
   Паук A8: (4, 5, 6) → (5,4,5)
✓    💥 Бурав B6 тараном уничтожил Прыгун A3 в (9,3,6)
   Бурав B6: (9, 3, 3) → (9,3,6)

🎯 ВЫСТРЕЛЫ:
   Выпущено ракет: 0
# 
📊 РЕЗУЛЬТАТЫ ХОДА 15:
🎯 Попаданий нет

--- Результаты хода ---
  Team B / Бурав B6           → Team A / Прыгун A3          @ (9,3,6)  (УБИТ)

--- Состояние команд после хода ---
  Team A: живых 2/8
    ✓ Бурав A6           @ (4,6,5) hp=4/4
    ✓ Паук A8            @ (5,4,5) hp=1/1
    ✗ Артиллерия A1      @ (0,5,6) [уничтожен]
    ✗ Радиовышка A2      @ (0,5,5) [уничтожен]
    ✗ Прыгун A3          @ (9,3,6) [уничтожен]
    ✗ Факел A4           @ (0,0,6) [уничтожен]
    ✗ Тишина A5          @ (0,2,4) [уничтожен]
    ✗ Провокатор A7      @ (1,5,6) [уничтожен]
  Team B: живых 1/8
    ✓ Бурав B6           @ (9,3,6) hp=4/4
    ✗ Артиллерия B1      @ (9,3,6) [уничтожен]
    ✗ Радиовышка B2      @ (4,5,5) [уничтожен]
    ✗ Прыгун B3          @ (4,6,5) [уничтожен]
    ✗ Факел B4           @ (4,5,4) [уничтожен]
    ✗ Тишина B5          @ (4,6,4) [уничтожен]
    ✗ Провокатор B7      @ (6,4,5) [уничтожен]
    ✗ Паук B8            @ (5,6,5) [уничтожен]
  Team C: живых 0/8
    ✗ Артиллерия C1      @ (0,0,4) [уничтожен]
    ✗ Радиовышка C2      @ (0,5,4) [уничтожен]
    ✗ Прыгун C3          @ (0,1,4) [уничтожен]
    ✗ Факел C4           @ (0,4,4) [уничтожен]
    ✗ Тишина C5          @ (0,8,4) [уничтожен]
    ✗ Бурав C6           @ (0,7,4) [уничтожен]
    ✗ Провокатор C7      @ (0,1,4) [уничтожен]
    ✗ Паук C8            @ (0,3,4) [уничтожен]

======================================================================
ХОД 16
======================================================================
✓ 🎮 GM: начинаем ход
GM: start_turn

--- Радиовышки: сканирование слоя Z ---
  (у команд не осталось живых радиовышек)

--- Решения ботов ---
  [Team A] Бурав A6 (4,6,5) → MOVE (5,5,6)
  [Team A] Паук A8 (5,4,5) → MINE (6,3,6)
  [Team B] Бурав B6 (9,3,6) → MOVE (8,4,5)
  [Team C] все корабли пропускают ход
! 🎮 GM: принудительно завершает фазу планирования
GM: end_planning
# 
============================================================
# 🔄 ОБРАБОТКА ХОДА 16
# ============================================================
   💣 Паук A8 установил мину M8 в (6,3,6)

📦 ПЕРЕМЕЩЕНИЯ:
!    ⚠️ Бурав A6: Бурав двигается только по 1 оси или по 2 осям строго диагонально
!    ⚠️ Бурав B6: Бурав двигается только по 1 оси или по 2 осям строго диагонально

🎯 ВЫСТРЕЛЫ:
   Выпущено ракет: 0
# 
📊 РЕЗУЛЬТАТЫ ХОДА 16:
🎯 Попаданий нет

--- Результаты хода ---
  Попаданий нет

--- Состояние команд после хода ---
  Team A: живых 2/8
    ✓ Бурав A6           @ (4,6,5) hp=4/4
    ✓ Паук A8            @ (5,4,5) hp=1/1
    ✗ Артиллерия A1      @ (0,5,6) [уничтожен]
    ✗ Радиовышка A2      @ (0,5,5) [уничтожен]
    ✗ Прыгун A3          @ (9,3,6) [уничтожен]
    ✗ Факел A4           @ (0,0,6) [уничтожен]
    ✗ Тишина A5          @ (0,2,4) [уничтожен]
    ✗ Провокатор A7      @ (1,5,6) [уничтожен]
  Team B: живых 1/8
    ✓ Бурав B6           @ (9,3,6) hp=4/4
    ✗ Артиллерия B1      @ (9,3,6) [уничтожен]
    ✗ Радиовышка B2      @ (4,5,5) [уничтожен]
    ✗ Прыгун B3          @ (4,6,5) [уничтожен]
    ✗ Факел B4           @ (4,5,4) [уничтожен]
    ✗ Тишина B5          @ (4,6,4) [уничтожен]
    ✗ Провокатор B7      @ (6,4,5) [уничтожен]
    ✗ Паук B8            @ (5,6,5) [уничтожен]
  Team C: живых 0/8
    ✗ Артиллерия C1      @ (0,0,4) [уничтожен]
    ✗ Радиовышка C2      @ (0,5,4) [уничтожен]
    ✗ Прыгун C3          @ (0,1,4) [уничтожен]
    ✗ Факел C4           @ (0,4,4) [уничтожен]
    ✗ Тишина C5          @ (0,8,4) [уничтожен]
    ✗ Бурав C6           @ (0,7,4) [уничтожен]
    ✗ Провокатор C7      @ (0,1,4) [уничтожен]
    ✗ Паук C8            @ (0,3,4) [уничтожен]

======================================================================
ХОД 17
======================================================================
✓ 🎮 GM: начинаем ход
GM: start_turn

--- Радиовышки: сканирование слоя Z ---
  (у команд не осталось живых радиовышек)

--- Решения ботов ---
  [Team A] Бурав A6 (4,6,5) → MOVE (5,5,6)
  [Team A] Паук A8 (5,4,5) → MINE (6,3,6)
  [Team B] Бурав B6 (9,3,6) → MOVE (8,4,5)
  [Team C] все корабли пропускают ход
! 🎮 GM: принудительно завершает фазу планирования
GM: end_planning
# 
============================================================
# 🔄 ОБРАБОТКА ХОДА 17
# ============================================================
!    ⚠️ Паук A8: в клетке уже стоит мина

📦 ПЕРЕМЕЩЕНИЯ:
!    ⚠️ Бурав A6: Бурав двигается только по 1 оси или по 2 осям строго диагонально
!    ⚠️ Бурав B6: Бурав двигается только по 1 оси или по 2 осям строго диагонально

🎯 ВЫСТРЕЛЫ:
   Выпущено ракет: 0
# 
📊 РЕЗУЛЬТАТЫ ХОДА 17:
🎯 Попаданий нет

--- Результаты хода ---
  Попаданий нет

--- Состояние команд после хода ---
  Team A: живых 2/8
    ✓ Бурав A6           @ (4,6,5) hp=4/4
    ✓ Паук A8            @ (5,4,5) hp=1/1
    ✗ Артиллерия A1      @ (0,5,6) [уничтожен]
    ✗ Радиовышка A2      @ (0,5,5) [уничтожен]
    ✗ Прыгун A3          @ (9,3,6) [уничтожен]
    ✗ Факел A4           @ (0,0,6) [уничтожен]
    ✗ Тишина A5          @ (0,2,4) [уничтожен]
    ✗ Провокатор A7      @ (1,5,6) [уничтожен]
  Team B: живых 1/8
    ✓ Бурав B6           @ (9,3,6) hp=4/4
    ✗ Артиллерия B1      @ (9,3,6) [уничтожен]
    ✗ Радиовышка B2      @ (4,5,5) [уничтожен]
    ✗ Прыгун B3          @ (4,6,5) [уничтожен]
    ✗ Факел B4           @ (4,5,4) [уничтожен]
    ✗ Тишина B5          @ (4,6,4) [уничтожен]
    ✗ Провокатор B7      @ (6,4,5) [уничтожен]
    ✗ Паук B8            @ (5,6,5) [уничтожен]
  Team C: живых 0/8
    ✗ Артиллерия C1      @ (0,0,4) [уничтожен]
    ✗ Радиовышка C2      @ (0,5,4) [уничтожен]
    ✗ Прыгун C3          @ (0,1,4) [уничтожен]
    ✗ Факел C4           @ (0,4,4) [уничтожен]
    ✗ Тишина C5          @ (0,8,4) [уничтожен]
    ✗ Бурав C6           @ (0,7,4) [уничтожен]
    ✗ Провокатор C7      @ (0,1,4) [уничтожен]
    ✗ Паук C8            @ (0,3,4) [уничтожен]

======================================================================
ХОД 18
======================================================================
✓ 🎮 GM: начинаем ход
GM: start_turn

--- Радиовышки: сканирование слоя Z ---
  (у команд не осталось живых радиовышек)

--- Решения ботов ---
  [Team A] Бурав A6 (4,6,5) → MOVE (5,5,6)
  [Team A] Паук A8 (5,4,5) → MINE (6,3,6)
  [Team B] Бурав B6 (9,3,6) → MOVE (8,4,5)
  [Team C] все корабли пропускают ход
! 🎮 GM: принудительно завершает фазу планирования
GM: end_planning
# 
============================================================
# 🔄 ОБРАБОТКА ХОДА 18
# ============================================================
!    ⚠️ Паук A8: в клетке уже стоит мина

📦 ПЕРЕМЕЩЕНИЯ:
!    ⚠️ Бурав A6: Бурав двигается только по 1 оси или по 2 осям строго диагонально
!    ⚠️ Бурав B6: Бурав двигается только по 1 оси или по 2 осям строго диагонально

🎯 ВЫСТРЕЛЫ:
   Выпущено ракет: 0
# 
📊 РЕЗУЛЬТАТЫ ХОДА 18:
🎯 Попаданий нет

--- Результаты хода ---
  Попаданий нет

--- Состояние команд после хода ---
  Team A: живых 2/8
    ✓ Бурав A6           @ (4,6,5) hp=4/4
    ✓ Паук A8            @ (5,4,5) hp=1/1
    ✗ Артиллерия A1      @ (0,5,6) [уничтожен]
    ✗ Радиовышка A2      @ (0,5,5) [уничтожен]
    ✗ Прыгун A3          @ (9,3,6) [уничтожен]
    ✗ Факел A4           @ (0,0,6) [уничтожен]
    ✗ Тишина A5          @ (0,2,4) [уничтожен]
    ✗ Провокатор A7      @ (1,5,6) [уничтожен]
  Team B: живых 1/8
    ✓ Бурав B6           @ (9,3,6) hp=4/4
    ✗ Артиллерия B1      @ (9,3,6) [уничтожен]
    ✗ Радиовышка B2      @ (4,5,5) [уничтожен]
    ✗ Прыгун B3          @ (4,6,5) [уничтожен]
    ✗ Факел B4           @ (4,5,4) [уничтожен]
    ✗ Тишина B5          @ (4,6,4) [уничтожен]
    ✗ Провокатор B7      @ (6,4,5) [уничтожен]
    ✗ Паук B8            @ (5,6,5) [уничтожен]
  Team C: живых 0/8
    ✗ Артиллерия C1      @ (0,0,4) [уничтожен]
    ✗ Радиовышка C2      @ (0,5,4) [уничтожен]
    ✗ Прыгун C3          @ (0,1,4) [уничтожен]
    ✗ Факел C4           @ (0,4,4) [уничтожен]
    ✗ Тишина C5          @ (0,8,4) [уничтожен]
    ✗ Бурав C6           @ (0,7,4) [уничтожен]
    ✗ Провокатор C7      @ (0,1,4) [уничтожен]
    ✗ Паук C8            @ (0,3,4) [уничтожен]

======================================================================
ХОД 19
======================================================================
✓ 🎮 GM: начинаем ход
GM: start_turn

--- Радиовышки: сканирование слоя Z ---
  (у команд не осталось живых радиовышек)

--- Решения ботов ---
  [Team A] Бурав A6 (4,6,5) → MOVE (5,5,6)
  [Team A] Паук A8 (5,4,5) → MINE (6,3,6)
  [Team B] Бурав B6 (9,3,6) → MOVE (8,4,5)
  [Team C] все корабли пропускают ход
! 🎮 GM: принудительно завершает фазу планирования
GM: end_planning
# 
============================================================
# 🔄 ОБРАБОТКА ХОДА 19
# ============================================================
!    ⚠️ Паук A8: в клетке уже стоит мина

📦 ПЕРЕМЕЩЕНИЯ:
!    ⚠️ Бурав A6: Бурав двигается только по 1 оси или по 2 осям строго диагонально
!    ⚠️ Бурав B6: Бурав двигается только по 1 оси или по 2 осям строго диагонально

🎯 ВЫСТРЕЛЫ:
   Выпущено ракет: 0
# 
📊 РЕЗУЛЬТАТЫ ХОДА 19:
🎯 Попаданий нет

--- Результаты хода ---
  Попаданий нет

--- Состояние команд после хода ---
  Team A: живых 2/8
    ✓ Бурав A6           @ (4,6,5) hp=4/4
    ✓ Паук A8            @ (5,4,5) hp=1/1
    ✗ Артиллерия A1      @ (0,5,6) [уничтожен]
    ✗ Радиовышка A2      @ (0,5,5) [уничтожен]
    ✗ Прыгун A3          @ (9,3,6) [уничтожен]
    ✗ Факел A4           @ (0,0,6) [уничтожен]
    ✗ Тишина A5          @ (0,2,4) [уничтожен]
    ✗ Провокатор A7      @ (1,5,6) [уничтожен]
  Team B: живых 1/8
    ✓ Бурав B6           @ (9,3,6) hp=4/4
    ✗ Артиллерия B1      @ (9,3,6) [уничтожен]
    ✗ Радиовышка B2      @ (4,5,5) [уничтожен]
    ✗ Прыгун B3          @ (4,6,5) [уничтожен]
    ✗ Факел B4           @ (4,5,4) [уничтожен]
    ✗ Тишина B5          @ (4,6,4) [уничтожен]
    ✗ Провокатор B7      @ (6,4,5) [уничтожен]
    ✗ Паук B8            @ (5,6,5) [уничтожен]
  Team C: живых 0/8
    ✗ Артиллерия C1      @ (0,0,4) [уничтожен]
    ✗ Радиовышка C2      @ (0,5,4) [уничтожен]
    ✗ Прыгун C3          @ (0,1,4) [уничтожен]
    ✗ Факел C4           @ (0,4,4) [уничтожен]
    ✗ Тишина C5          @ (0,8,4) [уничтожен]
    ✗ Бурав C6           @ (0,7,4) [уничтожен]
    ✗ Провокатор C7      @ (0,1,4) [уничтожен]
    ✗ Паук C8            @ (0,3,4) [уничтожен]

======================================================================
ХОД 20
======================================================================
✓ 🎮 GM: начинаем ход
GM: start_turn

--- Радиовышки: сканирование слоя Z ---
  (у команд не осталось живых радиовышек)

--- Решения ботов ---
  [Team A] Бурав A6 (4,6,5) → MOVE (5,5,6)
  [Team A] Паук A8 (5,4,5) → MINE (6,3,6)
  [Team B] Бурав B6 (9,3,6) → MOVE (8,4,5)
  [Team C] все корабли пропускают ход
! 🎮 GM: принудительно завершает фазу планирования
GM: end_planning
# 
============================================================
# 🔄 ОБРАБОТКА ХОДА 20
# ============================================================
!    ⚠️ Паук A8: в клетке уже стоит мина

📦 ПЕРЕМЕЩЕНИЯ:
!    ⚠️ Бурав A6: Бурав двигается только по 1 оси или по 2 осям строго диагонально
!    ⚠️ Бурав B6: Бурав двигается только по 1 оси или по 2 осям строго диагонально

🎯 ВЫСТРЕЛЫ:
   Выпущено ракет: 0
# 
📊 РЕЗУЛЬТАТЫ ХОДА 20:
🎯 Попаданий нет

--- Результаты хода ---
  Попаданий нет

--- Состояние команд после хода ---
  Team A: живых 2/8
    ✓ Бурав A6           @ (4,6,5) hp=4/4
    ✓ Паук A8            @ (5,4,5) hp=1/1
    ✗ Артиллерия A1      @ (0,5,6) [уничтожен]
    ✗ Радиовышка A2      @ (0,5,5) [уничтожен]
    ✗ Прыгун A3          @ (9,3,6) [уничтожен]
    ✗ Факел A4           @ (0,0,6) [уничтожен]
    ✗ Тишина A5          @ (0,2,4) [уничтожен]
    ✗ Провокатор A7      @ (1,5,6) [уничтожен]
  Team B: живых 1/8
    ✓ Бурав B6           @ (9,3,6) hp=4/4
    ✗ Артиллерия B1      @ (9,3,6) [уничтожен]
    ✗ Радиовышка B2      @ (4,5,5) [уничтожен]
    ✗ Прыгун B3          @ (4,6,5) [уничтожен]
    ✗ Факел B4           @ (4,5,4) [уничтожен]
    ✗ Тишина B5          @ (4,6,4) [уничтожен]
    ✗ Провокатор B7      @ (6,4,5) [уничтожен]
    ✗ Паук B8            @ (5,6,5) [уничтожен]
  Team C: живых 0/8
    ✗ Артиллерия C1      @ (0,0,4) [уничтожен]
    ✗ Радиовышка C2      @ (0,5,4) [уничтожен]
    ✗ Прыгун C3          @ (0,1,4) [уничтожен]
    ✗ Факел C4           @ (0,4,4) [уничтожен]
    ✗ Тишина C5          @ (0,8,4) [уничтожен]
    ✗ Бурав C6           @ (0,7,4) [уничтожен]
    ✗ Провокатор C7      @ (0,1,4) [уничтожен]
    ✗ Паук C8            @ (0,3,4) [уничтожен]

======================================================================
ХОД 21
======================================================================
✓ 🎮 GM: начинаем ход
GM: start_turn

--- Радиовышки: сканирование слоя Z ---
  (у команд не осталось живых радиовышек)

--- Решения ботов ---
  [Team A] Бурав A6 (4,6,5) → MOVE (5,5,6)
  [Team A] Паук A8 (5,4,5) → MINE (6,3,6)
  [Team B] Бурав B6 (9,3,6) → MOVE (8,4,5)
  [Team C] все корабли пропускают ход
! 🎮 GM: принудительно завершает фазу планирования
GM: end_planning
# 
============================================================
# 🔄 ОБРАБОТКА ХОДА 21
# ============================================================
!    ⚠️ Паук A8: в клетке уже стоит мина

📦 ПЕРЕМЕЩЕНИЯ:
!    ⚠️ Бурав A6: Бурав двигается только по 1 оси или по 2 осям строго диагонально
!    ⚠️ Бурав B6: Бурав двигается только по 1 оси или по 2 осям строго диагонально

🎯 ВЫСТРЕЛЫ:
   Выпущено ракет: 0
# 
📊 РЕЗУЛЬТАТЫ ХОДА 21:
🎯 Попаданий нет

--- Результаты хода ---
  Попаданий нет

--- Состояние команд после хода ---
  Team A: живых 2/8
    ✓ Бурав A6           @ (4,6,5) hp=4/4
    ✓ Паук A8            @ (5,4,5) hp=1/1
    ✗ Артиллерия A1      @ (0,5,6) [уничтожен]
    ✗ Радиовышка A2      @ (0,5,5) [уничтожен]
    ✗ Прыгун A3          @ (9,3,6) [уничтожен]
    ✗ Факел A4           @ (0,0,6) [уничтожен]
    ✗ Тишина A5          @ (0,2,4) [уничтожен]
    ✗ Провокатор A7      @ (1,5,6) [уничтожен]
  Team B: живых 1/8
    ✓ Бурав B6           @ (9,3,6) hp=4/4
    ✗ Артиллерия B1      @ (9,3,6) [уничтожен]
    ✗ Радиовышка B2      @ (4,5,5) [уничтожен]
    ✗ Прыгун B3          @ (4,6,5) [уничтожен]
    ✗ Факел B4           @ (4,5,4) [уничтожен]
    ✗ Тишина B5          @ (4,6,4) [уничтожен]
    ✗ Провокатор B7      @ (6,4,5) [уничтожен]
    ✗ Паук B8            @ (5,6,5) [уничтожен]
  Team C: живых 0/8
    ✗ Артиллерия C1      @ (0,0,4) [уничтожен]
    ✗ Радиовышка C2      @ (0,5,4) [уничтожен]
    ✗ Прыгун C3          @ (0,1,4) [уничтожен]
    ✗ Факел C4           @ (0,4,4) [уничтожен]
    ✗ Тишина C5          @ (0,8,4) [уничтожен]
    ✗ Бурав C6           @ (0,7,4) [уничтожен]
    ✗ Провокатор C7      @ (0,1,4) [уничтожен]
    ✗ Паук C8            @ (0,3,4) [уничтожен]

======================================================================
ХОД 22
======================================================================
✓ 🎮 GM: начинаем ход
GM: start_turn

--- Радиовышки: сканирование слоя Z ---
  (у команд не осталось живых радиовышек)

--- Решения ботов ---
  [Team A] Бурав A6 (4,6,5) → MOVE (5,5,6)
  [Team A] Паук A8 (5,4,5) → MINE (6,3,6)
  [Team B] Бурав B6 (9,3,6) → MOVE (8,4,5)
  [Team C] все корабли пропускают ход
! 🎮 GM: принудительно завершает фазу планирования
GM: end_planning
# 
============================================================
# 🔄 ОБРАБОТКА ХОДА 22
# ============================================================
!    ⚠️ Паук A8: в клетке уже стоит мина

📦 ПЕРЕМЕЩЕНИЯ:
!    ⚠️ Бурав A6: Бурав двигается только по 1 оси или по 2 осям строго диагонально
!    ⚠️ Бурав B6: Бурав двигается только по 1 оси или по 2 осям строго диагонально

🎯 ВЫСТРЕЛЫ:
   Выпущено ракет: 0
# 
📊 РЕЗУЛЬТАТЫ ХОДА 22:
🎯 Попаданий нет

--- Результаты хода ---
  Попаданий нет

--- Состояние команд после хода ---
  Team A: живых 2/8
    ✓ Бурав A6           @ (4,6,5) hp=4/4
    ✓ Паук A8            @ (5,4,5) hp=1/1
    ✗ Артиллерия A1      @ (0,5,6) [уничтожен]
    ✗ Радиовышка A2      @ (0,5,5) [уничтожен]
    ✗ Прыгун A3          @ (9,3,6) [уничтожен]
    ✗ Факел A4           @ (0,0,6) [уничтожен]
    ✗ Тишина A5          @ (0,2,4) [уничтожен]
    ✗ Провокатор A7      @ (1,5,6) [уничтожен]
  Team B: живых 1/8
    ✓ Бурав B6           @ (9,3,6) hp=4/4
    ✗ Артиллерия B1      @ (9,3,6) [уничтожен]
    ✗ Радиовышка B2      @ (4,5,5) [уничтожен]
    ✗ Прыгун B3          @ (4,6,5) [уничтожен]
    ✗ Факел B4           @ (4,5,4) [уничтожен]
    ✗ Тишина B5          @ (4,6,4) [уничтожен]
    ✗ Провокатор B7      @ (6,4,5) [уничтожен]
    ✗ Паук B8            @ (5,6,5) [уничтожен]
  Team C: живых 0/8
    ✗ Артиллерия C1      @ (0,0,4) [уничтожен]
    ✗ Радиовышка C2      @ (0,5,4) [уничтожен]
    ✗ Прыгун C3          @ (0,1,4) [уничтожен]
    ✗ Факел C4           @ (0,4,4) [уничтожен]
    ✗ Тишина C5          @ (0,8,4) [уничтожен]
    ✗ Бурав C6           @ (0,7,4) [уничтожен]
    ✗ Провокатор C7      @ (0,1,4) [уничтожен]
    ✗ Паук C8            @ (0,3,4) [уничтожен]

======================================================================
ХОД 23
======================================================================
✓ 🎮 GM: начинаем ход
GM: start_turn

--- Радиовышки: сканирование слоя Z ---
  (у команд не осталось живых радиовышек)

--- Решения ботов ---
  [Team A] Бурав A6 (4,6,5) → MOVE (5,5,6)
  [Team A] Паук A8 (5,4,5) → MINE (6,3,6)
  [Team B] Бурав B6 (9,3,6) → MOVE (8,4,5)
  [Team C] все корабли пропускают ход
! 🎮 GM: принудительно завершает фазу планирования
GM: end_planning
# 
============================================================
# 🔄 ОБРАБОТКА ХОДА 23
# ============================================================
!    ⚠️ Паук A8: в клетке уже стоит мина

📦 ПЕРЕМЕЩЕНИЯ:
!    ⚠️ Бурав A6: Бурав двигается только по 1 оси или по 2 осям строго диагонально
!    ⚠️ Бурав B6: Бурав двигается только по 1 оси или по 2 осям строго диагонально

🎯 ВЫСТРЕЛЫ:
   Выпущено ракет: 0
# 
📊 РЕЗУЛЬТАТЫ ХОДА 23:
🎯 Попаданий нет

--- Результаты хода ---
  Попаданий нет

--- Состояние команд после хода ---
  Team A: живых 2/8
    ✓ Бурав A6           @ (4,6,5) hp=4/4
    ✓ Паук A8            @ (5,4,5) hp=1/1
    ✗ Артиллерия A1      @ (0,5,6) [уничтожен]
    ✗ Радиовышка A2      @ (0,5,5) [уничтожен]
    ✗ Прыгун A3          @ (9,3,6) [уничтожен]
    ✗ Факел A4           @ (0,0,6) [уничтожен]
    ✗ Тишина A5          @ (0,2,4) [уничтожен]
    ✗ Провокатор A7      @ (1,5,6) [уничтожен]
  Team B: живых 1/8
    ✓ Бурав B6           @ (9,3,6) hp=4/4
    ✗ Артиллерия B1      @ (9,3,6) [уничтожен]
    ✗ Радиовышка B2      @ (4,5,5) [уничтожен]
    ✗ Прыгун B3          @ (4,6,5) [уничтожен]
    ✗ Факел B4           @ (4,5,4) [уничтожен]
    ✗ Тишина B5          @ (4,6,4) [уничтожен]
    ✗ Провокатор B7      @ (6,4,5) [уничтожен]
    ✗ Паук B8            @ (5,6,5) [уничтожен]
  Team C: живых 0/8
    ✗ Артиллерия C1      @ (0,0,4) [уничтожен]
    ✗ Радиовышка C2      @ (0,5,4) [уничтожен]
    ✗ Прыгун C3          @ (0,1,4) [уничтожен]
    ✗ Факел C4           @ (0,4,4) [уничтожен]
    ✗ Тишина C5          @ (0,8,4) [уничтожен]
    ✗ Бурав C6           @ (0,7,4) [уничтожен]
    ✗ Провокатор C7      @ (0,1,4) [уничтожен]
    ✗ Паук C8            @ (0,3,4) [уничтожен]

======================================================================
ХОД 24
======================================================================
✓ 🎮 GM: начинаем ход
GM: start_turn

--- Радиовышки: сканирование слоя Z ---
  (у команд не осталось живых радиовышек)

--- Решения ботов ---
  [Team A] Бурав A6 (4,6,5) → MOVE (5,5,6)
  [Team A] Паук A8 (5,4,5) → MINE (6,3,6)
  [Team B] Бурав B6 (9,3,6) → MOVE (8,4,5)
  [Team C] все корабли пропускают ход
! 🎮 GM: принудительно завершает фазу планирования
GM: end_planning
# 
============================================================
# 🔄 ОБРАБОТКА ХОДА 24
# ============================================================
!    ⚠️ Паук A8: в клетке уже стоит мина

📦 ПЕРЕМЕЩЕНИЯ:
!    ⚠️ Бурав A6: Бурав двигается только по 1 оси или по 2 осям строго диагонально
!    ⚠️ Бурав B6: Бурав двигается только по 1 оси или по 2 осям строго диагонально

🎯 ВЫСТРЕЛЫ:
   Выпущено ракет: 0
# 
📊 РЕЗУЛЬТАТЫ ХОДА 24:
🎯 Попаданий нет

--- Результаты хода ---
  Попаданий нет

--- Состояние команд после хода ---
  Team A: живых 2/8
    ✓ Бурав A6           @ (4,6,5) hp=4/4
    ✓ Паук A8            @ (5,4,5) hp=1/1
    ✗ Артиллерия A1      @ (0,5,6) [уничтожен]
    ✗ Радиовышка A2      @ (0,5,5) [уничтожен]
    ✗ Прыгун A3          @ (9,3,6) [уничтожен]
    ✗ Факел A4           @ (0,0,6) [уничтожен]
    ✗ Тишина A5          @ (0,2,4) [уничтожен]
    ✗ Провокатор A7      @ (1,5,6) [уничтожен]
  Team B: живых 1/8
    ✓ Бурав B6           @ (9,3,6) hp=4/4
    ✗ Артиллерия B1      @ (9,3,6) [уничтожен]
    ✗ Радиовышка B2      @ (4,5,5) [уничтожен]
    ✗ Прыгун B3          @ (4,6,5) [уничтожен]
    ✗ Факел B4           @ (4,5,4) [уничтожен]
    ✗ Тишина B5          @ (4,6,4) [уничтожен]
    ✗ Провокатор B7      @ (6,4,5) [уничтожен]
    ✗ Паук B8            @ (5,6,5) [уничтожен]
  Team C: живых 0/8
    ✗ Артиллерия C1      @ (0,0,4) [уничтожен]
    ✗ Радиовышка C2      @ (0,5,4) [уничтожен]
    ✗ Прыгун C3          @ (0,1,4) [уничтожен]
    ✗ Факел C4           @ (0,4,4) [уничтожен]
    ✗ Тишина C5          @ (0,8,4) [уничтожен]
    ✗ Бурав C6           @ (0,7,4) [уничтожен]
    ✗ Провокатор C7      @ (0,1,4) [уничтожен]
    ✗ Паук C8            @ (0,3,4) [уничтожен]

======================================================================
ХОД 25
======================================================================
✓ 🎮 GM: начинаем ход
GM: start_turn

--- Радиовышки: сканирование слоя Z ---
  (у команд не осталось живых радиовышек)

--- Решения ботов ---
  [Team A] Бурав A6 (4,6,5) → MOVE (5,5,6)
  [Team A] Паук A8 (5,4,5) → MINE (6,3,6)
  [Team B] Бурав B6 (9,3,6) → MOVE (8,4,5)
  [Team C] все корабли пропускают ход
! 🎮 GM: принудительно завершает фазу планирования
GM: end_planning
# 
============================================================
# 🔄 ОБРАБОТКА ХОДА 25
# ============================================================
!    ⚠️ Паук A8: в клетке уже стоит мина

📦 ПЕРЕМЕЩЕНИЯ:
!    ⚠️ Бурав A6: Бурав двигается только по 1 оси или по 2 осям строго диагонально
!    ⚠️ Бурав B6: Бурав двигается только по 1 оси или по 2 осям строго диагонально

🎯 ВЫСТРЕЛЫ:
   Выпущено ракет: 0
# 
📊 РЕЗУЛЬТАТЫ ХОДА 25:
🎯 Попаданий нет

--- Результаты хода ---
  Попаданий нет

--- Состояние команд после хода ---
  Team A: живых 2/8
    ✓ Бурав A6           @ (4,6,5) hp=4/4
    ✓ Паук A8            @ (5,4,5) hp=1/1
    ✗ Артиллерия A1      @ (0,5,6) [уничтожен]
    ✗ Радиовышка A2      @ (0,5,5) [уничтожен]
    ✗ Прыгун A3          @ (9,3,6) [уничтожен]
    ✗ Факел A4           @ (0,0,6) [уничтожен]
    ✗ Тишина A5          @ (0,2,4) [уничтожен]
    ✗ Провокатор A7      @ (1,5,6) [уничтожен]
  Team B: живых 1/8
    ✓ Бурав B6           @ (9,3,6) hp=4/4
    ✗ Артиллерия B1      @ (9,3,6) [уничтожен]
    ✗ Радиовышка B2      @ (4,5,5) [уничтожен]
    ✗ Прыгун B3          @ (4,6,5) [уничтожен]
    ✗ Факел B4           @ (4,5,4) [уничтожен]
    ✗ Тишина B5          @ (4,6,4) [уничтожен]
    ✗ Провокатор B7      @ (6,4,5) [уничтожен]
    ✗ Паук B8            @ (5,6,5) [уничтожен]
  Team C: живых 0/8
    ✗ Артиллерия C1      @ (0,0,4) [уничтожен]
    ✗ Радиовышка C2      @ (0,5,4) [уничтожен]
    ✗ Прыгун C3          @ (0,1,4) [уничтожен]
    ✗ Факел C4           @ (0,4,4) [уничтожен]
    ✗ Тишина C5          @ (0,8,4) [уничтожен]
    ✗ Бурав C6           @ (0,7,4) [уничтожен]
    ✗ Провокатор C7      @ (0,1,4) [уничтожен]
    ✗ Паук C8            @ (0,3,4) [уничтожен]

======================================================================
ХОД 26
======================================================================
✓ 🎮 GM: начинаем ход
GM: start_turn

--- Радиовышки: сканирование слоя Z ---
  (у команд не осталось живых радиовышек)

--- Решения ботов ---
  [Team A] Бурав A6 (4,6,5) → MOVE (5,5,6)
  [Team A] Паук A8 (5,4,5) → MINE (6,3,6)
  [Team B] Бурав B6 (9,3,6) → MOVE (8,4,5)
  [Team C] все корабли пропускают ход
! 🎮 GM: принудительно завершает фазу планирования
GM: end_planning
# 
============================================================
# 🔄 ОБРАБОТКА ХОДА 26
# ============================================================
!    ⚠️ Паук A8: в клетке уже стоит мина

📦 ПЕРЕМЕЩЕНИЯ:
!    ⚠️ Бурав A6: Бурав двигается только по 1 оси или по 2 осям строго диагонально
!    ⚠️ Бурав B6: Бурав двигается только по 1 оси или по 2 осям строго диагонально

🎯 ВЫСТРЕЛЫ:
   Выпущено ракет: 0
# 
📊 РЕЗУЛЬТАТЫ ХОДА 26:
🎯 Попаданий нет

--- Результаты хода ---
  Попаданий нет

--- Состояние команд после хода ---
  Team A: живых 2/8
    ✓ Бурав A6           @ (4,6,5) hp=4/4
    ✓ Паук A8            @ (5,4,5) hp=1/1
    ✗ Артиллерия A1      @ (0,5,6) [уничтожен]
    ✗ Радиовышка A2      @ (0,5,5) [уничтожен]
    ✗ Прыгун A3          @ (9,3,6) [уничтожен]
    ✗ Факел A4           @ (0,0,6) [уничтожен]
    ✗ Тишина A5          @ (0,2,4) [уничтожен]
    ✗ Провокатор A7      @ (1,5,6) [уничтожен]
  Team B: живых 1/8
    ✓ Бурав B6           @ (9,3,6) hp=4/4
    ✗ Артиллерия B1      @ (9,3,6) [уничтожен]
    ✗ Радиовышка B2      @ (4,5,5) [уничтожен]
    ✗ Прыгун B3          @ (4,6,5) [уничтожен]
    ✗ Факел B4           @ (4,5,4) [уничтожен]
    ✗ Тишина B5          @ (4,6,4) [уничтожен]
    ✗ Провокатор B7      @ (6,4,5) [уничтожен]
    ✗ Паук B8            @ (5,6,5) [уничтожен]
  Team C: живых 0/8
    ✗ Артиллерия C1      @ (0,0,4) [уничтожен]
    ✗ Радиовышка C2      @ (0,5,4) [уничтожен]
    ✗ Прыгун C3          @ (0,1,4) [уничтожен]
    ✗ Факел C4           @ (0,4,4) [уничтожен]
    ✗ Тишина C5          @ (0,8,4) [уничтожен]
    ✗ Бурав C6           @ (0,7,4) [уничтожен]
    ✗ Провокатор C7      @ (0,1,4) [уничтожен]
    ✗ Паук C8            @ (0,3,4) [уничтожен]

======================================================================
ХОД 27
======================================================================
✓ 🎮 GM: начинаем ход
GM: start_turn

--- Радиовышки: сканирование слоя Z ---
  (у команд не осталось живых радиовышек)

--- Решения ботов ---
  [Team A] Бурав A6 (4,6,5) → MOVE (5,5,6)
  [Team A] Паук A8 (5,4,5) → MINE (6,3,6)
  [Team B] Бурав B6 (9,3,6) → MOVE (8,4,5)
  [Team C] все корабли пропускают ход
! 🎮 GM: принудительно завершает фазу планирования
GM: end_planning
# 
============================================================
# 🔄 ОБРАБОТКА ХОДА 27
# ============================================================
!    ⚠️ Паук A8: в клетке уже стоит мина

📦 ПЕРЕМЕЩЕНИЯ:
!    ⚠️ Бурав A6: Бурав двигается только по 1 оси или по 2 осям строго диагонально
!    ⚠️ Бурав B6: Бурав двигается только по 1 оси или по 2 осям строго диагонально

🎯 ВЫСТРЕЛЫ:
   Выпущено ракет: 0
# 
📊 РЕЗУЛЬТАТЫ ХОДА 27:
🎯 Попаданий нет

--- Результаты хода ---
  Попаданий нет

--- Состояние команд после хода ---
  Team A: живых 2/8
    ✓ Бурав A6           @ (4,6,5) hp=4/4
    ✓ Паук A8            @ (5,4,5) hp=1/1
    ✗ Артиллерия A1      @ (0,5,6) [уничтожен]
    ✗ Радиовышка A2      @ (0,5,5) [уничтожен]
    ✗ Прыгун A3          @ (9,3,6) [уничтожен]
    ✗ Факел A4           @ (0,0,6) [уничтожен]
    ✗ Тишина A5          @ (0,2,4) [уничтожен]
    ✗ Провокатор A7      @ (1,5,6) [уничтожен]
  Team B: живых 1/8
    ✓ Бурав B6           @ (9,3,6) hp=4/4
    ✗ Артиллерия B1      @ (9,3,6) [уничтожен]
    ✗ Радиовышка B2      @ (4,5,5) [уничтожен]
    ✗ Прыгун B3          @ (4,6,5) [уничтожен]
    ✗ Факел B4           @ (4,5,4) [уничтожен]
    ✗ Тишина B5          @ (4,6,4) [уничтожен]
    ✗ Провокатор B7      @ (6,4,5) [уничтожен]
    ✗ Паук B8            @ (5,6,5) [уничтожен]
  Team C: живых 0/8
    ✗ Артиллерия C1      @ (0,0,4) [уничтожен]
    ✗ Радиовышка C2      @ (0,5,4) [уничтожен]
    ✗ Прыгун C3          @ (0,1,4) [уничтожен]
    ✗ Факел C4           @ (0,4,4) [уничтожен]
    ✗ Тишина C5          @ (0,8,4) [уничтожен]
    ✗ Бурав C6           @ (0,7,4) [уничтожен]
    ✗ Провокатор C7      @ (0,1,4) [уничтожен]
    ✗ Паук C8            @ (0,3,4) [уничтожен]

======================================================================
ХОД 28
======================================================================
✓ 🎮 GM: начинаем ход
GM: start_turn

--- Радиовышки: сканирование слоя Z ---
  (у команд не осталось живых радиовышек)

--- Решения ботов ---
  [Team A] Бурав A6 (4,6,5) → MOVE (5,5,6)
  [Team A] Паук A8 (5,4,5) → MINE (6,3,6)
  [Team B] Бурав B6 (9,3,6) → MOVE (8,4,5)
  [Team C] все корабли пропускают ход
! 🎮 GM: принудительно завершает фазу планирования
GM: end_planning
# 
============================================================
# 🔄 ОБРАБОТКА ХОДА 28
# ============================================================
!    ⚠️ Паук A8: в клетке уже стоит мина

📦 ПЕРЕМЕЩЕНИЯ:
!    ⚠️ Бурав A6: Бурав двигается только по 1 оси или по 2 осям строго диагонально
!    ⚠️ Бурав B6: Бурав двигается только по 1 оси или по 2 осям строго диагонально

🎯 ВЫСТРЕЛЫ:
   Выпущено ракет: 0
# 
📊 РЕЗУЛЬТАТЫ ХОДА 28:
🎯 Попаданий нет

--- Результаты хода ---
  Попаданий нет

--- Состояние команд после хода ---
  Team A: живых 2/8
    ✓ Бурав A6           @ (4,6,5) hp=4/4
    ✓ Паук A8            @ (5,4,5) hp=1/1
    ✗ Артиллерия A1      @ (0,5,6) [уничтожен]
    ✗ Радиовышка A2      @ (0,5,5) [уничтожен]
    ✗ Прыгун A3          @ (9,3,6) [уничтожен]
    ✗ Факел A4           @ (0,0,6) [уничтожен]
    ✗ Тишина A5          @ (0,2,4) [уничтожен]
    ✗ Провокатор A7      @ (1,5,6) [уничтожен]
  Team B: живых 1/8
    ✓ Бурав B6           @ (9,3,6) hp=4/4
    ✗ Артиллерия B1      @ (9,3,6) [уничтожен]
    ✗ Радиовышка B2      @ (4,5,5) [уничтожен]
    ✗ Прыгун B3          @ (4,6,5) [уничтожен]
    ✗ Факел B4           @ (4,5,4) [уничтожен]
    ✗ Тишина B5          @ (4,6,4) [уничтожен]
    ✗ Провокатор B7      @ (6,4,5) [уничтожен]
    ✗ Паук B8            @ (5,6,5) [уничтожен]
  Team C: живых 0/8
    ✗ Артиллерия C1      @ (0,0,4) [уничтожен]
    ✗ Радиовышка C2      @ (0,5,4) [уничтожен]
    ✗ Прыгун C3          @ (0,1,4) [уничтожен]
    ✗ Факел C4           @ (0,4,4) [уничтожен]
    ✗ Тишина C5          @ (0,8,4) [уничтожен]
    ✗ Бурав C6           @ (0,7,4) [уничтожен]
    ✗ Провокатор C7      @ (0,1,4) [уничтожен]
    ✗ Паук C8            @ (0,3,4) [уничтожен]

======================================================================
ХОД 29
======================================================================
✓ 🎮 GM: начинаем ход
GM: start_turn

--- Радиовышки: сканирование слоя Z ---
  (у команд не осталось живых радиовышек)

--- Решения ботов ---
  [Team A] Бурав A6 (4,6,5) → MOVE (5,5,6)
  [Team A] Паук A8 (5,4,5) → MINE (6,3,6)
  [Team B] Бурав B6 (9,3,6) → MOVE (8,4,5)
  [Team C] все корабли пропускают ход
! 🎮 GM: принудительно завершает фазу планирования
GM: end_planning
# 
============================================================
# 🔄 ОБРАБОТКА ХОДА 29
# ============================================================
!    ⚠️ Паук A8: в клетке уже стоит мина

📦 ПЕРЕМЕЩЕНИЯ:
!    ⚠️ Бурав A6: Бурав двигается только по 1 оси или по 2 осям строго диагонально
!    ⚠️ Бурав B6: Бурав двигается только по 1 оси или по 2 осям строго диагонально

🎯 ВЫСТРЕЛЫ:
   Выпущено ракет: 0
# 
📊 РЕЗУЛЬТАТЫ ХОДА 29:
🎯 Попаданий нет

--- Результаты хода ---
  Попаданий нет

--- Состояние команд после хода ---
  Team A: живых 2/8
    ✓ Бурав A6           @ (4,6,5) hp=4/4
    ✓ Паук A8            @ (5,4,5) hp=1/1
    ✗ Артиллерия A1      @ (0,5,6) [уничтожен]
    ✗ Радиовышка A2      @ (0,5,5) [уничтожен]
    ✗ Прыгун A3          @ (9,3,6) [уничтожен]
    ✗ Факел A4           @ (0,0,6) [уничтожен]
    ✗ Тишина A5          @ (0,2,4) [уничтожен]
    ✗ Провокатор A7      @ (1,5,6) [уничтожен]
  Team B: живых 1/8
    ✓ Бурав B6           @ (9,3,6) hp=4/4
    ✗ Артиллерия B1      @ (9,3,6) [уничтожен]
    ✗ Радиовышка B2      @ (4,5,5) [уничтожен]
    ✗ Прыгун B3          @ (4,6,5) [уничтожен]
    ✗ Факел B4           @ (4,5,4) [уничтожен]
    ✗ Тишина B5          @ (4,6,4) [уничтожен]
    ✗ Провокатор B7      @ (6,4,5) [уничтожен]
    ✗ Паук B8            @ (5,6,5) [уничтожен]
  Team C: живых 0/8
    ✗ Артиллерия C1      @ (0,0,4) [уничтожен]
    ✗ Радиовышка C2      @ (0,5,4) [уничтожен]
    ✗ Прыгун C3          @ (0,1,4) [уничтожен]
    ✗ Факел C4           @ (0,4,4) [уничтожен]
    ✗ Тишина C5          @ (0,8,4) [уничтожен]
    ✗ Бурав C6           @ (0,7,4) [уничтожен]
    ✗ Провокатор C7      @ (0,1,4) [уничтожен]
    ✗ Паук C8            @ (0,3,4) [уничтожен]

======================================================================
ХОД 30
======================================================================
✓ 🎮 GM: начинаем ход
GM: start_turn

--- Радиовышки: сканирование слоя Z ---
  (у команд не осталось живых радиовышек)

--- Решения ботов ---
  [Team A] Бурав A6 (4,6,5) → MOVE (5,5,6)
  [Team A] Паук A8 (5,4,5) → MINE (6,3,6)
  [Team B] Бурав B6 (9,3,6) → MOVE (8,4,5)
  [Team C] все корабли пропускают ход
! 🎮 GM: принудительно завершает фазу планирования
GM: end_planning
# 
============================================================
# 🔄 ОБРАБОТКА ХОДА 30
# ============================================================
!    ⚠️ Паук A8: в клетке уже стоит мина

📦 ПЕРЕМЕЩЕНИЯ:
!    ⚠️ Бурав A6: Бурав двигается только по 1 оси или по 2 осям строго диагонально
!    ⚠️ Бурав B6: Бурав двигается только по 1 оси или по 2 осям строго диагонально

🎯 ВЫСТРЕЛЫ:
   Выпущено ракет: 0
# 
📊 РЕЗУЛЬТАТЫ ХОДА 30:
🎯 Попаданий нет

--- Результаты хода ---
  Попаданий нет

--- Состояние команд после хода ---
  Team A: живых 2/8
    ✓ Бурав A6           @ (4,6,5) hp=4/4
    ✓ Паук A8            @ (5,4,5) hp=1/1
    ✗ Артиллерия A1      @ (0,5,6) [уничтожен]
    ✗ Радиовышка A2      @ (0,5,5) [уничтожен]
    ✗ Прыгун A3          @ (9,3,6) [уничтожен]
    ✗ Факел A4           @ (0,0,6) [уничтожен]
    ✗ Тишина A5          @ (0,2,4) [уничтожен]
    ✗ Провокатор A7      @ (1,5,6) [уничтожен]
  Team B: живых 1/8
    ✓ Бурав B6           @ (9,3,6) hp=4/4
    ✗ Артиллерия B1      @ (9,3,6) [уничтожен]
    ✗ Радиовышка B2      @ (4,5,5) [уничтожен]
    ✗ Прыгун B3          @ (4,6,5) [уничтожен]
    ✗ Факел B4           @ (4,5,4) [уничтожен]
    ✗ Тишина B5          @ (4,6,4) [уничтожен]
    ✗ Провокатор B7      @ (6,4,5) [уничтожен]
    ✗ Паук B8            @ (5,6,5) [уничтожен]
  Team C: живых 0/8
    ✗ Артиллерия C1      @ (0,0,4) [уничтожен]
    ✗ Радиовышка C2      @ (0,5,4) [уничтожен]
    ✗ Прыгун C3          @ (0,1,4) [уничтожен]
    ✗ Факел C4           @ (0,4,4) [уничтожен]
    ✗ Тишина C5          @ (0,8,4) [уничтожен]
    ✗ Бурав C6           @ (0,7,4) [уничтожен]
    ✗ Провокатор C7      @ (0,1,4) [уничтожен]
    ✗ Паук C8            @ (0,3,4) [уничтожен]

======================================================================
ИТОГ
======================================================================
Лимит ходов (30) исчерпан. Победа по урону: Team A (41 dmg).
   Урон по командам: Team A=41, Team B=8, Team C=10

--- Сводка по командам ---
  Team A: 2/8 живых; hp=5
  Team B: 1/8 живых; hp=4
  Team C: 0/8 живых; hp=0

--- Сводка по пассивкам радиовышек ---
  Team A: сканирований=3, всего врагов-в-слоях=4, уникальных эксклюзивных (видны только радиовышкой)=3
  Team B: сканирований=8, всего врагов-в-слоях=9, уникальных эксклюзивных (видны только радиовышкой)=2
  Team C: сканирований=5, всего врагов-в-слоях=14, уникальных эксклюзивных (видны только радиовышкой)=5

--- Сводка по попаданиям ---
  Всего событий (шоты+тараны+мины): 24
  Уничтожено кораблей всего: 21
  Team A: урон=41 хиты=3 тараны=14 мины(сработало)=0 убийств=15
  Team B: урон=8 хиты=3 тараны=1 мины(сработало)=0 убийств=3
  Team C: урон=10 хиты=1 тараны=1 мины(сработало)=1 убийств=3
! 🎮 GM: остановка игры
