======================================================================
Space Battle 10×10×10 — simulation run at 2026-04-20T13:44:08+00:00
Game mode: advanced
Seed: 142
✓ 🚀 Продвинутый режим: создаю разные типы кораблей
   Команда A: спавн вдоль оси Z от (7, 2, 7) до (7, 2, 1)
   Команда B: спавн вдоль оси X от (3, 9, 8) до (6, 9, 8)
   Команда C: спавн вдоль оси Y от (1, 7, 1) до (1, 6, 1)
✓ ✅ Создано 24 кораблей


--- СТАРТОВАЯ РАССТАНОВКА ---
  Team A: живых 8/8
    ✓ Артиллерия A1      @ (7,2,7) hp=1/1
    ✓ Радиовышка A2      @ (7,2,4) hp=3/3
    ✓ Прыгун A3          @ (7,2,5) hp=2/2
    ✓ Факел A4           @ (7,2,2) hp=6/6
    ✓ Тишина A5          @ (7,2,6) hp=2/2
    ✓ Бурав A6           @ (7,2,0) hp=4/4
    ✓ Провокатор A7      @ (7,2,8) hp=2/2
    ✓ Паук A8            @ (7,2,1) hp=1/1
  Team B: живых 8/8
    ✓ Артиллерия B1      @ (3,9,8) hp=1/1
    ✓ Радиовышка B2      @ (8,9,8) hp=3/3
    ✓ Прыгун B3          @ (0,9,8) hp=2/2
    ✓ Факел B4           @ (9,9,8) hp=6/6
    ✓ Тишина B5          @ (1,9,8) hp=2/2
    ✓ Бурав B6           @ (7,9,8) hp=4/4
    ✓ Провокатор B7      @ (2,9,8) hp=2/2
    ✓ Паук B8            @ (6,9,8) hp=1/1
  Team C: живых 8/8
    ✓ Артиллерия C1      @ (1,7,1) hp=1/1
    ✓ Радиовышка C2      @ (1,1,1) hp=3/3
    ✓ Прыгун C3          @ (1,4,1) hp=2/2
    ✓ Факел C4           @ (1,8,1) hp=6/6
    ✓ Тишина C5          @ (1,5,1) hp=2/2
    ✓ Бурав C6           @ (1,0,1) hp=4/4
    ✓ Провокатор C7      @ (1,3,1) hp=2/2
    ✓ Паук C8            @ (1,6,1) hp=1/1

======================================================================
ХОД 1
======================================================================
✓ 🎮 GM: начинаем ход
GM: start_turn

--- Радиовышки: сканирование слоя Z ---
  Радиовышка A2 (z=4): слой чист
  Радиовышка B2 (z=8): видит 1 врагов [+1 эксклюзивно] → Провокатор A7(7,2,8)
  Радиовышка C2 (z=1): видит 1 врагов [+1 эксклюзивно] → Паук A8(7,2,1)

--- Решения ботов ---
  [Team A] Артиллерия A1 (7,2,7) → SHOOT at (9,9,9)
  [Team A] Радиовышка A2 (7,2,4) → MOVE (6,3,5)
  [Team A] Прыгун A3 (7,2,5) → MOVE (7,3,5)
  [Team A] Тишина A5 (7,2,6) → MOVE (6,2,5)
  [Team A] Бурав A6 (7,2,0) → MOVE (6,3,1)
  [Team A] Провокатор A7 (7,2,8) → MOVE (6,3,7)
  [Team A] Паук A8 (7,2,1) → MOVE (6,3,2)
  [Team A] Факел A4 → SKIP
  [Team B] Артиллерия B1 (3,9,8) → SHOOT at (7,2,8)
  [Team B] Радиовышка B2 (8,9,8) → MOVE (7,8,8)
  [Team B] Прыгун B3 (0,9,8) → MOVE (1,8,8)
  [Team B] Тишина B5 (1,9,8) → MOVE (2,8,8)
  [Team B] Провокатор B7 (2,9,8) → MOVE (3,8,8)
  [Team B] Паук B8 (6,9,8) → MOVE (6,8,8)
  [Team B] Факел B4 → SKIP
  [Team B] Бурав B6 → SKIP
  [Team C] Артиллерия C1 (1,7,1) → SHOOT at (7,2,1)
  [Team C] Радиовышка C2 (1,1,1) → MOVE (2,2,1)
  [Team C] Прыгун C3 (1,4,1) → MOVE (2,3,1)
  [Team C] Тишина C5 (1,5,1) → MOVE (2,4,1)
  [Team C] Бурав C6 (1,0,1) → MOVE (2,1,1)
  [Team C] Провокатор C7 (1,3,1) → MOVE (1,2,1)
  [Team C] Паук C8 (1,6,1) → MOVE (2,5,1)
  [Team C] Факел C4 → SKIP
! 🎮 GM: принудительно завершает фазу планирования
GM: end_planning
# 
============================================================
# 🔄 ОБРАБОТКА ХОДА 1
# ============================================================

📦 ПЕРЕМЕЩЕНИЯ:
   Радиовышка A2: (7, 2, 4) → (6,3,5)
   Прыгун A3: (7, 2, 5) → (7,3,5)
   Тишина A5: (7, 2, 6) → (6,2,5)
!    ⚠️ Бурав A6: Бурав двигается только по 1 оси или по 2 осям строго диагонально
   Провокатор A7: (7, 2, 8) → (6,3,7)
   Паук A8: (7, 2, 1) → (6,3,2)
   Радиовышка B2: (8, 9, 8) → (7,8,8)
   Прыгун B3: (0, 9, 8) → (1,8,8)
   Тишина B5: (1, 9, 8) → (2,8,8)
   Провокатор B7: (2, 9, 8) → (3,8,8)
   Паук B8: (6, 9, 8) → (6,8,8)
   Радиовышка C2: (1, 1, 1) → (2,2,1)
   Прыгун C3: (1, 4, 1) → (2,3,1)
   Тишина C5: (1, 5, 1) → (2,4,1)
   Бурав C6: (1, 0, 1) → (2,1,1)
   Провокатор C7: (1, 3, 1) → (1,2,1)
   Паук C8: (1, 6, 1) → (2,5,1)

🎯 ВЫСТРЕЛЫ:
   Выпущено ракет: 3
# 
📊 РЕЗУЛЬТАТЫ ХОДА 1:
🎯 Попаданий нет

--- Результаты хода ---
  Попаданий нет

--- Состояние команд после хода ---
  Team A: живых 8/8
    ✓ Артиллерия A1      @ (7,2,7) hp=1/1
    ✓ Радиовышка A2      @ (6,3,5) hp=3/3
    ✓ Прыгун A3          @ (7,3,5) hp=2/2
    ✓ Факел A4           @ (7,2,2) hp=6/6
    ✓ Тишина A5          @ (6,2,5) hp=2/2
    ✓ Бурав A6           @ (7,2,0) hp=4/4
    ✓ Провокатор A7      @ (6,3,7) hp=2/2
    ✓ Паук A8            @ (6,3,2) hp=1/1
  Team B: живых 8/8
    ✓ Артиллерия B1      @ (3,9,8) hp=1/1
    ✓ Радиовышка B2      @ (7,8,8) hp=3/3
    ✓ Прыгун B3          @ (1,8,8) hp=2/2
    ✓ Факел B4           @ (9,9,8) hp=6/6
    ✓ Тишина B5          @ (2,8,8) hp=2/2
    ✓ Бурав B6           @ (7,9,8) hp=4/4
    ✓ Провокатор B7      @ (3,8,8) hp=2/2
    ✓ Паук B8            @ (6,8,8) hp=1/1
  Team C: живых 8/8
    ✓ Артиллерия C1      @ (1,7,1) hp=1/1
    ✓ Радиовышка C2      @ (2,2,1) hp=3/3
    ✓ Прыгун C3          @ (2,3,1) hp=2/2
    ✓ Факел C4           @ (1,8,1) hp=6/6
    ✓ Тишина C5          @ (2,4,1) hp=2/2
    ✓ Бурав C6           @ (2,1,1) hp=4/4
    ✓ Провокатор C7      @ (1,2,1) hp=2/2
    ✓ Паук C8            @ (2,5,1) hp=1/1

======================================================================
ХОД 2
======================================================================
✓ 🎮 GM: начинаем ход
GM: start_turn

--- Радиовышки: сканирование слоя Z ---
  Радиовышка A2 (z=5): слой чист
  Радиовышка B2 (z=8): слой чист
  Радиовышка C2 (z=1): слой чист

--- Решения ботов ---
  [Team A] Артиллерия A1 (7,2,7) → SHOOT at (2,3,1)
  [Team A] Радиовышка A2 (6,3,5) → MOVE (5,2,4)
  [Team A] Прыгун A3 (7,3,5) → MOVE (6,2,4)
  [Team A] Факел A4 (7,2,2) → MOVE (6,2,2)
  [Team A] Тишина A5 (6,2,5) → PHASE toggle
  [Team A] Бурав A6 (7,2,0) → MOVE (6,2,1)
  [Team A] Провокатор A7 (6,3,7) → MOVE (5,2,6)
  [Team A] Паук A8 (6,3,2) → MINE (5,2,1)
  [Team B] Артиллерия B1 (3,9,8) → SHOOT at (5,4,8)
  [Team B] Радиовышка B2 (7,8,8) → MOVE (7,7,8)
  [Team B] Прыгун B3 (1,8,8) → MOVE (2,7,8)
  [Team B] Факел B4 (9,9,8) → MOVE (8,8,8)
  [Team B] Тишина B5 (2,8,8) → MOVE (3,7,8)
  [Team B] Провокатор B7 (3,8,8) → MOVE (4,7,8)
  [Team B] Паук B8 (6,8,8) → MOVE (6,7,8)
  [Team B] Бурав B6 → SKIP
  [Team C] Артиллерия C1 (1,7,1) → SHOOT at (6,3,2)
  [Team C] Радиовышка C2 (2,2,1) → MOVE (3,3,2)
  [Team C] Прыгун C3 (2,3,1) → MOVE (2,3,2)
  [Team C] Тишина C5 (2,4,1) → MOVE (3,3,1)
  [Team C] Бурав C6 (2,1,1) → MOVE (3,2,2)
  [Team C] Провокатор C7 (1,2,1) → HOLOGRAM (1,3,1)
  [Team C] Паук C8 (2,5,1) → MINE (3,4,2)
  [Team C] Факел C4 → SKIP
! 🎮 GM: принудительно завершает фазу планирования
GM: end_planning
# 
============================================================
# 🔄 ОБРАБОТКА ХОДА 2
# ============================================================
   🌀 Тишина A5: уходит в фазу на 1 ход
   🪞 Провокатор C7 создал голограмму H1 в (1,3,1)
   💣 Паук A8 установил мину M1 в (5,2,1)
   💣 Паук C8 установил мину M2 в (3,4,2)

📦 ПЕРЕМЕЩЕНИЯ:
   Радиовышка A2: (6, 3, 5) → (5,2,4)
   Прыгун A3: (7, 3, 5) → (6,2,4)
   Факел A4: (7, 2, 2) → (6,2,2)
   Бурав A6: (7, 2, 0) → (6,2,1)
   Провокатор A7: (6, 3, 7) → (5,2,6)
   Радиовышка B2: (7, 8, 8) → (7,7,8)
   Прыгун B3: (1, 8, 8) → (2,7,8)
   Факел B4: (9, 9, 8) → (8,8,8)
   Тишина B5: (2, 8, 8) → (3,7,8)
   Провокатор B7: (3, 8, 8) → (4,7,8)
   Паук B8: (6, 8, 8) → (6,7,8)
   Радиовышка C2: (2, 2, 1) → (3,3,2)
   Прыгун C3: (2, 3, 1) → (2,3,2)
   Тишина C5: (2, 4, 1) → (3,3,1)
!    ⚠️ Бурав C6: Бурав двигается только по 1 оси или по 2 осям строго диагонально

🎯 ВЫСТРЕЛЫ:
✓    ✅ Артиллерия C1 поразил Паук A8 (2 урона)!
   Выпущено ракет: 3
# 
📊 РЕЗУЛЬТАТЫ ХОДА 2:
✓ 💥 ПОПАДАНИЯ:
✓    Артиллерия C1 (Team C) → Паук A8 (Team A)

--- Результаты хода ---
  Team C / Артиллерия C1      → Team A / Паук A8            @ (6,3,2)  (УБИТ)

--- Состояние команд после хода ---
  Team A: живых 7/8
    ✓ Артиллерия A1      @ (7,2,7) hp=1/1
    ✓ Радиовышка A2      @ (5,2,4) hp=3/3
    ✓ Прыгун A3          @ (6,2,4) hp=2/2
    ✓ Факел A4           @ (6,2,2) hp=6/6
    ✓ Тишина A5          @ (6,2,5) hp=2/2
    ✓ Бурав A6           @ (6,2,1) hp=4/4
    ✓ Провокатор A7      @ (5,2,6) hp=2/2
    ✗ Паук A8            @ (6,3,2) [уничтожен]
  Team B: живых 8/8
    ✓ Артиллерия B1      @ (3,9,8) hp=1/1
    ✓ Радиовышка B2      @ (7,7,8) hp=3/3
    ✓ Прыгун B3          @ (2,7,8) hp=2/2
    ✓ Факел B4           @ (8,8,8) hp=6/6
    ✓ Тишина B5          @ (3,7,8) hp=2/2
    ✓ Бурав B6           @ (7,9,8) hp=4/4
    ✓ Провокатор B7      @ (4,7,8) hp=2/2
    ✓ Паук B8            @ (6,7,8) hp=1/1
  Team C: живых 8/8
    ✓ Артиллерия C1      @ (1,7,1) hp=1/1
    ✓ Радиовышка C2      @ (3,3,2) hp=3/3
    ✓ Прыгун C3          @ (2,3,2) hp=2/2
    ✓ Факел C4           @ (1,8,1) hp=6/6
    ✓ Тишина C5          @ (3,3,1) hp=2/2
    ✓ Бурав C6           @ (2,1,1) hp=4/4
    ✓ Провокатор C7      @ (1,2,1) hp=2/2
    ✓ Паук C8            @ (2,5,1) hp=1/1

======================================================================
ХОД 3
======================================================================
✓ 🎮 GM: начинаем ход
GM: start_turn

--- Радиовышки: сканирование слоя Z ---
  Радиовышка A2 (z=4): слой чист
  Радиовышка B2 (z=8): слой чист
  Радиовышка C2 (z=2): видит 1 врагов  → Факел A4(6,2,2)

--- Решения ботов ---
  [Team A] Артиллерия A1 (7,2,7) → SHOOT at (2,3,2)
  [Team A] Радиовышка A2 (5,2,4) → MOVE (4,3,3)
  [Team A] Прыгун A3 (6,2,4) → MOVE (5,3,3)
  [Team A] Факел A4 (6,2,2) → MOVE (5,2,3)
  [Team A] Тишина A5 (6,2,5) → MOVE (5,3,4)
  [Team A] Бурав A6 (6,2,1) → MOVE (5,3,2)
  [Team A] Провокатор A7 (5,2,6) → HOLOGRAM (4,3,5)
  [Team B] Артиллерия B1 (3,9,8) → SHOOT at (4,5,8)
  [Team B] Радиовышка B2 (7,7,8) → MOVE (7,6,8)
  [Team B] Прыгун B3 (2,7,8) → MOVE (3,6,8)
  [Team B] Факел B4 (8,8,8) → MOVE (8,7,8)
  [Team B] Тишина B5 (3,7,8) → MOVE (4,6,8)
  [Team B] Бурав B6 (7,9,8) → MOVE (7,8,8)
  [Team B] Провокатор B7 (4,7,8) → MOVE (5,6,8)
  [Team B] Паук B8 (6,7,8) → MOVE (6,6,8)
  [Team C] Артиллерия C1 (1,7,1) → SHOOT at (5,2,6)
  [Team C] Радиовышка C2 (3,3,2) → MOVE (4,2,3)
  [Team C] Прыгун C3 (2,3,2) → MOVE (3,2,3)
  [Team C] Факел C4 (1,8,1) → MOVE (2,7,1)
  [Team C] Тишина C5 (3,3,1) → PHASE toggle
  [Team C] Бурав C6 (2,1,1) → MOVE (3,2,2)
  [Team C] Провокатор C7 (1,2,1) → HOLOGRAM (2,2,2)
  [Team C] Паук C8 (2,5,1) → MINE (3,4,2)
! 🎮 GM: принудительно завершает фазу планирования
GM: end_planning
# 
============================================================
# 🔄 ОБРАБОТКА ХОДА 3
# ============================================================
   🌀 Тишина A5: фаза спала (действовала 1 ход)
   🌀 Тишина C5: уходит в фазу на 1 ход
   🪞 Провокатор A7 создал голограмму H2 в (4,3,5)
   🪞 Провокатор C7 создал голограмму H3 в (2,2,2)
!    ⚠️ Паук C8: в клетке уже стоит мина

📦 ПЕРЕМЕЩЕНИЯ:
   Радиовышка A2: (5, 2, 4) → (4,3,3)
   Прыгун A3: (6, 2, 4) → (5,3,3)
   Факел A4: (6, 2, 2) → (5,2,3)
   Тишина A5: (6, 2, 5) → (5,3,4)
!    ⚠️ Бурав A6: Бурав двигается только по 1 оси или по 2 осям строго диагонально
   Радиовышка B2: (7, 7, 8) → (7,6,8)
   Прыгун B3: (2, 7, 8) → (3,6,8)
   Факел B4: (8, 8, 8) → (8,7,8)
   Тишина B5: (3, 7, 8) → (4,6,8)
   Бурав B6: (7, 9, 8) → (7,8,8)
   Провокатор B7: (4, 7, 8) → (5,6,8)
   Паук B8: (6, 7, 8) → (6,6,8)
   Радиовышка C2: (3, 3, 2) → (4,2,3)
   Прыгун C3: (2, 3, 2) → (3,2,3)
   Факел C4: (1, 8, 1) → (2,7,1)
!    ⚠️ Бурав C6: Бурав двигается только по 1 оси или по 2 осям строго диагонально

🎯 ВЫСТРЕЛЫ:
✓    ✅ Артиллерия C1 поразил Провокатор A7 (2 урона)!
   Выпущено ракет: 3
# 
📊 РЕЗУЛЬТАТЫ ХОДА 3:
✓ 💥 ПОПАДАНИЯ:
✓    Артиллерия C1 (Team C) → Провокатор A7 (Team A)

--- Результаты хода ---
  Team C / Артиллерия C1      → Team A / Провокатор A7      @ (5,2,6)  (УБИТ)

--- Состояние команд после хода ---
  Team A: живых 6/8
    ✓ Артиллерия A1      @ (7,2,7) hp=1/1
    ✓ Радиовышка A2      @ (4,3,3) hp=3/3
    ✓ Прыгун A3          @ (5,3,3) hp=2/2
    ✓ Факел A4           @ (5,2,3) hp=6/6
    ✓ Тишина A5          @ (5,3,4) hp=2/2
    ✓ Бурав A6           @ (6,2,1) hp=4/4
    ✗ Провокатор A7      @ (5,2,6) [уничтожен]
    ✗ Паук A8            @ (6,3,2) [уничтожен]
  Team B: живых 8/8
    ✓ Артиллерия B1      @ (3,9,8) hp=1/1
    ✓ Радиовышка B2      @ (7,6,8) hp=3/3
    ✓ Прыгун B3          @ (3,6,8) hp=2/2
    ✓ Факел B4           @ (8,7,8) hp=6/6
    ✓ Тишина B5          @ (4,6,8) hp=2/2
    ✓ Бурав B6           @ (7,8,8) hp=4/4
    ✓ Провокатор B7      @ (5,6,8) hp=2/2
    ✓ Паук B8            @ (6,6,8) hp=1/1
  Team C: живых 8/8
    ✓ Артиллерия C1      @ (1,7,1) hp=1/1
    ✓ Радиовышка C2      @ (4,2,3) hp=3/3
    ✓ Прыгун C3          @ (3,2,3) hp=2/2
    ✓ Факел C4           @ (2,7,1) hp=6/6
    ✓ Тишина C5          @ (3,3,1) hp=2/2
    ✓ Бурав C6           @ (2,1,1) hp=4/4
    ✓ Провокатор C7      @ (1,2,1) hp=2/2
    ✓ Паук C8            @ (2,5,1) hp=1/1

======================================================================
ХОД 4
======================================================================
✓ 🎮 GM: начинаем ход
GM: start_turn

--- Радиовышки: сканирование слоя Z ---
  Радиовышка A2 (z=3): видит 2 врагов  → Прыгун C3(3,2,3), Радиовышка C2(4,2,3)
  Радиовышка B2 (z=8): слой чист
  Радиовышка C2 (z=3): видит 3 врагов  → Радиовышка A2(4,3,3), Факел A4(5,2,3), Прыгун A3(5,3,3)

--- Решения ботов ---
  [Team A] Артиллерия A1 (7,2,7) → SHOOT at (1,7,1)
  [Team A] Радиовышка A2 (4,3,3) → MOVE (4,2,3)
  [Team A] Прыгун A3 (5,3,3) → MOVE (3,2,3)
  [Team A] Факел A4 (5,2,3) → SHOOT at (3,2,3)
  [Team A] Тишина A5 (5,3,4) → MOVE (4,2,4)
  [Team A] Бурав A6 (6,2,1) → MOVE (5,2,2)
  [Team B] Артиллерия B1 (3,9,8) → SHOOT at (7,2,7)
  [Team B] Радиовышка B2 (7,6,8) → MOVE (7,5,7)
  [Team B] Прыгун B3 (3,6,8) → MOVE (4,5,7)
  [Team B] Факел B4 (8,7,8) → MOVE (7,7,8)
  [Team B] Тишина B5 (4,6,8) → PHASE toggle
  [Team B] Бурав B6 (7,8,8) → MOVE (6,7,7)
  [Team B] Провокатор B7 (5,6,8) → HOLOGRAM (6,5,7)
  [Team B] Паук B8 (6,6,8) → MINE (7,6,7)
  [Team C] Артиллерия C1 (1,7,1) → SHOOT at (7,2,7)
  [Team C] Радиовышка C2 (4,2,3) → MOVE (4,3,3)
  [Team C] Прыгун C3 (3,2,3) → MOVE (5,2,3)
  [Team C] Факел C4 (2,7,1) → MOVE (2,6,1)
  [Team C] Тишина C5 (3,3,1) → MOVE (4,3,2)
  [Team C] Бурав C6 (2,1,1) → MOVE (3,2,2)
  [Team C] Провокатор C7 (1,2,1) → HOLOGRAM (2,3,2)
  [Team C] Паук C8 (2,5,1) → MINE (3,4,2)
! 🎮 GM: принудительно завершает фазу планирования
GM: end_planning
# 
============================================================
# 🔄 ОБРАБОТКА ХОДА 4
# ============================================================
   🌀 Тишина C5: фаза спала (действовала 1 ход)
   🌀 Тишина B5: уходит в фазу на 1 ход
   🪞 Провокатор B7 создал голограмму H4 в (6,5,7)
   🪞 Провокатор C7 создал голограмму H5 в (2,3,2)
   💣 Паук B8 установил мину M3 в (7,6,7)
!    ⚠️ Паук C8: в клетке уже стоит мина

📦 ПЕРЕМЕЩЕНИЯ:
!    ⚠️ Радиовышка A2: клетка (4,2,3) занята
✓    💥 Прыгун A3 тараном уничтожил Прыгун C3 в (3,2,3)
   Прыгун A3: (5, 3, 3) → (3,2,3)
   Тишина A5: (5, 3, 4) → (4,2,4)
   Бурав A6: (6, 2, 1) → (5,2,2)
   Радиовышка B2: (7, 6, 8) → (7,5,7)
   Прыгун B3: (3, 6, 8) → (4,5,7)
   Факел B4: (8, 7, 8) → (7,7,8)
!    ⚠️ Бурав B6: Бурав двигается только по 1 оси или по 2 осям строго диагонально
!    ⚠️ Радиовышка C2: клетка (4,3,3) занята
   Факел C4: (2, 7, 1) → (2,6,1)
   Тишина C5: (3, 3, 1) → (4,3,2)
!    ⚠️ Бурав C6: Бурав двигается только по 1 оси или по 2 осям строго диагонально

🎯 ВЫСТРЕЛЫ:
✓    ✅ Артиллерия A1 поразил Артиллерия C1 (2 урона)!
✓    ✅ Факел A4 поразил Радиовышка C2 (1 урона)!
✓    ✅ Артиллерия B1 поразил Артиллерия A1 (2 урона)!
   💀 Артиллерия C1 добивает Артиллерия A1
✓    ✅ Артиллерия C1 поразил Артиллерия A1 (2 урона)!
   Выпущено ракет: 4
# 
📊 РЕЗУЛЬТАТЫ ХОДА 4:
✓ 💥 ПОПАДАНИЯ:
✓    Артиллерия A1 (Team A) → Артиллерия C1 (Team C)
✓    Факел A4 (Team A) → Радиовышка C2 (Team C)
✓    Артиллерия B1 (Team B) → Артиллерия A1 (Team A)
✓    Артиллерия C1 (Team C) → Артиллерия A1 (Team A)

--- Результаты хода ---
  Team A / Прыгун A3          → Team C / Прыгун C3          @ (3,2,3)  (УБИТ)
  Team A / Артиллерия A1      → Team C / Артиллерия C1      @ (1,7,1)  (УБИТ)
  Team A / Факел A4           → Team C / Радиовышка C2      @ (4,2,3)  (ранен)
  Team B / Артиллерия B1      → Team A / Артиллерия A1      @ (7,2,7)  (УБИТ)
  Team C / Артиллерия C1      → Team A / Артиллерия A1      @ (7,2,7)  (ранен)

--- Состояние команд после хода ---
  Team A: живых 5/8
    ✓ Радиовышка A2      @ (4,3,3) hp=3/3
    ✓ Прыгун A3          @ (3,2,3) hp=2/2
    ✓ Факел A4           @ (5,2,3) hp=6/6
    ✓ Тишина A5          @ (4,2,4) hp=2/2
    ✓ Бурав A6           @ (5,2,2) hp=4/4
    ✗ Артиллерия A1      @ (7,2,7) [уничтожен]
    ✗ Провокатор A7      @ (5,2,6) [уничтожен]
    ✗ Паук A8            @ (6,3,2) [уничтожен]
  Team B: живых 8/8
    ✓ Артиллерия B1      @ (3,9,8) hp=1/1
    ✓ Радиовышка B2      @ (7,5,7) hp=3/3
    ✓ Прыгун B3          @ (4,5,7) hp=2/2
    ✓ Факел B4           @ (7,7,8) hp=6/6
    ✓ Тишина B5          @ (4,6,8) hp=2/2
    ✓ Бурав B6           @ (7,8,8) hp=4/4
    ✓ Провокатор B7      @ (5,6,8) hp=2/2
    ✓ Паук B8            @ (6,6,8) hp=1/1
  Team C: живых 6/8
    ✓ Радиовышка C2      @ (4,2,3) hp=2/3
    ✓ Факел C4           @ (2,6,1) hp=6/6
    ✓ Тишина C5          @ (4,3,2) hp=2/2
    ✓ Бурав C6           @ (2,1,1) hp=4/4
    ✓ Провокатор C7      @ (1,2,1) hp=2/2
    ✓ Паук C8            @ (2,5,1) hp=1/1
    ✗ Артиллерия C1      @ (1,7,1) [уничтожен]
    ✗ Прыгун C3          @ (3,2,3) [уничтожен]

======================================================================
ХОД 5
======================================================================
✓ 🎮 GM: начинаем ход
GM: start_turn

--- Радиовышки: сканирование слоя Z ---
  Радиовышка A2 (z=3): видит 1 врагов  → Радиовышка C2(4,2,3)
  Радиовышка B2 (z=7): слой чист
  Радиовышка C2 (z=3): видит 3 врагов  → Прыгун A3(3,2,3), Радиовышка A2(4,3,3), Факел A4(5,2,3)

--- Решения ботов ---
  [Team A] Радиовышка A2 (4,3,3) → MOVE (4,2,3)
  [Team A] Прыгун A3 (3,2,3) → MOVE (1,2,1)
  [Team A] Факел A4 (5,2,3) → SHOOT at (4,2,3)
  [Team A] Бурав A6 (5,2,2) → MOVE (4,3,2)
  [Team A] Тишина A5 → SKIP
  [Team B] Артиллерия B1 (3,9,8) → SHOOT at (3,2,3)
  [Team B] Радиовышка B2 (7,5,7) → MOVE (6,4,6)
  [Team B] Прыгун B3 (4,5,7) → MOVE (4,4,6)
  [Team B] Факел B4 (7,7,8) → MOVE (6,6,7)
  [Team B] Тишина B5 (4,6,8) → MOVE (4,6,7)
  [Team B] Бурав B6 (7,8,8) → MOVE (6,7,7)
  [Team B] Провокатор B7 (5,6,8) → HOLOGRAM (5,6,7)
  [Team B] Паук B8 (6,6,8) → MINE (5,5,7)
  [Team C] Радиовышка C2 (4,2,3) → MOVE (4,3,3)
  [Team C] Факел C4 (2,6,1) → MOVE (3,5,2)
  [Team C] Бурав C6 (2,1,1) → MOVE (3,2,2)
  [Team C] Провокатор C7 (1,2,1) → HOLOGRAM (2,2,2)
  [Team C] Паук C8 (2,5,1) → MINE (3,4,2)
  [Team C] Тишина C5 → SKIP
! 🎮 GM: принудительно завершает фазу планирования
GM: end_planning
# 
============================================================
# 🔄 ОБРАБОТКА ХОДА 5
# ============================================================
   🌀 Тишина B5: фаза спала (действовала 1 ход)
   🪞 Провокатор B7 создал голограмму H6 в (5,6,7)
!    ⚠️ Провокатор C7: клетка (2,2,2) уже занята голограммой
   💣 Паук B8 установил мину M4 в (5,5,7)
!    ⚠️ Паук C8: в клетке уже стоит мина

📦 ПЕРЕМЕЩЕНИЯ:
!    ⚠️ Радиовышка A2: клетка (4,2,3) занята
✓    💥 Прыгун A3 тараном уничтожил Провокатор C7 в (1,2,1)
   Прыгун A3: (3, 2, 3) → (1,2,1)
✓    💥 Бурав A6 тараном уничтожил Тишина C5 в (4,3,2)
   Бурав A6: (5, 2, 2) → (4,3,2)
   Радиовышка B2: (7, 5, 7) → (6,4,6)
   Прыгун B3: (4, 5, 7) → (4,4,6)
   Факел B4: (7, 7, 8) → (6,6,7)
   Тишина B5: (4, 6, 8) → (4,6,7)
!    ⚠️ Бурав B6: Бурав двигается только по 1 оси или по 2 осям строго диагонально
!    ⚠️ Радиовышка C2: клетка (4,3,3) занята
   Факел C4: (2, 6, 1) → (3,5,2)
!    ⚠️ Бурав C6: Бурав двигается только по 1 оси или по 2 осям строго диагонально

🎯 ВЫСТРЕЛЫ:
✓    ✅ Факел A4 поразил Радиовышка C2 (1 урона)!
   Выпущено ракет: 2
# 
📊 РЕЗУЛЬТАТЫ ХОДА 5:
✓ 💥 ПОПАДАНИЯ:
✓    Факел A4 (Team A) → Радиовышка C2 (Team C)

--- Результаты хода ---
  Team A / Прыгун A3          → Team C / Провокатор C7      @ (1,2,1)  (УБИТ)
  Team A / Бурав A6           → Team C / Тишина C5          @ (4,3,2)  (УБИТ)
  Team A / Факел A4           → Team C / Радиовышка C2      @ (4,2,3)  (ранен)

--- Состояние команд после хода ---
  Team A: живых 5/8
    ✓ Радиовышка A2      @ (4,3,3) hp=3/3
    ✓ Прыгун A3          @ (1,2,1) hp=2/2
    ✓ Факел A4           @ (5,2,3) hp=6/6
    ✓ Тишина A5          @ (4,2,4) hp=2/2
    ✓ Бурав A6           @ (4,3,2) hp=4/4
    ✗ Артиллерия A1      @ (7,2,7) [уничтожен]
    ✗ Провокатор A7      @ (5,2,6) [уничтожен]
    ✗ Паук A8            @ (6,3,2) [уничтожен]
  Team B: живых 8/8
    ✓ Артиллерия B1      @ (3,9,8) hp=1/1
    ✓ Радиовышка B2      @ (6,4,6) hp=3/3
    ✓ Прыгун B3          @ (4,4,6) hp=2/2
    ✓ Факел B4           @ (6,6,7) hp=6/6
    ✓ Тишина B5          @ (4,6,7) hp=2/2
    ✓ Бурав B6           @ (7,8,8) hp=4/4
    ✓ Провокатор B7      @ (5,6,8) hp=2/2
    ✓ Паук B8            @ (6,6,8) hp=1/1
  Team C: живых 4/8
    ✓ Радиовышка C2      @ (4,2,3) hp=1/3
    ✓ Факел C4           @ (3,5,2) hp=6/6
    ✓ Бурав C6           @ (2,1,1) hp=4/4
    ✓ Паук C8            @ (2,5,1) hp=1/1
    ✗ Артиллерия C1      @ (1,7,1) [уничтожен]
    ✗ Прыгун C3          @ (3,2,3) [уничтожен]
    ✗ Тишина C5          @ (4,3,2) [уничтожен]
    ✗ Провокатор C7      @ (1,2,1) [уничтожен]

======================================================================
ХОД 6
======================================================================
✓ 🎮 GM: начинаем ход
GM: start_turn

--- Радиовышки: сканирование слоя Z ---
  Радиовышка A2 (z=3): видит 1 врагов  → Радиовышка C2(4,2,3)
  Радиовышка B2 (z=6): слой чист
  Радиовышка C2 (z=3): видит 2 врагов  → Радиовышка A2(4,3,3), Факел A4(5,2,3)

--- Решения ботов ---
  [Team A] Радиовышка A2 (4,3,3) → MOVE (4,2,3)
  [Team A] Прыгун A3 (1,2,1) → MOVE (2,1,1)
  [Team A] Факел A4 (5,2,3) → SHOOT at (4,2,3)
  [Team A] Тишина A5 (4,2,4) → PHASE toggle
  [Team A] Бурав A6 (4,3,2) → MOVE (4,2,2)
  [Team B] Артиллерия B1 (3,9,8) → SHOOT at (4,2,3)
  [Team B] Радиовышка B2 (6,4,6) → MOVE (5,3,5)
  [Team B] Прыгун B3 (4,4,6) → MOVE (4,2,4)
  [Team B] Факел B4 (6,6,7) → MOVE (5,5,7)
  [Team B] Тишина B5 (4,6,7) → MOVE (4,5,6)
  [Team B] Бурав B6 (7,8,8) → MOVE (6,7,7)
  [Team B] Провокатор B7 (5,6,8) → HOLOGRAM (4,5,7)
  [Team B] Паук B8 (6,6,8) → MINE (6,5,7)
  [Team C] Радиовышка C2 (4,2,3) → MOVE (4,3,3)
  [Team C] Факел C4 (3,5,2) → MOVE (4,4,3)
  [Team C] Бурав C6 (2,1,1) → MOVE (1,2,1)
  [Team C] Паук C8 (2,5,1) → MINE (3,4,2)
! 🎮 GM: принудительно завершает фазу планирования
GM: end_planning
# 
============================================================
# 🔄 ОБРАБОТКА ХОДА 6
# ============================================================
   🌀 Тишина A5: уходит в фазу на 1 ход
   🪞 Провокатор B7 создал голограмму H7 в (4,5,7)
   💣 Паук B8 установил мину M5 в (6,5,7)
!    ⚠️ Паук C8: в клетке уже стоит мина

📦 ПЕРЕМЕЩЕНИЯ:
!    ⚠️ Радиовышка A2: клетка (4,2,3) занята
✓    💥 Прыгун A3 тараном уничтожил Бурав C6 в (2,1,1)
   Прыгун A3: (1, 2, 1) → (2,1,1)
   Бурав A6: (4, 3, 2) → (4,2,2)
   Радиовышка B2: (6, 4, 6) → (5,3,5)
✓    💥 Прыгун B3 пробивает фазу Тишина A5 тараном
✓    💥 Прыгун B3 тараном уничтожил Тишина A5 в (4,2,4)
   Прыгун B3: (4, 4, 6) → (4,2,4)
   Факел B4: (6, 6, 7) → (5,5,7)
   Тишина B5: (4, 6, 7) → (4,5,6)
!    ⚠️ Бурав B6: Бурав двигается только по 1 оси или по 2 осям строго диагонально
!    ⚠️ Радиовышка C2: клетка (4,3,3) занята
   Факел C4: (3, 5, 2) → (4,4,3)

🎯 ВЫСТРЕЛЫ:
✓    ✅ Факел A4 поразил Радиовышка C2 (1 урона)!
   💀 Артиллерия B1 добивает Радиовышка C2
✓    ✅ Артиллерия B1 поразил Радиовышка C2 (2 урона)!
   Выпущено ракет: 2
# 
📊 РЕЗУЛЬТАТЫ ХОДА 6:
✓ 💥 ПОПАДАНИЯ:
✓    Факел A4 (Team A) → Радиовышка C2 (Team C)
✓    Артиллерия B1 (Team B) → Радиовышка C2 (Team C)

--- Результаты хода ---
  Team A / Прыгун A3          → Team C / Бурав C6           @ (2,1,1)  (УБИТ)
  Team B / Прыгун B3          → Team A / Тишина A5          @ (4,2,4)  (УБИТ)
  Team A / Факел A4           → Team C / Радиовышка C2      @ (4,2,3)  (УБИТ)
  Team B / Артиллерия B1      → Team C / Радиовышка C2      @ (4,2,3)  (ранен)

--- Состояние команд после хода ---
  Team A: живых 4/8
    ✓ Радиовышка A2      @ (4,3,3) hp=3/3
    ✓ Прыгун A3          @ (2,1,1) hp=2/2
    ✓ Факел A4           @ (5,2,3) hp=6/6
    ✓ Бурав A6           @ (4,2,2) hp=4/4
    ✗ Артиллерия A1      @ (7,2,7) [уничтожен]
    ✗ Тишина A5          @ (4,2,4) [уничтожен]
    ✗ Провокатор A7      @ (5,2,6) [уничтожен]
    ✗ Паук A8            @ (6,3,2) [уничтожен]
  Team B: живых 8/8
    ✓ Артиллерия B1      @ (3,9,8) hp=1/1
    ✓ Радиовышка B2      @ (5,3,5) hp=3/3
    ✓ Прыгун B3          @ (4,2,4) hp=2/2
    ✓ Факел B4           @ (5,5,7) hp=6/6
    ✓ Тишина B5          @ (4,5,6) hp=2/2
    ✓ Бурав B6           @ (7,8,8) hp=4/4
    ✓ Провокатор B7      @ (5,6,8) hp=2/2
    ✓ Паук B8            @ (6,6,8) hp=1/1
  Team C: живых 2/8
    ✓ Факел C4           @ (4,4,3) hp=6/6
    ✓ Паук C8            @ (2,5,1) hp=1/1
    ✗ Артиллерия C1      @ (1,7,1) [уничтожен]
    ✗ Радиовышка C2      @ (4,2,3) [уничтожен]
    ✗ Прыгун C3          @ (3,2,3) [уничтожен]
    ✗ Тишина C5          @ (4,3,2) [уничтожен]
    ✗ Бурав C6           @ (2,1,1) [уничтожен]
    ✗ Провокатор C7      @ (1,2,1) [уничтожен]

======================================================================
ХОД 7
======================================================================
✓ 🎮 GM: начинаем ход
GM: start_turn

--- Радиовышки: сканирование слоя Z ---
  Радиовышка A2 (z=3): видит 1 врагов  → Факел C4(4,4,3)
  Радиовышка B2 (z=5): слой чист

--- Решения ботов ---
  [Team A] Радиовышка A2 (4,3,3) → MOVE (4,2,4)
  [Team A] Прыгун A3 (2,1,1) → SHOOT at (2,5,1)
  [Team A] Факел A4 (5,2,3) → MOVE (4,2,3)
  [Team A] Бурав A6 → SKIP
  [Team B] Артиллерия B1 (3,9,8) → SHOOT at (2,1,1)
  [Team B] Радиовышка B2 (5,3,5) → MOVE (4,3,4)
  [Team B] Прыгун B3 (4,2,4) → MOVE (5,2,3)
  [Team B] Тишина B5 (4,5,6) → MOVE (4,4,5)
  [Team B] Бурав B6 (7,8,8) → MOVE (6,7,7)
  [Team B] Провокатор B7 (5,6,8) → HOLOGRAM (4,5,7)
  [Team B] Паук B8 (6,6,8) → MOVE (5,5,8)
  [Team B] Факел B4 → SKIP
  [Team C] Факел C4 (4,4,3) → SHOOT at (4,3,3)
  [Team C] Паук C8 (2,5,1) → MINE (3,4,2)
! 🎮 GM: принудительно завершает фазу планирования
GM: end_planning
# 
============================================================
# 🔄 ОБРАБОТКА ХОДА 7
# ============================================================
!    ⚠️ Провокатор B7: клетка (4,5,7) уже занята голограммой
!    ⚠️ Паук C8: в клетке уже стоит мина

📦 ПЕРЕМЕЩЕНИЯ:
!    ⚠️ Радиовышка A2: клетка (4,2,4) занята
   Факел A4: (5, 2, 3) → (4,2,3)
   Радиовышка B2: (5, 3, 5) → (4,3,4)
   Прыгун B3: (4, 2, 4) → (5,2,3)
   Тишина B5: (4, 5, 6) → (4,4,5)
!    ⚠️ Бурав B6: Бурав двигается только по 1 оси или по 2 осям строго диагонально
   Паук B8: (6, 6, 8) → (5,5,8)

🎯 ВЫСТРЕЛЫ:
✓    ✅ Прыгун A3 поразил Паук C8 (1 урона)!
✓    ✅ Артиллерия B1 поразил Прыгун A3 (2 урона)!
✓    ✅ Факел C4 поразил Радиовышка A2 (1 урона)!
   Выпущено ракет: 3
# 
📊 РЕЗУЛЬТАТЫ ХОДА 7:
✓ 💥 ПОПАДАНИЯ:
✓    Прыгун A3 (Team A) → Паук C8 (Team C)
✓    Артиллерия B1 (Team B) → Прыгун A3 (Team A)
✓    Факел C4 (Team C) → Радиовышка A2 (Team A)

--- Результаты хода ---
  Team A / Прыгун A3          → Team C / Паук C8            @ (2,5,1)  (УБИТ)
  Team B / Артиллерия B1      → Team A / Прыгун A3          @ (2,1,1)  (УБИТ)
  Team C / Факел C4           → Team A / Радиовышка A2      @ (4,3,3)  (ранен)

--- Состояние команд после хода ---
  Team A: живых 3/8
    ✓ Радиовышка A2      @ (4,3,3) hp=2/3
    ✓ Факел A4           @ (4,2,3) hp=6/6
    ✓ Бурав A6           @ (4,2,2) hp=4/4
    ✗ Артиллерия A1      @ (7,2,7) [уничтожен]
    ✗ Прыгун A3          @ (2,1,1) [уничтожен]
    ✗ Тишина A5          @ (4,2,4) [уничтожен]
    ✗ Провокатор A7      @ (5,2,6) [уничтожен]
    ✗ Паук A8            @ (6,3,2) [уничтожен]
  Team B: живых 8/8
    ✓ Артиллерия B1      @ (3,9,8) hp=1/1
    ✓ Радиовышка B2      @ (4,3,4) hp=3/3
    ✓ Прыгун B3          @ (5,2,3) hp=2/2
    ✓ Факел B4           @ (5,5,7) hp=6/6
    ✓ Тишина B5          @ (4,4,5) hp=2/2
    ✓ Бурав B6           @ (7,8,8) hp=4/4
    ✓ Провокатор B7      @ (5,6,8) hp=2/2
    ✓ Паук B8            @ (5,5,8) hp=1/1
  Team C: живых 1/8
    ✓ Факел C4           @ (4,4,3) hp=6/6
    ✗ Артиллерия C1      @ (1,7,1) [уничтожен]
    ✗ Радиовышка C2      @ (4,2,3) [уничтожен]
    ✗ Прыгун C3          @ (3,2,3) [уничтожен]
    ✗ Тишина C5          @ (4,3,2) [уничтожен]
    ✗ Бурав C6           @ (2,1,1) [уничтожен]
    ✗ Провокатор C7      @ (1,2,1) [уничтожен]
    ✗ Паук C8            @ (2,5,1) [уничтожен]

======================================================================
ХОД 8
======================================================================
✓ 🎮 GM: начинаем ход
GM: start_turn

--- Радиовышки: сканирование слоя Z ---
  Радиовышка A2 (z=3): видит 2 врагов  → Прыгун B3(5,2,3), Факел C4(4,4,3)
  Радиовышка B2 (z=4): слой чист

--- Решения ботов ---
  [Team A] Радиовышка A2 (4,3,3) → MOVE (4,3,4)
  [Team A] Факел A4 (4,2,3) → HEAL (AoE)
  [Team A] Бурав A6 (4,2,2) → MOVE (5,2,3)
  [Team B] Артиллерия B1 (3,9,8) → SHOOT at (4,3,3)
  [Team B] Радиовышка B2 (4,3,4) → MOVE (4,3,3)
  [Team B] Прыгун B3 (5,2,3) → MOVE (4,2,3)
  [Team B] Факел B4 (5,5,7) → MOVE (4,5,7)
  [Team B] Тишина B5 (4,4,5) → PHASE toggle
  [Team B] Бурав B6 (7,8,8) → MOVE (6,7,7)
  [Team B] Провокатор B7 (5,6,8) → HOLOGRAM (5,6,7)
  [Team B] Паук B8 (5,5,8) → MOVE (4,4,7)
  [Team C] Факел C4 (4,4,3) → SHOOT at (4,2,3)
! 🎮 GM: принудительно завершает фазу планирования
GM: end_planning
# 
============================================================
# 🔄 ОБРАБОТКА ХОДА 8
# ============================================================
   🌀 Тишина B5: уходит в фазу на 1 ход
!    ⚠️ Провокатор B7: клетка (5,6,7) уже занята голограммой

📦 ПЕРЕМЕЩЕНИЯ:
!    ⚠️ Радиовышка A2: клетка (4,3,4) занята
✓    💥 Бурав A6 тараном уничтожил Прыгун B3 в (5,2,3)
   Бурав A6: (4, 2, 2) → (5,2,3)
!    ⚠️ Радиовышка B2: клетка (4,3,3) занята
!    ⚠️ Факел B4: клетка (4,5,7) занята
!    ⚠️ Бурав B6: Бурав двигается только по 1 оси или по 2 осям строго диагонально
   Паук B8: (5, 5, 8) → (4,4,7)

🎯 ВЫСТРЕЛЫ:
✓    ✅ Артиллерия B1 поразил Радиовышка A2 (2 урона)!
   💀 Факел C4 добивает Радиовышка A2
✓    ✅ Факел C4 поразил Радиовышка A2 (1 урона)!
!    ⚠️ Факел A4: некого лечить
   Выпущено ракет: 2
# 
📊 РЕЗУЛЬТАТЫ ХОДА 8:
✓ 💥 ПОПАДАНИЯ:
✓    Артиллерия B1 (Team B) → Радиовышка A2 (Team A)
✓    Факел C4 (Team C) → Радиовышка A2 (Team A)

--- Результаты хода ---
  Team A / Бурав A6           → Team B / Прыгун B3          @ (5,2,3)  (УБИТ)
  Team B / Артиллерия B1      → Team A / Радиовышка A2      @ (4,3,3)  (УБИТ)
  Team C / Факел C4           → Team A / Радиовышка A2      @ (4,3,3)  (ранен)

--- Состояние команд после хода ---
  Team A: живых 2/8
    ✓ Факел A4           @ (4,2,3) hp=6/6
    ✓ Бурав A6           @ (5,2,3) hp=4/4
    ✗ Артиллерия A1      @ (7,2,7) [уничтожен]
    ✗ Радиовышка A2      @ (4,3,3) [уничтожен]
    ✗ Прыгун A3          @ (2,1,1) [уничтожен]
    ✗ Тишина A5          @ (4,2,4) [уничтожен]
    ✗ Провокатор A7      @ (5,2,6) [уничтожен]
    ✗ Паук A8            @ (6,3,2) [уничтожен]
  Team B: живых 7/8
    ✓ Артиллерия B1      @ (3,9,8) hp=1/1
    ✓ Радиовышка B2      @ (4,3,4) hp=3/3
    ✓ Факел B4           @ (5,5,7) hp=6/6
    ✓ Тишина B5          @ (4,4,5) hp=2/2
    ✓ Бурав B6           @ (7,8,8) hp=4/4
    ✓ Провокатор B7      @ (5,6,8) hp=2/2
    ✓ Паук B8            @ (4,4,7) hp=1/1
    ✗ Прыгун B3          @ (5,2,3) [уничтожен]
  Team C: живых 1/8
    ✓ Факел C4           @ (4,4,3) hp=6/6
    ✗ Артиллерия C1      @ (1,7,1) [уничтожен]
    ✗ Радиовышка C2      @ (4,2,3) [уничтожен]
    ✗ Прыгун C3          @ (3,2,3) [уничтожен]
    ✗ Тишина C5          @ (4,3,2) [уничтожен]
    ✗ Бурав C6           @ (2,1,1) [уничтожен]
    ✗ Провокатор C7      @ (1,2,1) [уничтожен]
    ✗ Паук C8            @ (2,5,1) [уничтожен]

======================================================================
ХОД 9
======================================================================
✓ 🎮 GM: начинаем ход
GM: start_turn

--- Радиовышки: сканирование слоя Z ---
  Радиовышка B2 (z=4): слой чист

--- Решения ботов ---
  [Team A] Факел A4 (4,2,3) → SHOOT at (4,4,3)
  [Team A] Бурав A6 (5,2,3) → MOVE (4,3,4)
  [Team B] Артиллерия B1 (3,9,8) → SHOOT at (4,4,3)
  [Team B] Радиовышка B2 (4,3,4) → MOVE (4,2,3)
  [Team B] Факел B4 (5,5,7) → MOVE (4,4,6)
  [Team B] Тишина B5 (4,4,5) → MOVE (4,3,5)
  [Team B] Бурав B6 (7,8,8) → MOVE (6,7,7)
  [Team B] Провокатор B7 (5,6,8) → HOLOGRAM (4,5,7)
  [Team B] Паук B8 (4,4,7) → MINE (4,3,6)
  [Team C] Факел C4 (4,4,3) → SHOOT at (4,4,7)
! 🎮 GM: принудительно завершает фазу планирования
GM: end_planning
# 
============================================================
# 🔄 ОБРАБОТКА ХОДА 9
# ============================================================
   🌀 Тишина B5: фаза спала (действовала 1 ход)
!    ⚠️ Провокатор B7: клетка (4,5,7) уже занята голограммой
   💣 Паук B8 установил мину M6 в (4,3,6)

📦 ПЕРЕМЕЩЕНИЯ:
!    ⚠️ Бурав A6: Бурав двигается только по 1 оси или по 2 осям строго диагонально
!    ⚠️ Радиовышка B2: клетка (4,2,3) занята
   Факел B4: (5, 5, 7) → (4,4,6)
!    ⚠️ Тишина B5: клетка (4,3,5) занята
!    ⚠️ Бурав B6: Бурав двигается только по 1 оси или по 2 осям строго диагонально

🎯 ВЫСТРЕЛЫ:
✓    ✅ Факел A4 поразил Факел C4 (1 урона)!
✓    ✅ Артиллерия B1 поразил Факел C4 (2 урона)!
✓    ✅ Факел C4 поразил Тишина B5 (1 урона)!
   Выпущено ракет: 3
# 
📊 РЕЗУЛЬТАТЫ ХОДА 9:
✓ 💥 ПОПАДАНИЯ:
✓    Факел A4 (Team A) → Факел C4 (Team C)
✓    Артиллерия B1 (Team B) → Факел C4 (Team C)
✓    Факел C4 (Team C) → Тишина B5 (Team B)

--- Результаты хода ---
  Team A / Факел A4           → Team C / Факел C4           @ (4,4,3)  (ранен)
  Team B / Артиллерия B1      → Team C / Факел C4           @ (4,4,3)  (ранен)
  Team C / Факел C4           → Team B / Тишина B5          @ (4,4,5)  (ранен)

--- Состояние команд после хода ---
  Team A: живых 2/8
    ✓ Факел A4           @ (4,2,3) hp=6/6
    ✓ Бурав A6           @ (5,2,3) hp=4/4
    ✗ Артиллерия A1      @ (7,2,7) [уничтожен]
    ✗ Радиовышка A2      @ (4,3,3) [уничтожен]
    ✗ Прыгун A3          @ (2,1,1) [уничтожен]
    ✗ Тишина A5          @ (4,2,4) [уничтожен]
    ✗ Провокатор A7      @ (5,2,6) [уничтожен]
    ✗ Паук A8            @ (6,3,2) [уничтожен]
  Team B: живых 7/8
    ✓ Артиллерия B1      @ (3,9,8) hp=1/1
    ✓ Радиовышка B2      @ (4,3,4) hp=3/3
    ✓ Факел B4           @ (4,4,6) hp=6/6
    ✓ Тишина B5          @ (4,4,5) hp=1/2
    ✓ Бурав B6           @ (7,8,8) hp=4/4
    ✓ Провокатор B7      @ (5,6,8) hp=2/2
    ✓ Паук B8            @ (4,4,7) hp=1/1
    ✗ Прыгун B3          @ (5,2,3) [уничтожен]
  Team C: живых 1/8
    ✓ Факел C4           @ (4,4,3) hp=3/6
    ✗ Артиллерия C1      @ (1,7,1) [уничтожен]
    ✗ Радиовышка C2      @ (4,2,3) [уничтожен]
    ✗ Прыгун C3          @ (3,2,3) [уничтожен]
    ✗ Тишина C5          @ (4,3,2) [уничтожен]
    ✗ Бурав C6           @ (2,1,1) [уничтожен]
    ✗ Провокатор C7      @ (1,2,1) [уничтожен]
    ✗ Паук C8            @ (2,5,1) [уничтожен]

======================================================================
ХОД 10
======================================================================
✓ 🎮 GM: начинаем ход
GM: start_turn

--- Радиовышки: сканирование слоя Z ---
  Радиовышка B2 (z=4): слой чист

--- Решения ботов ---
  [Team A] Факел A4 (4,2,3) → SHOOT at (4,4,3)
  [Team A] Бурав A6 (5,2,3) → MOVE (4,3,4)
  [Team B] Артиллерия B1 (3,9,8) → SHOOT at (4,4,3)
  [Team B] Радиовышка B2 (4,3,4) → MOVE (4,2,3)
  [Team B] Факел B4 (4,4,6) → HEAL (AoE)
  [Team B] Тишина B5 (4,4,5) → MOVE (4,4,4)
  [Team B] Бурав B6 (7,8,8) → MOVE (6,7,7)
  [Team B] Провокатор B7 (5,6,8) → HOLOGRAM (4,5,7)
  [Team B] Паук B8 (4,4,7) → MINE (4,3,6)
  [Team C] Факел C4 (4,4,3) → HEAL (AoE)
! 🎮 GM: принудительно завершает фазу планирования
GM: end_planning
# 
============================================================
# 🔄 ОБРАБОТКА ХОДА 10
# ============================================================
!    ⚠️ Провокатор B7: клетка (4,5,7) уже занята голограммой
!    ⚠️ Паук B8: в клетке уже стоит мина

📦 ПЕРЕМЕЩЕНИЯ:
!    ⚠️ Бурав A6: Бурав двигается только по 1 оси или по 2 осям строго диагонально
!    ⚠️ Радиовышка B2: клетка (4,2,3) занята
   Тишина B5: (4, 4, 5) → (4,4,4)
!    ⚠️ Бурав B6: Бурав двигается только по 1 оси или по 2 осям строго диагонально

🎯 ВЫСТРЕЛЫ:
✓    ✅ Факел A4 поразил Факел C4 (1 урона)!
✓    ✅ Артиллерия B1 поразил Факел C4 (2 урона)!
✓    💚 Факел B4 лечит Тишина B5 → hits=0/2
   Выпущено ракет: 2
# 
📊 РЕЗУЛЬТАТЫ ХОДА 10:
✓ 💥 ПОПАДАНИЯ:
✓    Факел A4 (Team A) → Факел C4 (Team C)
✓    Артиллерия B1 (Team B) → Факел C4 (Team C)

--- Результаты хода ---
  Team A / Факел A4           → Team C / Факел C4           @ (4,4,3)  (ранен)
  Team B / Артиллерия B1      → Team C / Факел C4           @ (4,4,3)  (УБИТ)

--- Состояние команд после хода ---
  Team A: живых 2/8
    ✓ Факел A4           @ (4,2,3) hp=6/6
    ✓ Бурав A6           @ (5,2,3) hp=4/4
    ✗ Артиллерия A1      @ (7,2,7) [уничтожен]
    ✗ Радиовышка A2      @ (4,3,3) [уничтожен]
    ✗ Прыгун A3          @ (2,1,1) [уничтожен]
    ✗ Тишина A5          @ (4,2,4) [уничтожен]
    ✗ Провокатор A7      @ (5,2,6) [уничтожен]
    ✗ Паук A8            @ (6,3,2) [уничтожен]
  Team B: живых 7/8
    ✓ Артиллерия B1      @ (3,9,8) hp=1/1
    ✓ Радиовышка B2      @ (4,3,4) hp=3/3
    ✓ Факел B4           @ (4,4,6) hp=6/6
    ✓ Тишина B5          @ (4,4,4) hp=2/2
    ✓ Бурав B6           @ (7,8,8) hp=4/4
    ✓ Провокатор B7      @ (5,6,8) hp=2/2
    ✓ Паук B8            @ (4,4,7) hp=1/1
    ✗ Прыгун B3          @ (5,2,3) [уничтожен]
  Team C: живых 0/8
    ✗ Артиллерия C1      @ (1,7,1) [уничтожен]
    ✗ Радиовышка C2      @ (4,2,3) [уничтожен]
    ✗ Прыгун C3          @ (3,2,3) [уничтожен]
    ✗ Факел C4           @ (4,4,3) [уничтожен]
    ✗ Тишина C5          @ (4,3,2) [уничтожен]
    ✗ Бурав C6           @ (2,1,1) [уничтожен]
    ✗ Провокатор C7      @ (1,2,1) [уничтожен]
    ✗ Паук C8            @ (2,5,1) [уничтожен]

======================================================================
ХОД 11
======================================================================
✓ 🎮 GM: начинаем ход
GM: start_turn

--- Радиовышки: сканирование слоя Z ---
  Радиовышка B2 (z=4): слой чист

--- Решения ботов ---
  [Team A] Бурав A6 (5,2,3) → MOVE (4,3,4)
  [Team A] Факел A4 → SKIP
  [Team B] Артиллерия B1 (3,9,8) → SHOOT at (4,2,3)
  [Team B] Радиовышка B2 (4,3,4) → MOVE (4,2,3)
  [Team B] Факел B4 (4,4,6) → MOVE (4,3,5)
  [Team B] Тишина B5 (4,4,4) → MOVE (4,3,3)
  [Team B] Бурав B6 (7,8,8) → MOVE (6,7,7)
  [Team B] Провокатор B7 (5,6,8) → HOLOGRAM (4,5,7)
  [Team B] Паук B8 (4,4,7) → MINE (4,3,6)
  [Team C] все корабли пропускают ход
! 🎮 GM: принудительно завершает фазу планирования
GM: end_planning
# 
============================================================
# 🔄 ОБРАБОТКА ХОДА 11
# ============================================================
!    ⚠️ Провокатор B7: клетка (4,5,7) уже занята голограммой
!    ⚠️ Паук B8: в клетке уже стоит мина

📦 ПЕРЕМЕЩЕНИЯ:
!    ⚠️ Бурав A6: Бурав двигается только по 1 оси или по 2 осям строго диагонально
!    ⚠️ Радиовышка B2: клетка (4,2,3) занята
!    ⚠️ Факел B4: клетка (4,3,5) занята
   Тишина B5: (4, 4, 4) → (4,3,3)
!    ⚠️ Бурав B6: Бурав двигается только по 1 оси или по 2 осям строго диагонально

🎯 ВЫСТРЕЛЫ:
✓    ✅ Артиллерия B1 поразил Факел A4 (2 урона)!
   Выпущено ракет: 1
# 
📊 РЕЗУЛЬТАТЫ ХОДА 11:
✓ 💥 ПОПАДАНИЯ:
✓    Артиллерия B1 (Team B) → Факел A4 (Team A)

--- Результаты хода ---
  Team B / Артиллерия B1      → Team A / Факел A4           @ (4,2,3)  (ранен)

--- Состояние команд после хода ---
  Team A: живых 2/8
    ✓ Факел A4           @ (4,2,3) hp=4/6
    ✓ Бурав A6           @ (5,2,3) hp=4/4
    ✗ Артиллерия A1      @ (7,2,7) [уничтожен]
    ✗ Радиовышка A2      @ (4,3,3) [уничтожен]
    ✗ Прыгун A3          @ (2,1,1) [уничтожен]
    ✗ Тишина A5          @ (4,2,4) [уничтожен]
    ✗ Провокатор A7      @ (5,2,6) [уничтожен]
    ✗ Паук A8            @ (6,3,2) [уничтожен]
  Team B: живых 7/8
    ✓ Артиллерия B1      @ (3,9,8) hp=1/1
    ✓ Радиовышка B2      @ (4,3,4) hp=3/3
    ✓ Факел B4           @ (4,4,6) hp=6/6
    ✓ Тишина B5          @ (4,3,3) hp=2/2
    ✓ Бурав B6           @ (7,8,8) hp=4/4
    ✓ Провокатор B7      @ (5,6,8) hp=2/2
    ✓ Паук B8            @ (4,4,7) hp=1/1
    ✗ Прыгун B3          @ (5,2,3) [уничтожен]
  Team C: живых 0/8
    ✗ Артиллерия C1      @ (1,7,1) [уничтожен]
    ✗ Радиовышка C2      @ (4,2,3) [уничтожен]
    ✗ Прыгун C3          @ (3,2,3) [уничтожен]
    ✗ Факел C4           @ (4,4,3) [уничтожен]
    ✗ Тишина C5          @ (4,3,2) [уничтожен]
    ✗ Бурав C6           @ (2,1,1) [уничтожен]
    ✗ Провокатор C7      @ (1,2,1) [уничтожен]
    ✗ Паук C8            @ (2,5,1) [уничтожен]

======================================================================
ХОД 12
======================================================================
✓ 🎮 GM: начинаем ход
GM: start_turn

--- Радиовышки: сканирование слоя Z ---
  Радиовышка B2 (z=4): слой чист

--- Решения ботов ---
  [Team A] Факел A4 (4,2,3) → HEAL (AoE)
  [Team A] Бурав A6 (5,2,3) → MOVE (4,3,3)
  [Team B] Артиллерия B1 (3,9,8) → SHOOT at (4,2,3)
  [Team B] Радиовышка B2 (4,3,4) → MOVE (4,2,3)
  [Team B] Тишина B5 (4,3,3) → PHASE toggle
  [Team B] Бурав B6 (7,8,8) → MOVE (6,7,7)
  [Team B] Провокатор B7 (5,6,8) → HOLOGRAM (4,5,7)
  [Team B] Паук B8 (4,4,7) → MINE (4,3,6)
  [Team B] Факел B4 → SKIP
  [Team C] все корабли пропускают ход
! 🎮 GM: принудительно завершает фазу планирования
GM: end_planning
# 
============================================================
# 🔄 ОБРАБОТКА ХОДА 12
# ============================================================
   🌀 Тишина B5: уходит в фазу на 1 ход
!    ⚠️ Провокатор B7: клетка (4,5,7) уже занята голограммой
!    ⚠️ Паук B8: в клетке уже стоит мина

📦 ПЕРЕМЕЩЕНИЯ:
✓    💥 Бурав A6 пробивает фазу Тишина B5 тараном
✓    💥 Бурав A6 тараном уничтожил Тишина B5 в (4,3,3)
   Бурав A6: (5, 2, 3) → (4,3,3)
!    ⚠️ Радиовышка B2: клетка (4,2,3) занята
!    ⚠️ Бурав B6: Бурав двигается только по 1 оси или по 2 осям строго диагонально

🎯 ВЫСТРЕЛЫ:
✓    ✅ Артиллерия B1 поразил Факел A4 (2 урона)!
✓    💚 Факел A4 лечит Факел A4 → hits=3/6
   Выпущено ракет: 1
# 
📊 РЕЗУЛЬТАТЫ ХОДА 12:
✓ 💥 ПОПАДАНИЯ:
✓    Артиллерия B1 (Team B) → Факел A4 (Team A)

--- Результаты хода ---
  Team A / Бурав A6           → Team B / Тишина B5          @ (4,3,3)  (УБИТ)
  Team B / Артиллерия B1      → Team A / Факел A4           @ (4,2,3)  (ранен)

--- Состояние команд после хода ---
  Team A: живых 2/8
    ✓ Факел A4           @ (4,2,3) hp=3/6
    ✓ Бурав A6           @ (4,3,3) hp=4/4
    ✗ Артиллерия A1      @ (7,2,7) [уничтожен]
    ✗ Радиовышка A2      @ (4,3,3) [уничтожен]
    ✗ Прыгун A3          @ (2,1,1) [уничтожен]
    ✗ Тишина A5          @ (4,2,4) [уничтожен]
    ✗ Провокатор A7      @ (5,2,6) [уничтожен]
    ✗ Паук A8            @ (6,3,2) [уничтожен]
  Team B: живых 6/8
    ✓ Артиллерия B1      @ (3,9,8) hp=1/1
    ✓ Радиовышка B2      @ (4,3,4) hp=3/3
    ✓ Факел B4           @ (4,4,6) hp=6/6
    ✓ Бурав B6           @ (7,8,8) hp=4/4
    ✓ Провокатор B7      @ (5,6,8) hp=2/2
    ✓ Паук B8            @ (4,4,7) hp=1/1
    ✗ Прыгун B3          @ (5,2,3) [уничтожен]
    ✗ Тишина B5          @ (4,3,3) [уничтожен]
  Team C: живых 0/8
    ✗ Артиллерия C1      @ (1,7,1) [уничтожен]
    ✗ Радиовышка C2      @ (4,2,3) [уничтожен]
    ✗ Прыгун C3          @ (3,2,3) [уничтожен]
    ✗ Факел C4           @ (4,4,3) [уничтожен]
    ✗ Тишина C5          @ (4,3,2) [уничтожен]
    ✗ Бурав C6           @ (2,1,1) [уничтожен]
    ✗ Провокатор C7      @ (1,2,1) [уничтожен]
    ✗ Паук C8            @ (2,5,1) [уничтожен]

======================================================================
ХОД 13
======================================================================
✓ 🎮 GM: начинаем ход
GM: start_turn

--- Радиовышки: сканирование слоя Z ---
  Радиовышка B2 (z=4): слой чист

--- Решения ботов ---
  [Team A] Факел A4 (4,2,3) → HEAL (AoE)
  [Team A] Бурав A6 (4,3,3) → MOVE (4,3,4)
  [Team B] Артиллерия B1 (3,9,8) → SHOOT at (4,2,3)
  [Team B] Радиовышка B2 (4,3,4) → MOVE (4,2,3)
  [Team B] Бурав B6 (7,8,8) → MOVE (6,7,7)
  [Team B] Провокатор B7 (5,6,8) → HOLOGRAM (4,5,7)
  [Team B] Паук B8 (4,4,7) → MINE (4,3,6)
  [Team B] Факел B4 → SKIP
  [Team C] все корабли пропускают ход
! 🎮 GM: принудительно завершает фазу планирования
GM: end_planning
# 
============================================================
# 🔄 ОБРАБОТКА ХОДА 13
# ============================================================
!    ⚠️ Провокатор B7: клетка (4,5,7) уже занята голограммой
!    ⚠️ Паук B8: в клетке уже стоит мина

📦 ПЕРЕМЕЩЕНИЯ:
✓    💥 Бурав A6 тараном уничтожил Радиовышка B2 в (4,3,4)
   Бурав A6: (4, 3, 3) → (4,3,4)
!    ⚠️ Бурав B6: Бурав двигается только по 1 оси или по 2 осям строго диагонально

🎯 ВЫСТРЕЛЫ:
✓    ✅ Артиллерия B1 поразил Факел A4 (2 урона)!
✓    💚 Факел A4 лечит Факел A4 → hits=4/6
   Выпущено ракет: 1
# 
📊 РЕЗУЛЬТАТЫ ХОДА 13:
✓ 💥 ПОПАДАНИЯ:
✓    Артиллерия B1 (Team B) → Факел A4 (Team A)

--- Результаты хода ---
  Team A / Бурав A6           → Team B / Радиовышка B2      @ (4,3,4)  (УБИТ)
  Team B / Артиллерия B1      → Team A / Факел A4           @ (4,2,3)  (ранен)

--- Состояние команд после хода ---
  Team A: живых 2/8
    ✓ Факел A4           @ (4,2,3) hp=2/6
    ✓ Бурав A6           @ (4,3,4) hp=4/4
    ✗ Артиллерия A1      @ (7,2,7) [уничтожен]
    ✗ Радиовышка A2      @ (4,3,3) [уничтожен]
    ✗ Прыгун A3          @ (2,1,1) [уничтожен]
    ✗ Тишина A5          @ (4,2,4) [уничтожен]
    ✗ Провокатор A7      @ (5,2,6) [уничтожен]
    ✗ Паук A8            @ (6,3,2) [уничтожен]
  Team B: живых 5/8
    ✓ Артиллерия B1      @ (3,9,8) hp=1/1
    ✓ Факел B4           @ (4,4,6) hp=6/6
    ✓ Бурав B6           @ (7,8,8) hp=4/4
    ✓ Провокатор B7      @ (5,6,8) hp=2/2
    ✓ Паук B8            @ (4,4,7) hp=1/1
    ✗ Радиовышка B2      @ (4,3,4) [уничтожен]
    ✗ Прыгун B3          @ (5,2,3) [уничтожен]
    ✗ Тишина B5          @ (4,3,3) [уничтожен]
  Team C: живых 0/8
    ✗ Артиллерия C1      @ (1,7,1) [уничтожен]
    ✗ Радиовышка C2      @ (4,2,3) [уничтожен]
    ✗ Прыгун C3          @ (3,2,3) [уничтожен]
    ✗ Факел C4           @ (4,4,3) [уничтожен]
    ✗ Тишина C5          @ (4,3,2) [уничтожен]
    ✗ Бурав C6           @ (2,1,1) [уничтожен]
    ✗ Провокатор C7      @ (1,2,1) [уничтожен]
    ✗ Паук C8            @ (2,5,1) [уничтожен]

======================================================================
ХОД 14
======================================================================
✓ 🎮 GM: начинаем ход
GM: start_turn

--- Радиовышки: сканирование слоя Z ---
  (у команд не осталось живых радиовышек)

--- Решения ботов ---
  [Team A] Факел A4 (4,2,3) → HEAL (AoE)
  [Team A] Бурав A6 (4,3,4) → MOVE (4,4,5)
  [Team B] Артиллерия B1 (3,9,8) → SHOOT at (4,2,3)
  [Team B] Факел B4 (4,4,6) → MOVE (5,5,7)
  [Team B] Бурав B6 (7,8,8) → MOVE (6,7,7)
  [Team B] Провокатор B7 (5,6,8) → HOLOGRAM (4,5,7)
  [Team B] Паук B8 (4,4,7) → MINE (4,3,6)
  [Team C] все корабли пропускают ход
! 🎮 GM: принудительно завершает фазу планирования
GM: end_planning
# 
============================================================
# 🔄 ОБРАБОТКА ХОДА 14
# ============================================================
!    ⚠️ Провокатор B7: клетка (4,5,7) уже занята голограммой
!    ⚠️ Паук B8: в клетке уже стоит мина

📦 ПЕРЕМЕЩЕНИЯ:
   Бурав A6: (4, 3, 4) → (4,4,5)
   Факел B4: (4, 4, 6) → (5,5,7)
!    ⚠️ Бурав B6: Бурав двигается только по 1 оси или по 2 осям строго диагонально

🎯 ВЫСТРЕЛЫ:
✓    ✅ Артиллерия B1 поразил Факел A4 (2 урона)!
   Выпущено ракет: 1
# 
📊 РЕЗУЛЬТАТЫ ХОДА 14:
✓ 💥 ПОПАДАНИЯ:
✓    Артиллерия B1 (Team B) → Факел A4 (Team A)

--- Результаты хода ---
  Team B / Артиллерия B1      → Team A / Факел A4           @ (4,2,3)  (УБИТ)

--- Состояние команд после хода ---
  Team A: живых 1/8
    ✓ Бурав A6           @ (4,4,5) hp=4/4
    ✗ Артиллерия A1      @ (7,2,7) [уничтожен]
    ✗ Радиовышка A2      @ (4,3,3) [уничтожен]
    ✗ Прыгун A3          @ (2,1,1) [уничтожен]
    ✗ Факел A4           @ (4,2,3) [уничтожен]
    ✗ Тишина A5          @ (4,2,4) [уничтожен]
    ✗ Провокатор A7      @ (5,2,6) [уничтожен]
    ✗ Паук A8            @ (6,3,2) [уничтожен]
  Team B: живых 5/8
    ✓ Артиллерия B1      @ (3,9,8) hp=1/1
    ✓ Факел B4           @ (5,5,7) hp=6/6
    ✓ Бурав B6           @ (7,8,8) hp=4/4
    ✓ Провокатор B7      @ (5,6,8) hp=2/2
    ✓ Паук B8            @ (4,4,7) hp=1/1
    ✗ Радиовышка B2      @ (4,3,4) [уничтожен]
    ✗ Прыгун B3          @ (5,2,3) [уничтожен]
    ✗ Тишина B5          @ (4,3,3) [уничтожен]
  Team C: живых 0/8
    ✗ Артиллерия C1      @ (1,7,1) [уничтожен]
    ✗ Радиовышка C2      @ (4,2,3) [уничтожен]
    ✗ Прыгун C3          @ (3,2,3) [уничтожен]
    ✗ Факел C4           @ (4,4,3) [уничтожен]
    ✗ Тишина C5          @ (4,3,2) [уничтожен]
    ✗ Бурав C6           @ (2,1,1) [уничтожен]
    ✗ Провокатор C7      @ (1,2,1) [уничтожен]
    ✗ Паук C8            @ (2,5,1) [уничтожен]

======================================================================
ХОД 15
======================================================================
✓ 🎮 GM: начинаем ход
GM: start_turn

--- Радиовышки: сканирование слоя Z ---
  (у команд не осталось живых радиовышек)

--- Решения ботов ---
  [Team A] Бурав A6 (4,4,5) → MOVE (4,4,7)
  [Team B] Артиллерия B1 (3,9,8) → SHOOT at (4,4,5)
  [Team B] Факел B4 (5,5,7) → MOVE (5,6,7)
  [Team B] Бурав B6 (7,8,8) → MOVE (6,7,7)
  [Team B] Провокатор B7 (5,6,8) → HOLOGRAM (4,5,7)
  [Team B] Паук B8 (4,4,7) → MINE (5,5,6)
  [Team C] все корабли пропускают ход
! 🎮 GM: принудительно завершает фазу планирования
GM: end_planning
# 
============================================================
# 🔄 ОБРАБОТКА ХОДА 15
# ============================================================
!    ⚠️ Провокатор B7: клетка (4,5,7) уже занята голограммой
   💣 Паук B8 установил мину M7 в (5,5,6)

📦 ПЕРЕМЕЩЕНИЯ:
✓    💥 Бурав A6 тараном уничтожил Паук B8 в (4,4,7)
   Бурав A6: (4, 4, 5) → (4,4,7)
!    ⚠️ Факел B4: клетка (5,6,7) занята
!    ⚠️ Бурав B6: Бурав двигается только по 1 оси или по 2 осям строго диагонально

🎯 ВЫСТРЕЛЫ:
   Выпущено ракет: 1
# 
📊 РЕЗУЛЬТАТЫ ХОДА 15:
🎯 Попаданий нет

--- Результаты хода ---
  Team A / Бурав A6           → Team B / Паук B8            @ (4,4,7)  (УБИТ)

--- Состояние команд после хода ---
  Team A: живых 1/8
    ✓ Бурав A6           @ (4,4,7) hp=4/4
    ✗ Артиллерия A1      @ (7,2,7) [уничтожен]
    ✗ Радиовышка A2      @ (4,3,3) [уничтожен]
    ✗ Прыгун A3          @ (2,1,1) [уничтожен]
    ✗ Факел A4           @ (4,2,3) [уничтожен]
    ✗ Тишина A5          @ (4,2,4) [уничтожен]
    ✗ Провокатор A7      @ (5,2,6) [уничтожен]
    ✗ Паук A8            @ (6,3,2) [уничтожен]
  Team B: живых 4/8
    ✓ Артиллерия B1      @ (3,9,8) hp=1/1
    ✓ Факел B4           @ (5,5,7) hp=6/6
    ✓ Бурав B6           @ (7,8,8) hp=4/4
    ✓ Провокатор B7      @ (5,6,8) hp=2/2
    ✗ Радиовышка B2      @ (4,3,4) [уничтожен]
    ✗ Прыгун B3          @ (5,2,3) [уничтожен]
    ✗ Тишина B5          @ (4,3,3) [уничтожен]
    ✗ Паук B8            @ (4,4,7) [уничтожен]
  Team C: живых 0/8
    ✗ Артиллерия C1      @ (1,7,1) [уничтожен]
    ✗ Радиовышка C2      @ (4,2,3) [уничтожен]
    ✗ Прыгун C3          @ (3,2,3) [уничтожен]
    ✗ Факел C4           @ (4,4,3) [уничтожен]
    ✗ Тишина C5          @ (4,3,2) [уничтожен]
    ✗ Бурав C6           @ (2,1,1) [уничтожен]
    ✗ Провокатор C7      @ (1,2,1) [уничтожен]
    ✗ Паук C8            @ (2,5,1) [уничтожен]

======================================================================
ХОД 16
======================================================================
✓ 🎮 GM: начинаем ход
GM: start_turn

--- Радиовышки: сканирование слоя Z ---
  (у команд не осталось живых радиовышек)

--- Решения ботов ---
  [Team A] Бурав A6 (4,4,7) → MOVE (5,5,7)
  [Team B] Артиллерия B1 (3,9,8) → SHOOT at (4,4,7)
  [Team B] Факел B4 (5,5,7) → MOVE (5,6,7)
  [Team B] Бурав B6 (7,8,8) → MOVE (6,7,7)
  [Team B] Провокатор B7 (5,6,8) → HOLOGRAM (4,5,7)
  [Team C] все корабли пропускают ход
! 🎮 GM: принудительно завершает фазу планирования
GM: end_planning
# 
============================================================
# 🔄 ОБРАБОТКА ХОДА 16
# ============================================================
!    ⚠️ Провокатор B7: клетка (4,5,7) уже занята голограммой

📦 ПЕРЕМЕЩЕНИЯ:
✓    💥 Бурав A6 тараном уничтожил Факел B4 в (5,5,7)
   Бурав A6: (4, 4, 7) → (5,5,7)
!    💥 Мина M4 сработала под Бурав A6 (урон 2)
!    ⚠️ Бурав B6: Бурав двигается только по 1 оси или по 2 осям строго диагонально

🎯 ВЫСТРЕЛЫ:
   Выпущено ракет: 1
# 
📊 РЕЗУЛЬТАТЫ ХОДА 16:
🎯 Попаданий нет

--- Результаты хода ---
  Team A / Бурав A6           → Team B / Факел B4           @ (5,5,7)  (УБИТ)
  ? / ?                  → Team A / Бурав A6           @ (5,5,7)  (ранен)

--- Состояние команд после хода ---
  Team A: живых 1/8
    ✓ Бурав A6           @ (5,5,7) hp=2/4
    ✗ Артиллерия A1      @ (7,2,7) [уничтожен]
    ✗ Радиовышка A2      @ (4,3,3) [уничтожен]
    ✗ Прыгун A3          @ (2,1,1) [уничтожен]
    ✗ Факел A4           @ (4,2,3) [уничтожен]
    ✗ Тишина A5          @ (4,2,4) [уничтожен]
    ✗ Провокатор A7      @ (5,2,6) [уничтожен]
    ✗ Паук A8            @ (6,3,2) [уничтожен]
  Team B: живых 3/8
    ✓ Артиллерия B1      @ (3,9,8) hp=1/1
    ✓ Бурав B6           @ (7,8,8) hp=4/4
    ✓ Провокатор B7      @ (5,6,8) hp=2/2
    ✗ Радиовышка B2      @ (4,3,4) [уничтожен]
    ✗ Прыгун B3          @ (5,2,3) [уничтожен]
    ✗ Факел B4           @ (5,5,7) [уничтожен]
    ✗ Тишина B5          @ (4,3,3) [уничтожен]
    ✗ Паук B8            @ (4,4,7) [уничтожен]
  Team C: живых 0/8
    ✗ Артиллерия C1      @ (1,7,1) [уничтожен]
    ✗ Радиовышка C2      @ (4,2,3) [уничтожен]
    ✗ Прыгун C3          @ (3,2,3) [уничтожен]
    ✗ Факел C4           @ (4,4,3) [уничтожен]
    ✗ Тишина C5          @ (4,3,2) [уничтожен]
    ✗ Бурав C6           @ (2,1,1) [уничтожен]
    ✗ Провокатор C7      @ (1,2,1) [уничтожен]
    ✗ Паук C8            @ (2,5,1) [уничтожен]

======================================================================
ХОД 17
======================================================================
✓ 🎮 GM: начинаем ход
GM: start_turn

--- Радиовышки: сканирование слоя Z ---
  (у команд не осталось живых радиовышек)

--- Решения ботов ---
  [Team A] Бурав A6 (5,5,7) → MOVE (5,6,8)
  [Team B] Артиллерия B1 (3,9,8) → SHOOT at (5,5,7)
  [Team B] Бурав B6 (7,8,8) → MOVE (6,7,7)
  [Team B] Провокатор B7 (5,6,8) → HOLOGRAM (5,5,7)
  [Team C] все корабли пропускают ход
! 🎮 GM: принудительно завершает фазу планирования
GM: end_planning
# 
============================================================
# 🔄 ОБРАБОТКА ХОДА 17
# ============================================================
!    ⚠️ Провокатор B7: клетка (5,5,7) занята кораблём

📦 ПЕРЕМЕЩЕНИЯ:
✓    💥 Бурав A6 тараном уничтожил Провокатор B7 в (5,6,8)
   Бурав A6: (5, 5, 7) → (5,6,8)
!    ⚠️ Бурав B6: Бурав двигается только по 1 оси или по 2 осям строго диагонально

🎯 ВЫСТРЕЛЫ:
   Выпущено ракет: 1
# 
📊 РЕЗУЛЬТАТЫ ХОДА 17:
🎯 Попаданий нет

--- Результаты хода ---
  Team A / Бурав A6           → Team B / Провокатор B7      @ (5,6,8)  (УБИТ)

--- Состояние команд после хода ---
  Team A: живых 1/8
    ✓ Бурав A6           @ (5,6,8) hp=2/4
    ✗ Артиллерия A1      @ (7,2,7) [уничтожен]
    ✗ Радиовышка A2      @ (4,3,3) [уничтожен]
    ✗ Прыгун A3          @ (2,1,1) [уничтожен]
    ✗ Факел A4           @ (4,2,3) [уничтожен]
    ✗ Тишина A5          @ (4,2,4) [уничтожен]
    ✗ Провокатор A7      @ (5,2,6) [уничтожен]
    ✗ Паук A8            @ (6,3,2) [уничтожен]
  Team B: живых 2/8
    ✓ Артиллерия B1      @ (3,9,8) hp=1/1
    ✓ Бурав B6           @ (7,8,8) hp=4/4
    ✗ Радиовышка B2      @ (4,3,4) [уничтожен]
    ✗ Прыгун B3          @ (5,2,3) [уничтожен]
    ✗ Факел B4           @ (5,5,7) [уничтожен]
    ✗ Тишина B5          @ (4,3,3) [уничтожен]
    ✗ Провокатор B7      @ (5,6,8) [уничтожен]
    ✗ Паук B8            @ (4,4,7) [уничтожен]
  Team C: живых 0/8
    ✗ Артиллерия C1      @ (1,7,1) [уничтожен]
    ✗ Радиовышка C2      @ (4,2,3) [уничтожен]
    ✗ Прыгун C3          @ (3,2,3) [уничтожен]
    ✗ Факел C4           @ (4,4,3) [уничтожен]
    ✗ Тишина C5          @ (4,3,2) [уничтожен]
    ✗ Бурав C6           @ (2,1,1) [уничтожен]
    ✗ Провокатор C7      @ (1,2,1) [уничтожен]
    ✗ Паук C8            @ (2,5,1) [уничтожен]

======================================================================
ХОД 18
======================================================================
✓ 🎮 GM: начинаем ход
GM: start_turn

--- Радиовышки: сканирование слоя Z ---
  (у команд не осталось живых радиовышек)

--- Решения ботов ---
  [Team A] Бурав A6 (5,6,8) → MOVE (7,8,8)
  [Team B] Артиллерия B1 (3,9,8) → SHOOT at (5,6,8)
  [Team B] Бурав B6 (7,8,8) → MOVE (5,6,8)
  [Team C] все корабли пропускают ход
! 🎮 GM: принудительно завершает фазу планирования
GM: end_planning
# 
============================================================
# 🔄 ОБРАБОТКА ХОДА 18
# ============================================================

📦 ПЕРЕМЕЩЕНИЯ:
✓    💥 Бурав A6 тараном уничтожил Бурав B6 в (7,8,8)
   Бурав A6: (5, 6, 8) → (7,8,8)

🎯 ВЫСТРЕЛЫ:
   Выпущено ракет: 1
# 
📊 РЕЗУЛЬТАТЫ ХОДА 18:
🎯 Попаданий нет

--- Результаты хода ---
  Team A / Бурав A6           → Team B / Бурав B6           @ (7,8,8)  (УБИТ)

--- Состояние команд после хода ---
  Team A: живых 1/8
    ✓ Бурав A6           @ (7,8,8) hp=2/4
    ✗ Артиллерия A1      @ (7,2,7) [уничтожен]
    ✗ Радиовышка A2      @ (4,3,3) [уничтожен]
    ✗ Прыгун A3          @ (2,1,1) [уничтожен]
    ✗ Факел A4           @ (4,2,3) [уничтожен]
    ✗ Тишина A5          @ (4,2,4) [уничтожен]
    ✗ Провокатор A7      @ (5,2,6) [уничтожен]
    ✗ Паук A8            @ (6,3,2) [уничтожен]
  Team B: живых 1/8
    ✓ Артиллерия B1      @ (3,9,8) hp=1/1
    ✗ Радиовышка B2      @ (4,3,4) [уничтожен]
    ✗ Прыгун B3          @ (5,2,3) [уничтожен]
    ✗ Факел B4           @ (5,5,7) [уничтожен]
    ✗ Тишина B5          @ (4,3,3) [уничтожен]
    ✗ Бурав B6           @ (7,8,8) [уничтожен]
    ✗ Провокатор B7      @ (5,6,8) [уничтожен]
    ✗ Паук B8            @ (4,4,7) [уничтожен]
  Team C: живых 0/8
    ✗ Артиллерия C1      @ (1,7,1) [уничтожен]
    ✗ Радиовышка C2      @ (4,2,3) [уничтожен]
    ✗ Прыгун C3          @ (3,2,3) [уничтожен]
    ✗ Факел C4           @ (4,4,3) [уничтожен]
    ✗ Тишина C5          @ (4,3,2) [уничтожен]
    ✗ Бурав C6           @ (2,1,1) [уничтожен]
    ✗ Провокатор C7      @ (1,2,1) [уничтожен]
    ✗ Паук C8            @ (2,5,1) [уничтожен]

======================================================================
ХОД 19
======================================================================
✓ 🎮 GM: начинаем ход
GM: start_turn

--- Радиовышки: сканирование слоя Z ---
  (у команд не осталось живых радиовышек)

--- Решения ботов ---
  [Team A] Бурав A6 (7,8,8) → MOVE (6,9,8)
  [Team B] Артиллерия B1 (3,9,8) → SHOOT at (7,8,8)
  [Team C] все корабли пропускают ход
! 🎮 GM: принудительно завершает фазу планирования
GM: end_planning
# 
============================================================
# 🔄 ОБРАБОТКА ХОДА 19
# ============================================================

📦 ПЕРЕМЕЩЕНИЯ:
   Бурав A6: (7, 8, 8) → (6,9,8)

🎯 ВЫСТРЕЛЫ:
   Выпущено ракет: 1
# 
📊 РЕЗУЛЬТАТЫ ХОДА 19:
🎯 Попаданий нет

--- Результаты хода ---
  Попаданий нет

--- Состояние команд после хода ---
  Team A: живых 1/8
    ✓ Бурав A6           @ (6,9,8) hp=2/4
    ✗ Артиллерия A1      @ (7,2,7) [уничтожен]
    ✗ Радиовышка A2      @ (4,3,3) [уничтожен]
    ✗ Прыгун A3          @ (2,1,1) [уничтожен]
    ✗ Факел A4           @ (4,2,3) [уничтожен]
    ✗ Тишина A5          @ (4,2,4) [уничтожен]
    ✗ Провокатор A7      @ (5,2,6) [уничтожен]
    ✗ Паук A8            @ (6,3,2) [уничтожен]
  Team B: живых 1/8
    ✓ Артиллерия B1      @ (3,9,8) hp=1/1
    ✗ Радиовышка B2      @ (4,3,4) [уничтожен]
    ✗ Прыгун B3          @ (5,2,3) [уничтожен]
    ✗ Факел B4           @ (5,5,7) [уничтожен]
    ✗ Тишина B5          @ (4,3,3) [уничтожен]
    ✗ Бурав B6           @ (7,8,8) [уничтожен]
    ✗ Провокатор B7      @ (5,6,8) [уничтожен]
    ✗ Паук B8            @ (4,4,7) [уничтожен]
  Team C: живых 0/8
    ✗ Артиллерия C1      @ (1,7,1) [уничтожен]
    ✗ Радиовышка C2      @ (4,2,3) [уничтожен]
    ✗ Прыгун C3          @ (3,2,3) [уничтожен]
    ✗ Факел C4           @ (4,4,3) [уничтожен]
    ✗ Тишина C5          @ (4,3,2) [уничтожен]
    ✗ Бурав C6           @ (2,1,1) [уничтожен]
    ✗ Провокатор C7      @ (1,2,1) [уничтожен]
    ✗ Паук C8            @ (2,5,1) [уничтожен]

======================================================================
ХОД 20
======================================================================
✓ 🎮 GM: начинаем ход
GM: start_turn

--- Радиовышки: сканирование слоя Z ---
  (у команд не осталось живых радиовышек)

--- Решения ботов ---
  [Team A] Бурав A6 (6,9,8) → MOVE (3,9,8)
  [Team B] Артиллерия B1 (3,9,8) → SHOOT at (6,9,8)
  [Team C] все корабли пропускают ход
! 🎮 GM: принудительно завершает фазу планирования
GM: end_planning
# 
============================================================
# 🔄 ОБРАБОТКА ХОДА 20
# ============================================================

📦 ПЕРЕМЕЩЕНИЯ:
✓    💥 Бурав A6 тараном уничтожил Артиллерия B1 в (3,9,8)
   Бурав A6: (6, 9, 8) → (3,9,8)

🎯 ВЫСТРЕЛЫ:
   Выпущено ракет: 0
# 
📊 РЕЗУЛЬТАТЫ ХОДА 20:
🎯 Попаданий нет
# 
🎮🎮🎮🎮🎮🎮🎮🎮🎮🎮🎮🎮🎮🎮🎮🎮🎮🎮🎮🎮
#         ИГРА ОКОНЧЕНА!
# 🎮🎮🎮🎮🎮🎮🎮🎮🎮🎮🎮🎮🎮🎮🎮🎮🎮🎮🎮🎮
✓         🏆 ПОБЕДИТЕЛЬ: Team A

--- Результаты хода ---
  Team A / Бурав A6           → Team B / Артиллерия B1      @ (3,9,8)  (УБИТ)

--- Состояние команд после хода ---
  Team A: живых 1/8
    ✓ Бурав A6           @ (3,9,8) hp=2/4
    ✗ Артиллерия A1      @ (7,2,7) [уничтожен]
    ✗ Радиовышка A2      @ (4,3,3) [уничтожен]
    ✗ Прыгун A3          @ (2,1,1) [уничтожен]
    ✗ Факел A4           @ (4,2,3) [уничтожен]
    ✗ Тишина A5          @ (4,2,4) [уничтожен]
    ✗ Провокатор A7      @ (5,2,6) [уничтожен]
    ✗ Паук A8            @ (6,3,2) [уничтожен]
  Team B: живых 0/8
    ✗ Артиллерия B1      @ (3,9,8) [уничтожен]
    ✗ Радиовышка B2      @ (4,3,4) [уничтожен]
    ✗ Прыгун B3          @ (5,2,3) [уничтожен]
    ✗ Факел B4           @ (5,5,7) [уничтожен]
    ✗ Тишина B5          @ (4,3,3) [уничтожен]
    ✗ Бурав B6           @ (7,8,8) [уничтожен]
    ✗ Провокатор B7      @ (5,6,8) [уничтожен]
    ✗ Паук B8            @ (4,4,7) [уничтожен]
  Team C: живых 0/8
    ✗ Артиллерия C1      @ (1,7,1) [уничтожен]
    ✗ Радиовышка C2      @ (4,2,3) [уничтожен]
    ✗ Прыгун C3          @ (3,2,3) [уничтожен]
    ✗ Факел C4           @ (4,4,3) [уничтожен]
    ✗ Тишина C5          @ (4,3,2) [уничтожен]
    ✗ Бурав C6           @ (2,1,1) [уничтожен]
    ✗ Провокатор C7      @ (1,2,1) [уничтожен]
    ✗ Паук C8            @ (2,5,1) [уничтожен]

======================================================================
ИТОГ
======================================================================
Игра окончена. Победитель: Team A
Ходов сыграно: 20

--- Сводка по командам ---
  Team A: 1/8 живых; hp=2
  Team B: 0/8 живых; hp=0
  Team C: 0/8 живых; hp=0

--- Сводка по пассивкам радиовышек ---
  Team A: сканирований=8, всего врагов-в-слоях=7, уникальных эксклюзивных (видны только радиовышкой)=0
  Team B: сканирований=13, всего врагов-в-слоях=1, уникальных эксклюзивных (видны только радиовышкой)=1
  Team C: сканирований=6, всего врагов-в-слоях=10, уникальных эксклюзивных (видны только радиовышкой)=1

--- Сводка по попаданиям ---
  Всего событий (шоты+тараны+мины): 37
  Уничтожено кораблей всего: 23
  Team A: урон=39 хиты=7 тараны=12 мины(сработало)=0 убийств=15
  Team B: урон=24 хиты=10 тараны=1 мины(сработало)=1 убийств=6
  Team C: урон=9 хиты=6 тараны=0 мины(сработало)=0 убийств=2
! 🎮 GM: остановка игры
