======================================================================
Space Battle 10×10×10 — simulation run at 2026-04-20T13:44:08+00:00
Game mode: advanced
Seed: 156
✓ 🚀 Продвинутый режим: создаю разные типы кораблей
   Команда A: спавн вдоль оси Y от (6, 5, 3) до (6, 9, 3)
   Команда B: спавн вдоль оси Y от (2, 2, 1) до (2, 1, 1)
   Команда C: спавн вдоль оси X от (1, 9, 5) до (2, 9, 5)
✓ ✅ Создано 24 кораблей


--- СТАРТОВАЯ РАССТАНОВКА ---
  Team A: живых 8/8
    ✓ Артиллерия A1      @ (6,5,3) hp=1/1
    ✓ Радиовышка A2      @ (6,2,3) hp=3/3
    ✓ Прыгун A3          @ (6,3,3) hp=2/2
    ✓ Факел A4           @ (6,1,3) hp=6/6
    ✓ Тишина A5          @ (6,6,3) hp=2/2
    ✓ Бурав A6           @ (6,4,3) hp=4/4
    ✓ Провокатор A7      @ (6,7,3) hp=2/2
    ✓ Паук A8            @ (6,9,3) hp=1/1
  Team B: живых 8/8
    ✓ Артиллерия B1      @ (2,2,1) hp=1/1
    ✓ Радиовышка B2      @ (2,9,1) hp=3/3
    ✓ Прыгун B3          @ (2,0,1) hp=2/2
    ✓ Факел B4           @ (2,3,1) hp=6/6
    ✓ Тишина B5          @ (2,7,1) hp=2/2
    ✓ Бурав B6           @ (2,4,1) hp=4/4
    ✓ Провокатор B7      @ (2,6,1) hp=2/2
    ✓ Паук B8            @ (2,1,1) hp=1/1
  Team C: живых 8/8
    ✓ Артиллерия C1      @ (1,9,5) hp=1/1
    ✓ Радиовышка C2      @ (4,9,5) hp=3/3
    ✓ Прыгун C3          @ (5,9,5) hp=2/2
    ✓ Факел C4           @ (0,9,5) hp=6/6
    ✓ Тишина C5          @ (7,9,5) hp=2/2
    ✓ Бурав C6           @ (8,9,5) hp=4/4
    ✓ Провокатор C7      @ (9,9,5) hp=2/2
    ✓ Паук C8            @ (2,9,5) hp=1/1

======================================================================
ХОД 1
======================================================================
✓ 🎮 GM: начинаем ход
GM: start_turn

--- Радиовышки: сканирование слоя Z ---
  Радиовышка A2 (z=3): слой чист
  Радиовышка B2 (z=1): слой чист
  Радиовышка C2 (z=5): слой чист

--- Решения ботов ---
  [Team A] Артиллерия A1 (6,5,3) → SHOOT at (2,2,1)
  [Team A] Радиовышка A2 (6,2,3) → MOVE (5,2,2)
  [Team A] Прыгун A3 (6,3,3) → MOVE (5,3,3)
  [Team A] Тишина A5 (6,6,3) → PHASE toggle
  [Team A] Бурав A6 (6,4,3) → MOVE (5,3,2)
  [Team A] Провокатор A7 (6,7,3) → HOLOGRAM (5,8,4)
  [Team A] Паук A8 (6,9,3) → MINE (6,8,4)
  [Team A] Факел A4 → SKIP
  [Team B] Артиллерия B1 (2,2,1) → SHOOT at (6,5,3)
  [Team B] Радиовышка B2 (2,9,1) → MOVE (3,8,2)
  [Team B] Прыгун B3 (2,0,1) → MOVE (3,1,2)
  [Team B] Тишина B5 (2,7,1) → PHASE toggle
  [Team B] Бурав B6 (2,4,1) → MOVE (3,5,2)
  [Team B] Провокатор B7 (2,6,1) → HOLOGRAM (3,6,1)
  [Team B] Паук B8 (2,1,1) → MINE (3,2,2)
  [Team B] Факел B4 → SKIP
  [Team C] Артиллерия C1 (1,9,5) → SHOOT at (6,5,3)
  [Team C] Радиовышка C2 (4,9,5) → MOVE (5,8,4)
  [Team C] Прыгун C3 (5,9,5) → MOVE (6,7,3)
  [Team C] Тишина C5 (7,9,5) → PHASE toggle
  [Team C] Бурав C6 (8,9,5) → MOVE (6,9,3)
  [Team C] Провокатор C7 (9,9,5) → HOLOGRAM (8,8,4)
  [Team C] Паук C8 (2,9,5) → MINE (3,8,4)
  [Team C] Факел C4 → SKIP
! 🎮 GM: принудительно завершает фазу планирования
GM: end_planning
# 
============================================================
# 🔄 ОБРАБОТКА ХОДА 1
# ============================================================
   🌀 Тишина A5: уходит в фазу на 1 ход
   🌀 Тишина B5: уходит в фазу на 1 ход
   🌀 Тишина C5: уходит в фазу на 1 ход
   🪞 Провокатор A7 создал голограмму H1 в (5,8,4)
   🪞 Провокатор B7 создал голограмму H2 в (3,6,1)
   🪞 Провокатор C7 создал голограмму H3 в (8,8,4)
   💣 Паук A8 установил мину M1 в (6,8,4)
   💣 Паук B8 установил мину M2 в (3,2,2)
   💣 Паук C8 установил мину M3 в (3,8,4)

📦 ПЕРЕМЕЩЕНИЯ:
   Радиовышка A2: (6, 2, 3) → (5,2,2)
   Прыгун A3: (6, 3, 3) → (5,3,3)
!    ⚠️ Бурав A6: Бурав двигается только по 1 оси или по 2 осям строго диагонально
   Радиовышка B2: (2, 9, 1) → (3,8,2)
   Прыгун B3: (2, 0, 1) → (3,1,2)
!    ⚠️ Бурав B6: Бурав двигается только по 1 оси или по 2 осям строго диагонально
!    ⚠️ Радиовышка C2: клетка (5,8,4) занята
✓    💥 Прыгун C3 тараном уничтожил Провокатор A7 в (6,7,3)
   Прыгун C3: (5, 9, 5) → (6,7,3)
✓    💥 Бурав C6 тараном уничтожил Паук A8 в (6,9,3)
   Бурав C6: (8, 9, 5) → (6,9,3)

🎯 ВЫСТРЕЛЫ:
✓    ✅ Артиллерия A1 поразил Артиллерия B1 (2 урона)!
✓    ✅ Артиллерия B1 поразил Артиллерия A1 (2 урона)!
   💀 Артиллерия C1 добивает Артиллерия A1
✓    ✅ Артиллерия C1 поразил Артиллерия A1 (2 урона)!
   Выпущено ракет: 3
# 
📊 РЕЗУЛЬТАТЫ ХОДА 1:
✓ 💥 ПОПАДАНИЯ:
✓    Артиллерия A1 (Team A) → Артиллерия B1 (Team B)
✓    Артиллерия B1 (Team B) → Артиллерия A1 (Team A)
✓    Артиллерия C1 (Team C) → Артиллерия A1 (Team A)

--- Результаты хода ---
  Team C / Прыгун C3          → Team A / Провокатор A7      @ (6,7,3)  (УБИТ)
  Team C / Бурав C6           → Team A / Паук A8            @ (6,9,3)  (УБИТ)
  Team A / Артиллерия A1      → Team B / Артиллерия B1      @ (2,2,1)  (УБИТ)
  Team B / Артиллерия B1      → Team A / Артиллерия A1      @ (6,5,3)  (УБИТ)
  Team C / Артиллерия C1      → Team A / Артиллерия A1      @ (6,5,3)  (ранен)

--- Состояние команд после хода ---
  Team A: живых 5/8
    ✓ Радиовышка A2      @ (5,2,2) hp=3/3
    ✓ Прыгун A3          @ (5,3,3) hp=2/2
    ✓ Факел A4           @ (6,1,3) hp=6/6
    ✓ Тишина A5          @ (6,6,3) hp=2/2
    ✓ Бурав A6           @ (6,4,3) hp=4/4
    ✗ Артиллерия A1      @ (6,5,3) [уничтожен]
    ✗ Провокатор A7      @ (6,7,3) [уничтожен]
    ✗ Паук A8            @ (6,9,3) [уничтожен]
  Team B: живых 7/8
    ✓ Радиовышка B2      @ (3,8,2) hp=3/3
    ✓ Прыгун B3          @ (3,1,2) hp=2/2
    ✓ Факел B4           @ (2,3,1) hp=6/6
    ✓ Тишина B5          @ (2,7,1) hp=2/2
    ✓ Бурав B6           @ (2,4,1) hp=4/4
    ✓ Провокатор B7      @ (2,6,1) hp=2/2
    ✓ Паук B8            @ (2,1,1) hp=1/1
    ✗ Артиллерия B1      @ (2,2,1) [уничтожен]
  Team C: живых 8/8
    ✓ Артиллерия C1      @ (1,9,5) hp=1/1
    ✓ Радиовышка C2      @ (4,9,5) hp=3/3
    ✓ Прыгун C3          @ (6,7,3) hp=2/2
    ✓ Факел C4           @ (0,9,5) hp=6/6
    ✓ Тишина C5          @ (7,9,5) hp=2/2
    ✓ Бурав C6           @ (6,9,3) hp=4/4
    ✓ Провокатор C7      @ (9,9,5) hp=2/2
    ✓ Паук C8            @ (2,9,5) hp=1/1

======================================================================
ХОД 2
======================================================================
✓ 🎮 GM: начинаем ход
GM: start_turn

--- Радиовышки: сканирование слоя Z ---
  Радиовышка A2 (z=2): видит 2 врагов  → Прыгун B3(3,1,2), Радиовышка B2(3,8,2)
  Радиовышка B2 (z=2): видит 1 врагов  → Радиовышка A2(5,2,2)
  Радиовышка C2 (z=5): слой чист

--- Решения ботов ---
  [Team A] Радиовышка A2 (5,2,2) → MOVE (4,1,2)
  [Team A] Прыгун A3 (5,3,3) → MOVE (3,1,2)
  [Team A] Факел A4 (6,1,3) → MOVE (5,1,3)
  [Team A] Тишина A5 (6,6,3) → MOVE (6,7,3)
  [Team A] Бурав A6 (6,4,3) → MOVE (5,3,2)
  [Team B] Радиовышка B2 (3,8,2) → MOVE (2,9,3)
  [Team B] Прыгун B3 (3,1,2) → MOVE (5,3,3)
  [Team B] Факел B4 (2,3,1) → MOVE (2,2,1)
  [Team B] Тишина B5 (2,7,1) → MOVE (3,6,2)
  [Team B] Бурав B6 (2,4,1) → MOVE (3,3,2)
  [Team B] Провокатор B7 (2,6,1) → HOLOGRAM (3,5,2)
  [Team B] Паук B8 (2,1,1) → MINE (3,2,2)
  [Team C] Артиллерия C1 (1,9,5) → SHOOT at (2,6,1)
  [Team C] Радиовышка C2 (4,9,5) → MOVE (3,8,4)
  [Team C] Прыгун C3 (6,7,3) → SHOOT at (6,4,3)
  [Team C] Тишина C5 (7,9,5) → MOVE (6,8,4)
  [Team C] Бурав C6 (6,9,3) → MOVE (5,8,2)
  [Team C] Провокатор C7 (9,9,5) → HOLOGRAM (8,8,4)
  [Team C] Паук C8 (2,9,5) → MINE (3,8,5)
  [Team C] Факел C4 → SKIP
! 🎮 GM: принудительно завершает фазу планирования
GM: end_planning
# 
============================================================
# 🔄 ОБРАБОТКА ХОДА 2
# ============================================================
   🌀 Тишина A5: фаза спала (действовала 1 ход)
   🌀 Тишина B5: фаза спала (действовала 1 ход)
   🌀 Тишина C5: фаза спала (действовала 1 ход)
   🪞 Провокатор B7 создал голограмму H4 в (3,5,2)
!    ⚠️ Провокатор C7: клетка (8,8,4) уже занята голограммой
!    ⚠️ Паук B8: в клетке уже стоит мина
   💣 Паук C8 установил мину M4 в (3,8,5)

📦 ПЕРЕМЕЩЕНИЯ:
   Радиовышка A2: (5, 2, 2) → (4,1,2)
✓    💥 Прыгун A3 тараном уничтожил Прыгун B3 в (3,1,2)
   Прыгун A3: (5, 3, 3) → (3,1,2)
   Факел A4: (6, 1, 3) → (5,1,3)
!    ⚠️ Тишина A5: клетка (6,7,3) занята
!    ⚠️ Бурав A6: Бурав двигается только по 1 оси или по 2 осям строго диагонально
   Радиовышка B2: (3, 8, 2) → (2,9,3)
   Факел B4: (2, 3, 1) → (2,2,1)
   Тишина B5: (2, 7, 1) → (3,6,2)
!    ⚠️ Бурав B6: Бурав двигается только по 1 оси или по 2 осям строго диагонально
   Радиовышка C2: (4, 9, 5) → (3,8,4)
   Тишина C5: (7, 9, 5) → (6,8,4)
!    💥 Мина M1 сработала под Тишина C5 (урон 2) — КОРАБЛЬ УНИЧТОЖЕН
!    ⚠️ Бурав C6: Бурав двигается только по 1 оси или по 2 осям строго диагонально

🎯 ВЫСТРЕЛЫ:
✓    ✅ Артиллерия C1 поразил Провокатор B7 (2 урона)!
✓    ✅ Прыгун C3 поразил Тишина A5 (1 урона)!
   Выпущено ракет: 2
# 
📊 РЕЗУЛЬТАТЫ ХОДА 2:
✓ 💥 ПОПАДАНИЯ:
✓    Артиллерия C1 (Team C) → Провокатор B7 (Team B)
✓    Прыгун C3 (Team C) → Тишина A5 (Team A)

--- Результаты хода ---
  Team A / Прыгун A3          → Team B / Прыгун B3          @ (3,1,2)  (УБИТ)
  ? / ?                  → Team C / Тишина C5          @ (6,8,4)  (УБИТ)
  Team C / Артиллерия C1      → Team B / Провокатор B7      @ (2,6,1)  (УБИТ)
  Team C / Прыгун C3          → Team A / Тишина A5          @ (6,6,3)  (ранен)

--- Состояние команд после хода ---
  Team A: живых 5/8
    ✓ Радиовышка A2      @ (4,1,2) hp=3/3
    ✓ Прыгун A3          @ (3,1,2) hp=2/2
    ✓ Факел A4           @ (5,1,3) hp=6/6
    ✓ Тишина A5          @ (6,6,3) hp=1/2
    ✓ Бурав A6           @ (6,4,3) hp=4/4
    ✗ Артиллерия A1      @ (6,5,3) [уничтожен]
    ✗ Провокатор A7      @ (6,7,3) [уничтожен]
    ✗ Паук A8            @ (6,9,3) [уничтожен]
  Team B: живых 5/8
    ✓ Радиовышка B2      @ (2,9,3) hp=3/3
    ✓ Факел B4           @ (2,2,1) hp=6/6
    ✓ Тишина B5          @ (3,6,2) hp=2/2
    ✓ Бурав B6           @ (2,4,1) hp=4/4
    ✓ Паук B8            @ (2,1,1) hp=1/1
    ✗ Артиллерия B1      @ (2,2,1) [уничтожен]
    ✗ Прыгун B3          @ (3,1,2) [уничтожен]
    ✗ Провокатор B7      @ (2,6,1) [уничтожен]
  Team C: живых 7/8
    ✓ Артиллерия C1      @ (1,9,5) hp=1/1
    ✓ Радиовышка C2      @ (3,8,4) hp=3/3
    ✓ Прыгун C3          @ (6,7,3) hp=2/2
    ✓ Факел C4           @ (0,9,5) hp=6/6
    ✓ Бурав C6           @ (6,9,3) hp=4/4
    ✓ Провокатор C7      @ (9,9,5) hp=2/2
    ✓ Паук C8            @ (2,9,5) hp=1/1
    ✗ Тишина C5          @ (6,8,4) [уничтожен]

======================================================================
ХОД 3
======================================================================
✓ 🎮 GM: начинаем ход
GM: start_turn

--- Радиовышки: сканирование слоя Z ---
  Радиовышка A2 (z=2): видит 1 врагов  → Тишина B5(3,6,2)
  Радиовышка B2 (z=3): видит 5 врагов  → Факел A4(5,1,3), Бурав A6(6,4,3), Тишина A5(6,6,3), Прыгун C3(6,7,3), Бурав C6(6,9,3)
  Радиовышка C2 (z=4): слой чист

--- Решения ботов ---
  [Team A] Радиовышка A2 (4,1,2) → MOVE (3,2,1)
  [Team A] Прыгун A3 (3,1,2) → MOVE (2,2,1)
  [Team A] Факел A4 (5,1,3) → MOVE (6,2,3)
  [Team A] Тишина A5 (6,6,3) → MOVE (6,7,3)
  [Team A] Бурав A6 (6,4,3) → MOVE (5,5,2)
  [Team B] Радиовышка B2 (2,9,3) → MOVE (3,8,4)
  [Team B] Факел B4 (2,2,1) → MOVE (2,3,1)
  [Team B] Тишина B5 (3,6,2) → MOVE (3,7,3)
  [Team B] Бурав B6 (2,4,1) → MOVE (3,3,2)
  [Team B] Паук B8 (2,1,1) → MINE (3,2,1)
  [Team C] Артиллерия C1 (1,9,5) → SHOOT at (6,6,3)
  [Team C] Радиовышка C2 (3,8,4) → MOVE (2,9,3)
  [Team C] Прыгун C3 (6,7,3) → MOVE (6,6,3)
  [Team C] Факел C4 (0,9,5) → MOVE (1,8,4)
  [Team C] Бурав C6 (6,9,3) → MOVE (6,8,3)
  [Team C] Провокатор C7 (9,9,5) → HOLOGRAM (8,8,4)
  [Team C] Паук C8 (2,9,5) → MINE (2,9,4)
! 🎮 GM: принудительно завершает фазу планирования
GM: end_planning
# 
============================================================
# 🔄 ОБРАБОТКА ХОДА 3
# ============================================================
!    ⚠️ Провокатор C7: клетка (8,8,4) уже занята голограммой
   💣 Паук B8 установил мину M5 в (3,2,1)
   💣 Паук C8 установил мину M6 в (2,9,4)

📦 ПЕРЕМЕЩЕНИЯ:
   Радиовышка A2: (4, 1, 2) → (3,2,1)
!    💥 Мина M5 сработала под Радиовышка A2 (урон 2)
✓    💥 Прыгун A3 тараном уничтожил Факел B4 в (2,2,1)
   Прыгун A3: (3, 1, 2) → (2,2,1)
   Факел A4: (5, 1, 3) → (6,2,3)
!    ⚠️ Тишина A5: клетка (6,7,3) занята
!    ⚠️ Бурав A6: Бурав двигается только по 1 оси или по 2 осям строго диагонально
!    ⚠️ Радиовышка B2: клетка (3,8,4) занята
   Тишина B5: (3, 6, 2) → (3,7,3)
!    ⚠️ Бурав B6: Бурав двигается только по 1 оси или по 2 осям строго диагонально
!    ⚠️ Радиовышка C2: клетка (2,9,3) занята
✓    💥 Прыгун C3 тараном уничтожил Тишина A5 в (6,6,3)
   Прыгун C3: (6, 7, 3) → (6,6,3)
   Факел C4: (0, 9, 5) → (1,8,4)
   Бурав C6: (6, 9, 3) → (6,8,3)

🎯 ВЫСТРЕЛЫ:
   Выпущено ракет: 1
# 
📊 РЕЗУЛЬТАТЫ ХОДА 3:
🎯 Попаданий нет

--- Результаты хода ---
  ? / ?                  → Team A / Радиовышка A2      @ (3,2,1)  (ранен)
  Team A / Прыгун A3          → Team B / Факел B4           @ (2,2,1)  (УБИТ)
  Team C / Прыгун C3          → Team A / Тишина A5          @ (6,6,3)  (УБИТ)

--- Состояние команд после хода ---
  Team A: живых 4/8
    ✓ Радиовышка A2      @ (3,2,1) hp=1/3
    ✓ Прыгун A3          @ (2,2,1) hp=2/2
    ✓ Факел A4           @ (6,2,3) hp=6/6
    ✓ Бурав A6           @ (6,4,3) hp=4/4
    ✗ Артиллерия A1      @ (6,5,3) [уничтожен]
    ✗ Тишина A5          @ (6,6,3) [уничтожен]
    ✗ Провокатор A7      @ (6,7,3) [уничтожен]
    ✗ Паук A8            @ (6,9,3) [уничтожен]
  Team B: живых 4/8
    ✓ Радиовышка B2      @ (2,9,3) hp=3/3
    ✓ Тишина B5          @ (3,7,3) hp=2/2
    ✓ Бурав B6           @ (2,4,1) hp=4/4
    ✓ Паук B8            @ (2,1,1) hp=1/1
    ✗ Артиллерия B1      @ (2,2,1) [уничтожен]
    ✗ Прыгун B3          @ (3,1,2) [уничтожен]
    ✗ Факел B4           @ (2,2,1) [уничтожен]
    ✗ Провокатор B7      @ (2,6,1) [уничтожен]
  Team C: живых 7/8
    ✓ Артиллерия C1      @ (1,9,5) hp=1/1
    ✓ Радиовышка C2      @ (3,8,4) hp=3/3
    ✓ Прыгун C3          @ (6,6,3) hp=2/2
    ✓ Факел C4           @ (1,8,4) hp=6/6
    ✓ Бурав C6           @ (6,8,3) hp=4/4
    ✓ Провокатор C7      @ (9,9,5) hp=2/2
    ✓ Паук C8            @ (2,9,5) hp=1/1
    ✗ Тишина C5          @ (6,8,4) [уничтожен]

======================================================================
ХОД 4
======================================================================
✓ 🎮 GM: начинаем ход
GM: start_turn

--- Радиовышки: сканирование слоя Z ---
  Радиовышка A2 (z=1): видит 2 врагов  → Паук B8(2,1,1), Бурав B6(2,4,1)
  Радиовышка B2 (z=3): видит 4 врагов  → Факел A4(6,2,3), Бурав A6(6,4,3), Прыгун C3(6,6,3), Бурав C6(6,8,3)
  Радиовышка C2 (z=4): слой чист

--- Решения ботов ---
  [Team A] Радиовышка A2 (3,2,1) → MOVE (2,1,1)
  [Team A] Прыгун A3 (2,2,1) → MOVE (2,4,1)
  [Team A] Факел A4 (6,2,3) → SHOOT at (6,6,3)
  [Team A] Бурав A6 (6,4,3) → MOVE (6,6,3)
  [Team B] Радиовышка B2 (2,9,3) → MOVE (3,8,4)
  [Team B] Тишина B5 (3,7,3) → MOVE (3,7,4)
  [Team B] Бурав B6 (2,4,1) → MOVE (2,2,1)
  [Team B] Паук B8 (2,1,1) → MINE (3,2,1)
  [Team C] Артиллерия C1 (1,9,5) → SHOOT at (3,2,1)
  [Team C] Радиовышка C2 (3,8,4) → MOVE (2,9,3)
  [Team C] Прыгун C3 (6,6,3) → MOVE (6,4,3)
  [Team C] Факел C4 (1,8,4) → MOVE (2,8,4)
  [Team C] Бурав C6 (6,8,3) → MOVE (5,7,3)
  [Team C] Провокатор C7 (9,9,5) → HOLOGRAM (8,8,4)
  [Team C] Паук C8 (2,9,5) → MINE (2,9,4)
! 🎮 GM: принудительно завершает фазу планирования
GM: end_planning
# 
============================================================
# 🔄 ОБРАБОТКА ХОДА 4
# ============================================================
!    ⚠️ Провокатор C7: клетка (8,8,4) уже занята голограммой
!    ⚠️ Паук B8: клетка (3,2,1) занята кораблём
!    ⚠️ Паук C8: в клетке уже стоит мина

📦 ПЕРЕМЕЩЕНИЯ:
!    ⚠️ Радиовышка A2: клетка (2,1,1) занята
✓    💥 Прыгун A3 тараном уничтожил Бурав B6 в (2,4,1)
   Прыгун A3: (2, 2, 1) → (2,4,1)
✓    💥 Бурав A6 тараном уничтожил Прыгун C3 в (6,6,3)
   Бурав A6: (6, 4, 3) → (6,6,3)
!    ⚠️ Радиовышка B2: клетка (3,8,4) занята
   Тишина B5: (3, 7, 3) → (3,7,4)
!    ⚠️ Радиовышка C2: клетка (2,9,3) занята
   Факел C4: (1, 8, 4) → (2,8,4)
   Бурав C6: (6, 8, 3) → (5,7,3)

🎯 ВЫСТРЕЛЫ:
!    🛡️ Выстрел Факел A4 заблокирован союзником Бурав A6 в (6, 6, 3)
✓    ✅ Артиллерия C1 поразил Радиовышка A2 (2 урона)!
   Выпущено ракет: 2
# 
📊 РЕЗУЛЬТАТЫ ХОДА 4:
✓ 💥 ПОПАДАНИЯ:
✓    Артиллерия C1 (Team C) → Радиовышка A2 (Team A)

--- Результаты хода ---
  Team A / Прыгун A3          → Team B / Бурав B6           @ (2,4,1)  (УБИТ)
  Team A / Бурав A6           → Team C / Прыгун C3          @ (6,6,3)  (УБИТ)
  Team C / Артиллерия C1      → Team A / Радиовышка A2      @ (3,2,1)  (УБИТ)

--- Состояние команд после хода ---
  Team A: живых 3/8
    ✓ Прыгун A3          @ (2,4,1) hp=2/2
    ✓ Факел A4           @ (6,2,3) hp=6/6
    ✓ Бурав A6           @ (6,6,3) hp=4/4
    ✗ Артиллерия A1      @ (6,5,3) [уничтожен]
    ✗ Радиовышка A2      @ (3,2,1) [уничтожен]
    ✗ Тишина A5          @ (6,6,3) [уничтожен]
    ✗ Провокатор A7      @ (6,7,3) [уничтожен]
    ✗ Паук A8            @ (6,9,3) [уничтожен]
  Team B: живых 3/8
    ✓ Радиовышка B2      @ (2,9,3) hp=3/3
    ✓ Тишина B5          @ (3,7,4) hp=2/2
    ✓ Паук B8            @ (2,1,1) hp=1/1
    ✗ Артиллерия B1      @ (2,2,1) [уничтожен]
    ✗ Прыгун B3          @ (3,1,2) [уничтожен]
    ✗ Факел B4           @ (2,2,1) [уничтожен]
    ✗ Бурав B6           @ (2,4,1) [уничтожен]
    ✗ Провокатор B7      @ (2,6,1) [уничтожен]
  Team C: живых 6/8
    ✓ Артиллерия C1      @ (1,9,5) hp=1/1
    ✓ Радиовышка C2      @ (3,8,4) hp=3/3
    ✓ Факел C4           @ (2,8,4) hp=6/6
    ✓ Бурав C6           @ (5,7,3) hp=4/4
    ✓ Провокатор C7      @ (9,9,5) hp=2/2
    ✓ Паук C8            @ (2,9,5) hp=1/1
    ✗ Прыгун C3          @ (6,6,3) [уничтожен]
    ✗ Тишина C5          @ (6,8,4) [уничтожен]

======================================================================
ХОД 5
======================================================================
✓ 🎮 GM: начинаем ход
GM: start_turn

--- Радиовышки: сканирование слоя Z ---
  Радиовышка B2 (z=3): видит 3 врагов  → Факел A4(6,2,3), Бурав A6(6,6,3), Бурав C6(5,7,3)
  Радиовышка C2 (z=4): видит 1 врагов  → Тишина B5(3,7,4)

--- Решения ботов ---
  [Team A] Прыгун A3 (2,4,1) → SHOOT at (2,1,1)
  [Team A] Факел A4 (6,2,3) → MOVE (5,3,2)
  [Team A] Бурав A6 (6,6,3) → MOVE (5,7,3)
  [Team B] Радиовышка B2 (2,9,3) → MOVE (3,8,4)
  [Team B] Тишина B5 (3,7,4) → PHASE toggle
  [Team B] Паук B8 (2,1,1) → MINE (2,2,1)
  [Team C] Артиллерия C1 (1,9,5) → SHOOT at (2,4,1)
  [Team C] Радиовышка C2 (3,8,4) → MOVE (2,9,3)
  [Team C] Бурав C6 (5,7,3) → MOVE (6,6,3)
  [Team C] Провокатор C7 (9,9,5) → HOLOGRAM (8,8,4)
  [Team C] Паук C8 (2,9,5) → MINE (2,9,4)
  [Team C] Факел C4 → SKIP
! 🎮 GM: принудительно завершает фазу планирования
GM: end_planning
# 
============================================================
# 🔄 ОБРАБОТКА ХОДА 5
# ============================================================
   🌀 Тишина B5: уходит в фазу на 1 ход
!    ⚠️ Провокатор C7: клетка (8,8,4) уже занята голограммой
   💣 Паук B8 установил мину M7 в (2,2,1)
!    ⚠️ Паук C8: в клетке уже стоит мина

📦 ПЕРЕМЕЩЕНИЯ:
   Факел A4: (6, 2, 3) → (5,3,2)
✓    💥 Бурав A6 тараном уничтожил Бурав C6 в (5,7,3)
   Бурав A6: (6, 6, 3) → (5,7,3)
!    ⚠️ Радиовышка B2: клетка (3,8,4) занята
!    ⚠️ Радиовышка C2: клетка (2,9,3) занята

🎯 ВЫСТРЕЛЫ:
✓    ✅ Прыгун A3 поразил Паук B8 (1 урона)!
✓    ✅ Артиллерия C1 поразил Прыгун A3 (2 урона)!
   Выпущено ракет: 2
# 
📊 РЕЗУЛЬТАТЫ ХОДА 5:
✓ 💥 ПОПАДАНИЯ:
✓    Прыгун A3 (Team A) → Паук B8 (Team B)
✓    Артиллерия C1 (Team C) → Прыгун A3 (Team A)

--- Результаты хода ---
  Team A / Бурав A6           → Team C / Бурав C6           @ (5,7,3)  (УБИТ)
  Team A / Прыгун A3          → Team B / Паук B8            @ (2,1,1)  (УБИТ)
  Team C / Артиллерия C1      → Team A / Прыгун A3          @ (2,4,1)  (УБИТ)

--- Состояние команд после хода ---
  Team A: живых 2/8
    ✓ Факел A4           @ (5,3,2) hp=6/6
    ✓ Бурав A6           @ (5,7,3) hp=4/4
    ✗ Артиллерия A1      @ (6,5,3) [уничтожен]
    ✗ Радиовышка A2      @ (3,2,1) [уничтожен]
    ✗ Прыгун A3          @ (2,4,1) [уничтожен]
    ✗ Тишина A5          @ (6,6,3) [уничтожен]
    ✗ Провокатор A7      @ (6,7,3) [уничтожен]
    ✗ Паук A8            @ (6,9,3) [уничтожен]
  Team B: живых 2/8
    ✓ Радиовышка B2      @ (2,9,3) hp=3/3
    ✓ Тишина B5          @ (3,7,4) hp=2/2
    ✗ Артиллерия B1      @ (2,2,1) [уничтожен]
    ✗ Прыгун B3          @ (3,1,2) [уничтожен]
    ✗ Факел B4           @ (2,2,1) [уничтожен]
    ✗ Бурав B6           @ (2,4,1) [уничтожен]
    ✗ Провокатор B7      @ (2,6,1) [уничтожен]
    ✗ Паук B8            @ (2,1,1) [уничтожен]
  Team C: живых 5/8
    ✓ Артиллерия C1      @ (1,9,5) hp=1/1
    ✓ Радиовышка C2      @ (3,8,4) hp=3/3
    ✓ Факел C4           @ (2,8,4) hp=6/6
    ✓ Провокатор C7      @ (9,9,5) hp=2/2
    ✓ Паук C8            @ (2,9,5) hp=1/1
    ✗ Прыгун C3          @ (6,6,3) [уничтожен]
    ✗ Тишина C5          @ (6,8,4) [уничтожен]
    ✗ Бурав C6           @ (5,7,3) [уничтожен]

======================================================================
ХОД 6
======================================================================
✓ 🎮 GM: начинаем ход
GM: start_turn

--- Радиовышки: сканирование слоя Z ---
  Радиовышка B2 (z=3): видит 1 врагов  → Бурав A6(5,7,3)
  Радиовышка C2 (z=4): слой чист

--- Решения ботов ---
  [Team A] Факел A4 (5,3,2) → MOVE (5,4,3)
  [Team A] Бурав A6 (5,7,3) → MOVE (4,8,4)
  [Team B] Радиовышка B2 (2,9,3) → MOVE (3,8,4)
  [Team B] Тишина B5 → SKIP
  [Team C] Артиллерия C1 (1,9,5) → SHOOT at (2,9,3)
  [Team C] Радиовышка C2 (3,8,4) → MOVE (2,9,3)
  [Team C] Провокатор C7 (9,9,5) → HOLOGRAM (8,8,4)
  [Team C] Паук C8 (2,9,5) → MINE (2,9,4)
  [Team C] Факел C4 → SKIP
! 🎮 GM: принудительно завершает фазу планирования
GM: end_planning
# 
============================================================
# 🔄 ОБРАБОТКА ХОДА 6
# ============================================================
   🌀 Тишина B5: фаза спала (действовала 1 ход)
!    ⚠️ Провокатор C7: клетка (8,8,4) уже занята голограммой
!    ⚠️ Паук C8: в клетке уже стоит мина

📦 ПЕРЕМЕЩЕНИЯ:
   Факел A4: (5, 3, 2) → (5,4,3)
!    ⚠️ Бурав A6: Бурав двигается только по 1 оси или по 2 осям строго диагонально
!    ⚠️ Радиовышка B2: клетка (3,8,4) занята
!    ⚠️ Радиовышка C2: клетка (2,9,3) занята

🎯 ВЫСТРЕЛЫ:
✓    ✅ Артиллерия C1 поразил Радиовышка B2 (2 урона)!
   Выпущено ракет: 1
# 
📊 РЕЗУЛЬТАТЫ ХОДА 6:
✓ 💥 ПОПАДАНИЯ:
✓    Артиллерия C1 (Team C) → Радиовышка B2 (Team B)

--- Результаты хода ---
  Team C / Артиллерия C1      → Team B / Радиовышка B2      @ (2,9,3)  (ранен)

--- Состояние команд после хода ---
  Team A: живых 2/8
    ✓ Факел A4           @ (5,4,3) hp=6/6
    ✓ Бурав A6           @ (5,7,3) hp=4/4
    ✗ Артиллерия A1      @ (6,5,3) [уничтожен]
    ✗ Радиовышка A2      @ (3,2,1) [уничтожен]
    ✗ Прыгун A3          @ (2,4,1) [уничтожен]
    ✗ Тишина A5          @ (6,6,3) [уничтожен]
    ✗ Провокатор A7      @ (6,7,3) [уничтожен]
    ✗ Паук A8            @ (6,9,3) [уничтожен]
  Team B: живых 2/8
    ✓ Радиовышка B2      @ (2,9,3) hp=1/3
    ✓ Тишина B5          @ (3,7,4) hp=2/2
    ✗ Артиллерия B1      @ (2,2,1) [уничтожен]
    ✗ Прыгун B3          @ (3,1,2) [уничтожен]
    ✗ Факел B4           @ (2,2,1) [уничтожен]
    ✗ Бурав B6           @ (2,4,1) [уничтожен]
    ✗ Провокатор B7      @ (2,6,1) [уничтожен]
    ✗ Паук B8            @ (2,1,1) [уничтожен]
  Team C: живых 5/8
    ✓ Артиллерия C1      @ (1,9,5) hp=1/1
    ✓ Радиовышка C2      @ (3,8,4) hp=3/3
    ✓ Факел C4           @ (2,8,4) hp=6/6
    ✓ Провокатор C7      @ (9,9,5) hp=2/2
    ✓ Паук C8            @ (2,9,5) hp=1/1
    ✗ Прыгун C3          @ (6,6,3) [уничтожен]
    ✗ Тишина C5          @ (6,8,4) [уничтожен]
    ✗ Бурав C6           @ (5,7,3) [уничтожен]

======================================================================
ХОД 7
======================================================================
✓ 🎮 GM: начинаем ход
GM: start_turn

--- Радиовышки: сканирование слоя Z ---
  Радиовышка B2 (z=3): видит 2 врагов  → Факел A4(5,4,3), Бурав A6(5,7,3)
  Радиовышка C2 (z=4): видит 1 врагов  → Тишина B5(3,7,4)

--- Решения ботов ---
  [Team A] Факел A4 (5,4,3) → MOVE (5,5,3)
  [Team A] Бурав A6 (5,7,3) → MOVE (4,7,4)
  [Team B] Радиовышка B2 (2,9,3) → MOVE (3,8,4)
  [Team B] Тишина B5 → SKIP
  [Team C] Артиллерия C1 (1,9,5) → SHOOT at (2,9,3)
  [Team C] Радиовышка C2 (3,8,4) → MOVE (2,9,3)
  [Team C] Провокатор C7 (9,9,5) → HOLOGRAM (8,8,4)
  [Team C] Паук C8 (2,9,5) → MINE (2,9,4)
  [Team C] Факел C4 → SKIP
! 🎮 GM: принудительно завершает фазу планирования
GM: end_planning
# 
============================================================
# 🔄 ОБРАБОТКА ХОДА 7
# ============================================================
!    ⚠️ Провокатор C7: клетка (8,8,4) уже занята голограммой
!    ⚠️ Паук C8: в клетке уже стоит мина

📦 ПЕРЕМЕЩЕНИЯ:
   Факел A4: (5, 4, 3) → (5,5,3)
   Бурав A6: (5, 7, 3) → (4,7,4)
!    ⚠️ Радиовышка B2: клетка (3,8,4) занята
!    ⚠️ Радиовышка C2: клетка (2,9,3) занята

🎯 ВЫСТРЕЛЫ:
✓    ✅ Артиллерия C1 поразил Радиовышка B2 (2 урона)!
   Выпущено ракет: 1
# 
📊 РЕЗУЛЬТАТЫ ХОДА 7:
✓ 💥 ПОПАДАНИЯ:
✓    Артиллерия C1 (Team C) → Радиовышка B2 (Team B)

--- Результаты хода ---
  Team C / Артиллерия C1      → Team B / Радиовышка B2      @ (2,9,3)  (УБИТ)

--- Состояние команд после хода ---
  Team A: живых 2/8
    ✓ Факел A4           @ (5,5,3) hp=6/6
    ✓ Бурав A6           @ (4,7,4) hp=4/4
    ✗ Артиллерия A1      @ (6,5,3) [уничтожен]
    ✗ Радиовышка A2      @ (3,2,1) [уничтожен]
    ✗ Прыгун A3          @ (2,4,1) [уничтожен]
    ✗ Тишина A5          @ (6,6,3) [уничтожен]
    ✗ Провокатор A7      @ (6,7,3) [уничтожен]
    ✗ Паук A8            @ (6,9,3) [уничтожен]
  Team B: живых 1/8
    ✓ Тишина B5          @ (3,7,4) hp=2/2
    ✗ Артиллерия B1      @ (2,2,1) [уничтожен]
    ✗ Радиовышка B2      @ (2,9,3) [уничтожен]
    ✗ Прыгун B3          @ (3,1,2) [уничтожен]
    ✗ Факел B4           @ (2,2,1) [уничтожен]
    ✗ Бурав B6           @ (2,4,1) [уничтожен]
    ✗ Провокатор B7      @ (2,6,1) [уничтожен]
    ✗ Паук B8            @ (2,1,1) [уничтожен]
  Team C: живых 5/8
    ✓ Артиллерия C1      @ (1,9,5) hp=1/1
    ✓ Радиовышка C2      @ (3,8,4) hp=3/3
    ✓ Факел C4           @ (2,8,4) hp=6/6
    ✓ Провокатор C7      @ (9,9,5) hp=2/2
    ✓ Паук C8            @ (2,9,5) hp=1/1
    ✗ Прыгун C3          @ (6,6,3) [уничтожен]
    ✗ Тишина C5          @ (6,8,4) [уничтожен]
    ✗ Бурав C6           @ (5,7,3) [уничтожен]

======================================================================
ХОД 8
======================================================================
✓ 🎮 GM: начинаем ход
GM: start_turn

--- Радиовышки: сканирование слоя Z ---
  Радиовышка C2 (z=4): видит 2 врагов  → Бурав A6(4,7,4), Тишина B5(3,7,4)

--- Решения ботов ---
  [Team A] Факел A4 (5,5,3) → MOVE (4,6,4)
  [Team A] Бурав A6 (4,7,4) → MOVE (3,8,4)
  [Team B] Тишина B5 (3,7,4) → MOVE (4,7,4)
  [Team C] Артиллерия C1 (1,9,5) → SHOOT at (3,7,4)
  [Team C] Радиовышка C2 (3,8,4) → MOVE (4,7,4)
  [Team C] Провокатор C7 (9,9,5) → HOLOGRAM (8,8,4)
  [Team C] Паук C8 (2,9,5) → MINE (3,9,4)
  [Team C] Факел C4 → SKIP
! 🎮 GM: принудительно завершает фазу планирования
GM: end_planning
# 
============================================================
# 🔄 ОБРАБОТКА ХОДА 8
# ============================================================
!    ⚠️ Провокатор C7: клетка (8,8,4) уже занята голограммой
   💣 Паук C8 установил мину M8 в (3,9,4)

📦 ПЕРЕМЕЩЕНИЯ:
   Факел A4: (5, 5, 3) → (4,6,4)
✓    💥 Бурав A6 тараном уничтожил Радиовышка C2 в (3,8,4)
   Бурав A6: (4, 7, 4) → (3,8,4)
!    💥 Мина M3 сработала под Бурав A6 (урон 2)
   Тишина B5: (3, 7, 4) → (4,7,4)

🎯 ВЫСТРЕЛЫ:
   Выпущено ракет: 1
# 
📊 РЕЗУЛЬТАТЫ ХОДА 8:
🎯 Попаданий нет

--- Результаты хода ---
  Team A / Бурав A6           → Team C / Радиовышка C2      @ (3,8,4)  (УБИТ)
  ? / ?                  → Team A / Бурав A6           @ (3,8,4)  (ранен)

--- Состояние команд после хода ---
  Team A: живых 2/8
    ✓ Факел A4           @ (4,6,4) hp=6/6
    ✓ Бурав A6           @ (3,8,4) hp=2/4
    ✗ Артиллерия A1      @ (6,5,3) [уничтожен]
    ✗ Радиовышка A2      @ (3,2,1) [уничтожен]
    ✗ Прыгун A3          @ (2,4,1) [уничтожен]
    ✗ Тишина A5          @ (6,6,3) [уничтожен]
    ✗ Провокатор A7      @ (6,7,3) [уничтожен]
    ✗ Паук A8            @ (6,9,3) [уничтожен]
  Team B: живых 1/8
    ✓ Тишина B5          @ (4,7,4) hp=2/2
    ✗ Артиллерия B1      @ (2,2,1) [уничтожен]
    ✗ Радиовышка B2      @ (2,9,3) [уничтожен]
    ✗ Прыгун B3          @ (3,1,2) [уничтожен]
    ✗ Факел B4           @ (2,2,1) [уничтожен]
    ✗ Бурав B6           @ (2,4,1) [уничтожен]
    ✗ Провокатор B7      @ (2,6,1) [уничтожен]
    ✗ Паук B8            @ (2,1,1) [уничтожен]
  Team C: живых 4/8
    ✓ Артиллерия C1      @ (1,9,5) hp=1/1
    ✓ Факел C4           @ (2,8,4) hp=6/6
    ✓ Провокатор C7      @ (9,9,5) hp=2/2
    ✓ Паук C8            @ (2,9,5) hp=1/1
    ✗ Радиовышка C2      @ (3,8,4) [уничтожен]
    ✗ Прыгун C3          @ (6,6,3) [уничтожен]
    ✗ Тишина C5          @ (6,8,4) [уничтожен]
    ✗ Бурав C6           @ (5,7,3) [уничтожен]

======================================================================
ХОД 9
======================================================================
✓ 🎮 GM: начинаем ход
GM: start_turn

--- Радиовышки: сканирование слоя Z ---
  (у команд не осталось живых радиовышек)

--- Решения ботов ---
  [Team A] Факел A4 (4,6,4) → HEAL (AoE)
  [Team A] Бурав A6 (3,8,4) → MOVE (2,8,4)
  [Team B] Тишина B5 (4,7,4) → PHASE toggle
  [Team C] Артиллерия C1 (1,9,5) → SHOOT at (3,8,4)
  [Team C] Факел C4 (2,8,4) → SHOOT at (3,8,4)
  [Team C] Провокатор C7 (9,9,5) → HOLOGRAM (8,8,4)
  [Team C] Паук C8 (2,9,5) → MINE (3,8,4)
! 🎮 GM: принудительно завершает фазу планирования
GM: end_planning
# 
============================================================
# 🔄 ОБРАБОТКА ХОДА 9
# ============================================================
   🌀 Тишина B5: уходит в фазу на 1 ход
!    ⚠️ Провокатор C7: клетка (8,8,4) уже занята голограммой
!    ⚠️ Паук C8: клетка (3,8,4) занята кораблём

📦 ПЕРЕМЕЩЕНИЯ:
✓    💥 Бурав A6 тараном уничтожил Факел C4 в (2,8,4)
   Бурав A6: (3, 8, 4) → (2,8,4)

🎯 ВЫСТРЕЛЫ:
✓    💚 Факел A4 лечит Бурав A6 → hits=1/4
   Выпущено ракет: 1
# 
📊 РЕЗУЛЬТАТЫ ХОДА 9:
🎯 Попаданий нет

--- Результаты хода ---
  Team A / Бурав A6           → Team C / Факел C4           @ (2,8,4)  (УБИТ)

--- Состояние команд после хода ---
  Team A: живых 2/8
    ✓ Факел A4           @ (4,6,4) hp=6/6
    ✓ Бурав A6           @ (2,8,4) hp=3/4
    ✗ Артиллерия A1      @ (6,5,3) [уничтожен]
    ✗ Радиовышка A2      @ (3,2,1) [уничтожен]
    ✗ Прыгун A3          @ (2,4,1) [уничтожен]
    ✗ Тишина A5          @ (6,6,3) [уничтожен]
    ✗ Провокатор A7      @ (6,7,3) [уничтожен]
    ✗ Паук A8            @ (6,9,3) [уничтожен]
  Team B: живых 1/8
    ✓ Тишина B5          @ (4,7,4) hp=2/2
    ✗ Артиллерия B1      @ (2,2,1) [уничтожен]
    ✗ Радиовышка B2      @ (2,9,3) [уничтожен]
    ✗ Прыгун B3          @ (3,1,2) [уничтожен]
    ✗ Факел B4           @ (2,2,1) [уничтожен]
    ✗ Бурав B6           @ (2,4,1) [уничтожен]
    ✗ Провокатор B7      @ (2,6,1) [уничтожен]
    ✗ Паук B8            @ (2,1,1) [уничтожен]
  Team C: живых 3/8
    ✓ Артиллерия C1      @ (1,9,5) hp=1/1
    ✓ Провокатор C7      @ (9,9,5) hp=2/2
    ✓ Паук C8            @ (2,9,5) hp=1/1
    ✗ Радиовышка C2      @ (3,8,4) [уничтожен]
    ✗ Прыгун C3          @ (6,6,3) [уничтожен]
    ✗ Факел C4           @ (2,8,4) [уничтожен]
    ✗ Тишина C5          @ (6,8,4) [уничтожен]
    ✗ Бурав C6           @ (5,7,3) [уничтожен]

======================================================================
ХОД 10
======================================================================
✓ 🎮 GM: начинаем ход
GM: start_turn

--- Радиовышки: сканирование слоя Z ---
  (у команд не осталось живых радиовышек)

--- Решения ботов ---
  [Team A] Факел A4 (4,6,4) → HEAL (AoE)
  [Team A] Бурав A6 (2,8,4) → MOVE (2,9,5)
  [Team B] Тишина B5 (4,7,4) → MOVE (4,6,4)
  [Team C] Артиллерия C1 (1,9,5) → SHOOT at (4,6,4)
  [Team C] Провокатор C7 (9,9,5) → HOLOGRAM (8,8,4)
  [Team C] Паук C8 (2,9,5) → MINE (2,8,4)
! 🎮 GM: принудительно завершает фазу планирования
GM: end_planning
# 
============================================================
# 🔄 ОБРАБОТКА ХОДА 10
# ============================================================
   🌀 Тишина B5: фаза спала (действовала 1 ход)
!    ⚠️ Провокатор C7: клетка (8,8,4) уже занята голограммой
!    ⚠️ Паук C8: клетка (2,8,4) занята кораблём

📦 ПЕРЕМЕЩЕНИЯ:
✓    💥 Бурав A6 тараном уничтожил Паук C8 в (2,9,5)
   Бурав A6: (2, 8, 4) → (2,9,5)
!    ⚠️ Тишина B5: клетка (4,6,4) занята

🎯 ВЫСТРЕЛЫ:
✓    ✅ Артиллерия C1 поразил Факел A4 (2 урона)!
✓    💚 Факел A4 лечит Факел A4 → hits=1/6
   Выпущено ракет: 1
# 
📊 РЕЗУЛЬТАТЫ ХОДА 10:
✓ 💥 ПОПАДАНИЯ:
✓    Артиллерия C1 (Team C) → Факел A4 (Team A)

--- Результаты хода ---
  Team A / Бурав A6           → Team C / Паук C8            @ (2,9,5)  (УБИТ)
  Team C / Артиллерия C1      → Team A / Факел A4           @ (4,6,4)  (ранен)

--- Состояние команд после хода ---
  Team A: живых 2/8
    ✓ Факел A4           @ (4,6,4) hp=5/6
    ✓ Бурав A6           @ (2,9,5) hp=3/4
    ✗ Артиллерия A1      @ (6,5,3) [уничтожен]
    ✗ Радиовышка A2      @ (3,2,1) [уничтожен]
    ✗ Прыгун A3          @ (2,4,1) [уничтожен]
    ✗ Тишина A5          @ (6,6,3) [уничтожен]
    ✗ Провокатор A7      @ (6,7,3) [уничтожен]
    ✗ Паук A8            @ (6,9,3) [уничтожен]
  Team B: живых 1/8
    ✓ Тишина B5          @ (4,7,4) hp=2/2
    ✗ Артиллерия B1      @ (2,2,1) [уничтожен]
    ✗ Радиовышка B2      @ (2,9,3) [уничтожен]
    ✗ Прыгун B3          @ (3,1,2) [уничтожен]
    ✗ Факел B4           @ (2,2,1) [уничтожен]
    ✗ Бурав B6           @ (2,4,1) [уничтожен]
    ✗ Провокатор B7      @ (2,6,1) [уничтожен]
    ✗ Паук B8            @ (2,1,1) [уничтожен]
  Team C: живых 2/8
    ✓ Артиллерия C1      @ (1,9,5) hp=1/1
    ✓ Провокатор C7      @ (9,9,5) hp=2/2
    ✗ Радиовышка C2      @ (3,8,4) [уничтожен]
    ✗ Прыгун C3          @ (6,6,3) [уничтожен]
    ✗ Факел C4           @ (2,8,4) [уничтожен]
    ✗ Тишина C5          @ (6,8,4) [уничтожен]
    ✗ Бурав C6           @ (5,7,3) [уничтожен]
    ✗ Паук C8            @ (2,9,5) [уничтожен]

======================================================================
ХОД 11
======================================================================
✓ 🎮 GM: начинаем ход
GM: start_turn

--- Радиовышки: сканирование слоя Z ---
  (у команд не осталось живых радиовышек)

--- Решения ботов ---
  [Team A] Факел A4 (4,6,4) → HEAL (AoE)
  [Team A] Бурав A6 (2,9,5) → MOVE (1,9,5)
  [Team B] Тишина B5 (4,7,4) → MOVE (4,6,4)
  [Team C] Артиллерия C1 (1,9,5) → SHOOT at (4,7,4)
  [Team C] Провокатор C7 (9,9,5) → HOLOGRAM (8,8,4)
! 🎮 GM: принудительно завершает фазу планирования
GM: end_planning
# 
============================================================
# 🔄 ОБРАБОТКА ХОДА 11
# ============================================================
!    ⚠️ Провокатор C7: клетка (8,8,4) уже занята голограммой

📦 ПЕРЕМЕЩЕНИЯ:
✓    💥 Бурав A6 тараном уничтожил Артиллерия C1 в (1,9,5)
   Бурав A6: (2, 9, 5) → (1,9,5)
!    ⚠️ Тишина B5: клетка (4,6,4) занята

🎯 ВЫСТРЕЛЫ:
✓    💚 Факел A4 лечит Факел A4 → hits=0/6
   Выпущено ракет: 0
# 
📊 РЕЗУЛЬТАТЫ ХОДА 11:
🎯 Попаданий нет

--- Результаты хода ---
  Team A / Бурав A6           → Team C / Артиллерия C1      @ (1,9,5)  (УБИТ)

--- Состояние команд после хода ---
  Team A: живых 2/8
    ✓ Факел A4           @ (4,6,4) hp=6/6
    ✓ Бурав A6           @ (1,9,5) hp=3/4
    ✗ Артиллерия A1      @ (6,5,3) [уничтожен]
    ✗ Радиовышка A2      @ (3,2,1) [уничтожен]
    ✗ Прыгун A3          @ (2,4,1) [уничтожен]
    ✗ Тишина A5          @ (6,6,3) [уничтожен]
    ✗ Провокатор A7      @ (6,7,3) [уничтожен]
    ✗ Паук A8            @ (6,9,3) [уничтожен]
  Team B: живых 1/8
    ✓ Тишина B5          @ (4,7,4) hp=2/2
    ✗ Артиллерия B1      @ (2,2,1) [уничтожен]
    ✗ Радиовышка B2      @ (2,9,3) [уничтожен]
    ✗ Прыгун B3          @ (3,1,2) [уничтожен]
    ✗ Факел B4           @ (2,2,1) [уничтожен]
    ✗ Бурав B6           @ (2,4,1) [уничтожен]
    ✗ Провокатор B7      @ (2,6,1) [уничтожен]
    ✗ Паук B8            @ (2,1,1) [уничтожен]
  Team C: живых 1/8
    ✓ Провокатор C7      @ (9,9,5) hp=2/2
    ✗ Артиллерия C1      @ (1,9,5) [уничтожен]
    ✗ Радиовышка C2      @ (3,8,4) [уничтожен]
    ✗ Прыгун C3          @ (6,6,3) [уничтожен]
    ✗ Факел C4           @ (2,8,4) [уничтожен]
    ✗ Тишина C5          @ (6,8,4) [уничтожен]
    ✗ Бурав C6           @ (5,7,3) [уничтожен]
    ✗ Паук C8            @ (2,9,5) [уничтожен]

======================================================================
ХОД 12
======================================================================
✓ 🎮 GM: начинаем ход
GM: start_turn

--- Радиовышки: сканирование слоя Z ---
  (у команд не осталось живых радиовышек)

--- Решения ботов ---
  [Team A] Факел A4 (4,6,4) → SHOOT at (4,7,4)
  [Team A] Бурав A6 (1,9,5) → MOVE (2,8,4)
  [Team B] Тишина B5 (4,7,4) → MOVE (4,6,4)
  [Team C] Провокатор C7 (9,9,5) → MOVE (8,8,4)
! 🎮 GM: принудительно завершает фазу планирования
GM: end_planning
# 
============================================================
# 🔄 ОБРАБОТКА ХОДА 12
# ============================================================

📦 ПЕРЕМЕЩЕНИЯ:
!    ⚠️ Бурав A6: Бурав двигается только по 1 оси или по 2 осям строго диагонально
!    ⚠️ Тишина B5: клетка (4,6,4) занята
!    ⚠️ Провокатор C7: клетка (8,8,4) занята

🎯 ВЫСТРЕЛЫ:
✓    ✅ Факел A4 поразил Тишина B5 (1 урона)!
   Выпущено ракет: 1
# 
📊 РЕЗУЛЬТАТЫ ХОДА 12:
✓ 💥 ПОПАДАНИЯ:
✓    Факел A4 (Team A) → Тишина B5 (Team B)

--- Результаты хода ---
  Team A / Факел A4           → Team B / Тишина B5          @ (4,7,4)  (ранен)

--- Состояние команд после хода ---
  Team A: живых 2/8
    ✓ Факел A4           @ (4,6,4) hp=6/6
    ✓ Бурав A6           @ (1,9,5) hp=3/4
    ✗ Артиллерия A1      @ (6,5,3) [уничтожен]
    ✗ Радиовышка A2      @ (3,2,1) [уничтожен]
    ✗ Прыгун A3          @ (2,4,1) [уничтожен]
    ✗ Тишина A5          @ (6,6,3) [уничтожен]
    ✗ Провокатор A7      @ (6,7,3) [уничтожен]
    ✗ Паук A8            @ (6,9,3) [уничтожен]
  Team B: живых 1/8
    ✓ Тишина B5          @ (4,7,4) hp=1/2
    ✗ Артиллерия B1      @ (2,2,1) [уничтожен]
    ✗ Радиовышка B2      @ (2,9,3) [уничтожен]
    ✗ Прыгун B3          @ (3,1,2) [уничтожен]
    ✗ Факел B4           @ (2,2,1) [уничтожен]
    ✗ Бурав B6           @ (2,4,1) [уничтожен]
    ✗ Провокатор B7      @ (2,6,1) [уничтожен]
    ✗ Паук B8            @ (2,1,1) [уничтожен]
  Team C: живых 1/8
    ✓ Провокатор C7      @ (9,9,5) hp=2/2
    ✗ Артиллерия C1      @ (1,9,5) [уничтожен]
    ✗ Радиовышка C2      @ (3,8,4) [уничтожен]
    ✗ Прыгун C3          @ (6,6,3) [уничтожен]
    ✗ Факел C4           @ (2,8,4) [уничтожен]
    ✗ Тишина C5          @ (6,8,4) [уничтожен]
    ✗ Бурав C6           @ (5,7,3) [уничтожен]
    ✗ Паук C8            @ (2,9,5) [уничтожен]

======================================================================
ХОД 13
======================================================================
✓ 🎮 GM: начинаем ход
GM: start_turn

--- Радиовышки: сканирование слоя Z ---
  (у команд не осталось живых радиовышек)

--- Решения ботов ---
  [Team A] Факел A4 (4,6,4) → SHOOT at (4,7,4)
  [Team A] Бурав A6 (1,9,5) → MOVE (2,8,4)
  [Team B] Тишина B5 (4,7,4) → PHASE toggle
  [Team C] Провокатор C7 (9,9,5) → MOVE (8,8,4)
! 🎮 GM: принудительно завершает фазу планирования
GM: end_planning
# 
============================================================
# 🔄 ОБРАБОТКА ХОДА 13
# ============================================================
   🌀 Тишина B5: уходит в фазу на 1 ход

📦 ПЕРЕМЕЩЕНИЯ:
!    ⚠️ Бурав A6: Бурав двигается только по 1 оси или по 2 осям строго диагонально
!    ⚠️ Провокатор C7: клетка (8,8,4) занята

🎯 ВЫСТРЕЛЫ:
   Выпущено ракет: 1
# 
📊 РЕЗУЛЬТАТЫ ХОДА 13:
🎯 Попаданий нет

--- Результаты хода ---
  Попаданий нет

--- Состояние команд после хода ---
  Team A: живых 2/8
    ✓ Факел A4           @ (4,6,4) hp=6/6
    ✓ Бурав A6           @ (1,9,5) hp=3/4
    ✗ Артиллерия A1      @ (6,5,3) [уничтожен]
    ✗ Радиовышка A2      @ (3,2,1) [уничтожен]
    ✗ Прыгун A3          @ (2,4,1) [уничтожен]
    ✗ Тишина A5          @ (6,6,3) [уничтожен]
    ✗ Провокатор A7      @ (6,7,3) [уничтожен]
    ✗ Паук A8            @ (6,9,3) [уничтожен]
  Team B: живых 1/8
    ✓ Тишина B5          @ (4,7,4) hp=1/2
    ✗ Артиллерия B1      @ (2,2,1) [уничтожен]
    ✗ Радиовышка B2      @ (2,9,3) [уничтожен]
    ✗ Прыгун B3          @ (3,1,2) [уничтожен]
    ✗ Факел B4           @ (2,2,1) [уничтожен]
    ✗ Бурав B6           @ (2,4,1) [уничтожен]
    ✗ Провокатор B7      @ (2,6,1) [уничтожен]
    ✗ Паук B8            @ (2,1,1) [уничтожен]
  Team C: живых 1/8
    ✓ Провокатор C7      @ (9,9,5) hp=2/2
    ✗ Артиллерия C1      @ (1,9,5) [уничтожен]
    ✗ Радиовышка C2      @ (3,8,4) [уничтожен]
    ✗ Прыгун C3          @ (6,6,3) [уничтожен]
    ✗ Факел C4           @ (2,8,4) [уничтожен]
    ✗ Тишина C5          @ (6,8,4) [уничтожен]
    ✗ Бурав C6           @ (5,7,3) [уничтожен]
    ✗ Паук C8            @ (2,9,5) [уничтожен]

======================================================================
ХОД 14
======================================================================
✓ 🎮 GM: начинаем ход
GM: start_turn

--- Радиовышки: сканирование слоя Z ---
  (у команд не осталось живых радиовышек)

--- Решения ботов ---
  [Team A] Факел A4 (4,6,4) → MOVE (3,7,5)
  [Team A] Бурав A6 (1,9,5) → MOVE (2,8,4)
  [Team B] Тишина B5 (4,7,4) → MOVE (4,6,4)
  [Team C] Провокатор C7 (9,9,5) → MOVE (8,8,4)
! 🎮 GM: принудительно завершает фазу планирования
GM: end_planning
# 
============================================================
# 🔄 ОБРАБОТКА ХОДА 14
# ============================================================
   🌀 Тишина B5: фаза спала (действовала 1 ход)

📦 ПЕРЕМЕЩЕНИЯ:
   Факел A4: (4, 6, 4) → (3,7,5)
!    ⚠️ Бурав A6: Бурав двигается только по 1 оси или по 2 осям строго диагонально
   Тишина B5: (4, 7, 4) → (4,6,4)
!    ⚠️ Провокатор C7: клетка (8,8,4) занята

🎯 ВЫСТРЕЛЫ:
   Выпущено ракет: 0
# 
📊 РЕЗУЛЬТАТЫ ХОДА 14:
🎯 Попаданий нет

--- Результаты хода ---
  Попаданий нет

--- Состояние команд после хода ---
  Team A: живых 2/8
    ✓ Факел A4           @ (3,7,5) hp=6/6
    ✓ Бурав A6           @ (1,9,5) hp=3/4
    ✗ Артиллерия A1      @ (6,5,3) [уничтожен]
    ✗ Радиовышка A2      @ (3,2,1) [уничтожен]
    ✗ Прыгун A3          @ (2,4,1) [уничтожен]
    ✗ Тишина A5          @ (6,6,3) [уничтожен]
    ✗ Провокатор A7      @ (6,7,3) [уничтожен]
    ✗ Паук A8            @ (6,9,3) [уничтожен]
  Team B: живых 1/8
    ✓ Тишина B5          @ (4,6,4) hp=1/2
    ✗ Артиллерия B1      @ (2,2,1) [уничтожен]
    ✗ Радиовышка B2      @ (2,9,3) [уничтожен]
    ✗ Прыгун B3          @ (3,1,2) [уничтожен]
    ✗ Факел B4           @ (2,2,1) [уничтожен]
    ✗ Бурав B6           @ (2,4,1) [уничтожен]
    ✗ Провокатор B7      @ (2,6,1) [уничтожен]
    ✗ Паук B8            @ (2,1,1) [уничтожен]
  Team C: живых 1/8
    ✓ Провокатор C7      @ (9,9,5) hp=2/2
    ✗ Артиллерия C1      @ (1,9,5) [уничтожен]
    ✗ Радиовышка C2      @ (3,8,4) [уничтожен]
    ✗ Прыгун C3          @ (6,6,3) [уничтожен]
    ✗ Факел C4           @ (2,8,4) [уничтожен]
    ✗ Тишина C5          @ (6,8,4) [уничтожен]
    ✗ Бурав C6           @ (5,7,3) [уничтожен]
    ✗ Паук C8            @ (2,9,5) [уничтожен]

======================================================================
ХОД 15
======================================================================
✓ 🎮 GM: начинаем ход
GM: start_turn

--- Радиовышки: сканирование слоя Z ---
  (у команд не осталось живых радиовышек)

--- Решения ботов ---
  [Team A] Факел A4 (3,7,5) → HEAL (AoE)
  [Team A] Бурав A6 (1,9,5) → MOVE (2,8,4)
  [Team B] Тишина B5 (4,6,4) → MOVE (3,7,5)
  [Team C] Провокатор C7 (9,9,5) → MOVE (8,8,4)
! 🎮 GM: принудительно завершает фазу планирования
GM: end_planning
# 
============================================================
# 🔄 ОБРАБОТКА ХОДА 15
# ============================================================

📦 ПЕРЕМЕЩЕНИЯ:
!    ⚠️ Бурав A6: Бурав двигается только по 1 оси или по 2 осям строго диагонально
!    ⚠️ Тишина B5: клетка (3,7,5) занята
!    ⚠️ Провокатор C7: клетка (8,8,4) занята

🎯 ВЫСТРЕЛЫ:
✓    💚 Факел A4 лечит Бурав A6 → hits=0/4
   Выпущено ракет: 0
# 
📊 РЕЗУЛЬТАТЫ ХОДА 15:
🎯 Попаданий нет

--- Результаты хода ---
  Попаданий нет

--- Состояние команд после хода ---
  Team A: живых 2/8
    ✓ Факел A4           @ (3,7,5) hp=6/6
    ✓ Бурав A6           @ (1,9,5) hp=4/4
    ✗ Артиллерия A1      @ (6,5,3) [уничтожен]
    ✗ Радиовышка A2      @ (3,2,1) [уничтожен]
    ✗ Прыгун A3          @ (2,4,1) [уничтожен]
    ✗ Тишина A5          @ (6,6,3) [уничтожен]
    ✗ Провокатор A7      @ (6,7,3) [уничтожен]
    ✗ Паук A8            @ (6,9,3) [уничтожен]
  Team B: живых 1/8
    ✓ Тишина B5          @ (4,6,4) hp=1/2
    ✗ Артиллерия B1      @ (2,2,1) [уничтожен]
    ✗ Радиовышка B2      @ (2,9,3) [уничтожен]
    ✗ Прыгун B3          @ (3,1,2) [уничтожен]
    ✗ Факел B4           @ (2,2,1) [уничтожен]
    ✗ Бурав B6           @ (2,4,1) [уничтожен]
    ✗ Провокатор B7      @ (2,6,1) [уничтожен]
    ✗ Паук B8            @ (2,1,1) [уничтожен]
  Team C: живых 1/8
    ✓ Провокатор C7      @ (9,9,5) hp=2/2
    ✗ Артиллерия C1      @ (1,9,5) [уничтожен]
    ✗ Радиовышка C2      @ (3,8,4) [уничтожен]
    ✗ Прыгун C3          @ (6,6,3) [уничтожен]
    ✗ Факел C4           @ (2,8,4) [уничтожен]
    ✗ Тишина C5          @ (6,8,4) [уничтожен]
    ✗ Бурав C6           @ (5,7,3) [уничтожен]
    ✗ Паук C8            @ (2,9,5) [уничтожен]

======================================================================
ХОД 16
======================================================================
✓ 🎮 GM: начинаем ход
GM: start_turn

--- Радиовышки: сканирование слоя Z ---
  (у команд не осталось живых радиовышек)

--- Решения ботов ---
  [Team A] Факел A4 (3,7,5) → MOVE (2,8,5)
  [Team A] Бурав A6 (1,9,5) → MOVE (2,8,4)
  [Team B] Тишина B5 (4,6,4) → MOVE (3,7,5)
  [Team C] Провокатор C7 (9,9,5) → MOVE (8,8,4)
! 🎮 GM: принудительно завершает фазу планирования
GM: end_planning
# 
============================================================
# 🔄 ОБРАБОТКА ХОДА 16
# ============================================================

📦 ПЕРЕМЕЩЕНИЯ:
   Факел A4: (3, 7, 5) → (2,8,5)
!    ⚠️ Бурав A6: Бурав двигается только по 1 оси или по 2 осям строго диагонально
   Тишина B5: (4, 6, 4) → (3,7,5)
!    ⚠️ Провокатор C7: клетка (8,8,4) занята

🎯 ВЫСТРЕЛЫ:
   Выпущено ракет: 0
# 
📊 РЕЗУЛЬТАТЫ ХОДА 16:
🎯 Попаданий нет

--- Результаты хода ---
  Попаданий нет

--- Состояние команд после хода ---
  Team A: живых 2/8
    ✓ Факел A4           @ (2,8,5) hp=6/6
    ✓ Бурав A6           @ (1,9,5) hp=4/4
    ✗ Артиллерия A1      @ (6,5,3) [уничтожен]
    ✗ Радиовышка A2      @ (3,2,1) [уничтожен]
    ✗ Прыгун A3          @ (2,4,1) [уничтожен]
    ✗ Тишина A5          @ (6,6,3) [уничтожен]
    ✗ Провокатор A7      @ (6,7,3) [уничтожен]
    ✗ Паук A8            @ (6,9,3) [уничтожен]
  Team B: живых 1/8
    ✓ Тишина B5          @ (3,7,5) hp=1/2
    ✗ Артиллерия B1      @ (2,2,1) [уничтожен]
    ✗ Радиовышка B2      @ (2,9,3) [уничтожен]
    ✗ Прыгун B3          @ (3,1,2) [уничтожен]
    ✗ Факел B4           @ (2,2,1) [уничтожен]
    ✗ Бурав B6           @ (2,4,1) [уничтожен]
    ✗ Провокатор B7      @ (2,6,1) [уничтожен]
    ✗ Паук B8            @ (2,1,1) [уничтожен]
  Team C: живых 1/8
    ✓ Провокатор C7      @ (9,9,5) hp=2/2
    ✗ Артиллерия C1      @ (1,9,5) [уничтожен]
    ✗ Радиовышка C2      @ (3,8,4) [уничтожен]
    ✗ Прыгун C3          @ (6,6,3) [уничтожен]
    ✗ Факел C4           @ (2,8,4) [уничтожен]
    ✗ Тишина C5          @ (6,8,4) [уничтожен]
    ✗ Бурав C6           @ (5,7,3) [уничтожен]
    ✗ Паук C8            @ (2,9,5) [уничтожен]

======================================================================
ХОД 17
======================================================================
✓ 🎮 GM: начинаем ход
GM: start_turn

--- Радиовышки: сканирование слоя Z ---
  (у команд не осталось живых радиовышек)

--- Решения ботов ---
  [Team A] Факел A4 (2,8,5) → MOVE (1,8,5)
  [Team A] Бурав A6 (1,9,5) → MOVE (3,7,5)
  [Team B] Тишина B5 (3,7,5) → PHASE toggle
  [Team C] Провокатор C7 (9,9,5) → MOVE (8,8,4)
! 🎮 GM: принудительно завершает фазу планирования
GM: end_planning
# 
============================================================
# 🔄 ОБРАБОТКА ХОДА 17
# ============================================================
   🌀 Тишина B5: уходит в фазу на 1 ход

📦 ПЕРЕМЕЩЕНИЯ:
   Факел A4: (2, 8, 5) → (1,8,5)
✓    💥 Бурав A6 пробивает фазу Тишина B5 тараном
✓    💥 Бурав A6 тараном уничтожил Тишина B5 в (3,7,5)
   Бурав A6: (1, 9, 5) → (3,7,5)
!    ⚠️ Провокатор C7: клетка (8,8,4) занята

🎯 ВЫСТРЕЛЫ:
   Выпущено ракет: 0
# 
📊 РЕЗУЛЬТАТЫ ХОДА 17:
🎯 Попаданий нет

--- Результаты хода ---
  Team A / Бурав A6           → Team B / Тишина B5          @ (3,7,5)  (УБИТ)

--- Состояние команд после хода ---
  Team A: живых 2/8
    ✓ Факел A4           @ (1,8,5) hp=6/6
    ✓ Бурав A6           @ (3,7,5) hp=4/4
    ✗ Артиллерия A1      @ (6,5,3) [уничтожен]
    ✗ Радиовышка A2      @ (3,2,1) [уничтожен]
    ✗ Прыгун A3          @ (2,4,1) [уничтожен]
    ✗ Тишина A5          @ (6,6,3) [уничтожен]
    ✗ Провокатор A7      @ (6,7,3) [уничтожен]
    ✗ Паук A8            @ (6,9,3) [уничтожен]
  Team B: живых 0/8
    ✗ Артиллерия B1      @ (2,2,1) [уничтожен]
    ✗ Радиовышка B2      @ (2,9,3) [уничтожен]
    ✗ Прыгун B3          @ (3,1,2) [уничтожен]
    ✗ Факел B4           @ (2,2,1) [уничтожен]
    ✗ Тишина B5          @ (3,7,5) [уничтожен]
    ✗ Бурав B6           @ (2,4,1) [уничтожен]
    ✗ Провокатор B7      @ (2,6,1) [уничтожен]
    ✗ Паук B8            @ (2,1,1) [уничтожен]
  Team C: живых 1/8
    ✓ Провокатор C7      @ (9,9,5) hp=2/2
    ✗ Артиллерия C1      @ (1,9,5) [уничтожен]
    ✗ Радиовышка C2      @ (3,8,4) [уничтожен]
    ✗ Прыгун C3          @ (6,6,3) [уничтожен]
    ✗ Факел C4           @ (2,8,4) [уничтожен]
    ✗ Тишина C5          @ (6,8,4) [уничтожен]
    ✗ Бурав C6           @ (5,7,3) [уничтожен]
    ✗ Паук C8            @ (2,9,5) [уничтожен]

======================================================================
ХОД 18
======================================================================
✓ 🎮 GM: начинаем ход
GM: start_turn

--- Радиовышки: сканирование слоя Z ---
  (у команд не осталось живых радиовышек)

--- Решения ботов ---
  [Team A] Факел A4 (1,8,5) → MOVE (2,7,5)
  [Team A] Бурав A6 (3,7,5) → MOVE (4,6,5)
  [Team B] все корабли пропускают ход
  [Team C] Провокатор C7 (9,9,5) → MOVE (8,8,5)
! 🎮 GM: принудительно завершает фазу планирования
GM: end_planning
# 
============================================================
# 🔄 ОБРАБОТКА ХОДА 18
# ============================================================

📦 ПЕРЕМЕЩЕНИЯ:
   Факел A4: (1, 8, 5) → (2,7,5)
   Бурав A6: (3, 7, 5) → (4,6,5)
   Провокатор C7: (9, 9, 5) → (8,8,5)

🎯 ВЫСТРЕЛЫ:
   Выпущено ракет: 0
# 
📊 РЕЗУЛЬТАТЫ ХОДА 18:
🎯 Попаданий нет

--- Результаты хода ---
  Попаданий нет

--- Состояние команд после хода ---
  Team A: живых 2/8
    ✓ Факел A4           @ (2,7,5) hp=6/6
    ✓ Бурав A6           @ (4,6,5) hp=4/4
    ✗ Артиллерия A1      @ (6,5,3) [уничтожен]
    ✗ Радиовышка A2      @ (3,2,1) [уничтожен]
    ✗ Прыгун A3          @ (2,4,1) [уничтожен]
    ✗ Тишина A5          @ (6,6,3) [уничтожен]
    ✗ Провокатор A7      @ (6,7,3) [уничтожен]
    ✗ Паук A8            @ (6,9,3) [уничтожен]
  Team B: живых 0/8
    ✗ Артиллерия B1      @ (2,2,1) [уничтожен]
    ✗ Радиовышка B2      @ (2,9,3) [уничтожен]
    ✗ Прыгун B3          @ (3,1,2) [уничтожен]
    ✗ Факел B4           @ (2,2,1) [уничтожен]
    ✗ Тишина B5          @ (3,7,5) [уничтожен]
    ✗ Бурав B6           @ (2,4,1) [уничтожен]
    ✗ Провокатор B7      @ (2,6,1) [уничтожен]
    ✗ Паук B8            @ (2,1,1) [уничтожен]
  Team C: живых 1/8
    ✓ Провокатор C7      @ (8,8,5) hp=2/2
    ✗ Артиллерия C1      @ (1,9,5) [уничтожен]
    ✗ Радиовышка C2      @ (3,8,4) [уничтожен]
    ✗ Прыгун C3          @ (6,6,3) [уничтожен]
    ✗ Факел C4           @ (2,8,4) [уничтожен]
    ✗ Тишина C5          @ (6,8,4) [уничтожен]
    ✗ Бурав C6           @ (5,7,3) [уничтожен]
    ✗ Паук C8            @ (2,9,5) [уничтожен]

======================================================================
ХОД 19
======================================================================
✓ 🎮 GM: начинаем ход
GM: start_turn

--- Радиовышки: сканирование слоя Z ---
  (у команд не осталось живых радиовышек)

--- Решения ботов ---
  [Team A] Факел A4 (2,7,5) → MOVE (3,6,5)
  [Team A] Бурав A6 (4,6,5) → MOVE (5,7,5)
  [Team B] все корабли пропускают ход
  [Team C] Провокатор C7 (8,8,5) → HOLOGRAM (7,7,5)
! 🎮 GM: принудительно завершает фазу планирования
GM: end_planning
# 
============================================================
# 🔄 ОБРАБОТКА ХОДА 19
# ============================================================
   🪞 Провокатор C7 создал голограмму H5 в (7,7,5)

📦 ПЕРЕМЕЩЕНИЯ:
   Факел A4: (2, 7, 5) → (3,6,5)
   Бурав A6: (4, 6, 5) → (5,7,5)

🎯 ВЫСТРЕЛЫ:
   Выпущено ракет: 0
# 
📊 РЕЗУЛЬТАТЫ ХОДА 19:
🎯 Попаданий нет

--- Результаты хода ---
  Попаданий нет

--- Состояние команд после хода ---
  Team A: живых 2/8
    ✓ Факел A4           @ (3,6,5) hp=6/6
    ✓ Бурав A6           @ (5,7,5) hp=4/4
    ✗ Артиллерия A1      @ (6,5,3) [уничтожен]
    ✗ Радиовышка A2      @ (3,2,1) [уничтожен]
    ✗ Прыгун A3          @ (2,4,1) [уничтожен]
    ✗ Тишина A5          @ (6,6,3) [уничтожен]
    ✗ Провокатор A7      @ (6,7,3) [уничтожен]
    ✗ Паук A8            @ (6,9,3) [уничтожен]
  Team B: живых 0/8
    ✗ Артиллерия B1      @ (2,2,1) [уничтожен]
    ✗ Радиовышка B2      @ (2,9,3) [уничтожен]
    ✗ Прыгун B3          @ (3,1,2) [уничтожен]
    ✗ Факел B4           @ (2,2,1) [уничтожен]
    ✗ Тишина B5          @ (3,7,5) [уничтожен]
    ✗ Бурав B6           @ (2,4,1) [уничтожен]
    ✗ Провокатор B7      @ (2,6,1) [уничтожен]
    ✗ Паук B8            @ (2,1,1) [уничтожен]
  Team C: живых 1/8
    ✓ Провокатор C7      @ (8,8,5) hp=2/2
    ✗ Артиллерия C1      @ (1,9,5) [уничтожен]
    ✗ Радиовышка C2      @ (3,8,4) [уничтожен]
    ✗ Прыгун C3          @ (6,6,3) [уничтожен]
    ✗ Факел C4           @ (2,8,4) [уничтожен]
    ✗ Тишина C5          @ (6,8,4) [уничтожен]
    ✗ Бурав C6           @ (5,7,3) [уничтожен]
    ✗ Паук C8            @ (2,9,5) [уничтожен]

======================================================================
ХОД 20
======================================================================
✓ 🎮 GM: начинаем ход
GM: start_turn

--- Радиовышки: сканирование слоя Z ---
  (у команд не осталось живых радиовышек)

--- Решения ботов ---
  [Team A] Факел A4 (3,6,5) → MOVE (4,7,5)
  [Team A] Бурав A6 (5,7,5) → MOVE (6,8,5)
  [Team B] все корабли пропускают ход
  [Team C] Провокатор C7 (8,8,5) → HOLOGRAM (7,7,5)
! 🎮 GM: принудительно завершает фазу планирования
GM: end_planning
# 
============================================================
# 🔄 ОБРАБОТКА ХОДА 20
# ============================================================
!    ⚠️ Провокатор C7: клетка (7,7,5) уже занята голограммой

📦 ПЕРЕМЕЩЕНИЯ:
   Факел A4: (3, 6, 5) → (4,7,5)
   Бурав A6: (5, 7, 5) → (6,8,5)

🎯 ВЫСТРЕЛЫ:
   Выпущено ракет: 0
# 
📊 РЕЗУЛЬТАТЫ ХОДА 20:
🎯 Попаданий нет

--- Результаты хода ---
  Попаданий нет

--- Состояние команд после хода ---
  Team A: живых 2/8
    ✓ Факел A4           @ (4,7,5) hp=6/6
    ✓ Бурав A6           @ (6,8,5) hp=4/4
    ✗ Артиллерия A1      @ (6,5,3) [уничтожен]
    ✗ Радиовышка A2      @ (3,2,1) [уничтожен]
    ✗ Прыгун A3          @ (2,4,1) [уничтожен]
    ✗ Тишина A5          @ (6,6,3) [уничтожен]
    ✗ Провокатор A7      @ (6,7,3) [уничтожен]
    ✗ Паук A8            @ (6,9,3) [уничтожен]
  Team B: живых 0/8
    ✗ Артиллерия B1      @ (2,2,1) [уничтожен]
    ✗ Радиовышка B2      @ (2,9,3) [уничтожен]
    ✗ Прыгун B3          @ (3,1,2) [уничтожен]
    ✗ Факел B4           @ (2,2,1) [уничтожен]
    ✗ Тишина B5          @ (3,7,5) [уничтожен]
    ✗ Бурав B6           @ (2,4,1) [уничтожен]
    ✗ Провокатор B7      @ (2,6,1) [уничтожен]
    ✗ Паук B8            @ (2,1,1) [уничтожен]
  Team C: живых 1/8
    ✓ Провокатор C7      @ (8,8,5) hp=2/2
    ✗ Артиллерия C1      @ (1,9,5) [уничтожен]
    ✗ Радиовышка C2      @ (3,8,4) [уничтожен]
    ✗ Прыгун C3          @ (6,6,3) [уничтожен]
    ✗ Факел C4           @ (2,8,4) [уничтожен]
    ✗ Тишина C5          @ (6,8,4) [уничтожен]
    ✗ Бурав C6           @ (5,7,3) [уничтожен]
    ✗ Паук C8            @ (2,9,5) [уничтожен]

======================================================================
ХОД 21
======================================================================
✓ 🎮 GM: начинаем ход
GM: start_turn

--- Радиовышки: сканирование слоя Z ---
  (у команд не осталось живых радиовышек)

--- Решения ботов ---
  [Team A] Факел A4 (4,7,5) → MOVE (5,8,5)
  [Team A] Бурав A6 (6,8,5) → MOVE (8,8,5)
  [Team B] все корабли пропускают ход
  [Team C] Провокатор C7 (8,8,5) → HOLOGRAM (7,8,5)
! 🎮 GM: принудительно завершает фазу планирования
GM: end_planning
# 
============================================================
# 🔄 ОБРАБОТКА ХОДА 21
# ============================================================
   🪞 Провокатор C7 создал голограмму H6 в (7,8,5)

📦 ПЕРЕМЕЩЕНИЯ:
   Факел A4: (4, 7, 5) → (5,8,5)
✓    💥 Бурав A6 тараном уничтожил Провокатор C7 в (8,8,5)
   Бурав A6: (6, 8, 5) → (8,8,5)

🎯 ВЫСТРЕЛЫ:
   Выпущено ракет: 0
# 
📊 РЕЗУЛЬТАТЫ ХОДА 21:
🎯 Попаданий нет
# 
🎮🎮🎮🎮🎮🎮🎮🎮🎮🎮🎮🎮🎮🎮🎮🎮🎮🎮🎮🎮
#         ИГРА ОКОНЧЕНА!
# 🎮🎮🎮🎮🎮🎮🎮🎮🎮🎮🎮🎮🎮🎮🎮🎮🎮🎮🎮🎮
✓         🏆 ПОБЕДИТЕЛЬ: Team A

--- Результаты хода ---
  Team A / Бурав A6           → Team C / Провокатор C7      @ (8,8,5)  (УБИТ)

--- Состояние команд после хода ---
  Team A: живых 2/8
    ✓ Факел A4           @ (5,8,5) hp=6/6
    ✓ Бурав A6           @ (8,8,5) hp=4/4
    ✗ Артиллерия A1      @ (6,5,3) [уничтожен]
    ✗ Радиовышка A2      @ (3,2,1) [уничтожен]
    ✗ Прыгун A3          @ (2,4,1) [уничтожен]
    ✗ Тишина A5          @ (6,6,3) [уничтожен]
    ✗ Провокатор A7      @ (6,7,3) [уничтожен]
    ✗ Паук A8            @ (6,9,3) [уничтожен]
  Team B: живых 0/8
    ✗ Артиллерия B1      @ (2,2,1) [уничтожен]
    ✗ Радиовышка B2      @ (2,9,3) [уничтожен]
    ✗ Прыгун B3          @ (3,1,2) [уничтожен]
    ✗ Факел B4           @ (2,2,1) [уничтожен]
    ✗ Тишина B5          @ (3,7,5) [уничтожен]
    ✗ Бурав B6           @ (2,4,1) [уничтожен]
    ✗ Провокатор B7      @ (2,6,1) [уничтожен]
    ✗ Паук B8            @ (2,1,1) [уничтожен]
  Team C: живых 0/8
    ✗ Артиллерия C1      @ (1,9,5) [уничтожен]
    ✗ Радиовышка C2      @ (3,8,4) [уничтожен]
    ✗ Прыгун C3          @ (6,6,3) [уничтожен]
    ✗ Факел C4           @ (2,8,4) [уничтожен]
    ✗ Тишина C5          @ (6,8,4) [уничтожен]
    ✗ Бурав C6           @ (5,7,3) [уничтожен]
    ✗ Провокатор C7      @ (8,8,5) [уничтожен]
    ✗ Паук C8            @ (2,9,5) [уничтожен]

======================================================================
ИТОГ
======================================================================
Игра окончена. Победитель: Team A
Ходов сыграно: 21

--- Сводка по командам ---
  Team A: 2/8 живых; hp=10
  Team B: 0/8 живых; hp=0
  Team C: 0/8 живых; hp=0

--- Сводка по пассивкам радиовышек ---
  Team A: сканирований=4, всего врагов-в-слоях=5, уникальных эксклюзивных (видны только радиовышкой)=0
  Team B: сканирований=7, всего врагов-в-слоях=16, уникальных эксклюзивных (видны только радиовышкой)=0
  Team C: сканирований=8, всего врагов-в-слоях=4, уникальных эксклюзивных (видны только радиовышкой)=0

--- Сводка по попаданиям ---
  Всего событий (шоты+тараны+мины): 29
  Уничтожено кораблей всего: 22
  Team A: урон=39 хиты=3 тараны=11 мины(сработало)=1 убийств=14
  Team B: урон=4 хиты=1 тараны=0 мины(сработало)=1 убийств=1
  Team C: урон=22 хиты=8 тараны=3 мины(сработало)=1 убийств=7
! 🎮 GM: остановка игры
