======================================================================
Space Battle 10×10×10 — simulation run at 2026-04-20T13:44:08+00:00
Game mode: advanced
Seed: 147
✓ 🚀 Продвинутый режим: создаю разные типы кораблей
   Команда A: спавн вдоль оси Z от (2, 6, 7) до (2, 6, 1)
   Команда B: спавн вдоль оси Z от (1, 7, 5) до (1, 7, 3)
   Команда C: спавн вдоль оси Z от (9, 3, 3) до (9, 3, 4)
✓ ✅ Создано 24 кораблей


--- СТАРТОВАЯ РАССТАНОВКА ---
  Team A: живых 8/8
    ✓ Артиллерия A1      @ (2,6,7) hp=1/1
    ✓ Радиовышка A2      @ (2,6,9) hp=3/3
    ✓ Прыгун A3          @ (2,6,2) hp=2/2
    ✓ Факел A4           @ (2,6,5) hp=6/6
    ✓ Тишина A5          @ (2,6,6) hp=2/2
    ✓ Бурав A6           @ (2,6,8) hp=4/4
    ✓ Провокатор A7      @ (2,6,3) hp=2/2
    ✓ Паук A8            @ (2,6,1) hp=1/1
  Team B: живых 8/8
    ✓ Артиллерия B1      @ (1,7,5) hp=1/1
    ✓ Радиовышка B2      @ (1,7,1) hp=3/3
    ✓ Прыгун B3          @ (1,7,6) hp=2/2
    ✓ Факел B4           @ (1,7,7) hp=6/6
    ✓ Тишина B5          @ (1,7,2) hp=2/2
    ✓ Бурав B6           @ (1,7,9) hp=4/4
    ✓ Провокатор B7      @ (1,7,4) hp=2/2
    ✓ Паук B8            @ (1,7,3) hp=1/1
  Team C: живых 8/8
    ✓ Артиллерия C1      @ (9,3,3) hp=1/1
    ✓ Радиовышка C2      @ (9,3,9) hp=3/3
    ✓ Прыгун C3          @ (9,3,0) hp=2/2
    ✓ Факел C4           @ (9,3,5) hp=6/6
    ✓ Тишина C5          @ (9,3,8) hp=2/2
    ✓ Бурав C6           @ (9,3,1) hp=4/4
    ✓ Провокатор C7      @ (9,3,7) hp=2/2
    ✓ Паук C8            @ (9,3,4) hp=1/1

======================================================================
ХОД 1
======================================================================
✓ 🎮 GM: начинаем ход
GM: start_turn

--- Радиовышки: сканирование слоя Z ---
  Радиовышка A2 (z=9): видит 2 врагов [+1 эксклюзивно] → Бурав B6(1,7,9), Радиовышка C2(9,3,9)
  Радиовышка B2 (z=1): видит 2 врагов [+1 эксклюзивно] → Паук A8(2,6,1), Бурав C6(9,3,1)
  Радиовышка C2 (z=9): видит 2 врагов [+2 эксклюзивно] → Радиовышка A2(2,6,9), Бурав B6(1,7,9)

--- Решения ботов ---
  [Team A] Артиллерия A1 (2,6,7) → SHOOT at (1,7,5)
  [Team A] Радиовышка A2 (2,6,9) → MOVE (1,7,9)
  [Team A] Прыгун A3 (2,6,2) → MOVE (1,7,4)
  [Team A] Тишина A5 (2,6,6) → PHASE toggle
  [Team A] Бурав A6 (2,6,8) → MOVE (1,7,7)
  [Team A] Провокатор A7 (2,6,3) → HOLOGRAM (1,7,2)
  [Team A] Паук A8 (2,6,1) → MINE (1,7,1)
  [Team A] Факел A4 → SKIP
  [Team B] Артиллерия B1 (1,7,5) → SHOOT at (2,6,7)
  [Team B] Радиовышка B2 (1,7,1) → MOVE (2,6,2)
  [Team B] Прыгун B3 (1,7,6) → MOVE (2,6,7)
  [Team B] Тишина B5 (1,7,2) → PHASE toggle
  [Team B] Бурав B6 (1,7,9) → MOVE (2,6,9)
  [Team B] Провокатор B7 (1,7,4) → HOLOGRAM (2,6,5)
  [Team B] Паук B8 (1,7,3) → MINE (1,6,3)
  [Team B] Факел B4 → SKIP
  [Team C] Артиллерия C1 (9,3,3) → SHOOT at (2,6,9)
  [Team C] Радиовышка C2 (9,3,9) → MOVE (8,4,9)
  [Team C] Прыгун C3 (9,3,0) → MOVE (8,4,1)
  [Team C] Тишина C5 (9,3,8) → MOVE (8,4,8)
  [Team C] Бурав C6 (9,3,1) → MOVE (8,4,2)
  [Team C] Провокатор C7 (9,3,7) → MOVE (8,3,8)
  [Team C] Паук C8 (9,3,4) → MOVE (8,4,5)
  [Team C] Факел C4 → SKIP
! 🎮 GM: принудительно завершает фазу планирования
GM: end_planning
# 
============================================================
# 🔄 ОБРАБОТКА ХОДА 1
# ============================================================
   🌀 Тишина A5: уходит в фазу на 1 ход
   🌀 Тишина B5: уходит в фазу на 1 ход
!    ⚠️ Провокатор A7: клетка (1,7,2) занята кораблём
!    ⚠️ Провокатор B7: клетка (2,6,5) занята кораблём
!    ⚠️ Паук A8: клетка (1,7,1) занята кораблём
   💣 Паук B8 установил мину M1 в (1,6,3)

📦 ПЕРЕМЕЩЕНИЯ:
!    ⚠️ Радиовышка A2: клетка (1,7,9) занята
✓    💥 Прыгун A3 тараном уничтожил Провокатор B7 в (1,7,4)
   Прыгун A3: (2, 6, 2) → (1,7,4)
!    ⚠️ Бурав A6: Бурав двигается только по 1 оси или по 2 осям строго диагонально
   Радиовышка B2: (1, 7, 1) → (2,6,2)
✓    💥 Прыгун B3 тараном уничтожил Артиллерия A1 в (2,6,7)
   Прыгун B3: (1, 7, 6) → (2,6,7)
✓    💥 Бурав B6 тараном уничтожил Радиовышка A2 в (2,6,9)
   Бурав B6: (1, 7, 9) → (2,6,9)
   Радиовышка C2: (9, 3, 9) → (8,4,9)
   Прыгун C3: (9, 3, 0) → (8,4,1)
   Тишина C5: (9, 3, 8) → (8,4,8)
!    ⚠️ Бурав C6: Бурав двигается только по 1 оси или по 2 осям строго диагонально
   Провокатор C7: (9, 3, 7) → (8,3,8)
   Паук C8: (9, 3, 4) → (8,4,5)

🎯 ВЫСТРЕЛЫ:
✓    ✅ Артиллерия C1 поразил Бурав B6 (2 урона)!
   Выпущено ракет: 2
# 
📊 РЕЗУЛЬТАТЫ ХОДА 1:
✓ 💥 ПОПАДАНИЯ:
✓    Артиллерия C1 (Team C) → Бурав B6 (Team B)

--- Результаты хода ---
  Team A / Прыгун A3          → Team B / Провокатор B7      @ (1,7,4)  (УБИТ)
  Team B / Прыгун B3          → Team A / Артиллерия A1      @ (2,6,7)  (УБИТ)
  Team B / Бурав B6           → Team A / Радиовышка A2      @ (2,6,9)  (УБИТ)
  Team C / Артиллерия C1      → Team B / Бурав B6           @ (2,6,9)  (ранен)

--- Состояние команд после хода ---
  Team A: живых 6/8
    ✓ Прыгун A3          @ (1,7,4) hp=2/2
    ✓ Факел A4           @ (2,6,5) hp=6/6
    ✓ Тишина A5          @ (2,6,6) hp=2/2
    ✓ Бурав A6           @ (2,6,8) hp=4/4
    ✓ Провокатор A7      @ (2,6,3) hp=2/2
    ✓ Паук A8            @ (2,6,1) hp=1/1
    ✗ Артиллерия A1      @ (2,6,7) [уничтожен]
    ✗ Радиовышка A2      @ (2,6,9) [уничтожен]
  Team B: живых 7/8
    ✓ Артиллерия B1      @ (1,7,5) hp=1/1
    ✓ Радиовышка B2      @ (2,6,2) hp=3/3
    ✓ Прыгун B3          @ (2,6,7) hp=2/2
    ✓ Факел B4           @ (1,7,7) hp=6/6
    ✓ Тишина B5          @ (1,7,2) hp=2/2
    ✓ Бурав B6           @ (2,6,9) hp=2/4
    ✓ Паук B8            @ (1,7,3) hp=1/1
    ✗ Провокатор B7      @ (1,7,4) [уничтожен]
  Team C: живых 8/8
    ✓ Артиллерия C1      @ (9,3,3) hp=1/1
    ✓ Радиовышка C2      @ (8,4,9) hp=3/3
    ✓ Прыгун C3          @ (8,4,1) hp=2/2
    ✓ Факел C4           @ (9,3,5) hp=6/6
    ✓ Тишина C5          @ (8,4,8) hp=2/2
    ✓ Бурав C6           @ (9,3,1) hp=4/4
    ✓ Провокатор C7      @ (8,3,8) hp=2/2
    ✓ Паук C8            @ (8,4,5) hp=1/1

======================================================================
ХОД 2
======================================================================
✓ 🎮 GM: начинаем ход
GM: start_turn

--- Радиовышки: сканирование слоя Z ---
  Радиовышка B2 (z=2): слой чист
  Радиовышка C2 (z=9): видит 1 врагов [+1 эксклюзивно] → Бурав B6(2,6,9)

--- Решения ботов ---
  [Team A] Прыгун A3 (1,7,4) → MOVE (1,7,5)
  [Team A] Факел A4 (2,6,5) → SHOOT at (2,6,7)
  [Team A] Тишина A5 (2,6,6) → MOVE (2,7,6)
  [Team A] Бурав A6 (2,6,8) → MOVE (2,6,7)
  [Team A] Провокатор A7 (2,6,3) → HOLOGRAM (2,6,2)
  [Team A] Паук A8 (2,6,1) → MINE (2,6,2)
  [Team B] Артиллерия B1 (1,7,5) → SHOOT at (1,7,4)
  [Team B] Радиовышка B2 (2,6,2) → MOVE (2,6,3)
  [Team B] Прыгун B3 (2,6,7) → MOVE (2,6,5)
  [Team B] Факел B4 (1,7,7) → HEAL (AoE)
  [Team B] Тишина B5 (1,7,2) → MOVE (1,6,2)
  [Team B] Бурав B6 (2,6,9) → MOVE (2,6,8)
  [Team B] Паук B8 (1,7,3) → MINE (1,7,4)
  [Team C] Артиллерия C1 (9,3,3) → SHOOT at (2,6,9)
  [Team C] Радиовышка C2 (8,4,9) → MOVE (7,5,9)
  [Team C] Прыгун C3 (8,4,1) → MOVE (7,5,2)
  [Team C] Факел C4 (9,3,5) → MOVE (8,3,5)
  [Team C] Тишина C5 (8,4,8) → MOVE (8,5,9)
  [Team C] Бурав C6 (9,3,1) → MOVE (8,4,2)
  [Team C] Провокатор C7 (8,3,8) → MOVE (7,4,9)
  [Team C] Паук C8 (8,4,5) → MOVE (7,5,6)
! 🎮 GM: принудительно завершает фазу планирования
GM: end_planning
# 
============================================================
# 🔄 ОБРАБОТКА ХОДА 2
# ============================================================
   🌀 Тишина A5: фаза спала (действовала 1 ход)
   🌀 Тишина B5: фаза спала (действовала 1 ход)
!    ⚠️ Провокатор A7: клетка (2,6,2) занята кораблём
!    ⚠️ Паук A8: клетка (2,6,2) занята кораблём
!    ⚠️ Паук B8: клетка (1,7,4) занята кораблём

📦 ПЕРЕМЕЩЕНИЯ:
✓    💥 Прыгун A3 тараном уничтожил Артиллерия B1 в (1,7,5)
   Прыгун A3: (1, 7, 4) → (1,7,5)
   Тишина A5: (2, 6, 6) → (2,7,6)
✓    💥 Бурав A6 тараном уничтожил Прыгун B3 в (2,6,7)
   Бурав A6: (2, 6, 8) → (2,6,7)
!    ⚠️ Радиовышка B2: клетка (2,6,3) занята
   Тишина B5: (1, 7, 2) → (1,6,2)
   Бурав B6: (2, 6, 9) → (2,6,8)
   Радиовышка C2: (8, 4, 9) → (7,5,9)
   Прыгун C3: (8, 4, 1) → (7,5,2)
   Факел C4: (9, 3, 5) → (8,3,5)
   Тишина C5: (8, 4, 8) → (8,5,9)
!    ⚠️ Бурав C6: Бурав двигается только по 1 оси или по 2 осям строго диагонально
   Провокатор C7: (8, 3, 8) → (7,4,9)
   Паук C8: (8, 4, 5) → (7,5,6)

🎯 ВЫСТРЕЛЫ:
!    🛡️ Выстрел Факел A4 заблокирован союзником Бурав A6 в (2, 6, 7)
✓    💚 Факел B4 лечит Бурав B6 → hits=1/4
   Выпущено ракет: 2
# 
📊 РЕЗУЛЬТАТЫ ХОДА 2:
🎯 Попаданий нет

--- Результаты хода ---
  Team A / Прыгун A3          → Team B / Артиллерия B1      @ (1,7,5)  (УБИТ)
  Team A / Бурав A6           → Team B / Прыгун B3          @ (2,6,7)  (УБИТ)

--- Состояние команд после хода ---
  Team A: живых 6/8
    ✓ Прыгун A3          @ (1,7,5) hp=2/2
    ✓ Факел A4           @ (2,6,5) hp=6/6
    ✓ Тишина A5          @ (2,7,6) hp=2/2
    ✓ Бурав A6           @ (2,6,7) hp=4/4
    ✓ Провокатор A7      @ (2,6,3) hp=2/2
    ✓ Паук A8            @ (2,6,1) hp=1/1
    ✗ Артиллерия A1      @ (2,6,7) [уничтожен]
    ✗ Радиовышка A2      @ (2,6,9) [уничтожен]
  Team B: живых 5/8
    ✓ Радиовышка B2      @ (2,6,2) hp=3/3
    ✓ Факел B4           @ (1,7,7) hp=6/6
    ✓ Тишина B5          @ (1,6,2) hp=2/2
    ✓ Бурав B6           @ (2,6,8) hp=3/4
    ✓ Паук B8            @ (1,7,3) hp=1/1
    ✗ Артиллерия B1      @ (1,7,5) [уничтожен]
    ✗ Прыгун B3          @ (2,6,7) [уничтожен]
    ✗ Провокатор B7      @ (1,7,4) [уничтожен]
  Team C: живых 8/8
    ✓ Артиллерия C1      @ (9,3,3) hp=1/1
    ✓ Радиовышка C2      @ (7,5,9) hp=3/3
    ✓ Прыгун C3          @ (7,5,2) hp=2/2
    ✓ Факел C4           @ (8,3,5) hp=6/6
    ✓ Тишина C5          @ (8,5,9) hp=2/2
    ✓ Бурав C6           @ (9,3,1) hp=4/4
    ✓ Провокатор C7      @ (7,4,9) hp=2/2
    ✓ Паук C8            @ (7,5,6) hp=1/1

======================================================================
ХОД 3
======================================================================
✓ 🎮 GM: начинаем ход
GM: start_turn

--- Радиовышки: сканирование слоя Z ---
  Радиовышка B2 (z=2): видит 1 врагов [+1 эксклюзивно] → Прыгун C3(7,5,2)
  Радиовышка C2 (z=9): слой чист

--- Решения ботов ---
  [Team A] Прыгун A3 (1,7,5) → MOVE (1,7,7)
  [Team A] Факел A4 (2,6,5) → SHOOT at (2,6,8)
  [Team A] Тишина A5 (2,7,6) → MOVE (2,7,7)
  [Team A] Бурав A6 (2,6,7) → MOVE (2,6,8)
  [Team A] Провокатор A7 (2,6,3) → HOLOGRAM (2,6,2)
  [Team A] Паук A8 (2,6,1) → MINE (2,6,2)
  [Team B] Радиовышка B2 (2,6,2) → MOVE (2,6,3)
  [Team B] Факел B4 (1,7,7) → HEAL (AoE)
  [Team B] Тишина B5 (1,6,2) → MOVE (1,6,3)
  [Team B] Бурав B6 (2,6,8) → MOVE (2,6,5)
  [Team B] Паук B8 (1,7,3) → MINE (2,7,3)
  [Team C] Артиллерия C1 (9,3,3) → SHOOT at (4,4,7)
  [Team C] Радиовышка C2 (7,5,9) → MOVE (6,6,9)
  [Team C] Прыгун C3 (7,5,2) → MOVE (6,6,3)
  [Team C] Факел C4 (8,3,5) → MOVE (7,4,4)
  [Team C] Тишина C5 (8,5,9) → MOVE (7,6,9)
  [Team C] Бурав C6 (9,3,1) → MOVE (8,4,2)
  [Team C] Провокатор C7 (7,4,9) → MOVE (6,5,9)
  [Team C] Паук C8 (7,5,6) → MOVE (6,6,7)
! 🎮 GM: принудительно завершает фазу планирования
GM: end_planning
# 
============================================================
# 🔄 ОБРАБОТКА ХОДА 3
# ============================================================
!    ⚠️ Провокатор A7: клетка (2,6,2) занята кораблём
!    ⚠️ Паук A8: клетка (2,6,2) занята кораблём
   💣 Паук B8 установил мину M2 в (2,7,3)

📦 ПЕРЕМЕЩЕНИЯ:
✓    💥 Прыгун A3 тараном уничтожил Факел B4 в (1,7,7)
   Прыгун A3: (1, 7, 5) → (1,7,7)
   Тишина A5: (2, 7, 6) → (2,7,7)
✓    💥 Бурав A6 тараном уничтожил Бурав B6 в (2,6,8)
   Бурав A6: (2, 6, 7) → (2,6,8)
!    ⚠️ Радиовышка B2: клетка (2,6,3) занята
   Тишина B5: (1, 6, 2) → (1,6,3)
   Радиовышка C2: (7, 5, 9) → (6,6,9)
   Прыгун C3: (7, 5, 2) → (6,6,3)
   Факел C4: (8, 3, 5) → (7,4,4)
   Тишина C5: (8, 5, 9) → (7,6,9)
!    ⚠️ Бурав C6: Бурав двигается только по 1 оси или по 2 осям строго диагонально
   Провокатор C7: (7, 4, 9) → (6,5,9)
   Паук C8: (7, 5, 6) → (6,6,7)

🎯 ВЫСТРЕЛЫ:
!    🛡️ Выстрел Факел A4 заблокирован союзником Бурав A6 в (2, 6, 8)
   Выпущено ракет: 2
# 
📊 РЕЗУЛЬТАТЫ ХОДА 3:
🎯 Попаданий нет

--- Результаты хода ---
  Team A / Прыгун A3          → Team B / Факел B4           @ (1,7,7)  (УБИТ)
  Team A / Бурав A6           → Team B / Бурав B6           @ (2,6,8)  (УБИТ)

--- Состояние команд после хода ---
  Team A: живых 6/8
    ✓ Прыгун A3          @ (1,7,7) hp=2/2
    ✓ Факел A4           @ (2,6,5) hp=6/6
    ✓ Тишина A5          @ (2,7,7) hp=2/2
    ✓ Бурав A6           @ (2,6,8) hp=4/4
    ✓ Провокатор A7      @ (2,6,3) hp=2/2
    ✓ Паук A8            @ (2,6,1) hp=1/1
    ✗ Артиллерия A1      @ (2,6,7) [уничтожен]
    ✗ Радиовышка A2      @ (2,6,9) [уничтожен]
  Team B: живых 3/8
    ✓ Радиовышка B2      @ (2,6,2) hp=3/3
    ✓ Тишина B5          @ (1,6,3) hp=2/2
    ✓ Паук B8            @ (1,7,3) hp=1/1
    ✗ Артиллерия B1      @ (1,7,5) [уничтожен]
    ✗ Прыгун B3          @ (2,6,7) [уничтожен]
    ✗ Факел B4           @ (1,7,7) [уничтожен]
    ✗ Бурав B6           @ (2,6,8) [уничтожен]
    ✗ Провокатор B7      @ (1,7,4) [уничтожен]
  Team C: живых 8/8
    ✓ Артиллерия C1      @ (9,3,3) hp=1/1
    ✓ Радиовышка C2      @ (6,6,9) hp=3/3
    ✓ Прыгун C3          @ (6,6,3) hp=2/2
    ✓ Факел C4           @ (7,4,4) hp=6/6
    ✓ Тишина C5          @ (7,6,9) hp=2/2
    ✓ Бурав C6           @ (9,3,1) hp=4/4
    ✓ Провокатор C7      @ (6,5,9) hp=2/2
    ✓ Паук C8            @ (6,6,7) hp=1/1

======================================================================
ХОД 4
======================================================================
✓ 🎮 GM: начинаем ход
GM: start_turn

--- Радиовышки: сканирование слоя Z ---
  Радиовышка B2 (z=2): слой чист
  Радиовышка C2 (z=9): слой чист

--- Решения ботов ---
  [Team A] Прыгун A3 (1,7,7) → SHOOT at (1,7,3)
  [Team A] Факел A4 (2,6,5) → SHOOT at (2,6,2)
  [Team A] Тишина A5 (2,7,7) → MOVE (1,6,6)
  [Team A] Бурав A6 (2,6,8) → MOVE (3,6,9)
  [Team A] Провокатор A7 (2,6,3) → HOLOGRAM (2,6,2)
  [Team A] Паук A8 (2,6,1) → MINE (2,6,2)
  [Team B] Радиовышка B2 (2,6,2) → MOVE (2,6,3)
  [Team B] Паук B8 (1,7,3) → MINE (1,6,4)
  [Team B] Тишина B5 → SKIP
  [Team C] Артиллерия C1 (9,3,3) → SHOOT at (2,6,3)
  [Team C] Радиовышка C2 (6,6,9) → MOVE (5,6,8)
  [Team C] Прыгун C3 (6,6,3) → SHOOT at (2,6,3)
  [Team C] Факел C4 (7,4,4) → MOVE (8,4,3)
  [Team C] Тишина C5 (7,6,9) → PHASE toggle
  [Team C] Бурав C6 (9,3,1) → MOVE (8,4,2)
  [Team C] Провокатор C7 (6,5,9) → HOLOGRAM (5,5,9)
  [Team C] Паук C8 (6,6,7) → MINE (5,6,6)
! 🎮 GM: принудительно завершает фазу планирования
GM: end_planning
# 
============================================================
# 🔄 ОБРАБОТКА ХОДА 4
# ============================================================
   🌀 Тишина C5: уходит в фазу на 1 ход
!    ⚠️ Провокатор A7: клетка (2,6,2) занята кораблём
   🪞 Провокатор C7 создал голограмму H1 в (5,5,9)
!    ⚠️ Паук A8: клетка (2,6,2) занята кораблём
   💣 Паук B8 установил мину M3 в (1,6,4)
   💣 Паук C8 установил мину M4 в (5,6,6)

📦 ПЕРЕМЕЩЕНИЯ:
   Тишина A5: (2, 7, 7) → (1,6,6)
   Бурав A6: (2, 6, 8) → (3,6,9)
!    ⚠️ Радиовышка B2: клетка (2,6,3) занята
   Радиовышка C2: (6, 6, 9) → (5,6,8)
   Факел C4: (7, 4, 4) → (8,4,3)
!    ⚠️ Бурав C6: Бурав двигается только по 1 оси или по 2 осям строго диагонально

🎯 ВЫСТРЕЛЫ:
!    🛡️ Выстрел Факел A4 заблокирован союзником Провокатор A7 в (2, 6, 3)
✓    ✅ Прыгун A3 поразил Паук B8 (1 урона)!
✓    ✅ Артиллерия C1 поразил Провокатор A7 (2 урона)!
   💀 Прыгун C3 добивает Провокатор A7
✓    ✅ Прыгун C3 поразил Провокатор A7 (1 урона)!
   Выпущено ракет: 4
# 
📊 РЕЗУЛЬТАТЫ ХОДА 4:
✓ 💥 ПОПАДАНИЯ:
✓    Прыгун A3 (Team A) → Паук B8 (Team B)
✓    Артиллерия C1 (Team C) → Провокатор A7 (Team A)
✓    Прыгун C3 (Team C) → Провокатор A7 (Team A)

--- Результаты хода ---
  Team A / Прыгун A3          → Team B / Паук B8            @ (1,7,3)  (УБИТ)
  Team C / Артиллерия C1      → Team A / Провокатор A7      @ (2,6,3)  (УБИТ)
  Team C / Прыгун C3          → Team A / Провокатор A7      @ (2,6,3)  (ранен)

--- Состояние команд после хода ---
  Team A: живых 5/8
    ✓ Прыгун A3          @ (1,7,7) hp=2/2
    ✓ Факел A4           @ (2,6,5) hp=6/6
    ✓ Тишина A5          @ (1,6,6) hp=2/2
    ✓ Бурав A6           @ (3,6,9) hp=4/4
    ✓ Паук A8            @ (2,6,1) hp=1/1
    ✗ Артиллерия A1      @ (2,6,7) [уничтожен]
    ✗ Радиовышка A2      @ (2,6,9) [уничтожен]
    ✗ Провокатор A7      @ (2,6,3) [уничтожен]
  Team B: живых 2/8
    ✓ Радиовышка B2      @ (2,6,2) hp=3/3
    ✓ Тишина B5          @ (1,6,3) hp=2/2
    ✗ Артиллерия B1      @ (1,7,5) [уничтожен]
    ✗ Прыгун B3          @ (2,6,7) [уничтожен]
    ✗ Факел B4           @ (1,7,7) [уничтожен]
    ✗ Бурав B6           @ (2,6,8) [уничтожен]
    ✗ Провокатор B7      @ (1,7,4) [уничтожен]
    ✗ Паук B8            @ (1,7,3) [уничтожен]
  Team C: живых 8/8
    ✓ Артиллерия C1      @ (9,3,3) hp=1/1
    ✓ Радиовышка C2      @ (5,6,8) hp=3/3
    ✓ Прыгун C3          @ (6,6,3) hp=2/2
    ✓ Факел C4           @ (8,4,3) hp=6/6
    ✓ Тишина C5          @ (7,6,9) hp=2/2
    ✓ Бурав C6           @ (9,3,1) hp=4/4
    ✓ Провокатор C7      @ (6,5,9) hp=2/2
    ✓ Паук C8            @ (6,6,7) hp=1/1

======================================================================
ХОД 5
======================================================================
✓ 🎮 GM: начинаем ход
GM: start_turn

--- Радиовышки: сканирование слоя Z ---
  Радиовышка B2 (z=2): слой чист
  Радиовышка C2 (z=8): слой чист

--- Решения ботов ---
  [Team A] Прыгун A3 (1,7,7) → MOVE (1,6,7)
  [Team A] Факел A4 (2,6,5) → SHOOT at (2,6,2)
  [Team A] Тишина A5 (1,6,6) → PHASE toggle
  [Team A] Бурав A6 (3,6,9) → MOVE (4,6,8)
  [Team A] Паук A8 (2,6,1) → MINE (2,6,2)
  [Team B] Радиовышка B2 (2,6,2) → MOVE (2,6,1)
  [Team B] Тишина B5 (1,6,3) → PHASE toggle
  [Team C] Артиллерия C1 (9,3,3) → SHOOT at (1,7,7)
  [Team C] Радиовышка C2 (5,6,8) → MOVE (4,6,9)
  [Team C] Прыгун C3 (6,6,3) → MOVE (5,6,4)
  [Team C] Факел C4 (8,4,3) → MOVE (8,4,2)
  [Team C] Тишина C5 (7,6,9) → MOVE (6,6,9)
  [Team C] Бурав C6 (9,3,1) → MOVE (9,4,1)
  [Team C] Провокатор C7 (6,5,9) → HOLOGRAM (5,6,9)
  [Team C] Паук C8 (6,6,7) → MINE (5,6,7)
! 🎮 GM: принудительно завершает фазу планирования
GM: end_planning
# 
============================================================
# 🔄 ОБРАБОТКА ХОДА 5
# ============================================================
   🌀 Тишина C5: фаза спала (действовала 1 ход)
   🌀 Тишина A5: уходит в фазу на 1 ход
   🌀 Тишина B5: уходит в фазу на 1 ход
   🪞 Провокатор C7 создал голограмму H2 в (5,6,9)
!    ⚠️ Паук A8: клетка (2,6,2) занята кораблём
   💣 Паук C8 установил мину M5 в (5,6,7)

📦 ПЕРЕМЕЩЕНИЯ:
   Прыгун A3: (1, 7, 7) → (1,6,7)
   Бурав A6: (3, 6, 9) → (4,6,8)
!    ⚠️ Радиовышка B2: клетка (2,6,1) занята
   Радиовышка C2: (5, 6, 8) → (4,6,9)
   Прыгун C3: (6, 6, 3) → (5,6,4)
   Факел C4: (8, 4, 3) → (8,4,2)
   Тишина C5: (7, 6, 9) → (6,6,9)
   Бурав C6: (9, 3, 1) → (9,4,1)

🎯 ВЫСТРЕЛЫ:
✓    ✅ Факел A4 поразил Радиовышка B2 (1 урона)!
   Выпущено ракет: 2
# 
📊 РЕЗУЛЬТАТЫ ХОДА 5:
✓ 💥 ПОПАДАНИЯ:
✓    Факел A4 (Team A) → Радиовышка B2 (Team B)

--- Результаты хода ---
  Team A / Факел A4           → Team B / Радиовышка B2      @ (2,6,2)  (ранен)

--- Состояние команд после хода ---
  Team A: живых 5/8
    ✓ Прыгун A3          @ (1,6,7) hp=2/2
    ✓ Факел A4           @ (2,6,5) hp=6/6
    ✓ Тишина A5          @ (1,6,6) hp=2/2
    ✓ Бурав A6           @ (4,6,8) hp=4/4
    ✓ Паук A8            @ (2,6,1) hp=1/1
    ✗ Артиллерия A1      @ (2,6,7) [уничтожен]
    ✗ Радиовышка A2      @ (2,6,9) [уничтожен]
    ✗ Провокатор A7      @ (2,6,3) [уничтожен]
  Team B: живых 2/8
    ✓ Радиовышка B2      @ (2,6,2) hp=2/3
    ✓ Тишина B5          @ (1,6,3) hp=2/2
    ✗ Артиллерия B1      @ (1,7,5) [уничтожен]
    ✗ Прыгун B3          @ (2,6,7) [уничтожен]
    ✗ Факел B4           @ (1,7,7) [уничтожен]
    ✗ Бурав B6           @ (2,6,8) [уничтожен]
    ✗ Провокатор B7      @ (1,7,4) [уничтожен]
    ✗ Паук B8            @ (1,7,3) [уничтожен]
  Team C: живых 8/8
    ✓ Артиллерия C1      @ (9,3,3) hp=1/1
    ✓ Радиовышка C2      @ (4,6,9) hp=3/3
    ✓ Прыгун C3          @ (5,6,4) hp=2/2
    ✓ Факел C4           @ (8,4,2) hp=6/6
    ✓ Тишина C5          @ (6,6,9) hp=2/2
    ✓ Бурав C6           @ (9,4,1) hp=4/4
    ✓ Провокатор C7      @ (6,5,9) hp=2/2
    ✓ Паук C8            @ (6,6,7) hp=1/1

======================================================================
ХОД 6
======================================================================
✓ 🎮 GM: начинаем ход
GM: start_turn

--- Радиовышки: сканирование слоя Z ---
  Радиовышка B2 (z=2): видит 1 врагов [+1 эксклюзивно] → Факел C4(8,4,2)
  Радиовышка C2 (z=9): слой чист

--- Решения ботов ---
  [Team A] Прыгун A3 (1,6,7) → SHOOT at (6,6,7)
  [Team A] Факел A4 (2,6,5) → SHOOT at (2,6,2)
  [Team A] Тишина A5 (1,6,6) → MOVE (2,6,7)
  [Team A] Бурав A6 (4,6,8) → MOVE (4,6,9)
  [Team A] Паук A8 (2,6,1) → MINE (2,6,2)
  [Team B] Радиовышка B2 (2,6,2) → MOVE (2,6,1)
  [Team B] Тишина B5 (1,6,3) → MOVE (2,6,4)
  [Team C] Артиллерия C1 (9,3,3) → SHOOT at (1,6,7)
  [Team C] Радиовышка C2 (4,6,9) → MOVE (4,6,8)
  [Team C] Прыгун C3 (5,6,4) → MOVE (4,6,5)
  [Team C] Факел C4 (8,4,2) → MOVE (7,4,2)
  [Team C] Тишина C5 (6,6,9) → MOVE (5,6,8)
  [Team C] Бурав C6 (9,4,1) → MOVE (8,5,2)
  [Team C] Провокатор C7 (6,5,9) → HOLOGRAM (5,6,9)
  [Team C] Паук C8 (6,6,7) → MINE (6,6,8)
! 🎮 GM: принудительно завершает фазу планирования
GM: end_planning
# 
============================================================
# 🔄 ОБРАБОТКА ХОДА 6
# ============================================================
   🌀 Тишина A5: фаза спала (действовала 1 ход)
   🌀 Тишина B5: фаза спала (действовала 1 ход)
!    ⚠️ Провокатор C7: клетка (5,6,9) уже занята голограммой
!    ⚠️ Паук A8: клетка (2,6,2) занята кораблём
   💣 Паук C8 установил мину M6 в (6,6,8)

📦 ПЕРЕМЕЩЕНИЯ:
   Тишина A5: (1, 6, 6) → (2,6,7)
✓    💥 Бурав A6 тараном уничтожил Радиовышка C2 в (4,6,9)
   Бурав A6: (4, 6, 8) → (4,6,9)
!    ⚠️ Радиовышка B2: клетка (2,6,1) занята
   Тишина B5: (1, 6, 3) → (2,6,4)
   Прыгун C3: (5, 6, 4) → (4,6,5)
   Факел C4: (8, 4, 2) → (7,4,2)
   Тишина C5: (6, 6, 9) → (5,6,8)
!    ⚠️ Бурав C6: Бурав двигается только по 1 оси или по 2 осям строго диагонально

🎯 ВЫСТРЕЛЫ:
!    🛡️ Выстрел Прыгун A3 заблокирован союзником Тишина A5 в (2, 6, 7)
✓    ✅ Факел A4 поразил Тишина B5 (1 урона)!
✓    ✅ Артиллерия C1 поразил Прыгун A3 (2 урона)!
   Выпущено ракет: 3
# 
📊 РЕЗУЛЬТАТЫ ХОДА 6:
✓ 💥 ПОПАДАНИЯ:
✓    Факел A4 (Team A) → Тишина B5 (Team B)
✓    Артиллерия C1 (Team C) → Прыгун A3 (Team A)

--- Результаты хода ---
  Team A / Бурав A6           → Team C / Радиовышка C2      @ (4,6,9)  (УБИТ)
  Team A / Факел A4           → Team B / Тишина B5          @ (2,6,4)  (ранен)
  Team C / Артиллерия C1      → Team A / Прыгун A3          @ (1,6,7)  (УБИТ)

--- Состояние команд после хода ---
  Team A: живых 4/8
    ✓ Факел A4           @ (2,6,5) hp=6/6
    ✓ Тишина A5          @ (2,6,7) hp=2/2
    ✓ Бурав A6           @ (4,6,9) hp=4/4
    ✓ Паук A8            @ (2,6,1) hp=1/1
    ✗ Артиллерия A1      @ (2,6,7) [уничтожен]
    ✗ Радиовышка A2      @ (2,6,9) [уничтожен]
    ✗ Прыгун A3          @ (1,6,7) [уничтожен]
    ✗ Провокатор A7      @ (2,6,3) [уничтожен]
  Team B: живых 2/8
    ✓ Радиовышка B2      @ (2,6,2) hp=2/3
    ✓ Тишина B5          @ (2,6,4) hp=1/2
    ✗ Артиллерия B1      @ (1,7,5) [уничтожен]
    ✗ Прыгун B3          @ (2,6,7) [уничтожен]
    ✗ Факел B4           @ (1,7,7) [уничтожен]
    ✗ Бурав B6           @ (2,6,8) [уничтожен]
    ✗ Провокатор B7      @ (1,7,4) [уничтожен]
    ✗ Паук B8            @ (1,7,3) [уничтожен]
  Team C: живых 7/8
    ✓ Артиллерия C1      @ (9,3,3) hp=1/1
    ✓ Прыгун C3          @ (4,6,5) hp=2/2
    ✓ Факел C4           @ (7,4,2) hp=6/6
    ✓ Тишина C5          @ (5,6,8) hp=2/2
    ✓ Бурав C6           @ (9,4,1) hp=4/4
    ✓ Провокатор C7      @ (6,5,9) hp=2/2
    ✓ Паук C8            @ (6,6,7) hp=1/1
    ✗ Радиовышка C2      @ (4,6,9) [уничтожен]

======================================================================
ХОД 7
======================================================================
✓ 🎮 GM: начинаем ход
GM: start_turn

--- Радиовышки: сканирование слоя Z ---
  Радиовышка B2 (z=2): видит 1 врагов [+1 эксклюзивно] → Факел C4(7,4,2)

--- Решения ботов ---
  [Team A] Факел A4 (2,6,5) → SHOOT at (2,6,4)
  [Team A] Тишина A5 (2,6,7) → MOVE (3,6,6)
  [Team A] Бурав A6 (4,6,9) → MOVE (5,6,8)
  [Team A] Паук A8 (2,6,1) → MINE (2,6,2)
  [Team B] Радиовышка B2 (2,6,2) → MOVE (2,6,1)
  [Team B] Тишина B5 (2,6,4) → MOVE (2,6,5)
  [Team C] Артиллерия C1 (9,3,3) → SHOOT at (2,6,2)
  [Team C] Прыгун C3 (4,6,5) → MOVE (2,6,5)
  [Team C] Факел C4 (7,4,2) → MOVE (7,4,3)
  [Team C] Тишина C5 (5,6,8) → MOVE (4,6,9)
  [Team C] Бурав C6 (9,4,1) → MOVE (8,5,2)
  [Team C] Провокатор C7 (6,5,9) → HOLOGRAM (5,6,9)
  [Team C] Паук C8 (6,6,7) → MINE (6,6,8)
! 🎮 GM: принудительно завершает фазу планирования
GM: end_planning
# 
============================================================
# 🔄 ОБРАБОТКА ХОДА 7
# ============================================================
!    ⚠️ Провокатор C7: клетка (5,6,9) уже занята голограммой
!    ⚠️ Паук A8: клетка (2,6,2) занята кораблём
!    ⚠️ Паук C8: в клетке уже стоит мина

📦 ПЕРЕМЕЩЕНИЯ:
   Тишина A5: (2, 6, 7) → (3,6,6)
✓    💥 Бурав A6 тараном уничтожил Тишина C5 в (5,6,8)
   Бурав A6: (4, 6, 9) → (5,6,8)
!    ⚠️ Радиовышка B2: клетка (2,6,1) занята
!    ⚠️ Тишина B5: клетка (2,6,5) занята
✓    💥 Прыгун C3 тараном уничтожил Факел A4 в (2,6,5)
   Прыгун C3: (4, 6, 5) → (2,6,5)
   Факел C4: (7, 4, 2) → (7,4,3)
!    ⚠️ Бурав C6: Бурав двигается только по 1 оси или по 2 осям строго диагонально

🎯 ВЫСТРЕЛЫ:
✓    ✅ Артиллерия C1 поразил Радиовышка B2 (2 урона)!
   Выпущено ракет: 1
# 
📊 РЕЗУЛЬТАТЫ ХОДА 7:
✓ 💥 ПОПАДАНИЯ:
✓    Артиллерия C1 (Team C) → Радиовышка B2 (Team B)

--- Результаты хода ---
  Team A / Бурав A6           → Team C / Тишина C5          @ (5,6,8)  (УБИТ)
  Team C / Прыгун C3          → Team A / Факел A4           @ (2,6,5)  (УБИТ)
  Team C / Артиллерия C1      → Team B / Радиовышка B2      @ (2,6,2)  (УБИТ)

--- Состояние команд после хода ---
  Team A: живых 3/8
    ✓ Тишина A5          @ (3,6,6) hp=2/2
    ✓ Бурав A6           @ (5,6,8) hp=4/4
    ✓ Паук A8            @ (2,6,1) hp=1/1
    ✗ Артиллерия A1      @ (2,6,7) [уничтожен]
    ✗ Радиовышка A2      @ (2,6,9) [уничтожен]
    ✗ Прыгун A3          @ (1,6,7) [уничтожен]
    ✗ Факел A4           @ (2,6,5) [уничтожен]
    ✗ Провокатор A7      @ (2,6,3) [уничтожен]
  Team B: живых 1/8
    ✓ Тишина B5          @ (2,6,4) hp=1/2
    ✗ Артиллерия B1      @ (1,7,5) [уничтожен]
    ✗ Радиовышка B2      @ (2,6,2) [уничтожен]
    ✗ Прыгун B3          @ (2,6,7) [уничтожен]
    ✗ Факел B4           @ (1,7,7) [уничтожен]
    ✗ Бурав B6           @ (2,6,8) [уничтожен]
    ✗ Провокатор B7      @ (1,7,4) [уничтожен]
    ✗ Паук B8            @ (1,7,3) [уничтожен]
  Team C: живых 6/8
    ✓ Артиллерия C1      @ (9,3,3) hp=1/1
    ✓ Прыгун C3          @ (2,6,5) hp=2/2
    ✓ Факел C4           @ (7,4,3) hp=6/6
    ✓ Бурав C6           @ (9,4,1) hp=4/4
    ✓ Провокатор C7      @ (6,5,9) hp=2/2
    ✓ Паук C8            @ (6,6,7) hp=1/1
    ✗ Радиовышка C2      @ (4,6,9) [уничтожен]
    ✗ Тишина C5          @ (5,6,8) [уничтожен]

======================================================================
ХОД 8
======================================================================
✓ 🎮 GM: начинаем ход
GM: start_turn

--- Радиовышки: сканирование слоя Z ---
  (у команд не осталось живых радиовышек)

--- Решения ботов ---
  [Team A] Тишина A5 (3,6,6) → MOVE (2,6,5)
  [Team A] Бурав A6 (5,6,8) → MOVE (6,6,7)
  [Team A] Паук A8 (2,6,1) → MINE (2,6,2)
  [Team B] Тишина B5 (2,6,4) → MOVE (2,6,5)
  [Team C] Артиллерия C1 (9,3,3) → SHOOT at (2,6,4)
  [Team C] Прыгун C3 (2,6,5) → MOVE (3,6,6)
  [Team C] Факел C4 (7,4,3) → MOVE (8,4,3)
  [Team C] Бурав C6 (9,4,1) → MOVE (8,5,2)
  [Team C] Провокатор C7 (6,5,9) → HOLOGRAM (5,6,8)
  [Team C] Паук C8 (6,6,7) → MINE (5,6,8)
! 🎮 GM: принудительно завершает фазу планирования
GM: end_planning
# 
============================================================
# 🔄 ОБРАБОТКА ХОДА 8
# ============================================================
!    ⚠️ Провокатор C7: клетка (5,6,8) занята кораблём
   💣 Паук A8 установил мину M7 в (2,6,2)
!    ⚠️ Паук C8: клетка (5,6,8) занята кораблём

📦 ПЕРЕМЕЩЕНИЯ:
!    ⚠️ Тишина A5: клетка (2,6,5) занята
✓    💥 Бурав A6 тараном уничтожил Паук C8 в (6,6,7)
   Бурав A6: (5, 6, 8) → (6,6,7)
!    ⚠️ Тишина B5: клетка (2,6,5) занята
✓    💥 Прыгун C3 тараном уничтожил Тишина A5 в (3,6,6)
   Прыгун C3: (2, 6, 5) → (3,6,6)
   Факел C4: (7, 4, 3) → (8,4,3)
!    ⚠️ Бурав C6: Бурав двигается только по 1 оси или по 2 осям строго диагонально

🎯 ВЫСТРЕЛЫ:
✓    ✅ Артиллерия C1 поразил Тишина B5 (2 урона)!
   Выпущено ракет: 1
# 
📊 РЕЗУЛЬТАТЫ ХОДА 8:
✓ 💥 ПОПАДАНИЯ:
✓    Артиллерия C1 (Team C) → Тишина B5 (Team B)

--- Результаты хода ---
  Team A / Бурав A6           → Team C / Паук C8            @ (6,6,7)  (УБИТ)
  Team C / Прыгун C3          → Team A / Тишина A5          @ (3,6,6)  (УБИТ)
  Team C / Артиллерия C1      → Team B / Тишина B5          @ (2,6,4)  (УБИТ)

--- Состояние команд после хода ---
  Team A: живых 2/8
    ✓ Бурав A6           @ (6,6,7) hp=4/4
    ✓ Паук A8            @ (2,6,1) hp=1/1
    ✗ Артиллерия A1      @ (2,6,7) [уничтожен]
    ✗ Радиовышка A2      @ (2,6,9) [уничтожен]
    ✗ Прыгун A3          @ (1,6,7) [уничтожен]
    ✗ Факел A4           @ (2,6,5) [уничтожен]
    ✗ Тишина A5          @ (3,6,6) [уничтожен]
    ✗ Провокатор A7      @ (2,6,3) [уничтожен]
  Team B: живых 0/8
    ✗ Артиллерия B1      @ (1,7,5) [уничтожен]
    ✗ Радиовышка B2      @ (2,6,2) [уничтожен]
    ✗ Прыгун B3          @ (2,6,7) [уничтожен]
    ✗ Факел B4           @ (1,7,7) [уничтожен]
    ✗ Тишина B5          @ (2,6,4) [уничтожен]
    ✗ Бурав B6           @ (2,6,8) [уничтожен]
    ✗ Провокатор B7      @ (1,7,4) [уничтожен]
    ✗ Паук B8            @ (1,7,3) [уничтожен]
  Team C: живых 5/8
    ✓ Артиллерия C1      @ (9,3,3) hp=1/1
    ✓ Прыгун C3          @ (3,6,6) hp=2/2
    ✓ Факел C4           @ (8,4,3) hp=6/6
    ✓ Бурав C6           @ (9,4,1) hp=4/4
    ✓ Провокатор C7      @ (6,5,9) hp=2/2
    ✗ Радиовышка C2      @ (4,6,9) [уничтожен]
    ✗ Тишина C5          @ (5,6,8) [уничтожен]
    ✗ Паук C8            @ (6,6,7) [уничтожен]

======================================================================
ХОД 9
======================================================================
✓ 🎮 GM: начинаем ход
GM: start_turn

--- Радиовышки: сканирование слоя Z ---
  (у команд не осталось живых радиовышек)

--- Решения ботов ---
  [Team A] Бурав A6 (6,6,7) → MOVE (6,5,8)
  [Team A] Паук A8 (2,6,1) → MOVE (3,6,2)
  [Team B] все корабли пропускают ход
  [Team C] Артиллерия C1 (9,3,3) → SHOOT at (6,6,7)
  [Team C] Прыгун C3 (3,6,6) → MOVE (4,6,7)
  [Team C] Факел C4 (8,4,3) → MOVE (7,4,3)
  [Team C] Бурав C6 (9,4,1) → MOVE (8,5,2)
  [Team C] Провокатор C7 (6,5,9) → HOLOGRAM (6,6,8)
! 🎮 GM: принудительно завершает фазу планирования
GM: end_planning
# 
============================================================
# 🔄 ОБРАБОТКА ХОДА 9
# ============================================================
   🪞 Провокатор C7 создал голограмму H3 в (6,6,8)

📦 ПЕРЕМЕЩЕНИЯ:
   Бурав A6: (6, 6, 7) → (6,5,8)
   Паук A8: (2, 6, 1) → (3,6,2)
   Прыгун C3: (3, 6, 6) → (4,6,7)
   Факел C4: (8, 4, 3) → (7,4,3)
!    ⚠️ Бурав C6: Бурав двигается только по 1 оси или по 2 осям строго диагонально

🎯 ВЫСТРЕЛЫ:
   Выпущено ракет: 1
# 
📊 РЕЗУЛЬТАТЫ ХОДА 9:
🎯 Попаданий нет

--- Результаты хода ---
  Попаданий нет

--- Состояние команд после хода ---
  Team A: живых 2/8
    ✓ Бурав A6           @ (6,5,8) hp=4/4
    ✓ Паук A8            @ (3,6,2) hp=1/1
    ✗ Артиллерия A1      @ (2,6,7) [уничтожен]
    ✗ Радиовышка A2      @ (2,6,9) [уничтожен]
    ✗ Прыгун A3          @ (1,6,7) [уничтожен]
    ✗ Факел A4           @ (2,6,5) [уничтожен]
    ✗ Тишина A5          @ (3,6,6) [уничтожен]
    ✗ Провокатор A7      @ (2,6,3) [уничтожен]
  Team B: живых 0/8
    ✗ Артиллерия B1      @ (1,7,5) [уничтожен]
    ✗ Радиовышка B2      @ (2,6,2) [уничтожен]
    ✗ Прыгун B3          @ (2,6,7) [уничтожен]
    ✗ Факел B4           @ (1,7,7) [уничтожен]
    ✗ Тишина B5          @ (2,6,4) [уничтожен]
    ✗ Бурав B6           @ (2,6,8) [уничтожен]
    ✗ Провокатор B7      @ (1,7,4) [уничтожен]
    ✗ Паук B8            @ (1,7,3) [уничтожен]
  Team C: живых 5/8
    ✓ Артиллерия C1      @ (9,3,3) hp=1/1
    ✓ Прыгун C3          @ (4,6,7) hp=2/2
    ✓ Факел C4           @ (7,4,3) hp=6/6
    ✓ Бурав C6           @ (9,4,1) hp=4/4
    ✓ Провокатор C7      @ (6,5,9) hp=2/2
    ✗ Радиовышка C2      @ (4,6,9) [уничтожен]
    ✗ Тишина C5          @ (5,6,8) [уничтожен]
    ✗ Паук C8            @ (6,6,7) [уничтожен]

======================================================================
ХОД 10
======================================================================
✓ 🎮 GM: начинаем ход
GM: start_turn

--- Радиовышки: сканирование слоя Z ---
  (у команд не осталось живых радиовышек)

--- Решения ботов ---
  [Team A] Бурав A6 (6,5,8) → MOVE (6,5,9)
  [Team A] Паук A8 (3,6,2) → MINE (4,5,3)
  [Team B] все корабли пропускают ход
  [Team C] Артиллерия C1 (9,3,3) → SHOOT at (3,6,2)
  [Team C] Прыгун C3 (4,6,7) → MOVE (6,5,8)
  [Team C] Бурав C6 (9,4,1) → MOVE (8,5,2)
  [Team C] Провокатор C7 (6,5,9) → SHOOT at (6,5,8)
  [Team C] Факел C4 → SKIP
! 🎮 GM: принудительно завершает фазу планирования
GM: end_planning
# 
============================================================
# 🔄 ОБРАБОТКА ХОДА 10
# ============================================================
   💣 Паук A8 установил мину M8 в (4,5,3)

📦 ПЕРЕМЕЩЕНИЯ:
✓    💥 Бурав A6 тараном уничтожил Провокатор C7 в (6,5,9)
   Бурав A6: (6, 5, 8) → (6,5,9)
   Прыгун C3: (4, 6, 7) → (6,5,8)
!    ⚠️ Бурав C6: Бурав двигается только по 1 оси или по 2 осям строго диагонально

🎯 ВЫСТРЕЛЫ:
✓    ✅ Артиллерия C1 поразил Паук A8 (2 урона)!
   Выпущено ракет: 1
# 
📊 РЕЗУЛЬТАТЫ ХОДА 10:
✓ 💥 ПОПАДАНИЯ:
✓    Артиллерия C1 (Team C) → Паук A8 (Team A)

--- Результаты хода ---
  Team A / Бурав A6           → Team C / Провокатор C7      @ (6,5,9)  (УБИТ)
  Team C / Артиллерия C1      → Team A / Паук A8            @ (3,6,2)  (УБИТ)

--- Состояние команд после хода ---
  Team A: живых 1/8
    ✓ Бурав A6           @ (6,5,9) hp=4/4
    ✗ Артиллерия A1      @ (2,6,7) [уничтожен]
    ✗ Радиовышка A2      @ (2,6,9) [уничтожен]
    ✗ Прыгун A3          @ (1,6,7) [уничтожен]
    ✗ Факел A4           @ (2,6,5) [уничтожен]
    ✗ Тишина A5          @ (3,6,6) [уничтожен]
    ✗ Провокатор A7      @ (2,6,3) [уничтожен]
    ✗ Паук A8            @ (3,6,2) [уничтожен]
  Team B: живых 0/8
    ✗ Артиллерия B1      @ (1,7,5) [уничтожен]
    ✗ Радиовышка B2      @ (2,6,2) [уничтожен]
    ✗ Прыгун B3          @ (2,6,7) [уничтожен]
    ✗ Факел B4           @ (1,7,7) [уничтожен]
    ✗ Тишина B5          @ (2,6,4) [уничтожен]
    ✗ Бурав B6           @ (2,6,8) [уничтожен]
    ✗ Провокатор B7      @ (1,7,4) [уничтожен]
    ✗ Паук B8            @ (1,7,3) [уничтожен]
  Team C: живых 4/8
    ✓ Артиллерия C1      @ (9,3,3) hp=1/1
    ✓ Прыгун C3          @ (6,5,8) hp=2/2
    ✓ Факел C4           @ (7,4,3) hp=6/6
    ✓ Бурав C6           @ (9,4,1) hp=4/4
    ✗ Радиовышка C2      @ (4,6,9) [уничтожен]
    ✗ Тишина C5          @ (5,6,8) [уничтожен]
    ✗ Провокатор C7      @ (6,5,9) [уничтожен]
    ✗ Паук C8            @ (6,6,7) [уничтожен]

======================================================================
ХОД 11
======================================================================
✓ 🎮 GM: начинаем ход
GM: start_turn

--- Радиовышки: сканирование слоя Z ---
  (у команд не осталось живых радиовышек)

--- Решения ботов ---
  [Team A] Бурав A6 (6,5,9) → MOVE (6,5,8)
  [Team B] все корабли пропускают ход
  [Team C] Артиллерия C1 (9,3,3) → SHOOT at (6,5,9)
  [Team C] Прыгун C3 (6,5,8) → MOVE (6,5,9)
  [Team C] Факел C4 (7,4,3) → MOVE (8,4,4)
  [Team C] Бурав C6 (9,4,1) → MOVE (8,5,2)
! 🎮 GM: принудительно завершает фазу планирования
GM: end_planning
# 
============================================================
# 🔄 ОБРАБОТКА ХОДА 11
# ============================================================

📦 ПЕРЕМЕЩЕНИЯ:
✓    💥 Бурав A6 тараном уничтожил Прыгун C3 в (6,5,8)
   Бурав A6: (6, 5, 9) → (6,5,8)
   Факел C4: (7, 4, 3) → (8,4,4)
!    ⚠️ Бурав C6: Бурав двигается только по 1 оси или по 2 осям строго диагонально

🎯 ВЫСТРЕЛЫ:
   Выпущено ракет: 1
# 
📊 РЕЗУЛЬТАТЫ ХОДА 11:
🎯 Попаданий нет

--- Результаты хода ---
  Team A / Бурав A6           → Team C / Прыгун C3          @ (6,5,8)  (УБИТ)

--- Состояние команд после хода ---
  Team A: живых 1/8
    ✓ Бурав A6           @ (6,5,8) hp=4/4
    ✗ Артиллерия A1      @ (2,6,7) [уничтожен]
    ✗ Радиовышка A2      @ (2,6,9) [уничтожен]
    ✗ Прыгун A3          @ (1,6,7) [уничтожен]
    ✗ Факел A4           @ (2,6,5) [уничтожен]
    ✗ Тишина A5          @ (3,6,6) [уничтожен]
    ✗ Провокатор A7      @ (2,6,3) [уничтожен]
    ✗ Паук A8            @ (3,6,2) [уничтожен]
  Team B: живых 0/8
    ✗ Артиллерия B1      @ (1,7,5) [уничтожен]
    ✗ Радиовышка B2      @ (2,6,2) [уничтожен]
    ✗ Прыгун B3          @ (2,6,7) [уничтожен]
    ✗ Факел B4           @ (1,7,7) [уничтожен]
    ✗ Тишина B5          @ (2,6,4) [уничтожен]
    ✗ Бурав B6           @ (2,6,8) [уничтожен]
    ✗ Провокатор B7      @ (1,7,4) [уничтожен]
    ✗ Паук B8            @ (1,7,3) [уничтожен]
  Team C: живых 3/8
    ✓ Артиллерия C1      @ (9,3,3) hp=1/1
    ✓ Факел C4           @ (8,4,4) hp=6/6
    ✓ Бурав C6           @ (9,4,1) hp=4/4
    ✗ Радиовышка C2      @ (4,6,9) [уничтожен]
    ✗ Прыгун C3          @ (6,5,8) [уничтожен]
    ✗ Тишина C5          @ (5,6,8) [уничтожен]
    ✗ Провокатор C7      @ (6,5,9) [уничтожен]
    ✗ Паук C8            @ (6,6,7) [уничтожен]

======================================================================
ХОД 12
======================================================================
✓ 🎮 GM: начинаем ход
GM: start_turn

--- Радиовышки: сканирование слоя Z ---
  (у команд не осталось живых радиовышек)

--- Решения ботов ---
  [Team A] Бурав A6 (6,5,8) → MOVE (7,4,7)
  [Team B] все корабли пропускают ход
  [Team C] Артиллерия C1 (9,3,3) → SHOOT at (6,5,8)
  [Team C] Факел C4 (8,4,4) → MOVE (8,3,3)
  [Team C] Бурав C6 (9,4,1) → MOVE (8,5,2)
! 🎮 GM: принудительно завершает фазу планирования
GM: end_planning
# 
============================================================
# 🔄 ОБРАБОТКА ХОДА 12
# ============================================================

📦 ПЕРЕМЕЩЕНИЯ:
!    ⚠️ Бурав A6: Бурав двигается только по 1 оси или по 2 осям строго диагонально
   Факел C4: (8, 4, 4) → (8,3,3)
!    ⚠️ Бурав C6: Бурав двигается только по 1 оси или по 2 осям строго диагонально

🎯 ВЫСТРЕЛЫ:
✓    ✅ Артиллерия C1 поразил Бурав A6 (2 урона)!
   Выпущено ракет: 1
# 
📊 РЕЗУЛЬТАТЫ ХОДА 12:
✓ 💥 ПОПАДАНИЯ:
✓    Артиллерия C1 (Team C) → Бурав A6 (Team A)

--- Результаты хода ---
  Team C / Артиллерия C1      → Team A / Бурав A6           @ (6,5,8)  (ранен)

--- Состояние команд после хода ---
  Team A: живых 1/8
    ✓ Бурав A6           @ (6,5,8) hp=2/4
    ✗ Артиллерия A1      @ (2,6,7) [уничтожен]
    ✗ Радиовышка A2      @ (2,6,9) [уничтожен]
    ✗ Прыгун A3          @ (1,6,7) [уничтожен]
    ✗ Факел A4           @ (2,6,5) [уничтожен]
    ✗ Тишина A5          @ (3,6,6) [уничтожен]
    ✗ Провокатор A7      @ (2,6,3) [уничтожен]
    ✗ Паук A8            @ (3,6,2) [уничтожен]
  Team B: живых 0/8
    ✗ Артиллерия B1      @ (1,7,5) [уничтожен]
    ✗ Радиовышка B2      @ (2,6,2) [уничтожен]
    ✗ Прыгун B3          @ (2,6,7) [уничтожен]
    ✗ Факел B4           @ (1,7,7) [уничтожен]
    ✗ Тишина B5          @ (2,6,4) [уничтожен]
    ✗ Бурав B6           @ (2,6,8) [уничтожен]
    ✗ Провокатор B7      @ (1,7,4) [уничтожен]
    ✗ Паук B8            @ (1,7,3) [уничтожен]
  Team C: живых 3/8
    ✓ Артиллерия C1      @ (9,3,3) hp=1/1
    ✓ Факел C4           @ (8,3,3) hp=6/6
    ✓ Бурав C6           @ (9,4,1) hp=4/4
    ✗ Радиовышка C2      @ (4,6,9) [уничтожен]
    ✗ Прыгун C3          @ (6,5,8) [уничтожен]
    ✗ Тишина C5          @ (5,6,8) [уничтожен]
    ✗ Провокатор C7      @ (6,5,9) [уничтожен]
    ✗ Паук C8            @ (6,6,7) [уничтожен]

======================================================================
ХОД 13
======================================================================
✓ 🎮 GM: начинаем ход
GM: start_turn

--- Радиовышки: сканирование слоя Z ---
  (у команд не осталось живых радиовышек)

--- Решения ботов ---
  [Team A] Бурав A6 (6,5,8) → MOVE (7,4,7)
  [Team B] все корабли пропускают ход
  [Team C] Артиллерия C1 (9,3,3) → SHOOT at (8,3,6)
  [Team C] Факел C4 (8,3,3) → MOVE (9,3,2)
  [Team C] Бурав C6 (9,4,1) → MOVE (8,5,2)
! 🎮 GM: принудительно завершает фазу планирования
GM: end_planning
# 
============================================================
# 🔄 ОБРАБОТКА ХОДА 13
# ============================================================

📦 ПЕРЕМЕЩЕНИЯ:
!    ⚠️ Бурав A6: Бурав двигается только по 1 оси или по 2 осям строго диагонально
   Факел C4: (8, 3, 3) → (9,3,2)
!    ⚠️ Бурав C6: Бурав двигается только по 1 оси или по 2 осям строго диагонально

🎯 ВЫСТРЕЛЫ:
   Выпущено ракет: 1
# 
📊 РЕЗУЛЬТАТЫ ХОДА 13:
🎯 Попаданий нет

--- Результаты хода ---
  Попаданий нет

--- Состояние команд после хода ---
  Team A: живых 1/8
    ✓ Бурав A6           @ (6,5,8) hp=2/4
    ✗ Артиллерия A1      @ (2,6,7) [уничтожен]
    ✗ Радиовышка A2      @ (2,6,9) [уничтожен]
    ✗ Прыгун A3          @ (1,6,7) [уничтожен]
    ✗ Факел A4           @ (2,6,5) [уничтожен]
    ✗ Тишина A5          @ (3,6,6) [уничтожен]
    ✗ Провокатор A7      @ (2,6,3) [уничтожен]
    ✗ Паук A8            @ (3,6,2) [уничтожен]
  Team B: живых 0/8
    ✗ Артиллерия B1      @ (1,7,5) [уничтожен]
    ✗ Радиовышка B2      @ (2,6,2) [уничтожен]
    ✗ Прыгун B3          @ (2,6,7) [уничтожен]
    ✗ Факел B4           @ (1,7,7) [уничтожен]
    ✗ Тишина B5          @ (2,6,4) [уничтожен]
    ✗ Бурав B6           @ (2,6,8) [уничтожен]
    ✗ Провокатор B7      @ (1,7,4) [уничтожен]
    ✗ Паук B8            @ (1,7,3) [уничтожен]
  Team C: живых 3/8
    ✓ Артиллерия C1      @ (9,3,3) hp=1/1
    ✓ Факел C4           @ (9,3,2) hp=6/6
    ✓ Бурав C6           @ (9,4,1) hp=4/4
    ✗ Радиовышка C2      @ (4,6,9) [уничтожен]
    ✗ Прыгун C3          @ (6,5,8) [уничтожен]
    ✗ Тишина C5          @ (5,6,8) [уничтожен]
    ✗ Провокатор C7      @ (6,5,9) [уничтожен]
    ✗ Паук C8            @ (6,6,7) [уничтожен]

======================================================================
ХОД 14
======================================================================
✓ 🎮 GM: начинаем ход
GM: start_turn

--- Радиовышки: сканирование слоя Z ---
  (у команд не осталось живых радиовышек)

--- Решения ботов ---
  [Team A] Бурав A6 (6,5,8) → MOVE (7,4,7)
  [Team B] все корабли пропускают ход
  [Team C] Артиллерия C1 (9,3,3) → SHOOT at (9,2,5)
  [Team C] Бурав C6 (9,4,1) → MOVE (8,5,2)
  [Team C] Факел C4 → SKIP
! 🎮 GM: принудительно завершает фазу планирования
GM: end_planning
# 
============================================================
# 🔄 ОБРАБОТКА ХОДА 14
# ============================================================

📦 ПЕРЕМЕЩЕНИЯ:
!    ⚠️ Бурав A6: Бурав двигается только по 1 оси или по 2 осям строго диагонально
!    ⚠️ Бурав C6: Бурав двигается только по 1 оси или по 2 осям строго диагонально

🎯 ВЫСТРЕЛЫ:
   Выпущено ракет: 1
# 
📊 РЕЗУЛЬТАТЫ ХОДА 14:
🎯 Попаданий нет

--- Результаты хода ---
  Попаданий нет

--- Состояние команд после хода ---
  Team A: живых 1/8
    ✓ Бурав A6           @ (6,5,8) hp=2/4
    ✗ Артиллерия A1      @ (2,6,7) [уничтожен]
    ✗ Радиовышка A2      @ (2,6,9) [уничтожен]
    ✗ Прыгун A3          @ (1,6,7) [уничтожен]
    ✗ Факел A4           @ (2,6,5) [уничтожен]
    ✗ Тишина A5          @ (3,6,6) [уничтожен]
    ✗ Провокатор A7      @ (2,6,3) [уничтожен]
    ✗ Паук A8            @ (3,6,2) [уничтожен]
  Team B: живых 0/8
    ✗ Артиллерия B1      @ (1,7,5) [уничтожен]
    ✗ Радиовышка B2      @ (2,6,2) [уничтожен]
    ✗ Прыгун B3          @ (2,6,7) [уничтожен]
    ✗ Факел B4           @ (1,7,7) [уничтожен]
    ✗ Тишина B5          @ (2,6,4) [уничтожен]
    ✗ Бурав B6           @ (2,6,8) [уничтожен]
    ✗ Провокатор B7      @ (1,7,4) [уничтожен]
    ✗ Паук B8            @ (1,7,3) [уничтожен]
  Team C: живых 3/8
    ✓ Артиллерия C1      @ (9,3,3) hp=1/1
    ✓ Факел C4           @ (9,3,2) hp=6/6
    ✓ Бурав C6           @ (9,4,1) hp=4/4
    ✗ Радиовышка C2      @ (4,6,9) [уничтожен]
    ✗ Прыгун C3          @ (6,5,8) [уничтожен]
    ✗ Тишина C5          @ (5,6,8) [уничтожен]
    ✗ Провокатор C7      @ (6,5,9) [уничтожен]
    ✗ Паук C8            @ (6,6,7) [уничтожен]

======================================================================
ХОД 15
======================================================================
✓ 🎮 GM: начинаем ход
GM: start_turn

--- Радиовышки: сканирование слоя Z ---
  (у команд не осталось живых радиовышек)

--- Решения ботов ---
  [Team A] Бурав A6 (6,5,8) → MOVE (7,4,7)
  [Team B] все корабли пропускают ход
  [Team C] Артиллерия C1 (9,3,3) → SHOOT at (9,2,5)
  [Team C] Бурав C6 (9,4,1) → MOVE (8,5,2)
  [Team C] Факел C4 → SKIP
! 🎮 GM: принудительно завершает фазу планирования
GM: end_planning
# 
============================================================
# 🔄 ОБРАБОТКА ХОДА 15
# ============================================================

📦 ПЕРЕМЕЩЕНИЯ:
!    ⚠️ Бурав A6: Бурав двигается только по 1 оси или по 2 осям строго диагонально
!    ⚠️ Бурав C6: Бурав двигается только по 1 оси или по 2 осям строго диагонально

🎯 ВЫСТРЕЛЫ:
   Выпущено ракет: 1
# 
📊 РЕЗУЛЬТАТЫ ХОДА 15:
🎯 Попаданий нет

--- Результаты хода ---
  Попаданий нет

--- Состояние команд после хода ---
  Team A: живых 1/8
    ✓ Бурав A6           @ (6,5,8) hp=2/4
    ✗ Артиллерия A1      @ (2,6,7) [уничтожен]
    ✗ Радиовышка A2      @ (2,6,9) [уничтожен]
    ✗ Прыгун A3          @ (1,6,7) [уничтожен]
    ✗ Факел A4           @ (2,6,5) [уничтожен]
    ✗ Тишина A5          @ (3,6,6) [уничтожен]
    ✗ Провокатор A7      @ (2,6,3) [уничтожен]
    ✗ Паук A8            @ (3,6,2) [уничтожен]
  Team B: живых 0/8
    ✗ Артиллерия B1      @ (1,7,5) [уничтожен]
    ✗ Радиовышка B2      @ (2,6,2) [уничтожен]
    ✗ Прыгун B3          @ (2,6,7) [уничтожен]
    ✗ Факел B4           @ (1,7,7) [уничтожен]
    ✗ Тишина B5          @ (2,6,4) [уничтожен]
    ✗ Бурав B6           @ (2,6,8) [уничтожен]
    ✗ Провокатор B7      @ (1,7,4) [уничтожен]
    ✗ Паук B8            @ (1,7,3) [уничтожен]
  Team C: живых 3/8
    ✓ Артиллерия C1      @ (9,3,3) hp=1/1
    ✓ Факел C4           @ (9,3,2) hp=6/6
    ✓ Бурав C6           @ (9,4,1) hp=4/4
    ✗ Радиовышка C2      @ (4,6,9) [уничтожен]
    ✗ Прыгун C3          @ (6,5,8) [уничтожен]
    ✗ Тишина C5          @ (5,6,8) [уничтожен]
    ✗ Провокатор C7      @ (6,5,9) [уничтожен]
    ✗ Паук C8            @ (6,6,7) [уничтожен]

======================================================================
ХОД 16
======================================================================
✓ 🎮 GM: начинаем ход
GM: start_turn

--- Радиовышки: сканирование слоя Z ---
  (у команд не осталось живых радиовышек)

--- Решения ботов ---
  [Team A] Бурав A6 (6,5,8) → MOVE (7,4,7)
  [Team B] все корабли пропускают ход
  [Team C] Артиллерия C1 (9,3,3) → SHOOT at (9,2,5)
  [Team C] Бурав C6 (9,4,1) → MOVE (8,5,2)
  [Team C] Факел C4 → SKIP
! 🎮 GM: принудительно завершает фазу планирования
GM: end_planning
# 
============================================================
# 🔄 ОБРАБОТКА ХОДА 16
# ============================================================

📦 ПЕРЕМЕЩЕНИЯ:
!    ⚠️ Бурав A6: Бурав двигается только по 1 оси или по 2 осям строго диагонально
!    ⚠️ Бурав C6: Бурав двигается только по 1 оси или по 2 осям строго диагонально

🎯 ВЫСТРЕЛЫ:
   Выпущено ракет: 1
# 
📊 РЕЗУЛЬТАТЫ ХОДА 16:
🎯 Попаданий нет

--- Результаты хода ---
  Попаданий нет

--- Состояние команд после хода ---
  Team A: живых 1/8
    ✓ Бурав A6           @ (6,5,8) hp=2/4
    ✗ Артиллерия A1      @ (2,6,7) [уничтожен]
    ✗ Радиовышка A2      @ (2,6,9) [уничтожен]
    ✗ Прыгун A3          @ (1,6,7) [уничтожен]
    ✗ Факел A4           @ (2,6,5) [уничтожен]
    ✗ Тишина A5          @ (3,6,6) [уничтожен]
    ✗ Провокатор A7      @ (2,6,3) [уничтожен]
    ✗ Паук A8            @ (3,6,2) [уничтожен]
  Team B: живых 0/8
    ✗ Артиллерия B1      @ (1,7,5) [уничтожен]
    ✗ Радиовышка B2      @ (2,6,2) [уничтожен]
    ✗ Прыгун B3          @ (2,6,7) [уничтожен]
    ✗ Факел B4           @ (1,7,7) [уничтожен]
    ✗ Тишина B5          @ (2,6,4) [уничтожен]
    ✗ Бурав B6           @ (2,6,8) [уничтожен]
    ✗ Провокатор B7      @ (1,7,4) [уничтожен]
    ✗ Паук B8            @ (1,7,3) [уничтожен]
  Team C: живых 3/8
    ✓ Артиллерия C1      @ (9,3,3) hp=1/1
    ✓ Факел C4           @ (9,3,2) hp=6/6
    ✓ Бурав C6           @ (9,4,1) hp=4/4
    ✗ Радиовышка C2      @ (4,6,9) [уничтожен]
    ✗ Прыгун C3          @ (6,5,8) [уничтожен]
    ✗ Тишина C5          @ (5,6,8) [уничтожен]
    ✗ Провокатор C7      @ (6,5,9) [уничтожен]
    ✗ Паук C8            @ (6,6,7) [уничтожен]

======================================================================
ХОД 17
======================================================================
✓ 🎮 GM: начинаем ход
GM: start_turn

--- Радиовышки: сканирование слоя Z ---
  (у команд не осталось живых радиовышек)

--- Решения ботов ---
  [Team A] Бурав A6 (6,5,8) → MOVE (7,4,7)
  [Team B] все корабли пропускают ход
  [Team C] Артиллерия C1 (9,3,3) → SHOOT at (9,2,5)
  [Team C] Бурав C6 (9,4,1) → MOVE (8,5,2)
  [Team C] Факел C4 → SKIP
! 🎮 GM: принудительно завершает фазу планирования
GM: end_planning
# 
============================================================
# 🔄 ОБРАБОТКА ХОДА 17
# ============================================================

📦 ПЕРЕМЕЩЕНИЯ:
!    ⚠️ Бурав A6: Бурав двигается только по 1 оси или по 2 осям строго диагонально
!    ⚠️ Бурав C6: Бурав двигается только по 1 оси или по 2 осям строго диагонально

🎯 ВЫСТРЕЛЫ:
   Выпущено ракет: 1
# 
📊 РЕЗУЛЬТАТЫ ХОДА 17:
🎯 Попаданий нет

--- Результаты хода ---
  Попаданий нет

--- Состояние команд после хода ---
  Team A: живых 1/8
    ✓ Бурав A6           @ (6,5,8) hp=2/4
    ✗ Артиллерия A1      @ (2,6,7) [уничтожен]
    ✗ Радиовышка A2      @ (2,6,9) [уничтожен]
    ✗ Прыгун A3          @ (1,6,7) [уничтожен]
    ✗ Факел A4           @ (2,6,5) [уничтожен]
    ✗ Тишина A5          @ (3,6,6) [уничтожен]
    ✗ Провокатор A7      @ (2,6,3) [уничтожен]
    ✗ Паук A8            @ (3,6,2) [уничтожен]
  Team B: живых 0/8
    ✗ Артиллерия B1      @ (1,7,5) [уничтожен]
    ✗ Радиовышка B2      @ (2,6,2) [уничтожен]
    ✗ Прыгун B3          @ (2,6,7) [уничтожен]
    ✗ Факел B4           @ (1,7,7) [уничтожен]
    ✗ Тишина B5          @ (2,6,4) [уничтожен]
    ✗ Бурав B6           @ (2,6,8) [уничтожен]
    ✗ Провокатор B7      @ (1,7,4) [уничтожен]
    ✗ Паук B8            @ (1,7,3) [уничтожен]
  Team C: живых 3/8
    ✓ Артиллерия C1      @ (9,3,3) hp=1/1
    ✓ Факел C4           @ (9,3,2) hp=6/6
    ✓ Бурав C6           @ (9,4,1) hp=4/4
    ✗ Радиовышка C2      @ (4,6,9) [уничтожен]
    ✗ Прыгун C3          @ (6,5,8) [уничтожен]
    ✗ Тишина C5          @ (5,6,8) [уничтожен]
    ✗ Провокатор C7      @ (6,5,9) [уничтожен]
    ✗ Паук C8            @ (6,6,7) [уничтожен]

======================================================================
ХОД 18
======================================================================
✓ 🎮 GM: начинаем ход
GM: start_turn

--- Радиовышки: сканирование слоя Z ---
  (у команд не осталось живых радиовышек)

--- Решения ботов ---
  [Team A] Бурав A6 (6,5,8) → MOVE (7,4,7)
  [Team B] все корабли пропускают ход
  [Team C] Артиллерия C1 (9,3,3) → SHOOT at (9,2,5)
  [Team C] Бурав C6 (9,4,1) → MOVE (8,5,2)
  [Team C] Факел C4 → SKIP
! 🎮 GM: принудительно завершает фазу планирования
GM: end_planning
# 
============================================================
# 🔄 ОБРАБОТКА ХОДА 18
# ============================================================

📦 ПЕРЕМЕЩЕНИЯ:
!    ⚠️ Бурав A6: Бурав двигается только по 1 оси или по 2 осям строго диагонально
!    ⚠️ Бурав C6: Бурав двигается только по 1 оси или по 2 осям строго диагонально

🎯 ВЫСТРЕЛЫ:
   Выпущено ракет: 1
# 
📊 РЕЗУЛЬТАТЫ ХОДА 18:
🎯 Попаданий нет

--- Результаты хода ---
  Попаданий нет

--- Состояние команд после хода ---
  Team A: живых 1/8
    ✓ Бурав A6           @ (6,5,8) hp=2/4
    ✗ Артиллерия A1      @ (2,6,7) [уничтожен]
    ✗ Радиовышка A2      @ (2,6,9) [уничтожен]
    ✗ Прыгун A3          @ (1,6,7) [уничтожен]
    ✗ Факел A4           @ (2,6,5) [уничтожен]
    ✗ Тишина A5          @ (3,6,6) [уничтожен]
    ✗ Провокатор A7      @ (2,6,3) [уничтожен]
    ✗ Паук A8            @ (3,6,2) [уничтожен]
  Team B: живых 0/8
    ✗ Артиллерия B1      @ (1,7,5) [уничтожен]
    ✗ Радиовышка B2      @ (2,6,2) [уничтожен]
    ✗ Прыгун B3          @ (2,6,7) [уничтожен]
    ✗ Факел B4           @ (1,7,7) [уничтожен]
    ✗ Тишина B5          @ (2,6,4) [уничтожен]
    ✗ Бурав B6           @ (2,6,8) [уничтожен]
    ✗ Провокатор B7      @ (1,7,4) [уничтожен]
    ✗ Паук B8            @ (1,7,3) [уничтожен]
  Team C: живых 3/8
    ✓ Артиллерия C1      @ (9,3,3) hp=1/1
    ✓ Факел C4           @ (9,3,2) hp=6/6
    ✓ Бурав C6           @ (9,4,1) hp=4/4
    ✗ Радиовышка C2      @ (4,6,9) [уничтожен]
    ✗ Прыгун C3          @ (6,5,8) [уничтожен]
    ✗ Тишина C5          @ (5,6,8) [уничтожен]
    ✗ Провокатор C7      @ (6,5,9) [уничтожен]
    ✗ Паук C8            @ (6,6,7) [уничтожен]

======================================================================
ХОД 19
======================================================================
✓ 🎮 GM: начинаем ход
GM: start_turn

--- Радиовышки: сканирование слоя Z ---
  (у команд не осталось живых радиовышек)

--- Решения ботов ---
  [Team A] Бурав A6 (6,5,8) → MOVE (5,5,7)
  [Team B] все корабли пропускают ход
  [Team C] Артиллерия C1 (9,3,3) → SHOOT at (0,0,1)
  [Team C] Бурав C6 (9,4,1) → MOVE (8,5,2)
  [Team C] Факел C4 → SKIP
! 🎮 GM: принудительно завершает фазу планирования
GM: end_planning
# 
============================================================
# 🔄 ОБРАБОТКА ХОДА 19
# ============================================================

📦 ПЕРЕМЕЩЕНИЯ:
   Бурав A6: (6, 5, 8) → (5,5,7)
!    ⚠️ Бурав C6: Бурав двигается только по 1 оси или по 2 осям строго диагонально

🎯 ВЫСТРЕЛЫ:
   Выпущено ракет: 1
# 
📊 РЕЗУЛЬТАТЫ ХОДА 19:
🎯 Попаданий нет

--- Результаты хода ---
  Попаданий нет

--- Состояние команд после хода ---
  Team A: живых 1/8
    ✓ Бурав A6           @ (5,5,7) hp=2/4
    ✗ Артиллерия A1      @ (2,6,7) [уничтожен]
    ✗ Радиовышка A2      @ (2,6,9) [уничтожен]
    ✗ Прыгун A3          @ (1,6,7) [уничтожен]
    ✗ Факел A4           @ (2,6,5) [уничтожен]
    ✗ Тишина A5          @ (3,6,6) [уничтожен]
    ✗ Провокатор A7      @ (2,6,3) [уничтожен]
    ✗ Паук A8            @ (3,6,2) [уничтожен]
  Team B: живых 0/8
    ✗ Артиллерия B1      @ (1,7,5) [уничтожен]
    ✗ Радиовышка B2      @ (2,6,2) [уничтожен]
    ✗ Прыгун B3          @ (2,6,7) [уничтожен]
    ✗ Факел B4           @ (1,7,7) [уничтожен]
    ✗ Тишина B5          @ (2,6,4) [уничтожен]
    ✗ Бурав B6           @ (2,6,8) [уничтожен]
    ✗ Провокатор B7      @ (1,7,4) [уничтожен]
    ✗ Паук B8            @ (1,7,3) [уничтожен]
  Team C: живых 3/8
    ✓ Артиллерия C1      @ (9,3,3) hp=1/1
    ✓ Факел C4           @ (9,3,2) hp=6/6
    ✓ Бурав C6           @ (9,4,1) hp=4/4
    ✗ Радиовышка C2      @ (4,6,9) [уничтожен]
    ✗ Прыгун C3          @ (6,5,8) [уничтожен]
    ✗ Тишина C5          @ (5,6,8) [уничтожен]
    ✗ Провокатор C7      @ (6,5,9) [уничтожен]
    ✗ Паук C8            @ (6,6,7) [уничтожен]

======================================================================
ХОД 20
======================================================================
✓ 🎮 GM: начинаем ход
GM: start_turn

--- Радиовышки: сканирование слоя Z ---
  (у команд не осталось живых радиовышек)

--- Решения ботов ---
  [Team A] Бурав A6 (5,5,7) → MOVE (6,4,6)
  [Team B] все корабли пропускают ход
  [Team C] Артиллерия C1 (9,3,3) → SHOOT at (5,5,7)
  [Team C] Бурав C6 (9,4,1) → MOVE (8,5,2)
  [Team C] Факел C4 → SKIP
! 🎮 GM: принудительно завершает фазу планирования
GM: end_planning
# 
============================================================
# 🔄 ОБРАБОТКА ХОДА 20
# ============================================================

📦 ПЕРЕМЕЩЕНИЯ:
!    ⚠️ Бурав A6: Бурав двигается только по 1 оси или по 2 осям строго диагонально
!    ⚠️ Бурав C6: Бурав двигается только по 1 оси или по 2 осям строго диагонально

🎯 ВЫСТРЕЛЫ:
✓    ✅ Артиллерия C1 поразил Бурав A6 (2 урона)!
   Выпущено ракет: 1
# 
📊 РЕЗУЛЬТАТЫ ХОДА 20:
✓ 💥 ПОПАДАНИЯ:
✓    Артиллерия C1 (Team C) → Бурав A6 (Team A)
# 
🎮🎮🎮🎮🎮🎮🎮🎮🎮🎮🎮🎮🎮🎮🎮🎮🎮🎮🎮🎮
#         ИГРА ОКОНЧЕНА!
# 🎮🎮🎮🎮🎮🎮🎮🎮🎮🎮🎮🎮🎮🎮🎮🎮🎮🎮🎮🎮
✓         🏆 ПОБЕДИТЕЛЬ: Team C

--- Результаты хода ---
  Team C / Артиллерия C1      → Team A / Бурав A6           @ (5,5,7)  (УБИТ)

--- Состояние команд после хода ---
  Team A: живых 0/8
    ✗ Артиллерия A1      @ (2,6,7) [уничтожен]
    ✗ Радиовышка A2      @ (2,6,9) [уничтожен]
    ✗ Прыгун A3          @ (1,6,7) [уничтожен]
    ✗ Факел A4           @ (2,6,5) [уничтожен]
    ✗ Тишина A5          @ (3,6,6) [уничтожен]
    ✗ Бурав A6           @ (5,5,7) [уничтожен]
    ✗ Провокатор A7      @ (2,6,3) [уничтожен]
    ✗ Паук A8            @ (3,6,2) [уничтожен]
  Team B: живых 0/8
    ✗ Артиллерия B1      @ (1,7,5) [уничтожен]
    ✗ Радиовышка B2      @ (2,6,2) [уничтожен]
    ✗ Прыгун B3          @ (2,6,7) [уничтожен]
    ✗ Факел B4           @ (1,7,7) [уничтожен]
    ✗ Тишина B5          @ (2,6,4) [уничтожен]
    ✗ Бурав B6           @ (2,6,8) [уничтожен]
    ✗ Провокатор B7      @ (1,7,4) [уничтожен]
    ✗ Паук B8            @ (1,7,3) [уничтожен]
  Team C: живых 3/8
    ✓ Артиллерия C1      @ (9,3,3) hp=1/1
    ✓ Факел C4           @ (9,3,2) hp=6/6
    ✓ Бурав C6           @ (9,4,1) hp=4/4
    ✗ Радиовышка C2      @ (4,6,9) [уничтожен]
    ✗ Прыгун C3          @ (6,5,8) [уничтожен]
    ✗ Тишина C5          @ (5,6,8) [уничтожен]
    ✗ Провокатор C7      @ (6,5,9) [уничтожен]
    ✗ Паук C8            @ (6,6,7) [уничтожен]

======================================================================
ИТОГ
======================================================================
Игра окончена. Победитель: Team C
Ходов сыграно: 20

--- Сводка по командам ---
  Team A: 0/8 живых; hp=0
  Team B: 0/8 живых; hp=0
  Team C: 3/8 живых; hp=11

--- Сводка по пассивкам радиовышек ---
  Team A: сканирований=1, всего врагов-в-слоях=2, уникальных эксклюзивных (видны только радиовышкой)=1
  Team B: сканирований=7, всего врагов-в-слоях=5, уникальных эксклюзивных (видны только радиовышкой)=3
  Team C: сканирований=6, всего врагов-в-слоях=3, уникальных эксклюзивных (видны только радиовышкой)=2

--- Сводка по попаданиям ---
  Всего событий (шоты+тараны+мины): 26
  Уничтожено кораблей всего: 21
  Team A: урон=28 хиты=3 тараны=10 мины(сработало)=0 убийств=11
  Team B: урон=4 хиты=0 тараны=2 мины(сработало)=0 убийств=2
  Team C: урон=25 хиты=9 тараны=2 мины(сработало)=0 убийств=8
! 🎮 GM: остановка игры
