======================================================================
Space Battle 10×10×10 — simulation run at 2026-04-20T13:44:08+00:00
Game mode: advanced
Seed: 154
✓ 🚀 Продвинутый режим: создаю разные типы кораблей
   Команда A: спавн вдоль оси X от (3, 6, 7) до (5, 6, 7)
   Команда B: спавн вдоль оси Z от (9, 0, 7) до (9, 0, 2)
   Команда C: спавн вдоль оси Y от (7, 1, 9) до (7, 5, 9)
✓ ✅ Создано 24 кораблей


--- СТАРТОВАЯ РАССТАНОВКА ---
  Team A: живых 8/8
    ✓ Артиллерия A1      @ (3,6,7) hp=1/1
    ✓ Радиовышка A2      @ (7,6,7) hp=3/3
    ✓ Прыгун A3          @ (0,6,7) hp=2/2
    ✓ Факел A4           @ (9,6,7) hp=6/6
    ✓ Тишина A5          @ (2,6,7) hp=2/2
    ✓ Бурав A6           @ (6,6,7) hp=4/4
    ✓ Провокатор A7      @ (4,6,7) hp=2/2
    ✓ Паук A8            @ (5,6,7) hp=1/1
  Team B: живых 8/8
    ✓ Артиллерия B1      @ (9,0,7) hp=1/1
    ✓ Радиовышка B2      @ (9,0,8) hp=3/3
    ✓ Прыгун B3          @ (9,0,0) hp=2/2
    ✓ Факел B4           @ (9,0,6) hp=6/6
    ✓ Тишина B5          @ (9,0,3) hp=2/2
    ✓ Бурав B6           @ (9,0,4) hp=4/4
    ✓ Провокатор B7      @ (9,0,5) hp=2/2
    ✓ Паук B8            @ (9,0,2) hp=1/1
  Team C: живых 8/8
    ✓ Артиллерия C1      @ (7,1,9) hp=1/1
    ✓ Радиовышка C2      @ (7,4,9) hp=3/3
    ✓ Прыгун C3          @ (7,8,9) hp=2/2
    ✓ Факел C4           @ (7,9,9) hp=6/6
    ✓ Тишина C5          @ (7,0,9) hp=2/2
    ✓ Бурав C6           @ (7,2,9) hp=4/4
    ✓ Провокатор C7      @ (7,7,9) hp=2/2
    ✓ Паук C8            @ (7,5,9) hp=1/1

======================================================================
ХОД 1
======================================================================
✓ 🎮 GM: начинаем ход
GM: start_turn

--- Радиовышки: сканирование слоя Z ---
  Радиовышка A2 (z=7): видит 1 врагов [+1 эксклюзивно] → Артиллерия B1(9,0,7)
  Радиовышка B2 (z=8): слой чист
  Радиовышка C2 (z=9): слой чист

--- Решения ботов ---
  [Team A] Артиллерия A1 (3,6,7) → SHOOT at (9,0,7)
  [Team A] Радиовышка A2 (7,6,7) → MOVE (7,5,8)
  [Team A] Прыгун A3 (0,6,7) → MOVE (1,5,8)
  [Team A] Факел A4 (9,6,7) → MOVE (8,6,7)
  [Team A] Тишина A5 (2,6,7) → PHASE toggle
  [Team A] Бурав A6 (6,6,7) → MOVE (6,5,7)
  [Team A] Провокатор A7 (4,6,7) → HOLOGRAM (5,5,8)
  [Team A] Паук A8 (5,6,7) → MINE (6,5,8)
  [Team B] Артиллерия B1 (9,0,7) → SHOOT at (7,1,9)
  [Team B] Радиовышка B2 (9,0,8) → MOVE (8,1,9)
  [Team B] Прыгун B3 (9,0,0) → MOVE (8,1,1)
  [Team B] Тишина B5 (9,0,3) → PHASE toggle
  [Team B] Бурав B6 (9,0,4) → MOVE (8,1,5)
  [Team B] Провокатор B7 (9,0,5) → HOLOGRAM (8,1,6)
  [Team B] Паук B8 (9,0,2) → MOVE (8,1,3)
  [Team B] Факел B4 → SKIP
  [Team C] Артиллерия C1 (7,1,9) → SHOOT at (9,0,7)
  [Team C] Радиовышка C2 (7,4,9) → MOVE (7,5,8)
  [Team C] Прыгун C3 (7,8,9) → MOVE (9,6,7)
  [Team C] Тишина C5 (7,0,9) → PHASE toggle
  [Team C] Бурав C6 (7,2,9) → MOVE (8,1,8)
  [Team C] Провокатор C7 (7,7,9) → HOLOGRAM (7,6,8)
  [Team C] Паук C8 (7,5,9) → MINE (7,5,8)
  [Team C] Факел C4 → SKIP
! 🎮 GM: принудительно завершает фазу планирования
GM: end_planning
# 
============================================================
# 🔄 ОБРАБОТКА ХОДА 1
# ============================================================
   🌀 Тишина A5: уходит в фазу на 1 ход
   🌀 Тишина B5: уходит в фазу на 1 ход
   🌀 Тишина C5: уходит в фазу на 1 ход
   🪞 Провокатор A7 создал голограмму H1 в (5,5,8)
   🪞 Провокатор B7 создал голограмму H2 в (8,1,6)
   🪞 Провокатор C7 создал голограмму H3 в (7,6,8)
   💣 Паук A8 установил мину M1 в (6,5,8)
   💣 Паук C8 установил мину M2 в (7,5,8)

📦 ПЕРЕМЕЩЕНИЯ:
   Радиовышка A2: (7, 6, 7) → (7,5,8)
!    💥 Мина M2 сработала под Радиовышка A2 (урон 2)
   Прыгун A3: (0, 6, 7) → (1,5,8)
   Факел A4: (9, 6, 7) → (8,6,7)
   Бурав A6: (6, 6, 7) → (6,5,7)
   Радиовышка B2: (9, 0, 8) → (8,1,9)
   Прыгун B3: (9, 0, 0) → (8,1,1)
!    ⚠️ Бурав B6: Бурав двигается только по 1 оси или по 2 осям строго диагонально
   Паук B8: (9, 0, 2) → (8,1,3)
!    ⚠️ Радиовышка C2: клетка (7,5,8) занята
   Прыгун C3: (7, 8, 9) → (9,6,7)
!    ⚠️ Бурав C6: Бурав двигается только по 1 оси или по 2 осям строго диагонально

🎯 ВЫСТРЕЛЫ:
✓    ✅ Артиллерия A1 поразил Артиллерия B1 (2 урона)!
✓    ✅ Артиллерия B1 поразил Артиллерия C1 (2 урона)!
   💀 Артиллерия C1 добивает Артиллерия B1
✓    ✅ Артиллерия C1 поразил Артиллерия B1 (2 урона)!
   Выпущено ракет: 3
# 
📊 РЕЗУЛЬТАТЫ ХОДА 1:
✓ 💥 ПОПАДАНИЯ:
✓    Артиллерия A1 (Team A) → Артиллерия B1 (Team B)
✓    Артиллерия B1 (Team B) → Артиллерия C1 (Team C)
✓    Артиллерия C1 (Team C) → Артиллерия B1 (Team B)

--- Результаты хода ---
  ? / ?                  → Team A / Радиовышка A2      @ (7,5,8)  (ранен)
  Team A / Артиллерия A1      → Team B / Артиллерия B1      @ (9,0,7)  (УБИТ)
  Team B / Артиллерия B1      → Team C / Артиллерия C1      @ (7,1,9)  (УБИТ)
  Team C / Артиллерия C1      → Team B / Артиллерия B1      @ (9,0,7)  (ранен)

--- Состояние команд после хода ---
  Team A: живых 8/8
    ✓ Артиллерия A1      @ (3,6,7) hp=1/1
    ✓ Радиовышка A2      @ (7,5,8) hp=1/3
    ✓ Прыгун A3          @ (1,5,8) hp=2/2
    ✓ Факел A4           @ (8,6,7) hp=6/6
    ✓ Тишина A5          @ (2,6,7) hp=2/2
    ✓ Бурав A6           @ (6,5,7) hp=4/4
    ✓ Провокатор A7      @ (4,6,7) hp=2/2
    ✓ Паук A8            @ (5,6,7) hp=1/1
  Team B: живых 7/8
    ✓ Радиовышка B2      @ (8,1,9) hp=3/3
    ✓ Прыгун B3          @ (8,1,1) hp=2/2
    ✓ Факел B4           @ (9,0,6) hp=6/6
    ✓ Тишина B5          @ (9,0,3) hp=2/2
    ✓ Бурав B6           @ (9,0,4) hp=4/4
    ✓ Провокатор B7      @ (9,0,5) hp=2/2
    ✓ Паук B8            @ (8,1,3) hp=1/1
    ✗ Артиллерия B1      @ (9,0,7) [уничтожен]
  Team C: живых 7/8
    ✓ Радиовышка C2      @ (7,4,9) hp=3/3
    ✓ Прыгун C3          @ (9,6,7) hp=2/2
    ✓ Факел C4           @ (7,9,9) hp=6/6
    ✓ Тишина C5          @ (7,0,9) hp=2/2
    ✓ Бурав C6           @ (7,2,9) hp=4/4
    ✓ Провокатор C7      @ (7,7,9) hp=2/2
    ✓ Паук C8            @ (7,5,9) hp=1/1
    ✗ Артиллерия C1      @ (7,1,9) [уничтожен]

======================================================================
ХОД 2
======================================================================
✓ 🎮 GM: начинаем ход
GM: start_turn

--- Радиовышки: сканирование слоя Z ---
  Радиовышка A2 (z=8): слой чист
  Радиовышка B2 (z=9): видит 5 врагов [+3 эксклюзивно] → Бурав C6(7,2,9), Радиовышка C2(7,4,9), Паук C8(7,5,9), Провокатор C7(7,7,9), Факел C4(7,9,9)
  Радиовышка C2 (z=9): видит 1 врагов  → Радиовышка B2(8,1,9)

--- Решения ботов ---
  [Team A] Артиллерия A1 (3,6,7) → SHOOT at (7,7,9)
  [Team A] Радиовышка A2 (7,5,8) → MOVE (7,4,9)
  [Team A] Прыгун A3 (1,5,8) → MOVE (2,4,9)
  [Team A] Факел A4 (8,6,7) → HEAL (AoE)
  [Team A] Тишина A5 (2,6,7) → MOVE (3,5,8)
  [Team A] Бурав A6 (6,5,7) → MOVE (7,4,8)
  [Team A] Провокатор A7 (4,6,7) → HOLOGRAM (5,5,8)
  [Team A] Паук A8 (5,6,7) → MINE (6,5,8)
  [Team B] Радиовышка B2 (8,1,9) → MOVE (7,2,9)
  [Team B] Прыгун B3 (8,1,1) → MOVE (7,2,2)
  [Team B] Факел B4 (9,0,6) → MOVE (8,0,6)
  [Team B] Тишина B5 (9,0,3) → MOVE (8,1,4)
  [Team B] Бурав B6 (9,0,4) → MOVE (8,1,5)
  [Team B] Провокатор B7 (9,0,5) → HOLOGRAM (8,1,6)
  [Team B] Паук B8 (8,1,3) → MINE (7,2,4)
  [Team C] Радиовышка C2 (7,4,9) → MOVE (7,5,8)
  [Team C] Прыгун C3 (9,6,7) → MOVE (8,6,7)
  [Team C] Факел C4 (7,9,9) → MOVE (7,8,8)
  [Team C] Тишина C5 (7,0,9) → MOVE (8,1,9)
  [Team C] Бурав C6 (7,2,9) → MOVE (8,2,9)
  [Team C] Провокатор C7 (7,7,9) → HOLOGRAM (7,6,8)
  [Team C] Паук C8 (7,5,9) → MINE (6,5,8)
! 🎮 GM: принудительно завершает фазу планирования
GM: end_planning
# 
============================================================
# 🔄 ОБРАБОТКА ХОДА 2
# ============================================================
   🌀 Тишина A5: фаза спала (действовала 1 ход)
   🌀 Тишина B5: фаза спала (действовала 1 ход)
   🌀 Тишина C5: фаза спала (действовала 1 ход)
!    ⚠️ Провокатор A7: клетка (5,5,8) уже занята голограммой
!    ⚠️ Провокатор B7: клетка (8,1,6) уже занята голограммой
!    ⚠️ Провокатор C7: клетка (7,6,8) уже занята голограммой
!    ⚠️ Паук A8: в клетке уже стоит мина
   💣 Паук B8 установил мину M3 в (7,2,4)
!    ⚠️ Паук C8: в клетке уже стоит мина

📦 ПЕРЕМЕЩЕНИЯ:
!    ⚠️ Радиовышка A2: клетка (7,4,9) занята
   Прыгун A3: (1, 5, 8) → (2,4,9)
   Тишина A5: (2, 6, 7) → (3,5,8)
!    ⚠️ Бурав A6: Бурав двигается только по 1 оси или по 2 осям строго диагонально
!    ⚠️ Радиовышка B2: клетка (7,2,9) занята
   Прыгун B3: (8, 1, 1) → (7,2,2)
   Факел B4: (9, 0, 6) → (8,0,6)
   Тишина B5: (9, 0, 3) → (8,1,4)
!    ⚠️ Бурав B6: Бурав двигается только по 1 оси или по 2 осям строго диагонально
!    ⚠️ Радиовышка C2: клетка (7,5,8) занята
✓    💥 Прыгун C3 тараном уничтожил Факел A4 в (8,6,7)
   Прыгун C3: (9, 6, 7) → (8,6,7)
   Факел C4: (7, 9, 9) → (7,8,8)
!    ⚠️ Тишина C5: клетка (8,1,9) занята
   Бурав C6: (7, 2, 9) → (8,2,9)

🎯 ВЫСТРЕЛЫ:
✓    ✅ Артиллерия A1 поразил Провокатор C7 (2 урона)!
   Выпущено ракет: 1
# 
📊 РЕЗУЛЬТАТЫ ХОДА 2:
✓ 💥 ПОПАДАНИЯ:
✓    Артиллерия A1 (Team A) → Провокатор C7 (Team C)

--- Результаты хода ---
  Team C / Прыгун C3          → Team A / Факел A4           @ (8,6,7)  (УБИТ)
  Team A / Артиллерия A1      → Team C / Провокатор C7      @ (7,7,9)  (УБИТ)

--- Состояние команд после хода ---
  Team A: живых 7/8
    ✓ Артиллерия A1      @ (3,6,7) hp=1/1
    ✓ Радиовышка A2      @ (7,5,8) hp=1/3
    ✓ Прыгун A3          @ (2,4,9) hp=2/2
    ✓ Тишина A5          @ (3,5,8) hp=2/2
    ✓ Бурав A6           @ (6,5,7) hp=4/4
    ✓ Провокатор A7      @ (4,6,7) hp=2/2
    ✓ Паук A8            @ (5,6,7) hp=1/1
    ✗ Факел A4           @ (8,6,7) [уничтожен]
  Team B: живых 7/8
    ✓ Радиовышка B2      @ (8,1,9) hp=3/3
    ✓ Прыгун B3          @ (7,2,2) hp=2/2
    ✓ Факел B4           @ (8,0,6) hp=6/6
    ✓ Тишина B5          @ (8,1,4) hp=2/2
    ✓ Бурав B6           @ (9,0,4) hp=4/4
    ✓ Провокатор B7      @ (9,0,5) hp=2/2
    ✓ Паук B8            @ (8,1,3) hp=1/1
    ✗ Артиллерия B1      @ (9,0,7) [уничтожен]
  Team C: живых 6/8
    ✓ Радиовышка C2      @ (7,4,9) hp=3/3
    ✓ Прыгун C3          @ (8,6,7) hp=2/2
    ✓ Факел C4           @ (7,8,8) hp=6/6
    ✓ Тишина C5          @ (7,0,9) hp=2/2
    ✓ Бурав C6           @ (8,2,9) hp=4/4
    ✓ Паук C8            @ (7,5,9) hp=1/1
    ✗ Артиллерия C1      @ (7,1,9) [уничтожен]
    ✗ Провокатор C7      @ (7,7,9) [уничтожен]

======================================================================
ХОД 3
======================================================================
✓ 🎮 GM: начинаем ход
GM: start_turn

--- Радиовышки: сканирование слоя Z ---
  Радиовышка A2 (z=8): видит 1 врагов  → Факел C4(7,8,8)
  Радиовышка B2 (z=9): видит 5 врагов [+2 эксклюзивно] → Прыгун A3(2,4,9), Тишина C5(7,0,9), Радиовышка C2(7,4,9), Паук C8(7,5,9), Бурав C6(8,2,9)
  Радиовышка C2 (z=9): видит 2 врагов [+1 эксклюзивно] → Прыгун A3(2,4,9), Радиовышка B2(8,1,9)

--- Решения ботов ---
  [Team A] Артиллерия A1 (3,6,7) → SHOOT at (8,6,7)
  [Team A] Радиовышка A2 (7,5,8) → MOVE (7,4,9)
  [Team A] Прыгун A3 (2,4,9) → SHOOT at (7,4,9)
  [Team A] Тишина A5 (3,5,8) → MOVE (4,4,9)
  [Team A] Бурав A6 (6,5,7) → MOVE (7,4,8)
  [Team A] Провокатор A7 (4,6,7) → HOLOGRAM (5,5,8)
  [Team A] Паук A8 (5,6,7) → MINE (6,7,7)
  [Team B] Радиовышка B2 (8,1,9) → MOVE (7,0,9)
  [Team B] Прыгун B3 (7,2,2) → MOVE (6,3,3)
  [Team B] Факел B4 (8,0,6) → MOVE (8,0,5)
  [Team B] Тишина B5 (8,1,4) → MOVE (7,2,5)
  [Team B] Бурав B6 (9,0,4) → MOVE (8,1,5)
  [Team B] Провокатор B7 (9,0,5) → HOLOGRAM (8,1,6)
  [Team B] Паук B8 (8,1,3) → MINE (7,2,4)
  [Team C] Радиовышка C2 (7,4,9) → MOVE (7,5,8)
  [Team C] Прыгун C3 (8,6,7) → MOVE (6,5,7)
  [Team C] Факел C4 (7,8,8) → SHOOT at (7,5,8)
  [Team C] Тишина C5 (7,0,9) → MOVE (8,1,9)
  [Team C] Паук C8 (7,5,9) → MINE (6,5,8)
  [Team C] Бурав C6 → SKIP
! 🎮 GM: принудительно завершает фазу планирования
GM: end_planning
# 
============================================================
# 🔄 ОБРАБОТКА ХОДА 3
# ============================================================
!    ⚠️ Провокатор A7: клетка (5,5,8) уже занята голограммой
!    ⚠️ Провокатор B7: клетка (8,1,6) уже занята голограммой
   💣 Паук A8 установил мину M4 в (6,7,7)
!    ⚠️ Паук B8: в клетке уже стоит мина
!    ⚠️ Паук C8: в клетке уже стоит мина

📦 ПЕРЕМЕЩЕНИЯ:
!    ⚠️ Радиовышка A2: клетка (7,4,9) занята
   Тишина A5: (3, 5, 8) → (4,4,9)
!    ⚠️ Бурав A6: Бурав двигается только по 1 оси или по 2 осям строго диагонально
!    ⚠️ Радиовышка B2: клетка (7,0,9) занята
   Прыгун B3: (7, 2, 2) → (6,3,3)
   Факел B4: (8, 0, 6) → (8,0,5)
   Тишина B5: (8, 1, 4) → (7,2,5)
!    ⚠️ Бурав B6: Бурав двигается только по 1 оси или по 2 осям строго диагонально
!    ⚠️ Радиовышка C2: клетка (7,5,8) занята
✓    💥 Прыгун C3 тараном уничтожил Бурав A6 в (6,5,7)
   Прыгун C3: (8, 6, 7) → (6,5,7)
!    ⚠️ Тишина C5: клетка (8,1,9) занята

🎯 ВЫСТРЕЛЫ:
!    🛡️ Выстрел Прыгун A3 заблокирован союзником Тишина A5 в (4, 4, 9)
!    🛡️ Выстрел Факел C4 гасится собственной голограммой в (7, 6, 8)
   Выпущено ракет: 3
# 
📊 РЕЗУЛЬТАТЫ ХОДА 3:
🎯 Попаданий нет

--- Результаты хода ---
  Team C / Прыгун C3          → Team A / Бурав A6           @ (6,5,7)  (УБИТ)

--- Состояние команд после хода ---
  Team A: живых 6/8
    ✓ Артиллерия A1      @ (3,6,7) hp=1/1
    ✓ Радиовышка A2      @ (7,5,8) hp=1/3
    ✓ Прыгун A3          @ (2,4,9) hp=2/2
    ✓ Тишина A5          @ (4,4,9) hp=2/2
    ✓ Провокатор A7      @ (4,6,7) hp=2/2
    ✓ Паук A8            @ (5,6,7) hp=1/1
    ✗ Факел A4           @ (8,6,7) [уничтожен]
    ✗ Бурав A6           @ (6,5,7) [уничтожен]
  Team B: живых 7/8
    ✓ Радиовышка B2      @ (8,1,9) hp=3/3
    ✓ Прыгун B3          @ (6,3,3) hp=2/2
    ✓ Факел B4           @ (8,0,5) hp=6/6
    ✓ Тишина B5          @ (7,2,5) hp=2/2
    ✓ Бурав B6           @ (9,0,4) hp=4/4
    ✓ Провокатор B7      @ (9,0,5) hp=2/2
    ✓ Паук B8            @ (8,1,3) hp=1/1
    ✗ Артиллерия B1      @ (9,0,7) [уничтожен]
  Team C: живых 6/8
    ✓ Радиовышка C2      @ (7,4,9) hp=3/3
    ✓ Прыгун C3          @ (6,5,7) hp=2/2
    ✓ Факел C4           @ (7,8,8) hp=6/6
    ✓ Тишина C5          @ (7,0,9) hp=2/2
    ✓ Бурав C6           @ (8,2,9) hp=4/4
    ✓ Паук C8            @ (7,5,9) hp=1/1
    ✗ Артиллерия C1      @ (7,1,9) [уничтожен]
    ✗ Провокатор C7      @ (7,7,9) [уничтожен]

======================================================================
ХОД 4
======================================================================
✓ 🎮 GM: начинаем ход
GM: start_turn

--- Радиовышки: сканирование слоя Z ---
  Радиовышка A2 (z=8): видит 1 врагов  → Факел C4(7,8,8)
  Радиовышка B2 (z=9): видит 6 врагов [+1 эксклюзивно] → Прыгун A3(2,4,9), Тишина A5(4,4,9), Тишина C5(7,0,9), Радиовышка C2(7,4,9), Паук C8(7,5,9), Бурав C6(8,2,9)
  Радиовышка C2 (z=9): видит 3 врагов  → Прыгун A3(2,4,9), Тишина A5(4,4,9), Радиовышка B2(8,1,9)

--- Решения ботов ---
  [Team A] Артиллерия A1 (3,6,7) → SHOOT at (6,5,7)
  [Team A] Радиовышка A2 (7,5,8) → MOVE (7,4,9)
  [Team A] Прыгун A3 (2,4,9) → SHOOT at (7,4,9)
  [Team A] Тишина A5 (4,4,9) → MOVE (5,5,8)
  [Team A] Провокатор A7 (4,6,7) → HOLOGRAM (5,5,7)
  [Team A] Паук A8 (5,6,7) → MINE (6,7,7)
  [Team B] Радиовышка B2 (8,1,9) → MOVE (7,0,9)
  [Team B] Прыгун B3 (6,3,3) → MOVE (5,4,4)
  [Team B] Факел B4 (8,0,5) → MOVE (8,0,4)
  [Team B] Тишина B5 (7,2,5) → MOVE (7,3,6)
  [Team B] Бурав B6 (9,0,4) → MOVE (8,1,5)
  [Team B] Провокатор B7 (9,0,5) → HOLOGRAM (8,1,6)
  [Team B] Паук B8 (8,1,3) → MINE (7,2,4)
  [Team C] Радиовышка C2 (7,4,9) → MOVE (7,5,8)
  [Team C] Прыгун C3 (6,5,7) → MOVE (4,6,7)
  [Team C] Факел C4 (7,8,8) → SHOOT at (7,5,8)
  [Team C] Тишина C5 (7,0,9) → MOVE (8,1,9)
  [Team C] Паук C8 → SKIP
  [Team C] Бурав C6 → SKIP
! 🎮 GM: принудительно завершает фазу планирования
GM: end_planning
# 
============================================================
# 🔄 ОБРАБОТКА ХОДА 4
# ============================================================
   🪞 Провокатор A7 создал голограмму H4 в (5,5,7)
!    ⚠️ Провокатор B7: клетка (8,1,6) уже занята голограммой
!    ⚠️ Паук A8: в клетке уже стоит мина
!    ⚠️ Паук B8: в клетке уже стоит мина

📦 ПЕРЕМЕЩЕНИЯ:
!    ⚠️ Радиовышка A2: клетка (7,4,9) занята
!    ⚠️ Тишина A5: клетка (5,5,8) занята
!    ⚠️ Радиовышка B2: клетка (7,0,9) занята
   Прыгун B3: (6, 3, 3) → (5,4,4)
   Факел B4: (8, 0, 5) → (8,0,4)
   Тишина B5: (7, 2, 5) → (7,3,6)
!    ⚠️ Бурав B6: Бурав двигается только по 1 оси или по 2 осям строго диагонально
!    ⚠️ Радиовышка C2: клетка (7,5,8) занята
✓    💥 Прыгун C3 тараном уничтожил Провокатор A7 в (4,6,7)
   Прыгун C3: (6, 5, 7) → (4,6,7)
!    ⚠️ Тишина C5: клетка (8,1,9) занята

🎯 ВЫСТРЕЛЫ:
!    🛡️ Выстрел Прыгун A3 заблокирован союзником Тишина A5 в (4, 4, 9)
!    🛡️ Выстрел Факел C4 гасится собственной голограммой в (7, 6, 8)
   Выпущено ракет: 3
# 
📊 РЕЗУЛЬТАТЫ ХОДА 4:
🎯 Попаданий нет

--- Результаты хода ---
  Team C / Прыгун C3          → Team A / Провокатор A7      @ (4,6,7)  (УБИТ)

--- Состояние команд после хода ---
  Team A: живых 5/8
    ✓ Артиллерия A1      @ (3,6,7) hp=1/1
    ✓ Радиовышка A2      @ (7,5,8) hp=1/3
    ✓ Прыгун A3          @ (2,4,9) hp=2/2
    ✓ Тишина A5          @ (4,4,9) hp=2/2
    ✓ Паук A8            @ (5,6,7) hp=1/1
    ✗ Факел A4           @ (8,6,7) [уничтожен]
    ✗ Бурав A6           @ (6,5,7) [уничтожен]
    ✗ Провокатор A7      @ (4,6,7) [уничтожен]
  Team B: живых 7/8
    ✓ Радиовышка B2      @ (8,1,9) hp=3/3
    ✓ Прыгун B3          @ (5,4,4) hp=2/2
    ✓ Факел B4           @ (8,0,4) hp=6/6
    ✓ Тишина B5          @ (7,3,6) hp=2/2
    ✓ Бурав B6           @ (9,0,4) hp=4/4
    ✓ Провокатор B7      @ (9,0,5) hp=2/2
    ✓ Паук B8            @ (8,1,3) hp=1/1
    ✗ Артиллерия B1      @ (9,0,7) [уничтожен]
  Team C: живых 6/8
    ✓ Радиовышка C2      @ (7,4,9) hp=3/3
    ✓ Прыгун C3          @ (4,6,7) hp=2/2
    ✓ Факел C4           @ (7,8,8) hp=6/6
    ✓ Тишина C5          @ (7,0,9) hp=2/2
    ✓ Бурав C6           @ (8,2,9) hp=4/4
    ✓ Паук C8            @ (7,5,9) hp=1/1
    ✗ Артиллерия C1      @ (7,1,9) [уничтожен]
    ✗ Провокатор C7      @ (7,7,9) [уничтожен]

======================================================================
ХОД 5
======================================================================
✓ 🎮 GM: начинаем ход
GM: start_turn

--- Радиовышки: сканирование слоя Z ---
  Радиовышка A2 (z=8): видит 1 врагов  → Факел C4(7,8,8)
  Радиовышка B2 (z=9): видит 6 врагов [+1 эксклюзивно] → Прыгун A3(2,4,9), Тишина A5(4,4,9), Тишина C5(7,0,9), Радиовышка C2(7,4,9), Паук C8(7,5,9), Бурав C6(8,2,9)
  Радиовышка C2 (z=9): видит 3 врагов  → Прыгун A3(2,4,9), Тишина A5(4,4,9), Радиовышка B2(8,1,9)

--- Решения ботов ---
  [Team A] Артиллерия A1 (3,6,7) → SHOOT at (4,6,7)
  [Team A] Радиовышка A2 (7,5,8) → MOVE (7,4,9)
  [Team A] Прыгун A3 (2,4,9) → MOVE (4,6,7)
  [Team A] Тишина A5 (4,4,9) → PHASE toggle
  [Team A] Паук A8 (5,6,7) → MINE (6,7,7)
  [Team B] Радиовышка B2 (8,1,9) → MOVE (7,0,9)
  [Team B] Прыгун B3 (5,4,4) → MOVE (4,5,5)
  [Team B] Тишина B5 (7,3,6) → PHASE toggle
  [Team B] Бурав B6 (9,0,4) → MOVE (8,1,5)
  [Team B] Провокатор B7 (9,0,5) → HOLOGRAM (8,1,6)
  [Team B] Паук B8 (8,1,3) → MOVE (7,2,4)
  [Team B] Факел B4 → SKIP
  [Team C] Радиовышка C2 (7,4,9) → MOVE (7,5,8)
  [Team C] Прыгун C3 (4,6,7) → MOVE (3,6,7)
  [Team C] Факел C4 (7,8,8) → SHOOT at (7,5,8)
  [Team C] Тишина C5 (7,0,9) → PHASE toggle
  [Team C] Бурав C6 (8,2,9) → MOVE (8,1,9)
  [Team C] Паук C8 → SKIP
! 🎮 GM: принудительно завершает фазу планирования
GM: end_planning
# 
============================================================
# 🔄 ОБРАБОТКА ХОДА 5
# ============================================================
   🌀 Тишина A5: уходит в фазу на 1 ход
   🌀 Тишина B5: уходит в фазу на 1 ход
   🌀 Тишина C5: уходит в фазу на 1 ход
!    ⚠️ Провокатор B7: клетка (8,1,6) уже занята голограммой
!    ⚠️ Паук A8: в клетке уже стоит мина

📦 ПЕРЕМЕЩЕНИЯ:
!    ⚠️ Радиовышка A2: клетка (7,4,9) занята
✓    💥 Прыгун A3 тараном уничтожил Прыгун C3 в (4,6,7)
   Прыгун A3: (2, 4, 9) → (4,6,7)
   Радиовышка B2: (8, 1, 9) → (7,0,9)
   Прыгун B3: (5, 4, 4) → (4,5,5)
!    ⚠️ Бурав B6: Бурав двигается только по 1 оси или по 2 осям строго диагонально
   Паук B8: (8, 1, 3) → (7,2,4)
!    ⚠️ Радиовышка C2: клетка (7,5,8) занята
   Бурав C6: (8, 2, 9) → (8,1,9)

🎯 ВЫСТРЕЛЫ:
!    🛡️ Выстрел Факел C4 гасится собственной голограммой в (7, 6, 8)
   Выпущено ракет: 2
# 
📊 РЕЗУЛЬТАТЫ ХОДА 5:
🎯 Попаданий нет

--- Результаты хода ---
  Team A / Прыгун A3          → Team C / Прыгун C3          @ (4,6,7)  (УБИТ)

--- Состояние команд после хода ---
  Team A: живых 5/8
    ✓ Артиллерия A1      @ (3,6,7) hp=1/1
    ✓ Радиовышка A2      @ (7,5,8) hp=1/3
    ✓ Прыгун A3          @ (4,6,7) hp=2/2
    ✓ Тишина A5          @ (4,4,9) hp=2/2
    ✓ Паук A8            @ (5,6,7) hp=1/1
    ✗ Факел A4           @ (8,6,7) [уничтожен]
    ✗ Бурав A6           @ (6,5,7) [уничтожен]
    ✗ Провокатор A7      @ (4,6,7) [уничтожен]
  Team B: живых 7/8
    ✓ Радиовышка B2      @ (7,0,9) hp=3/3
    ✓ Прыгун B3          @ (4,5,5) hp=2/2
    ✓ Факел B4           @ (8,0,4) hp=6/6
    ✓ Тишина B5          @ (7,3,6) hp=2/2
    ✓ Бурав B6           @ (9,0,4) hp=4/4
    ✓ Провокатор B7      @ (9,0,5) hp=2/2
    ✓ Паук B8            @ (7,2,4) hp=1/1
    ✗ Артиллерия B1      @ (9,0,7) [уничтожен]
  Team C: живых 5/8
    ✓ Радиовышка C2      @ (7,4,9) hp=3/3
    ✓ Факел C4           @ (7,8,8) hp=6/6
    ✓ Тишина C5          @ (7,0,9) hp=2/2
    ✓ Бурав C6           @ (8,1,9) hp=4/4
    ✓ Паук C8            @ (7,5,9) hp=1/1
    ✗ Артиллерия C1      @ (7,1,9) [уничтожен]
    ✗ Прыгун C3          @ (4,6,7) [уничтожен]
    ✗ Провокатор C7      @ (7,7,9) [уничтожен]

======================================================================
ХОД 6
======================================================================
✓ 🎮 GM: начинаем ход
GM: start_turn

--- Радиовышки: сканирование слоя Z ---
  Радиовышка A2 (z=8): видит 1 врагов  → Факел C4(7,8,8)
  Радиовышка B2 (z=9): видит 3 врагов  → Радиовышка C2(7,4,9), Паук C8(7,5,9), Бурав C6(8,1,9)
  Радиовышка C2 (z=9): видит 1 врагов  → Радиовышка B2(7,0,9)

--- Решения ботов ---
  [Team A] Артиллерия A1 (3,6,7) → SHOOT at (4,5,5)
  [Team A] Радиовышка A2 (7,5,8) → MOVE (7,4,9)
  [Team A] Прыгун A3 (4,6,7) → MOVE (4,5,5)
  [Team A] Тишина A5 (4,4,9) → MOVE (5,4,9)
  [Team A] Паук A8 (5,6,7) → MINE (6,7,7)
  [Team B] Радиовышка B2 (7,0,9) → MOVE (8,1,9)
  [Team B] Прыгун B3 (4,5,5) → MOVE (3,6,7)
  [Team B] Тишина B5 (7,3,6) → MOVE (7,4,7)
  [Team B] Бурав B6 (9,0,4) → MOVE (8,1,5)
  [Team B] Провокатор B7 (9,0,5) → HOLOGRAM (8,1,6)
  [Team B] Паук B8 (7,2,4) → MINE (6,3,5)
  [Team B] Факел B4 → SKIP
  [Team C] Радиовышка C2 (7,4,9) → MOVE (7,5,8)
  [Team C] Факел C4 (7,8,8) → SHOOT at (7,5,8)
  [Team C] Бурав C6 (8,1,9) → MOVE (7,1,9)
  [Team C] Паук C8 (7,5,9) → MINE (6,5,8)
  [Team C] Тишина C5 → SKIP
! 🎮 GM: принудительно завершает фазу планирования
GM: end_planning
# 
============================================================
# 🔄 ОБРАБОТКА ХОДА 6
# ============================================================
   🌀 Тишина A5: фаза спала (действовала 1 ход)
   🌀 Тишина B5: фаза спала (действовала 1 ход)
   🌀 Тишина C5: фаза спала (действовала 1 ход)
!    ⚠️ Провокатор B7: клетка (8,1,6) уже занята голограммой
!    ⚠️ Паук A8: в клетке уже стоит мина
   💣 Паук B8 установил мину M5 в (6,3,5)
!    ⚠️ Паук C8: в клетке уже стоит мина

📦 ПЕРЕМЕЩЕНИЯ:
!    ⚠️ Радиовышка A2: клетка (7,4,9) занята
✓    💥 Прыгун A3 тараном уничтожил Прыгун B3 в (4,5,5)
   Прыгун A3: (4, 6, 7) → (4,5,5)
   Тишина A5: (4, 4, 9) → (5,4,9)
!    ⚠️ Радиовышка B2: клетка (8,1,9) занята
   Тишина B5: (7, 3, 6) → (7,4,7)
!    ⚠️ Бурав B6: Бурав двигается только по 1 оси или по 2 осям строго диагонально
!    ⚠️ Радиовышка C2: клетка (7,5,8) занята
   Бурав C6: (8, 1, 9) → (7,1,9)

🎯 ВЫСТРЕЛЫ:
!    🛡️ Выстрел Факел C4 гасится собственной голограммой в (7, 6, 8)
   Выпущено ракет: 2
# 
📊 РЕЗУЛЬТАТЫ ХОДА 6:
🎯 Попаданий нет

--- Результаты хода ---
  Team A / Прыгун A3          → Team B / Прыгун B3          @ (4,5,5)  (УБИТ)

--- Состояние команд после хода ---
  Team A: живых 5/8
    ✓ Артиллерия A1      @ (3,6,7) hp=1/1
    ✓ Радиовышка A2      @ (7,5,8) hp=1/3
    ✓ Прыгун A3          @ (4,5,5) hp=2/2
    ✓ Тишина A5          @ (5,4,9) hp=2/2
    ✓ Паук A8            @ (5,6,7) hp=1/1
    ✗ Факел A4           @ (8,6,7) [уничтожен]
    ✗ Бурав A6           @ (6,5,7) [уничтожен]
    ✗ Провокатор A7      @ (4,6,7) [уничтожен]
  Team B: живых 6/8
    ✓ Радиовышка B2      @ (7,0,9) hp=3/3
    ✓ Факел B4           @ (8,0,4) hp=6/6
    ✓ Тишина B5          @ (7,4,7) hp=2/2
    ✓ Бурав B6           @ (9,0,4) hp=4/4
    ✓ Провокатор B7      @ (9,0,5) hp=2/2
    ✓ Паук B8            @ (7,2,4) hp=1/1
    ✗ Артиллерия B1      @ (9,0,7) [уничтожен]
    ✗ Прыгун B3          @ (4,5,5) [уничтожен]
  Team C: живых 5/8
    ✓ Радиовышка C2      @ (7,4,9) hp=3/3
    ✓ Факел C4           @ (7,8,8) hp=6/6
    ✓ Тишина C5          @ (7,0,9) hp=2/2
    ✓ Бурав C6           @ (7,1,9) hp=4/4
    ✓ Паук C8            @ (7,5,9) hp=1/1
    ✗ Артиллерия C1      @ (7,1,9) [уничтожен]
    ✗ Прыгун C3          @ (4,6,7) [уничтожен]
    ✗ Провокатор C7      @ (7,7,9) [уничтожен]

======================================================================
ХОД 7
======================================================================
✓ 🎮 GM: начинаем ход
GM: start_turn

--- Радиовышки: сканирование слоя Z ---
  Радиовышка A2 (z=8): видит 1 врагов  → Факел C4(7,8,8)
  Радиовышка B2 (z=9): видит 5 врагов  → Тишина A5(5,4,9), Тишина C5(7,0,9), Бурав C6(7,1,9), Радиовышка C2(7,4,9), Паук C8(7,5,9)
  Радиовышка C2 (z=9): видит 2 врагов  → Тишина A5(5,4,9), Радиовышка B2(7,0,9)

--- Решения ботов ---
  [Team A] Артиллерия A1 (3,6,7) → SHOOT at (9,0,5)
  [Team A] Радиовышка A2 (7,5,8) → MOVE (7,4,7)
  [Team A] Прыгун A3 (4,5,5) → MOVE (5,4,6)
  [Team A] Тишина A5 (5,4,9) → MOVE (6,4,8)
  [Team A] Паук A8 (5,6,7) → MINE (6,7,7)
  [Team B] Тишина B5 (7,4,7) → MOVE (7,5,8)
  [Team B] Бурав B6 (9,0,4) → MOVE (8,1,5)
  [Team B] Провокатор B7 (9,0,5) → HOLOGRAM (8,1,6)
  [Team B] Паук B8 (7,2,4) → MINE (6,3,5)
  [Team B] Факел B4 → SKIP
  [Team B] Радиовышка B2 → SKIP
  [Team C] Радиовышка C2 (7,4,9) → MOVE (7,5,8)
  [Team C] Факел C4 (7,8,8) → SHOOT at (7,5,8)
  [Team C] Паук C8 (7,5,9) → MINE (6,4,9)
  [Team C] Бурав C6 → SKIP
  [Team C] Тишина C5 → SKIP
! 🎮 GM: принудительно завершает фазу планирования
GM: end_planning
# 
============================================================
# 🔄 ОБРАБОТКА ХОДА 7
# ============================================================
!    ⚠️ Провокатор B7: клетка (8,1,6) уже занята голограммой
!    ⚠️ Паук A8: в клетке уже стоит мина
!    ⚠️ Паук B8: в клетке уже стоит мина
   💣 Паук C8 установил мину M6 в (6,4,9)

📦 ПЕРЕМЕЩЕНИЯ:
!    ⚠️ Радиовышка A2: клетка (7,4,7) занята
   Прыгун A3: (4, 5, 5) → (5,4,6)
   Тишина A5: (5, 4, 9) → (6,4,8)
!    ⚠️ Тишина B5: клетка (7,5,8) занята
!    ⚠️ Бурав B6: Бурав двигается только по 1 оси или по 2 осям строго диагонально
!    ⚠️ Радиовышка C2: клетка (7,5,8) занята

🎯 ВЫСТРЕЛЫ:
!    🛡️ Выстрел Факел C4 гасится собственной голограммой в (7, 6, 8)
✓    ✅ Артиллерия A1 поразил Провокатор B7 (2 урона)!
   Выпущено ракет: 2
# 
📊 РЕЗУЛЬТАТЫ ХОДА 7:
✓ 💥 ПОПАДАНИЯ:
✓    Артиллерия A1 (Team A) → Провокатор B7 (Team B)

--- Результаты хода ---
  Team A / Артиллерия A1      → Team B / Провокатор B7      @ (9,0,5)  (УБИТ)

--- Состояние команд после хода ---
  Team A: живых 5/8
    ✓ Артиллерия A1      @ (3,6,7) hp=1/1
    ✓ Радиовышка A2      @ (7,5,8) hp=1/3
    ✓ Прыгун A3          @ (5,4,6) hp=2/2
    ✓ Тишина A5          @ (6,4,8) hp=2/2
    ✓ Паук A8            @ (5,6,7) hp=1/1
    ✗ Факел A4           @ (8,6,7) [уничтожен]
    ✗ Бурав A6           @ (6,5,7) [уничтожен]
    ✗ Провокатор A7      @ (4,6,7) [уничтожен]
  Team B: живых 5/8
    ✓ Радиовышка B2      @ (7,0,9) hp=3/3
    ✓ Факел B4           @ (8,0,4) hp=6/6
    ✓ Тишина B5          @ (7,4,7) hp=2/2
    ✓ Бурав B6           @ (9,0,4) hp=4/4
    ✓ Паук B8            @ (7,2,4) hp=1/1
    ✗ Артиллерия B1      @ (9,0,7) [уничтожен]
    ✗ Прыгун B3          @ (4,5,5) [уничтожен]
    ✗ Провокатор B7      @ (9,0,5) [уничтожен]
  Team C: живых 5/8
    ✓ Радиовышка C2      @ (7,4,9) hp=3/3
    ✓ Факел C4           @ (7,8,8) hp=6/6
    ✓ Тишина C5          @ (7,0,9) hp=2/2
    ✓ Бурав C6           @ (7,1,9) hp=4/4
    ✓ Паук C8            @ (7,5,9) hp=1/1
    ✗ Артиллерия C1      @ (7,1,9) [уничтожен]
    ✗ Прыгун C3          @ (4,6,7) [уничтожен]
    ✗ Провокатор C7      @ (7,7,9) [уничтожен]

======================================================================
ХОД 8
======================================================================
✓ 🎮 GM: начинаем ход
GM: start_turn

--- Радиовышки: сканирование слоя Z ---
  Радиовышка A2 (z=8): видит 1 врагов  → Факел C4(7,8,8)
  Радиовышка B2 (z=9): видит 4 врагов  → Тишина C5(7,0,9), Бурав C6(7,1,9), Радиовышка C2(7,4,9), Паук C8(7,5,9)
  Радиовышка C2 (z=9): видит 1 врагов  → Радиовышка B2(7,0,9)

--- Решения ботов ---
  [Team A] Артиллерия A1 (3,6,7) → SHOOT at (7,4,7)
  [Team A] Радиовышка A2 (7,5,8) → MOVE (7,4,7)
  [Team A] Прыгун A3 (5,4,6) → MOVE (7,2,4)
  [Team A] Тишина A5 (6,4,8) → MOVE (6,4,7)
  [Team A] Паук A8 (5,6,7) → MINE (6,7,7)
  [Team B] Факел B4 (8,0,4) → MOVE (7,1,5)
  [Team B] Тишина B5 (7,4,7) → MOVE (7,5,8)
  [Team B] Бурав B6 (9,0,4) → MOVE (8,1,5)
  [Team B] Паук B8 (7,2,4) → MINE (6,3,5)
  [Team B] Радиовышка B2 → SKIP
  [Team C] Радиовышка C2 (7,4,9) → MOVE (7,5,8)
  [Team C] Факел C4 (7,8,8) → SHOOT at (7,5,8)
  [Team C] Паук C8 (7,5,9) → MINE (6,5,8)
  [Team C] Бурав C6 → SKIP
  [Team C] Тишина C5 → SKIP
! 🎮 GM: принудительно завершает фазу планирования
GM: end_planning
# 
============================================================
# 🔄 ОБРАБОТКА ХОДА 8
# ============================================================
!    ⚠️ Паук A8: в клетке уже стоит мина
!    ⚠️ Паук B8: в клетке уже стоит мина
!    ⚠️ Паук C8: в клетке уже стоит мина

📦 ПЕРЕМЕЩЕНИЯ:
!    ⚠️ Радиовышка A2: клетка (7,4,7) занята
✓    💥 Прыгун A3 тараном уничтожил Паук B8 в (7,2,4)
   Прыгун A3: (5, 4, 6) → (7,2,4)
!    💥 Мина M3 сработала под Прыгун A3 (урон 2) — КОРАБЛЬ УНИЧТОЖЕН
   Тишина A5: (6, 4, 8) → (6,4,7)
   Факел B4: (8, 0, 4) → (7,1,5)
!    ⚠️ Тишина B5: клетка (7,5,8) занята
!    ⚠️ Бурав B6: Бурав двигается только по 1 оси или по 2 осям строго диагонально
!    ⚠️ Радиовышка C2: клетка (7,5,8) занята

🎯 ВЫСТРЕЛЫ:
!    🛡️ Выстрел Факел C4 гасится собственной голограммой в (7, 6, 8)
✓    ✅ Артиллерия A1 поразил Тишина B5 (2 урона)!
   Выпущено ракет: 2
# 
📊 РЕЗУЛЬТАТЫ ХОДА 8:
✓ 💥 ПОПАДАНИЯ:
✓    Артиллерия A1 (Team A) → Тишина B5 (Team B)

--- Результаты хода ---
  Team A / Прыгун A3          → Team B / Паук B8            @ (7,2,4)  (УБИТ)
  ? / ?                  → Team A / Прыгун A3          @ (7,2,4)  (УБИТ)
  Team A / Артиллерия A1      → Team B / Тишина B5          @ (7,4,7)  (УБИТ)

--- Состояние команд после хода ---
  Team A: живых 4/8
    ✓ Артиллерия A1      @ (3,6,7) hp=1/1
    ✓ Радиовышка A2      @ (7,5,8) hp=1/3
    ✓ Тишина A5          @ (6,4,7) hp=2/2
    ✓ Паук A8            @ (5,6,7) hp=1/1
    ✗ Прыгун A3          @ (7,2,4) [уничтожен]
    ✗ Факел A4           @ (8,6,7) [уничтожен]
    ✗ Бурав A6           @ (6,5,7) [уничтожен]
    ✗ Провокатор A7      @ (4,6,7) [уничтожен]
  Team B: живых 3/8
    ✓ Радиовышка B2      @ (7,0,9) hp=3/3
    ✓ Факел B4           @ (7,1,5) hp=6/6
    ✓ Бурав B6           @ (9,0,4) hp=4/4
    ✗ Артиллерия B1      @ (9,0,7) [уничтожен]
    ✗ Прыгун B3          @ (4,5,5) [уничтожен]
    ✗ Тишина B5          @ (7,4,7) [уничтожен]
    ✗ Провокатор B7      @ (9,0,5) [уничтожен]
    ✗ Паук B8            @ (7,2,4) [уничтожен]
  Team C: живых 5/8
    ✓ Радиовышка C2      @ (7,4,9) hp=3/3
    ✓ Факел C4           @ (7,8,8) hp=6/6
    ✓ Тишина C5          @ (7,0,9) hp=2/2
    ✓ Бурав C6           @ (7,1,9) hp=4/4
    ✓ Паук C8            @ (7,5,9) hp=1/1
    ✗ Артиллерия C1      @ (7,1,9) [уничтожен]
    ✗ Прыгун C3          @ (4,6,7) [уничтожен]
    ✗ Провокатор C7      @ (7,7,9) [уничтожен]

======================================================================
ХОД 9
======================================================================
✓ 🎮 GM: начинаем ход
GM: start_turn

--- Радиовышки: сканирование слоя Z ---
  Радиовышка A2 (z=8): видит 1 врагов  → Факел C4(7,8,8)
  Радиовышка B2 (z=9): видит 4 врагов  → Тишина C5(7,0,9), Бурав C6(7,1,9), Радиовышка C2(7,4,9), Паук C8(7,5,9)
  Радиовышка C2 (z=9): видит 1 врагов  → Радиовышка B2(7,0,9)

--- Решения ботов ---
  [Team A] Артиллерия A1 (3,6,7) → SHOOT at (7,5,9)
  [Team A] Радиовышка A2 (7,5,8) → MOVE (7,4,9)
  [Team A] Тишина A5 (6,4,7) → PHASE toggle
  [Team A] Паук A8 (5,6,7) → MINE (6,7,7)
  [Team B] Факел B4 (7,1,5) → SHOOT at (7,1,9)
  [Team B] Бурав B6 (9,0,4) → MOVE (8,1,5)
  [Team B] Радиовышка B2 → SKIP
  [Team C] Радиовышка C2 (7,4,9) → MOVE (7,5,8)
  [Team C] Факел C4 (7,8,8) → SHOOT at (7,5,8)
  [Team C] Тишина C5 (7,0,9) → PHASE toggle
  [Team C] Паук C8 (7,5,9) → MINE (6,5,8)
  [Team C] Бурав C6 → SKIP
! 🎮 GM: принудительно завершает фазу планирования
GM: end_planning
# 
============================================================
# 🔄 ОБРАБОТКА ХОДА 9
# ============================================================
   🌀 Тишина A5: уходит в фазу на 1 ход
   🌀 Тишина C5: уходит в фазу на 1 ход
!    ⚠️ Паук A8: в клетке уже стоит мина
!    ⚠️ Паук C8: в клетке уже стоит мина

📦 ПЕРЕМЕЩЕНИЯ:
!    ⚠️ Радиовышка A2: клетка (7,4,9) занята
!    ⚠️ Бурав B6: Бурав двигается только по 1 оси или по 2 осям строго диагонально
!    ⚠️ Радиовышка C2: клетка (7,5,8) занята

🎯 ВЫСТРЕЛЫ:
!    🛡️ Выстрел Факел C4 гасится собственной голограммой в (7, 6, 8)
✓    ✅ Артиллерия A1 поразил Паук C8 (2 урона)!
✓    ✅ Факел B4 поразил Бурав C6 (1 урона)!
   Выпущено ракет: 3
# 
📊 РЕЗУЛЬТАТЫ ХОДА 9:
✓ 💥 ПОПАДАНИЯ:
✓    Артиллерия A1 (Team A) → Паук C8 (Team C)
✓    Факел B4 (Team B) → Бурав C6 (Team C)

--- Результаты хода ---
  Team A / Артиллерия A1      → Team C / Паук C8            @ (7,5,9)  (УБИТ)
  Team B / Факел B4           → Team C / Бурав C6           @ (7,1,9)  (ранен)

--- Состояние команд после хода ---
  Team A: живых 4/8
    ✓ Артиллерия A1      @ (3,6,7) hp=1/1
    ✓ Радиовышка A2      @ (7,5,8) hp=1/3
    ✓ Тишина A5          @ (6,4,7) hp=2/2
    ✓ Паук A8            @ (5,6,7) hp=1/1
    ✗ Прыгун A3          @ (7,2,4) [уничтожен]
    ✗ Факел A4           @ (8,6,7) [уничтожен]
    ✗ Бурав A6           @ (6,5,7) [уничтожен]
    ✗ Провокатор A7      @ (4,6,7) [уничтожен]
  Team B: живых 3/8
    ✓ Радиовышка B2      @ (7,0,9) hp=3/3
    ✓ Факел B4           @ (7,1,5) hp=6/6
    ✓ Бурав B6           @ (9,0,4) hp=4/4
    ✗ Артиллерия B1      @ (9,0,7) [уничтожен]
    ✗ Прыгун B3          @ (4,5,5) [уничтожен]
    ✗ Тишина B5          @ (7,4,7) [уничтожен]
    ✗ Провокатор B7      @ (9,0,5) [уничтожен]
    ✗ Паук B8            @ (7,2,4) [уничтожен]
  Team C: живых 4/8
    ✓ Радиовышка C2      @ (7,4,9) hp=3/3
    ✓ Факел C4           @ (7,8,8) hp=6/6
    ✓ Тишина C5          @ (7,0,9) hp=2/2
    ✓ Бурав C6           @ (7,1,9) hp=3/4
    ✗ Артиллерия C1      @ (7,1,9) [уничтожен]
    ✗ Прыгун C3          @ (4,6,7) [уничтожен]
    ✗ Провокатор C7      @ (7,7,9) [уничтожен]
    ✗ Паук C8            @ (7,5,9) [уничтожен]

======================================================================
ХОД 10
======================================================================
✓ 🎮 GM: начинаем ход
GM: start_turn

--- Радиовышки: сканирование слоя Z ---
  Радиовышка A2 (z=8): видит 1 врагов  → Факел C4(7,8,8)
  Радиовышка B2 (z=9): видит 2 врагов  → Бурав C6(7,1,9), Радиовышка C2(7,4,9)
  Радиовышка C2 (z=9): видит 1 врагов  → Радиовышка B2(7,0,9)

--- Решения ботов ---
  [Team A] Артиллерия A1 (3,6,7) → SHOOT at (7,8,8)
  [Team A] Радиовышка A2 (7,5,8) → MOVE (7,4,9)
  [Team A] Тишина A5 (6,4,7) → MOVE (7,4,8)
  [Team A] Паук A8 (5,6,7) → MINE (6,7,7)
  [Team B] Радиовышка B2 (7,0,9) → MOVE (7,1,9)
  [Team B] Факел B4 (7,1,5) → SHOOT at (7,1,9)
  [Team B] Бурав B6 (9,0,4) → MOVE (8,1,5)
  [Team C] Радиовышка C2 (7,4,9) → MOVE (7,5,8)
  [Team C] Факел C4 (7,8,8) → SHOOT at (7,5,8)
  [Team C] Бурав C6 → SKIP
  [Team C] Тишина C5 → SKIP
! 🎮 GM: принудительно завершает фазу планирования
GM: end_planning
# 
============================================================
# 🔄 ОБРАБОТКА ХОДА 10
# ============================================================
   🌀 Тишина A5: фаза спала (действовала 1 ход)
   🌀 Тишина C5: фаза спала (действовала 1 ход)
!    ⚠️ Паук A8: в клетке уже стоит мина

📦 ПЕРЕМЕЩЕНИЯ:
!    ⚠️ Радиовышка A2: клетка (7,4,9) занята
   Тишина A5: (6, 4, 7) → (7,4,8)
!    ⚠️ Радиовышка B2: клетка (7,1,9) занята
!    ⚠️ Бурав B6: Бурав двигается только по 1 оси или по 2 осям строго диагонально
!    ⚠️ Радиовышка C2: клетка (7,5,8) занята

🎯 ВЫСТРЕЛЫ:
!    🛡️ Выстрел Факел C4 гасится собственной голограммой в (7, 6, 8)
✓    ✅ Артиллерия A1 поразил Факел C4 (2 урона)!
✓    ✅ Факел B4 поразил Бурав C6 (1 урона)!
   Выпущено ракет: 3
# 
📊 РЕЗУЛЬТАТЫ ХОДА 10:
✓ 💥 ПОПАДАНИЯ:
✓    Артиллерия A1 (Team A) → Факел C4 (Team C)
✓    Факел B4 (Team B) → Бурав C6 (Team C)

--- Результаты хода ---
  Team A / Артиллерия A1      → Team C / Факел C4           @ (7,8,8)  (ранен)
  Team B / Факел B4           → Team C / Бурав C6           @ (7,1,9)  (ранен)

--- Состояние команд после хода ---
  Team A: живых 4/8
    ✓ Артиллерия A1      @ (3,6,7) hp=1/1
    ✓ Радиовышка A2      @ (7,5,8) hp=1/3
    ✓ Тишина A5          @ (7,4,8) hp=2/2
    ✓ Паук A8            @ (5,6,7) hp=1/1
    ✗ Прыгун A3          @ (7,2,4) [уничтожен]
    ✗ Факел A4           @ (8,6,7) [уничтожен]
    ✗ Бурав A6           @ (6,5,7) [уничтожен]
    ✗ Провокатор A7      @ (4,6,7) [уничтожен]
  Team B: живых 3/8
    ✓ Радиовышка B2      @ (7,0,9) hp=3/3
    ✓ Факел B4           @ (7,1,5) hp=6/6
    ✓ Бурав B6           @ (9,0,4) hp=4/4
    ✗ Артиллерия B1      @ (9,0,7) [уничтожен]
    ✗ Прыгун B3          @ (4,5,5) [уничтожен]
    ✗ Тишина B5          @ (7,4,7) [уничтожен]
    ✗ Провокатор B7      @ (9,0,5) [уничтожен]
    ✗ Паук B8            @ (7,2,4) [уничтожен]
  Team C: живых 4/8
    ✓ Радиовышка C2      @ (7,4,9) hp=3/3
    ✓ Факел C4           @ (7,8,8) hp=4/6
    ✓ Тишина C5          @ (7,0,9) hp=2/2
    ✓ Бурав C6           @ (7,1,9) hp=2/4
    ✗ Артиллерия C1      @ (7,1,9) [уничтожен]
    ✗ Прыгун C3          @ (4,6,7) [уничтожен]
    ✗ Провокатор C7      @ (7,7,9) [уничтожен]
    ✗ Паук C8            @ (7,5,9) [уничтожен]

======================================================================
ХОД 11
======================================================================
✓ 🎮 GM: начинаем ход
GM: start_turn

--- Радиовышки: сканирование слоя Z ---
  Радиовышка A2 (z=8): видит 1 врагов  → Факел C4(7,8,8)
  Радиовышка B2 (z=9): видит 3 врагов  → Тишина C5(7,0,9), Бурав C6(7,1,9), Радиовышка C2(7,4,9)
  Радиовышка C2 (z=9): видит 1 врагов  → Радиовышка B2(7,0,9)

--- Решения ботов ---
  [Team A] Артиллерия A1 (3,6,7) → SHOOT at (7,1,9)
  [Team A] Радиовышка A2 (7,5,8) → MOVE (7,4,9)
  [Team A] Паук A8 (5,6,7) → MINE (6,7,7)
  [Team A] Тишина A5 → SKIP
  [Team B] Факел B4 (7,1,5) → SHOOT at (7,1,9)
  [Team B] Бурав B6 (9,0,4) → MOVE (8,1,5)
  [Team B] Радиовышка B2 → SKIP
  [Team C] Радиовышка C2 (7,4,9) → MOVE (7,5,8)
  [Team C] Факел C4 (7,8,8) → HEAL (AoE)
  [Team C] Бурав C6 → SKIP
  [Team C] Тишина C5 → SKIP
! 🎮 GM: принудительно завершает фазу планирования
GM: end_planning
# 
============================================================
# 🔄 ОБРАБОТКА ХОДА 11
# ============================================================
!    ⚠️ Паук A8: в клетке уже стоит мина

📦 ПЕРЕМЕЩЕНИЯ:
!    ⚠️ Радиовышка A2: клетка (7,4,9) занята
!    ⚠️ Бурав B6: Бурав двигается только по 1 оси или по 2 осям строго диагонально
!    ⚠️ Радиовышка C2: клетка (7,5,8) занята

🎯 ВЫСТРЕЛЫ:
✓    ✅ Артиллерия A1 поразил Бурав C6 (2 урона)!
   💀 Факел B4 добивает Бурав C6
✓    ✅ Факел B4 поразил Бурав C6 (1 урона)!
✓    💚 Факел C4 лечит Факел C4 → hits=1/6
   Выпущено ракет: 2
# 
📊 РЕЗУЛЬТАТЫ ХОДА 11:
✓ 💥 ПОПАДАНИЯ:
✓    Артиллерия A1 (Team A) → Бурав C6 (Team C)
✓    Факел B4 (Team B) → Бурав C6 (Team C)

--- Результаты хода ---
  Team A / Артиллерия A1      → Team C / Бурав C6           @ (7,1,9)  (УБИТ)
  Team B / Факел B4           → Team C / Бурав C6           @ (7,1,9)  (ранен)

--- Состояние команд после хода ---
  Team A: живых 4/8
    ✓ Артиллерия A1      @ (3,6,7) hp=1/1
    ✓ Радиовышка A2      @ (7,5,8) hp=1/3
    ✓ Тишина A5          @ (7,4,8) hp=2/2
    ✓ Паук A8            @ (5,6,7) hp=1/1
    ✗ Прыгун A3          @ (7,2,4) [уничтожен]
    ✗ Факел A4           @ (8,6,7) [уничтожен]
    ✗ Бурав A6           @ (6,5,7) [уничтожен]
    ✗ Провокатор A7      @ (4,6,7) [уничтожен]
  Team B: живых 3/8
    ✓ Радиовышка B2      @ (7,0,9) hp=3/3
    ✓ Факел B4           @ (7,1,5) hp=6/6
    ✓ Бурав B6           @ (9,0,4) hp=4/4
    ✗ Артиллерия B1      @ (9,0,7) [уничтожен]
    ✗ Прыгун B3          @ (4,5,5) [уничтожен]
    ✗ Тишина B5          @ (7,4,7) [уничтожен]
    ✗ Провокатор B7      @ (9,0,5) [уничтожен]
    ✗ Паук B8            @ (7,2,4) [уничтожен]
  Team C: живых 3/8
    ✓ Радиовышка C2      @ (7,4,9) hp=3/3
    ✓ Факел C4           @ (7,8,8) hp=5/6
    ✓ Тишина C5          @ (7,0,9) hp=2/2
    ✗ Артиллерия C1      @ (7,1,9) [уничтожен]
    ✗ Прыгун C3          @ (4,6,7) [уничтожен]
    ✗ Бурав C6           @ (7,1,9) [уничтожен]
    ✗ Провокатор C7      @ (7,7,9) [уничтожен]
    ✗ Паук C8            @ (7,5,9) [уничтожен]

======================================================================
ХОД 12
======================================================================
✓ 🎮 GM: начинаем ход
GM: start_turn

--- Радиовышки: сканирование слоя Z ---
  Радиовышка A2 (z=8): видит 1 врагов  → Факел C4(7,8,8)
  Радиовышка B2 (z=9): видит 2 врагов  → Тишина C5(7,0,9), Радиовышка C2(7,4,9)
  Радиовышка C2 (z=9): видит 1 врагов  → Радиовышка B2(7,0,9)

--- Решения ботов ---
  [Team A] Артиллерия A1 (3,6,7) → SHOOT at (7,0,9)
  [Team A] Радиовышка A2 (7,5,8) → MOVE (7,4,9)
  [Team A] Паук A8 (5,6,7) → MINE (6,7,7)
  [Team A] Тишина A5 → SKIP
  [Team B] Факел B4 (7,1,5) → MOVE (8,0,6)
  [Team B] Бурав B6 (9,0,4) → MOVE (8,1,5)
  [Team B] Радиовышка B2 → SKIP
  [Team C] Радиовышка C2 (7,4,9) → MOVE (7,5,8)
  [Team C] Факел C4 (7,8,8) → HEAL (AoE)
  [Team C] Тишина C5 → SKIP
! 🎮 GM: принудительно завершает фазу планирования
GM: end_planning
# 
============================================================
# 🔄 ОБРАБОТКА ХОДА 12
# ============================================================
!    ⚠️ Паук A8: в клетке уже стоит мина

📦 ПЕРЕМЕЩЕНИЯ:
!    ⚠️ Радиовышка A2: клетка (7,4,9) занята
   Факел B4: (7, 1, 5) → (8,0,6)
!    ⚠️ Бурав B6: Бурав двигается только по 1 оси или по 2 осям строго диагонально
!    ⚠️ Радиовышка C2: клетка (7,5,8) занята

🎯 ВЫСТРЕЛЫ:
✓    ✅ Артиллерия A1 поразил Радиовышка B2 (2 урона)!
✓    💚 Факел C4 лечит Факел C4 → hits=0/6
   Выпущено ракет: 1
# 
📊 РЕЗУЛЬТАТЫ ХОДА 12:
✓ 💥 ПОПАДАНИЯ:
✓    Артиллерия A1 (Team A) → Радиовышка B2 (Team B)

--- Результаты хода ---
  Team A / Артиллерия A1      → Team B / Радиовышка B2      @ (7,0,9)  (ранен)

--- Состояние команд после хода ---
  Team A: живых 4/8
    ✓ Артиллерия A1      @ (3,6,7) hp=1/1
    ✓ Радиовышка A2      @ (7,5,8) hp=1/3
    ✓ Тишина A5          @ (7,4,8) hp=2/2
    ✓ Паук A8            @ (5,6,7) hp=1/1
    ✗ Прыгун A3          @ (7,2,4) [уничтожен]
    ✗ Факел A4           @ (8,6,7) [уничтожен]
    ✗ Бурав A6           @ (6,5,7) [уничтожен]
    ✗ Провокатор A7      @ (4,6,7) [уничтожен]
  Team B: живых 3/8
    ✓ Радиовышка B2      @ (7,0,9) hp=1/3
    ✓ Факел B4           @ (8,0,6) hp=6/6
    ✓ Бурав B6           @ (9,0,4) hp=4/4
    ✗ Артиллерия B1      @ (9,0,7) [уничтожен]
    ✗ Прыгун B3          @ (4,5,5) [уничтожен]
    ✗ Тишина B5          @ (7,4,7) [уничтожен]
    ✗ Провокатор B7      @ (9,0,5) [уничтожен]
    ✗ Паук B8            @ (7,2,4) [уничтожен]
  Team C: живых 3/8
    ✓ Радиовышка C2      @ (7,4,9) hp=3/3
    ✓ Факел C4           @ (7,8,8) hp=6/6
    ✓ Тишина C5          @ (7,0,9) hp=2/2
    ✗ Артиллерия C1      @ (7,1,9) [уничтожен]
    ✗ Прыгун C3          @ (4,6,7) [уничтожен]
    ✗ Бурав C6           @ (7,1,9) [уничтожен]
    ✗ Провокатор C7      @ (7,7,9) [уничтожен]
    ✗ Паук C8            @ (7,5,9) [уничтожен]

======================================================================
ХОД 13
======================================================================
✓ 🎮 GM: начинаем ход
GM: start_turn

--- Радиовышки: сканирование слоя Z ---
  Радиовышка A2 (z=8): видит 1 врагов  → Факел C4(7,8,8)
  Радиовышка B2 (z=9): видит 2 врагов  → Тишина C5(7,0,9), Радиовышка C2(7,4,9)
  Радиовышка C2 (z=9): видит 1 врагов  → Радиовышка B2(7,0,9)

--- Решения ботов ---
  [Team A] Артиллерия A1 (3,6,7) → SHOOT at (7,0,9)
  [Team A] Радиовышка A2 (7,5,8) → MOVE (7,4,9)
  [Team A] Тишина A5 (7,4,8) → PHASE toggle
  [Team A] Паук A8 (5,6,7) → MINE (6,7,7)
  [Team B] Бурав B6 (9,0,4) → MOVE (8,1,5)
  [Team B] Факел B4 → SKIP
  [Team B] Радиовышка B2 → SKIP
  [Team C] Радиовышка C2 (7,4,9) → MOVE (7,5,8)
  [Team C] Факел C4 (7,8,8) → SHOOT at (7,5,8)
  [Team C] Тишина C5 (7,0,9) → PHASE toggle
! 🎮 GM: принудительно завершает фазу планирования
GM: end_planning
# 
============================================================
# 🔄 ОБРАБОТКА ХОДА 13
# ============================================================
   🌀 Тишина A5: уходит в фазу на 1 ход
   🌀 Тишина C5: уходит в фазу на 1 ход
!    ⚠️ Паук A8: в клетке уже стоит мина

📦 ПЕРЕМЕЩЕНИЯ:
!    ⚠️ Радиовышка A2: клетка (7,4,9) занята
!    ⚠️ Бурав B6: Бурав двигается только по 1 оси или по 2 осям строго диагонально
!    ⚠️ Радиовышка C2: клетка (7,5,8) занята

🎯 ВЫСТРЕЛЫ:
!    🛡️ Выстрел Факел C4 гасится собственной голограммой в (7, 6, 8)
✓    ✅ Артиллерия A1 поразил Радиовышка B2 (2 урона)!
   Выпущено ракет: 2
# 
📊 РЕЗУЛЬТАТЫ ХОДА 13:
✓ 💥 ПОПАДАНИЯ:
✓    Артиллерия A1 (Team A) → Радиовышка B2 (Team B)

--- Результаты хода ---
  Team A / Артиллерия A1      → Team B / Радиовышка B2      @ (7,0,9)  (УБИТ)

--- Состояние команд после хода ---
  Team A: живых 4/8
    ✓ Артиллерия A1      @ (3,6,7) hp=1/1
    ✓ Радиовышка A2      @ (7,5,8) hp=1/3
    ✓ Тишина A5          @ (7,4,8) hp=2/2
    ✓ Паук A8            @ (5,6,7) hp=1/1
    ✗ Прыгун A3          @ (7,2,4) [уничтожен]
    ✗ Факел A4           @ (8,6,7) [уничтожен]
    ✗ Бурав A6           @ (6,5,7) [уничтожен]
    ✗ Провокатор A7      @ (4,6,7) [уничтожен]
  Team B: живых 2/8
    ✓ Факел B4           @ (8,0,6) hp=6/6
    ✓ Бурав B6           @ (9,0,4) hp=4/4
    ✗ Артиллерия B1      @ (9,0,7) [уничтожен]
    ✗ Радиовышка B2      @ (7,0,9) [уничтожен]
    ✗ Прыгун B3          @ (4,5,5) [уничтожен]
    ✗ Тишина B5          @ (7,4,7) [уничтожен]
    ✗ Провокатор B7      @ (9,0,5) [уничтожен]
    ✗ Паук B8            @ (7,2,4) [уничтожен]
  Team C: живых 3/8
    ✓ Радиовышка C2      @ (7,4,9) hp=3/3
    ✓ Факел C4           @ (7,8,8) hp=6/6
    ✓ Тишина C5          @ (7,0,9) hp=2/2
    ✗ Артиллерия C1      @ (7,1,9) [уничтожен]
    ✗ Прыгун C3          @ (4,6,7) [уничтожен]
    ✗ Бурав C6           @ (7,1,9) [уничтожен]
    ✗ Провокатор C7      @ (7,7,9) [уничтожен]
    ✗ Паук C8            @ (7,5,9) [уничтожен]

======================================================================
ХОД 14
======================================================================
✓ 🎮 GM: начинаем ход
GM: start_turn

--- Радиовышки: сканирование слоя Z ---
  Радиовышка A2 (z=8): видит 1 врагов  → Факел C4(7,8,8)
  Радиовышка C2 (z=9): слой чист

--- Решения ботов ---
  [Team A] Артиллерия A1 (3,6,7) → SHOOT at (7,8,8)
  [Team A] Радиовышка A2 (7,5,8) → MOVE (7,4,9)
  [Team A] Паук A8 (5,6,7) → MINE (6,7,7)
  [Team A] Тишина A5 → SKIP
  [Team B] Факел B4 (8,0,6) → MOVE (9,0,5)
  [Team B] Бурав B6 (9,0,4) → MOVE (8,1,5)
  [Team C] Радиовышка C2 (7,4,9) → MOVE (7,5,8)
  [Team C] Факел C4 (7,8,8) → SHOOT at (7,5,8)
  [Team C] Тишина C5 (7,0,9) → MOVE (8,0,8)
! 🎮 GM: принудительно завершает фазу планирования
GM: end_planning
# 
============================================================
# 🔄 ОБРАБОТКА ХОДА 14
# ============================================================
   🌀 Тишина A5: фаза спала (действовала 1 ход)
   🌀 Тишина C5: фаза спала (действовала 1 ход)
!    ⚠️ Паук A8: в клетке уже стоит мина

📦 ПЕРЕМЕЩЕНИЯ:
!    ⚠️ Радиовышка A2: клетка (7,4,9) занята
   Факел B4: (8, 0, 6) → (9,0,5)
!    ⚠️ Бурав B6: Бурав двигается только по 1 оси или по 2 осям строго диагонально
!    ⚠️ Радиовышка C2: клетка (7,5,8) занята
   Тишина C5: (7, 0, 9) → (8,0,8)

🎯 ВЫСТРЕЛЫ:
!    🛡️ Выстрел Факел C4 гасится собственной голограммой в (7, 6, 8)
✓    ✅ Артиллерия A1 поразил Факел C4 (2 урона)!
   Выпущено ракет: 2
# 
📊 РЕЗУЛЬТАТЫ ХОДА 14:
✓ 💥 ПОПАДАНИЯ:
✓    Артиллерия A1 (Team A) → Факел C4 (Team C)

--- Результаты хода ---
  Team A / Артиллерия A1      → Team C / Факел C4           @ (7,8,8)  (ранен)

--- Состояние команд после хода ---
  Team A: живых 4/8
    ✓ Артиллерия A1      @ (3,6,7) hp=1/1
    ✓ Радиовышка A2      @ (7,5,8) hp=1/3
    ✓ Тишина A5          @ (7,4,8) hp=2/2
    ✓ Паук A8            @ (5,6,7) hp=1/1
    ✗ Прыгун A3          @ (7,2,4) [уничтожен]
    ✗ Факел A4           @ (8,6,7) [уничтожен]
    ✗ Бурав A6           @ (6,5,7) [уничтожен]
    ✗ Провокатор A7      @ (4,6,7) [уничтожен]
  Team B: живых 2/8
    ✓ Факел B4           @ (9,0,5) hp=6/6
    ✓ Бурав B6           @ (9,0,4) hp=4/4
    ✗ Артиллерия B1      @ (9,0,7) [уничтожен]
    ✗ Радиовышка B2      @ (7,0,9) [уничтожен]
    ✗ Прыгун B3          @ (4,5,5) [уничтожен]
    ✗ Тишина B5          @ (7,4,7) [уничтожен]
    ✗ Провокатор B7      @ (9,0,5) [уничтожен]
    ✗ Паук B8            @ (7,2,4) [уничтожен]
  Team C: живых 3/8
    ✓ Радиовышка C2      @ (7,4,9) hp=3/3
    ✓ Факел C4           @ (7,8,8) hp=4/6
    ✓ Тишина C5          @ (8,0,8) hp=2/2
    ✗ Артиллерия C1      @ (7,1,9) [уничтожен]
    ✗ Прыгун C3          @ (4,6,7) [уничтожен]
    ✗ Бурав C6           @ (7,1,9) [уничтожен]
    ✗ Провокатор C7      @ (7,7,9) [уничтожен]
    ✗ Паук C8            @ (7,5,9) [уничтожен]

======================================================================
ХОД 15
======================================================================
✓ 🎮 GM: начинаем ход
GM: start_turn

--- Радиовышки: сканирование слоя Z ---
  Радиовышка A2 (z=8): видит 2 врагов  → Факел C4(7,8,8), Тишина C5(8,0,8)
  Радиовышка C2 (z=9): слой чист

--- Решения ботов ---
  [Team A] Артиллерия A1 (3,6,7) → SHOOT at (8,0,8)
  [Team A] Радиовышка A2 (7,5,8) → MOVE (7,4,9)
  [Team A] Паук A8 (5,6,7) → MINE (6,7,7)
  [Team A] Тишина A5 → SKIP
  [Team B] Бурав B6 (9,0,4) → MOVE (8,1,5)
  [Team B] Факел B4 → SKIP
  [Team C] Радиовышка C2 (7,4,9) → MOVE (7,5,8)
  [Team C] Факел C4 (7,8,8) → HEAL (AoE)
  [Team C] Тишина C5 (8,0,8) → MOVE (9,0,7)
! 🎮 GM: принудительно завершает фазу планирования
GM: end_planning
# 
============================================================
# 🔄 ОБРАБОТКА ХОДА 15
# ============================================================
!    ⚠️ Паук A8: в клетке уже стоит мина

📦 ПЕРЕМЕЩЕНИЯ:
!    ⚠️ Радиовышка A2: клетка (7,4,9) занята
!    ⚠️ Бурав B6: Бурав двигается только по 1 оси или по 2 осям строго диагонально
!    ⚠️ Радиовышка C2: клетка (7,5,8) занята
   Тишина C5: (8, 0, 8) → (9,0,7)

🎯 ВЫСТРЕЛЫ:
✓    💚 Факел C4 лечит Факел C4 → hits=1/6
   Выпущено ракет: 1
# 
📊 РЕЗУЛЬТАТЫ ХОДА 15:
🎯 Попаданий нет

--- Результаты хода ---
  Попаданий нет

--- Состояние команд после хода ---
  Team A: живых 4/8
    ✓ Артиллерия A1      @ (3,6,7) hp=1/1
    ✓ Радиовышка A2      @ (7,5,8) hp=1/3
    ✓ Тишина A5          @ (7,4,8) hp=2/2
    ✓ Паук A8            @ (5,6,7) hp=1/1
    ✗ Прыгун A3          @ (7,2,4) [уничтожен]
    ✗ Факел A4           @ (8,6,7) [уничтожен]
    ✗ Бурав A6           @ (6,5,7) [уничтожен]
    ✗ Провокатор A7      @ (4,6,7) [уничтожен]
  Team B: живых 2/8
    ✓ Факел B4           @ (9,0,5) hp=6/6
    ✓ Бурав B6           @ (9,0,4) hp=4/4
    ✗ Артиллерия B1      @ (9,0,7) [уничтожен]
    ✗ Радиовышка B2      @ (7,0,9) [уничтожен]
    ✗ Прыгун B3          @ (4,5,5) [уничтожен]
    ✗ Тишина B5          @ (7,4,7) [уничтожен]
    ✗ Провокатор B7      @ (9,0,5) [уничтожен]
    ✗ Паук B8            @ (7,2,4) [уничтожен]
  Team C: живых 3/8
    ✓ Радиовышка C2      @ (7,4,9) hp=3/3
    ✓ Факел C4           @ (7,8,8) hp=5/6
    ✓ Тишина C5          @ (9,0,7) hp=2/2
    ✗ Артиллерия C1      @ (7,1,9) [уничтожен]
    ✗ Прыгун C3          @ (4,6,7) [уничтожен]
    ✗ Бурав C6           @ (7,1,9) [уничтожен]
    ✗ Провокатор C7      @ (7,7,9) [уничтожен]
    ✗ Паук C8            @ (7,5,9) [уничтожен]

======================================================================
ХОД 16
======================================================================
✓ 🎮 GM: начинаем ход
GM: start_turn

--- Радиовышки: сканирование слоя Z ---
  Радиовышка A2 (z=8): видит 1 врагов  → Факел C4(7,8,8)
  Радиовышка C2 (z=9): слой чист

--- Решения ботов ---
  [Team A] Артиллерия A1 (3,6,7) → SHOOT at (9,0,7)
  [Team A] Радиовышка A2 (7,5,8) → MOVE (7,4,9)
  [Team A] Паук A8 (5,6,7) → MINE (6,7,7)
  [Team A] Тишина A5 → SKIP
  [Team B] Факел B4 (9,0,5) → SHOOT at (9,0,7)
  [Team B] Бурав B6 (9,0,4) → MOVE (9,0,7)
  [Team C] Радиовышка C2 (7,4,9) → MOVE (7,5,8)
  [Team C] Факел C4 (7,8,8) → HEAL (AoE)
  [Team C] Тишина C5 (9,0,7) → MOVE (9,0,6)
! 🎮 GM: принудительно завершает фазу планирования
GM: end_planning
# 
============================================================
# 🔄 ОБРАБОТКА ХОДА 16
# ============================================================
!    ⚠️ Паук A8: в клетке уже стоит мина

📦 ПЕРЕМЕЩЕНИЯ:
!    ⚠️ Радиовышка A2: клетка (7,4,9) занята
✓    💥 Бурав B6 тараном уничтожил Тишина C5 в (9,0,7)
   Бурав B6: (9, 0, 4) → (9,0,7)
!    ⚠️ Радиовышка C2: клетка (7,5,8) занята

🎯 ВЫСТРЕЛЫ:
!    🛡️ Выстрел Факел B4 заблокирован союзником Бурав B6 в (9, 0, 7)
✓    ✅ Артиллерия A1 поразил Бурав B6 (2 урона)!
✓    💚 Факел C4 лечит Факел C4 → hits=0/6
   Выпущено ракет: 2
# 
📊 РЕЗУЛЬТАТЫ ХОДА 16:
✓ 💥 ПОПАДАНИЯ:
✓    Артиллерия A1 (Team A) → Бурав B6 (Team B)

--- Результаты хода ---
  Team B / Бурав B6           → Team C / Тишина C5          @ (9,0,7)  (УБИТ)
  Team A / Артиллерия A1      → Team B / Бурав B6           @ (9,0,7)  (ранен)

--- Состояние команд после хода ---
  Team A: живых 4/8
    ✓ Артиллерия A1      @ (3,6,7) hp=1/1
    ✓ Радиовышка A2      @ (7,5,8) hp=1/3
    ✓ Тишина A5          @ (7,4,8) hp=2/2
    ✓ Паук A8            @ (5,6,7) hp=1/1
    ✗ Прыгун A3          @ (7,2,4) [уничтожен]
    ✗ Факел A4           @ (8,6,7) [уничтожен]
    ✗ Бурав A6           @ (6,5,7) [уничтожен]
    ✗ Провокатор A7      @ (4,6,7) [уничтожен]
  Team B: живых 2/8
    ✓ Факел B4           @ (9,0,5) hp=6/6
    ✓ Бурав B6           @ (9,0,7) hp=2/4
    ✗ Артиллерия B1      @ (9,0,7) [уничтожен]
    ✗ Радиовышка B2      @ (7,0,9) [уничтожен]
    ✗ Прыгун B3          @ (4,5,5) [уничтожен]
    ✗ Тишина B5          @ (7,4,7) [уничтожен]
    ✗ Провокатор B7      @ (9,0,5) [уничтожен]
    ✗ Паук B8            @ (7,2,4) [уничтожен]
  Team C: живых 2/8
    ✓ Радиовышка C2      @ (7,4,9) hp=3/3
    ✓ Факел C4           @ (7,8,8) hp=6/6
    ✗ Артиллерия C1      @ (7,1,9) [уничтожен]
    ✗ Прыгун C3          @ (4,6,7) [уничтожен]
    ✗ Тишина C5          @ (9,0,7) [уничтожен]
    ✗ Бурав C6           @ (7,1,9) [уничтожен]
    ✗ Провокатор C7      @ (7,7,9) [уничтожен]
    ✗ Паук C8            @ (7,5,9) [уничтожен]

======================================================================
ХОД 17
======================================================================
✓ 🎮 GM: начинаем ход
GM: start_turn

--- Радиовышки: сканирование слоя Z ---
  Радиовышка A2 (z=8): видит 1 врагов  → Факел C4(7,8,8)
  Радиовышка C2 (z=9): слой чист

--- Решения ботов ---
  [Team A] Артиллерия A1 (3,6,7) → SHOOT at (9,0,7)
  [Team A] Радиовышка A2 (7,5,8) → MOVE (7,4,9)
  [Team A] Тишина A5 (7,4,8) → PHASE toggle
  [Team A] Паук A8 (5,6,7) → MINE (6,7,7)
  [Team B] Факел B4 (9,0,5) → HEAL (AoE)
  [Team B] Бурав B6 (9,0,7) → MOVE (8,1,8)
  [Team C] Радиовышка C2 (7,4,9) → MOVE (7,5,8)
  [Team C] Факел C4 (7,8,8) → SHOOT at (7,5,8)
! 🎮 GM: принудительно завершает фазу планирования
GM: end_planning
# 
============================================================
# 🔄 ОБРАБОТКА ХОДА 17
# ============================================================
   🌀 Тишина A5: уходит в фазу на 1 ход
!    ⚠️ Паук A8: в клетке уже стоит мина

📦 ПЕРЕМЕЩЕНИЯ:
!    ⚠️ Радиовышка A2: клетка (7,4,9) занята
!    ⚠️ Бурав B6: Бурав двигается только по 1 оси или по 2 осям строго диагонально
!    ⚠️ Радиовышка C2: клетка (7,5,8) занята

🎯 ВЫСТРЕЛЫ:
!    🛡️ Выстрел Факел C4 гасится собственной голограммой в (7, 6, 8)
✓    ✅ Артиллерия A1 поразил Бурав B6 (2 урона)!
!    ⚠️ Факел B4: некого лечить
   Выпущено ракет: 2
# 
📊 РЕЗУЛЬТАТЫ ХОДА 17:
✓ 💥 ПОПАДАНИЯ:
✓    Артиллерия A1 (Team A) → Бурав B6 (Team B)

--- Результаты хода ---
  Team A / Артиллерия A1      → Team B / Бурав B6           @ (9,0,7)  (УБИТ)

--- Состояние команд после хода ---
  Team A: живых 4/8
    ✓ Артиллерия A1      @ (3,6,7) hp=1/1
    ✓ Радиовышка A2      @ (7,5,8) hp=1/3
    ✓ Тишина A5          @ (7,4,8) hp=2/2
    ✓ Паук A8            @ (5,6,7) hp=1/1
    ✗ Прыгун A3          @ (7,2,4) [уничтожен]
    ✗ Факел A4           @ (8,6,7) [уничтожен]
    ✗ Бурав A6           @ (6,5,7) [уничтожен]
    ✗ Провокатор A7      @ (4,6,7) [уничтожен]
  Team B: живых 1/8
    ✓ Факел B4           @ (9,0,5) hp=6/6
    ✗ Артиллерия B1      @ (9,0,7) [уничтожен]
    ✗ Радиовышка B2      @ (7,0,9) [уничтожен]
    ✗ Прыгун B3          @ (4,5,5) [уничтожен]
    ✗ Тишина B5          @ (7,4,7) [уничтожен]
    ✗ Бурав B6           @ (9,0,7) [уничтожен]
    ✗ Провокатор B7      @ (9,0,5) [уничтожен]
    ✗ Паук B8            @ (7,2,4) [уничтожен]
  Team C: живых 2/8
    ✓ Радиовышка C2      @ (7,4,9) hp=3/3
    ✓ Факел C4           @ (7,8,8) hp=6/6
    ✗ Артиллерия C1      @ (7,1,9) [уничтожен]
    ✗ Прыгун C3          @ (4,6,7) [уничтожен]
    ✗ Тишина C5          @ (9,0,7) [уничтожен]
    ✗ Бурав C6           @ (7,1,9) [уничтожен]
    ✗ Провокатор C7      @ (7,7,9) [уничтожен]
    ✗ Паук C8            @ (7,5,9) [уничтожен]

======================================================================
ХОД 18
======================================================================
✓ 🎮 GM: начинаем ход
GM: start_turn

--- Радиовышки: сканирование слоя Z ---
  Радиовышка A2 (z=8): видит 1 врагов  → Факел C4(7,8,8)
  Радиовышка C2 (z=9): слой чист

--- Решения ботов ---
  [Team A] Артиллерия A1 (3,6,7) → SHOOT at (7,8,8)
  [Team A] Радиовышка A2 (7,5,8) → MOVE (7,4,9)
  [Team A] Паук A8 (5,6,7) → MINE (6,7,7)
  [Team A] Тишина A5 → SKIP
  [Team B] Факел B4 (9,0,5) → MOVE (8,1,6)
  [Team C] Радиовышка C2 (7,4,9) → MOVE (7,5,8)
  [Team C] Факел C4 (7,8,8) → SHOOT at (7,5,8)
! 🎮 GM: принудительно завершает фазу планирования
GM: end_planning
# 
============================================================
# 🔄 ОБРАБОТКА ХОДА 18
# ============================================================
   🌀 Тишина A5: фаза спала (действовала 1 ход)
!    ⚠️ Паук A8: в клетке уже стоит мина

📦 ПЕРЕМЕЩЕНИЯ:
!    ⚠️ Радиовышка A2: клетка (7,4,9) занята
!    ⚠️ Факел B4: клетка (8,1,6) занята
!    ⚠️ Радиовышка C2: клетка (7,5,8) занята

🎯 ВЫСТРЕЛЫ:
!    🛡️ Выстрел Факел C4 гасится собственной голограммой в (7, 6, 8)
✓    ✅ Артиллерия A1 поразил Факел C4 (2 урона)!
   Выпущено ракет: 2
# 
📊 РЕЗУЛЬТАТЫ ХОДА 18:
✓ 💥 ПОПАДАНИЯ:
✓    Артиллерия A1 (Team A) → Факел C4 (Team C)

--- Результаты хода ---
  Team A / Артиллерия A1      → Team C / Факел C4           @ (7,8,8)  (ранен)

--- Состояние команд после хода ---
  Team A: живых 4/8
    ✓ Артиллерия A1      @ (3,6,7) hp=1/1
    ✓ Радиовышка A2      @ (7,5,8) hp=1/3
    ✓ Тишина A5          @ (7,4,8) hp=2/2
    ✓ Паук A8            @ (5,6,7) hp=1/1
    ✗ Прыгун A3          @ (7,2,4) [уничтожен]
    ✗ Факел A4           @ (8,6,7) [уничтожен]
    ✗ Бурав A6           @ (6,5,7) [уничтожен]
    ✗ Провокатор A7      @ (4,6,7) [уничтожен]
  Team B: живых 1/8
    ✓ Факел B4           @ (9,0,5) hp=6/6
    ✗ Артиллерия B1      @ (9,0,7) [уничтожен]
    ✗ Радиовышка B2      @ (7,0,9) [уничтожен]
    ✗ Прыгун B3          @ (4,5,5) [уничтожен]
    ✗ Тишина B5          @ (7,4,7) [уничтожен]
    ✗ Бурав B6           @ (9,0,7) [уничтожен]
    ✗ Провокатор B7      @ (9,0,5) [уничтожен]
    ✗ Паук B8            @ (7,2,4) [уничтожен]
  Team C: живых 2/8
    ✓ Радиовышка C2      @ (7,4,9) hp=3/3
    ✓ Факел C4           @ (7,8,8) hp=4/6
    ✗ Артиллерия C1      @ (7,1,9) [уничтожен]
    ✗ Прыгун C3          @ (4,6,7) [уничтожен]
    ✗ Тишина C5          @ (9,0,7) [уничтожен]
    ✗ Бурав C6           @ (7,1,9) [уничтожен]
    ✗ Провокатор C7      @ (7,7,9) [уничтожен]
    ✗ Паук C8            @ (7,5,9) [уничтожен]

======================================================================
ХОД 19
======================================================================
✓ 🎮 GM: начинаем ход
GM: start_turn

--- Радиовышки: сканирование слоя Z ---
  Радиовышка A2 (z=8): видит 1 врагов  → Факел C4(7,8,8)
  Радиовышка C2 (z=9): слой чист

--- Решения ботов ---
  [Team A] Артиллерия A1 (3,6,7) → SHOOT at (7,8,8)
  [Team A] Радиовышка A2 (7,5,8) → MOVE (7,4,9)
  [Team A] Паук A8 (5,6,7) → MINE (6,7,7)
  [Team A] Тишина A5 → SKIP
  [Team B] Факел B4 (9,0,5) → MOVE (8,1,6)
  [Team C] Радиовышка C2 (7,4,9) → MOVE (7,5,8)
  [Team C] Факел C4 (7,8,8) → HEAL (AoE)
! 🎮 GM: принудительно завершает фазу планирования
GM: end_planning
# 
============================================================
# 🔄 ОБРАБОТКА ХОДА 19
# ============================================================
!    ⚠️ Паук A8: в клетке уже стоит мина

📦 ПЕРЕМЕЩЕНИЯ:
!    ⚠️ Радиовышка A2: клетка (7,4,9) занята
!    ⚠️ Факел B4: клетка (8,1,6) занята
!    ⚠️ Радиовышка C2: клетка (7,5,8) занята

🎯 ВЫСТРЕЛЫ:
✓    ✅ Артиллерия A1 поразил Факел C4 (2 урона)!
✓    💚 Факел C4 лечит Факел C4 → hits=3/6
   Выпущено ракет: 1
# 
📊 РЕЗУЛЬТАТЫ ХОДА 19:
✓ 💥 ПОПАДАНИЯ:
✓    Артиллерия A1 (Team A) → Факел C4 (Team C)

--- Результаты хода ---
  Team A / Артиллерия A1      → Team C / Факел C4           @ (7,8,8)  (ранен)

--- Состояние команд после хода ---
  Team A: живых 4/8
    ✓ Артиллерия A1      @ (3,6,7) hp=1/1
    ✓ Радиовышка A2      @ (7,5,8) hp=1/3
    ✓ Тишина A5          @ (7,4,8) hp=2/2
    ✓ Паук A8            @ (5,6,7) hp=1/1
    ✗ Прыгун A3          @ (7,2,4) [уничтожен]
    ✗ Факел A4           @ (8,6,7) [уничтожен]
    ✗ Бурав A6           @ (6,5,7) [уничтожен]
    ✗ Провокатор A7      @ (4,6,7) [уничтожен]
  Team B: живых 1/8
    ✓ Факел B4           @ (9,0,5) hp=6/6
    ✗ Артиллерия B1      @ (9,0,7) [уничтожен]
    ✗ Радиовышка B2      @ (7,0,9) [уничтожен]
    ✗ Прыгун B3          @ (4,5,5) [уничтожен]
    ✗ Тишина B5          @ (7,4,7) [уничтожен]
    ✗ Бурав B6           @ (9,0,7) [уничтожен]
    ✗ Провокатор B7      @ (9,0,5) [уничтожен]
    ✗ Паук B8            @ (7,2,4) [уничтожен]
  Team C: живых 2/8
    ✓ Радиовышка C2      @ (7,4,9) hp=3/3
    ✓ Факел C4           @ (7,8,8) hp=3/6
    ✗ Артиллерия C1      @ (7,1,9) [уничтожен]
    ✗ Прыгун C3          @ (4,6,7) [уничтожен]
    ✗ Тишина C5          @ (9,0,7) [уничтожен]
    ✗ Бурав C6           @ (7,1,9) [уничтожен]
    ✗ Провокатор C7      @ (7,7,9) [уничтожен]
    ✗ Паук C8            @ (7,5,9) [уничтожен]

======================================================================
ХОД 20
======================================================================
✓ 🎮 GM: начинаем ход
GM: start_turn

--- Радиовышки: сканирование слоя Z ---
  Радиовышка A2 (z=8): видит 1 врагов  → Факел C4(7,8,8)
  Радиовышка C2 (z=9): слой чист

--- Решения ботов ---
  [Team A] Артиллерия A1 (3,6,7) → SHOOT at (7,8,8)
  [Team A] Радиовышка A2 (7,5,8) → MOVE (7,4,9)
  [Team A] Паук A8 (5,6,7) → MINE (6,7,7)
  [Team A] Тишина A5 → SKIP
  [Team B] Факел B4 (9,0,5) → MOVE (8,1,6)
  [Team C] Радиовышка C2 (7,4,9) → MOVE (7,5,8)
  [Team C] Факел C4 (7,8,8) → HEAL (AoE)
! 🎮 GM: принудительно завершает фазу планирования
GM: end_planning
# 
============================================================
# 🔄 ОБРАБОТКА ХОДА 20
# ============================================================
!    ⚠️ Паук A8: в клетке уже стоит мина

📦 ПЕРЕМЕЩЕНИЯ:
!    ⚠️ Радиовышка A2: клетка (7,4,9) занята
!    ⚠️ Факел B4: клетка (8,1,6) занята
!    ⚠️ Радиовышка C2: клетка (7,5,8) занята

🎯 ВЫСТРЕЛЫ:
✓    ✅ Артиллерия A1 поразил Факел C4 (2 урона)!
✓    💚 Факел C4 лечит Факел C4 → hits=4/6
   Выпущено ракет: 1
# 
📊 РЕЗУЛЬТАТЫ ХОДА 20:
✓ 💥 ПОПАДАНИЯ:
✓    Артиллерия A1 (Team A) → Факел C4 (Team C)

--- Результаты хода ---
  Team A / Артиллерия A1      → Team C / Факел C4           @ (7,8,8)  (ранен)

--- Состояние команд после хода ---
  Team A: живых 4/8
    ✓ Артиллерия A1      @ (3,6,7) hp=1/1
    ✓ Радиовышка A2      @ (7,5,8) hp=1/3
    ✓ Тишина A5          @ (7,4,8) hp=2/2
    ✓ Паук A8            @ (5,6,7) hp=1/1
    ✗ Прыгун A3          @ (7,2,4) [уничтожен]
    ✗ Факел A4           @ (8,6,7) [уничтожен]
    ✗ Бурав A6           @ (6,5,7) [уничтожен]
    ✗ Провокатор A7      @ (4,6,7) [уничтожен]
  Team B: живых 1/8
    ✓ Факел B4           @ (9,0,5) hp=6/6
    ✗ Артиллерия B1      @ (9,0,7) [уничтожен]
    ✗ Радиовышка B2      @ (7,0,9) [уничтожен]
    ✗ Прыгун B3          @ (4,5,5) [уничтожен]
    ✗ Тишина B5          @ (7,4,7) [уничтожен]
    ✗ Бурав B6           @ (9,0,7) [уничтожен]
    ✗ Провокатор B7      @ (9,0,5) [уничтожен]
    ✗ Паук B8            @ (7,2,4) [уничтожен]
  Team C: живых 2/8
    ✓ Радиовышка C2      @ (7,4,9) hp=3/3
    ✓ Факел C4           @ (7,8,8) hp=2/6
    ✗ Артиллерия C1      @ (7,1,9) [уничтожен]
    ✗ Прыгун C3          @ (4,6,7) [уничтожен]
    ✗ Тишина C5          @ (9,0,7) [уничтожен]
    ✗ Бурав C6           @ (7,1,9) [уничтожен]
    ✗ Провокатор C7      @ (7,7,9) [уничтожен]
    ✗ Паук C8            @ (7,5,9) [уничтожен]

======================================================================
ХОД 21
======================================================================
✓ 🎮 GM: начинаем ход
GM: start_turn

--- Радиовышки: сканирование слоя Z ---
  Радиовышка A2 (z=8): видит 1 врагов  → Факел C4(7,8,8)
  Радиовышка C2 (z=9): слой чист

--- Решения ботов ---
  [Team A] Артиллерия A1 (3,6,7) → SHOOT at (7,8,8)
  [Team A] Радиовышка A2 (7,5,8) → MOVE (7,4,9)
  [Team A] Тишина A5 (7,4,8) → PHASE toggle
  [Team A] Паук A8 (5,6,7) → MINE (6,7,7)
  [Team B] Факел B4 (9,0,5) → MOVE (8,1,6)
  [Team C] Радиовышка C2 (7,4,9) → MOVE (7,5,8)
  [Team C] Факел C4 (7,8,8) → HEAL (AoE)
! 🎮 GM: принудительно завершает фазу планирования
GM: end_planning
# 
============================================================
# 🔄 ОБРАБОТКА ХОДА 21
# ============================================================
   🌀 Тишина A5: уходит в фазу на 1 ход
!    ⚠️ Паук A8: в клетке уже стоит мина

📦 ПЕРЕМЕЩЕНИЯ:
!    ⚠️ Радиовышка A2: клетка (7,4,9) занята
!    ⚠️ Факел B4: клетка (8,1,6) занята
!    ⚠️ Радиовышка C2: клетка (7,5,8) занята

🎯 ВЫСТРЕЛЫ:
✓    ✅ Артиллерия A1 поразил Факел C4 (2 урона)!
   Выпущено ракет: 1
# 
📊 РЕЗУЛЬТАТЫ ХОДА 21:
✓ 💥 ПОПАДАНИЯ:
✓    Артиллерия A1 (Team A) → Факел C4 (Team C)

--- Результаты хода ---
  Team A / Артиллерия A1      → Team C / Факел C4           @ (7,8,8)  (УБИТ)

--- Состояние команд после хода ---
  Team A: живых 4/8
    ✓ Артиллерия A1      @ (3,6,7) hp=1/1
    ✓ Радиовышка A2      @ (7,5,8) hp=1/3
    ✓ Тишина A5          @ (7,4,8) hp=2/2
    ✓ Паук A8            @ (5,6,7) hp=1/1
    ✗ Прыгун A3          @ (7,2,4) [уничтожен]
    ✗ Факел A4           @ (8,6,7) [уничтожен]
    ✗ Бурав A6           @ (6,5,7) [уничтожен]
    ✗ Провокатор A7      @ (4,6,7) [уничтожен]
  Team B: живых 1/8
    ✓ Факел B4           @ (9,0,5) hp=6/6
    ✗ Артиллерия B1      @ (9,0,7) [уничтожен]
    ✗ Радиовышка B2      @ (7,0,9) [уничтожен]
    ✗ Прыгун B3          @ (4,5,5) [уничтожен]
    ✗ Тишина B5          @ (7,4,7) [уничтожен]
    ✗ Бурав B6           @ (9,0,7) [уничтожен]
    ✗ Провокатор B7      @ (9,0,5) [уничтожен]
    ✗ Паук B8            @ (7,2,4) [уничтожен]
  Team C: живых 1/8
    ✓ Радиовышка C2      @ (7,4,9) hp=3/3
    ✗ Артиллерия C1      @ (7,1,9) [уничтожен]
    ✗ Прыгун C3          @ (4,6,7) [уничтожен]
    ✗ Факел C4           @ (7,8,8) [уничтожен]
    ✗ Тишина C5          @ (9,0,7) [уничтожен]
    ✗ Бурав C6           @ (7,1,9) [уничтожен]
    ✗ Провокатор C7      @ (7,7,9) [уничтожен]
    ✗ Паук C8            @ (7,5,9) [уничтожен]

======================================================================
ХОД 22
======================================================================
✓ 🎮 GM: начинаем ход
GM: start_turn

--- Радиовышки: сканирование слоя Z ---
  Радиовышка A2 (z=8): слой чист
  Радиовышка C2 (z=9): слой чист

--- Решения ботов ---
  [Team A] Артиллерия A1 (3,6,7) → SHOOT at (9,0,5)
  [Team A] Радиовышка A2 (7,5,8) → MOVE (7,4,9)
  [Team A] Паук A8 (5,6,7) → MINE (6,5,8)
  [Team A] Тишина A5 → SKIP
  [Team B] Факел B4 (9,0,5) → MOVE (8,1,6)
  [Team C] Радиовышка C2 (7,4,9) → MOVE (7,5,8)
! 🎮 GM: принудительно завершает фазу планирования
GM: end_planning
# 
============================================================
# 🔄 ОБРАБОТКА ХОДА 22
# ============================================================
   🌀 Тишина A5: фаза спала (действовала 1 ход)
!    ⚠️ Паук A8: в клетке уже стоит мина

📦 ПЕРЕМЕЩЕНИЯ:
!    ⚠️ Радиовышка A2: клетка (7,4,9) занята
!    ⚠️ Факел B4: клетка (8,1,6) занята
!    ⚠️ Радиовышка C2: клетка (7,5,8) занята

🎯 ВЫСТРЕЛЫ:
✓    ✅ Артиллерия A1 поразил Факел B4 (2 урона)!
   Выпущено ракет: 1
# 
📊 РЕЗУЛЬТАТЫ ХОДА 22:
✓ 💥 ПОПАДАНИЯ:
✓    Артиллерия A1 (Team A) → Факел B4 (Team B)

--- Результаты хода ---
  Team A / Артиллерия A1      → Team B / Факел B4           @ (9,0,5)  (ранен)

--- Состояние команд после хода ---
  Team A: живых 4/8
    ✓ Артиллерия A1      @ (3,6,7) hp=1/1
    ✓ Радиовышка A2      @ (7,5,8) hp=1/3
    ✓ Тишина A5          @ (7,4,8) hp=2/2
    ✓ Паук A8            @ (5,6,7) hp=1/1
    ✗ Прыгун A3          @ (7,2,4) [уничтожен]
    ✗ Факел A4           @ (8,6,7) [уничтожен]
    ✗ Бурав A6           @ (6,5,7) [уничтожен]
    ✗ Провокатор A7      @ (4,6,7) [уничтожен]
  Team B: живых 1/8
    ✓ Факел B4           @ (9,0,5) hp=4/6
    ✗ Артиллерия B1      @ (9,0,7) [уничтожен]
    ✗ Радиовышка B2      @ (7,0,9) [уничтожен]
    ✗ Прыгун B3          @ (4,5,5) [уничтожен]
    ✗ Тишина B5          @ (7,4,7) [уничтожен]
    ✗ Бурав B6           @ (9,0,7) [уничтожен]
    ✗ Провокатор B7      @ (9,0,5) [уничтожен]
    ✗ Паук B8            @ (7,2,4) [уничтожен]
  Team C: живых 1/8
    ✓ Радиовышка C2      @ (7,4,9) hp=3/3
    ✗ Артиллерия C1      @ (7,1,9) [уничтожен]
    ✗ Прыгун C3          @ (4,6,7) [уничтожен]
    ✗ Факел C4           @ (7,8,8) [уничтожен]
    ✗ Тишина C5          @ (9,0,7) [уничтожен]
    ✗ Бурав C6           @ (7,1,9) [уничтожен]
    ✗ Провокатор C7      @ (7,7,9) [уничтожен]
    ✗ Паук C8            @ (7,5,9) [уничтожен]

======================================================================
ХОД 23
======================================================================
✓ 🎮 GM: начинаем ход
GM: start_turn

--- Радиовышки: сканирование слоя Z ---
  Радиовышка A2 (z=8): слой чист
  Радиовышка C2 (z=9): слой чист

--- Решения ботов ---
  [Team A] Артиллерия A1 (3,6,7) → SHOOT at (9,0,5)
  [Team A] Радиовышка A2 (7,5,8) → MOVE (7,4,9)
  [Team A] Паук A8 (5,6,7) → MINE (6,5,8)
  [Team A] Тишина A5 → SKIP
  [Team B] Факел B4 (9,0,5) → HEAL (AoE)
  [Team C] Радиовышка C2 (7,4,9) → MOVE (7,5,8)
! 🎮 GM: принудительно завершает фазу планирования
GM: end_planning
# 
============================================================
# 🔄 ОБРАБОТКА ХОДА 23
# ============================================================
!    ⚠️ Паук A8: в клетке уже стоит мина

📦 ПЕРЕМЕЩЕНИЯ:
!    ⚠️ Радиовышка A2: клетка (7,4,9) занята
!    ⚠️ Радиовышка C2: клетка (7,5,8) занята

🎯 ВЫСТРЕЛЫ:
✓    ✅ Артиллерия A1 поразил Факел B4 (2 урона)!
✓    💚 Факел B4 лечит Факел B4 → hits=3/6
   Выпущено ракет: 1
# 
📊 РЕЗУЛЬТАТЫ ХОДА 23:
✓ 💥 ПОПАДАНИЯ:
✓    Артиллерия A1 (Team A) → Факел B4 (Team B)

--- Результаты хода ---
  Team A / Артиллерия A1      → Team B / Факел B4           @ (9,0,5)  (ранен)

--- Состояние команд после хода ---
  Team A: живых 4/8
    ✓ Артиллерия A1      @ (3,6,7) hp=1/1
    ✓ Радиовышка A2      @ (7,5,8) hp=1/3
    ✓ Тишина A5          @ (7,4,8) hp=2/2
    ✓ Паук A8            @ (5,6,7) hp=1/1
    ✗ Прыгун A3          @ (7,2,4) [уничтожен]
    ✗ Факел A4           @ (8,6,7) [уничтожен]
    ✗ Бурав A6           @ (6,5,7) [уничтожен]
    ✗ Провокатор A7      @ (4,6,7) [уничтожен]
  Team B: живых 1/8
    ✓ Факел B4           @ (9,0,5) hp=3/6
    ✗ Артиллерия B1      @ (9,0,7) [уничтожен]
    ✗ Радиовышка B2      @ (7,0,9) [уничтожен]
    ✗ Прыгун B3          @ (4,5,5) [уничтожен]
    ✗ Тишина B5          @ (7,4,7) [уничтожен]
    ✗ Бурав B6           @ (9,0,7) [уничтожен]
    ✗ Провокатор B7      @ (9,0,5) [уничтожен]
    ✗ Паук B8            @ (7,2,4) [уничтожен]
  Team C: живых 1/8
    ✓ Радиовышка C2      @ (7,4,9) hp=3/3
    ✗ Артиллерия C1      @ (7,1,9) [уничтожен]
    ✗ Прыгун C3          @ (4,6,7) [уничтожен]
    ✗ Факел C4           @ (7,8,8) [уничтожен]
    ✗ Тишина C5          @ (9,0,7) [уничтожен]
    ✗ Бурав C6           @ (7,1,9) [уничтожен]
    ✗ Провокатор C7      @ (7,7,9) [уничтожен]
    ✗ Паук C8            @ (7,5,9) [уничтожен]

======================================================================
ХОД 24
======================================================================
✓ 🎮 GM: начинаем ход
GM: start_turn

--- Радиовышки: сканирование слоя Z ---
  Радиовышка A2 (z=8): слой чист
  Радиовышка C2 (z=9): слой чист

--- Решения ботов ---
  [Team A] Артиллерия A1 (3,6,7) → SHOOT at (9,0,5)
  [Team A] Радиовышка A2 (7,5,8) → MOVE (7,4,9)
  [Team A] Паук A8 (5,6,7) → MINE (6,5,8)
  [Team A] Тишина A5 → SKIP
  [Team B] Факел B4 (9,0,5) → HEAL (AoE)
  [Team C] Радиовышка C2 (7,4,9) → MOVE (7,5,8)
! 🎮 GM: принудительно завершает фазу планирования
GM: end_planning
# 
============================================================
# 🔄 ОБРАБОТКА ХОДА 24
# ============================================================
!    ⚠️ Паук A8: в клетке уже стоит мина

📦 ПЕРЕМЕЩЕНИЯ:
!    ⚠️ Радиовышка A2: клетка (7,4,9) занята
!    ⚠️ Радиовышка C2: клетка (7,5,8) занята

🎯 ВЫСТРЕЛЫ:
✓    ✅ Артиллерия A1 поразил Факел B4 (2 урона)!
✓    💚 Факел B4 лечит Факел B4 → hits=4/6
   Выпущено ракет: 1
# 
📊 РЕЗУЛЬТАТЫ ХОДА 24:
✓ 💥 ПОПАДАНИЯ:
✓    Артиллерия A1 (Team A) → Факел B4 (Team B)

--- Результаты хода ---
  Team A / Артиллерия A1      → Team B / Факел B4           @ (9,0,5)  (ранен)

--- Состояние команд после хода ---
  Team A: живых 4/8
    ✓ Артиллерия A1      @ (3,6,7) hp=1/1
    ✓ Радиовышка A2      @ (7,5,8) hp=1/3
    ✓ Тишина A5          @ (7,4,8) hp=2/2
    ✓ Паук A8            @ (5,6,7) hp=1/1
    ✗ Прыгун A3          @ (7,2,4) [уничтожен]
    ✗ Факел A4           @ (8,6,7) [уничтожен]
    ✗ Бурав A6           @ (6,5,7) [уничтожен]
    ✗ Провокатор A7      @ (4,6,7) [уничтожен]
  Team B: живых 1/8
    ✓ Факел B4           @ (9,0,5) hp=2/6
    ✗ Артиллерия B1      @ (9,0,7) [уничтожен]
    ✗ Радиовышка B2      @ (7,0,9) [уничтожен]
    ✗ Прыгун B3          @ (4,5,5) [уничтожен]
    ✗ Тишина B5          @ (7,4,7) [уничтожен]
    ✗ Бурав B6           @ (9,0,7) [уничтожен]
    ✗ Провокатор B7      @ (9,0,5) [уничтожен]
    ✗ Паук B8            @ (7,2,4) [уничтожен]
  Team C: живых 1/8
    ✓ Радиовышка C2      @ (7,4,9) hp=3/3
    ✗ Артиллерия C1      @ (7,1,9) [уничтожен]
    ✗ Прыгун C3          @ (4,6,7) [уничтожен]
    ✗ Факел C4           @ (7,8,8) [уничтожен]
    ✗ Тишина C5          @ (9,0,7) [уничтожен]
    ✗ Бурав C6           @ (7,1,9) [уничтожен]
    ✗ Провокатор C7      @ (7,7,9) [уничтожен]
    ✗ Паук C8            @ (7,5,9) [уничтожен]

======================================================================
ХОД 25
======================================================================
✓ 🎮 GM: начинаем ход
GM: start_turn

--- Радиовышки: сканирование слоя Z ---
  Радиовышка A2 (z=8): слой чист
  Радиовышка C2 (z=9): слой чист

--- Решения ботов ---
  [Team A] Артиллерия A1 (3,6,7) → SHOOT at (9,0,5)
  [Team A] Радиовышка A2 (7,5,8) → MOVE (7,4,9)
  [Team A] Тишина A5 (7,4,8) → PHASE toggle
  [Team A] Паук A8 (5,6,7) → MINE (6,5,8)
  [Team B] Факел B4 (9,0,5) → HEAL (AoE)
  [Team C] Радиовышка C2 (7,4,9) → MOVE (7,5,8)
! 🎮 GM: принудительно завершает фазу планирования
GM: end_planning
# 
============================================================
# 🔄 ОБРАБОТКА ХОДА 25
# ============================================================
   🌀 Тишина A5: уходит в фазу на 1 ход
!    ⚠️ Паук A8: в клетке уже стоит мина

📦 ПЕРЕМЕЩЕНИЯ:
!    ⚠️ Радиовышка A2: клетка (7,4,9) занята
!    ⚠️ Радиовышка C2: клетка (7,5,8) занята

🎯 ВЫСТРЕЛЫ:
✓    ✅ Артиллерия A1 поразил Факел B4 (2 урона)!
   Выпущено ракет: 1
# 
📊 РЕЗУЛЬТАТЫ ХОДА 25:
✓ 💥 ПОПАДАНИЯ:
✓    Артиллерия A1 (Team A) → Факел B4 (Team B)

--- Результаты хода ---
  Team A / Артиллерия A1      → Team B / Факел B4           @ (9,0,5)  (УБИТ)

--- Состояние команд после хода ---
  Team A: живых 4/8
    ✓ Артиллерия A1      @ (3,6,7) hp=1/1
    ✓ Радиовышка A2      @ (7,5,8) hp=1/3
    ✓ Тишина A5          @ (7,4,8) hp=2/2
    ✓ Паук A8            @ (5,6,7) hp=1/1
    ✗ Прыгун A3          @ (7,2,4) [уничтожен]
    ✗ Факел A4           @ (8,6,7) [уничтожен]
    ✗ Бурав A6           @ (6,5,7) [уничтожен]
    ✗ Провокатор A7      @ (4,6,7) [уничтожен]
  Team B: живых 0/8
    ✗ Артиллерия B1      @ (9,0,7) [уничтожен]
    ✗ Радиовышка B2      @ (7,0,9) [уничтожен]
    ✗ Прыгун B3          @ (4,5,5) [уничтожен]
    ✗ Факел B4           @ (9,0,5) [уничтожен]
    ✗ Тишина B5          @ (7,4,7) [уничтожен]
    ✗ Бурав B6           @ (9,0,7) [уничтожен]
    ✗ Провокатор B7      @ (9,0,5) [уничтожен]
    ✗ Паук B8            @ (7,2,4) [уничтожен]
  Team C: живых 1/8
    ✓ Радиовышка C2      @ (7,4,9) hp=3/3
    ✗ Артиллерия C1      @ (7,1,9) [уничтожен]
    ✗ Прыгун C3          @ (4,6,7) [уничтожен]
    ✗ Факел C4           @ (7,8,8) [уничтожен]
    ✗ Тишина C5          @ (9,0,7) [уничтожен]
    ✗ Бурав C6           @ (7,1,9) [уничтожен]
    ✗ Провокатор C7      @ (7,7,9) [уничтожен]
    ✗ Паук C8            @ (7,5,9) [уничтожен]

======================================================================
ХОД 26
======================================================================
✓ 🎮 GM: начинаем ход
GM: start_turn

--- Радиовышки: сканирование слоя Z ---
  Радиовышка A2 (z=8): слой чист
  Радиовышка C2 (z=9): слой чист

--- Решения ботов ---
  [Team A] Артиллерия A1 (3,6,7) → SHOOT at (7,4,9)
  [Team A] Радиовышка A2 (7,5,8) → MOVE (7,4,9)
  [Team A] Паук A8 (5,6,7) → MINE (6,5,8)
  [Team A] Тишина A5 → SKIP
  [Team B] все корабли пропускают ход
  [Team C] Радиовышка C2 (7,4,9) → MOVE (7,5,8)
! 🎮 GM: принудительно завершает фазу планирования
GM: end_planning
# 
============================================================
# 🔄 ОБРАБОТКА ХОДА 26
# ============================================================
   🌀 Тишина A5: фаза спала (действовала 1 ход)
!    ⚠️ Паук A8: в клетке уже стоит мина

📦 ПЕРЕМЕЩЕНИЯ:
!    ⚠️ Радиовышка A2: клетка (7,4,9) занята
!    ⚠️ Радиовышка C2: клетка (7,5,8) занята

🎯 ВЫСТРЕЛЫ:
✓    ✅ Артиллерия A1 поразил Радиовышка C2 (2 урона)!
   Выпущено ракет: 1
# 
📊 РЕЗУЛЬТАТЫ ХОДА 26:
✓ 💥 ПОПАДАНИЯ:
✓    Артиллерия A1 (Team A) → Радиовышка C2 (Team C)

--- Результаты хода ---
  Team A / Артиллерия A1      → Team C / Радиовышка C2      @ (7,4,9)  (ранен)

--- Состояние команд после хода ---
  Team A: живых 4/8
    ✓ Артиллерия A1      @ (3,6,7) hp=1/1
    ✓ Радиовышка A2      @ (7,5,8) hp=1/3
    ✓ Тишина A5          @ (7,4,8) hp=2/2
    ✓ Паук A8            @ (5,6,7) hp=1/1
    ✗ Прыгун A3          @ (7,2,4) [уничтожен]
    ✗ Факел A4           @ (8,6,7) [уничтожен]
    ✗ Бурав A6           @ (6,5,7) [уничтожен]
    ✗ Провокатор A7      @ (4,6,7) [уничтожен]
  Team B: живых 0/8
    ✗ Артиллерия B1      @ (9,0,7) [уничтожен]
    ✗ Радиовышка B2      @ (7,0,9) [уничтожен]
    ✗ Прыгун B3          @ (4,5,5) [уничтожен]
    ✗ Факел B4           @ (9,0,5) [уничтожен]
    ✗ Тишина B5          @ (7,4,7) [уничтожен]
    ✗ Бурав B6           @ (9,0,7) [уничтожен]
    ✗ Провокатор B7      @ (9,0,5) [уничтожен]
    ✗ Паук B8            @ (7,2,4) [уничтожен]
  Team C: живых 1/8
    ✓ Радиовышка C2      @ (7,4,9) hp=1/3
    ✗ Артиллерия C1      @ (7,1,9) [уничтожен]
    ✗ Прыгун C3          @ (4,6,7) [уничтожен]
    ✗ Факел C4           @ (7,8,8) [уничтожен]
    ✗ Тишина C5          @ (9,0,7) [уничтожен]
    ✗ Бурав C6           @ (7,1,9) [уничтожен]
    ✗ Провокатор C7      @ (7,7,9) [уничтожен]
    ✗ Паук C8            @ (7,5,9) [уничтожен]

======================================================================
ХОД 27
======================================================================
✓ 🎮 GM: начинаем ход
GM: start_turn

--- Радиовышки: сканирование слоя Z ---
  Радиовышка A2 (z=8): слой чист
  Радиовышка C2 (z=9): слой чист

--- Решения ботов ---
  [Team A] Артиллерия A1 (3,6,7) → SHOOT at (7,4,9)
  [Team A] Радиовышка A2 (7,5,8) → MOVE (7,4,9)
  [Team A] Паук A8 (5,6,7) → MINE (6,5,8)
  [Team A] Тишина A5 → SKIP
  [Team B] все корабли пропускают ход
  [Team C] Радиовышка C2 (7,4,9) → MOVE (7,5,8)
! 🎮 GM: принудительно завершает фазу планирования
GM: end_planning
# 
============================================================
# 🔄 ОБРАБОТКА ХОДА 27
# ============================================================
!    ⚠️ Паук A8: в клетке уже стоит мина

📦 ПЕРЕМЕЩЕНИЯ:
!    ⚠️ Радиовышка A2: клетка (7,4,9) занята
!    ⚠️ Радиовышка C2: клетка (7,5,8) занята

🎯 ВЫСТРЕЛЫ:
✓    ✅ Артиллерия A1 поразил Радиовышка C2 (2 урона)!
   Выпущено ракет: 1
# 
📊 РЕЗУЛЬТАТЫ ХОДА 27:
✓ 💥 ПОПАДАНИЯ:
✓    Артиллерия A1 (Team A) → Радиовышка C2 (Team C)
# 
🎮🎮🎮🎮🎮🎮🎮🎮🎮🎮🎮🎮🎮🎮🎮🎮🎮🎮🎮🎮
#         ИГРА ОКОНЧЕНА!
# 🎮🎮🎮🎮🎮🎮🎮🎮🎮🎮🎮🎮🎮🎮🎮🎮🎮🎮🎮🎮
✓         🏆 ПОБЕДИТЕЛЬ: Team A

--- Результаты хода ---
  Team A / Артиллерия A1      → Team C / Радиовышка C2      @ (7,4,9)  (УБИТ)

--- Состояние команд после хода ---
  Team A: живых 4/8
    ✓ Артиллерия A1      @ (3,6,7) hp=1/1
    ✓ Радиовышка A2      @ (7,5,8) hp=1/3
    ✓ Тишина A5          @ (7,4,8) hp=2/2
    ✓ Паук A8            @ (5,6,7) hp=1/1
    ✗ Прыгун A3          @ (7,2,4) [уничтожен]
    ✗ Факел A4           @ (8,6,7) [уничтожен]
    ✗ Бурав A6           @ (6,5,7) [уничтожен]
    ✗ Провокатор A7      @ (4,6,7) [уничтожен]
  Team B: живых 0/8
    ✗ Артиллерия B1      @ (9,0,7) [уничтожен]
    ✗ Радиовышка B2      @ (7,0,9) [уничтожен]
    ✗ Прыгун B3          @ (4,5,5) [уничтожен]
    ✗ Факел B4           @ (9,0,5) [уничтожен]
    ✗ Тишина B5          @ (7,4,7) [уничтожен]
    ✗ Бурав B6           @ (9,0,7) [уничтожен]
    ✗ Провокатор B7      @ (9,0,5) [уничтожен]
    ✗ Паук B8            @ (7,2,4) [уничтожен]
  Team C: живых 0/8
    ✗ Артиллерия C1      @ (7,1,9) [уничтожен]
    ✗ Радиовышка C2      @ (7,4,9) [уничтожен]
    ✗ Прыгун C3          @ (4,6,7) [уничтожен]
    ✗ Факел C4           @ (7,8,8) [уничтожен]
    ✗ Тишина C5          @ (9,0,7) [уничтожен]
    ✗ Бурав C6           @ (7,1,9) [уничтожен]
    ✗ Провокатор C7      @ (7,7,9) [уничтожен]
    ✗ Паук C8            @ (7,5,9) [уничтожен]

======================================================================
ИТОГ
======================================================================
Игра окончена. Победитель: Team A
Ходов сыграно: 27

--- Сводка по командам ---
  Team A: 4/8 живых; hp=5
  Team B: 0/8 живых; hp=0
  Team C: 0/8 живых; hp=0

--- Сводка по пассивкам радиовышек ---
  Team A: сканирований=27, всего врагов-в-слоях=21, уникальных эксклюзивных (видны только радиовышкой)=1
  Team B: сканирований=13, всего врагов-в-слоях=47, уникальных эксклюзивных (видны только радиовышкой)=4
  Team C: сканирований=27, всего врагов-в-слоях=18, уникальных эксклюзивных (видны только радиовышкой)=1

--- Сводка по попаданиям ---
  Всего событий (шоты+тараны+мины): 36
  Уничтожено кораблей всего: 20
  Team A: урон=49 хиты=22 тараны=3 мины(сработало)=0 убийств=14
  Team B: урон=9 хиты=4 тараны=1 мины(сработало)=1 убийств=3
  Team C: урон=16 хиты=1 тараны=3 мины(сработало)=1 убийств=3
! 🎮 GM: остановка игры
