======================================================================
Space Battle 10×10×10 — simulation run at 2026-04-20T13:44:08+00:00
Game mode: advanced
Seed: 157
✓ 🚀 Продвинутый режим: создаю разные типы кораблей
   Команда A: спавн вдоль оси Z от (7, 3, 2) до (7, 3, 7)
   Команда B: спавн вдоль оси X от (1, 2, 3) до (7, 2, 3)
   Команда C: спавн вдоль оси Y от (8, 6, 1) до (8, 1, 1)
✓ ✅ Создано 24 кораблей


--- СТАРТОВАЯ РАССТАНОВКА ---
  Team A: живых 8/8
    ✓ Артиллерия A1      @ (7,3,2) hp=1/1
    ✓ Радиовышка A2      @ (7,3,0) hp=3/3
    ✓ Прыгун A3          @ (7,3,8) hp=2/2
    ✓ Факел A4           @ (7,3,9) hp=6/6
    ✓ Тишина A5          @ (7,3,6) hp=2/2
    ✓ Бурав A6           @ (7,3,1) hp=4/4
    ✓ Провокатор A7      @ (7,3,5) hp=2/2
    ✓ Паук A8            @ (7,3,7) hp=1/1
  Team B: живых 8/8
    ✓ Артиллерия B1      @ (1,2,3) hp=1/1
    ✓ Радиовышка B2      @ (0,2,3) hp=3/3
    ✓ Прыгун B3          @ (9,2,3) hp=2/2
    ✓ Факел B4           @ (5,2,3) hp=6/6
    ✓ Тишина B5          @ (6,2,3) hp=2/2
    ✓ Бурав B6           @ (3,2,3) hp=4/4
    ✓ Провокатор B7      @ (4,2,3) hp=2/2
    ✓ Паук B8            @ (7,2,3) hp=1/1
  Team C: живых 8/8
    ✓ Артиллерия C1      @ (8,6,1) hp=1/1
    ✓ Радиовышка C2      @ (8,7,1) hp=3/3
    ✓ Прыгун C3          @ (8,2,1) hp=2/2
    ✓ Факел C4           @ (8,9,1) hp=6/6
    ✓ Тишина C5          @ (8,0,1) hp=2/2
    ✓ Бурав C6           @ (8,5,1) hp=4/4
    ✓ Провокатор C7      @ (8,8,1) hp=2/2
    ✓ Паук C8            @ (8,1,1) hp=1/1

======================================================================
ХОД 1
======================================================================
✓ 🎮 GM: начинаем ход
GM: start_turn

--- Радиовышки: сканирование слоя Z ---
  Радиовышка A2 (z=0): слой чист
  Радиовышка B2 (z=3): слой чист
  Радиовышка C2 (z=1): видит 1 врагов  → Бурав A6(7,3,1)

--- Решения ботов ---
  [Team A] Артиллерия A1 (7,3,2) → SHOOT at (8,6,1)
  [Team A] Радиовышка A2 (7,3,0) → MOVE (8,2,1)
  [Team A] Прыгун A3 (7,3,8) → MOVE (8,2,7)
  [Team A] Тишина A5 (7,3,6) → PHASE toggle
  [Team A] Бурав A6 (7,3,1) → MOVE (8,3,1)
  [Team A] Провокатор A7 (7,3,5) → HOLOGRAM (8,2,4)
  [Team A] Паук A8 (7,3,7) → MINE (8,2,6)
  [Team A] Факел A4 → SKIP
  [Team B] Артиллерия B1 (1,2,3) → SHOOT at (7,3,2)
  [Team B] Радиовышка B2 (0,2,3) → MOVE (1,3,2)
  [Team B] Прыгун B3 (9,2,3) → MOVE (7,3,2)
  [Team B] Тишина B5 (6,2,3) → PHASE toggle
  [Team B] Бурав B6 (3,2,3) → MOVE (4,3,2)
  [Team B] Провокатор B7 (4,2,3) → HOLOGRAM (5,3,2)
  [Team B] Паук B8 (7,2,3) → MINE (8,2,2)
  [Team B] Факел B4 → SKIP
  [Team C] Артиллерия C1 (8,6,1) → SHOOT at (7,3,2)
  [Team C] Радиовышка C2 (8,7,1) → MOVE (7,6,2)
  [Team C] Прыгун C3 (8,2,1) → MOVE (7,3,2)
  [Team C] Тишина C5 (8,0,1) → PHASE toggle
  [Team C] Бурав C6 (8,5,1) → MOVE (7,4,2)
  [Team C] Провокатор C7 (8,8,1) → HOLOGRAM (7,7,2)
  [Team C] Паук C8 (8,1,1) → MINE (8,2,2)
  [Team C] Факел C4 → SKIP
! 🎮 GM: принудительно завершает фазу планирования
GM: end_planning
# 
============================================================
# 🔄 ОБРАБОТКА ХОДА 1
# ============================================================
   🌀 Тишина A5: уходит в фазу на 1 ход
   🌀 Тишина B5: уходит в фазу на 1 ход
   🌀 Тишина C5: уходит в фазу на 1 ход
   🪞 Провокатор A7 создал голограмму H1 в (8,2,4)
   🪞 Провокатор B7 создал голограмму H2 в (5,3,2)
   🪞 Провокатор C7 создал голограмму H3 в (7,7,2)
   💣 Паук A8 установил мину M1 в (8,2,6)
   💣 Паук B8 установил мину M2 в (8,2,2)
!    ⚠️ Паук C8: в клетке уже стоит мина

📦 ПЕРЕМЕЩЕНИЯ:
!    ⚠️ Радиовышка A2: клетка (8,2,1) занята
   Прыгун A3: (7, 3, 8) → (8,2,7)
   Бурав A6: (7, 3, 1) → (8,3,1)
   Радиовышка B2: (0, 2, 3) → (1,3,2)
✓    💥 Прыгун B3 тараном уничтожил Артиллерия A1 в (7,3,2)
   Прыгун B3: (9, 2, 3) → (7,3,2)
!    ⚠️ Бурав B6: Бурав двигается только по 1 оси или по 2 осям строго диагонально
   Радиовышка C2: (8, 7, 1) → (7,6,2)
✓    💥 Прыгун C3 тараном уничтожил Прыгун B3 в (7,3,2)
   Прыгун C3: (8, 2, 1) → (7,3,2)
!    ⚠️ Бурав C6: Бурав двигается только по 1 оси или по 2 осям строго диагонально

🎯 ВЫСТРЕЛЫ:
✓    ✅ Артиллерия B1 поразил Прыгун C3 (2 урона)!
   Выпущено ракет: 2
# 
📊 РЕЗУЛЬТАТЫ ХОДА 1:
✓ 💥 ПОПАДАНИЯ:
✓    Артиллерия B1 (Team B) → Прыгун C3 (Team C)

--- Результаты хода ---
  Team B / Прыгун B3          → Team A / Артиллерия A1      @ (7,3,2)  (УБИТ)
  Team C / Прыгун C3          → Team B / Прыгун B3          @ (7,3,2)  (УБИТ)
  Team B / Артиллерия B1      → Team C / Прыгун C3          @ (7,3,2)  (УБИТ)

--- Состояние команд после хода ---
  Team A: живых 7/8
    ✓ Радиовышка A2      @ (7,3,0) hp=3/3
    ✓ Прыгун A3          @ (8,2,7) hp=2/2
    ✓ Факел A4           @ (7,3,9) hp=6/6
    ✓ Тишина A5          @ (7,3,6) hp=2/2
    ✓ Бурав A6           @ (8,3,1) hp=4/4
    ✓ Провокатор A7      @ (7,3,5) hp=2/2
    ✓ Паук A8            @ (7,3,7) hp=1/1
    ✗ Артиллерия A1      @ (7,3,2) [уничтожен]
  Team B: живых 7/8
    ✓ Артиллерия B1      @ (1,2,3) hp=1/1
    ✓ Радиовышка B2      @ (1,3,2) hp=3/3
    ✓ Факел B4           @ (5,2,3) hp=6/6
    ✓ Тишина B5          @ (6,2,3) hp=2/2
    ✓ Бурав B6           @ (3,2,3) hp=4/4
    ✓ Провокатор B7      @ (4,2,3) hp=2/2
    ✓ Паук B8            @ (7,2,3) hp=1/1
    ✗ Прыгун B3          @ (7,3,2) [уничтожен]
  Team C: живых 7/8
    ✓ Артиллерия C1      @ (8,6,1) hp=1/1
    ✓ Радиовышка C2      @ (7,6,2) hp=3/3
    ✓ Факел C4           @ (8,9,1) hp=6/6
    ✓ Тишина C5          @ (8,0,1) hp=2/2
    ✓ Бурав C6           @ (8,5,1) hp=4/4
    ✓ Провокатор C7      @ (8,8,1) hp=2/2
    ✓ Паук C8            @ (8,1,1) hp=1/1
    ✗ Прыгун C3          @ (7,3,2) [уничтожен]

======================================================================
ХОД 2
======================================================================
✓ 🎮 GM: начинаем ход
GM: start_turn

--- Радиовышки: сканирование слоя Z ---
  Радиовышка A2 (z=0): слой чист
  Радиовышка B2 (z=2): видит 1 врагов  → Радиовышка C2(7,6,2)
  Радиовышка C2 (z=2): видит 1 врагов [+1 эксклюзивно] → Радиовышка B2(1,3,2)

--- Решения ботов ---
  [Team A] Радиовышка A2 (7,3,0) → MOVE (8,4,1)
  [Team A] Прыгун A3 (8,2,7) → MOVE (7,2,6)
  [Team A] Факел A4 (7,3,9) → MOVE (7,2,8)
  [Team A] Тишина A5 (7,3,6) → MOVE (6,2,5)
  [Team A] Бурав A6 (8,3,1) → MOVE (8,6,1)
  [Team A] Провокатор A7 (7,3,5) → HOLOGRAM (6,2,4)
  [Team A] Паук A8 (7,3,7) → MINE (6,2,6)
  [Team B] Артиллерия B1 (1,2,3) → SHOOT at (8,6,1)
  [Team B] Радиовышка B2 (1,3,2) → MOVE (2,3,1)
  [Team B] Тишина B5 (6,2,3) → MOVE (7,3,2)
  [Team B] Бурав B6 (3,2,3) → MOVE (4,3,2)
  [Team B] Провокатор B7 (4,2,3) → HOLOGRAM (5,3,2)
  [Team B] Паук B8 (7,2,3) → MINE (7,2,2)
  [Team B] Факел B4 → SKIP
  [Team C] Артиллерия C1 (8,6,1) → SHOOT at (4,2,3)
  [Team C] Радиовышка C2 (7,6,2) → MOVE (7,5,1)
  [Team C] Факел C4 (8,9,1) → MOVE (7,8,1)
  [Team C] Тишина C5 (8,0,1) → MOVE (7,1,2)
  [Team C] Бурав C6 (8,5,1) → MOVE (8,3,1)
  [Team C] Провокатор C7 (8,8,1) → HOLOGRAM (7,7,0)
  [Team C] Паук C8 (8,1,1) → MINE (8,1,2)
! 🎮 GM: принудительно завершает фазу планирования
GM: end_planning
# 
============================================================
# 🔄 ОБРАБОТКА ХОДА 2
# ============================================================
   🌀 Тишина A5: фаза спала (действовала 1 ход)
   🌀 Тишина B5: фаза спала (действовала 1 ход)
   🌀 Тишина C5: фаза спала (действовала 1 ход)
   🪞 Провокатор A7 создал голограмму H4 в (6,2,4)
!    ⚠️ Провокатор B7: клетка (5,3,2) уже занята голограммой
   🪞 Провокатор C7 создал голограмму H5 в (7,7,0)
   💣 Паук A8 установил мину M3 в (6,2,6)
   💣 Паук B8 установил мину M4 в (7,2,2)
   💣 Паук C8 установил мину M5 в (8,1,2)

📦 ПЕРЕМЕЩЕНИЯ:
   Радиовышка A2: (7, 3, 0) → (8,4,1)
   Прыгун A3: (8, 2, 7) → (7,2,6)
   Факел A4: (7, 3, 9) → (7,2,8)
   Тишина A5: (7, 3, 6) → (6,2,5)
✓    💥 Бурав A6 тараном уничтожил Артиллерия C1 в (8,6,1)
   Бурав A6: (8, 3, 1) → (8,6,1)
   Радиовышка B2: (1, 3, 2) → (2,3,1)
   Тишина B5: (6, 2, 3) → (7,3,2)
!    ⚠️ Бурав B6: Бурав двигается только по 1 оси или по 2 осям строго диагонально
   Радиовышка C2: (7, 6, 2) → (7,5,1)
   Факел C4: (8, 9, 1) → (7,8,1)
   Тишина C5: (8, 0, 1) → (7,1,2)
   Бурав C6: (8, 5, 1) → (8,3,1)

🎯 ВЫСТРЕЛЫ:
✓    ✅ Артиллерия B1 поразил Бурав A6 (2 урона)!
   Выпущено ракет: 1
# 
📊 РЕЗУЛЬТАТЫ ХОДА 2:
✓ 💥 ПОПАДАНИЯ:
✓    Артиллерия B1 (Team B) → Бурав A6 (Team A)

--- Результаты хода ---
  Team A / Бурав A6           → Team C / Артиллерия C1      @ (8,6,1)  (УБИТ)
  Team B / Артиллерия B1      → Team A / Бурав A6           @ (8,6,1)  (ранен)

--- Состояние команд после хода ---
  Team A: живых 7/8
    ✓ Радиовышка A2      @ (8,4,1) hp=3/3
    ✓ Прыгун A3          @ (7,2,6) hp=2/2
    ✓ Факел A4           @ (7,2,8) hp=6/6
    ✓ Тишина A5          @ (6,2,5) hp=2/2
    ✓ Бурав A6           @ (8,6,1) hp=2/4
    ✓ Провокатор A7      @ (7,3,5) hp=2/2
    ✓ Паук A8            @ (7,3,7) hp=1/1
    ✗ Артиллерия A1      @ (7,3,2) [уничтожен]
  Team B: живых 7/8
    ✓ Артиллерия B1      @ (1,2,3) hp=1/1
    ✓ Радиовышка B2      @ (2,3,1) hp=3/3
    ✓ Факел B4           @ (5,2,3) hp=6/6
    ✓ Тишина B5          @ (7,3,2) hp=2/2
    ✓ Бурав B6           @ (3,2,3) hp=4/4
    ✓ Провокатор B7      @ (4,2,3) hp=2/2
    ✓ Паук B8            @ (7,2,3) hp=1/1
    ✗ Прыгун B3          @ (7,3,2) [уничтожен]
  Team C: живых 6/8
    ✓ Радиовышка C2      @ (7,5,1) hp=3/3
    ✓ Факел C4           @ (7,8,1) hp=6/6
    ✓ Тишина C5          @ (7,1,2) hp=2/2
    ✓ Бурав C6           @ (8,3,1) hp=4/4
    ✓ Провокатор C7      @ (8,8,1) hp=2/2
    ✓ Паук C8            @ (8,1,1) hp=1/1
    ✗ Артиллерия C1      @ (8,6,1) [уничтожен]
    ✗ Прыгун C3          @ (7,3,2) [уничтожен]

======================================================================
ХОД 3
======================================================================
✓ 🎮 GM: начинаем ход
GM: start_turn

--- Радиовышки: сканирование слоя Z ---
  Радиовышка A2 (z=1): видит 6 врагов  → Радиовышка B2(2,3,1), Радиовышка C2(7,5,1), Факел C4(7,8,1), Паук C8(8,1,1), Бурав C6(8,3,1), Провокатор C7(8,8,1)
  Радиовышка B2 (z=1): видит 7 врагов [+2 эксклюзивно] → Радиовышка A2(8,4,1), Бурав A6(8,6,1), Радиовышка C2(7,5,1), Факел C4(7,8,1), Паук C8(8,1,1), Бурав C6(8,3,1), Провокатор C7(8,8,1)
  Радиовышка C2 (z=1): видит 3 врагов [+1 эксклюзивно] → Радиовышка A2(8,4,1), Бурав A6(8,6,1), Радиовышка B2(2,3,1)

--- Решения ботов ---
  [Team A] Радиовышка A2 (8,4,1) → MOVE (7,3,2)
  [Team A] Прыгун A3 (7,2,6) → SHOOT at (7,2,3)
  [Team A] Факел A4 (7,2,8) → SHOOT at (7,2,3)
  [Team A] Тишина A5 (6,2,5) → MOVE (5,2,4)
  [Team A] Бурав A6 (8,6,1) → MOVE (8,8,1)
  [Team A] Провокатор A7 (7,3,5) → HOLOGRAM (6,2,4)
  [Team A] Паук A8 (7,3,7) → MINE (6,2,6)
  [Team B] Артиллерия B1 (1,2,3) → SHOOT at (7,2,6)
  [Team B] Радиовышка B2 (2,3,1) → MOVE (3,2,2)
  [Team B] Факел B4 (5,2,3) → MOVE (4,2,2)
  [Team B] Тишина B5 (7,3,2) → MOVE (8,4,1)
  [Team B] Бурав B6 (3,2,3) → MOVE (4,2,4)
  [Team B] Провокатор B7 (4,2,3) → HOLOGRAM (5,2,4)
  [Team B] Паук B8 (7,2,3) → MINE (6,2,4)
  [Team C] Радиовышка C2 (7,5,1) → MOVE (8,4,1)
  [Team C] Факел C4 (7,8,1) → MOVE (7,7,1)
  [Team C] Тишина C5 (7,1,2) → MOVE (7,2,3)
  [Team C] Бурав C6 (8,3,1) → MOVE (7,3,2)
  [Team C] Провокатор C7 (8,8,1) → HOLOGRAM (8,7,1)
  [Team C] Паук C8 (8,1,1) → MINE (7,2,2)
! 🎮 GM: принудительно завершает фазу планирования
GM: end_planning
# 
============================================================
# 🔄 ОБРАБОТКА ХОДА 3
# ============================================================
!    ⚠️ Провокатор A7: клетка (6,2,4) уже занята голограммой
   🪞 Провокатор B7 создал голограмму H6 в (5,2,4)
   🪞 Провокатор C7 создал голограмму H7 в (8,7,1)
!    ⚠️ Паук A8: в клетке уже стоит мина
   💣 Паук B8 установил мину M6 в (6,2,4)
!    ⚠️ Паук C8: в клетке уже стоит мина

📦 ПЕРЕМЕЩЕНИЯ:
!    ⚠️ Радиовышка A2: клетка (7,3,2) занята
!    ⚠️ Тишина A5: клетка (5,2,4) занята
✓    💥 Бурав A6 тараном уничтожил Провокатор C7 в (8,8,1)
   Бурав A6: (8, 6, 1) → (8,8,1)
   Радиовышка B2: (2, 3, 1) → (3,2,2)
   Факел B4: (5, 2, 3) → (4,2,2)
!    ⚠️ Тишина B5: клетка (8,4,1) занята
   Бурав B6: (3, 2, 3) → (4,2,4)
!    ⚠️ Радиовышка C2: клетка (8,4,1) занята
   Факел C4: (7, 8, 1) → (7,7,1)
!    ⚠️ Тишина C5: клетка (7,2,3) занята
✓    💥 Бурав C6 тараном уничтожил Тишина B5 в (7,3,2)
   Бурав C6: (8, 3, 1) → (7,3,2)

🎯 ВЫСТРЕЛЫ:
!    🛡️ Выстрел Факел A4 заблокирован союзником Прыгун A3 в (7, 2, 6)
✓    ✅ Прыгун A3 поразил Паук B8 (1 урона)!
✓    ✅ Артиллерия B1 поразил Прыгун A3 (2 урона)!
   Выпущено ракет: 3
# 
📊 РЕЗУЛЬТАТЫ ХОДА 3:
✓ 💥 ПОПАДАНИЯ:
✓    Прыгун A3 (Team A) → Паук B8 (Team B)
✓    Артиллерия B1 (Team B) → Прыгун A3 (Team A)

--- Результаты хода ---
  Team A / Бурав A6           → Team C / Провокатор C7      @ (8,8,1)  (УБИТ)
  Team C / Бурав C6           → Team B / Тишина B5          @ (7,3,2)  (УБИТ)
  Team A / Прыгун A3          → Team B / Паук B8            @ (7,2,3)  (УБИТ)
  Team B / Артиллерия B1      → Team A / Прыгун A3          @ (7,2,6)  (УБИТ)

--- Состояние команд после хода ---
  Team A: живых 6/8
    ✓ Радиовышка A2      @ (8,4,1) hp=3/3
    ✓ Факел A4           @ (7,2,8) hp=6/6
    ✓ Тишина A5          @ (6,2,5) hp=2/2
    ✓ Бурав A6           @ (8,8,1) hp=2/4
    ✓ Провокатор A7      @ (7,3,5) hp=2/2
    ✓ Паук A8            @ (7,3,7) hp=1/1
    ✗ Артиллерия A1      @ (7,3,2) [уничтожен]
    ✗ Прыгун A3          @ (7,2,6) [уничтожен]
  Team B: живых 5/8
    ✓ Артиллерия B1      @ (1,2,3) hp=1/1
    ✓ Радиовышка B2      @ (3,2,2) hp=3/3
    ✓ Факел B4           @ (4,2,2) hp=6/6
    ✓ Бурав B6           @ (4,2,4) hp=4/4
    ✓ Провокатор B7      @ (4,2,3) hp=2/2
    ✗ Прыгун B3          @ (7,3,2) [уничтожен]
    ✗ Тишина B5          @ (7,3,2) [уничтожен]
    ✗ Паук B8            @ (7,2,3) [уничтожен]
  Team C: живых 5/8
    ✓ Радиовышка C2      @ (7,5,1) hp=3/3
    ✓ Факел C4           @ (7,7,1) hp=6/6
    ✓ Тишина C5          @ (7,1,2) hp=2/2
    ✓ Бурав C6           @ (7,3,2) hp=4/4
    ✓ Паук C8            @ (8,1,1) hp=1/1
    ✗ Артиллерия C1      @ (8,6,1) [уничтожен]
    ✗ Прыгун C3          @ (7,3,2) [уничтожен]
    ✗ Провокатор C7      @ (8,8,1) [уничтожен]

======================================================================
ХОД 4
======================================================================
✓ 🎮 GM: начинаем ход
GM: start_turn

--- Радиовышки: сканирование слоя Z ---
  Радиовышка A2 (z=1): видит 3 врагов  → Радиовышка C2(7,5,1), Факел C4(7,7,1), Паук C8(8,1,1)
  Радиовышка B2 (z=2): видит 2 врагов  → Тишина C5(7,1,2), Бурав C6(7,3,2)
  Радиовышка C2 (z=1): видит 2 врагов  → Радиовышка A2(8,4,1), Бурав A6(8,8,1)

--- Решения ботов ---
  [Team A] Радиовышка A2 (8,4,1) → MOVE (7,5,1)
  [Team A] Факел A4 (7,2,8) → MOVE (6,2,7)
  [Team A] Тишина A5 (6,2,5) → MOVE (5,2,4)
  [Team A] Бурав A6 (8,8,1) → MOVE (7,7,1)
  [Team A] Провокатор A7 (7,3,5) → HOLOGRAM (6,2,4)
  [Team A] Паук A8 (7,3,7) → MINE (6,2,6)
  [Team B] Артиллерия B1 (1,2,3) → SHOOT at (7,3,5)
  [Team B] Радиовышка B2 (3,2,2) → MOVE (3,2,3)
  [Team B] Бурав B6 (4,2,4) → MOVE (5,2,5)
  [Team B] Провокатор B7 (4,2,3) → HOLOGRAM (5,2,4)
  [Team B] Факел B4 → SKIP
  [Team C] Радиовышка C2 (7,5,1) → MOVE (8,4,1)
  [Team C] Факел C4 (7,7,1) → MOVE (7,6,1)
  [Team C] Тишина C5 (7,1,2) → MOVE (8,2,1)
  [Team C] Бурав C6 (7,3,2) → MOVE (7,3,5)
  [Team C] Паук C8 → SKIP
! 🎮 GM: принудительно завершает фазу планирования
GM: end_planning
# 
============================================================
# 🔄 ОБРАБОТКА ХОДА 4
# ============================================================
!    ⚠️ Провокатор A7: клетка (6,2,4) уже занята голограммой
!    ⚠️ Провокатор B7: клетка (5,2,4) уже занята голограммой
!    ⚠️ Паук A8: в клетке уже стоит мина

📦 ПЕРЕМЕЩЕНИЯ:
!    ⚠️ Радиовышка A2: клетка (7,5,1) занята
   Факел A4: (7, 2, 8) → (6,2,7)
!    ⚠️ Тишина A5: клетка (5,2,4) занята
✓    💥 Бурав A6 тараном уничтожил Факел C4 в (7,7,1)
   Бурав A6: (8, 8, 1) → (7,7,1)
   Радиовышка B2: (3, 2, 2) → (3,2,3)
   Бурав B6: (4, 2, 4) → (5,2,5)
!    ⚠️ Радиовышка C2: клетка (8,4,1) занята
   Тишина C5: (7, 1, 2) → (8,2,1)
✓    💥 Бурав C6 тараном уничтожил Провокатор A7 в (7,3,5)
   Бурав C6: (7, 3, 2) → (7,3,5)

🎯 ВЫСТРЕЛЫ:
✓    ✅ Артиллерия B1 поразил Бурав C6 (2 урона)!
   Выпущено ракет: 1
# 
📊 РЕЗУЛЬТАТЫ ХОДА 4:
✓ 💥 ПОПАДАНИЯ:
✓    Артиллерия B1 (Team B) → Бурав C6 (Team C)

--- Результаты хода ---
  Team A / Бурав A6           → Team C / Факел C4           @ (7,7,1)  (УБИТ)
  Team C / Бурав C6           → Team A / Провокатор A7      @ (7,3,5)  (УБИТ)
  Team B / Артиллерия B1      → Team C / Бурав C6           @ (7,3,5)  (ранен)

--- Состояние команд после хода ---
  Team A: живых 5/8
    ✓ Радиовышка A2      @ (8,4,1) hp=3/3
    ✓ Факел A4           @ (6,2,7) hp=6/6
    ✓ Тишина A5          @ (6,2,5) hp=2/2
    ✓ Бурав A6           @ (7,7,1) hp=2/4
    ✓ Паук A8            @ (7,3,7) hp=1/1
    ✗ Артиллерия A1      @ (7,3,2) [уничтожен]
    ✗ Прыгун A3          @ (7,2,6) [уничтожен]
    ✗ Провокатор A7      @ (7,3,5) [уничтожен]
  Team B: живых 5/8
    ✓ Артиллерия B1      @ (1,2,3) hp=1/1
    ✓ Радиовышка B2      @ (3,2,3) hp=3/3
    ✓ Факел B4           @ (4,2,2) hp=6/6
    ✓ Бурав B6           @ (5,2,5) hp=4/4
    ✓ Провокатор B7      @ (4,2,3) hp=2/2
    ✗ Прыгун B3          @ (7,3,2) [уничтожен]
    ✗ Тишина B5          @ (7,3,2) [уничтожен]
    ✗ Паук B8            @ (7,2,3) [уничтожен]
  Team C: живых 4/8
    ✓ Радиовышка C2      @ (7,5,1) hp=3/3
    ✓ Тишина C5          @ (8,2,1) hp=2/2
    ✓ Бурав C6           @ (7,3,5) hp=2/4
    ✓ Паук C8            @ (8,1,1) hp=1/1
    ✗ Артиллерия C1      @ (8,6,1) [уничтожен]
    ✗ Прыгун C3          @ (7,3,2) [уничтожен]
    ✗ Факел C4           @ (7,7,1) [уничтожен]
    ✗ Провокатор C7      @ (8,8,1) [уничтожен]

======================================================================
ХОД 5
======================================================================
✓ 🎮 GM: начинаем ход
GM: start_turn

--- Радиовышки: сканирование слоя Z ---
  Радиовышка A2 (z=1): видит 3 врагов  → Радиовышка C2(7,5,1), Паук C8(8,1,1), Тишина C5(8,2,1)
  Радиовышка B2 (z=3): слой чист
  Радиовышка C2 (z=1): видит 2 врагов  → Бурав A6(7,7,1), Радиовышка A2(8,4,1)

--- Решения ботов ---
  [Team A] Радиовышка A2 (8,4,1) → MOVE (7,5,1)
  [Team A] Факел A4 (6,2,7) → MOVE (7,3,6)
  [Team A] Тишина A5 (6,2,5) → PHASE toggle
  [Team A] Бурав A6 (7,7,1) → MOVE (7,6,1)
  [Team A] Паук A8 (7,3,7) → MINE (6,2,6)
  [Team B] Артиллерия B1 (1,2,3) → SHOOT at (7,3,5)
  [Team B] Радиовышка B2 (3,2,3) → MOVE (4,2,4)
  [Team B] Факел B4 (4,2,2) → MOVE (3,2,2)
  [Team B] Бурав B6 (5,2,5) → MOVE (6,2,5)
  [Team B] Провокатор B7 (4,2,3) → HOLOGRAM (5,2,4)
  [Team C] Радиовышка C2 (7,5,1) → MOVE (8,4,1)
  [Team C] Тишина C5 (8,2,1) → PHASE toggle
  [Team C] Бурав C6 (7,3,5) → MOVE (6,2,5)
  [Team C] Паук C8 → SKIP
! 🎮 GM: принудительно завершает фазу планирования
GM: end_planning
# 
============================================================
# 🔄 ОБРАБОТКА ХОДА 5
# ============================================================
   🌀 Тишина A5: уходит в фазу на 1 ход
   🌀 Тишина C5: уходит в фазу на 1 ход
!    ⚠️ Провокатор B7: клетка (5,2,4) уже занята голограммой
!    ⚠️ Паук A8: в клетке уже стоит мина

📦 ПЕРЕМЕЩЕНИЯ:
!    ⚠️ Радиовышка A2: клетка (7,5,1) занята
   Факел A4: (6, 2, 7) → (7,3,6)
   Бурав A6: (7, 7, 1) → (7,6,1)
   Радиовышка B2: (3, 2, 3) → (4,2,4)
   Факел B4: (4, 2, 2) → (3,2,2)
✓    💥 Бурав B6 пробивает фазу Тишина A5 тараном
✓    💥 Бурав B6 тараном уничтожил Тишина A5 в (6,2,5)
   Бурав B6: (5, 2, 5) → (6,2,5)
!    ⚠️ Радиовышка C2: клетка (8,4,1) занята
✓    💥 Бурав C6 тараном уничтожил Бурав B6 в (6,2,5)
   Бурав C6: (7, 3, 5) → (6,2,5)

🎯 ВЫСТРЕЛЫ:
   Выпущено ракет: 1
# 
📊 РЕЗУЛЬТАТЫ ХОДА 5:
🎯 Попаданий нет

--- Результаты хода ---
  Team B / Бурав B6           → Team A / Тишина A5          @ (6,2,5)  (УБИТ)
  Team C / Бурав C6           → Team B / Бурав B6           @ (6,2,5)  (УБИТ)

--- Состояние команд после хода ---
  Team A: живых 4/8
    ✓ Радиовышка A2      @ (8,4,1) hp=3/3
    ✓ Факел A4           @ (7,3,6) hp=6/6
    ✓ Бурав A6           @ (7,6,1) hp=2/4
    ✓ Паук A8            @ (7,3,7) hp=1/1
    ✗ Артиллерия A1      @ (7,3,2) [уничтожен]
    ✗ Прыгун A3          @ (7,2,6) [уничтожен]
    ✗ Тишина A5          @ (6,2,5) [уничтожен]
    ✗ Провокатор A7      @ (7,3,5) [уничтожен]
  Team B: живых 4/8
    ✓ Артиллерия B1      @ (1,2,3) hp=1/1
    ✓ Радиовышка B2      @ (4,2,4) hp=3/3
    ✓ Факел B4           @ (3,2,2) hp=6/6
    ✓ Провокатор B7      @ (4,2,3) hp=2/2
    ✗ Прыгун B3          @ (7,3,2) [уничтожен]
    ✗ Тишина B5          @ (7,3,2) [уничтожен]
    ✗ Бурав B6           @ (6,2,5) [уничтожен]
    ✗ Паук B8            @ (7,2,3) [уничтожен]
  Team C: живых 4/8
    ✓ Радиовышка C2      @ (7,5,1) hp=3/3
    ✓ Тишина C5          @ (8,2,1) hp=2/2
    ✓ Бурав C6           @ (6,2,5) hp=2/4
    ✓ Паук C8            @ (8,1,1) hp=1/1
    ✗ Артиллерия C1      @ (8,6,1) [уничтожен]
    ✗ Прыгун C3          @ (7,3,2) [уничтожен]
    ✗ Факел C4           @ (7,7,1) [уничтожен]
    ✗ Провокатор C7      @ (8,8,1) [уничтожен]

======================================================================
ХОД 6
======================================================================
✓ 🎮 GM: начинаем ход
GM: start_turn

--- Радиовышки: сканирование слоя Z ---
  Радиовышка A2 (z=1): видит 2 врагов [+1 эксклюзивно] → Радиовышка C2(7,5,1), Паук C8(8,1,1)
  Радиовышка B2 (z=4): слой чист
  Радиовышка C2 (z=1): видит 2 врагов  → Бурав A6(7,6,1), Радиовышка A2(8,4,1)

--- Решения ботов ---
  [Team A] Радиовышка A2 (8,4,1) → MOVE (7,5,1)
  [Team A] Факел A4 (7,3,6) → MOVE (7,4,5)
  [Team A] Паук A8 (7,3,7) → MINE (6,2,6)
  [Team A] Бурав A6 → SKIP
  [Team B] Артиллерия B1 (1,2,3) → SHOOT at (6,2,5)
  [Team B] Радиовышка B2 (4,2,4) → MOVE (5,2,5)
  [Team B] Факел B4 (3,2,2) → MOVE (3,2,3)
  [Team B] Провокатор B7 (4,2,3) → HOLOGRAM (5,2,4)
  [Team C] Радиовышка C2 (7,5,1) → MOVE (8,4,1)
  [Team C] Тишина C5 (8,2,1) → MOVE (8,3,1)
  [Team C] Бурав C6 (6,2,5) → MOVE (3,2,2)
  [Team C] Паук C8 → SKIP
! 🎮 GM: принудительно завершает фазу планирования
GM: end_planning
# 
============================================================
# 🔄 ОБРАБОТКА ХОДА 6
# ============================================================
   🌀 Тишина C5: фаза спала (действовала 1 ход)
!    ⚠️ Провокатор B7: клетка (5,2,4) уже занята голограммой
!    ⚠️ Паук A8: в клетке уже стоит мина

📦 ПЕРЕМЕЩЕНИЯ:
!    ⚠️ Радиовышка A2: клетка (7,5,1) занята
   Факел A4: (7, 3, 6) → (7,4,5)
   Радиовышка B2: (4, 2, 4) → (5,2,5)
   Факел B4: (3, 2, 2) → (3,2,3)
!    ⚠️ Радиовышка C2: клетка (8,4,1) занята
   Тишина C5: (8, 2, 1) → (8,3,1)
   Бурав C6: (6, 2, 5) → (3,2,2)

🎯 ВЫСТРЕЛЫ:
   Выпущено ракет: 1
# 
📊 РЕЗУЛЬТАТЫ ХОДА 6:
🎯 Попаданий нет

--- Результаты хода ---
  Попаданий нет

--- Состояние команд после хода ---
  Team A: живых 4/8
    ✓ Радиовышка A2      @ (8,4,1) hp=3/3
    ✓ Факел A4           @ (7,4,5) hp=6/6
    ✓ Бурав A6           @ (7,6,1) hp=2/4
    ✓ Паук A8            @ (7,3,7) hp=1/1
    ✗ Артиллерия A1      @ (7,3,2) [уничтожен]
    ✗ Прыгун A3          @ (7,2,6) [уничтожен]
    ✗ Тишина A5          @ (6,2,5) [уничтожен]
    ✗ Провокатор A7      @ (7,3,5) [уничтожен]
  Team B: живых 4/8
    ✓ Артиллерия B1      @ (1,2,3) hp=1/1
    ✓ Радиовышка B2      @ (5,2,5) hp=3/3
    ✓ Факел B4           @ (3,2,3) hp=6/6
    ✓ Провокатор B7      @ (4,2,3) hp=2/2
    ✗ Прыгун B3          @ (7,3,2) [уничтожен]
    ✗ Тишина B5          @ (7,3,2) [уничтожен]
    ✗ Бурав B6           @ (6,2,5) [уничтожен]
    ✗ Паук B8            @ (7,2,3) [уничтожен]
  Team C: живых 4/8
    ✓ Радиовышка C2      @ (7,5,1) hp=3/3
    ✓ Тишина C5          @ (8,3,1) hp=2/2
    ✓ Бурав C6           @ (3,2,2) hp=2/4
    ✓ Паук C8            @ (8,1,1) hp=1/1
    ✗ Артиллерия C1      @ (8,6,1) [уничтожен]
    ✗ Прыгун C3          @ (7,3,2) [уничтожен]
    ✗ Факел C4           @ (7,7,1) [уничтожен]
    ✗ Провокатор C7      @ (8,8,1) [уничтожен]

======================================================================
ХОД 7
======================================================================
✓ 🎮 GM: начинаем ход
GM: start_turn

--- Радиовышки: сканирование слоя Z ---
  Радиовышка A2 (z=1): видит 3 врагов  → Радиовышка C2(7,5,1), Паук C8(8,1,1), Тишина C5(8,3,1)
  Радиовышка B2 (z=5): видит 1 врагов  → Факел A4(7,4,5)
  Радиовышка C2 (z=1): видит 2 врагов  → Бурав A6(7,6,1), Радиовышка A2(8,4,1)

--- Решения ботов ---
  [Team A] Радиовышка A2 (8,4,1) → MOVE (7,5,1)
  [Team A] Факел A4 (7,4,5) → MOVE (7,5,4)
  [Team A] Паук A8 (7,3,7) → MINE (6,2,6)
  [Team A] Бурав A6 → SKIP
  [Team B] Артиллерия B1 (1,2,3) → SHOOT at (3,2,2)
  [Team B] Радиовышка B2 (5,2,5) → MOVE (6,3,5)
  [Team B] Факел B4 (3,2,3) → SHOOT at (3,2,2)
  [Team B] Провокатор B7 (4,2,3) → HOLOGRAM (3,2,2)
  [Team C] Радиовышка C2 (7,5,1) → MOVE (8,4,1)
  [Team C] Бурав C6 (3,2,2) → MOVE (3,2,3)
  [Team C] Паук C8 (8,1,1) → MINE (8,2,1)
  [Team C] Тишина C5 → SKIP
! 🎮 GM: принудительно завершает фазу планирования
GM: end_planning
# 
============================================================
# 🔄 ОБРАБОТКА ХОДА 7
# ============================================================
!    ⚠️ Провокатор B7: клетка (3,2,2) занята кораблём
!    ⚠️ Паук A8: в клетке уже стоит мина
   💣 Паук C8 установил мину M7 в (8,2,1)

📦 ПЕРЕМЕЩЕНИЯ:
!    ⚠️ Радиовышка A2: клетка (7,5,1) занята
   Факел A4: (7, 4, 5) → (7,5,4)
   Радиовышка B2: (5, 2, 5) → (6,3,5)
!    ⚠️ Радиовышка C2: клетка (8,4,1) занята
✓    💥 Бурав C6 тараном уничтожил Факел B4 в (3,2,3)
   Бурав C6: (3, 2, 2) → (3,2,3)

🎯 ВЫСТРЕЛЫ:
   Выпущено ракет: 1
# 
📊 РЕЗУЛЬТАТЫ ХОДА 7:
🎯 Попаданий нет

--- Результаты хода ---
  Team C / Бурав C6           → Team B / Факел B4           @ (3,2,3)  (УБИТ)

--- Состояние команд после хода ---
  Team A: живых 4/8
    ✓ Радиовышка A2      @ (8,4,1) hp=3/3
    ✓ Факел A4           @ (7,5,4) hp=6/6
    ✓ Бурав A6           @ (7,6,1) hp=2/4
    ✓ Паук A8            @ (7,3,7) hp=1/1
    ✗ Артиллерия A1      @ (7,3,2) [уничтожен]
    ✗ Прыгун A3          @ (7,2,6) [уничтожен]
    ✗ Тишина A5          @ (6,2,5) [уничтожен]
    ✗ Провокатор A7      @ (7,3,5) [уничтожен]
  Team B: живых 3/8
    ✓ Артиллерия B1      @ (1,2,3) hp=1/1
    ✓ Радиовышка B2      @ (6,3,5) hp=3/3
    ✓ Провокатор B7      @ (4,2,3) hp=2/2
    ✗ Прыгун B3          @ (7,3,2) [уничтожен]
    ✗ Факел B4           @ (3,2,3) [уничтожен]
    ✗ Тишина B5          @ (7,3,2) [уничтожен]
    ✗ Бурав B6           @ (6,2,5) [уничтожен]
    ✗ Паук B8            @ (7,2,3) [уничтожен]
  Team C: живых 4/8
    ✓ Радиовышка C2      @ (7,5,1) hp=3/3
    ✓ Тишина C5          @ (8,3,1) hp=2/2
    ✓ Бурав C6           @ (3,2,3) hp=2/4
    ✓ Паук C8            @ (8,1,1) hp=1/1
    ✗ Артиллерия C1      @ (8,6,1) [уничтожен]
    ✗ Прыгун C3          @ (7,3,2) [уничтожен]
    ✗ Факел C4           @ (7,7,1) [уничтожен]
    ✗ Провокатор C7      @ (8,8,1) [уничтожен]

======================================================================
ХОД 8
======================================================================
✓ 🎮 GM: начинаем ход
GM: start_turn

--- Радиовышки: сканирование слоя Z ---
  Радиовышка A2 (z=1): видит 3 врагов  → Радиовышка C2(7,5,1), Паук C8(8,1,1), Тишина C5(8,3,1)
  Радиовышка B2 (z=5): слой чист
  Радиовышка C2 (z=1): видит 2 врагов  → Бурав A6(7,6,1), Радиовышка A2(8,4,1)

--- Решения ботов ---
  [Team A] Радиовышка A2 (8,4,1) → MOVE (7,5,1)
  [Team A] Факел A4 (7,5,4) → SHOOT at (7,5,1)
  [Team A] Паук A8 (7,3,7) → MINE (6,3,6)
  [Team A] Бурав A6 → SKIP
  [Team B] Артиллерия B1 (1,2,3) → SHOOT at (3,2,3)
  [Team B] Радиовышка B2 (6,3,5) → MOVE (7,4,4)
  [Team B] Провокатор B7 (4,2,3) → HOLOGRAM (3,2,3)
  [Team C] Радиовышка C2 (7,5,1) → MOVE (8,4,1)
  [Team C] Бурав C6 (3,2,3) → MOVE (1,2,3)
  [Team C] Паук C8 (8,1,1) → MINE (8,2,1)
  [Team C] Тишина C5 → SKIP
! 🎮 GM: принудительно завершает фазу планирования
GM: end_planning
# 
============================================================
# 🔄 ОБРАБОТКА ХОДА 8
# ============================================================
!    ⚠️ Провокатор B7: клетка (3,2,3) занята кораблём
   💣 Паук A8 установил мину M8 в (6,3,6)
!    ⚠️ Паук C8: в клетке уже стоит мина

📦 ПЕРЕМЕЩЕНИЯ:
!    ⚠️ Радиовышка A2: клетка (7,5,1) занята
   Радиовышка B2: (6, 3, 5) → (7,4,4)
!    ⚠️ Радиовышка C2: клетка (8,4,1) занята
✓    💥 Бурав C6 тараном уничтожил Артиллерия B1 в (1,2,3)
   Бурав C6: (3, 2, 3) → (1,2,3)

🎯 ВЫСТРЕЛЫ:
✓    ✅ Факел A4 поразил Радиовышка C2 (1 урона)!
   Выпущено ракет: 1
# 
📊 РЕЗУЛЬТАТЫ ХОДА 8:
✓ 💥 ПОПАДАНИЯ:
✓    Факел A4 (Team A) → Радиовышка C2 (Team C)

--- Результаты хода ---
  Team C / Бурав C6           → Team B / Артиллерия B1      @ (1,2,3)  (УБИТ)
  Team A / Факел A4           → Team C / Радиовышка C2      @ (7,5,1)  (ранен)

--- Состояние команд после хода ---
  Team A: живых 4/8
    ✓ Радиовышка A2      @ (8,4,1) hp=3/3
    ✓ Факел A4           @ (7,5,4) hp=6/6
    ✓ Бурав A6           @ (7,6,1) hp=2/4
    ✓ Паук A8            @ (7,3,7) hp=1/1
    ✗ Артиллерия A1      @ (7,3,2) [уничтожен]
    ✗ Прыгун A3          @ (7,2,6) [уничтожен]
    ✗ Тишина A5          @ (6,2,5) [уничтожен]
    ✗ Провокатор A7      @ (7,3,5) [уничтожен]
  Team B: живых 2/8
    ✓ Радиовышка B2      @ (7,4,4) hp=3/3
    ✓ Провокатор B7      @ (4,2,3) hp=2/2
    ✗ Артиллерия B1      @ (1,2,3) [уничтожен]
    ✗ Прыгун B3          @ (7,3,2) [уничтожен]
    ✗ Факел B4           @ (3,2,3) [уничтожен]
    ✗ Тишина B5          @ (7,3,2) [уничтожен]
    ✗ Бурав B6           @ (6,2,5) [уничтожен]
    ✗ Паук B8            @ (7,2,3) [уничтожен]
  Team C: живых 4/8
    ✓ Радиовышка C2      @ (7,5,1) hp=2/3
    ✓ Тишина C5          @ (8,3,1) hp=2/2
    ✓ Бурав C6           @ (1,2,3) hp=2/4
    ✓ Паук C8            @ (8,1,1) hp=1/1
    ✗ Артиллерия C1      @ (8,6,1) [уничтожен]
    ✗ Прыгун C3          @ (7,3,2) [уничтожен]
    ✗ Факел C4           @ (7,7,1) [уничтожен]
    ✗ Провокатор C7      @ (8,8,1) [уничтожен]

======================================================================
ХОД 9
======================================================================
✓ 🎮 GM: начинаем ход
GM: start_turn

--- Радиовышки: сканирование слоя Z ---
  Радиовышка A2 (z=1): видит 3 врагов  → Радиовышка C2(7,5,1), Паук C8(8,1,1), Тишина C5(8,3,1)
  Радиовышка B2 (z=4): видит 1 врагов  → Факел A4(7,5,4)
  Радиовышка C2 (z=1): видит 2 врагов  → Бурав A6(7,6,1), Радиовышка A2(8,4,1)

--- Решения ботов ---
  [Team A] Радиовышка A2 (8,4,1) → MOVE (7,5,1)
  [Team A] Факел A4 (7,5,4) → SHOOT at (7,5,1)
  [Team A] Паук A8 (7,3,7) → MINE (7,4,6)
  [Team A] Бурав A6 → SKIP
  [Team B] Радиовышка B2 (7,4,4) → MOVE (7,5,4)
  [Team B] Провокатор B7 (4,2,3) → HOLOGRAM (5,3,4)
  [Team C] Радиовышка C2 (7,5,1) → MOVE (8,4,1)
  [Team C] Тишина C5 (8,3,1) → PHASE toggle
  [Team C] Бурав C6 (1,2,3) → MOVE (4,2,3)
  [Team C] Паук C8 (8,1,1) → MINE (8,2,1)
! 🎮 GM: принудительно завершает фазу планирования
GM: end_planning
# 
============================================================
# 🔄 ОБРАБОТКА ХОДА 9
# ============================================================
   🌀 Тишина C5: уходит в фазу на 1 ход
   🪞 Провокатор B7 создал голограмму H8 в (5,3,4)
   💣 Паук A8 установил мину M9 в (7,4,6)
!    ⚠️ Паук C8: в клетке уже стоит мина

📦 ПЕРЕМЕЩЕНИЯ:
!    ⚠️ Радиовышка A2: клетка (7,5,1) занята
!    ⚠️ Радиовышка B2: клетка (7,5,4) занята
!    ⚠️ Радиовышка C2: клетка (8,4,1) занята
✓    💥 Бурав C6 тараном уничтожил Провокатор B7 в (4,2,3)
   Бурав C6: (1, 2, 3) → (4,2,3)

🎯 ВЫСТРЕЛЫ:
✓    ✅ Факел A4 поразил Радиовышка C2 (1 урона)!
   Выпущено ракет: 1
# 
📊 РЕЗУЛЬТАТЫ ХОДА 9:
✓ 💥 ПОПАДАНИЯ:
✓    Факел A4 (Team A) → Радиовышка C2 (Team C)

--- Результаты хода ---
  Team C / Бурав C6           → Team B / Провокатор B7      @ (4,2,3)  (УБИТ)
  Team A / Факел A4           → Team C / Радиовышка C2      @ (7,5,1)  (ранен)

--- Состояние команд после хода ---
  Team A: живых 4/8
    ✓ Радиовышка A2      @ (8,4,1) hp=3/3
    ✓ Факел A4           @ (7,5,4) hp=6/6
    ✓ Бурав A6           @ (7,6,1) hp=2/4
    ✓ Паук A8            @ (7,3,7) hp=1/1
    ✗ Артиллерия A1      @ (7,3,2) [уничтожен]
    ✗ Прыгун A3          @ (7,2,6) [уничтожен]
    ✗ Тишина A5          @ (6,2,5) [уничтожен]
    ✗ Провокатор A7      @ (7,3,5) [уничтожен]
  Team B: живых 1/8
    ✓ Радиовышка B2      @ (7,4,4) hp=3/3
    ✗ Артиллерия B1      @ (1,2,3) [уничтожен]
    ✗ Прыгун B3          @ (7,3,2) [уничтожен]
    ✗ Факел B4           @ (3,2,3) [уничтожен]
    ✗ Тишина B5          @ (7,3,2) [уничтожен]
    ✗ Бурав B6           @ (6,2,5) [уничтожен]
    ✗ Провокатор B7      @ (4,2,3) [уничтожен]
    ✗ Паук B8            @ (7,2,3) [уничтожен]
  Team C: живых 4/8
    ✓ Радиовышка C2      @ (7,5,1) hp=1/3
    ✓ Тишина C5          @ (8,3,1) hp=2/2
    ✓ Бурав C6           @ (4,2,3) hp=2/4
    ✓ Паук C8            @ (8,1,1) hp=1/1
    ✗ Артиллерия C1      @ (8,6,1) [уничтожен]
    ✗ Прыгун C3          @ (7,3,2) [уничтожен]
    ✗ Факел C4           @ (7,7,1) [уничтожен]
    ✗ Провокатор C7      @ (8,8,1) [уничтожен]

======================================================================
ХОД 10
======================================================================
✓ 🎮 GM: начинаем ход
GM: start_turn

--- Радиовышки: сканирование слоя Z ---
  Радиовышка A2 (z=1): видит 2 врагов  → Радиовышка C2(7,5,1), Паук C8(8,1,1)
  Радиовышка B2 (z=4): видит 1 врагов [+1 эксклюзивно] → Факел A4(7,5,4)
  Радиовышка C2 (z=1): видит 2 врагов  → Бурав A6(7,6,1), Радиовышка A2(8,4,1)

--- Решения ботов ---
  [Team A] Радиовышка A2 (8,4,1) → MOVE (7,5,1)
  [Team A] Факел A4 (7,5,4) → SHOOT at (7,5,1)
  [Team A] Паук A8 (7,3,7) → MINE (7,4,6)
  [Team A] Бурав A6 → SKIP
  [Team B] Радиовышка B2 (7,4,4) → MOVE (7,5,4)
  [Team C] Радиовышка C2 (7,5,1) → MOVE (8,4,1)
  [Team C] Бурав C6 (4,2,3) → MOVE (5,3,4)
  [Team C] Паук C8 (8,1,1) → MINE (8,2,1)
  [Team C] Тишина C5 → SKIP
! 🎮 GM: принудительно завершает фазу планирования
GM: end_planning
# 
============================================================
# 🔄 ОБРАБОТКА ХОДА 10
# ============================================================
   🌀 Тишина C5: фаза спала (действовала 1 ход)
!    ⚠️ Паук A8: в клетке уже стоит мина
!    ⚠️ Паук C8: в клетке уже стоит мина

📦 ПЕРЕМЕЩЕНИЯ:
!    ⚠️ Радиовышка A2: клетка (7,5,1) занята
!    ⚠️ Радиовышка B2: клетка (7,5,4) занята
!    ⚠️ Радиовышка C2: клетка (8,4,1) занята
!    ⚠️ Бурав C6: Бурав двигается только по 1 оси или по 2 осям строго диагонально

🎯 ВЫСТРЕЛЫ:
✓    ✅ Факел A4 поразил Радиовышка C2 (1 урона)!
   Выпущено ракет: 1
# 
📊 РЕЗУЛЬТАТЫ ХОДА 10:
✓ 💥 ПОПАДАНИЯ:
✓    Факел A4 (Team A) → Радиовышка C2 (Team C)

--- Результаты хода ---
  Team A / Факел A4           → Team C / Радиовышка C2      @ (7,5,1)  (УБИТ)

--- Состояние команд после хода ---
  Team A: живых 4/8
    ✓ Радиовышка A2      @ (8,4,1) hp=3/3
    ✓ Факел A4           @ (7,5,4) hp=6/6
    ✓ Бурав A6           @ (7,6,1) hp=2/4
    ✓ Паук A8            @ (7,3,7) hp=1/1
    ✗ Артиллерия A1      @ (7,3,2) [уничтожен]
    ✗ Прыгун A3          @ (7,2,6) [уничтожен]
    ✗ Тишина A5          @ (6,2,5) [уничтожен]
    ✗ Провокатор A7      @ (7,3,5) [уничтожен]
  Team B: живых 1/8
    ✓ Радиовышка B2      @ (7,4,4) hp=3/3
    ✗ Артиллерия B1      @ (1,2,3) [уничтожен]
    ✗ Прыгун B3          @ (7,3,2) [уничтожен]
    ✗ Факел B4           @ (3,2,3) [уничтожен]
    ✗ Тишина B5          @ (7,3,2) [уничтожен]
    ✗ Бурав B6           @ (6,2,5) [уничтожен]
    ✗ Провокатор B7      @ (4,2,3) [уничтожен]
    ✗ Паук B8            @ (7,2,3) [уничтожен]
  Team C: живых 3/8
    ✓ Тишина C5          @ (8,3,1) hp=2/2
    ✓ Бурав C6           @ (4,2,3) hp=2/4
    ✓ Паук C8            @ (8,1,1) hp=1/1
    ✗ Артиллерия C1      @ (8,6,1) [уничтожен]
    ✗ Радиовышка C2      @ (7,5,1) [уничтожен]
    ✗ Прыгун C3          @ (7,3,2) [уничтожен]
    ✗ Факел C4           @ (7,7,1) [уничтожен]
    ✗ Провокатор C7      @ (8,8,1) [уничтожен]

======================================================================
ХОД 11
======================================================================
✓ 🎮 GM: начинаем ход
GM: start_turn

--- Радиовышки: сканирование слоя Z ---
  Радиовышка A2 (z=1): видит 2 врагов  → Паук C8(8,1,1), Тишина C5(8,3,1)
  Радиовышка B2 (z=4): видит 1 врагов [+1 эксклюзивно] → Факел A4(7,5,4)

--- Решения ботов ---
  [Team A] Радиовышка A2 (8,4,1) → MOVE (8,3,1)
  [Team A] Факел A4 (7,5,4) → SHOOT at (7,4,4)
  [Team A] Бурав A6 (7,6,1) → MOVE (7,5,2)
  [Team A] Паук A8 (7,3,7) → MINE (7,4,6)
  [Team B] Радиовышка B2 (7,4,4) → MOVE (7,5,4)
  [Team C] Тишина C5 (8,3,1) → MOVE (8,4,1)
  [Team C] Бурав C6 (4,2,3) → MOVE (5,3,4)
  [Team C] Паук C8 (8,1,1) → MINE (8,2,1)
! 🎮 GM: принудительно завершает фазу планирования
GM: end_planning
# 
============================================================
# 🔄 ОБРАБОТКА ХОДА 11
# ============================================================
!    ⚠️ Паук A8: в клетке уже стоит мина
!    ⚠️ Паук C8: в клетке уже стоит мина

📦 ПЕРЕМЕЩЕНИЯ:
!    ⚠️ Радиовышка A2: клетка (8,3,1) занята
   Бурав A6: (7, 6, 1) → (7,5,2)
!    ⚠️ Радиовышка B2: клетка (7,5,4) занята
!    ⚠️ Тишина C5: клетка (8,4,1) занята
!    ⚠️ Бурав C6: Бурав двигается только по 1 оси или по 2 осям строго диагонально

🎯 ВЫСТРЕЛЫ:
✓    ✅ Факел A4 поразил Радиовышка B2 (1 урона)!
   Выпущено ракет: 1
# 
📊 РЕЗУЛЬТАТЫ ХОДА 11:
✓ 💥 ПОПАДАНИЯ:
✓    Факел A4 (Team A) → Радиовышка B2 (Team B)

--- Результаты хода ---
  Team A / Факел A4           → Team B / Радиовышка B2      @ (7,4,4)  (ранен)

--- Состояние команд после хода ---
  Team A: живых 4/8
    ✓ Радиовышка A2      @ (8,4,1) hp=3/3
    ✓ Факел A4           @ (7,5,4) hp=6/6
    ✓ Бурав A6           @ (7,5,2) hp=2/4
    ✓ Паук A8            @ (7,3,7) hp=1/1
    ✗ Артиллерия A1      @ (7,3,2) [уничтожен]
    ✗ Прыгун A3          @ (7,2,6) [уничтожен]
    ✗ Тишина A5          @ (6,2,5) [уничтожен]
    ✗ Провокатор A7      @ (7,3,5) [уничтожен]
  Team B: живых 1/8
    ✓ Радиовышка B2      @ (7,4,4) hp=2/3
    ✗ Артиллерия B1      @ (1,2,3) [уничтожен]
    ✗ Прыгун B3          @ (7,3,2) [уничтожен]
    ✗ Факел B4           @ (3,2,3) [уничтожен]
    ✗ Тишина B5          @ (7,3,2) [уничтожен]
    ✗ Бурав B6           @ (6,2,5) [уничтожен]
    ✗ Провокатор B7      @ (4,2,3) [уничтожен]
    ✗ Паук B8            @ (7,2,3) [уничтожен]
  Team C: живых 3/8
    ✓ Тишина C5          @ (8,3,1) hp=2/2
    ✓ Бурав C6           @ (4,2,3) hp=2/4
    ✓ Паук C8            @ (8,1,1) hp=1/1
    ✗ Артиллерия C1      @ (8,6,1) [уничтожен]
    ✗ Радиовышка C2      @ (7,5,1) [уничтожен]
    ✗ Прыгун C3          @ (7,3,2) [уничтожен]
    ✗ Факел C4           @ (7,7,1) [уничтожен]
    ✗ Провокатор C7      @ (8,8,1) [уничтожен]

======================================================================
ХОД 12
======================================================================
✓ 🎮 GM: начинаем ход
GM: start_turn

--- Радиовышки: сканирование слоя Z ---
  Радиовышка A2 (z=1): видит 2 врагов  → Паук C8(8,1,1), Тишина C5(8,3,1)
  Радиовышка B2 (z=4): видит 1 врагов [+1 эксклюзивно] → Факел A4(7,5,4)

--- Решения ботов ---
  [Team A] Радиовышка A2 (8,4,1) → MOVE (8,3,1)
  [Team A] Факел A4 (7,5,4) → HEAL (AoE)
  [Team A] Бурав A6 (7,5,2) → MOVE (7,4,3)
  [Team A] Паук A8 (7,3,7) → MINE (7,4,6)
  [Team B] Радиовышка B2 (7,4,4) → MOVE (7,5,4)
  [Team C] Тишина C5 (8,3,1) → MOVE (8,4,1)
  [Team C] Бурав C6 (4,2,3) → MOVE (5,3,4)
  [Team C] Паук C8 (8,1,1) → MINE (8,2,1)
! 🎮 GM: принудительно завершает фазу планирования
GM: end_planning
# 
============================================================
# 🔄 ОБРАБОТКА ХОДА 12
# ============================================================
!    ⚠️ Паук A8: в клетке уже стоит мина
!    ⚠️ Паук C8: в клетке уже стоит мина

📦 ПЕРЕМЕЩЕНИЯ:
!    ⚠️ Радиовышка A2: клетка (8,3,1) занята
   Бурав A6: (7, 5, 2) → (7,4,3)
!    ⚠️ Радиовышка B2: клетка (7,5,4) занята
!    ⚠️ Тишина C5: клетка (8,4,1) занята
!    ⚠️ Бурав C6: Бурав двигается только по 1 оси или по 2 осям строго диагонально

🎯 ВЫСТРЕЛЫ:
✓    💚 Факел A4 лечит Бурав A6 → hits=1/4
   Выпущено ракет: 0
# 
📊 РЕЗУЛЬТАТЫ ХОДА 12:
🎯 Попаданий нет

--- Результаты хода ---
  Попаданий нет

--- Состояние команд после хода ---
  Team A: живых 4/8
    ✓ Радиовышка A2      @ (8,4,1) hp=3/3
    ✓ Факел A4           @ (7,5,4) hp=6/6
    ✓ Бурав A6           @ (7,4,3) hp=3/4
    ✓ Паук A8            @ (7,3,7) hp=1/1
    ✗ Артиллерия A1      @ (7,3,2) [уничтожен]
    ✗ Прыгун A3          @ (7,2,6) [уничтожен]
    ✗ Тишина A5          @ (6,2,5) [уничтожен]
    ✗ Провокатор A7      @ (7,3,5) [уничтожен]
  Team B: живых 1/8
    ✓ Радиовышка B2      @ (7,4,4) hp=2/3
    ✗ Артиллерия B1      @ (1,2,3) [уничтожен]
    ✗ Прыгун B3          @ (7,3,2) [уничтожен]
    ✗ Факел B4           @ (3,2,3) [уничтожен]
    ✗ Тишина B5          @ (7,3,2) [уничтожен]
    ✗ Бурав B6           @ (6,2,5) [уничтожен]
    ✗ Провокатор B7      @ (4,2,3) [уничтожен]
    ✗ Паук B8            @ (7,2,3) [уничтожен]
  Team C: живых 3/8
    ✓ Тишина C5          @ (8,3,1) hp=2/2
    ✓ Бурав C6           @ (4,2,3) hp=2/4
    ✓ Паук C8            @ (8,1,1) hp=1/1
    ✗ Артиллерия C1      @ (8,6,1) [уничтожен]
    ✗ Радиовышка C2      @ (7,5,1) [уничтожен]
    ✗ Прыгун C3          @ (7,3,2) [уничтожен]
    ✗ Факел C4           @ (7,7,1) [уничтожен]
    ✗ Провокатор C7      @ (8,8,1) [уничтожен]

======================================================================
ХОД 13
======================================================================
✓ 🎮 GM: начинаем ход
GM: start_turn

--- Радиовышки: сканирование слоя Z ---
  Радиовышка A2 (z=1): видит 2 врагов  → Паук C8(8,1,1), Тишина C5(8,3,1)
  Радиовышка B2 (z=4): видит 1 врагов [+1 эксклюзивно] → Факел A4(7,5,4)

--- Решения ботов ---
  [Team A] Радиовышка A2 (8,4,1) → MOVE (8,3,1)
  [Team A] Факел A4 (7,5,4) → HEAL (AoE)
  [Team A] Бурав A6 (7,4,3) → MOVE (7,4,4)
  [Team A] Паук A8 (7,3,7) → MINE (7,4,6)
  [Team B] Радиовышка B2 (7,4,4) → MOVE (7,5,4)
  [Team C] Тишина C5 (8,3,1) → PHASE toggle
  [Team C] Бурав C6 (4,2,3) → MOVE (5,3,4)
  [Team C] Паук C8 (8,1,1) → MINE (8,2,1)
! 🎮 GM: принудительно завершает фазу планирования
GM: end_planning
# 
============================================================
# 🔄 ОБРАБОТКА ХОДА 13
# ============================================================
   🌀 Тишина C5: уходит в фазу на 1 ход
!    ⚠️ Паук A8: в клетке уже стоит мина
!    ⚠️ Паук C8: в клетке уже стоит мина

📦 ПЕРЕМЕЩЕНИЯ:
   Радиовышка A2: (8, 4, 1) → (8,3,1)
✓    💥 Бурав A6 тараном уничтожил Радиовышка B2 в (7,4,4)
   Бурав A6: (7, 4, 3) → (7,4,4)
!    ⚠️ Бурав C6: Бурав двигается только по 1 оси или по 2 осям строго диагонально

🎯 ВЫСТРЕЛЫ:
✓    💚 Факел A4 лечит Бурав A6 → hits=0/4
   Выпущено ракет: 0
# 
📊 РЕЗУЛЬТАТЫ ХОДА 13:
🎯 Попаданий нет

--- Результаты хода ---
  Team A / Бурав A6           → Team B / Радиовышка B2      @ (7,4,4)  (УБИТ)

--- Состояние команд после хода ---
  Team A: живых 4/8
    ✓ Радиовышка A2      @ (8,3,1) hp=3/3
    ✓ Факел A4           @ (7,5,4) hp=6/6
    ✓ Бурав A6           @ (7,4,4) hp=4/4
    ✓ Паук A8            @ (7,3,7) hp=1/1
    ✗ Артиллерия A1      @ (7,3,2) [уничтожен]
    ✗ Прыгун A3          @ (7,2,6) [уничтожен]
    ✗ Тишина A5          @ (6,2,5) [уничтожен]
    ✗ Провокатор A7      @ (7,3,5) [уничтожен]
  Team B: живых 0/8
    ✗ Артиллерия B1      @ (1,2,3) [уничтожен]
    ✗ Радиовышка B2      @ (7,4,4) [уничтожен]
    ✗ Прыгун B3          @ (7,3,2) [уничтожен]
    ✗ Факел B4           @ (3,2,3) [уничтожен]
    ✗ Тишина B5          @ (7,3,2) [уничтожен]
    ✗ Бурав B6           @ (6,2,5) [уничтожен]
    ✗ Провокатор B7      @ (4,2,3) [уничтожен]
    ✗ Паук B8            @ (7,2,3) [уничтожен]
  Team C: живых 3/8
    ✓ Тишина C5          @ (8,3,1) hp=2/2
    ✓ Бурав C6           @ (4,2,3) hp=2/4
    ✓ Паук C8            @ (8,1,1) hp=1/1
    ✗ Артиллерия C1      @ (8,6,1) [уничтожен]
    ✗ Радиовышка C2      @ (7,5,1) [уничтожен]
    ✗ Прыгун C3          @ (7,3,2) [уничтожен]
    ✗ Факел C4           @ (7,7,1) [уничтожен]
    ✗ Провокатор C7      @ (8,8,1) [уничтожен]

======================================================================
ХОД 14
======================================================================
✓ 🎮 GM: начинаем ход
GM: start_turn

--- Радиовышки: сканирование слоя Z ---
  Радиовышка A2 (z=1): видит 1 врагов  → Паук C8(8,1,1)

--- Решения ботов ---
  [Team A] Радиовышка A2 (8,3,1) → MOVE (8,2,1)
  [Team A] Бурав A6 (7,4,4) → MOVE (6,3,3)
  [Team A] Паук A8 (7,3,7) → MINE (6,2,6)
  [Team A] Факел A4 → SKIP
  [Team B] все корабли пропускают ход
  [Team C] Бурав C6 (4,2,3) → MOVE (5,3,4)
  [Team C] Паук C8 (8,1,1) → MINE (8,2,1)
  [Team C] Тишина C5 → SKIP
! 🎮 GM: принудительно завершает фазу планирования
GM: end_planning
# 
============================================================
# 🔄 ОБРАБОТКА ХОДА 14
# ============================================================
   🌀 Тишина C5: фаза спала (действовала 1 ход)
!    ⚠️ Паук A8: в клетке уже стоит мина
!    ⚠️ Паук C8: в клетке уже стоит мина

📦 ПЕРЕМЕЩЕНИЯ:
   Радиовышка A2: (8, 3, 1) → (8,2,1)
!    💥 Мина M7 сработала под Радиовышка A2 (урон 2)
!    ⚠️ Бурав A6: Бурав двигается только по 1 оси или по 2 осям строго диагонально
!    ⚠️ Бурав C6: Бурав двигается только по 1 оси или по 2 осям строго диагонально

🎯 ВЫСТРЕЛЫ:
   Выпущено ракет: 0
# 
📊 РЕЗУЛЬТАТЫ ХОДА 14:
🎯 Попаданий нет

--- Результаты хода ---
  ? / ?                  → Team A / Радиовышка A2      @ (8,2,1)  (ранен)

--- Состояние команд после хода ---
  Team A: живых 4/8
    ✓ Радиовышка A2      @ (8,2,1) hp=1/3
    ✓ Факел A4           @ (7,5,4) hp=6/6
    ✓ Бурав A6           @ (7,4,4) hp=4/4
    ✓ Паук A8            @ (7,3,7) hp=1/1
    ✗ Артиллерия A1      @ (7,3,2) [уничтожен]
    ✗ Прыгун A3          @ (7,2,6) [уничтожен]
    ✗ Тишина A5          @ (6,2,5) [уничтожен]
    ✗ Провокатор A7      @ (7,3,5) [уничтожен]
  Team B: живых 0/8
    ✗ Артиллерия B1      @ (1,2,3) [уничтожен]
    ✗ Радиовышка B2      @ (7,4,4) [уничтожен]
    ✗ Прыгун B3          @ (7,3,2) [уничтожен]
    ✗ Факел B4           @ (3,2,3) [уничтожен]
    ✗ Тишина B5          @ (7,3,2) [уничтожен]
    ✗ Бурав B6           @ (6,2,5) [уничтожен]
    ✗ Провокатор B7      @ (4,2,3) [уничтожен]
    ✗ Паук B8            @ (7,2,3) [уничтожен]
  Team C: живых 3/8
    ✓ Тишина C5          @ (8,3,1) hp=2/2
    ✓ Бурав C6           @ (4,2,3) hp=2/4
    ✓ Паук C8            @ (8,1,1) hp=1/1
    ✗ Артиллерия C1      @ (8,6,1) [уничтожен]
    ✗ Радиовышка C2      @ (7,5,1) [уничтожен]
    ✗ Прыгун C3          @ (7,3,2) [уничтожен]
    ✗ Факел C4           @ (7,7,1) [уничтожен]
    ✗ Провокатор C7      @ (8,8,1) [уничтожен]

======================================================================
ХОД 15
======================================================================
✓ 🎮 GM: начинаем ход
GM: start_turn

--- Радиовышки: сканирование слоя Z ---
  Радиовышка A2 (z=1): видит 2 врагов  → Паук C8(8,1,1), Тишина C5(8,3,1)

--- Решения ботов ---
  [Team A] Радиовышка A2 (8,2,1) → MOVE (8,3,1)
  [Team A] Бурав A6 (7,4,4) → MOVE (8,3,3)
  [Team A] Паук A8 (7,3,7) → MINE (6,2,6)
  [Team A] Факел A4 → SKIP
  [Team B] все корабли пропускают ход
  [Team C] Тишина C5 (8,3,1) → MOVE (8,2,1)
  [Team C] Бурав C6 (4,2,3) → MOVE (5,3,4)
  [Team C] Паук C8 → SKIP
! 🎮 GM: принудительно завершает фазу планирования
GM: end_planning
# 
============================================================
# 🔄 ОБРАБОТКА ХОДА 15
# ============================================================
!    ⚠️ Паук A8: в клетке уже стоит мина

📦 ПЕРЕМЕЩЕНИЯ:
!    ⚠️ Радиовышка A2: клетка (8,3,1) занята
!    ⚠️ Бурав A6: Бурав двигается только по 1 оси или по 2 осям строго диагонально
!    ⚠️ Тишина C5: клетка (8,2,1) занята
!    ⚠️ Бурав C6: Бурав двигается только по 1 оси или по 2 осям строго диагонально

🎯 ВЫСТРЕЛЫ:
   Выпущено ракет: 0
# 
📊 РЕЗУЛЬТАТЫ ХОДА 15:
🎯 Попаданий нет

--- Результаты хода ---
  Попаданий нет

--- Состояние команд после хода ---
  Team A: живых 4/8
    ✓ Радиовышка A2      @ (8,2,1) hp=1/3
    ✓ Факел A4           @ (7,5,4) hp=6/6
    ✓ Бурав A6           @ (7,4,4) hp=4/4
    ✓ Паук A8            @ (7,3,7) hp=1/1
    ✗ Артиллерия A1      @ (7,3,2) [уничтожен]
    ✗ Прыгун A3          @ (7,2,6) [уничтожен]
    ✗ Тишина A5          @ (6,2,5) [уничтожен]
    ✗ Провокатор A7      @ (7,3,5) [уничтожен]
  Team B: живых 0/8
    ✗ Артиллерия B1      @ (1,2,3) [уничтожен]
    ✗ Радиовышка B2      @ (7,4,4) [уничтожен]
    ✗ Прыгун B3          @ (7,3,2) [уничтожен]
    ✗ Факел B4           @ (3,2,3) [уничтожен]
    ✗ Тишина B5          @ (7,3,2) [уничтожен]
    ✗ Бурав B6           @ (6,2,5) [уничтожен]
    ✗ Провокатор B7      @ (4,2,3) [уничтожен]
    ✗ Паук B8            @ (7,2,3) [уничтожен]
  Team C: живых 3/8
    ✓ Тишина C5          @ (8,3,1) hp=2/2
    ✓ Бурав C6           @ (4,2,3) hp=2/4
    ✓ Паук C8            @ (8,1,1) hp=1/1
    ✗ Артиллерия C1      @ (8,6,1) [уничтожен]
    ✗ Радиовышка C2      @ (7,5,1) [уничтожен]
    ✗ Прыгун C3          @ (7,3,2) [уничтожен]
    ✗ Факел C4           @ (7,7,1) [уничтожен]
    ✗ Провокатор C7      @ (8,8,1) [уничтожен]

======================================================================
ХОД 16
======================================================================
✓ 🎮 GM: начинаем ход
GM: start_turn

--- Радиовышки: сканирование слоя Z ---
  Радиовышка A2 (z=1): видит 2 врагов  → Паук C8(8,1,1), Тишина C5(8,3,1)

--- Решения ботов ---
  [Team A] Радиовышка A2 (8,2,1) → MOVE (8,3,1)
  [Team A] Бурав A6 (7,4,4) → MOVE (8,3,3)
  [Team A] Паук A8 (7,3,7) → MINE (6,2,6)
  [Team A] Факел A4 → SKIP
  [Team B] все корабли пропускают ход
  [Team C] Тишина C5 (8,3,1) → MOVE (8,2,1)
  [Team C] Бурав C6 (4,2,3) → MOVE (5,3,4)
  [Team C] Паук C8 → SKIP
! 🎮 GM: принудительно завершает фазу планирования
GM: end_planning
# 
============================================================
# 🔄 ОБРАБОТКА ХОДА 16
# ============================================================
!    ⚠️ Паук A8: в клетке уже стоит мина

📦 ПЕРЕМЕЩЕНИЯ:
!    ⚠️ Радиовышка A2: клетка (8,3,1) занята
!    ⚠️ Бурав A6: Бурав двигается только по 1 оси или по 2 осям строго диагонально
!    ⚠️ Тишина C5: клетка (8,2,1) занята
!    ⚠️ Бурав C6: Бурав двигается только по 1 оси или по 2 осям строго диагонально

🎯 ВЫСТРЕЛЫ:
   Выпущено ракет: 0
# 
📊 РЕЗУЛЬТАТЫ ХОДА 16:
🎯 Попаданий нет

--- Результаты хода ---
  Попаданий нет

--- Состояние команд после хода ---
  Team A: живых 4/8
    ✓ Радиовышка A2      @ (8,2,1) hp=1/3
    ✓ Факел A4           @ (7,5,4) hp=6/6
    ✓ Бурав A6           @ (7,4,4) hp=4/4
    ✓ Паук A8            @ (7,3,7) hp=1/1
    ✗ Артиллерия A1      @ (7,3,2) [уничтожен]
    ✗ Прыгун A3          @ (7,2,6) [уничтожен]
    ✗ Тишина A5          @ (6,2,5) [уничтожен]
    ✗ Провокатор A7      @ (7,3,5) [уничтожен]
  Team B: живых 0/8
    ✗ Артиллерия B1      @ (1,2,3) [уничтожен]
    ✗ Радиовышка B2      @ (7,4,4) [уничтожен]
    ✗ Прыгун B3          @ (7,3,2) [уничтожен]
    ✗ Факел B4           @ (3,2,3) [уничтожен]
    ✗ Тишина B5          @ (7,3,2) [уничтожен]
    ✗ Бурав B6           @ (6,2,5) [уничтожен]
    ✗ Провокатор B7      @ (4,2,3) [уничтожен]
    ✗ Паук B8            @ (7,2,3) [уничтожен]
  Team C: живых 3/8
    ✓ Тишина C5          @ (8,3,1) hp=2/2
    ✓ Бурав C6           @ (4,2,3) hp=2/4
    ✓ Паук C8            @ (8,1,1) hp=1/1
    ✗ Артиллерия C1      @ (8,6,1) [уничтожен]
    ✗ Радиовышка C2      @ (7,5,1) [уничтожен]
    ✗ Прыгун C3          @ (7,3,2) [уничтожен]
    ✗ Факел C4           @ (7,7,1) [уничтожен]
    ✗ Провокатор C7      @ (8,8,1) [уничтожен]

======================================================================
ХОД 17
======================================================================
✓ 🎮 GM: начинаем ход
GM: start_turn

--- Радиовышки: сканирование слоя Z ---
  Радиовышка A2 (z=1): видит 2 врагов  → Паук C8(8,1,1), Тишина C5(8,3,1)

--- Решения ботов ---
  [Team A] Радиовышка A2 (8,2,1) → MOVE (8,3,1)
  [Team A] Бурав A6 (7,4,4) → MOVE (8,3,3)
  [Team A] Паук A8 (7,3,7) → MINE (6,2,6)
  [Team A] Факел A4 → SKIP
  [Team B] все корабли пропускают ход
  [Team C] Тишина C5 (8,3,1) → PHASE toggle
  [Team C] Бурав C6 (4,2,3) → MOVE (5,3,4)
  [Team C] Паук C8 (8,1,1) → MINE (8,2,1)
! 🎮 GM: принудительно завершает фазу планирования
GM: end_planning
# 
============================================================
# 🔄 ОБРАБОТКА ХОДА 17
# ============================================================
   🌀 Тишина C5: уходит в фазу на 1 ход
!    ⚠️ Паук A8: в клетке уже стоит мина
!    ⚠️ Паук C8: клетка (8,2,1) занята кораблём

📦 ПЕРЕМЕЩЕНИЯ:
   Радиовышка A2: (8, 2, 1) → (8,3,1)
!    ⚠️ Бурав A6: Бурав двигается только по 1 оси или по 2 осям строго диагонально
!    ⚠️ Бурав C6: Бурав двигается только по 1 оси или по 2 осям строго диагонально

🎯 ВЫСТРЕЛЫ:
   Выпущено ракет: 0
# 
📊 РЕЗУЛЬТАТЫ ХОДА 17:
🎯 Попаданий нет

--- Результаты хода ---
  Попаданий нет

--- Состояние команд после хода ---
  Team A: живых 4/8
    ✓ Радиовышка A2      @ (8,3,1) hp=1/3
    ✓ Факел A4           @ (7,5,4) hp=6/6
    ✓ Бурав A6           @ (7,4,4) hp=4/4
    ✓ Паук A8            @ (7,3,7) hp=1/1
    ✗ Артиллерия A1      @ (7,3,2) [уничтожен]
    ✗ Прыгун A3          @ (7,2,6) [уничтожен]
    ✗ Тишина A5          @ (6,2,5) [уничтожен]
    ✗ Провокатор A7      @ (7,3,5) [уничтожен]
  Team B: живых 0/8
    ✗ Артиллерия B1      @ (1,2,3) [уничтожен]
    ✗ Радиовышка B2      @ (7,4,4) [уничтожен]
    ✗ Прыгун B3          @ (7,3,2) [уничтожен]
    ✗ Факел B4           @ (3,2,3) [уничтожен]
    ✗ Тишина B5          @ (7,3,2) [уничтожен]
    ✗ Бурав B6           @ (6,2,5) [уничтожен]
    ✗ Провокатор B7      @ (4,2,3) [уничтожен]
    ✗ Паук B8            @ (7,2,3) [уничтожен]
  Team C: живых 3/8
    ✓ Тишина C5          @ (8,3,1) hp=2/2
    ✓ Бурав C6           @ (4,2,3) hp=2/4
    ✓ Паук C8            @ (8,1,1) hp=1/1
    ✗ Артиллерия C1      @ (8,6,1) [уничтожен]
    ✗ Радиовышка C2      @ (7,5,1) [уничтожен]
    ✗ Прыгун C3          @ (7,3,2) [уничтожен]
    ✗ Факел C4           @ (7,7,1) [уничтожен]
    ✗ Провокатор C7      @ (8,8,1) [уничтожен]

======================================================================
ХОД 18
======================================================================
✓ 🎮 GM: начинаем ход
GM: start_turn

--- Радиовышки: сканирование слоя Z ---
  Радиовышка A2 (z=1): видит 1 врагов  → Паук C8(8,1,1)

--- Решения ботов ---
  [Team A] Радиовышка A2 (8,3,1) → MOVE (8,2,1)
  [Team A] Бурав A6 (7,4,4) → MOVE (6,3,3)
  [Team A] Паук A8 (7,3,7) → MINE (6,2,6)
  [Team A] Факел A4 → SKIP
  [Team B] все корабли пропускают ход
  [Team C] Бурав C6 (4,2,3) → MOVE (5,3,4)
  [Team C] Паук C8 (8,1,1) → MINE (8,2,1)
  [Team C] Тишина C5 → SKIP
! 🎮 GM: принудительно завершает фазу планирования
GM: end_planning
# 
============================================================
# 🔄 ОБРАБОТКА ХОДА 18
# ============================================================
   🌀 Тишина C5: фаза спала (действовала 1 ход)
!    ⚠️ Паук A8: в клетке уже стоит мина
   💣 Паук C8 установил мину M10 в (8,2,1)

📦 ПЕРЕМЕЩЕНИЯ:
   Радиовышка A2: (8, 3, 1) → (8,2,1)
!    💥 Мина M10 сработала под Радиовышка A2 (урон 2) — КОРАБЛЬ УНИЧТОЖЕН
!    ⚠️ Бурав A6: Бурав двигается только по 1 оси или по 2 осям строго диагонально
!    ⚠️ Бурав C6: Бурав двигается только по 1 оси или по 2 осям строго диагонально

🎯 ВЫСТРЕЛЫ:
   Выпущено ракет: 0
# 
📊 РЕЗУЛЬТАТЫ ХОДА 18:
🎯 Попаданий нет

--- Результаты хода ---
  ? / ?                  → Team A / Радиовышка A2      @ (8,2,1)  (УБИТ)

--- Состояние команд после хода ---
  Team A: живых 3/8
    ✓ Факел A4           @ (7,5,4) hp=6/6
    ✓ Бурав A6           @ (7,4,4) hp=4/4
    ✓ Паук A8            @ (7,3,7) hp=1/1
    ✗ Артиллерия A1      @ (7,3,2) [уничтожен]
    ✗ Радиовышка A2      @ (8,2,1) [уничтожен]
    ✗ Прыгун A3          @ (7,2,6) [уничтожен]
    ✗ Тишина A5          @ (6,2,5) [уничтожен]
    ✗ Провокатор A7      @ (7,3,5) [уничтожен]
  Team B: живых 0/8
    ✗ Артиллерия B1      @ (1,2,3) [уничтожен]
    ✗ Радиовышка B2      @ (7,4,4) [уничтожен]
    ✗ Прыгун B3          @ (7,3,2) [уничтожен]
    ✗ Факел B4           @ (3,2,3) [уничтожен]
    ✗ Тишина B5          @ (7,3,2) [уничтожен]
    ✗ Бурав B6           @ (6,2,5) [уничтожен]
    ✗ Провокатор B7      @ (4,2,3) [уничтожен]
    ✗ Паук B8            @ (7,2,3) [уничтожен]
  Team C: живых 3/8
    ✓ Тишина C5          @ (8,3,1) hp=2/2
    ✓ Бурав C6           @ (4,2,3) hp=2/4
    ✓ Паук C8            @ (8,1,1) hp=1/1
    ✗ Артиллерия C1      @ (8,6,1) [уничтожен]
    ✗ Радиовышка C2      @ (7,5,1) [уничтожен]
    ✗ Прыгун C3          @ (7,3,2) [уничтожен]
    ✗ Факел C4           @ (7,7,1) [уничтожен]
    ✗ Провокатор C7      @ (8,8,1) [уничтожен]

======================================================================
ХОД 19
======================================================================
✓ 🎮 GM: начинаем ход
GM: start_turn

--- Радиовышки: сканирование слоя Z ---
  (у команд не осталось живых радиовышек)

--- Решения ботов ---
  [Team A] Факел A4 (7,5,4) → MOVE (7,4,5)
  [Team A] Бурав A6 (7,4,4) → MOVE (8,3,3)
  [Team A] Паук A8 (7,3,7) → MINE (6,2,6)
  [Team B] все корабли пропускают ход
  [Team C] Тишина C5 (8,3,1) → MOVE (7,4,2)
  [Team C] Бурав C6 (4,2,3) → MOVE (5,3,4)
  [Team C] Паук C8 (8,1,1) → MINE (7,2,2)
! 🎮 GM: принудительно завершает фазу планирования
GM: end_planning
# 
============================================================
# 🔄 ОБРАБОТКА ХОДА 19
# ============================================================
!    ⚠️ Паук A8: в клетке уже стоит мина
!    ⚠️ Паук C8: в клетке уже стоит мина

📦 ПЕРЕМЕЩЕНИЯ:
   Факел A4: (7, 5, 4) → (7,4,5)
!    ⚠️ Бурав A6: Бурав двигается только по 1 оси или по 2 осям строго диагонально
   Тишина C5: (8, 3, 1) → (7,4,2)
!    ⚠️ Бурав C6: Бурав двигается только по 1 оси или по 2 осям строго диагонально

🎯 ВЫСТРЕЛЫ:
   Выпущено ракет: 0
# 
📊 РЕЗУЛЬТАТЫ ХОДА 19:
🎯 Попаданий нет

--- Результаты хода ---
  Попаданий нет

--- Состояние команд после хода ---
  Team A: живых 3/8
    ✓ Факел A4           @ (7,4,5) hp=6/6
    ✓ Бурав A6           @ (7,4,4) hp=4/4
    ✓ Паук A8            @ (7,3,7) hp=1/1
    ✗ Артиллерия A1      @ (7,3,2) [уничтожен]
    ✗ Радиовышка A2      @ (8,2,1) [уничтожен]
    ✗ Прыгун A3          @ (7,2,6) [уничтожен]
    ✗ Тишина A5          @ (6,2,5) [уничтожен]
    ✗ Провокатор A7      @ (7,3,5) [уничтожен]
  Team B: живых 0/8
    ✗ Артиллерия B1      @ (1,2,3) [уничтожен]
    ✗ Радиовышка B2      @ (7,4,4) [уничтожен]
    ✗ Прыгун B3          @ (7,3,2) [уничтожен]
    ✗ Факел B4           @ (3,2,3) [уничтожен]
    ✗ Тишина B5          @ (7,3,2) [уничтожен]
    ✗ Бурав B6           @ (6,2,5) [уничтожен]
    ✗ Провокатор B7      @ (4,2,3) [уничтожен]
    ✗ Паук B8            @ (7,2,3) [уничтожен]
  Team C: живых 3/8
    ✓ Тишина C5          @ (7,4,2) hp=2/2
    ✓ Бурав C6           @ (4,2,3) hp=2/4
    ✓ Паук C8            @ (8,1,1) hp=1/1
    ✗ Артиллерия C1      @ (8,6,1) [уничтожен]
    ✗ Радиовышка C2      @ (7,5,1) [уничтожен]
    ✗ Прыгун C3          @ (7,3,2) [уничтожен]
    ✗ Факел C4           @ (7,7,1) [уничтожен]
    ✗ Провокатор C7      @ (8,8,1) [уничтожен]

======================================================================
ХОД 20
======================================================================
✓ 🎮 GM: начинаем ход
GM: start_turn

--- Радиовышки: сканирование слоя Z ---
  (у команд не осталось живых радиовышек)

--- Решения ботов ---
  [Team A] Факел A4 (7,4,5) → SHOOT at (7,4,2)
  [Team A] Бурав A6 (7,4,4) → MOVE (7,4,2)
  [Team A] Паук A8 (7,3,7) → MINE (6,2,6)
  [Team B] все корабли пропускают ход
  [Team C] Тишина C5 (7,4,2) → MOVE (7,4,3)
  [Team C] Бурав C6 (4,2,3) → MOVE (5,3,4)
  [Team C] Паук C8 (8,1,1) → MINE (7,2,2)
! 🎮 GM: принудительно завершает фазу планирования
GM: end_planning
# 
============================================================
# 🔄 ОБРАБОТКА ХОДА 20
# ============================================================
!    ⚠️ Паук A8: в клетке уже стоит мина
!    ⚠️ Паук C8: в клетке уже стоит мина

📦 ПЕРЕМЕЩЕНИЯ:
✓    💥 Бурав A6 тараном уничтожил Тишина C5 в (7,4,2)
   Бурав A6: (7, 4, 4) → (7,4,2)
!    ⚠️ Бурав C6: Бурав двигается только по 1 оси или по 2 осям строго диагонально

🎯 ВЫСТРЕЛЫ:
!    🛡️ Выстрел Факел A4 заблокирован союзником Бурав A6 в (7, 4, 2)
   Выпущено ракет: 1
# 
📊 РЕЗУЛЬТАТЫ ХОДА 20:
🎯 Попаданий нет

--- Результаты хода ---
  Team A / Бурав A6           → Team C / Тишина C5          @ (7,4,2)  (УБИТ)

--- Состояние команд после хода ---
  Team A: живых 3/8
    ✓ Факел A4           @ (7,4,5) hp=6/6
    ✓ Бурав A6           @ (7,4,2) hp=4/4
    ✓ Паук A8            @ (7,3,7) hp=1/1
    ✗ Артиллерия A1      @ (7,3,2) [уничтожен]
    ✗ Радиовышка A2      @ (8,2,1) [уничтожен]
    ✗ Прыгун A3          @ (7,2,6) [уничтожен]
    ✗ Тишина A5          @ (6,2,5) [уничтожен]
    ✗ Провокатор A7      @ (7,3,5) [уничтожен]
  Team B: живых 0/8
    ✗ Артиллерия B1      @ (1,2,3) [уничтожен]
    ✗ Радиовышка B2      @ (7,4,4) [уничтожен]
    ✗ Прыгун B3          @ (7,3,2) [уничтожен]
    ✗ Факел B4           @ (3,2,3) [уничтожен]
    ✗ Тишина B5          @ (7,3,2) [уничтожен]
    ✗ Бурав B6           @ (6,2,5) [уничтожен]
    ✗ Провокатор B7      @ (4,2,3) [уничтожен]
    ✗ Паук B8            @ (7,2,3) [уничтожен]
  Team C: живых 2/8
    ✓ Бурав C6           @ (4,2,3) hp=2/4
    ✓ Паук C8            @ (8,1,1) hp=1/1
    ✗ Артиллерия C1      @ (8,6,1) [уничтожен]
    ✗ Радиовышка C2      @ (7,5,1) [уничтожен]
    ✗ Прыгун C3          @ (7,3,2) [уничтожен]
    ✗ Факел C4           @ (7,7,1) [уничтожен]
    ✗ Тишина C5          @ (7,4,2) [уничтожен]
    ✗ Провокатор C7      @ (8,8,1) [уничтожен]

======================================================================
ХОД 21
======================================================================
✓ 🎮 GM: начинаем ход
GM: start_turn

--- Радиовышки: сканирование слоя Z ---
  (у команд не осталось живых радиовышек)

--- Решения ботов ---
  [Team A] Факел A4 (7,4,5) → MOVE (7,3,4)
  [Team A] Бурав A6 (7,4,2) → MOVE (6,3,3)
  [Team A] Паук A8 (7,3,7) → MINE (6,2,6)
  [Team B] все корабли пропускают ход
  [Team C] Бурав C6 (4,2,3) → MOVE (5,3,4)
  [Team C] Паук C8 (8,1,1) → MINE (7,2,2)
! 🎮 GM: принудительно завершает фазу планирования
GM: end_planning
# 
============================================================
# 🔄 ОБРАБОТКА ХОДА 21
# ============================================================
!    ⚠️ Паук A8: в клетке уже стоит мина
!    ⚠️ Паук C8: в клетке уже стоит мина

📦 ПЕРЕМЕЩЕНИЯ:
   Факел A4: (7, 4, 5) → (7,3,4)
!    ⚠️ Бурав A6: Бурав двигается только по 1 оси или по 2 осям строго диагонально
!    ⚠️ Бурав C6: Бурав двигается только по 1 оси или по 2 осям строго диагонально

🎯 ВЫСТРЕЛЫ:
   Выпущено ракет: 0
# 
📊 РЕЗУЛЬТАТЫ ХОДА 21:
🎯 Попаданий нет

--- Результаты хода ---
  Попаданий нет

--- Состояние команд после хода ---
  Team A: живых 3/8
    ✓ Факел A4           @ (7,3,4) hp=6/6
    ✓ Бурав A6           @ (7,4,2) hp=4/4
    ✓ Паук A8            @ (7,3,7) hp=1/1
    ✗ Артиллерия A1      @ (7,3,2) [уничтожен]
    ✗ Радиовышка A2      @ (8,2,1) [уничтожен]
    ✗ Прыгун A3          @ (7,2,6) [уничтожен]
    ✗ Тишина A5          @ (6,2,5) [уничтожен]
    ✗ Провокатор A7      @ (7,3,5) [уничтожен]
  Team B: живых 0/8
    ✗ Артиллерия B1      @ (1,2,3) [уничтожен]
    ✗ Радиовышка B2      @ (7,4,4) [уничтожен]
    ✗ Прыгун B3          @ (7,3,2) [уничтожен]
    ✗ Факел B4           @ (3,2,3) [уничтожен]
    ✗ Тишина B5          @ (7,3,2) [уничтожен]
    ✗ Бурав B6           @ (6,2,5) [уничтожен]
    ✗ Провокатор B7      @ (4,2,3) [уничтожен]
    ✗ Паук B8            @ (7,2,3) [уничтожен]
  Team C: живых 2/8
    ✓ Бурав C6           @ (4,2,3) hp=2/4
    ✓ Паук C8            @ (8,1,1) hp=1/1
    ✗ Артиллерия C1      @ (8,6,1) [уничтожен]
    ✗ Радиовышка C2      @ (7,5,1) [уничтожен]
    ✗ Прыгун C3          @ (7,3,2) [уничтожен]
    ✗ Факел C4           @ (7,7,1) [уничтожен]
    ✗ Тишина C5          @ (7,4,2) [уничтожен]
    ✗ Провокатор C7      @ (8,8,1) [уничтожен]

======================================================================
ХОД 22
======================================================================
✓ 🎮 GM: начинаем ход
GM: start_turn

--- Радиовышки: сканирование слоя Z ---
  (у команд не осталось живых радиовышек)

--- Решения ботов ---
  [Team A] Бурав A6 (7,4,2) → MOVE (6,3,3)
  [Team A] Паук A8 (7,3,7) → MINE (6,2,6)
  [Team A] Факел A4 → SKIP
  [Team B] все корабли пропускают ход
  [Team C] Бурав C6 (4,2,3) → MOVE (5,3,4)
  [Team C] Паук C8 (8,1,1) → MINE (7,2,2)
! 🎮 GM: принудительно завершает фазу планирования
GM: end_planning
# 
============================================================
# 🔄 ОБРАБОТКА ХОДА 22
# ============================================================
!    ⚠️ Паук A8: в клетке уже стоит мина
!    ⚠️ Паук C8: в клетке уже стоит мина

📦 ПЕРЕМЕЩЕНИЯ:
!    ⚠️ Бурав A6: Бурав двигается только по 1 оси или по 2 осям строго диагонально
!    ⚠️ Бурав C6: Бурав двигается только по 1 оси или по 2 осям строго диагонально

🎯 ВЫСТРЕЛЫ:
   Выпущено ракет: 0
# 
📊 РЕЗУЛЬТАТЫ ХОДА 22:
🎯 Попаданий нет

--- Результаты хода ---
  Попаданий нет

--- Состояние команд после хода ---
  Team A: живых 3/8
    ✓ Факел A4           @ (7,3,4) hp=6/6
    ✓ Бурав A6           @ (7,4,2) hp=4/4
    ✓ Паук A8            @ (7,3,7) hp=1/1
    ✗ Артиллерия A1      @ (7,3,2) [уничтожен]
    ✗ Радиовышка A2      @ (8,2,1) [уничтожен]
    ✗ Прыгун A3          @ (7,2,6) [уничтожен]
    ✗ Тишина A5          @ (6,2,5) [уничтожен]
    ✗ Провокатор A7      @ (7,3,5) [уничтожен]
  Team B: живых 0/8
    ✗ Артиллерия B1      @ (1,2,3) [уничтожен]
    ✗ Радиовышка B2      @ (7,4,4) [уничтожен]
    ✗ Прыгун B3          @ (7,3,2) [уничтожен]
    ✗ Факел B4           @ (3,2,3) [уничтожен]
    ✗ Тишина B5          @ (7,3,2) [уничтожен]
    ✗ Бурав B6           @ (6,2,5) [уничтожен]
    ✗ Провокатор B7      @ (4,2,3) [уничтожен]
    ✗ Паук B8            @ (7,2,3) [уничтожен]
  Team C: живых 2/8
    ✓ Бурав C6           @ (4,2,3) hp=2/4
    ✓ Паук C8            @ (8,1,1) hp=1/1
    ✗ Артиллерия C1      @ (8,6,1) [уничтожен]
    ✗ Радиовышка C2      @ (7,5,1) [уничтожен]
    ✗ Прыгун C3          @ (7,3,2) [уничтожен]
    ✗ Факел C4           @ (7,7,1) [уничтожен]
    ✗ Тишина C5          @ (7,4,2) [уничтожен]
    ✗ Провокатор C7      @ (8,8,1) [уничтожен]

======================================================================
ХОД 23
======================================================================
✓ 🎮 GM: начинаем ход
GM: start_turn

--- Радиовышки: сканирование слоя Z ---
  (у команд не осталось живых радиовышек)

--- Решения ботов ---
  [Team A] Бурав A6 (7,4,2) → MOVE (6,3,3)
  [Team A] Паук A8 (7,3,7) → MINE (6,2,6)
  [Team A] Факел A4 → SKIP
  [Team B] все корабли пропускают ход
  [Team C] Бурав C6 (4,2,3) → MOVE (5,3,4)
  [Team C] Паук C8 (8,1,1) → MINE (7,2,2)
! 🎮 GM: принудительно завершает фазу планирования
GM: end_planning
# 
============================================================
# 🔄 ОБРАБОТКА ХОДА 23
# ============================================================
!    ⚠️ Паук A8: в клетке уже стоит мина
!    ⚠️ Паук C8: в клетке уже стоит мина

📦 ПЕРЕМЕЩЕНИЯ:
!    ⚠️ Бурав A6: Бурав двигается только по 1 оси или по 2 осям строго диагонально
!    ⚠️ Бурав C6: Бурав двигается только по 1 оси или по 2 осям строго диагонально

🎯 ВЫСТРЕЛЫ:
   Выпущено ракет: 0
# 
📊 РЕЗУЛЬТАТЫ ХОДА 23:
🎯 Попаданий нет

--- Результаты хода ---
  Попаданий нет

--- Состояние команд после хода ---
  Team A: живых 3/8
    ✓ Факел A4           @ (7,3,4) hp=6/6
    ✓ Бурав A6           @ (7,4,2) hp=4/4
    ✓ Паук A8            @ (7,3,7) hp=1/1
    ✗ Артиллерия A1      @ (7,3,2) [уничтожен]
    ✗ Радиовышка A2      @ (8,2,1) [уничтожен]
    ✗ Прыгун A3          @ (7,2,6) [уничтожен]
    ✗ Тишина A5          @ (6,2,5) [уничтожен]
    ✗ Провокатор A7      @ (7,3,5) [уничтожен]
  Team B: живых 0/8
    ✗ Артиллерия B1      @ (1,2,3) [уничтожен]
    ✗ Радиовышка B2      @ (7,4,4) [уничтожен]
    ✗ Прыгун B3          @ (7,3,2) [уничтожен]
    ✗ Факел B4           @ (3,2,3) [уничтожен]
    ✗ Тишина B5          @ (7,3,2) [уничтожен]
    ✗ Бурав B6           @ (6,2,5) [уничтожен]
    ✗ Провокатор B7      @ (4,2,3) [уничтожен]
    ✗ Паук B8            @ (7,2,3) [уничтожен]
  Team C: живых 2/8
    ✓ Бурав C6           @ (4,2,3) hp=2/4
    ✓ Паук C8            @ (8,1,1) hp=1/1
    ✗ Артиллерия C1      @ (8,6,1) [уничтожен]
    ✗ Радиовышка C2      @ (7,5,1) [уничтожен]
    ✗ Прыгун C3          @ (7,3,2) [уничтожен]
    ✗ Факел C4           @ (7,7,1) [уничтожен]
    ✗ Тишина C5          @ (7,4,2) [уничтожен]
    ✗ Провокатор C7      @ (8,8,1) [уничтожен]

======================================================================
ХОД 24
======================================================================
✓ 🎮 GM: начинаем ход
GM: start_turn

--- Радиовышки: сканирование слоя Z ---
  (у команд не осталось живых радиовышек)

--- Решения ботов ---
  [Team A] Бурав A6 (7,4,2) → MOVE (6,3,3)
  [Team A] Паук A8 (7,3,7) → MINE (6,2,6)
  [Team A] Факел A4 → SKIP
  [Team B] все корабли пропускают ход
  [Team C] Бурав C6 (4,2,3) → MOVE (5,3,4)
  [Team C] Паук C8 (8,1,1) → MINE (7,2,2)
! 🎮 GM: принудительно завершает фазу планирования
GM: end_planning
# 
============================================================
# 🔄 ОБРАБОТКА ХОДА 24
# ============================================================
!    ⚠️ Паук A8: в клетке уже стоит мина
!    ⚠️ Паук C8: в клетке уже стоит мина

📦 ПЕРЕМЕЩЕНИЯ:
!    ⚠️ Бурав A6: Бурав двигается только по 1 оси или по 2 осям строго диагонально
!    ⚠️ Бурав C6: Бурав двигается только по 1 оси или по 2 осям строго диагонально

🎯 ВЫСТРЕЛЫ:
   Выпущено ракет: 0
# 
📊 РЕЗУЛЬТАТЫ ХОДА 24:
🎯 Попаданий нет

--- Результаты хода ---
  Попаданий нет

--- Состояние команд после хода ---
  Team A: живых 3/8
    ✓ Факел A4           @ (7,3,4) hp=6/6
    ✓ Бурав A6           @ (7,4,2) hp=4/4
    ✓ Паук A8            @ (7,3,7) hp=1/1
    ✗ Артиллерия A1      @ (7,3,2) [уничтожен]
    ✗ Радиовышка A2      @ (8,2,1) [уничтожен]
    ✗ Прыгун A3          @ (7,2,6) [уничтожен]
    ✗ Тишина A5          @ (6,2,5) [уничтожен]
    ✗ Провокатор A7      @ (7,3,5) [уничтожен]
  Team B: живых 0/8
    ✗ Артиллерия B1      @ (1,2,3) [уничтожен]
    ✗ Радиовышка B2      @ (7,4,4) [уничтожен]
    ✗ Прыгун B3          @ (7,3,2) [уничтожен]
    ✗ Факел B4           @ (3,2,3) [уничтожен]
    ✗ Тишина B5          @ (7,3,2) [уничтожен]
    ✗ Бурав B6           @ (6,2,5) [уничтожен]
    ✗ Провокатор B7      @ (4,2,3) [уничтожен]
    ✗ Паук B8            @ (7,2,3) [уничтожен]
  Team C: живых 2/8
    ✓ Бурав C6           @ (4,2,3) hp=2/4
    ✓ Паук C8            @ (8,1,1) hp=1/1
    ✗ Артиллерия C1      @ (8,6,1) [уничтожен]
    ✗ Радиовышка C2      @ (7,5,1) [уничтожен]
    ✗ Прыгун C3          @ (7,3,2) [уничтожен]
    ✗ Факел C4           @ (7,7,1) [уничтожен]
    ✗ Тишина C5          @ (7,4,2) [уничтожен]
    ✗ Провокатор C7      @ (8,8,1) [уничтожен]

======================================================================
ХОД 25
======================================================================
✓ 🎮 GM: начинаем ход
GM: start_turn

--- Радиовышки: сканирование слоя Z ---
  (у команд не осталось живых радиовышек)

--- Решения ботов ---
  [Team A] Бурав A6 (7,4,2) → MOVE (6,3,3)
  [Team A] Паук A8 (7,3,7) → MINE (6,2,6)
  [Team A] Факел A4 → SKIP
  [Team B] все корабли пропускают ход
  [Team C] Бурав C6 (4,2,3) → MOVE (5,3,4)
  [Team C] Паук C8 (8,1,1) → MINE (7,2,2)
! 🎮 GM: принудительно завершает фазу планирования
GM: end_planning
# 
============================================================
# 🔄 ОБРАБОТКА ХОДА 25
# ============================================================
!    ⚠️ Паук A8: в клетке уже стоит мина
!    ⚠️ Паук C8: в клетке уже стоит мина

📦 ПЕРЕМЕЩЕНИЯ:
!    ⚠️ Бурав A6: Бурав двигается только по 1 оси или по 2 осям строго диагонально
!    ⚠️ Бурав C6: Бурав двигается только по 1 оси или по 2 осям строго диагонально

🎯 ВЫСТРЕЛЫ:
   Выпущено ракет: 0
# 
📊 РЕЗУЛЬТАТЫ ХОДА 25:
🎯 Попаданий нет

--- Результаты хода ---
  Попаданий нет

--- Состояние команд после хода ---
  Team A: живых 3/8
    ✓ Факел A4           @ (7,3,4) hp=6/6
    ✓ Бурав A6           @ (7,4,2) hp=4/4
    ✓ Паук A8            @ (7,3,7) hp=1/1
    ✗ Артиллерия A1      @ (7,3,2) [уничтожен]
    ✗ Радиовышка A2      @ (8,2,1) [уничтожен]
    ✗ Прыгун A3          @ (7,2,6) [уничтожен]
    ✗ Тишина A5          @ (6,2,5) [уничтожен]
    ✗ Провокатор A7      @ (7,3,5) [уничтожен]
  Team B: живых 0/8
    ✗ Артиллерия B1      @ (1,2,3) [уничтожен]
    ✗ Радиовышка B2      @ (7,4,4) [уничтожен]
    ✗ Прыгун B3          @ (7,3,2) [уничтожен]
    ✗ Факел B4           @ (3,2,3) [уничтожен]
    ✗ Тишина B5          @ (7,3,2) [уничтожен]
    ✗ Бурав B6           @ (6,2,5) [уничтожен]
    ✗ Провокатор B7      @ (4,2,3) [уничтожен]
    ✗ Паук B8            @ (7,2,3) [уничтожен]
  Team C: живых 2/8
    ✓ Бурав C6           @ (4,2,3) hp=2/4
    ✓ Паук C8            @ (8,1,1) hp=1/1
    ✗ Артиллерия C1      @ (8,6,1) [уничтожен]
    ✗ Радиовышка C2      @ (7,5,1) [уничтожен]
    ✗ Прыгун C3          @ (7,3,2) [уничтожен]
    ✗ Факел C4           @ (7,7,1) [уничтожен]
    ✗ Тишина C5          @ (7,4,2) [уничтожен]
    ✗ Провокатор C7      @ (8,8,1) [уничтожен]

======================================================================
ХОД 26
======================================================================
✓ 🎮 GM: начинаем ход
GM: start_turn

--- Радиовышки: сканирование слоя Z ---
  (у команд не осталось живых радиовышек)

--- Решения ботов ---
  [Team A] Бурав A6 (7,4,2) → MOVE (6,3,3)
  [Team A] Паук A8 (7,3,7) → MINE (6,2,6)
  [Team A] Факел A4 → SKIP
  [Team B] все корабли пропускают ход
  [Team C] Бурав C6 (4,2,3) → MOVE (5,3,4)
  [Team C] Паук C8 (8,1,1) → MINE (7,2,2)
! 🎮 GM: принудительно завершает фазу планирования
GM: end_planning
# 
============================================================
# 🔄 ОБРАБОТКА ХОДА 26
# ============================================================
!    ⚠️ Паук A8: в клетке уже стоит мина
!    ⚠️ Паук C8: в клетке уже стоит мина

📦 ПЕРЕМЕЩЕНИЯ:
!    ⚠️ Бурав A6: Бурав двигается только по 1 оси или по 2 осям строго диагонально
!    ⚠️ Бурав C6: Бурав двигается только по 1 оси или по 2 осям строго диагонально

🎯 ВЫСТРЕЛЫ:
   Выпущено ракет: 0
# 
📊 РЕЗУЛЬТАТЫ ХОДА 26:
🎯 Попаданий нет

--- Результаты хода ---
  Попаданий нет

--- Состояние команд после хода ---
  Team A: живых 3/8
    ✓ Факел A4           @ (7,3,4) hp=6/6
    ✓ Бурав A6           @ (7,4,2) hp=4/4
    ✓ Паук A8            @ (7,3,7) hp=1/1
    ✗ Артиллерия A1      @ (7,3,2) [уничтожен]
    ✗ Радиовышка A2      @ (8,2,1) [уничтожен]
    ✗ Прыгун A3          @ (7,2,6) [уничтожен]
    ✗ Тишина A5          @ (6,2,5) [уничтожен]
    ✗ Провокатор A7      @ (7,3,5) [уничтожен]
  Team B: живых 0/8
    ✗ Артиллерия B1      @ (1,2,3) [уничтожен]
    ✗ Радиовышка B2      @ (7,4,4) [уничтожен]
    ✗ Прыгун B3          @ (7,3,2) [уничтожен]
    ✗ Факел B4           @ (3,2,3) [уничтожен]
    ✗ Тишина B5          @ (7,3,2) [уничтожен]
    ✗ Бурав B6           @ (6,2,5) [уничтожен]
    ✗ Провокатор B7      @ (4,2,3) [уничтожен]
    ✗ Паук B8            @ (7,2,3) [уничтожен]
  Team C: живых 2/8
    ✓ Бурав C6           @ (4,2,3) hp=2/4
    ✓ Паук C8            @ (8,1,1) hp=1/1
    ✗ Артиллерия C1      @ (8,6,1) [уничтожен]
    ✗ Радиовышка C2      @ (7,5,1) [уничтожен]
    ✗ Прыгун C3          @ (7,3,2) [уничтожен]
    ✗ Факел C4           @ (7,7,1) [уничтожен]
    ✗ Тишина C5          @ (7,4,2) [уничтожен]
    ✗ Провокатор C7      @ (8,8,1) [уничтожен]

======================================================================
ХОД 27
======================================================================
✓ 🎮 GM: начинаем ход
GM: start_turn

--- Радиовышки: сканирование слоя Z ---
  (у команд не осталось живых радиовышек)

--- Решения ботов ---
  [Team A] Бурав A6 (7,4,2) → MOVE (6,3,3)
  [Team A] Паук A8 (7,3,7) → MINE (6,2,6)
  [Team A] Факел A4 → SKIP
  [Team B] все корабли пропускают ход
  [Team C] Бурав C6 (4,2,3) → MOVE (5,3,4)
  [Team C] Паук C8 (8,1,1) → MINE (7,2,2)
! 🎮 GM: принудительно завершает фазу планирования
GM: end_planning
# 
============================================================
# 🔄 ОБРАБОТКА ХОДА 27
# ============================================================
!    ⚠️ Паук A8: в клетке уже стоит мина
!    ⚠️ Паук C8: в клетке уже стоит мина

📦 ПЕРЕМЕЩЕНИЯ:
!    ⚠️ Бурав A6: Бурав двигается только по 1 оси или по 2 осям строго диагонально
!    ⚠️ Бурав C6: Бурав двигается только по 1 оси или по 2 осям строго диагонально

🎯 ВЫСТРЕЛЫ:
   Выпущено ракет: 0
# 
📊 РЕЗУЛЬТАТЫ ХОДА 27:
🎯 Попаданий нет

--- Результаты хода ---
  Попаданий нет

--- Состояние команд после хода ---
  Team A: живых 3/8
    ✓ Факел A4           @ (7,3,4) hp=6/6
    ✓ Бурав A6           @ (7,4,2) hp=4/4
    ✓ Паук A8            @ (7,3,7) hp=1/1
    ✗ Артиллерия A1      @ (7,3,2) [уничтожен]
    ✗ Радиовышка A2      @ (8,2,1) [уничтожен]
    ✗ Прыгун A3          @ (7,2,6) [уничтожен]
    ✗ Тишина A5          @ (6,2,5) [уничтожен]
    ✗ Провокатор A7      @ (7,3,5) [уничтожен]
  Team B: живых 0/8
    ✗ Артиллерия B1      @ (1,2,3) [уничтожен]
    ✗ Радиовышка B2      @ (7,4,4) [уничтожен]
    ✗ Прыгун B3          @ (7,3,2) [уничтожен]
    ✗ Факел B4           @ (3,2,3) [уничтожен]
    ✗ Тишина B5          @ (7,3,2) [уничтожен]
    ✗ Бурав B6           @ (6,2,5) [уничтожен]
    ✗ Провокатор B7      @ (4,2,3) [уничтожен]
    ✗ Паук B8            @ (7,2,3) [уничтожен]
  Team C: живых 2/8
    ✓ Бурав C6           @ (4,2,3) hp=2/4
    ✓ Паук C8            @ (8,1,1) hp=1/1
    ✗ Артиллерия C1      @ (8,6,1) [уничтожен]
    ✗ Радиовышка C2      @ (7,5,1) [уничтожен]
    ✗ Прыгун C3          @ (7,3,2) [уничтожен]
    ✗ Факел C4           @ (7,7,1) [уничтожен]
    ✗ Тишина C5          @ (7,4,2) [уничтожен]
    ✗ Провокатор C7      @ (8,8,1) [уничтожен]

======================================================================
ХОД 28
======================================================================
✓ 🎮 GM: начинаем ход
GM: start_turn

--- Радиовышки: сканирование слоя Z ---
  (у команд не осталось живых радиовышек)

--- Решения ботов ---
  [Team A] Бурав A6 (7,4,2) → MOVE (6,3,3)
  [Team A] Паук A8 (7,3,7) → MINE (6,2,6)
  [Team A] Факел A4 → SKIP
  [Team B] все корабли пропускают ход
  [Team C] Бурав C6 (4,2,3) → MOVE (5,3,4)
  [Team C] Паук C8 (8,1,1) → MINE (7,2,2)
! 🎮 GM: принудительно завершает фазу планирования
GM: end_planning
# 
============================================================
# 🔄 ОБРАБОТКА ХОДА 28
# ============================================================
!    ⚠️ Паук A8: в клетке уже стоит мина
!    ⚠️ Паук C8: в клетке уже стоит мина

📦 ПЕРЕМЕЩЕНИЯ:
!    ⚠️ Бурав A6: Бурав двигается только по 1 оси или по 2 осям строго диагонально
!    ⚠️ Бурав C6: Бурав двигается только по 1 оси или по 2 осям строго диагонально

🎯 ВЫСТРЕЛЫ:
   Выпущено ракет: 0
# 
📊 РЕЗУЛЬТАТЫ ХОДА 28:
🎯 Попаданий нет

--- Результаты хода ---
  Попаданий нет

--- Состояние команд после хода ---
  Team A: живых 3/8
    ✓ Факел A4           @ (7,3,4) hp=6/6
    ✓ Бурав A6           @ (7,4,2) hp=4/4
    ✓ Паук A8            @ (7,3,7) hp=1/1
    ✗ Артиллерия A1      @ (7,3,2) [уничтожен]
    ✗ Радиовышка A2      @ (8,2,1) [уничтожен]
    ✗ Прыгун A3          @ (7,2,6) [уничтожен]
    ✗ Тишина A5          @ (6,2,5) [уничтожен]
    ✗ Провокатор A7      @ (7,3,5) [уничтожен]
  Team B: живых 0/8
    ✗ Артиллерия B1      @ (1,2,3) [уничтожен]
    ✗ Радиовышка B2      @ (7,4,4) [уничтожен]
    ✗ Прыгун B3          @ (7,3,2) [уничтожен]
    ✗ Факел B4           @ (3,2,3) [уничтожен]
    ✗ Тишина B5          @ (7,3,2) [уничтожен]
    ✗ Бурав B6           @ (6,2,5) [уничтожен]
    ✗ Провокатор B7      @ (4,2,3) [уничтожен]
    ✗ Паук B8            @ (7,2,3) [уничтожен]
  Team C: живых 2/8
    ✓ Бурав C6           @ (4,2,3) hp=2/4
    ✓ Паук C8            @ (8,1,1) hp=1/1
    ✗ Артиллерия C1      @ (8,6,1) [уничтожен]
    ✗ Радиовышка C2      @ (7,5,1) [уничтожен]
    ✗ Прыгун C3          @ (7,3,2) [уничтожен]
    ✗ Факел C4           @ (7,7,1) [уничтожен]
    ✗ Тишина C5          @ (7,4,2) [уничтожен]
    ✗ Провокатор C7      @ (8,8,1) [уничтожен]

======================================================================
ХОД 29
======================================================================
✓ 🎮 GM: начинаем ход
GM: start_turn

--- Радиовышки: сканирование слоя Z ---
  (у команд не осталось живых радиовышек)

--- Решения ботов ---
  [Team A] Бурав A6 (7,4,2) → MOVE (6,3,3)
  [Team A] Паук A8 (7,3,7) → MINE (6,2,6)
  [Team A] Факел A4 → SKIP
  [Team B] все корабли пропускают ход
  [Team C] Бурав C6 (4,2,3) → MOVE (5,3,4)
  [Team C] Паук C8 (8,1,1) → MINE (7,2,2)
! 🎮 GM: принудительно завершает фазу планирования
GM: end_planning
# 
============================================================
# 🔄 ОБРАБОТКА ХОДА 29
# ============================================================
!    ⚠️ Паук A8: в клетке уже стоит мина
!    ⚠️ Паук C8: в клетке уже стоит мина

📦 ПЕРЕМЕЩЕНИЯ:
!    ⚠️ Бурав A6: Бурав двигается только по 1 оси или по 2 осям строго диагонально
!    ⚠️ Бурав C6: Бурав двигается только по 1 оси или по 2 осям строго диагонально

🎯 ВЫСТРЕЛЫ:
   Выпущено ракет: 0
# 
📊 РЕЗУЛЬТАТЫ ХОДА 29:
🎯 Попаданий нет

--- Результаты хода ---
  Попаданий нет

--- Состояние команд после хода ---
  Team A: живых 3/8
    ✓ Факел A4           @ (7,3,4) hp=6/6
    ✓ Бурав A6           @ (7,4,2) hp=4/4
    ✓ Паук A8            @ (7,3,7) hp=1/1
    ✗ Артиллерия A1      @ (7,3,2) [уничтожен]
    ✗ Радиовышка A2      @ (8,2,1) [уничтожен]
    ✗ Прыгун A3          @ (7,2,6) [уничтожен]
    ✗ Тишина A5          @ (6,2,5) [уничтожен]
    ✗ Провокатор A7      @ (7,3,5) [уничтожен]
  Team B: живых 0/8
    ✗ Артиллерия B1      @ (1,2,3) [уничтожен]
    ✗ Радиовышка B2      @ (7,4,4) [уничтожен]
    ✗ Прыгун B3          @ (7,3,2) [уничтожен]
    ✗ Факел B4           @ (3,2,3) [уничтожен]
    ✗ Тишина B5          @ (7,3,2) [уничтожен]
    ✗ Бурав B6           @ (6,2,5) [уничтожен]
    ✗ Провокатор B7      @ (4,2,3) [уничтожен]
    ✗ Паук B8            @ (7,2,3) [уничтожен]
  Team C: живых 2/8
    ✓ Бурав C6           @ (4,2,3) hp=2/4
    ✓ Паук C8            @ (8,1,1) hp=1/1
    ✗ Артиллерия C1      @ (8,6,1) [уничтожен]
    ✗ Радиовышка C2      @ (7,5,1) [уничтожен]
    ✗ Прыгун C3          @ (7,3,2) [уничтожен]
    ✗ Факел C4           @ (7,7,1) [уничтожен]
    ✗ Тишина C5          @ (7,4,2) [уничтожен]
    ✗ Провокатор C7      @ (8,8,1) [уничтожен]

======================================================================
ХОД 30
======================================================================
✓ 🎮 GM: начинаем ход
GM: start_turn

--- Радиовышки: сканирование слоя Z ---
  (у команд не осталось живых радиовышек)

--- Решения ботов ---
  [Team A] Бурав A6 (7,4,2) → MOVE (6,3,3)
  [Team A] Паук A8 (7,3,7) → MINE (6,2,6)
  [Team A] Факел A4 → SKIP
  [Team B] все корабли пропускают ход
  [Team C] Бурав C6 (4,2,3) → MOVE (5,3,4)
  [Team C] Паук C8 (8,1,1) → MINE (7,2,2)
! 🎮 GM: принудительно завершает фазу планирования
GM: end_planning
# 
============================================================
# 🔄 ОБРАБОТКА ХОДА 30
# ============================================================
!    ⚠️ Паук A8: в клетке уже стоит мина
!    ⚠️ Паук C8: в клетке уже стоит мина

📦 ПЕРЕМЕЩЕНИЯ:
!    ⚠️ Бурав A6: Бурав двигается только по 1 оси или по 2 осям строго диагонально
!    ⚠️ Бурав C6: Бурав двигается только по 1 оси или по 2 осям строго диагонально

🎯 ВЫСТРЕЛЫ:
   Выпущено ракет: 0
# 
📊 РЕЗУЛЬТАТЫ ХОДА 30:
🎯 Попаданий нет

--- Результаты хода ---
  Попаданий нет

--- Состояние команд после хода ---
  Team A: живых 3/8
    ✓ Факел A4           @ (7,3,4) hp=6/6
    ✓ Бурав A6           @ (7,4,2) hp=4/4
    ✓ Паук A8            @ (7,3,7) hp=1/1
    ✗ Артиллерия A1      @ (7,3,2) [уничтожен]
    ✗ Радиовышка A2      @ (8,2,1) [уничтожен]
    ✗ Прыгун A3          @ (7,2,6) [уничтожен]
    ✗ Тишина A5          @ (6,2,5) [уничтожен]
    ✗ Провокатор A7      @ (7,3,5) [уничтожен]
  Team B: живых 0/8
    ✗ Артиллерия B1      @ (1,2,3) [уничтожен]
    ✗ Радиовышка B2      @ (7,4,4) [уничтожен]
    ✗ Прыгун B3          @ (7,3,2) [уничтожен]
    ✗ Факел B4           @ (3,2,3) [уничтожен]
    ✗ Тишина B5          @ (7,3,2) [уничтожен]
    ✗ Бурав B6           @ (6,2,5) [уничтожен]
    ✗ Провокатор B7      @ (4,2,3) [уничтожен]
    ✗ Паук B8            @ (7,2,3) [уничтожен]
  Team C: живых 2/8
    ✓ Бурав C6           @ (4,2,3) hp=2/4
    ✓ Паук C8            @ (8,1,1) hp=1/1
    ✗ Артиллерия C1      @ (8,6,1) [уничтожен]
    ✗ Радиовышка C2      @ (7,5,1) [уничтожен]
    ✗ Прыгун C3          @ (7,3,2) [уничтожен]
    ✗ Факел C4           @ (7,7,1) [уничтожен]
    ✗ Тишина C5          @ (7,4,2) [уничтожен]
    ✗ Провокатор C7      @ (8,8,1) [уничтожен]

======================================================================
ИТОГ
======================================================================
Лимит ходов (30) исчерпан. Победа по урону: Team C (23 dmg).
   Урон по командам: Team A=19, Team B=11, Team C=23

--- Сводка по командам ---
  Team A: 3/8 живых; hp=11
  Team B: 0/8 живых; hp=0
  Team C: 2/8 живых; hp=3

--- Сводка по пассивкам радиовышек ---
  Team A: сканирований=18, всего врагов-в-слоях=39, уникальных эксклюзивных (видны только радиовышкой)=1
  Team B: сканирований=13, всего врагов-в-слоях=16, уникальных эксклюзивных (видны только радиовышкой)=3
  Team C: сканирований=10, всего врагов-в-слоях=19, уникальных эксклюзивных (видны только радиовышкой)=1

--- Сводка по попаданиям ---
  Всего событий (шоты+тараны+мины): 25
  Уничтожено кораблей всего: 19
  Team A: урон=19 хиты=5 тараны=5 мины(сработало)=0 убийств=7
  Team B: урон=11 хиты=4 тараны=2 мины(сработало)=0 убийств=4
  Team C: урон=23 хиты=0 тараны=7 мины(сработало)=2 убийств=8
! 🎮 GM: остановка игры
