======================================================================
Space Battle 10×10×10 — simulation run at 2026-04-20T13:44:08+00:00
Game mode: advanced
Seed: 153
✓ 🚀 Продвинутый режим: создаю разные типы кораблей
   Команда A: спавн вдоль оси Y от (1, 4, 0) до (1, 8, 0)
   Команда B: спавн вдоль оси Z от (3, 3, 3) до (3, 3, 9)
   Команда C: спавн вдоль оси Y от (0, 6, 5) до (0, 8, 5)
✓ ✅ Создано 24 кораблей


--- СТАРТОВАЯ РАССТАНОВКА ---
  Team A: живых 8/8
    ✓ Артиллерия A1      @ (1,4,0) hp=1/1
    ✓ Радиовышка A2      @ (1,6,0) hp=3/3
    ✓ Прыгун A3          @ (1,5,0) hp=2/2
    ✓ Факел A4           @ (1,3,0) hp=6/6
    ✓ Тишина A5          @ (1,1,0) hp=2/2
    ✓ Бурав A6           @ (1,9,0) hp=4/4
    ✓ Провокатор A7      @ (1,2,0) hp=2/2
    ✓ Паук A8            @ (1,8,0) hp=1/1
  Team B: живых 8/8
    ✓ Артиллерия B1      @ (3,3,3) hp=1/1
    ✓ Радиовышка B2      @ (3,3,6) hp=3/3
    ✓ Прыгун B3          @ (3,3,1) hp=2/2
    ✓ Факел B4           @ (3,3,5) hp=6/6
    ✓ Тишина B5          @ (3,3,2) hp=2/2
    ✓ Бурав B6           @ (3,3,7) hp=4/4
    ✓ Провокатор B7      @ (3,3,8) hp=2/2
    ✓ Паук B8            @ (3,3,9) hp=1/1
  Team C: живых 8/8
    ✓ Артиллерия C1      @ (0,6,5) hp=1/1
    ✓ Радиовышка C2      @ (0,7,5) hp=3/3
    ✓ Прыгун C3          @ (0,2,5) hp=2/2
    ✓ Факел C4           @ (0,0,5) hp=6/6
    ✓ Тишина C5          @ (0,4,5) hp=2/2
    ✓ Бурав C6           @ (0,1,5) hp=4/4
    ✓ Провокатор C7      @ (0,5,5) hp=2/2
    ✓ Паук C8            @ (0,8,5) hp=1/1

======================================================================
ХОД 1
======================================================================
✓ 🎮 GM: начинаем ход
GM: start_turn

--- Радиовышки: сканирование слоя Z ---
  Радиовышка A2 (z=0): слой чист
  Радиовышка B2 (z=6): слой чист
  Радиовышка C2 (z=5): видит 1 врагов  → Факел B4(3,3,5)

--- Решения ботов ---
  [Team A] Артиллерия A1 (1,4,0) → SHOOT at (3,3,3)
  [Team A] Радиовышка A2 (1,6,0) → MOVE (2,5,1)
  [Team A] Прыгун A3 (1,5,0) → MOVE (3,3,1)
  [Team A] Тишина A5 (1,1,0) → PHASE toggle
  [Team A] Бурав A6 (1,9,0) → MOVE (2,8,1)
  [Team A] Провокатор A7 (1,2,0) → HOLOGRAM (2,3,1)
  [Team A] Паук A8 (1,8,0) → MOVE (2,7,1)
  [Team A] Факел A4 → SKIP
  [Team B] Артиллерия B1 (3,3,3) → SHOOT at (0,6,5)
  [Team B] Радиовышка B2 (3,3,6) → MOVE (2,4,5)
  [Team B] Прыгун B3 (3,3,1) → MOVE (1,4,0)
  [Team B] Тишина B5 (3,3,2) → PHASE toggle
  [Team B] Бурав B6 (3,3,7) → MOVE (2,4,6)
  [Team B] Провокатор B7 (3,3,8) → HOLOGRAM (2,4,7)
  [Team B] Паук B8 (3,3,9) → MINE (2,4,8)
  [Team B] Факел B4 → SKIP
  [Team C] Артиллерия C1 (0,6,5) → SHOOT at (3,3,3)
  [Team C] Радиовышка C2 (0,7,5) → MOVE (1,6,4)
  [Team C] Прыгун C3 (0,2,5) → MOVE (1,3,4)
  [Team C] Тишина C5 (0,4,5) → PHASE toggle
  [Team C] Бурав C6 (0,1,5) → MOVE (1,2,4)
  [Team C] Провокатор C7 (0,5,5) → HOLOGRAM (1,4,4)
  [Team C] Паук C8 (0,8,5) → MOVE (1,7,4)
  [Team C] Факел C4 → SKIP
! 🎮 GM: принудительно завершает фазу планирования
GM: end_planning
# 
============================================================
# 🔄 ОБРАБОТКА ХОДА 1
# ============================================================
   🌀 Тишина A5: уходит в фазу на 1 ход
   🌀 Тишина B5: уходит в фазу на 1 ход
   🌀 Тишина C5: уходит в фазу на 1 ход
   🪞 Провокатор A7 создал голограмму H1 в (2,3,1)
   🪞 Провокатор B7 создал голограмму H2 в (2,4,7)
   🪞 Провокатор C7 создал голограмму H3 в (1,4,4)
   💣 Паук B8 установил мину M1 в (2,4,8)

📦 ПЕРЕМЕЩЕНИЯ:
   Радиовышка A2: (1, 6, 0) → (2,5,1)
✓    💥 Прыгун A3 тараном уничтожил Прыгун B3 в (3,3,1)
   Прыгун A3: (1, 5, 0) → (3,3,1)
!    ⚠️ Бурав A6: Бурав двигается только по 1 оси или по 2 осям строго диагонально
   Паук A8: (1, 8, 0) → (2,7,1)
   Радиовышка B2: (3, 3, 6) → (2,4,5)
!    ⚠️ Бурав B6: Бурав двигается только по 1 оси или по 2 осям строго диагонально
   Радиовышка C2: (0, 7, 5) → (1,6,4)
   Прыгун C3: (0, 2, 5) → (1,3,4)
!    ⚠️ Бурав C6: Бурав двигается только по 1 оси или по 2 осям строго диагонально
   Паук C8: (0, 8, 5) → (1,7,4)

🎯 ВЫСТРЕЛЫ:
✓    ✅ Артиллерия A1 поразил Артиллерия B1 (2 урона)!
✓    ✅ Артиллерия B1 поразил Артиллерия C1 (2 урона)!
   💀 Артиллерия C1 добивает Артиллерия B1
✓    ✅ Артиллерия C1 поразил Артиллерия B1 (2 урона)!
   Выпущено ракет: 3
# 
📊 РЕЗУЛЬТАТЫ ХОДА 1:
✓ 💥 ПОПАДАНИЯ:
✓    Артиллерия A1 (Team A) → Артиллерия B1 (Team B)
✓    Артиллерия B1 (Team B) → Артиллерия C1 (Team C)
✓    Артиллерия C1 (Team C) → Артиллерия B1 (Team B)

--- Результаты хода ---
  Team A / Прыгун A3          → Team B / Прыгун B3          @ (3,3,1)  (УБИТ)
  Team A / Артиллерия A1      → Team B / Артиллерия B1      @ (3,3,3)  (УБИТ)
  Team B / Артиллерия B1      → Team C / Артиллерия C1      @ (0,6,5)  (УБИТ)
  Team C / Артиллерия C1      → Team B / Артиллерия B1      @ (3,3,3)  (ранен)

--- Состояние команд после хода ---
  Team A: живых 8/8
    ✓ Артиллерия A1      @ (1,4,0) hp=1/1
    ✓ Радиовышка A2      @ (2,5,1) hp=3/3
    ✓ Прыгун A3          @ (3,3,1) hp=2/2
    ✓ Факел A4           @ (1,3,0) hp=6/6
    ✓ Тишина A5          @ (1,1,0) hp=2/2
    ✓ Бурав A6           @ (1,9,0) hp=4/4
    ✓ Провокатор A7      @ (1,2,0) hp=2/2
    ✓ Паук A8            @ (2,7,1) hp=1/1
  Team B: живых 6/8
    ✓ Радиовышка B2      @ (2,4,5) hp=3/3
    ✓ Факел B4           @ (3,3,5) hp=6/6
    ✓ Тишина B5          @ (3,3,2) hp=2/2
    ✓ Бурав B6           @ (3,3,7) hp=4/4
    ✓ Провокатор B7      @ (3,3,8) hp=2/2
    ✓ Паук B8            @ (3,3,9) hp=1/1
    ✗ Артиллерия B1      @ (3,3,3) [уничтожен]
    ✗ Прыгун B3          @ (3,3,1) [уничтожен]
  Team C: живых 7/8
    ✓ Радиовышка C2      @ (1,6,4) hp=3/3
    ✓ Прыгун C3          @ (1,3,4) hp=2/2
    ✓ Факел C4           @ (0,0,5) hp=6/6
    ✓ Тишина C5          @ (0,4,5) hp=2/2
    ✓ Бурав C6           @ (0,1,5) hp=4/4
    ✓ Провокатор C7      @ (0,5,5) hp=2/2
    ✓ Паук C8            @ (1,7,4) hp=1/1
    ✗ Артиллерия C1      @ (0,6,5) [уничтожен]

======================================================================
ХОД 2
======================================================================
✓ 🎮 GM: начинаем ход
GM: start_turn

--- Радиовышки: сканирование слоя Z ---
  Радиовышка A2 (z=1): слой чист
  Радиовышка B2 (z=5): видит 3 врагов  → Факел C4(0,0,5), Бурав C6(0,1,5), Провокатор C7(0,5,5)
  Радиовышка C2 (z=4): слой чист

--- Решения ботов ---
  [Team A] Артиллерия A1 (1,4,0) → SHOOT at (1,3,4)
  [Team A] Радиовышка A2 (2,5,1) → MOVE (1,6,2)
  [Team A] Прыгун A3 (3,3,1) → SHOOT at (3,3,5)
  [Team A] Факел A4 (1,3,0) → SHOOT at (1,3,4)
  [Team A] Тишина A5 (1,1,0) → MOVE (1,2,1)
  [Team A] Бурав A6 (1,9,0) → MOVE (1,8,1)
  [Team A] Провокатор A7 (1,2,0) → HOLOGRAM (1,3,1)
  [Team A] Паук A8 (2,7,1) → MINE (2,7,2)
  [Team B] Радиовышка B2 (2,4,5) → MOVE (1,3,4)
  [Team B] Факел B4 (3,3,5) → SHOOT at (3,3,1)
  [Team B] Тишина B5 (3,3,2) → MOVE (3,3,1)
  [Team B] Бурав B6 (3,3,7) → MOVE (2,4,6)
  [Team B] Провокатор B7 (3,3,8) → HOLOGRAM (2,2,7)
  [Team B] Паук B8 (3,3,9) → MINE (2,2,8)
  [Team C] Радиовышка C2 (1,6,4) → MOVE (2,5,5)
  [Team C] Прыгун C3 (1,3,4) → MOVE (3,3,5)
  [Team C] Факел C4 (0,0,5) → MOVE (0,1,4)
  [Team C] Тишина C5 (0,4,5) → MOVE (1,4,5)
  [Team C] Бурав C6 (0,1,5) → MOVE (1,2,5)
  [Team C] Провокатор C7 (0,5,5) → HOLOGRAM (1,5,5)
  [Team C] Паук C8 (1,7,4) → MINE (2,6,3)
! 🎮 GM: принудительно завершает фазу планирования
GM: end_planning
# 
============================================================
# 🔄 ОБРАБОТКА ХОДА 2
# ============================================================
   🌀 Тишина A5: фаза спала (действовала 1 ход)
   🌀 Тишина B5: фаза спала (действовала 1 ход)
   🌀 Тишина C5: фаза спала (действовала 1 ход)
   🪞 Провокатор A7 создал голограмму H4 в (1,3,1)
   🪞 Провокатор B7 создал голограмму H5 в (2,2,7)
   🪞 Провокатор C7 создал голограмму H6 в (1,5,5)
   💣 Паук A8 установил мину M2 в (2,7,2)
   💣 Паук B8 установил мину M3 в (2,2,8)
   💣 Паук C8 установил мину M4 в (2,6,3)

📦 ПЕРЕМЕЩЕНИЯ:
   Радиовышка A2: (2, 5, 1) → (1,6,2)
   Тишина A5: (1, 1, 0) → (1,2,1)
   Бурав A6: (1, 9, 0) → (1,8,1)
!    ⚠️ Радиовышка B2: клетка (1,3,4) занята
!    ⚠️ Тишина B5: клетка (3,3,1) занята
!    ⚠️ Бурав B6: Бурав двигается только по 1 оси или по 2 осям строго диагонально
   Радиовышка C2: (1, 6, 4) → (2,5,5)
✓    💥 Прыгун C3 тараном уничтожил Факел B4 в (3,3,5)
   Прыгун C3: (1, 3, 4) → (3,3,5)
   Факел C4: (0, 0, 5) → (0,1,4)
   Тишина C5: (0, 4, 5) → (1,4,5)
   Бурав C6: (0, 1, 5) → (1,2,5)

🎯 ВЫСТРЕЛЫ:
!    🛡️ Выстрел Факел A4 гасится собственной голограммой в (1, 3, 1)
✓    ✅ Прыгун A3 поразил Тишина B5 (1 урона)!
   Выпущено ракет: 3
# 
📊 РЕЗУЛЬТАТЫ ХОДА 2:
✓ 💥 ПОПАДАНИЯ:
✓    Прыгун A3 (Team A) → Тишина B5 (Team B)

--- Результаты хода ---
  Team C / Прыгун C3          → Team B / Факел B4           @ (3,3,5)  (УБИТ)
  Team A / Прыгун A3          → Team B / Тишина B5          @ (3,3,2)  (ранен)

--- Состояние команд после хода ---
  Team A: живых 8/8
    ✓ Артиллерия A1      @ (1,4,0) hp=1/1
    ✓ Радиовышка A2      @ (1,6,2) hp=3/3
    ✓ Прыгун A3          @ (3,3,1) hp=2/2
    ✓ Факел A4           @ (1,3,0) hp=6/6
    ✓ Тишина A5          @ (1,2,1) hp=2/2
    ✓ Бурав A6           @ (1,8,1) hp=4/4
    ✓ Провокатор A7      @ (1,2,0) hp=2/2
    ✓ Паук A8            @ (2,7,1) hp=1/1
  Team B: живых 5/8
    ✓ Радиовышка B2      @ (2,4,5) hp=3/3
    ✓ Тишина B5          @ (3,3,2) hp=1/2
    ✓ Бурав B6           @ (3,3,7) hp=4/4
    ✓ Провокатор B7      @ (3,3,8) hp=2/2
    ✓ Паук B8            @ (3,3,9) hp=1/1
    ✗ Артиллерия B1      @ (3,3,3) [уничтожен]
    ✗ Прыгун B3          @ (3,3,1) [уничтожен]
    ✗ Факел B4           @ (3,3,5) [уничтожен]
  Team C: живых 7/8
    ✓ Радиовышка C2      @ (2,5,5) hp=3/3
    ✓ Прыгун C3          @ (3,3,5) hp=2/2
    ✓ Факел C4           @ (0,1,4) hp=6/6
    ✓ Тишина C5          @ (1,4,5) hp=2/2
    ✓ Бурав C6           @ (1,2,5) hp=4/4
    ✓ Провокатор C7      @ (0,5,5) hp=2/2
    ✓ Паук C8            @ (1,7,4) hp=1/1
    ✗ Артиллерия C1      @ (0,6,5) [уничтожен]

======================================================================
ХОД 3
======================================================================
✓ 🎮 GM: начинаем ход
GM: start_turn

--- Радиовышки: сканирование слоя Z ---
  Радиовышка A2 (z=2): видит 1 врагов  → Тишина B5(3,3,2)
  Радиовышка B2 (z=5): видит 5 врагов  → Провокатор C7(0,5,5), Бурав C6(1,2,5), Тишина C5(1,4,5), Радиовышка C2(2,5,5), Прыгун C3(3,3,5)
  Радиовышка C2 (z=5): видит 1 врагов  → Радиовышка B2(2,4,5)

--- Решения ботов ---
  [Team A] Артиллерия A1 (1,4,0) → SHOOT at (0,5,5)
  [Team A] Радиовышка A2 (1,6,2) → MOVE (1,7,3)
  [Team A] Прыгун A3 (3,3,1) → MOVE (3,3,2)
  [Team A] Тишина A5 (1,2,1) → MOVE (2,3,2)
  [Team A] Бурав A6 (1,8,1) → MOVE (1,7,2)
  [Team A] Провокатор A7 (1,2,0) → HOLOGRAM (2,3,1)
  [Team A] Паук A8 (2,7,1) → MINE (1,7,1)
  [Team A] Факел A4 → SKIP
  [Team B] Радиовышка B2 (2,4,5) → MOVE (2,5,5)
  [Team B] Тишина B5 (3,3,2) → MOVE (3,3,1)
  [Team B] Бурав B6 (3,3,7) → MOVE (3,3,5)
  [Team B] Провокатор B7 (3,3,8) → HOLOGRAM (2,4,7)
  [Team B] Паук B8 (3,3,9) → MINE (2,4,8)
  [Team C] Радиовышка C2 (2,5,5) → MOVE (2,4,5)
  [Team C] Прыгун C3 (3,3,5) → MOVE (3,3,7)
  [Team C] Факел C4 (0,1,4) → MOVE (1,1,5)
  [Team C] Бурав C6 (1,2,5) → MOVE (2,3,5)
  [Team C] Провокатор C7 (0,5,5) → HOLOGRAM (1,5,5)
  [Team C] Паук C8 (1,7,4) → MINE (1,7,3)
  [Team C] Тишина C5 → SKIP
! 🎮 GM: принудительно завершает фазу планирования
GM: end_planning
# 
============================================================
# 🔄 ОБРАБОТКА ХОДА 3
# ============================================================
!    ⚠️ Провокатор A7: клетка (2,3,1) уже занята голограммой
!    ⚠️ Провокатор B7: клетка (2,4,7) уже занята голограммой
!    ⚠️ Провокатор C7: клетка (1,5,5) уже занята голограммой
   💣 Паук A8 установил мину M5 в (1,7,1)
!    ⚠️ Паук B8: в клетке уже стоит мина
   💣 Паук C8 установил мину M6 в (1,7,3)

📦 ПЕРЕМЕЩЕНИЯ:
   Радиовышка A2: (1, 6, 2) → (1,7,3)
!    💥 Мина M6 сработала под Радиовышка A2 (урон 2)
✓    💥 Прыгун A3 тараном уничтожил Тишина B5 в (3,3,2)
   Прыгун A3: (3, 3, 1) → (3,3,2)
   Тишина A5: (1, 2, 1) → (2,3,2)
   Бурав A6: (1, 8, 1) → (1,7,2)
!    ⚠️ Радиовышка B2: клетка (2,5,5) занята
✓    💥 Бурав B6 тараном уничтожил Прыгун C3 в (3,3,5)
   Бурав B6: (3, 3, 7) → (3,3,5)
!    ⚠️ Радиовышка C2: клетка (2,4,5) занята
   Факел C4: (0, 1, 4) → (1,1,5)
   Бурав C6: (1, 2, 5) → (2,3,5)

🎯 ВЫСТРЕЛЫ:
✓    ✅ Артиллерия A1 поразил Провокатор C7 (2 урона)!
   Выпущено ракет: 1
# 
📊 РЕЗУЛЬТАТЫ ХОДА 3:
✓ 💥 ПОПАДАНИЯ:
✓    Артиллерия A1 (Team A) → Провокатор C7 (Team C)

--- Результаты хода ---
  ? / ?                  → Team A / Радиовышка A2      @ (1,7,3)  (ранен)
  Team A / Прыгун A3          → Team B / Тишина B5          @ (3,3,2)  (УБИТ)
  Team B / Бурав B6           → Team C / Прыгун C3          @ (3,3,5)  (УБИТ)
  Team A / Артиллерия A1      → Team C / Провокатор C7      @ (0,5,5)  (УБИТ)

--- Состояние команд после хода ---
  Team A: живых 8/8
    ✓ Артиллерия A1      @ (1,4,0) hp=1/1
    ✓ Радиовышка A2      @ (1,7,3) hp=1/3
    ✓ Прыгун A3          @ (3,3,2) hp=2/2
    ✓ Факел A4           @ (1,3,0) hp=6/6
    ✓ Тишина A5          @ (2,3,2) hp=2/2
    ✓ Бурав A6           @ (1,7,2) hp=4/4
    ✓ Провокатор A7      @ (1,2,0) hp=2/2
    ✓ Паук A8            @ (2,7,1) hp=1/1
  Team B: живых 4/8
    ✓ Радиовышка B2      @ (2,4,5) hp=3/3
    ✓ Бурав B6           @ (3,3,5) hp=4/4
    ✓ Провокатор B7      @ (3,3,8) hp=2/2
    ✓ Паук B8            @ (3,3,9) hp=1/1
    ✗ Артиллерия B1      @ (3,3,3) [уничтожен]
    ✗ Прыгун B3          @ (3,3,1) [уничтожен]
    ✗ Факел B4           @ (3,3,5) [уничтожен]
    ✗ Тишина B5          @ (3,3,2) [уничтожен]
  Team C: живых 5/8
    ✓ Радиовышка C2      @ (2,5,5) hp=3/3
    ✓ Факел C4           @ (1,1,5) hp=6/6
    ✓ Тишина C5          @ (1,4,5) hp=2/2
    ✓ Бурав C6           @ (2,3,5) hp=4/4
    ✓ Паук C8            @ (1,7,4) hp=1/1
    ✗ Артиллерия C1      @ (0,6,5) [уничтожен]
    ✗ Прыгун C3          @ (3,3,5) [уничтожен]
    ✗ Провокатор C7      @ (0,5,5) [уничтожен]

======================================================================
ХОД 4
======================================================================
✓ 🎮 GM: начинаем ход
GM: start_turn

--- Радиовышки: сканирование слоя Z ---
  Радиовышка A2 (z=3): слой чист
  Радиовышка B2 (z=5): видит 4 врагов  → Факел C4(1,1,5), Тишина C5(1,4,5), Бурав C6(2,3,5), Радиовышка C2(2,5,5)
  Радиовышка C2 (z=5): видит 2 врагов  → Радиовышка B2(2,4,5), Бурав B6(3,3,5)

--- Решения ботов ---
  [Team A] Артиллерия A1 (1,4,0) → SHOOT at (1,7,4)
  [Team A] Радиовышка A2 (1,7,3) → MOVE (1,7,4)
  [Team A] Прыгун A3 (3,3,2) → SHOOT at (3,3,5)
  [Team A] Факел A4 (1,3,0) → MOVE (1,4,1)
  [Team A] Тишина A5 (2,3,2) → MOVE (2,4,3)
  [Team A] Бурав A6 (1,7,2) → MOVE (1,4,5)
  [Team A] Провокатор A7 (1,2,0) → HOLOGRAM (2,3,1)
  [Team A] Паук A8 (2,7,1) → MINE (2,7,2)
  [Team B] Радиовышка B2 (2,4,5) → MOVE (2,5,5)
  [Team B] Бурав B6 (3,3,5) → MOVE (1,1,5)
  [Team B] Провокатор B7 (3,3,8) → HOLOGRAM (2,4,7)
  [Team B] Паук B8 (3,3,9) → MINE (2,4,8)
  [Team C] Радиовышка C2 (2,5,5) → MOVE (2,4,5)
  [Team C] Факел C4 (1,1,5) → MOVE (1,2,5)
  [Team C] Бурав C6 (2,3,5) → MOVE (3,3,5)
  [Team C] Паук C8 (1,7,4) → MINE (1,7,3)
  [Team C] Тишина C5 → SKIP
! 🎮 GM: принудительно завершает фазу планирования
GM: end_planning
# 
============================================================
# 🔄 ОБРАБОТКА ХОДА 4
# ============================================================
!    ⚠️ Провокатор A7: клетка (2,3,1) уже занята голограммой
!    ⚠️ Провокатор B7: клетка (2,4,7) уже занята голограммой
!    ⚠️ Паук A8: в клетке уже стоит мина
!    ⚠️ Паук B8: в клетке уже стоит мина
!    ⚠️ Паук C8: клетка (1,7,3) занята кораблём

📦 ПЕРЕМЕЩЕНИЯ:
!    ⚠️ Радиовышка A2: клетка (1,7,4) занята
   Факел A4: (1, 3, 0) → (1,4,1)
   Тишина A5: (2, 3, 2) → (2,4,3)
✓    💥 Бурав A6 тараном уничтожил Тишина C5 в (1,4,5)
   Бурав A6: (1, 7, 2) → (1,4,5)
!    ⚠️ Радиовышка B2: клетка (2,5,5) занята
✓    💥 Бурав B6 тараном уничтожил Факел C4 в (1,1,5)
   Бурав B6: (3, 3, 5) → (1,1,5)
!    ⚠️ Радиовышка C2: клетка (2,4,5) занята
   Бурав C6: (2, 3, 5) → (3,3,5)

🎯 ВЫСТРЕЛЫ:
✓    ✅ Артиллерия A1 поразил Паук C8 (2 урона)!
✓    ✅ Прыгун A3 поразил Бурав C6 (1 урона)!
   Выпущено ракет: 2
# 
📊 РЕЗУЛЬТАТЫ ХОДА 4:
✓ 💥 ПОПАДАНИЯ:
✓    Артиллерия A1 (Team A) → Паук C8 (Team C)
✓    Прыгун A3 (Team A) → Бурав C6 (Team C)

--- Результаты хода ---
  Team A / Бурав A6           → Team C / Тишина C5          @ (1,4,5)  (УБИТ)
  Team B / Бурав B6           → Team C / Факел C4           @ (1,1,5)  (УБИТ)
  Team A / Артиллерия A1      → Team C / Паук C8            @ (1,7,4)  (УБИТ)
  Team A / Прыгун A3          → Team C / Бурав C6           @ (3,3,5)  (ранен)

--- Состояние команд после хода ---
  Team A: живых 8/8
    ✓ Артиллерия A1      @ (1,4,0) hp=1/1
    ✓ Радиовышка A2      @ (1,7,3) hp=1/3
    ✓ Прыгун A3          @ (3,3,2) hp=2/2
    ✓ Факел A4           @ (1,4,1) hp=6/6
    ✓ Тишина A5          @ (2,4,3) hp=2/2
    ✓ Бурав A6           @ (1,4,5) hp=4/4
    ✓ Провокатор A7      @ (1,2,0) hp=2/2
    ✓ Паук A8            @ (2,7,1) hp=1/1
  Team B: живых 4/8
    ✓ Радиовышка B2      @ (2,4,5) hp=3/3
    ✓ Бурав B6           @ (1,1,5) hp=4/4
    ✓ Провокатор B7      @ (3,3,8) hp=2/2
    ✓ Паук B8            @ (3,3,9) hp=1/1
    ✗ Артиллерия B1      @ (3,3,3) [уничтожен]
    ✗ Прыгун B3          @ (3,3,1) [уничтожен]
    ✗ Факел B4           @ (3,3,5) [уничтожен]
    ✗ Тишина B5          @ (3,3,2) [уничтожен]
  Team C: живых 2/8
    ✓ Радиовышка C2      @ (2,5,5) hp=3/3
    ✓ Бурав C6           @ (3,3,5) hp=3/4
    ✗ Артиллерия C1      @ (0,6,5) [уничтожен]
    ✗ Прыгун C3          @ (3,3,5) [уничтожен]
    ✗ Факел C4           @ (1,1,5) [уничтожен]
    ✗ Тишина C5          @ (1,4,5) [уничтожен]
    ✗ Провокатор C7      @ (0,5,5) [уничтожен]
    ✗ Паук C8            @ (1,7,4) [уничтожен]

======================================================================
ХОД 5
======================================================================
✓ 🎮 GM: начинаем ход
GM: start_turn

--- Радиовышки: сканирование слоя Z ---
  Радиовышка A2 (z=3): слой чист
  Радиовышка B2 (z=5): видит 3 врагов  → Бурав A6(1,4,5), Радиовышка C2(2,5,5), Бурав C6(3,3,5)
  Радиовышка C2 (z=5): видит 3 врагов  → Бурав A6(1,4,5), Бурав B6(1,1,5), Радиовышка B2(2,4,5)

--- Решения ботов ---
  [Team A] Артиллерия A1 (1,4,0) → SHOOT at (3,3,8)
  [Team A] Радиовышка A2 (1,7,3) → MOVE (2,6,4)
  [Team A] Прыгун A3 (3,3,2) → SHOOT at (3,3,5)
  [Team A] Факел A4 (1,4,1) → MOVE (1,5,2)
  [Team A] Тишина A5 (2,4,3) → PHASE toggle
  [Team A] Бурав A6 (1,4,5) → MOVE (1,1,5)
  [Team A] Провокатор A7 (1,2,0) → HOLOGRAM (2,3,1)
  [Team A] Паук A8 (2,7,1) → MINE (2,6,2)
  [Team B] Радиовышка B2 (2,4,5) → MOVE (1,4,5)
  [Team B] Бурав B6 (1,1,5) → MOVE (3,3,5)
  [Team B] Провокатор B7 (3,3,8) → HOLOGRAM (2,4,7)
  [Team B] Паук B8 (3,3,9) → MINE (2,4,8)
  [Team C] Радиовышка C2 (2,5,5) → MOVE (1,4,5)
  [Team C] Бурав C6 (3,3,5) → MOVE (3,3,2)
! 🎮 GM: принудительно завершает фазу планирования
GM: end_planning
# 
============================================================
# 🔄 ОБРАБОТКА ХОДА 5
# ============================================================
   🌀 Тишина A5: уходит в фазу на 1 ход
!    ⚠️ Провокатор A7: клетка (2,3,1) уже занята голограммой
!    ⚠️ Провокатор B7: клетка (2,4,7) уже занята голограммой
   💣 Паук A8 установил мину M7 в (2,6,2)
!    ⚠️ Паук B8: в клетке уже стоит мина

📦 ПЕРЕМЕЩЕНИЯ:
   Радиовышка A2: (1, 7, 3) → (2,6,4)
   Факел A4: (1, 4, 1) → (1,5,2)
✓    💥 Бурав A6 тараном уничтожил Бурав B6 в (1,1,5)
   Бурав A6: (1, 4, 5) → (1,1,5)
   Радиовышка B2: (2, 4, 5) → (1,4,5)
!    ⚠️ Радиовышка C2: клетка (1,4,5) занята
✓    💥 Бурав C6 тараном уничтожил Прыгун A3 в (3,3,2)
   Бурав C6: (3, 3, 5) → (3,3,2)

🎯 ВЫСТРЕЛЫ:
✓    ✅ Артиллерия A1 поразил Провокатор B7 (2 урона)!
   Выпущено ракет: 1
# 
📊 РЕЗУЛЬТАТЫ ХОДА 5:
✓ 💥 ПОПАДАНИЯ:
✓    Артиллерия A1 (Team A) → Провокатор B7 (Team B)

--- Результаты хода ---
  Team A / Бурав A6           → Team B / Бурав B6           @ (1,1,5)  (УБИТ)
  Team C / Бурав C6           → Team A / Прыгун A3          @ (3,3,2)  (УБИТ)
  Team A / Артиллерия A1      → Team B / Провокатор B7      @ (3,3,8)  (УБИТ)

--- Состояние команд после хода ---
  Team A: живых 7/8
    ✓ Артиллерия A1      @ (1,4,0) hp=1/1
    ✓ Радиовышка A2      @ (2,6,4) hp=1/3
    ✓ Факел A4           @ (1,5,2) hp=6/6
    ✓ Тишина A5          @ (2,4,3) hp=2/2
    ✓ Бурав A6           @ (1,1,5) hp=4/4
    ✓ Провокатор A7      @ (1,2,0) hp=2/2
    ✓ Паук A8            @ (2,7,1) hp=1/1
    ✗ Прыгун A3          @ (3,3,2) [уничтожен]
  Team B: живых 2/8
    ✓ Радиовышка B2      @ (1,4,5) hp=3/3
    ✓ Паук B8            @ (3,3,9) hp=1/1
    ✗ Артиллерия B1      @ (3,3,3) [уничтожен]
    ✗ Прыгун B3          @ (3,3,1) [уничтожен]
    ✗ Факел B4           @ (3,3,5) [уничтожен]
    ✗ Тишина B5          @ (3,3,2) [уничтожен]
    ✗ Бурав B6           @ (1,1,5) [уничтожен]
    ✗ Провокатор B7      @ (3,3,8) [уничтожен]
  Team C: живых 2/8
    ✓ Радиовышка C2      @ (2,5,5) hp=3/3
    ✓ Бурав C6           @ (3,3,2) hp=3/4
    ✗ Артиллерия C1      @ (0,6,5) [уничтожен]
    ✗ Прыгун C3          @ (3,3,5) [уничтожен]
    ✗ Факел C4           @ (1,1,5) [уничтожен]
    ✗ Тишина C5          @ (1,4,5) [уничтожен]
    ✗ Провокатор C7      @ (0,5,5) [уничтожен]
    ✗ Паук C8            @ (1,7,4) [уничтожен]

======================================================================
ХОД 6
======================================================================
✓ 🎮 GM: начинаем ход
GM: start_turn

--- Радиовышки: сканирование слоя Z ---
  Радиовышка A2 (z=4): слой чист
  Радиовышка B2 (z=5): видит 2 врагов  → Бурав A6(1,1,5), Радиовышка C2(2,5,5)
  Радиовышка C2 (z=5): видит 2 врагов  → Бурав A6(1,1,5), Радиовышка B2(1,4,5)

--- Решения ботов ---
  [Team A] Артиллерия A1 (1,4,0) → SHOOT at (3,3,9)
  [Team A] Радиовышка A2 (2,6,4) → MOVE (2,5,5)
  [Team A] Факел A4 (1,5,2) → HEAL (AoE)
  [Team A] Тишина A5 (2,4,3) → MOVE (3,3,2)
  [Team A] Бурав A6 (1,1,5) → MOVE (1,4,5)
  [Team A] Провокатор A7 (1,2,0) → HOLOGRAM (2,3,1)
  [Team A] Паук A8 (2,7,1) → MINE (1,6,2)
  [Team B] Радиовышка B2 (1,4,5) → MOVE (2,5,5)
  [Team B] Паук B8 (3,3,9) → MINE (2,2,8)
  [Team C] Радиовышка C2 (2,5,5) → MOVE (2,6,4)
  [Team C] Бурав C6 (3,3,2) → MOVE (1,5,2)
! 🎮 GM: принудительно завершает фазу планирования
GM: end_planning
# 
============================================================
# 🔄 ОБРАБОТКА ХОДА 6
# ============================================================
   🌀 Тишина A5: фаза спала (действовала 1 ход)
!    ⚠️ Провокатор A7: клетка (2,3,1) уже занята голограммой
   💣 Паук A8 установил мину M8 в (1,6,2)
!    ⚠️ Паук B8: в клетке уже стоит мина

📦 ПЕРЕМЕЩЕНИЯ:
!    ⚠️ Радиовышка A2: клетка (2,5,5) занята
!    ⚠️ Тишина A5: клетка (3,3,2) занята
✓    💥 Бурав A6 тараном уничтожил Радиовышка B2 в (1,4,5)
   Бурав A6: (1, 1, 5) → (1,4,5)
!    ⚠️ Радиовышка C2: клетка (2,6,4) занята
✓    💥 Бурав C6 тараном уничтожил Факел A4 в (1,5,2)
   Бурав C6: (3, 3, 2) → (1,5,2)

🎯 ВЫСТРЕЛЫ:
✓    ✅ Артиллерия A1 поразил Паук B8 (2 урона)!
   Выпущено ракет: 1
# 
📊 РЕЗУЛЬТАТЫ ХОДА 6:
✓ 💥 ПОПАДАНИЯ:
✓    Артиллерия A1 (Team A) → Паук B8 (Team B)

--- Результаты хода ---
  Team A / Бурав A6           → Team B / Радиовышка B2      @ (1,4,5)  (УБИТ)
  Team C / Бурав C6           → Team A / Факел A4           @ (1,5,2)  (УБИТ)
  Team A / Артиллерия A1      → Team B / Паук B8            @ (3,3,9)  (УБИТ)

--- Состояние команд после хода ---
  Team A: живых 6/8
    ✓ Артиллерия A1      @ (1,4,0) hp=1/1
    ✓ Радиовышка A2      @ (2,6,4) hp=1/3
    ✓ Тишина A5          @ (2,4,3) hp=2/2
    ✓ Бурав A6           @ (1,4,5) hp=4/4
    ✓ Провокатор A7      @ (1,2,0) hp=2/2
    ✓ Паук A8            @ (2,7,1) hp=1/1
    ✗ Прыгун A3          @ (3,3,2) [уничтожен]
    ✗ Факел A4           @ (1,5,2) [уничтожен]
  Team B: живых 0/8
    ✗ Артиллерия B1      @ (3,3,3) [уничтожен]
    ✗ Радиовышка B2      @ (1,4,5) [уничтожен]
    ✗ Прыгун B3          @ (3,3,1) [уничтожен]
    ✗ Факел B4           @ (3,3,5) [уничтожен]
    ✗ Тишина B5          @ (3,3,2) [уничтожен]
    ✗ Бурав B6           @ (1,1,5) [уничтожен]
    ✗ Провокатор B7      @ (3,3,8) [уничтожен]
    ✗ Паук B8            @ (3,3,9) [уничтожен]
  Team C: живых 2/8
    ✓ Радиовышка C2      @ (2,5,5) hp=3/3
    ✓ Бурав C6           @ (1,5,2) hp=3/4
    ✗ Артиллерия C1      @ (0,6,5) [уничтожен]
    ✗ Прыгун C3          @ (3,3,5) [уничтожен]
    ✗ Факел C4           @ (1,1,5) [уничтожен]
    ✗ Тишина C5          @ (1,4,5) [уничтожен]
    ✗ Провокатор C7      @ (0,5,5) [уничтожен]
    ✗ Паук C8            @ (1,7,4) [уничтожен]

======================================================================
ХОД 7
======================================================================
✓ 🎮 GM: начинаем ход
GM: start_turn

--- Радиовышки: сканирование слоя Z ---
  Радиовышка A2 (z=4): слой чист
  Радиовышка C2 (z=5): видит 1 врагов  → Бурав A6(1,4,5)

--- Решения ботов ---
  [Team A] Артиллерия A1 (1,4,0) → SHOOT at (1,5,2)
  [Team A] Радиовышка A2 (2,6,4) → MOVE (2,5,5)
  [Team A] Тишина A5 (2,4,3) → MOVE (1,5,2)
  [Team A] Бурав A6 (1,4,5) → MOVE (1,5,5)
  [Team A] Провокатор A7 (1,2,0) → HOLOGRAM (1,3,1)
  [Team A] Паук A8 (2,7,1) → MINE (1,6,2)
  [Team B] все корабли пропускают ход
  [Team C] Радиовышка C2 (2,5,5) → MOVE (2,6,4)
  [Team C] Бурав C6 (1,5,2) → MOVE (2,4,3)
! 🎮 GM: принудительно завершает фазу планирования
GM: end_planning
# 
============================================================
# 🔄 ОБРАБОТКА ХОДА 7
# ============================================================
!    ⚠️ Провокатор A7: клетка (1,3,1) уже занята голограммой
!    ⚠️ Паук A8: в клетке уже стоит мина

📦 ПЕРЕМЕЩЕНИЯ:
!    ⚠️ Радиовышка A2: клетка (2,5,5) занята
!    ⚠️ Тишина A5: клетка (1,5,2) занята
✓    💥 Бурав A6 тараном сбросил голограмму H6
   Бурав A6: (1, 4, 5) → (1,5,5)
!    ⚠️ Радиовышка C2: клетка (2,6,4) занята
!    ⚠️ Бурав C6: Бурав двигается только по 1 оси или по 2 осям строго диагонально

🎯 ВЫСТРЕЛЫ:
✓    ✅ Артиллерия A1 поразил Бурав C6 (2 урона)!
   Выпущено ракет: 1
# 
📊 РЕЗУЛЬТАТЫ ХОДА 7:
✓ 💥 ПОПАДАНИЯ:
✓    Артиллерия A1 (Team A) → Бурав C6 (Team C)

--- Результаты хода ---
  Team A / Артиллерия A1      → Team C / Бурав C6           @ (1,5,2)  (ранен)

--- Состояние команд после хода ---
  Team A: живых 6/8
    ✓ Артиллерия A1      @ (1,4,0) hp=1/1
    ✓ Радиовышка A2      @ (2,6,4) hp=1/3
    ✓ Тишина A5          @ (2,4,3) hp=2/2
    ✓ Бурав A6           @ (1,5,5) hp=4/4
    ✓ Провокатор A7      @ (1,2,0) hp=2/2
    ✓ Паук A8            @ (2,7,1) hp=1/1
    ✗ Прыгун A3          @ (3,3,2) [уничтожен]
    ✗ Факел A4           @ (1,5,2) [уничтожен]
  Team B: живых 0/8
    ✗ Артиллерия B1      @ (3,3,3) [уничтожен]
    ✗ Радиовышка B2      @ (1,4,5) [уничтожен]
    ✗ Прыгун B3          @ (3,3,1) [уничтожен]
    ✗ Факел B4           @ (3,3,5) [уничтожен]
    ✗ Тишина B5          @ (3,3,2) [уничтожен]
    ✗ Бурав B6           @ (1,1,5) [уничтожен]
    ✗ Провокатор B7      @ (3,3,8) [уничтожен]
    ✗ Паук B8            @ (3,3,9) [уничтожен]
  Team C: живых 2/8
    ✓ Радиовышка C2      @ (2,5,5) hp=3/3
    ✓ Бурав C6           @ (1,5,2) hp=1/4
    ✗ Артиллерия C1      @ (0,6,5) [уничтожен]
    ✗ Прыгун C3          @ (3,3,5) [уничтожен]
    ✗ Факел C4           @ (1,1,5) [уничтожен]
    ✗ Тишина C5          @ (1,4,5) [уничтожен]
    ✗ Провокатор C7      @ (0,5,5) [уничтожен]
    ✗ Паук C8            @ (1,7,4) [уничтожен]

======================================================================
ХОД 8
======================================================================
✓ 🎮 GM: начинаем ход
GM: start_turn

--- Радиовышки: сканирование слоя Z ---
  Радиовышка A2 (z=4): слой чист
  Радиовышка C2 (z=5): видит 1 врагов  → Бурав A6(1,5,5)

--- Решения ботов ---
  [Team A] Артиллерия A1 (1,4,0) → SHOOT at (1,5,2)
  [Team A] Радиовышка A2 (2,6,4) → MOVE (2,5,5)
  [Team A] Тишина A5 (2,4,3) → MOVE (1,5,2)
  [Team A] Провокатор A7 (1,2,0) → HOLOGRAM (1,3,1)
  [Team A] Паук A8 (2,7,1) → MINE (1,6,2)
  [Team A] Бурав A6 → SKIP
  [Team B] все корабли пропускают ход
  [Team C] Радиовышка C2 (2,5,5) → MOVE (2,6,4)
  [Team C] Бурав C6 (1,5,2) → MOVE (1,5,5)
! 🎮 GM: принудительно завершает фазу планирования
GM: end_planning
# 
============================================================
# 🔄 ОБРАБОТКА ХОДА 8
# ============================================================
!    ⚠️ Провокатор A7: клетка (1,3,1) уже занята голограммой
!    ⚠️ Паук A8: в клетке уже стоит мина

📦 ПЕРЕМЕЩЕНИЯ:
!    ⚠️ Радиовышка A2: клетка (2,5,5) занята
!    ⚠️ Тишина A5: клетка (1,5,2) занята
!    ⚠️ Радиовышка C2: клетка (2,6,4) занята
✓    💥 Бурав C6 тараном уничтожил Бурав A6 в (1,5,5)
   Бурав C6: (1, 5, 2) → (1,5,5)

🎯 ВЫСТРЕЛЫ:
   Выпущено ракет: 1
# 
📊 РЕЗУЛЬТАТЫ ХОДА 8:
🎯 Попаданий нет

--- Результаты хода ---
  Team C / Бурав C6           → Team A / Бурав A6           @ (1,5,5)  (УБИТ)

--- Состояние команд после хода ---
  Team A: живых 5/8
    ✓ Артиллерия A1      @ (1,4,0) hp=1/1
    ✓ Радиовышка A2      @ (2,6,4) hp=1/3
    ✓ Тишина A5          @ (2,4,3) hp=2/2
    ✓ Провокатор A7      @ (1,2,0) hp=2/2
    ✓ Паук A8            @ (2,7,1) hp=1/1
    ✗ Прыгун A3          @ (3,3,2) [уничтожен]
    ✗ Факел A4           @ (1,5,2) [уничтожен]
    ✗ Бурав A6           @ (1,5,5) [уничтожен]
  Team B: живых 0/8
    ✗ Артиллерия B1      @ (3,3,3) [уничтожен]
    ✗ Радиовышка B2      @ (1,4,5) [уничтожен]
    ✗ Прыгун B3          @ (3,3,1) [уничтожен]
    ✗ Факел B4           @ (3,3,5) [уничтожен]
    ✗ Тишина B5          @ (3,3,2) [уничтожен]
    ✗ Бурав B6           @ (1,1,5) [уничтожен]
    ✗ Провокатор B7      @ (3,3,8) [уничтожен]
    ✗ Паук B8            @ (3,3,9) [уничтожен]
  Team C: живых 2/8
    ✓ Радиовышка C2      @ (2,5,5) hp=3/3
    ✓ Бурав C6           @ (1,5,5) hp=1/4
    ✗ Артиллерия C1      @ (0,6,5) [уничтожен]
    ✗ Прыгун C3          @ (3,3,5) [уничтожен]
    ✗ Факел C4           @ (1,1,5) [уничтожен]
    ✗ Тишина C5          @ (1,4,5) [уничтожен]
    ✗ Провокатор C7      @ (0,5,5) [уничтожен]
    ✗ Паук C8            @ (1,7,4) [уничтожен]

======================================================================
ХОД 9
======================================================================
✓ 🎮 GM: начинаем ход
GM: start_turn

--- Радиовышки: сканирование слоя Z ---
  Радиовышка A2 (z=4): слой чист
  Радиовышка C2 (z=5): слой чист

--- Решения ботов ---
  [Team A] Артиллерия A1 (1,4,0) → SHOOT at (1,5,5)
  [Team A] Радиовышка A2 (2,6,4) → MOVE (2,5,5)
  [Team A] Тишина A5 (2,4,3) → MOVE (2,5,4)
  [Team A] Провокатор A7 (1,2,0) → HOLOGRAM (2,3,1)
  [Team A] Паук A8 (2,7,1) → MINE (2,6,2)
  [Team B] все корабли пропускают ход
  [Team C] Радиовышка C2 (2,5,5) → MOVE (2,6,4)
  [Team C] Бурав C6 (1,5,5) → MOVE (1,6,4)
! 🎮 GM: принудительно завершает фазу планирования
GM: end_planning
# 
============================================================
# 🔄 ОБРАБОТКА ХОДА 9
# ============================================================
!    ⚠️ Провокатор A7: клетка (2,3,1) уже занята голограммой
!    ⚠️ Паук A8: в клетке уже стоит мина

📦 ПЕРЕМЕЩЕНИЯ:
!    ⚠️ Радиовышка A2: клетка (2,5,5) занята
   Тишина A5: (2, 4, 3) → (2,5,4)
!    ⚠️ Радиовышка C2: клетка (2,6,4) занята
   Бурав C6: (1, 5, 5) → (1,6,4)

🎯 ВЫСТРЕЛЫ:
   Выпущено ракет: 1
# 
📊 РЕЗУЛЬТАТЫ ХОДА 9:
🎯 Попаданий нет

--- Результаты хода ---
  Попаданий нет

--- Состояние команд после хода ---
  Team A: живых 5/8
    ✓ Артиллерия A1      @ (1,4,0) hp=1/1
    ✓ Радиовышка A2      @ (2,6,4) hp=1/3
    ✓ Тишина A5          @ (2,5,4) hp=2/2
    ✓ Провокатор A7      @ (1,2,0) hp=2/2
    ✓ Паук A8            @ (2,7,1) hp=1/1
    ✗ Прыгун A3          @ (3,3,2) [уничтожен]
    ✗ Факел A4           @ (1,5,2) [уничтожен]
    ✗ Бурав A6           @ (1,5,5) [уничтожен]
  Team B: живых 0/8
    ✗ Артиллерия B1      @ (3,3,3) [уничтожен]
    ✗ Радиовышка B2      @ (1,4,5) [уничтожен]
    ✗ Прыгун B3          @ (3,3,1) [уничтожен]
    ✗ Факел B4           @ (3,3,5) [уничтожен]
    ✗ Тишина B5          @ (3,3,2) [уничтожен]
    ✗ Бурав B6           @ (1,1,5) [уничтожен]
    ✗ Провокатор B7      @ (3,3,8) [уничтожен]
    ✗ Паук B8            @ (3,3,9) [уничтожен]
  Team C: живых 2/8
    ✓ Радиовышка C2      @ (2,5,5) hp=3/3
    ✓ Бурав C6           @ (1,6,4) hp=1/4
    ✗ Артиллерия C1      @ (0,6,5) [уничтожен]
    ✗ Прыгун C3          @ (3,3,5) [уничтожен]
    ✗ Факел C4           @ (1,1,5) [уничтожен]
    ✗ Тишина C5          @ (1,4,5) [уничтожен]
    ✗ Провокатор C7      @ (0,5,5) [уничтожен]
    ✗ Паук C8            @ (1,7,4) [уничтожен]

======================================================================
ХОД 10
======================================================================
✓ 🎮 GM: начинаем ход
GM: start_turn

--- Радиовышки: сканирование слоя Z ---
  Радиовышка A2 (z=4): видит 1 врагов  → Бурав C6(1,6,4)
  Радиовышка C2 (z=5): слой чист

--- Решения ботов ---
  [Team A] Артиллерия A1 (1,4,0) → SHOOT at (1,6,4)
  [Team A] Радиовышка A2 (2,6,4) → MOVE (2,5,5)
  [Team A] Провокатор A7 (1,2,0) → HOLOGRAM (1,3,1)
  [Team A] Паук A8 (2,7,1) → MINE (1,6,2)
  [Team A] Тишина A5 → SKIP
  [Team B] все корабли пропускают ход
  [Team C] Радиовышка C2 (2,5,5) → MOVE (2,6,4)
  [Team C] Бурав C6 (1,6,4) → MOVE (2,5,4)
! 🎮 GM: принудительно завершает фазу планирования
GM: end_planning
# 
============================================================
# 🔄 ОБРАБОТКА ХОДА 10
# ============================================================
!    ⚠️ Провокатор A7: клетка (1,3,1) уже занята голограммой
!    ⚠️ Паук A8: в клетке уже стоит мина

📦 ПЕРЕМЕЩЕНИЯ:
!    ⚠️ Радиовышка A2: клетка (2,5,5) занята
!    ⚠️ Радиовышка C2: клетка (2,6,4) занята
✓    💥 Бурав C6 тараном уничтожил Тишина A5 в (2,5,4)
   Бурав C6: (1, 6, 4) → (2,5,4)

🎯 ВЫСТРЕЛЫ:
   Выпущено ракет: 1
# 
📊 РЕЗУЛЬТАТЫ ХОДА 10:
🎯 Попаданий нет

--- Результаты хода ---
  Team C / Бурав C6           → Team A / Тишина A5          @ (2,5,4)  (УБИТ)

--- Состояние команд после хода ---
  Team A: живых 4/8
    ✓ Артиллерия A1      @ (1,4,0) hp=1/1
    ✓ Радиовышка A2      @ (2,6,4) hp=1/3
    ✓ Провокатор A7      @ (1,2,0) hp=2/2
    ✓ Паук A8            @ (2,7,1) hp=1/1
    ✗ Прыгун A3          @ (3,3,2) [уничтожен]
    ✗ Факел A4           @ (1,5,2) [уничтожен]
    ✗ Тишина A5          @ (2,5,4) [уничтожен]
    ✗ Бурав A6           @ (1,5,5) [уничтожен]
  Team B: живых 0/8
    ✗ Артиллерия B1      @ (3,3,3) [уничтожен]
    ✗ Радиовышка B2      @ (1,4,5) [уничтожен]
    ✗ Прыгун B3          @ (3,3,1) [уничтожен]
    ✗ Факел B4           @ (3,3,5) [уничтожен]
    ✗ Тишина B5          @ (3,3,2) [уничтожен]
    ✗ Бурав B6           @ (1,1,5) [уничтожен]
    ✗ Провокатор B7      @ (3,3,8) [уничтожен]
    ✗ Паук B8            @ (3,3,9) [уничтожен]
  Team C: живых 2/8
    ✓ Радиовышка C2      @ (2,5,5) hp=3/3
    ✓ Бурав C6           @ (2,5,4) hp=1/4
    ✗ Артиллерия C1      @ (0,6,5) [уничтожен]
    ✗ Прыгун C3          @ (3,3,5) [уничтожен]
    ✗ Факел C4           @ (1,1,5) [уничтожен]
    ✗ Тишина C5          @ (1,4,5) [уничтожен]
    ✗ Провокатор C7      @ (0,5,5) [уничтожен]
    ✗ Паук C8            @ (1,7,4) [уничтожен]

======================================================================
ХОД 11
======================================================================
✓ 🎮 GM: начинаем ход
GM: start_turn

--- Радиовышки: сканирование слоя Z ---
  Радиовышка A2 (z=4): видит 1 врагов  → Бурав C6(2,5,4)
  Радиовышка C2 (z=5): слой чист

--- Решения ботов ---
  [Team A] Артиллерия A1 (1,4,0) → SHOOT at (2,5,4)
  [Team A] Радиовышка A2 (2,6,4) → MOVE (2,5,5)
  [Team A] Провокатор A7 (1,2,0) → HOLOGRAM (2,3,1)
  [Team A] Паук A8 (2,7,1) → MINE (2,6,2)
  [Team B] все корабли пропускают ход
  [Team C] Радиовышка C2 (2,5,5) → MOVE (2,6,4)
  [Team C] Бурав C6 → SKIP
! 🎮 GM: принудительно завершает фазу планирования
GM: end_planning
# 
============================================================
# 🔄 ОБРАБОТКА ХОДА 11
# ============================================================
!    ⚠️ Провокатор A7: клетка (2,3,1) уже занята голограммой
!    ⚠️ Паук A8: в клетке уже стоит мина

📦 ПЕРЕМЕЩЕНИЯ:
!    ⚠️ Радиовышка A2: клетка (2,5,5) занята
!    ⚠️ Радиовышка C2: клетка (2,6,4) занята

🎯 ВЫСТРЕЛЫ:
✓    ✅ Артиллерия A1 поразил Бурав C6 (2 урона)!
   Выпущено ракет: 1
# 
📊 РЕЗУЛЬТАТЫ ХОДА 11:
✓ 💥 ПОПАДАНИЯ:
✓    Артиллерия A1 (Team A) → Бурав C6 (Team C)

--- Результаты хода ---
  Team A / Артиллерия A1      → Team C / Бурав C6           @ (2,5,4)  (УБИТ)

--- Состояние команд после хода ---
  Team A: живых 4/8
    ✓ Артиллерия A1      @ (1,4,0) hp=1/1
    ✓ Радиовышка A2      @ (2,6,4) hp=1/3
    ✓ Провокатор A7      @ (1,2,0) hp=2/2
    ✓ Паук A8            @ (2,7,1) hp=1/1
    ✗ Прыгун A3          @ (3,3,2) [уничтожен]
    ✗ Факел A4           @ (1,5,2) [уничтожен]
    ✗ Тишина A5          @ (2,5,4) [уничтожен]
    ✗ Бурав A6           @ (1,5,5) [уничтожен]
  Team B: живых 0/8
    ✗ Артиллерия B1      @ (3,3,3) [уничтожен]
    ✗ Радиовышка B2      @ (1,4,5) [уничтожен]
    ✗ Прыгун B3          @ (3,3,1) [уничтожен]
    ✗ Факел B4           @ (3,3,5) [уничтожен]
    ✗ Тишина B5          @ (3,3,2) [уничтожен]
    ✗ Бурав B6           @ (1,1,5) [уничтожен]
    ✗ Провокатор B7      @ (3,3,8) [уничтожен]
    ✗ Паук B8            @ (3,3,9) [уничтожен]
  Team C: живых 1/8
    ✓ Радиовышка C2      @ (2,5,5) hp=3/3
    ✗ Артиллерия C1      @ (0,6,5) [уничтожен]
    ✗ Прыгун C3          @ (3,3,5) [уничтожен]
    ✗ Факел C4           @ (1,1,5) [уничтожен]
    ✗ Тишина C5          @ (1,4,5) [уничтожен]
    ✗ Бурав C6           @ (2,5,4) [уничтожен]
    ✗ Провокатор C7      @ (0,5,5) [уничтожен]
    ✗ Паук C8            @ (1,7,4) [уничтожен]

======================================================================
ХОД 12
======================================================================
✓ 🎮 GM: начинаем ход
GM: start_turn

--- Радиовышки: сканирование слоя Z ---
  Радиовышка A2 (z=4): слой чист
  Радиовышка C2 (z=5): слой чист

--- Решения ботов ---
  [Team A] Артиллерия A1 (1,4,0) → SHOOT at (2,5,5)
  [Team A] Радиовышка A2 (2,6,4) → MOVE (2,5,5)
  [Team A] Провокатор A7 (1,2,0) → HOLOGRAM (2,3,1)
  [Team A] Паук A8 (2,7,1) → MINE (2,6,2)
  [Team B] все корабли пропускают ход
  [Team C] Радиовышка C2 (2,5,5) → MOVE (2,6,4)
! 🎮 GM: принудительно завершает фазу планирования
GM: end_planning
# 
============================================================
# 🔄 ОБРАБОТКА ХОДА 12
# ============================================================
!    ⚠️ Провокатор A7: клетка (2,3,1) уже занята голограммой
!    ⚠️ Паук A8: в клетке уже стоит мина

📦 ПЕРЕМЕЩЕНИЯ:
!    ⚠️ Радиовышка A2: клетка (2,5,5) занята
!    ⚠️ Радиовышка C2: клетка (2,6,4) занята

🎯 ВЫСТРЕЛЫ:
✓    ✅ Артиллерия A1 поразил Радиовышка C2 (2 урона)!
   Выпущено ракет: 1
# 
📊 РЕЗУЛЬТАТЫ ХОДА 12:
✓ 💥 ПОПАДАНИЯ:
✓    Артиллерия A1 (Team A) → Радиовышка C2 (Team C)

--- Результаты хода ---
  Team A / Артиллерия A1      → Team C / Радиовышка C2      @ (2,5,5)  (ранен)

--- Состояние команд после хода ---
  Team A: живых 4/8
    ✓ Артиллерия A1      @ (1,4,0) hp=1/1
    ✓ Радиовышка A2      @ (2,6,4) hp=1/3
    ✓ Провокатор A7      @ (1,2,0) hp=2/2
    ✓ Паук A8            @ (2,7,1) hp=1/1
    ✗ Прыгун A3          @ (3,3,2) [уничтожен]
    ✗ Факел A4           @ (1,5,2) [уничтожен]
    ✗ Тишина A5          @ (2,5,4) [уничтожен]
    ✗ Бурав A6           @ (1,5,5) [уничтожен]
  Team B: живых 0/8
    ✗ Артиллерия B1      @ (3,3,3) [уничтожен]
    ✗ Радиовышка B2      @ (1,4,5) [уничтожен]
    ✗ Прыгун B3          @ (3,3,1) [уничтожен]
    ✗ Факел B4           @ (3,3,5) [уничтожен]
    ✗ Тишина B5          @ (3,3,2) [уничтожен]
    ✗ Бурав B6           @ (1,1,5) [уничтожен]
    ✗ Провокатор B7      @ (3,3,8) [уничтожен]
    ✗ Паук B8            @ (3,3,9) [уничтожен]
  Team C: живых 1/8
    ✓ Радиовышка C2      @ (2,5,5) hp=1/3
    ✗ Артиллерия C1      @ (0,6,5) [уничтожен]
    ✗ Прыгун C3          @ (3,3,5) [уничтожен]
    ✗ Факел C4           @ (1,1,5) [уничтожен]
    ✗ Тишина C5          @ (1,4,5) [уничтожен]
    ✗ Бурав C6           @ (2,5,4) [уничтожен]
    ✗ Провокатор C7      @ (0,5,5) [уничтожен]
    ✗ Паук C8            @ (1,7,4) [уничтожен]

======================================================================
ХОД 13
======================================================================
✓ 🎮 GM: начинаем ход
GM: start_turn

--- Радиовышки: сканирование слоя Z ---
  Радиовышка A2 (z=4): слой чист
  Радиовышка C2 (z=5): слой чист

--- Решения ботов ---
  [Team A] Артиллерия A1 (1,4,0) → SHOOT at (2,5,5)
  [Team A] Радиовышка A2 (2,6,4) → MOVE (2,5,5)
  [Team A] Провокатор A7 (1,2,0) → HOLOGRAM (2,3,1)
  [Team A] Паук A8 (2,7,1) → MINE (2,6,2)
  [Team B] все корабли пропускают ход
  [Team C] Радиовышка C2 (2,5,5) → MOVE (2,6,4)
! 🎮 GM: принудительно завершает фазу планирования
GM: end_planning
# 
============================================================
# 🔄 ОБРАБОТКА ХОДА 13
# ============================================================
!    ⚠️ Провокатор A7: клетка (2,3,1) уже занята голограммой
!    ⚠️ Паук A8: в клетке уже стоит мина

📦 ПЕРЕМЕЩЕНИЯ:
!    ⚠️ Радиовышка A2: клетка (2,5,5) занята
!    ⚠️ Радиовышка C2: клетка (2,6,4) занята

🎯 ВЫСТРЕЛЫ:
✓    ✅ Артиллерия A1 поразил Радиовышка C2 (2 урона)!
   Выпущено ракет: 1
# 
📊 РЕЗУЛЬТАТЫ ХОДА 13:
✓ 💥 ПОПАДАНИЯ:
✓    Артиллерия A1 (Team A) → Радиовышка C2 (Team C)
# 
🎮🎮🎮🎮🎮🎮🎮🎮🎮🎮🎮🎮🎮🎮🎮🎮🎮🎮🎮🎮
#         ИГРА ОКОНЧЕНА!
# 🎮🎮🎮🎮🎮🎮🎮🎮🎮🎮🎮🎮🎮🎮🎮🎮🎮🎮🎮🎮
✓         🏆 ПОБЕДИТЕЛЬ: Team A

--- Результаты хода ---
  Team A / Артиллерия A1      → Team C / Радиовышка C2      @ (2,5,5)  (УБИТ)

--- Состояние команд после хода ---
  Team A: живых 4/8
    ✓ Артиллерия A1      @ (1,4,0) hp=1/1
    ✓ Радиовышка A2      @ (2,6,4) hp=1/3
    ✓ Провокатор A7      @ (1,2,0) hp=2/2
    ✓ Паук A8            @ (2,7,1) hp=1/1
    ✗ Прыгун A3          @ (3,3,2) [уничтожен]
    ✗ Факел A4           @ (1,5,2) [уничтожен]
    ✗ Тишина A5          @ (2,5,4) [уничтожен]
    ✗ Бурав A6           @ (1,5,5) [уничтожен]
  Team B: живых 0/8
    ✗ Артиллерия B1      @ (3,3,3) [уничтожен]
    ✗ Радиовышка B2      @ (1,4,5) [уничтожен]
    ✗ Прыгун B3          @ (3,3,1) [уничтожен]
    ✗ Факел B4           @ (3,3,5) [уничтожен]
    ✗ Тишина B5          @ (3,3,2) [уничтожен]
    ✗ Бурав B6           @ (1,1,5) [уничтожен]
    ✗ Провокатор B7      @ (3,3,8) [уничтожен]
    ✗ Паук B8            @ (3,3,9) [уничтожен]
  Team C: живых 0/8
    ✗ Артиллерия C1      @ (0,6,5) [уничтожен]
    ✗ Радиовышка C2      @ (2,5,5) [уничтожен]
    ✗ Прыгун C3          @ (3,3,5) [уничтожен]
    ✗ Факел C4           @ (1,1,5) [уничтожен]
    ✗ Тишина C5          @ (1,4,5) [уничтожен]
    ✗ Бурав C6           @ (2,5,4) [уничтожен]
    ✗ Провокатор C7      @ (0,5,5) [уничтожен]
    ✗ Паук C8            @ (1,7,4) [уничтожен]

======================================================================
ИТОГ
======================================================================
Игра окончена. Победитель: Team A
Ходов сыграно: 13

--- Сводка по командам ---
  Team A: 4/8 живых; hp=5
  Team B: 0/8 живых; hp=0
  Team C: 0/8 живых; hp=0

--- Сводка по пассивкам радиовышек ---
  Team A: сканирований=13, всего врагов-в-слоях=3, уникальных эксклюзивных (видны только радиовышкой)=0
  Team B: сканирований=6, всего врагов-в-слоях=17, уникальных эксклюзивных (видны только радиовышкой)=0
  Team C: сканирований=13, всего врагов-в-слоях=11, уникальных эксклюзивных (видны только радиовышкой)=0

--- Сводка по попаданиям ---
  Всего событий (шоты+тараны+мины): 26
  Уничтожено кораблей всего: 20
  Team A: урон=33 хиты=11 тараны=5 мины(сработало)=0 убийств=12
  Team B: урон=10 хиты=1 тараны=2 мины(сработало)=0 убийств=3
  Team C: урон=24 хиты=1 тараны=5 мины(сработало)=1 убийств=5
! 🎮 GM: остановка игры
